[<b>03/07/2017 03:00:58 pm</b>] John DOE (admin) de INASSA  s'est connecté   
[<b>03/07/2017 03:00:58 pm</b>] John DOE (admin) de INASSA est allé dans ACCUEIL 
[<b>03/07/2017 03:01:59 pm</b>] John DOE (admin) de INASSA  s'est connecté   
[<b>03/07/2017 03:02:00 pm</b>] John DOE (admin) de INASSA est allé dans ACCUEIL 
[<b>03/07/2017 03:02:07 pm</b>] John DOE (admin) de INASSA  est allé dana HISTORIQUE 
[<b>03/07/2017 03:02:09 pm</b>] John DOE (admin) de INASSA est allé dans ACCUEIL 
[<b>03/07/2017 03:02:12 pm</b>] John DOE (admin) de INASSA  est allé dans PARAMETRES  
[<b>03/07/2017 03:02:16 pm</b>] John DOE (admin) de INASSA  est allé dana HISTORIQUE 
[<b>03/07/2017 03:16:21 pm</b>] John DOE (admin) de INASSA  est allé dans PARAMETRES  
[<b>03/07/2017 03:16:31 pm</b>] John DOE (admin) de INASSA  est allé dana HISTORIQUE 
[<b>03/07/2017 03:16:44 pm</b>] John DOE (admin) de INASSA  est allé dans HISTORIQUE 
[<b>03/07/2017 03:16:57 pm</b>] John DOE a effacé les logs.[<b>03/07/2017 03:17:21 pm</b>] John DOE (admin) de INASSA est allé dans ACCUEIL 
[<b>03/07/2017 03:17:26 pm</b>] John DOE (admin) de INASSA  est allé dans HISTORIQUE 
[<b>03/07/2017 03:20:21 pm</b>] John DOE (admin) de INASSA est allé dans ACCUEIL 
[<b>03/07/2017 03:21:31 pm</b>] John DOE (admin) de INASSA a recherché le client CARLOS CERF
[<b>03/07/2017 03:23:07 pm</b>] John DOE (admin) de INASSA a recherché le client CARLOS CERF
[<b>03/07/2017 03:23:51 pm</b>] John DOE (admin) de INASSA a recherché le client CARLOS CERF
[<b>03/07/2017 03:24:45 pm</b>] John DOE (admin) de INASSA a recherché le client CARLOS CERF
[<b>03/07/2017 03:25:34 pm</b>] John DOE (admin) de INASSA a recherché le client CARLOS CERF
[<b>03/07/2017 03:25:59 pm</b>] John DOE (admin) de INASSA a recherché le client CARLOS CERF
[<b>03/07/2017 03:26:21 pm</b>] John DOE (admin) de INASSA a recherché le client CARLOS CERF
[<b>03/07/2017 03:26:54 pm</b>] John DOE (admin) de INASSA a recherché le client CARLOS CERF
[<b>03/07/2017 03:27:05 pm</b>] John DOE (admin) de INASSA a recherché le client CARLOS CERF
[<b>03/07/2017 03:27:25 pm</b>] John DOE (admin) de INASSA a recherché le client CARLOS CERF
[<b>03/07/2017 03:28:02 pm</b>] John DOE (admin) de INASSA  est allé dans PARAMETRES  
