[<b>21/07/2017 09:40:21 am</b>] John DOE (admin) de INASSA  s'est connecté   
[<b>21/07/2017 09:40:21 am</b>] John DOE (admin) de INASSA est allé dans ACCUEIL 
[<b>21/07/2017 09:42:50 am</b>] John DOE (admin) de INASSA est allé dans ACCUEIL 
[<b>21/07/2017 09:44:19 am</b>] John DOE (admin) de INASSA  est allé dans HISTORIQUE 
[<b>21/07/2017 09:44:29 am</b>] John DOE (admin) de INASSA est allé dans ACCUEIL 
[<b>21/07/2017 09:44:43 am</b>] John DOE (admin) de INASSA  est allé dans HISTORIQUE 
[<b>21/07/2017 09:44:49 am</b>] John DOE (admin) de INASSA est allé dans ACCUEIL 
[<b>21/07/2017 09:45:54 am</b>] John DOE (admin) de INASSA est allé dans ACCUEIL 
[<b>21/07/2017 09:46:12 am</b>] John DOE (admin) de INASSA  est allé dans HISTORIQUE 
[<b>21/07/2017 09:46:14 am</b>] John DOE (admin) de INASSA est allé dans ACCUEIL 
[<b>21/07/2017 09:50:01 am</b>] John DOE (admin) de INASSA est allé dans ACCUEIL 
[<b>21/07/2017 09:50:15 am</b>] John DOE (admin) de INASSA est allé dans ACCUEIL 
[<b>21/07/2017 10:17:34 am</b>] John DOE (admin) de INASSA est allé dans ACCUEIL 
[<b>21/07/2017 10:47:35 am</b>] John DOE (admin) de INASSA est allé dans ACCUEIL 
[<b>21/07/2017 10:49:34 am</b>] John DOE (admin) de INASSA est allé dans ACCUEIL 
[<b>21/07/2017 10:50:50 am</b>] John DOE (admin) de INASSA est allé dans ACCUEIL 
[<b>21/07/2017 10:54:37 am</b>] John DOE (admin) de INASSA est allé dans ACCUEIL 
[<b>21/07/2017 11:57:40 am</b>] John DOE (admin) de INASSA  s'est connecté   
[<b>21/07/2017 11:57:40 am</b>] John DOE (admin) de INASSA est allé dans ACCUEIL 
[<b>21/07/2017 11:59:18 am</b>] John DOE a effacé les logs.[<b>21/07/2017 11:59:21 am</b>] John DOE (admin) de INASSA  est allé dans PARAMETRES  
[<b>21/07/2017 11:59:32 am</b>] John DOE (admin) de INASSA  a réinitialisé le compte de l'utilisateur  Hollyn DERISSE
[<b>21/07/2017 12:02:00 pm</b>] John DOE (admin) de INASSA  est allé dans PARAMETRES  
[<b>21/07/2017 12:02:08 pm</b>] John DOE (admin) de INASSA  a réinitialisé le compte de l'utilisateur  Hollyn DERISSE
[<b>21/07/2017 12:02:20 pm</b>] John DOE (admin) de INASSA  est allé dans PARAMETRES  
[<b>21/07/2017 12:02:21 pm</b>] John DOE (admin) de INASSA  est allé dans PARAMETRES  
[<b>21/07/2017 12:02:22 pm</b>] John DOE (admin) de INASSA  est allé dans PARAMETRES  
[<b>21/07/2017 12:02:25 pm</b>] John DOE (admin) de INASSA  a changé le rôle de l'utilisateur  Hollyn DERISSE
[<b>21/07/2017 12:02:32 pm</b>] John DOE (admin) de INASSA  a réinitialisé le compte de l'utilisateur  Hollyn DERISSE
[<b>21/07/2017 12:02:58 pm</b>] John DOE (admin) de INASSA  est allé dans PARAMETRES  
[<b>21/07/2017 12:03:03 pm</b>] John DOE (admin) de INASSA  s'est déconnecté  
[<b>21/07/2017 12:03:17 pm</b>] John DOE (admin) de INASSA  s'est connecté   
[<b>21/07/2017 12:03:17 pm</b>] John DOE (admin) de INASSA est allé dans ACCUEIL 
[<b>21/07/2017 12:03:21 pm</b>] John DOE (admin) de INASSA  est allé dans PARAMETRES  
[<b>21/07/2017 12:03:27 pm</b>] John DOE (admin) de INASSA  a réinitialisé le compte de l'utilisateur  Hollyn DERISSE
[<b>21/07/2017 12:04:32 pm</b>] John DOE (admin) de INASSA  s'est connecté   
[<b>21/07/2017 12:04:32 pm</b>] John DOE (admin) de INASSA est allé dans ACCUEIL 
[<b>21/07/2017 12:04:40 pm</b>] John DOE (admin) de INASSA  est allé dans PARAMETRES  
[<b>21/07/2017 12:04:47 pm</b>] John DOE (admin) de INASSA  a réinitialisé le compte de l'utilisateur  Hollyn DERISSE
[<b>21/07/2017 12:04:59 pm</b>] John DOE (admin) de INASSA  a changé le rôle de l'utilisateur  Hollyn DERISSE
[<b>21/07/2017 12:05:13 pm</b>] John DOE (admin) de INASSA  a changé le rôle de l'utilisateur  Hollyn DERISSE
[<b>21/07/2017 12:05:18 pm</b>] John DOE (admin) de INASSA  a changé le rôle de l'utilisateur  Hollyn DERISSE
[<b>21/07/2017 12:10:46 pm</b>] John DOE (admin) de INASSA  est allé dans HISTORIQUE 
