[<b>23/10/2017 12:58:11 pm</b>] John DOE (admin) de INASSA  s'est connecté   
[<b>23/10/2017 12:58:11 pm</b>] John DOE (admin) de INASSA est allé dans ACCUEIL 
[<b>23/10/2017 12:58:26 pm</b>] John DOE (admin) de INASSA  est allé dans PARAMETRES  
[<b>23/10/2017 12:58:40 pm</b>] John DOE (admin) de INASSA  a changé le status de l'utilisateur  Hollyn DERISSE
[<b>23/10/2017 12:58:43 pm</b>] John DOE (admin) de INASSA  est allé dans HISTORIQUE 
[<b>23/10/2017 12:58:53 pm</b>] John DOE (admin) de INASSA est allé dans ACCUEIL 
[<b>23/10/2017 12:59:20 pm</b>] John DOE (admin) de INASSA  s'est déconnecté  
[<b>23/10/2017 12:59:28 pm</b>]   () de   s'est déconnecté  
[<b>23/10/2017 01:10:24 pm</b>]   () de   s'est déconnecté  
[<b>23/10/2017 01:14:42 pm</b>]   () de   s'est déconnecté  
[<b>23/10/2017 01:16:50 pm</b>]   () de   s'est déconnecté  
[<b>23/10/2017 01:40:47 pm</b>] John DOE (admin) de INASSA  s'est connecté   
[<b>23/10/2017 01:40:48 pm</b>] John DOE (admin) de INASSA est allé dans ACCUEIL 
[<b>23/10/2017 01:40:54 pm</b>] John DOE (admin) de INASSA  est allé dans HISTORIQUE 
[<b>23/10/2017 01:42:04 pm</b>] John DOE (admin) de INASSA est allé dans ACCUEIL 
[<b>23/10/2017 01:44:00 pm</b>] John DOE (admin) de INASSA est allé dans ACCUEIL 
[<b>23/10/2017 01:44:04 pm</b>] John DOE (admin) de INASSA  est allé dans HISTORIQUE 
[<b>23/10/2017 01:46:02 pm</b>] John DOE (admin) de INASSA  est allé dans HISTORIQUE 
[<b>23/10/2017 01:46:59 pm</b>] John DOE (admin) de INASSA  est allé dans HISTORIQUE 
[<b>23/10/2017 01:47:23 pm</b>] John DOE (admin) de INASSA  est allé dans HISTORIQUE 
[<b>23/10/2017 01:47:35 pm</b>] John DOE (admin) de INASSA  est allé dans HISTORIQUE 
[<b>23/10/2017 01:48:20 pm</b>] John DOE (admin) de INASSA est allé dans ACCUEIL 
[<b>23/10/2017 01:48:30 pm</b>] John DOE (admin) de INASSA est allé dans ACCUEIL 
[<b>23/10/2017 01:48:33 pm</b>] John DOE (admin) de INASSA  est allé dans HISTORIQUE 
[<b>23/10/2017 01:48:38 pm</b>] John DOE (admin) de INASSA  est allé dans PARAMETRES  
[<b>23/10/2017 01:48:44 pm</b>] John DOE (admin) de INASSA  a changé le status de l'utilisateur  Hollyn DERISSE
[<b>23/10/2017 01:49:12 pm</b>] John DOE (admin) de INASSA est allé dans ACCUEIL 
[<b>23/10/2017 01:49:15 pm</b>] John DOE (admin) de INASSA  est allé dans HISTORIQUE 
[<b>23/10/2017 01:50:37 pm</b>] John DOE (admin) de INASSA  est allé dans HISTORIQUE 
[<b>23/10/2017 01:50:40 pm</b>] John DOE (admin) de INASSA  est allé dans HISTORIQUE 
[<b>23/10/2017 01:53:41 pm</b>] John DOE (admin) de INASSA  est allé dans HISTORIQUE 
[<b>23/10/2017 01:53:51 pm</b>] John DOE (admin) de INASSA  est allé dans HISTORIQUE 
[<b>23/10/2017 01:54:44 pm</b>] John DOE (admin) de INASSA  est allé dans HISTORIQUE 
[<b>23/10/2017 01:56:18 pm</b>] John DOE (admin) de INASSA  s'est déconnecté  
