[<b>27/08/2017 02:49:46 pm</b>] John DOE (admin) de INASSA  s'est connecté   
[<b>27/08/2017 02:49:47 pm</b>] John DOE (admin) de INASSA est allé dans ACCUEIL 
[<b>27/08/2017 02:53:17 pm</b>] John DOE (admin) de INASSA  est allé dans HISTORIQUE 
[<b>27/08/2017 02:56:37 pm</b>] John DOE (admin) de INASSA  est allé dans HISTORIQUE 
[<b>27/08/2017 06:31:16 pm</b>] John DOE (admin) de INASSA  s'est connecté   
[<b>27/08/2017 06:31:17 pm</b>] John DOE (admin) de INASSA est allé dans ACCUEIL 
[<b>27/08/2017 06:31:32 pm</b>] John DOE (admin) de INASSA  est allé dans HISTORIQUE 
[<b>27/08/2017 06:32:15 pm</b>] John DOE (admin) de INASSA  est allé dans HISTORIQUE 
[<b>27/08/2017 06:32:47 pm</b>] John DOE (admin) de INASSA  est allé dans HISTORIQUE 
[<b>27/08/2017 06:34:40 pm</b>] John DOE (admin) de INASSA  est allé dans HISTORIQUE 
[<b>27/08/2017 06:36:04 pm</b>] John DOE (admin) de INASSA  est allé dans HISTORIQUE 
[<b>27/08/2017 06:36:45 pm</b>] John DOE (admin) de INASSA  est allé dans HISTORIQUE 
[<b>27/08/2017 06:36:56 pm</b>] John DOE (admin) de INASSA  est allé dans HISTORIQUE 
[<b>27/08/2017 06:41:21 pm</b>] John DOE (admin) de INASSA  s'est connecté   
[<b>27/08/2017 06:41:22 pm</b>] John DOE (admin) de INASSA est allé dans ACCUEIL 
[<b>27/08/2017 06:42:41 pm</b>] John DOE (admin) de INASSA  est allé dans HISTORIQUE 
[<b>27/08/2017 06:46:38 pm</b>] John DOE (admin) de INASSA  est allé dans HISTORIQUE 
[<b>27/08/2017 06:52:25 pm</b>] John DOE (admin) de INASSA  est allé dans HISTORIQUE 
[<b>27/08/2017 06:53:03 pm</b>] John DOE (admin) de INASSA  est allé dans HISTORIQUE 
[<b>27/08/2017 07:33:44 pm</b>] John DOE (admin) de INASSA  s'est connecté   
[<b>27/08/2017 07:33:45 pm</b>] John DOE (admin) de INASSA est allé dans ACCUEIL 
[<b>27/08/2017 07:33:50 pm</b>] John DOE (admin) de INASSA  est allé dans HISTORIQUE 
[<b>27/08/2017 07:36:14 pm</b>] John DOE (admin) de INASSA  est allé dans HISTORIQUE 
[<b>27/08/2017 07:37:03 pm</b>] John DOE (admin) de INASSA  est allé dans HISTORIQUE 
[<b>27/08/2017 07:44:14 pm</b>] John DOE (admin) de INASSA  est allé dans HISTORIQUE 
[<b>27/08/2017 07:45:03 pm</b>] John DOE (admin) de INASSA  est allé dans HISTORIQUE 
[<b>27/08/2017 07:52:21 pm</b>] John DOE (admin) de INASSA  est allé dans HISTORIQUE 
[<b>27/08/2017 07:53:14 pm</b>] John DOE (admin) de INASSA  est allé dans HISTORIQUE 
[<b>27/08/2017 07:59:52 pm</b>] John DOE (admin) de INASSA  est allé dans HISTORIQUE 
[<b>27/08/2017 08:07:49 pm</b>] John DOE (admin) de INASSA  est allé dans HISTORIQUE 
[<b>27/08/2017 08:08:36 pm</b>] John DOE (admin) de INASSA  est allé dans HISTORIQUE 
[<b>27/08/2017 08:08:58 pm</b>] John DOE (admin) de INASSA  est allé dans HISTORIQUE 
[<b>27/08/2017 08:10:13 pm</b>] John DOE (admin) de INASSA est allé dans ACCUEIL 
[<b>27/08/2017 08:10:43 pm</b>] John DOE (admin) de INASSA a recherché le client S M
[<b>27/08/2017 08:10:52 pm</b>] John DOE (admin) de INASSA a vérifié l'historique du client ROSE GUERDINE MENARD
[<b>27/08/2017 08:11:28 pm</b>] John DOE (admin) de INASSA a vérifié l'historique du client ROSE GUERDINE MENARD
[<b>27/08/2017 08:11:40 pm</b>] John DOE (admin) de INASSA est allé dans ACCUEIL 
[<b>27/08/2017 08:11:53 pm</b>] John DOE (admin) de INASSA a recherché le client S M
[<b>27/08/2017 08:11:58 pm</b>] John DOE (admin) de INASSA a vérifié l'historique du client ROSE GUERDINE MENARD
[<b>27/08/2017 08:12:30 pm</b>] John DOE (admin) de INASSA a vérifié l'historique du client ROSE GUERDINE MENARD
[<b>27/08/2017 08:12:48 pm</b>] John DOE (admin) de INASSA a vérifié l'historique du client ROSE GUERDINE MENARD
