[<b>15/08/2017 12:00:00 am</b>] John DOE (admin) de INASSA a recherché le client S M
[<b>15/08/2017 09:52:31 am</b>] John DOE (admin) de INASSA  s'est connecté   
[<b>15/08/2017 09:52:31 am</b>] John DOE (admin) de INASSA est allé dans ACCUEIL 
[<b>15/08/2017 09:53:27 am</b>] John DOE (admin) de INASSA a recherché le client S M
[<b>15/08/2017 10:19:15 am</b>] John DOE (admin) de INASSA  s'est connecté   
[<b>15/08/2017 10:19:15 am</b>] John DOE (admin) de INASSA est allé dans ACCUEIL 
[<b>15/08/2017 10:29:43 am</b>] John DOE (admin) de INASSA est allé dans ACCUEIL 
[<b>15/08/2017 10:31:28 am</b>] John DOE (admin) de INASSA est allé dans ACCUEIL 
[<b>15/08/2017 10:32:39 am</b>] John DOE (admin) de INASSA est allé dans ACCUEIL 
[<b>15/08/2017 10:34:31 am</b>] John DOE (admin) de INASSA a recherché le client S M
[<b>15/08/2017 10:35:15 am</b>] John DOE (admin) de INASSA a recherché le client S M
[<b>15/08/2017 10:35:46 am</b>] John DOE (admin) de INASSA a recherché le client S M
[<b>15/08/2017 10:35:59 am</b>] John DOE (admin) de INASSA a recherché le client S M
[<b>15/08/2017 10:36:22 am</b>] John DOE (admin) de INASSA a recherché le client S M
[<b>15/08/2017 10:37:24 am</b>] John DOE (admin) de INASSA a recherché le client S M
[<b>15/08/2017 10:37:45 am</b>] John DOE (admin) de INASSA a recherché le client S M
[<b>15/08/2017 10:38:27 am</b>] John DOE (admin) de INASSA a recherché le client S M
[<b>15/08/2017 10:38:48 am</b>] John DOE (admin) de INASSA a recherché le client S M
[<b>15/08/2017 10:39:19 am</b>] John DOE (admin) de INASSA a recherché le client S M
[<b>15/08/2017 10:39:37 am</b>] John DOE (admin) de INASSA a recherché le client S M
[<b>15/08/2017 10:39:51 am</b>] John DOE (admin) de INASSA a recherché le client S M
[<b>15/08/2017 10:40:00 am</b>] John DOE (admin) de INASSA a recherché le client S M
[<b>15/08/2017 10:40:23 am</b>] John DOE (admin) de INASSA a recherché le client S M
[<b>15/08/2017 10:46:45 am</b>] John DOE (admin) de INASSA a recherché le client S M
[<b>15/08/2017 10:47:20 am</b>] John DOE (admin) de INASSA a recherché le client S M
[<b>15/08/2017 10:47:54 am</b>] John DOE (admin) de INASSA a recherché le client S M
[<b>15/08/2017 10:48:30 am</b>] John DOE (admin) de INASSA a recherché le client S M
[<b>15/08/2017 10:48:38 am</b>] John DOE (admin) de INASSA a recherché le client S M
[<b>15/08/2017 10:49:14 am</b>] John DOE (admin) de INASSA a recherché le client S M
[<b>15/08/2017 10:49:24 am</b>] John DOE (admin) de INASSA a recherché le client S M
[<b>15/08/2017 11:15:53 am</b>] John DOE (admin) de INASSA  s'est connecté   
[<b>15/08/2017 11:15:53 am</b>] John DOE (admin) de INASSA est allé dans ACCUEIL 
[<b>15/08/2017 11:17:03 am</b>] John DOE (admin) de INASSA a recherché le client S M
[<b>15/08/2017 11:17:45 am</b>] John DOE (admin) de INASSA a recherché le client S M
[<b>15/08/2017 11:18:03 am</b>] John DOE (admin) de INASSA a recherché le client S M
[<b>15/08/2017 11:18:16 am</b>] John DOE (admin) de INASSA a recherché le client S M
[<b>15/08/2017 11:20:36 am</b>] John DOE (admin) de INASSA a recherché le client S M
[<b>15/08/2017 11:21:01 am</b>] John DOE (admin) de INASSA a recherché le client S M
[<b>15/08/2017 11:21:21 am</b>] John DOE (admin) de INASSA a recherché le client S M
[<b>15/08/2017 11:21:38 am</b>] John DOE (admin) de INASSA a recherché le client S M
[<b>15/08/2017 11:22:07 am</b>] John DOE (admin) de INASSA a recherché le client S M
[<b>15/08/2017 11:22:56 am</b>] John DOE (admin) de INASSA a recherché le client S M
[<b>15/08/2017 11:23:08 am</b>] John DOE (admin) de INASSA a recherché le client S M
[<b>15/08/2017 11:23:26 am</b>] John DOE (admin) de INASSA a recherché le client S M
[<b>15/08/2017 11:24:06 am</b>] John DOE (admin) de INASSA a recherché le client S M
[<b>15/08/2017 11:24:16 am</b>] John DOE (admin) de INASSA a recherché le client S M
[<b>15/08/2017 11:24:29 am</b>] John DOE (admin) de INASSA a recherché le client S M
[<b>15/08/2017 11:26:32 am</b>] John DOE (admin) de INASSA a recherché le client S M
[<b>15/08/2017 11:26:49 am</b>] John DOE (admin) de INASSA a recherché le client S M
[<b>15/08/2017 11:27:03 am</b>] John DOE (admin) de INASSA a recherché le client S M
[<b>15/08/2017 11:27:19 am</b>] John DOE (admin) de INASSA a recherché le client S M
[<b>15/08/2017 11:27:40 am</b>] John DOE (admin) de INASSA a recherché le client S M
[<b>15/08/2017 11:27:55 am</b>] John DOE (admin) de INASSA est allé dans ACCUEIL 
[<b>15/08/2017 11:28:08 am</b>] John DOE (admin) de INASSA a recherché le client S M
[<b>15/08/2017 11:32:43 am</b>] John DOE (admin) de INASSA a recherché le client S M
[<b>15/08/2017 11:33:13 am</b>] John DOE (admin) de INASSA est allé dans ACCUEIL 
[<b>15/08/2017 11:33:24 am</b>] John DOE (admin) de INASSA a recherché le client S M
[<b>15/08/2017 11:34:27 am</b>] John DOE (admin) de INASSA a recherché le client S M
[<b>15/08/2017 11:34:57 am</b>] John DOE (admin) de INASSA a recherché le client S M
[<b>15/08/2017 11:35:17 am</b>] John DOE (admin) de INASSA a recherché le client S M
[<b>15/08/2017 11:35:36 am</b>] John DOE (admin) de INASSA a recherché le client S M
[<b>15/08/2017 11:35:51 am</b>] John DOE (admin) de INASSA a recherché le client S M
[<b>15/08/2017 11:36:28 am</b>] John DOE (admin) de INASSA a recherché le client S M
[<b>15/08/2017 11:41:42 am</b>] John DOE (admin) de INASSA a recherché le client S M
[<b>15/08/2017 12:06:17 pm</b>] John DOE (admin) de INASSA  s'est connecté   
[<b>15/08/2017 12:06:17 pm</b>] John DOE (admin) de INASSA est allé dans ACCUEIL 
[<b>15/08/2017 12:06:41 pm</b>] John DOE (admin) de INASSA est allé dans ACCUEIL 
[<b>15/08/2017 12:07:12 pm</b>] John DOE (admin) de INASSA est allé dans ACCUEIL 
[<b>15/08/2017 12:08:13 pm</b>] John DOE (admin) de INASSA est allé dans ACCUEIL 
[<b>15/08/2017 12:09:17 pm</b>] John DOE (admin) de INASSA est allé dans ACCUEIL 
[<b>15/08/2017 12:09:25 pm</b>] John DOE (admin) de INASSA est allé dans ACCUEIL 
[<b>15/08/2017 12:09:58 pm</b>] John DOE (admin) de INASSA a recherché le client S M
[<b>15/08/2017 12:11:03 pm</b>] John DOE (admin) de INASSA a recherché le client S M
[<b>15/08/2017 12:11:38 pm</b>] John DOE (admin) de INASSA a recherché le client S M
[<b>15/08/2017 09:25:25 pm</b>] John DOE (admin) de INASSA  s'est connecté   
[<b>15/08/2017 09:25:26 pm</b>] John DOE (admin) de INASSA est allé dans ACCUEIL 
[<b>15/08/2017 09:39:58 pm</b>] John DOE (admin) de INASSA est allé dans ACCUEIL 
[<b>15/08/2017 09:40:41 pm</b>] John DOE (admin) de INASSA a recherché le client S M
