[<b>04/07/2017 09:05:08 am</b>] John DOE (admin) de INASSA  s'est connecté   
[<b>04/07/2017 09:05:08 am</b>] John DOE (admin) de INASSA est allé dans ACCUEIL 
[<b>04/07/2017 09:05:13 am</b>] John DOE (admin) de INASSA  est allé dans PARAMETRES  
[<b>04/07/2017 09:06:01 am</b>] John DOE (admin) de INASSA a enregistré l'utilisateur  Hollyn DERISSE / hollyn_derisse / hollynderisse93@gmail.com / Admin / Actif
[<b>04/07/2017 09:06:01 am</b>] John DOE (admin) de INASSA  est allé dans PARAMETRES  
[<b>04/07/2017 09:07:52 am</b>] John DOE (admin) de INASSA  s'est déconnecté  
[<b>04/07/2017 09:08:07 am</b>] Hollyn DERISSE (admin) de INASSA  s'est connecté   
[<b>04/07/2017 09:08:07 am</b>] Hollyn DERISSE (admin) de INASSA est allé dans ACCUEIL 
[<b>04/07/2017 09:08:20 am</b>] Hollyn DERISSE (admin) de INASSA est allé dans ACCUEIL 
[<b>04/07/2017 09:08:42 am</b>] Hollyn DERISSE (admin) de INASSA  a changé son mot de passe  
[<b>04/07/2017 09:08:43 am</b>] Hollyn DERISSE (admin) de INASSA est allé dans ACCUEIL 
[<b>04/07/2017 09:09:10 am</b>] Hollyn DERISSE (admin) de INASSA est allé dans ACCUEIL 
[<b>04/07/2017 09:10:00 am</b>] Hollyn DERISSE (admin) de INASSA  s'est déconnecté  
[<b>04/07/2017 09:10:07 am</b>] John DOE (admin) de INASSA  s'est connecté   
[<b>04/07/2017 09:10:07 am</b>] John DOE (admin) de INASSA est allé dans ACCUEIL 
[<b>04/07/2017 09:10:12 am</b>] John DOE (admin) de INASSA  est allé dans PARAMETRES  
[<b>04/07/2017 09:10:25 am</b>] John DOE (admin) de INASSA  a réinitialisé le compte de l'utilisateur  Hollyn DERISSE
[<b>04/07/2017 09:13:04 am</b>] John DOE (admin) de INASSA  a changé le rôle de l'utilisateur  Hollyn DERISSE
[<b>04/07/2017 09:13:10 am</b>] John DOE (admin) de INASSA  s'est déconnecté  
[<b>04/07/2017 09:13:36 am</b>] Hollyn DERISSE (admin) de INASSA  s'est connecté   
[<b>04/07/2017 09:13:36 am</b>] Hollyn DERISSE (admin) de INASSA est allé dans ACCUEIL 
[<b>04/07/2017 09:13:46 am</b>] Hollyn DERISSE (admin) de INASSA  a changé son mot de passe  
[<b>04/07/2017 09:13:46 am</b>] Hollyn DERISSE (admin) de INASSA est allé dans ACCUEIL 
[<b>04/07/2017 09:19:05 am</b>] Hollyn DERISSE (admin) de INASSA  s'est déconnecté  
[<b>04/07/2017 09:56:00 am</b>] John DOE (admin) de INASSA  s'est connecté   
[<b>04/07/2017 09:56:00 am</b>] John DOE (admin) de INASSA est allé dans ACCUEIL 
[<b>04/07/2017 09:56:03 am</b>] John DOE (admin) de INASSA  est allé dans PARAMETRES  
[<b>04/07/2017 09:57:59 am</b>] John DOE (admin) de INASSA  s'est déconnecté  
[<b>04/07/2017 11:01:23 am</b>] John DOE (admin) de INASSA  s'est connecté   
[<b>04/07/2017 11:01:23 am</b>] John DOE (admin) de INASSA est allé dans ACCUEIL 
[<b>04/07/2017 11:02:05 am</b>] John DOE (admin) de INASSA a recherché le client CARLOS CERF
[<b>04/07/2017 11:02:18 am</b>] John DOE (admin) de INASSA a vérifié l'historique du client CARLOS CERF
[<b>04/07/2017 11:07:34 am</b>] John DOE (admin) de INASSA  est allé dans PARAMETRES  
[<b>04/07/2017 11:08:38 am</b>] John DOE (admin) de INASSA  est allé dans PARAMETRES  
[<b>04/07/2017 11:35:21 am</b>] John DOE (admin) de INASSA  s'est connecté   
[<b>04/07/2017 11:35:21 am</b>] John DOE (admin) de INASSA est allé dans ACCUEIL 
[<b>04/07/2017 11:35:49 am</b>] John DOE (admin) de INASSA a recherché le client SEBASTIEN MEROVE-PIERRE
[<b>04/07/2017 11:36:23 am</b>] John DOE (admin) de INASSA a recherché le client CARLOS CERF
[<b>04/07/2017 11:37:04 am</b>] John DOE (admin) de INASSA  est allé dans HISTORIQUE 
[<b>04/07/2017 11:37:32 am</b>] John DOE (admin) de INASSA  est allé dans HISTORIQUE 
[<b>04/07/2017 11:42:51 am</b>] John DOE (admin) de INASSA  est allé dans PARAMETRES  
[<b>04/07/2017 11:52:02 am</b>] John DOE (admin) de INASSA a enregistré l'utilisateur  Emilie ARMAND / emilie_armand / armandemilie@gmail.com / Simple utilisateur / Actif
[<b>04/07/2017 11:52:02 am</b>] John DOE (admin) de INASSA  est allé dans PARAMETRES  
[<b>04/07/2017 11:52:34 am</b>] John DOE (admin) de INASSA  s'est déconnecté  
[<b>04/07/2017 11:53:03 am</b>] Emilie ARMAND (user) de INASSA  s'est connecté   
[<b>04/07/2017 11:53:03 am</b>] Emilie ARMAND (user) de INASSA est allé dans ACCUEIL 
[<b>04/07/2017 11:57:48 am</b>] Emilie ARMAND (user) de INASSA  a changé son mot de passe  
[<b>04/07/2017 11:57:48 am</b>] Emilie ARMAND (user) de INASSA est allé dans ACCUEIL 
[<b>04/07/2017 11:58:44 am</b>] Emilie ARMAND (user) de INASSA  s'est déconnecté  
[<b>04/07/2017 11:59:00 am</b>] Emilie ARMAND (user) de INASSA  s'est connecté   
[<b>04/07/2017 11:59:00 am</b>] Emilie ARMAND (user) de INASSA est allé dans ACCUEIL 
[<b>04/07/2017 11:59:33 am</b>] Emilie ARMAND (user) de INASSA  est allé dans HISTORIQUE 
[<b>04/07/2017 12:01:07 pm</b>] Emilie ARMAND (user) de INASSA est allé dans ACCUEIL 
[<b>04/07/2017 12:03:07 pm</b>] Emilie ARMAND (user) de INASSA a recherché le client SEBASTIEN MEROVE-PIERRE
[<b>04/07/2017 12:05:13 pm</b>] Emilie ARMAND (user) de INASSA a recherché le client CARLOS CERF
[<b>04/07/2017 12:07:51 pm</b>] Emilie ARMAND (user) de INASSA  est allé dans HISTORIQUE 
[<b>04/07/2017 12:16:03 pm</b>] Emilie ARMAND (user) de INASSA  s'est déconnecté  
[<b>04/07/2017 12:49:11 pm</b>] John DOE (admin) de INASSA  s'est connecté   
[<b>04/07/2017 12:49:11 pm</b>] John DOE (admin) de INASSA est allé dans ACCUEIL 
[<b>04/07/2017 12:49:17 pm</b>] John DOE (admin) de INASSA  est allé dans PARAMETRES  
[<b>04/07/2017 12:50:48 pm</b>] John DOE (admin) de INASSA  est allé dans PARAMETRES  
