[<b>03/11/2017 09:06:19 am</b>] Hollyn DERISSE (user) de INASSA  s'est connecté   
[<b>03/11/2017 09:06:20 am</b>] Hollyn DERISSE (user) de INASSA est allé dans ACCUEIL 
[<b>03/11/2017 09:07:45 am</b>] Hollyn DERISSE (user) de INASSA est allé dans ACCUEIL 
[<b>03/11/2017 09:08:32 am</b>] Hollyn DERISSE (user) de INASSA est allé dans ACCUEIL 
[<b>03/11/2017 09:09:44 am</b>] Hollyn DERISSE (user) de INASSA a recherché le client S MEROVE-PIERRE
[<b>03/11/2017 09:21:20 am</b>] Hollyn DERISSE (user) de INASSA a recherché le client S MEROVE-PIERRE
[<b>03/11/2017 09:24:08 am</b>] Hollyn DERISSE (user) de INASSA a recherché le client S MEROVE-PIERRE
[<b>03/11/2017 09:25:15 am</b>] Hollyn DERISSE (user) de INASSA a recherché le client S MEROVE-PIERRE
[<b>03/11/2017 09:25:18 am</b>] Hollyn DERISSE (user) de INASSA est allé dans ACCUEIL 
[<b>03/11/2017 09:26:32 am</b>] Hollyn DERISSE (user) de INASSA est allé dans ACCUEIL 
[<b>03/11/2017 09:28:35 am</b>] Hollyn DERISSE (user) de INASSA est allé dans ACCUEIL 
[<b>03/11/2017 09:29:27 am</b>] Hollyn DERISSE (user) de INASSA est allé dans ACCUEIL 
[<b>03/11/2017 09:29:46 am</b>] Hollyn DERISSE (user) de INASSA est allé dans ACCUEIL 
[<b>03/11/2017 09:30:12 am</b>] Hollyn DERISSE (user) de INASSA est allé dans ACCUEIL 
[<b>03/11/2017 09:36:09 am</b>] Hollyn DERISSE (user) de INASSA est allé dans ACCUEIL 
[<b>03/11/2017 09:36:11 am</b>] Hollyn DERISSE (user) de INASSA est allé dans ACCUEIL 
[<b>03/11/2017 09:36:28 am</b>] Hollyn DERISSE (user) de INASSA est allé dans ACCUEIL 
[<b>03/11/2017 09:37:07 am</b>] Hollyn DERISSE (user) de INASSA est allé dans ACCUEIL 
[<b>03/11/2017 09:37:10 am</b>] Hollyn DERISSE (user) de INASSA est allé dans ACCUEIL 
[<b>03/11/2017 09:37:22 am</b>] Hollyn DERISSE (user) de INASSA est allé dans ACCUEIL 
[<b>03/11/2017 09:41:40 am</b>] Hollyn DERISSE (user) de INASSA est allé dans ACCUEIL 
[<b>03/11/2017 09:42:06 am</b>] Hollyn DERISSE (user) de INASSA est allé dans ACCUEIL 
[<b>03/11/2017 09:42:08 am</b>] Hollyn DERISSE (user) de INASSA est allé dans ACCUEIL 
[<b>03/11/2017 09:42:20 am</b>] Hollyn DERISSE (user) de INASSA est allé dans ACCUEIL 
[<b>03/11/2017 09:42:46 am</b>] Hollyn DERISSE (user) de INASSA est allé dans ACCUEIL 
[<b>03/11/2017 09:43:09 am</b>] Hollyn DERISSE (user) de INASSA est allé dans ACCUEIL 
[<b>03/11/2017 09:43:17 am</b>] Hollyn DERISSE (user) de INASSA est allé dans ACCUEIL 
[<b>03/11/2017 09:43:54 am</b>] Hollyn DERISSE (user) de INASSA est allé dans ACCUEIL 
[<b>03/11/2017 09:44:04 am</b>] Hollyn DERISSE (user) de INASSA est allé dans ACCUEIL 
[<b>03/11/2017 09:45:37 am</b>] Hollyn DERISSE (user) de INASSA est allé dans ACCUEIL 
[<b>03/11/2017 09:45:45 am</b>] Hollyn DERISSE (user) de INASSA est allé dans ACCUEIL 
[<b>03/11/2017 09:45:53 am</b>] Hollyn DERISSE (user) de INASSA est allé dans ACCUEIL 
[<b>03/11/2017 09:46:04 am</b>] Hollyn DERISSE (user) de INASSA est allé dans ACCUEIL 
[<b>03/11/2017 09:46:21 am</b>] Hollyn DERISSE (user) de INASSA est allé dans ACCUEIL 
[<b>03/11/2017 09:48:08 am</b>] Hollyn DERISSE (user) de INASSA  est allé dans HISTORIQUE 
[<b>03/11/2017 09:48:16 am</b>] Hollyn DERISSE (user) de INASSA est allé dans ACCUEIL 
[<b>03/11/2017 09:48:22 am</b>] Hollyn DERISSE (user) de INASSA  est allé dans HISTORIQUE 
[<b>03/11/2017 09:49:30 am</b>] Hollyn DERISSE (user) de INASSA  est allé dans HISTORIQUE 
[<b>03/11/2017 09:49:55 am</b>] Hollyn DERISSE (user) de INASSA  est allé dans HISTORIQUE 
[<b>03/11/2017 09:50:24 am</b>] Hollyn DERISSE (user) de INASSA  est allé dans HISTORIQUE 
[<b>03/11/2017 09:50:49 am</b>] Hollyn DERISSE (user) de INASSA  est allé dans HISTORIQUE 
[<b>03/11/2017 09:50:59 am</b>] Hollyn DERISSE (user) de INASSA  est allé dans HISTORIQUE 
[<b>03/11/2017 09:51:10 am</b>] Hollyn DERISSE (user) de INASSA  est allé dans HISTORIQUE 
[<b>03/11/2017 09:51:34 am</b>] Hollyn DERISSE (user) de INASSA  est allé dans HISTORIQUE 
[<b>03/11/2017 09:51:59 am</b>] Hollyn DERISSE (user) de INASSA  est allé dans HISTORIQUE 
[<b>03/11/2017 09:52:19 am</b>] Hollyn DERISSE (user) de INASSA  est allé dans HISTORIQUE 
[<b>03/11/2017 09:52:44 am</b>] Hollyn DERISSE (user) de INASSA  est allé dans HISTORIQUE 
[<b>03/11/2017 09:56:08 am</b>] Hollyn DERISSE (user) de INASSA  s'est connecté   
[<b>03/11/2017 09:56:08 am</b>] Hollyn DERISSE (user) de INASSA est allé dans ACCUEIL 
[<b>03/11/2017 09:56:22 am</b>] Hollyn DERISSE (user) de INASSA  est allé dans HISTORIQUE 
[<b>03/11/2017 09:56:27 am</b>] Hollyn DERISSE (user) de INASSA est allé dans ACCUEIL 
[<b>03/11/2017 09:56:34 am</b>] Hollyn DERISSE (user) de INASSA est allé dans ACCUEIL 
[<b>03/11/2017 09:56:41 am</b>] Hollyn DERISSE (user) de INASSA  est allé dans HISTORIQUE 
[<b>03/11/2017 09:56:43 am</b>] Hollyn DERISSE (user) de INASSA  est allé dans HISTORIQUE 
[<b>03/11/2017 10:00:19 am</b>] Hollyn DERISSE (user) de INASSA est allé dans ACCUEIL 
[<b>03/11/2017 10:01:10 am</b>] Hollyn DERISSE (user) de INASSA a recherché le client SE MER
[<b>03/11/2017 10:01:44 am</b>] Hollyn DERISSE (user) de INASSA est allé dans ACCUEIL 
[<b>03/11/2017 10:02:02 am</b>] Hollyn DERISSE (user) de INASSA a recherché le client SEBASTIEN MEROVE-PIERRE
[<b>03/11/2017 10:04:14 am</b>] Hollyn DERISSE (user) de INASSA a recherché le client SEBASTIEN MEROVE-PIERRE
[<b>03/11/2017 10:09:25 am</b>] Hollyn DERISSE (user) de INASSA  est allé dans HISTORIQUE 
[<b>03/11/2017 10:11:08 am</b>] Hollyn DERISSE (user) de INASSA  est allé dans HISTORIQUE 
[<b>03/11/2017 10:15:37 am</b>] Hollyn DERISSE (user) de INASSA a vérifié l'historique du client CARLOS CERF
[<b>03/11/2017 10:19:23 am</b>] Hollyn DERISSE (user) de INASSA a vérifié l'historique du client CARLOS CERF
[<b>03/11/2017 10:19:46 am</b>] Hollyn DERISSE (user) de INASSA est allé dans ACCUEIL 
[<b>03/11/2017 10:20:11 am</b>] Hollyn DERISSE (user) de INASSA a recherché le client SE MER
[<b>03/11/2017 10:20:48 am</b>] Hollyn DERISSE (user) de INASSA  est allé dans HISTORIQUE 
[<b>03/11/2017 10:21:17 am</b>] Hollyn DERISSE (user) de INASSA a vérifié l'historique du client CARLOS CERF
[<b>03/11/2017 10:24:30 am</b>] Hollyn DERISSE (user) de INASSA est allé dans ACCUEIL 
[<b>03/11/2017 10:25:25 am</b>] Hollyn DERISSE (user) de INASSA est allé dans ACCUEIL 
[<b>03/11/2017 10:25:49 am</b>] Hollyn DERISSE (user) de INASSA a recherché le client SE MER
[<b>03/11/2017 10:27:25 am</b>] Hollyn DERISSE (user) de INASSA a recherché le client SE MER
[<b>03/11/2017 10:29:45 am</b>] Hollyn DERISSE (user) de INASSA a recherché le client SE MER
[<b>03/11/2017 10:30:03 am</b>] Hollyn DERISSE (user) de INASSA  s'est connecté   
[<b>03/11/2017 10:30:04 am</b>] Hollyn DERISSE (user) de INASSA est allé dans ACCUEIL 
[<b>03/11/2017 10:30:32 am</b>] Hollyn DERISSE (user) de INASSA a recherché le client SEBASTIEN MEROVE-PIERRE
[<b>03/11/2017 10:31:08 am</b>] Hollyn DERISSE (user) de INASSA a recherché le client SEBASTIEN MEROVE-PIERRE
[<b>03/11/2017 10:31:15 am</b>] Hollyn DERISSE (user) de INASSA est allé dans ACCUEIL 
[<b>03/11/2017 10:31:36 am</b>] Hollyn DERISSE (user) de INASSA a recherché le client SEBASTIEN MER
[<b>03/11/2017 10:32:25 am</b>] Hollyn DERISSE (user) de INASSA a recherché le client SEBASTIEN MER
[<b>03/11/2017 10:35:30 am</b>] Hollyn DERISSE (user) de INASSA a recherché le client SE MER
[<b>03/11/2017 10:35:34 am</b>] Hollyn DERISSE (user) de INASSA a vérifié l'historique du client SéBASTIEN MéROVé-PIERRE
[<b>03/11/2017 10:35:40 am</b>] Hollyn DERISSE (user) de INASSA  s'est déconnecté  
