[<b>25/07/2017 09:56:00 am</b>] John DOE (admin) de INASSA  s'est connecté   
[<b>25/07/2017 09:56:00 am</b>] John DOE (admin) de INASSA est allé dans ACCUEIL 
[<b>25/07/2017 09:56:04 am</b>] John DOE (admin) de INASSA  est allé dans PARAMETRES  
[<b>25/07/2017 09:56:22 am</b>] John DOE (admin) de INASSA a enregistré l'utilisateur  Hollyn DERISSE / hollyn_derisse / hollynderisse93@gmail.com / Admin / Actif
[<b>25/07/2017 09:56:22 am</b>] John DOE (admin) de INASSA  est allé dans PARAMETRES  
[<b>25/07/2017 10:07:58 am</b>] John DOE (admin) de INASSA  s'est déconnecté  
[<b>25/07/2017 10:19:57 am</b>] John DOE (admin) de INASSA  s'est connecté   
[<b>25/07/2017 10:19:57 am</b>] John DOE (admin) de INASSA est allé dans ACCUEIL 
[<b>25/07/2017 10:20:34 am</b>] John DOE (admin) de INASSA est allé dans ACCUEIL 
[<b>25/07/2017 11:47:20 am</b>] John DOE (admin) de INASSA  s'est connecté   
[<b>25/07/2017 11:47:20 am</b>] John DOE (admin) de INASSA est allé dans ACCUEIL 
[<b>25/07/2017 11:47:24 am</b>] John DOE (admin) de INASSA  est allé dans PARAMETRES  
[<b>25/07/2017 11:48:00 am</b>] John DOE (admin) de INASSA a enregistré l'utilisateur  Hollyn DERISSE / hollyn.derisse / hollyn.derisse@esih.edu / Admin / Actif
[<b>25/07/2017 11:48:00 am</b>] John DOE (admin) de INASSA  est allé dans PARAMETRES  
[<b>25/07/2017 11:49:22 am</b>] John DOE (admin) de INASSA  a réinitialisé le compte de l'utilisateur  Hollyn DERISSE
[<b>25/07/2017 11:50:40 am</b>] John DOE (admin) de INASSA  est allé dans PARAMETRES  
[<b>25/07/2017 11:50:49 am</b>] John DOE (admin) de INASSA  est allé dans PARAMETRES  
[<b>25/07/2017 11:50:59 am</b>] John DOE (admin) de INASSA  est allé dans PARAMETRES  
[<b>25/07/2017 11:53:18 am</b>] John DOE (admin) de INASSA  est allé dans PARAMETRES  
[<b>25/07/2017 11:53:18 am</b>] John DOE (admin) de INASSA  est allé dans PARAMETRES  
[<b>25/07/2017 11:53:18 am</b>] John DOE (admin) de INASSA  est allé dans PARAMETRES  
[<b>25/07/2017 11:53:19 am</b>] John DOE (admin) de INASSA  est allé dans PARAMETRES  
[<b>25/07/2017 11:53:19 am</b>] John DOE (admin) de INASSA  est allé dans PARAMETRES  
[<b>25/07/2017 11:53:22 am</b>] John DOE (admin) de INASSA  a réinitialisé le compte de l'utilisateur  Hollyn DERISSE
[<b>25/07/2017 11:56:48 am</b>] John DOE (admin) de INASSA  est allé dans PARAMETRES  
[<b>25/07/2017 11:56:52 am</b>] John DOE (admin) de INASSA  a réinitialisé le compte de l'utilisateur  Hollyn DERISSE
[<b>25/07/2017 11:57:38 am</b>] John DOE (admin) de INASSA  est allé dans PARAMETRES  
[<b>25/07/2017 11:57:38 am</b>] John DOE (admin) de INASSA  est allé dans PARAMETRES  
[<b>25/07/2017 11:57:41 am</b>] John DOE (admin) de INASSA  a réinitialisé le compte de l'utilisateur  Hollyn DERISSE
[<b>25/07/2017 12:42:18 pm</b>] John DOE (admin) de INASSA  s'est connecté   
[<b>25/07/2017 12:42:18 pm</b>] John DOE (admin) de INASSA est allé dans ACCUEIL 
[<b>25/07/2017 12:43:16 pm</b>] John DOE (admin) de INASSA  est allé dans PARAMETRES  
[<b>25/07/2017 12:43:20 pm</b>] John DOE (admin) de INASSA  a réinitialisé le compte de l'utilisateur  Hollyn DERISSE
[<b>25/07/2017 12:44:18 pm</b>] John DOE (admin) de INASSA  est allé dans PARAMETRES  
[<b>25/07/2017 12:44:27 pm</b>] John DOE (admin) de INASSA  a réinitialisé le compte de l'utilisateur  Hollyn DERISSE
[<b>25/07/2017 12:45:14 pm</b>] John DOE (admin) de INASSA  est allé dans PARAMETRES  
[<b>25/07/2017 12:45:18 pm</b>] John DOE (admin) de INASSA  a réinitialisé le compte de l'utilisateur  Hollyn DERISSE
[<b>25/07/2017 12:47:45 pm</b>] John DOE (admin) de INASSA  est allé dans PARAMETRES  
[<b>25/07/2017 12:48:01 pm</b>] John DOE (admin) de INASSA  a réinitialisé le compte de l'utilisateur  Hollyn DERISSE
[<b>25/07/2017 12:48:46 pm</b>] John DOE (admin) de INASSA  est allé dans PARAMETRES  
[<b>25/07/2017 12:48:49 pm</b>] John DOE (admin) de INASSA  est allé dans PARAMETRES  
[<b>25/07/2017 12:49:27 pm</b>] John DOE (admin) de INASSA  est allé dans PARAMETRES  
[<b>25/07/2017 12:49:36 pm</b>] John DOE (admin) de INASSA  a réinitialisé le compte de l'utilisateur  Hollyn DERISSE
[<b>25/07/2017 12:50:17 pm</b>] John DOE (admin) de INASSA  est allé dans PARAMETRES  
[<b>25/07/2017 12:50:25 pm</b>] John DOE (admin) de INASSA  a réinitialisé le compte de l'utilisateur  Hollyn DERISSE
[<b>25/07/2017 12:51:04 pm</b>] John DOE (admin) de INASSA  est allé dans PARAMETRES  
[<b>25/07/2017 12:51:27 pm</b>] John DOE (admin) de INASSA  a réinitialisé le compte de l'utilisateur  Hollyn DERISSE
[<b>25/07/2017 12:57:23 pm</b>] John DOE (admin) de INASSA  est allé dans PARAMETRES  
[<b>25/07/2017 12:57:30 pm</b>] John DOE (admin) de INASSA  a réinitialisé le compte de l'utilisateur  Hollyn DERISSE
[<b>25/07/2017 01:05:55 pm</b>] John DOE (admin) de INASSA  est allé dans PARAMETRES  
[<b>25/07/2017 01:06:10 pm</b>] John DOE (admin) de INASSA  a réinitialisé le compte de l'utilisateur  Hollyn DERISSE
[<b>25/07/2017 01:06:57 pm</b>] John DOE (admin) de INASSA  est allé dans PARAMETRES  
[<b>25/07/2017 01:06:58 pm</b>] John DOE (admin) de INASSA  est allé dans PARAMETRES  
[<b>25/07/2017 01:07:04 pm</b>] John DOE (admin) de INASSA  a réinitialisé le compte de l'utilisateur  Hollyn DERISSE
[<b>25/07/2017 01:08:08 pm</b>] John DOE (admin) de INASSA  est allé dans PARAMETRES  
[<b>25/07/2017 01:08:13 pm</b>] John DOE (admin) de INASSA  a réinitialisé le compte de l'utilisateur  Hollyn DERISSE
[<b>25/07/2017 01:09:55 pm</b>] John DOE (admin) de INASSA  est allé dans PARAMETRES  
[<b>25/07/2017 01:10:00 pm</b>] John DOE (admin) de INASSA  a réinitialisé le compte de l'utilisateur  Hollyn DERISSE
[<b>25/07/2017 01:57:25 pm</b>] John DOE (admin) de INASSA  s'est connecté   
[<b>25/07/2017 01:57:26 pm</b>] John DOE (admin) de INASSA est allé dans ACCUEIL 
[<b>25/07/2017 01:57:29 pm</b>] John DOE (admin) de INASSA  est allé dans PARAMETRES  
[<b>25/07/2017 01:59:03 pm</b>] John DOE (admin) de INASSA  est allé dans PARAMETRES  
[<b>25/07/2017 01:59:08 pm</b>] John DOE (admin) de INASSA  est allé dans PARAMETRES  
[<b>25/07/2017 02:00:15 pm</b>] John DOE (admin) de INASSA  est allé dans PARAMETRES  
[<b>25/07/2017 02:00:21 pm</b>] John DOE (admin) de INASSA  a réinitialisé le compte de l'utilisateur  Hollyn DERISSE
[<b>25/07/2017 02:05:19 pm</b>] John DOE (admin) de INASSA  est allé dans PARAMETRES  
[<b>25/07/2017 02:05:44 pm</b>] John DOE (admin) de INASSA est allé dans ACCUEIL 
[<b>25/07/2017 02:05:50 pm</b>] John DOE (admin) de INASSA  est allé dans PARAMETRES  
[<b>25/07/2017 02:05:58 pm</b>] John DOE (admin) de INASSA  a réinitialisé le compte de l'utilisateur  Hollyn DERISSE
[<b>25/07/2017 03:06:22 pm</b>] John DOE (admin) de INASSA  s'est connecté   
[<b>25/07/2017 03:06:23 pm</b>] John DOE (admin) de INASSA est allé dans ACCUEIL 
[<b>25/07/2017 03:06:28 pm</b>] John DOE (admin) de INASSA  est allé dans PARAMETRES  
[<b>25/07/2017 03:06:35 pm</b>] John DOE (admin) de INASSA  a réinitialisé le compte de l'utilisateur  Hollyn DERISSE
[<b>25/07/2017 03:07:12 pm</b>] John DOE (admin) de INASSA  a réinitialisé le compte de l'utilisateur  Hollyn DERISSE
[<b>25/07/2017 03:07:26 pm</b>] John DOE (admin) de INASSA  est allé dans PARAMETRES  
[<b>25/07/2017 03:07:28 pm</b>] John DOE (admin) de INASSA  est allé dans PARAMETRES  
[<b>25/07/2017 03:07:35 pm</b>] John DOE (admin) de INASSA  a réinitialisé le compte de l'utilisateur  Hollyn DERISSE
[<b>25/07/2017 03:08:05 pm</b>] John DOE (admin) de INASSA  s'est déconnecté  
[<b>25/07/2017 03:08:18 pm</b>] Hollyn DERISSE (user) de INASSA  s'est connecté   
[<b>25/07/2017 03:08:18 pm</b>] Hollyn DERISSE (user) de INASSA est allé dans ACCUEIL 
[<b>25/07/2017 03:08:26 pm</b>] Hollyn DERISSE (user) de INASSA  a changé son mot de passe  
[<b>25/07/2017 03:08:26 pm</b>] Hollyn DERISSE (user) de INASSA est allé dans ACCUEIL 
[<b>25/07/2017 03:09:14 pm</b>] Hollyn DERISSE (user) de INASSA  s'est déconnecté  
[<b>25/07/2017 03:09:28 pm</b>] John DOE (admin) de INASSA  s'est connecté   
[<b>25/07/2017 03:09:29 pm</b>] John DOE (admin) de INASSA est allé dans ACCUEIL 
[<b>25/07/2017 03:09:31 pm</b>] John DOE (admin) de INASSA  est allé dans PARAMETRES  
[<b>25/07/2017 03:09:36 pm</b>] John DOE (admin) de INASSA  a changé le rôle de l'utilisateur  Hollyn DERISSE
[<b>25/07/2017 03:09:39 pm</b>] John DOE (admin) de INASSA  s'est déconnecté  
[<b>25/07/2017 03:10:07 pm</b>] Hollyn DERISSE (admin) de INASSA  s'est connecté   
[<b>25/07/2017 03:10:07 pm</b>] Hollyn DERISSE (admin) de INASSA est allé dans ACCUEIL 
[<b>25/07/2017 03:10:10 pm</b>] Hollyn DERISSE (admin) de INASSA  est allé dans PARAMETRES  
[<b>25/07/2017 03:14:56 pm</b>] Hollyn DERISSE (admin) de INASSA  est allé dans PARAMETRES  
[<b>25/07/2017 03:15:26 pm</b>] Hollyn DERISSE (admin) de INASSA a enregistré l'utilisateur  Hollyn DERISSE / hollyn.derisse / hollyn.derisse@esih.edu / Admin / Actif
[<b>25/07/2017 03:15:27 pm</b>] Hollyn DERISSE (admin) de INASSA  est allé dans PARAMETRES  
[<b>25/07/2017 03:20:03 pm</b>] Hollyn DERISSE (admin) de INASSA  est allé dans PARAMETRES  
[<b>25/07/2017 03:20:14 pm</b>] Hollyn DERISSE (admin) de INASSA  a réinitialisé le compte de l'utilisateur  Hollyn DERISSE
[<b>25/07/2017 03:28:28 pm</b>] Hollyn DERISSE (admin) de INASSA  est allé dans PARAMETRES  
[<b>25/07/2017 03:28:35 pm</b>] Hollyn DERISSE (admin) de INASSA  a réinitialisé le compte de l'utilisateur  Hollyn DERISSE
[<b>25/07/2017 03:45:05 pm</b>] Hollyn DERISSE (admin) de INASSA  s'est déconnecté  
[<b>25/07/2017 03:45:25 pm</b>] John DOE (admin) de INASSA  s'est connecté   
[<b>25/07/2017 03:45:25 pm</b>] John DOE (admin) de INASSA est allé dans ACCUEIL 
[<b>25/07/2017 03:45:33 pm</b>] John DOE (admin) de INASSA  est allé dans PARAMETRES  
[<b>25/07/2017 03:47:05 pm</b>] John DOE (admin) de INASSA  est allé dans PARAMETRES  
[<b>25/07/2017 03:47:20 pm</b>] John DOE (admin) de INASSA  est allé dans PARAMETRES  
[<b>25/07/2017 03:47:50 pm</b>] John DOE (admin) de INASSA  est allé dans PARAMETRES  
[<b>25/07/2017 03:48:15 pm</b>] John DOE (admin) de INASSA a enregistré l'utilisateur  Hollyn DERISSE / hollyn_derisse / hollynderisse93@gmail.com / Admin / Actif
[<b>25/07/2017 03:48:15 pm</b>] John DOE (admin) de INASSA  est allé dans PARAMETRES  
[<b>25/07/2017 03:48:53 pm</b>] John DOE (admin) de INASSA a enregistré l'utilisateur  Hollyn DERISSE / hollyn.derisse / hollyn.derisse@esih.edu / Médecin / Actif
[<b>25/07/2017 03:48:53 pm</b>] John DOE (admin) de INASSA  est allé dans PARAMETRES  
[<b>25/07/2017 03:49:55 pm</b>] John DOE (admin) de INASSA  a réinitialisé le compte de l'utilisateur  Hollyn DERISSE
[<b>25/07/2017 03:56:00 pm</b>] John DOE (admin) de INASSA  a réinitialisé le compte de l'utilisateur  Hollyn DERISSE
[<b>25/07/2017 03:56:32 pm</b>] John DOE (admin) de INASSA  a réinitialisé le compte de l'utilisateur  Hollyn DERISSE
[<b>25/07/2017 04:00:45 pm</b>] John DOE (admin) de INASSA  a réinitialisé le compte de l'utilisateur  Hollyn DERISSE
[<b>25/07/2017 04:01:07 pm</b>] John DOE (admin) de INASSA  a réinitialisé le compte de l'utilisateur  Hollyn DERISSE
[<b>25/07/2017 09:52:50 pm</b>] John DOE (admin) de INASSA  s'est connecté   
[<b>25/07/2017 09:52:51 pm</b>] John DOE (admin) de INASSA est allé dans ACCUEIL 
[<b>25/07/2017 09:52:59 pm</b>] John DOE (admin) de INASSA  est allé dans HISTORIQUE 
[<b>25/07/2017 09:53:26 pm</b>] John DOE (admin) de INASSA  est allé dans PARAMETRES  
[<b>25/07/2017 09:54:20 pm</b>] John DOE (admin) de INASSA  s'est déconnecté  
[<b>25/07/2017 09:54:53 pm</b>] John DOE (admin) de INASSA  s'est connecté   
[<b>25/07/2017 09:54:54 pm</b>] John DOE (admin) de INASSA est allé dans ACCUEIL 
[<b>25/07/2017 09:55:01 pm</b>] John DOE (admin) de INASSA est allé dans ACCUEIL 
[<b>25/07/2017 09:55:07 pm</b>] John DOE (admin) de INASSA  est allé dans PARAMETRES  
[<b>25/07/2017 09:55:11 pm</b>] John DOE (admin) de INASSA  est allé dans HISTORIQUE 
