[<b>21/06/2017 11:02:19 am</b>] Hollyn DERISSE (admin) de INASSA  s'est connecté   
[<b>21/06/2017 11:02:19 am</b>] Hollyn DERISSE (admin) de INASSA est allé dans ACCUEIL 
[<b>21/06/2017 11:02:23 am</b>] Hollyn DERISSE (admin) de INASSA  est allé dana HISTORIQUE 
[<b>21/06/2017 11:03:44 am</b>] Hollyn DERISSE (admin) de INASSA est allé dans ACCUEIL 
[<b>21/06/2017 11:03:57 am</b>] Hollyn DERISSE (admin) de INASSA  est allé dana HISTORIQUE 
[<b>21/06/2017 11:04:44 am</b>] Hollyn DERISSE (admin) de INASSA a vérifié l'historique du client SEBASTIEN MEROVE-PIERRE
[<b>21/06/2017 11:04:48 am</b>] Hollyn DERISSE (admin) de INASSA est allé dans ACCUEIL 
[<b>21/06/2017 11:05:14 am</b>] Hollyn DERISSE (admin) de INASSA a recherché le client SEBASTIEN MEROVE-PIERRE
[<b>21/06/2017 11:05:22 am</b>] Hollyn DERISSE (admin) de INASSA a vérifié l'historique du client SEBASTIEN MEROVE-PIERRE
[<b>21/06/2017 11:10:22 am</b>] Hollyn DERISSE (admin) de INASSA  est allé dans PARAMETRES  
[<b>21/06/2017 11:10:30 am</b>] Hollyn DERISSE (admin) de INASSA  a changé le rôle de l'utilisateur  Test GEOFFREY
[<b>21/06/2017 11:10:35 am</b>] Hollyn DERISSE (admin) de INASSA  s'est déconnecté  
[<b>21/06/2017 02:03:58 pm</b>] Hollyn DERISSE (admin) de INASSA  s'est connecté   
[<b>21/06/2017 02:03:58 pm</b>] Hollyn DERISSE (admin) de INASSA est allé dans ACCUEIL 
[<b>21/06/2017 02:04:41 pm</b>] Hollyn DERISSE (admin) de INASSA  est allé dans PARAMETRES  
[<b>21/06/2017 02:05:06 pm</b>] Hollyn DERISSE (admin) de INASSA  est allé dana HISTORIQUE 
[<b>21/06/2017 08:52:39 pm</b>] Hollyn DERISSE (admin) de INASSA  s'est connecté   
[<b>21/06/2017 08:52:39 pm</b>] Hollyn DERISSE (admin) de INASSA est allé dans ACCUEIL 
[<b>21/06/2017 08:54:55 pm</b>] Hollyn DERISSE (admin) de INASSA  est allé dana HISTORIQUE 
[<b>21/06/2017 08:55:30 pm</b>] Hollyn DERISSE (admin) de INASSA  est allé dans PARAMETRES  
[<b>21/06/2017 08:55:39 pm</b>] Hollyn DERISSE (admin) de INASSA  a changé le rôle de l'utilisateur  Lorkens SCHNEIDER
[<b>21/06/2017 08:55:43 pm</b>] Hollyn DERISSE (admin) de INASSA  a changé le status de l'utilisateur  Lorkens SCHNEIDER
[<b>21/06/2017 08:56:47 pm</b>] Hollyn DERISSE (admin) de INASSA  est allé dana HISTORIQUE 
[<b>21/06/2017 08:56:53 pm</b>] Hollyn DERISSE (admin) de INASSA est allé dans ACCUEIL 
[<b>21/06/2017 08:58:23 pm</b>] Hollyn DERISSE (admin) de INASSA  est allé dana HISTORIQUE 
[<b>21/06/2017 08:59:31 pm</b>] Hollyn DERISSE (admin) de INASSA  est allé dans PARAMETRES  
[<b>21/06/2017 09:01:09 pm</b>] Hollyn DERISSE (admin) de INASSA  a changé le rôle de l'utilisateur  Test GEOFFREY
[<b>21/06/2017 09:01:13 pm</b>] Hollyn DERISSE (admin) de INASSA  a changé le rôle de l'utilisateur  Lorkens SCHNEIDER
[<b>21/06/2017 09:01:16 pm</b>] Hollyn DERISSE (admin) de INASSA  a changé le status de l'utilisateur  Lorkens SCHNEIDER
