[<b>27/06/2017 10:16:36 am</b>] John DOE (admin) de INASSA  s'est connecté   
[<b>27/06/2017 10:16:36 am</b>] John DOE (admin) de INASSA est allé dans ACCUEIL 
[<b>27/06/2017 10:16:41 am</b>] John DOE (admin) de INASSA  est allé dans PARAMETRES  
[<b>27/06/2017 10:17:13 am</b>] John DOE (admin) de INASSA a enregistré l'utilisateur  Lorkens SCHNEIDER / lorkens_schneider / hollyn.derisse@esih.edu / Médecin / Actif
[<b>27/06/2017 10:17:13 am</b>] John DOE (admin) de INASSA  est allé dans PARAMETRES  
[<b>27/06/2017 12:39:25 pm</b>] John DOE (admin) de INASSA  s'est connecté   
[<b>27/06/2017 12:39:25 pm</b>] John DOE (admin) de INASSA est allé dans ACCUEIL 
[<b>27/06/2017 12:39:39 pm</b>] John DOE (admin) de INASSA  a changé son mot de passe  
[<b>27/06/2017 12:39:39 pm</b>] John DOE (admin) de INASSA est allé dans ACCUEIL 
[<b>27/06/2017 12:39:43 pm</b>] John DOE (admin) de INASSA  s'est déconnecté  
[<b>27/06/2017 12:39:59 pm</b>] John DOE (admin) de INASSA  s'est connecté   
[<b>27/06/2017 12:39:59 pm</b>] John DOE (admin) de INASSA est allé dans ACCUEIL 
[<b>27/06/2017 12:40:24 pm</b>] John DOE (admin) de INASSA  est allé dans PARAMETRES  
[<b>27/06/2017 12:40:39 pm</b>] John DOE (admin) de INASSA  a changé son mot de passe  
[<b>27/06/2017 12:40:39 pm</b>] John DOE (admin) de INASSA est allé dans ACCUEIL 
[<b>27/06/2017 12:40:44 pm</b>] John DOE (admin) de INASSA  est allé dana HISTORIQUE 
[<b>27/06/2017 12:50:52 pm</b>] John DOE (admin) de INASSA  est allé dana HISTORIQUE 
[<b>27/06/2017 12:51:14 pm</b>] John DOE (admin) de INASSA  est allé dana HISTORIQUE 
[<b>27/06/2017 12:52:44 pm</b>] John DOE (admin) de INASSA  est allé dana HISTORIQUE 
[<b>27/06/2017 01:14:24 pm</b>] John DOE (admin) de INASSA  est allé dana HISTORIQUE 
[<b>27/06/2017 01:14:27 pm</b>] John DOE (admin) de INASSA  est allé dana HISTORIQUE 
[<b>27/06/2017 01:15:05 pm</b>] John DOE (admin) de INASSA  est allé dana HISTORIQUE 
[<b>27/06/2017 01:19:34 pm</b>] John DOE (admin) de INASSA  est allé dana HISTORIQUE 
[<b>27/06/2017 01:19:47 pm</b>] John DOE (admin) de INASSA  est allé dana HISTORIQUE 
[<b>27/06/2017 01:22:06 pm</b>] John DOE (admin) de INASSA  est allé dana HISTORIQUE 
[<b>27/06/2017 01:22:25 pm</b>] John DOE (admin) de INASSA  est allé dana HISTORIQUE 
[<b>27/06/2017 01:23:01 pm</b>] John DOE (admin) de INASSA  est allé dana HISTORIQUE 
[<b>27/06/2017 01:23:24 pm</b>] John DOE (admin) de INASSA  est allé dana HISTORIQUE 
[<b>27/06/2017 01:47:02 pm</b>] John DOE (admin) de INASSA  est allé dana HISTORIQUE 
[<b>27/06/2017 01:49:30 pm</b>] John DOE (admin) de INASSA  est allé dans PARAMETRES  
[<b>27/06/2017 02:09:56 pm</b>] John DOE (admin) de INASSA est allé dans ACCUEIL 
[<b>27/06/2017 02:10:11 pm</b>] John DOE (admin) de INASSA est allé dans ACCUEIL 
[<b>27/06/2017 02:10:29 pm</b>] John DOE (admin) de INASSA est allé dans ACCUEIL 
[<b>27/06/2017 02:10:46 pm</b>] John DOE (admin) de INASSA est allé dans ACCUEIL 
[<b>27/06/2017 02:12:01 pm</b>] John DOE (admin) de INASSA est allé dans ACCUEIL 
[<b>27/06/2017 02:12:29 pm</b>] John DOE (admin) de INASSA est allé dans ACCUEIL 
[<b>27/06/2017 02:13:08 pm</b>] John DOE (admin) de INASSA est allé dans ACCUEIL 
[<b>27/06/2017 02:16:24 pm</b>] John DOE (admin) de INASSA est allé dans ACCUEIL 
[<b>27/06/2017 02:17:24 pm</b>] John DOE (admin) de INASSA est allé dans ACCUEIL 
[<b>27/06/2017 02:17:28 pm</b>] John DOE (admin) de INASSA est allé dans ACCUEIL 
[<b>27/06/2017 02:17:32 pm</b>] John DOE (admin) de INASSA  est allé dana HISTORIQUE 
[<b>27/06/2017 02:18:17 pm</b>] John DOE (admin) de INASSA est allé dans ACCUEIL 
[<b>27/06/2017 02:20:34 pm</b>] John DOE (admin) de INASSA est allé dans ACCUEIL 
[<b>27/06/2017 02:20:56 pm</b>] John DOE (admin) de INASSA est allé dans ACCUEIL 
[<b>27/06/2017 02:23:14 pm</b>] John DOE (admin) de INASSA est allé dans ACCUEIL 
[<b>27/06/2017 02:23:39 pm</b>] John DOE (admin) de INASSA est allé dans ACCUEIL 
[<b>27/06/2017 02:31:16 pm</b>] John DOE (admin) de INASSA est allé dans ACCUEIL 
[<b>27/06/2017 03:28:07 pm</b>] John DOE (admin) de INASSA  s'est connecté   
[<b>27/06/2017 03:28:07 pm</b>] John DOE (admin) de INASSA est allé dans ACCUEIL 
[<b>27/06/2017 03:28:56 pm</b>] John DOE (admin) de INASSA  est allé dana HISTORIQUE 
[<b>27/06/2017 03:30:17 pm</b>] John DOE (admin) de INASSA  est allé dana HISTORIQUE 
