[<b>13/11/2017 11:48:48 am</b>] Hollyn DERISSE (user) de INASSA  s'est connecté   
[<b>13/11/2017 11:48:48 am</b>] Hollyn DERISSE (user) de INASSA est allé dans ACCUEIL 
[<b>13/11/2017 11:54:31 am</b>] Hollyn DERISSE (user) de INASSA  s'est déconnecté  
[<b>13/11/2017 11:54:38 am</b>] John DOE (admin) de INASSA  s'est connecté   
[<b>13/11/2017 11:54:39 am</b>] John DOE (admin) de INASSA est allé dans ACCUEIL 
[<b>13/11/2017 11:54:42 am</b>] John DOE (admin) de INASSA  est allé dans PARAMETRES  
[<b>13/11/2017 11:54:48 am</b>] John DOE (admin) de INASSA  a changé le rôle de l'utilisateur  Hollyn DERISSE
[<b>13/11/2017 11:54:52 am</b>] John DOE (admin) de INASSA  s'est déconnecté  
[<b>13/11/2017 11:54:54 am</b>] Hollyn DERISSE (admin) de INASSA  s'est connecté   
[<b>13/11/2017 11:54:55 am</b>] Hollyn DERISSE (admin) de INASSA est allé dans ACCUEIL 
[<b>13/11/2017 11:55:03 am</b>] Hollyn DERISSE (admin) de INASSA  est allé dans PARAMETRES  
[<b>13/11/2017 11:55:07 am</b>] Hollyn DERISSE (admin) de INASSA  a changé le status de l'utilisateur  John DOE
[<b>13/11/2017 11:55:11 am</b>] Hollyn DERISSE (admin) de INASSA  s'est déconnecté  
[<b>13/11/2017 11:55:20 am</b>]   () de   s'est déconnecté  
[<b>13/11/2017 11:55:30 am</b>] Hollyn DERISSE (admin) de INASSA  s'est connecté   
[<b>13/11/2017 11:55:30 am</b>] Hollyn DERISSE (admin) de INASSA est allé dans ACCUEIL 
[<b>13/11/2017 11:55:33 am</b>] Hollyn DERISSE (admin) de INASSA  est allé dans PARAMETRES  
[<b>13/11/2017 11:55:36 am</b>] Hollyn DERISSE (admin) de INASSA  a changé le status de l'utilisateur  John DOE
[<b>13/11/2017 11:55:40 am</b>] Hollyn DERISSE (admin) de INASSA  s'est déconnecté  
[<b>13/11/2017 11:55:43 am</b>] Hollyn DERISSE (admin) de INASSA  s'est connecté   
[<b>13/11/2017 11:55:43 am</b>] Hollyn DERISSE (admin) de INASSA est allé dans ACCUEIL 
[<b>13/11/2017 11:55:45 am</b>] Hollyn DERISSE (admin) de INASSA  s'est déconnecté  
[<b>13/11/2017 11:55:55 am</b>] John DOE (admin) de INASSA  s'est connecté   
[<b>13/11/2017 11:55:55 am</b>] John DOE (admin) de INASSA est allé dans ACCUEIL 
[<b>13/11/2017 11:56:00 am</b>] John DOE (admin) de INASSA  est allé dans PARAMETRES  
[<b>13/11/2017 11:56:04 am</b>] John DOE (admin) de INASSA  a changé le status de l'utilisateur  Hollyn DERISSE
[<b>13/11/2017 11:56:09 am</b>] John DOE (admin) de INASSA  s'est déconnecté  
[<b>13/11/2017 11:56:10 am</b>]   () de   s'est déconnecté  
[<b>13/11/2017 11:58:58 am</b>] John DOE (admin) de INASSA  s'est connecté   
[<b>13/11/2017 11:58:58 am</b>] John DOE (admin) de INASSA est allé dans ACCUEIL 
[<b>13/11/2017 11:59:03 am</b>] John DOE (admin) de INASSA  est allé dans PARAMETRES  
[<b>13/11/2017 11:59:06 am</b>] John DOE (admin) de INASSA  a changé le status de l'utilisateur  Hollyn DERISSE
[<b>13/11/2017 12:05:01 pm</b>] Hollyn DERISSE (admin) de INASSA  s'est connecté   
[<b>13/11/2017 12:05:01 pm</b>] Hollyn DERISSE (admin) de INASSA est allé dans ACCUEIL 
[<b>13/11/2017 12:06:33 pm</b>] Hollyn DERISSE (admin) de INASSA  s'est connecté   
[<b>13/11/2017 12:06:33 pm</b>] Hollyn DERISSE (admin) de INASSA est allé dans ACCUEIL 
[<b>13/11/2017 12:06:37 pm</b>] Hollyn DERISSE (admin) de INASSA  est allé dans HISTORIQUE 
[<b>13/11/2017 12:24:39 pm</b>] Hollyn DERISSE (admin) de INASSA  s'est connecté   
[<b>13/11/2017 12:24:39 pm</b>] Hollyn DERISSE (admin) de INASSA est allé dans ACCUEIL 
[<b>13/11/2017 12:25:09 pm</b>] Hollyn DERISSE (admin) de INASSA  s'est déconnecté  
