[<b>06/07/2017 02:27:07 pm</b>] John DOE (admin) de INASSA  s'est connecté   
[<b>06/07/2017 02:27:08 pm</b>] John DOE (admin) de INASSA est allé dans ACCUEIL 
[<b>06/07/2017 02:27:26 pm</b>] John DOE (admin) de INASSA est allé dans ACCUEIL 
[<b>06/07/2017 02:28:20 pm</b>] John DOE (admin) de INASSA est allé dans ACCUEIL 
[<b>06/07/2017 02:29:03 pm</b>] John DOE (admin) de INASSA est allé dans ACCUEIL 
[<b>06/07/2017 02:29:19 pm</b>] John DOE (admin) de INASSA est allé dans ACCUEIL 
[<b>06/07/2017 02:29:31 pm</b>] John DOE (admin) de INASSA est allé dans ACCUEIL 
[<b>06/07/2017 02:30:24 pm</b>] John DOE (admin) de INASSA est allé dans ACCUEIL 
[<b>06/07/2017 02:33:04 pm</b>] John DOE (admin) de INASSA  est allé dans PARAMETRES  
[<b>06/07/2017 02:47:34 pm</b>] John DOE (admin) de INASSA est allé dans ACCUEIL 
[<b>06/07/2017 02:47:47 pm</b>] John DOE (admin) de INASSA  s'est déconnecté  
[<b>06/07/2017 02:48:06 pm</b>] John DOE (admin) de INASSA  s'est connecté   
[<b>06/07/2017 02:48:06 pm</b>] John DOE (admin) de INASSA est allé dans ACCUEIL 
[<b>06/07/2017 02:48:13 pm</b>] John DOE (admin) de INASSA  s'est déconnecté  
[<b>06/07/2017 02:50:02 pm</b>] John DOE (admin) de INASSA  s'est connecté   
[<b>06/07/2017 02:50:03 pm</b>] John DOE (admin) de INASSA est allé dans ACCUEIL 
[<b>06/07/2017 02:50:23 pm</b>] John DOE (admin) de INASSA  est allé dans PARAMETRES  
[<b>06/07/2017 02:51:07 pm</b>] John DOE (admin) de INASSA a enregistré l'utilisateur  Hollyn DERISSE / hollyn_derisse / hollyn.derisse@esih.edu / Admin / Actif
[<b>06/07/2017 02:51:08 pm</b>] John DOE (admin) de INASSA  est allé dans PARAMETRES  
[<b>06/07/2017 02:51:15 pm</b>] John DOE (admin) de INASSA  s'est déconnecté  
[<b>06/07/2017 02:54:49 pm</b>] Hollyn DERISSE (admin) de INASSA  s'est connecté   
[<b>06/07/2017 02:54:49 pm</b>] Hollyn DERISSE (admin) de INASSA est allé dans ACCUEIL 
[<b>06/07/2017 02:55:01 pm</b>] Hollyn DERISSE (admin) de INASSA  a changé son mot de passe  
[<b>06/07/2017 02:55:01 pm</b>] Hollyn DERISSE (admin) de INASSA est allé dans ACCUEIL 
[<b>06/07/2017 02:56:08 pm</b>] Hollyn DERISSE (admin) de INASSA  s'est déconnecté  
