[<b>11/10/2017 03:37:37 pm</b>] John DOE (admin) de INASSA  s'est connecté   
[<b>11/10/2017 03:37:38 pm</b>] John DOE (admin) de INASSA est allé dans ACCUEIL 
[<b>11/10/2017 03:37:52 pm</b>] John DOE (admin) de INASSA  est allé dans PARAMETRES  
[<b>11/10/2017 03:38:11 pm</b>] John DOE (admin) de INASSA  a réinitialisé le compte de l'utilisateur  Hollyn DERISSE
[<b>11/10/2017 03:40:52 pm</b>] John DOE (admin) de INASSA  s'est déconnecté  
[<b>11/10/2017 03:41:07 pm</b>] Hollyn DERISSE (medecin) de Canapé vert  s'est connecté   
[<b>11/10/2017 03:41:08 pm</b>] Hollyn DERISSE (medecin) de Canapé vert est allé dans ACCUEIL 
[<b>11/10/2017 03:41:22 pm</b>] Hollyn DERISSE (medecin) de Canapé vert  a changé son mot de passe  
[<b>11/10/2017 03:41:22 pm</b>] Hollyn DERISSE (medecin) de Canapé vert est allé dans ACCUEIL 
[<b>11/10/2017 03:41:57 pm</b>] Hollyn DERISSE (medecin) de Canapé vert  s'est déconnecté  
[<b>11/10/2017 03:42:14 pm</b>] John DOE (admin) de INASSA  s'est connecté   
[<b>11/10/2017 03:42:14 pm</b>] John DOE (admin) de INASSA est allé dans ACCUEIL 
[<b>11/10/2017 03:42:21 pm</b>] John DOE (admin) de INASSA  est allé dans HISTORIQUE 
[<b>11/10/2017 03:43:23 pm</b>] John DOE (admin) de INASSA  est allé dans HISTORIQUE 
[<b>11/10/2017 03:43:28 pm</b>] John DOE (admin) de INASSA est allé dans ACCUEIL 
[<b>11/10/2017 03:43:32 pm</b>] John DOE (admin) de INASSA  est allé dans HISTORIQUE 
[<b>11/10/2017 03:43:37 pm</b>] John DOE (admin) de INASSA  est allé dans PARAMETRES  
[<b>11/10/2017 03:43:58 pm</b>] John DOE (admin) de INASSA  s'est déconnecté  
[<b>11/10/2017 03:45:15 pm</b>] Hollyn DERISSE (user) de INASSA  s'est connecté   
[<b>11/10/2017 03:45:16 pm</b>] Hollyn DERISSE (user) de INASSA est allé dans ACCUEIL 
[<b>11/10/2017 03:45:39 pm</b>] Hollyn DERISSE (user) de INASSA  a changé son mot de passe  
[<b>11/10/2017 03:45:40 pm</b>] Hollyn DERISSE (user) de INASSA est allé dans ACCUEIL 
[<b>11/10/2017 03:45:54 pm</b>] Hollyn DERISSE (user) de INASSA  est allé dans HISTORIQUE 
[<b>11/10/2017 03:48:36 pm</b>] Hollyn DERISSE (user) de INASSA  s'est déconnecté  
[<b>11/10/2017 03:49:29 pm</b>] John DOE (admin) de INASSA  s'est connecté   
[<b>11/10/2017 03:49:30 pm</b>] John DOE (admin) de INASSA est allé dans ACCUEIL 
[<b>11/10/2017 03:49:41 pm</b>] John DOE (admin) de INASSA  est allé dans PARAMETRES  
[<b>11/10/2017 03:49:56 pm</b>] John DOE (admin) de INASSA  est allé dans HISTORIQUE 
[<b>11/10/2017 03:50:07 pm</b>] John DOE (admin) de INASSA  s'est déconnecté  
[<b>11/10/2017 04:26:02 pm</b>] Hollyn DERISSE (user) de INASSA  s'est connecté   
[<b>11/10/2017 04:26:02 pm</b>] Hollyn DERISSE (user) de INASSA est allé dans ACCUEIL 
[<b>11/10/2017 04:26:43 pm</b>] Hollyn DERISSE (user) de INASSA  s'est déconnecté  
[<b>11/10/2017 04:26:56 pm</b>] John DOE (admin) de INASSA  s'est connecté   
[<b>11/10/2017 04:26:57 pm</b>] John DOE (admin) de INASSA est allé dans ACCUEIL 
[<b>11/10/2017 04:27:00 pm</b>] John DOE (admin) de INASSA  est allé dans PARAMETRES  
[<b>11/10/2017 04:27:05 pm</b>] John DOE (admin) de INASSA  a changé le rôle de l'utilisateur  Hollyn DERISSE
[<b>11/10/2017 04:27:08 pm</b>] John DOE (admin) de INASSA  a changé le status de l'utilisateur  Hollyn DERISSE
[<b>11/10/2017 04:27:13 pm</b>] John DOE (admin) de INASSA  a changé le status de l'utilisateur  Hollyn DERISSE
[<b>11/10/2017 04:27:20 pm</b>] John DOE (admin) de INASSA  a réinitialisé le compte de l'utilisateur  Hollyn DERISSE
[<b>11/10/2017 04:30:36 pm</b>] John DOE (admin) de INASSA  a changé le rôle de l'utilisateur  Hollyn DERISSE
[<b>11/10/2017 04:30:53 pm</b>] John DOE (admin) de INASSA  est allé dans HISTORIQUE 
[<b>11/10/2017 04:31:00 pm</b>] John DOE (admin) de INASSA  s'est déconnecté  
