[<b>30/08/2017 02:38:03 pm</b>] John DOE (admin) de INASSA  s'est connect√©   
[<b>30/08/2017 02:38:04 pm</b>] John DOE (admin) de INASSA est all√© dans ACCUEIL 
[<b>30/08/2017 02:38:34 pm</b>] John DOE (admin) de INASSA a recherch√© le client S M
[<b>30/08/2017 02:40:12 pm</b>] John DOE (admin) de INASSA a recherch√© le client S M
[<b>30/08/2017 02:46:54 pm</b>] John DOE (admin) de INASSA a recherch√© le client S M
[<b>30/08/2017 02:49:33 pm</b>] John DOE (admin) de INASSA a recherch√© le client S M
[<b>30/08/2017 02:52:12 pm</b>] John DOE (admin) de INASSA a recherch√© le client S M
[<b>30/08/2017 02:54:09 pm</b>] John DOE (admin) de INASSA a recherch√© le client S M
[<b>30/08/2017 02:54:19 pm</b>] John DOE (admin) de INASSA a v√©rifi√© l'historique du client ROSE GUERDINE MENARD
[<b>30/08/2017 02:54:46 pm</b>] John DOE (admin) de INASSA est all√© dans ACCUEIL 
[<b>30/08/2017 02:55:06 pm</b>] John DOE (admin) de INASSA a recherch√© le client S M
[<b>30/08/2017 02:56:27 pm</b>] John DOE (admin) de INASSA a recherch√© le client S M
[<b>30/08/2017 02:57:19 pm</b>] John DOE (admin) de INASSA a recherch√© le client S M
[<b>30/08/2017 02:57:33 pm</b>] John DOE (admin) de INASSA a recherch√© le client S M
[<b>30/08/2017 02:57:40 pm</b>] John DOE (admin) de INASSA a v√©rifi√© l'historique du client SœøΩBASTIEN MœøΩROVœøΩ-PIERRE
[<b>30/08/2017 02:58:34 pm</b>] John DOE (admin) de INASSA est all√© dans ACCUEIL 
[<b>30/08/2017 02:58:56 pm</b>] John DOE (admin) de INASSA a recherch√© le client S M
[<b>30/08/2017 03:01:13 pm</b>] John DOE (admin) de INASSA a recherch√© le client S M
[<b>30/08/2017 03:01:57 pm</b>] John DOE (admin) de INASSA a recherch√© le client S M
[<b>30/08/2017 03:02:27 pm</b>] John DOE (admin) de INASSA a recherch√© le client S M
[<b>30/08/2017 03:02:41 pm</b>] John DOE (admin) de INASSA a recherch√© le client S M
[<b>30/08/2017 03:03:41 pm</b>] John DOE (admin) de INASSA a recherch√© le client S M
[<b>30/08/2017 03:04:12 pm</b>] John DOE (admin) de INASSA a recherch√© le client S M
[<b>30/08/2017 03:04:24 pm</b>] John DOE (admin) de INASSA a recherch√© le client S M
[<b>30/08/2017 03:04:53 pm</b>] John DOE (admin) de INASSA a recherch√© le client S M
[<b>30/08/2017 03:06:32 pm</b>] John DOE (admin) de INASSA a recherch√© le client S M
[<b>30/08/2017 03:06:45 pm</b>] John DOE (admin) de INASSA a recherch√© le client S M
[<b>30/08/2017 03:07:00 pm</b>] John DOE (admin) de INASSA a v√©rifi√© l'historique du client STEPHANIA SAINTELMY
[<b>30/08/2017 03:07:37 pm</b>] John DOE (admin) de INASSA est all√© dans ACCUEIL 
[<b>30/08/2017 03:07:52 pm</b>] John DOE (admin) de INASSA a recherch√© le client S M
[<b>30/08/2017 03:08:46 pm</b>] John DOE (admin) de INASSA a recherch√© le client SEBASTIEN M
[<b>30/08/2017 03:09:16 pm</b>] John DOE (admin) de INASSA a recherch√© le client S ME
[<b>30/08/2017 03:09:50 pm</b>] John DOE (admin) de INASSA a recherch√© le client S ME
[<b>30/08/2017 03:09:59 pm</b>] John DOE (admin) de INASSA a recherch√© le client S M
[<b>30/08/2017 03:10:36 pm</b>] John DOE (admin) de INASSA a recherch√© le client S MER
[<b>30/08/2017 03:10:40 pm</b>] John DOE (admin) de INASSA a v√©rifi√© l'historique du client SœøΩBASTIEN MœøΩROVœøΩ-PIERRE
[<b>30/08/2017 03:10:58 pm</b>] John DOE (admin) de INASSA  s'est d√©connect√©  
[<b>30/08/2017 03:12:07 pm</b>] John DOE (admin) de INASSA  s'est connect√©   
[<b>30/08/2017 03:12:08 pm</b>] John DOE (admin) de INASSA est all√© dans ACCUEIL 
[<b>30/08/2017 03:12:39 pm</b>] John DOE (admin) de INASSA a recherch√© le client S M
[<b>30/08/2017 03:16:14 pm</b>] John DOE (admin) de INASSA a v√©rifi√© l'historique du client SœøΩBASTIEN MœøΩROVœøΩ-PIERRE
[<b>30/08/2017 03:16:26 pm</b>] John DOE (admin) de INASSA  est all√© dans HISTORIQUE 
[<b>30/08/2017 03:17:03 pm</b>] John DOE (admin) de INASSA est all√© dans ACCUEIL 
[<b>30/08/2017 03:21:20 pm</b>] John DOE (admin) de INASSA a recherch√© le client S M
[<b>30/08/2017 03:28:32 pm</b>] John DOE (admin) de INASSA a recherch√© le client S M
[<b>30/08/2017 03:28:55 pm</b>] John DOE (admin) de INASSA a recherch√© le client S M
[<b>30/08/2017 03:33:01 pm</b>] John DOE (admin) de INASSA a recherch√© le client S M
[<b>30/08/2017 03:40:19 pm</b>] John DOE (admin) de INASSA a recherch√© le client S M
[<b>30/08/2017 03:41:44 pm</b>] John DOE (admin) de INASSA a recherch√© le client S M
[<b>30/08/2017 03:42:51 pm</b>] John DOE (admin) de INASSA a recherch√© le client S M
[<b>30/08/2017 03:45:34 pm</b>] John DOE (admin) de INASSA a recherch√© le client S M
[<b>30/08/2017 03:47:18 pm</b>] John DOE (admin) de INASSA a recherch√© le client S M
[<b>30/08/2017 03:51:41 pm</b>] John DOE (admin) de INASSA a recherch√© le client S M
[<b>30/08/2017 03:51:50 pm</b>] John DOE (admin) de INASSA a recherch√© le client S M
[<b>30/08/2017 03:51:57 pm</b>] John DOE (admin) de INASSA a recherch√© le client S M
[<b>30/08/2017 03:55:48 pm</b>] John DOE (admin) de INASSA a recherch√© le client S M
[<b>30/08/2017 03:56:01 pm</b>] John DOE (admin) de INASSA a recherch√© le client S M
[<b>30/08/2017 03:59:45 pm</b>] John DOE (admin) de INASSA a recherch√© le client S M
[<b>30/08/2017 04:00:03 pm</b>] John DOE (admin) de INASSA a recherch√© le client S M
[<b>30/08/2017 04:04:13 pm</b>] John DOE (admin) de INASSA a recherch√© le client S M
[<b>30/08/2017 04:05:20 pm</b>] John DOE (admin) de INASSA a recherch√© le client S M
[<b>30/08/2017 04:08:59 pm</b>] John DOE (admin) de INASSA a recherch√© le client S M
[<b>30/08/2017 04:09:40 pm</b>] John DOE (admin) de INASSA a recherch√© le client S M
[<b>30/08/2017 04:09:57 pm</b>] John DOE (admin) de INASSA a recherch√© le client S M
[<b>30/08/2017 04:10:18 pm</b>] John DOE (admin) de INASSA a recherch√© le client S M
[<b>30/08/2017 04:11:32 pm</b>] John DOE (admin) de INASSA a recherch√© le client S M
[<b>30/08/2017 04:13:07 pm</b>] John DOE (admin) de INASSA a recherch√© le client S M
[<b>30/08/2017 04:16:07 pm</b>] John DOE (admin) de INASSA a recherch√© le client S M
[<b>30/08/2017 04:16:34 pm</b>] John DOE (admin) de INASSA a recherch√© le client S M
[<b>30/08/2017 04:24:23 pm</b>] John DOE (admin) de INASSA a recherch√© le client S M
[<b>30/08/2017 04:25:09 pm</b>] John DOE (admin) de INASSA a recherch√© le client S M
[<b>30/08/2017 04:25:31 pm</b>] John DOE (admin) de INASSA a recherch√© le client S M
[<b>30/08/2017 04:26:02 pm</b>] John DOE (admin) de INASSA a recherch√© le client S M
[<b>30/08/2017 04:26:22 pm</b>] John DOE (admin) de INASSA a recherch√© le client S M
[<b>30/08/2017 04:27:54 pm</b>] John DOE (admin) de INASSA a recherch√© le client S M
[<b>30/08/2017 04:28:06 pm</b>] John DOE (admin) de INASSA a recherch√© le client S M
[<b>30/08/2017 04:28:16 pm</b>] John DOE (admin) de INASSA a v√©rifi√© l'historique du client SœøΩBASTIEN MœøΩROVœøΩ-PIERRE
[<b>30/08/2017 04:28:31 pm</b>] John DOE (admin) de INASSA est all√© dans ACCUEIL 
[<b>30/08/2017 04:28:50 pm</b>] John DOE (admin) de INASSA a recherch√© le client S M
[<b>30/08/2017 04:31:13 pm</b>] John DOE (admin) de INASSA a recherch√© le client S M
[<b>30/08/2017 04:31:28 pm</b>] John DOE (admin) de INASSA a recherch√© le client S M
[<b>30/08/2017 04:32:25 pm</b>] John DOE (admin) de INASSA a recherch√© le client S M
[<b>30/08/2017 04:32:32 pm</b>] John DOE (admin) de INASSA a recherch√© le client S M
[<b>30/08/2017 04:32:40 pm</b>] John DOE (admin) de INASSA a recherch√© le client S M
[<b>30/08/2017 04:35:55 pm</b>] John DOE (admin) de INASSA a recherch√© le client S M
[<b>30/08/2017 04:36:14 pm</b>] John DOE (admin) de INASSA a recherch√© le client S M
[<b>30/08/2017 04:37:38 pm</b>] John DOE (admin) de INASSA a recherch√© le client S M
[<b>30/08/2017 04:38:43 pm</b>] John DOE (admin) de INASSA a recherch√© le client S M
[<b>30/08/2017 04:39:08 pm</b>] John DOE (admin) de INASSA a recherch√© le client S M
[<b>30/08/2017 04:49:42 pm</b>] John DOE (admin) de INASSA a recherch√© le client S M
[<b>30/08/2017 05:44:01 pm</b>] John DOE (admin) de INASSA  s'est connect√©   
[<b>30/08/2017 05:44:02 pm</b>] John DOE (admin) de INASSA est all√© dans ACCUEIL 
[<b>30/08/2017 05:44:16 pm</b>] John DOE (admin) de INASSA a recherch√© le client S M
