[<b>23/05/2018 07:45:54 am</b>] Ralph BABOUN (medecin) de MEDLAB  s'est connecté   
[<b>23/05/2018 07:45:54 am</b>] Ralph BABOUN (medecin) de MEDLAB est allé dans ACCUEIL 
[<b>23/05/2018 07:46:28 am</b>] Ralph BABOUN (medecin) de MEDLAB a recherché le client ENA DERENONCOURT
[<b>23/05/2018 08:03:05 am</b>] Ralph BABOUN (medecin) de MEDLAB  s'est connecté   
[<b>23/05/2018 08:03:06 am</b>] Ralph BABOUN (medecin) de MEDLAB est allé dans ACCUEIL 
[<b>23/05/2018 09:03:44 am</b>] Ralph BABOUN (medecin) de MEDLAB  s'est connecté   
[<b>23/05/2018 09:03:45 am</b>] Ralph BABOUN (medecin) de MEDLAB est allé dans ACCUEIL 
[<b>23/05/2018 09:05:31 am</b>] Ralph BABOUN (medecin) de MEDLAB a recherché le client ORILIEN PIERRELUS
[<b>23/05/2018 09:18:52 am</b>] Anick DUPUY (admin) de INASSA  s'est connecté   
[<b>23/05/2018 09:18:53 am</b>] Anick DUPUY (admin) de INASSA est allé dans ACCUEIL 
[<b>23/05/2018 09:19:31 am</b>] Anick DUPUY (admin) de INASSA a recherché le client ORILIEN PIERRELUS
[<b>23/05/2018 09:24:13 am</b>] Anick DUPUY (admin) de INASSA  est allé dans HISTORIQUE 
[<b>23/05/2018 09:24:15 am</b>] Anick DUPUY (admin) de INASSA est allé dans ACCUEIL 
[<b>23/05/2018 09:25:21 am</b>] Anick DUPUY (admin) de INASSA est allé dans ACCUEIL 
[<b>23/05/2018 09:25:37 am</b>] Ralph BABOUN (medecin) de MEDLAB  s'est connecté   
[<b>23/05/2018 09:25:38 am</b>] Ralph BABOUN (medecin) de MEDLAB est allé dans ACCUEIL 
[<b>23/05/2018 09:26:01 am</b>] Sanon WIDMAIER (admin) de INASSA  s'est connecté   
[<b>23/05/2018 09:26:01 am</b>] Sanon WIDMAIER (admin) de INASSA est allé dans ACCUEIL 
[<b>23/05/2018 09:26:25 am</b>] Ralph BABOUN (medecin) de MEDLAB a recherché le client WENS JOSEPH
[<b>23/05/2018 09:28:22 am</b>] Sanon WIDMAIER (admin) de INASSA a recherché le client ORILIEN PIERRELUS
[<b>23/05/2018 09:30:00 am</b>] Sanon WIDMAIER (admin) de INASSA a recherché le client WIDMAIER SANON
[<b>23/05/2018 09:30:13 am</b>] Sanon WIDMAIER (admin) de INASSA a recherché le client WIDMAI SANON
[<b>23/05/2018 09:31:09 am</b>] Sanon WIDMAIER (admin) de INASSA a recherché le client WIDMAI SANON
[<b>23/05/2018 09:33:57 am</b>] Sanon WIDMAIER (admin) de INASSA a recherché le client DAAN PIERRELUS
[<b>23/05/2018 09:34:41 am</b>] Sanon WIDMAIER (admin) de INASSA a recherché le client DARLYNE PIERRELUS
[<b>23/05/2018 09:37:00 am</b>] Sanon WIDMAIER (admin) de INASSA a recherché le client DAAN PIERRELUS
[<b>23/05/2018 09:41:07 am</b>] Sanon WIDMAIER (admin) de INASSA a recherché le client DARLYNE PIERRELUS
[<b>23/05/2018 09:41:08 am</b>] Sanon WIDMAIER (admin) de INASSA a recherché le client DARLYNE PIERRELUS
[<b>23/05/2018 09:41:08 am</b>] Sanon WIDMAIER (admin) de INASSA est allé dans ACCUEIL 
[<b>23/05/2018 09:41:08 am</b>] Sanon WIDMAIER (admin) de INASSA est allé dans ACCUEIL 
[<b>23/05/2018 09:41:08 am</b>] Sanon WIDMAIER (admin) de INASSA est allé dans ACCUEIL 
[<b>23/05/2018 09:41:16 am</b>] Sanon WIDMAIER (admin) de INASSA est allé dans ACCUEIL 
[<b>23/05/2018 09:41:18 am</b>] Anick DUPUY (admin) de INASSA  s'est connecté   
[<b>23/05/2018 09:41:18 am</b>] Anick DUPUY (admin) de INASSA est allé dans ACCUEIL 
[<b>23/05/2018 09:41:32 am</b>] Sanon WIDMAIER (admin) de INASSA a recherché le client DARLYNE PIERRELUS
[<b>23/05/2018 09:41:46 am</b>] Anick DUPUY (admin) de INASSA a recherché le client DARLYNE PIERRELUS
[<b>23/05/2018 09:43:33 am</b>] Anick DUPUY (admin) de INASSA a recherché le client DAAN PIERRELUS
[<b>23/05/2018 09:46:49 am</b>] Sanon WIDMAIER (admin) de INASSA a recherché le client WIDMAI SANON
[<b>23/05/2018 09:48:43 am</b>] Sanon WIDMAIER (admin) de INASSA a recherché le client WIDMAI SANON
[<b>23/05/2018 09:51:18 am</b>] Sanon WIDMAIER (admin) de INASSA a recherché le client SASHA SANON
[<b>23/05/2018 09:53:04 am</b>] Sanon WIDMAIER (admin) de INASSA a recherché le client SASHA SANON
[<b>23/05/2018 09:53:40 am</b>] Sanon WIDMAIER (admin) de INASSA a recherché le client SASHA SANON
[<b>23/05/2018 09:54:46 am</b>] Sanon WIDMAIER (admin) de INASSA a recherché le client CARL LAFONTANT
[<b>23/05/2018 09:54:55 am</b>] Sanon WIDMAIER (admin) de INASSA a vérifié l'historique du client CARL LAFONTANT
[<b>23/05/2018 09:55:09 am</b>] Sanon WIDMAIER (admin) de INASSA a recherché le client CARL LAFONTANT
[<b>23/05/2018 01:58:06 pm</b>] Admin WYZDEV (admin) de INASSA  s'est connecté   
[<b>23/05/2018 01:58:07 pm</b>] Admin WYZDEV (admin) de INASSA est allé dans ACCUEIL 
[<b>23/05/2018 02:02:54 pm</b>] Admin WYZDEV (admin) de INASSA a recherché le client ORILIEN PIERRELUS
[<b>23/05/2018 02:42:37 pm</b>] Admin WYZDEV (admin) de INASSA  s'est connecté   
[<b>23/05/2018 02:42:37 pm</b>] Admin WYZDEV (admin) de INASSA est allé dans ACCUEIL 
[<b>23/05/2018 02:43:25 pm</b>] Admin WYZDEV (admin) de INASSA a recherché le client ORILIEN PIERRELUS
[<b>23/05/2018 02:47:20 pm</b>] Admin WYZDEV (admin) de INASSA  s'est connecté   
[<b>23/05/2018 02:47:20 pm</b>] Admin WYZDEV (admin) de INASSA est allé dans ACCUEIL 
[<b>23/05/2018 02:47:42 pm</b>] Admin WYZDEV (admin) de INASSA a recherché le client ORILIEN PIERRELUS
[<b>23/05/2018 02:50:41 pm</b>] Admin WYZDEV (admin) de INASSA a recherché le client D PIERRELUS
[<b>23/05/2018 02:51:45 pm</b>] Admin WYZDEV (admin) de INASSA a recherché le client DAAN PIERRELUS
[<b>23/05/2018 02:52:59 pm</b>] Admin WYZDEV (admin) de INASSA a recherché le client DARLYNE PIERRELUS
