[<b>09/11/2018 10:09:39 am</b>] Jeanine JULES (medecin) de HOPITAL DE LA COMMUNAUTE HAITIENNE  s'est connecté   
[<b>09/11/2018 10:09:41 am</b>] Jeanine JULES (medecin) de HOPITAL DE LA COMMUNAUTE HAITIENNE  s'est connecté   
[<b>09/11/2018 10:09:41 am</b>] Jeanine JULES (medecin) de HOPITAL DE LA COMMUNAUTE HAITIENNE est allé dans ACCUEIL 
[<b>09/11/2018 10:12:25 am</b>] Jeanine JULES (medecin) de HOPITAL DE LA COMMUNAUTE HAITIENNE  a recherché   sinsoit jean pieere 1993-01-21 [MM/DD/YYYY]
[<b>09/11/2018 10:13:22 am</b>] Jeanine JULES (medecin) de HOPITAL DE LA COMMUNAUTE HAITIENNE  a recherché   jean pierre sinsoit 1993-01-21 [MM/DD/YYYY]
[<b>09/11/2018 10:13:51 am</b>] Jeanine JULES (medecin) de HOPITAL DE LA COMMUNAUTE HAITIENNE  a recherché   jean pierre sainsoit 1993-01-21 [MM/DD/YYYY]
[<b>09/11/2018 11:08:39 am</b>] Maria Gabelita ASSAD (medecin) de Clinique Dr M. Gabellita Assad  s'est connecté   
[<b>09/11/2018 11:08:41 am</b>] Maria Gabelita ASSAD (medecin) de Clinique Dr M. Gabellita Assad  s'est connecté   
[<b>09/11/2018 11:09:05 am</b>] Maria Gabelita ASSAD (medecin) de Clinique Dr M. Gabellita Assad  s'est connecté   
[<b>09/11/2018 11:09:06 am</b>] Maria Gabelita ASSAD (medecin) de Clinique Dr M. Gabellita Assad est allé dans ACCUEIL 
[<b>09/11/2018 11:10:30 am</b>] Maria Gabelita ASSAD (medecin) de Clinique Dr M. Gabellita Assad a recherché le client BERLINA SEVERE 1990-06-11
[<b>09/11/2018 11:10:30 am</b>] Maria Gabelita ASSAD (medecin) de Clinique Dr M. Gabellita Assad a recherché le client BERLINA SEVERE 1990-06-11
[<b>09/11/2018 11:11:09 am</b>] Maria Gabelita ASSAD (medecin) de Clinique Dr M. Gabellita Assad est allé dans ACCUEIL 
[<b>09/11/2018 11:12:04 am</b>] Maria Gabelita ASSAD (medecin) de Clinique Dr M. Gabellita Assad a recherché le client BERLINA SEVERE 1990-06-11
[<b>09/11/2018 11:12:04 am</b>] Maria Gabelita ASSAD (medecin) de Clinique Dr M. Gabellita Assad a recherché le client BERLINA SEVERE 1990-06-11
[<b>09/11/2018 02:14:47 pm</b>] Denold MILSOIT (medecin) de CLINIQULE Dr DENOLD MILSOIT  s'est connecté   
[<b>09/11/2018 02:14:47 pm</b>] Denold MILSOIT (medecin) de CLINIQULE Dr DENOLD MILSOIT est allé dans ACCUEIL 
[<b>09/11/2018 02:16:17 pm</b>] Denold MILSOIT (medecin) de CLINIQULE Dr DENOLD MILSOIT  a recherché   ERNEUSE JEAN FRANCOIS 1971-03-07 [MM/DD/YYYY]
[<b>09/11/2018 02:17:05 pm</b>] Denold MILSOIT (medecin) de CLINIQULE Dr DENOLD MILSOIT  a recherché   JEAN FRANCOIS ERNEREUSE 1971-03-07 [MM/DD/YYYY]
[<b>09/11/2018 02:18:22 pm</b>] Denold MILSOIT (medecin) de CLINIQULE Dr DENOLD MILSOIT  a recherché   ERNEREUSE JEAN FRANCOIS 1971-03-07 [MM/DD/YYYY]
[<b>09/11/2018 02:18:52 pm</b>] Denold MILSOIT (medecin) de CLINIQULE Dr DENOLD MILSOIT  a recherché   FRANCOIS ERNEREUSE JEAN 1971-03-07 [MM/DD/YYYY]
[<b>09/11/2018 02:19:57 pm</b>] Denold MILSOIT (medecin) de CLINIQULE Dr DENOLD MILSOIT  a recherché   ERNEREUSE JEAN FRANCOIS 1971-03-07 [MM/DD/YYYY]
[<b>09/11/2018 02:21:08 pm</b>] Denold MILSOIT (medecin) de CLINIQULE Dr DENOLD MILSOIT  a recherché   FRANCOIS ERNEREUSE JEAN 1971-03-07 [MM/DD/YYYY]
[<b>09/11/2018 02:21:56 pm</b>] Denold MILSOIT (medecin) de CLINIQULE Dr DENOLD MILSOIT  a recherché   JEAN FRANçOIS ERNEREUSE 1971-03-07 [MM/DD/YYYY]
[<b>09/11/2018 02:22:19 pm</b>] Denold MILSOIT (medecin) de CLINIQULE Dr DENOLD MILSOIT  a recherché   Jean François ERNEREUSE 1971-03-07 [MM/DD/YYYY]
[<b>09/11/2018 02:22:51 pm</b>] Denold MILSOIT (medecin) de CLINIQULE Dr DENOLD MILSOIT  a recherché   Ernereuse Jean François 1971-03-07 [MM/DD/YYYY]
[<b>09/11/2018 02:24:08 pm</b>] Denold MILSOIT (medecin) de CLINIQULE Dr DENOLD MILSOIT  a recherché   zaccarie estandre pierre 1967-07-05 [MM/DD/YYYY]
[<b>09/11/2018 02:24:43 pm</b>] Denold MILSOIT (medecin) de CLINIQULE Dr DENOLD MILSOIT  a recherché   Pierre zaccarie estandre 1967-07-05 [MM/DD/YYYY]
[<b>09/11/2018 02:25:23 pm</b>] Denold MILSOIT (medecin) de CLINIQULE Dr DENOLD MILSOIT  a recherché   Estandre zaccarie Pierre 1967-07-05 [MM/DD/YYYY]
[<b>09/11/2018 02:26:35 pm</b>] Denold MILSOIT (medecin) de CLINIQULE Dr DENOLD MILSOIT  a recherché   celestin lorisna guerda 1979-03-02 [MM/DD/YYYY]
[<b>09/11/2018 02:27:10 pm</b>] Denold MILSOIT (medecin) de CLINIQULE Dr DENOLD MILSOIT  a recherché   Guerda lorisna CELESTIN 1979-03-02 [MM/DD/YYYY]
[<b>09/11/2018 02:27:45 pm</b>] Denold MILSOIT (medecin) de CLINIQULE Dr DENOLD MILSOIT  a recherché   Guerda celestin Lorisna 1979-03-02 [MM/DD/YYYY]
[<b>09/11/2018 02:28:11 pm</b>] Denold MILSOIT (medecin) de CLINIQULE Dr DENOLD MILSOIT  a recherché   Guerda L CELESTIN 1979-03-02 [MM/DD/YYYY]
[<b>09/11/2018 02:28:25 pm</b>] Denold MILSOIT (medecin) de CLINIQULE Dr DENOLD MILSOIT  a recherché   Guerda LORISNA CELESTIN 1979-03-02 [MM/DD/YYYY]
[<b>09/11/2018 02:29:20 pm</b>] Denold MILSOIT (medecin) de CLINIQULE Dr DENOLD MILSOIT  a recherché   DAVID JANVIER 1963-09-07 [MM/DD/YYYY]
[<b>09/11/2018 02:30:03 pm</b>] Denold MILSOIT (medecin) de CLINIQULE Dr DENOLD MILSOIT  a recherché   JANVIER DAVID 1963-09-07 [MM/DD/YYYY]
[<b>09/11/2018 02:30:28 pm</b>] Denold MILSOIT (medecin) de CLINIQULE Dr DENOLD MILSOIT  a recherché   JANVIER DAVID 1976-09-07 [MM/DD/YYYY]
[<b>09/11/2018 02:31:04 pm</b>] Denold MILSOIT (medecin) de CLINIQULE Dr DENOLD MILSOIT  a recherché   DAVID JANVIER 1976-09-07 [MM/DD/YYYY]
[<b>09/11/2018 02:31:29 pm</b>] Denold MILSOIT (medecin) de CLINIQULE Dr DENOLD MILSOIT a recherché le client DAVID JANVIER 1973-09-07
[<b>09/11/2018 02:31:29 pm</b>] Denold MILSOIT (medecin) de CLINIQULE Dr DENOLD MILSOIT a recherché le client DAVID JANVIER 1973-09-07
[<b>09/11/2018 02:32:03 pm</b>] Denold MILSOIT (medecin) de CLINIQULE Dr DENOLD MILSOIT  a recherché   DAVID JANVIER 1976-09-07 [MM/DD/YYYY]
[<b>09/11/2018 02:32:35 pm</b>] Denold MILSOIT (medecin) de CLINIQULE Dr DENOLD MILSOIT a recherché le client DAVID JANVIER 1973-09-07
[<b>09/11/2018 02:32:35 pm</b>] Denold MILSOIT (medecin) de CLINIQULE Dr DENOLD MILSOIT a recherché le client DAVID JANVIER 1973-09-07
[<b>09/11/2018 02:34:46 pm</b>] Denold MILSOIT (medecin) de CLINIQULE Dr DENOLD MILSOIT  s'est connecté   
[<b>09/11/2018 02:34:46 pm</b>] Denold MILSOIT (medecin) de CLINIQULE Dr DENOLD MILSOIT est allé dans ACCUEIL 
[<b>09/11/2018 02:35:37 pm</b>] Denold MILSOIT (medecin) de CLINIQULE Dr DENOLD MILSOIT a recherché le client DAVID JANVIER 1973-09-07
[<b>09/11/2018 02:35:37 pm</b>] Denold MILSOIT (medecin) de CLINIQULE Dr DENOLD MILSOIT a recherché le client DAVID JANVIER 1973-09-07
[<b>09/11/2018 02:36:02 pm</b>] Denold MILSOIT (medecin) de CLINIQULE Dr DENOLD MILSOIT est allé dans ACCUEIL 
[<b>09/11/2018 02:36:15 pm</b>] Denold MILSOIT (medecin) de CLINIQULE Dr DENOLD MILSOIT  s'est déconnecté  
