[<b>26/06/2018 08:49:55 am</b>] Rood-Jerry GEFFRARD (medecin) de Hopital Adventiste Diquini  s'est connecté   
[<b>26/06/2018 08:49:55 am</b>] Rood-Jerry GEFFRARD (medecin) de Hopital Adventiste Diquini est allé dans ACCUEIL 
[<b>26/06/2018 09:02:35 am</b>] Rood-Jerry GEFFRARD (medecin) de Hopital Adventiste Diquini  s'est connecté   
[<b>26/06/2018 09:02:35 am</b>] Rood-Jerry GEFFRARD (medecin) de Hopital Adventiste Diquini est allé dans ACCUEIL 
[<b>26/06/2018 09:52:40 am</b>] Marly Joelle HILAIRE (medecin) de Clinique Dr Hilaire  s'est connecté   
[<b>26/06/2018 09:52:42 am</b>] Marly Joelle HILAIRE (medecin) de Clinique Dr Hilaire est allé dans ACCUEIL 
[<b>26/06/2018 09:58:40 am</b>] Marly Joelle HILAIRE (medecin) de Clinique Dr Hilaire a recherché le client DAVID ETIENNE
[<b>26/06/2018 10:36:16 am</b>] Rood-Jerry GEFFRARD (medecin) de Hopital Adventiste Diquini  s'est connecté   
[<b>26/06/2018 10:36:17 am</b>] Rood-Jerry GEFFRARD (medecin) de Hopital Adventiste Diquini est allé dans ACCUEIL 
[<b>26/06/2018 10:37:01 am</b>] Rood-Jerry GEFFRARD (medecin) de Hopital Adventiste Diquini a recherché le client STANLEY JEANTY
[<b>26/06/2018 10:45:10 am</b>] Rood-Jerry GEFFRARD (medecin) de Hopital Adventiste Diquini a recherché le client MICHAELLE DESGRAVES
[<b>26/06/2018 10:45:54 am</b>] Rood-Jerry GEFFRARD (medecin) de Hopital Adventiste Diquini a recherché le client MICHAELLE DESGRAVES
[<b>26/06/2018 11:00:10 am</b>] Ylange DESSOURCES (medecin) de NASSA  s'est connecté   
[<b>26/06/2018 11:00:10 am</b>] Ylange DESSOURCES (medecin) de NASSA est allé dans ACCUEIL 
[<b>26/06/2018 11:00:59 am</b>] Ylange DESSOURCES (medecin) de NASSA  a changé son mot de passe  
[<b>26/06/2018 11:01:00 am</b>] Ylange DESSOURCES (medecin) de NASSA est allé dans ACCUEIL 
[<b>26/06/2018 11:02:53 am</b>] Ylange DESSOURCES (medecin) de NASSA est allé dans ACCUEIL 
[<b>26/06/2018 11:03:53 am</b>] Ylange DESSOURCES (medecin) de NASSA a recherché le client PIERRE PASSARD
[<b>26/06/2018 11:08:12 am</b>] Ylange DESSOURCES (medecin) de NASSA est allé dans ACCUEIL 
[<b>26/06/2018 11:24:42 am</b>] Ylange DESSOURCES (medecin) de NASSA  s'est connecté   
[<b>26/06/2018 11:24:42 am</b>] Ylange DESSOURCES (medecin) de NASSA est allé dans ACCUEIL 
[<b>26/06/2018 11:25:50 am</b>] Ylange DESSOURCES (medecin) de NASSA a recherché le client FALIER METELLUS
[<b>26/06/2018 11:27:00 am</b>] Ylange DESSOURCES (medecin) de NASSA  s'est déconnecté  
