[<b>25/09/2018 10:24:02 am</b>] Sanon WIDMAIER (admin) de INASSA  s'est connecté   
[<b>25/09/2018 10:24:05 am</b>] Sanon WIDMAIER (admin) de INASSA  s'est connecté   
[<b>25/09/2018 10:24:05 am</b>] Sanon WIDMAIER (admin) de INASSA est allé dans ACCUEIL 
[<b>25/09/2018 12:26:32 pm</b>] Anick DUPUY (admin) de INASSA  s'est connecté   
[<b>25/09/2018 12:26:33 pm</b>] Anick DUPUY (admin) de INASSA est allé dans ACCUEIL 
[<b>25/09/2018 12:26:59 pm</b>] Anick DUPUY (admin) de INASSA a recherché le client MATEO DUPUY 2005-01-05
[<b>25/09/2018 12:26:59 pm</b>] Anick DUPUY (admin) de INASSA a recherché le client MATEO DUPUY 2005-01-05
[<b>25/09/2018 12:26:59 pm</b>] Anick DUPUY (admin) de INASSA a recherché le client MATEO DUPUY 2005-01-05
[<b>25/09/2018 12:30:44 pm</b>] Dominique AMBROISE (medecin) de NASSA  s'est connecté   
[<b>25/09/2018 12:30:46 pm</b>] Dominique AMBROISE (medecin) de NASSA  s'est connecté   
[<b>25/09/2018 12:30:47 pm</b>] Dominique AMBROISE (medecin) de NASSA est allé dans ACCUEIL 
[<b>25/09/2018 12:35:38 pm</b>] Anick DUPUY (admin) de INASSA  s'est connecté   
[<b>25/09/2018 12:35:39 pm</b>] Anick DUPUY (admin) de INASSA est allé dans ACCUEIL 
[<b>25/09/2018 12:35:59 pm</b>] Anick DUPUY (admin) de INASSA a recherché le client MATEO DUPUY 2005-01-05
[<b>25/09/2018 12:35:59 pm</b>] Anick DUPUY (admin) de INASSA a recherché le client MATEO DUPUY 2005-01-05
[<b>25/09/2018 12:35:59 pm</b>] Anick DUPUY (admin) de INASSA a recherché le client MATEO DUPUY 2005-01-05
[<b>25/09/2018 12:37:52 pm</b>] Anick DUPUY (admin) de INASSA  s'est déconnecté  
[<b>25/09/2018 01:41:22 pm</b>] Hunter HUNTER (medecin) de HERO  s'est connecté   
[<b>25/09/2018 01:41:23 pm</b>] Hunter HUNTER (medecin) de HERO est allé dans ACCUEIL 
[<b>25/09/2018 02:53:34 pm</b>] Admin WYZDEV (admin) de INASSA  s'est connecté   
[<b>25/09/2018 02:53:34 pm</b>] Admin WYZDEV (admin) de INASSA est allé dans ACCUEIL 
