[<b>20/08/2018 10:01:17 am</b>] Rood-Jerry GEFFRARD (medecin) de Hopital Adventiste Diquini  s'est connecté   
[<b>20/08/2018 10:01:18 am</b>] Rood-Jerry GEFFRARD (medecin) de Hopital Adventiste Diquini est allé dans ACCUEIL 
[<b>20/08/2018 10:21:41 am</b>] Denold MILSOIT (medecin) de CLINIQULE Dr DENOLD MILSOIT  s'est connecté   
[<b>20/08/2018 10:21:43 am</b>] Denold MILSOIT (medecin) de CLINIQULE Dr DENOLD MILSOIT est allé dans ACCUEIL 
[<b>20/08/2018 10:48:52 am</b>] Admin WYZDEV (admin) de INASSA  s'est connecté   
[<b>20/08/2018 10:48:52 am</b>] Admin WYZDEV (admin) de INASSA est allé dans ACCUEIL 
[<b>20/08/2018 10:49:46 am</b>] Marc Henri CETOUTE (medecin) de Hopital Sage Citymed De delmas  s'est connecté   
[<b>20/08/2018 10:49:47 am</b>] Marc Henri CETOUTE (medecin) de Hopital Sage Citymed De delmas est allé dans ACCUEIL 
[<b>20/08/2018 10:50:02 am</b>] Admin WYZDEV (admin) de INASSA  est allé dans HISTORIQUE 
[<b>20/08/2018 10:50:55 am</b>] Admin WYZDEV (admin) de INASSA  est allé dans PARAMETRES  
[<b>20/08/2018 10:51:02 am</b>] Marc Henri CETOUTE (medecin) de Hopital Sage Citymed De delmas a recherché le client MONICA YASMINA ZAMOR
[<b>20/08/2018 10:51:54 am</b>] Admin WYZDEV (admin) de INASSA  a changé le rôle de l'utilisateur  Anick DUPUY
[<b>20/08/2018 10:52:02 am</b>] Admin WYZDEV (admin) de INASSA  a changé le rôle de l'utilisateur  Anick DUPUY
[<b>20/08/2018 10:56:21 am</b>] Admin WYZDEV (admin) de INASSA  s'est déconnecté  
[<b>20/08/2018 10:56:30 am</b>] Admin WYZDEV (admin) de INASSA  s'est connecté   
[<b>20/08/2018 10:56:30 am</b>] Admin WYZDEV (admin) de INASSA est allé dans ACCUEIL 
[<b>20/08/2018 11:01:20 am</b>] Admin WYZDEV (admin) de INASSA  s'est déconnecté  
[<b>20/08/2018 11:11:15 am</b>] Deslouche DOMOND (medecin) de Centre de Scanner Computarise  s'est connecté   
[<b>20/08/2018 11:11:15 am</b>] Deslouche DOMOND (medecin) de Centre de Scanner Computarise est allé dans ACCUEIL 
[<b>20/08/2018 11:45:36 am</b>] Rood-Jerry GEFFRARD (medecin) de Hopital Adventiste Diquini  s'est connecté   
[<b>20/08/2018 11:45:37 am</b>] Rood-Jerry GEFFRARD (medecin) de Hopital Adventiste Diquini est allé dans ACCUEIL 
[<b>20/08/2018 11:45:37 am</b>] Rood-Jerry GEFFRARD (medecin) de Hopital Adventiste Diquini  s'est connecté   
[<b>20/08/2018 11:45:38 am</b>] Rood-Jerry GEFFRARD (medecin) de Hopital Adventiste Diquini est allé dans ACCUEIL 
[<b>20/08/2018 12:01:12 pm</b>] Jorel ALEXANDRE (medecin) de HOPITAL FOYER ST CAMILE  s'est connecté   
[<b>20/08/2018 12:01:12 pm</b>] Jorel ALEXANDRE (medecin) de HOPITAL FOYER ST CAMILE est allé dans ACCUEIL 
[<b>20/08/2018 12:01:43 pm</b>] Jorel ALEXANDRE (medecin) de HOPITAL FOYER ST CAMILE  a changé son mot de passe  
[<b>20/08/2018 12:01:43 pm</b>] Jorel ALEXANDRE (medecin) de HOPITAL FOYER ST CAMILE est allé dans ACCUEIL 
[<b>20/08/2018 12:04:46 pm</b>] Jorel ALEXANDRE (medecin) de HOPITAL FOYER ST CAMILE a recherché le client YVROSE JOSEPH
[<b>20/08/2018 12:11:42 pm</b>] Jonas FRéDéRIQUE (medecin) de HOPITAL FOYER ST CAMILE  s'est connecté   
[<b>20/08/2018 12:11:42 pm</b>] Jonas FRéDéRIQUE (medecin) de HOPITAL FOYER ST CAMILE est allé dans ACCUEIL 
[<b>20/08/2018 12:12:25 pm</b>] Jonas FRéDéRIQUE (medecin) de HOPITAL FOYER ST CAMILE est allé dans ACCUEIL 
[<b>20/08/2018 12:12:46 pm</b>] Jonas FRéDéRIQUE (medecin) de HOPITAL FOYER ST CAMILE est allé dans ACCUEIL 
[<b>20/08/2018 12:12:47 pm</b>] Jorel ALEXANDRE (medecin) de HOPITAL FOYER ST CAMILE  s'est déconnecté  
[<b>20/08/2018 12:13:06 pm</b>] Jonas FRéDéRIQUE (medecin) de HOPITAL FOYER ST CAMILE est allé dans ACCUEIL 
[<b>20/08/2018 12:13:29 pm</b>] Jonas FRéDéRIQUE (medecin) de HOPITAL FOYER ST CAMILE  a changé son mot de passe  
[<b>20/08/2018 12:13:29 pm</b>] Jonas FRéDéRIQUE (medecin) de HOPITAL FOYER ST CAMILE est allé dans ACCUEIL 
[<b>20/08/2018 12:15:22 pm</b>] Jonas FRéDéRIQUE (medecin) de HOPITAL FOYER ST CAMILE a recherché le client YVROSE JOSEPH
[<b>20/08/2018 12:18:07 pm</b>] Jonas FRéDéRIQUE (medecin) de HOPITAL FOYER ST CAMILE  s'est déconnecté  
[<b>20/08/2018 12:18:23 pm</b>] Stéphanie CHARLES (medecin) de HOPITAL FOYER ST CAMILE  s'est connecté   
[<b>20/08/2018 12:18:23 pm</b>] Stéphanie CHARLES (medecin) de HOPITAL FOYER ST CAMILE est allé dans ACCUEIL 
[<b>20/08/2018 12:21:07 pm</b>] Stéphanie CHARLES (medecin) de HOPITAL FOYER ST CAMILE  a changé son mot de passe  
[<b>20/08/2018 12:21:07 pm</b>] Stéphanie CHARLES (medecin) de HOPITAL FOYER ST CAMILE est allé dans ACCUEIL 
[<b>20/08/2018 12:21:16 pm</b>] Stacy JEAN (medecin) de HOPITAL FOYER ST CAMILE  s'est connecté   
[<b>20/08/2018 12:21:16 pm</b>] Stacy JEAN (medecin) de HOPITAL FOYER ST CAMILE est allé dans ACCUEIL 
[<b>20/08/2018 12:21:30 pm</b>] Stacy JEAN (medecin) de HOPITAL FOYER ST CAMILE  a changé son mot de passe  
[<b>20/08/2018 12:21:31 pm</b>] Stacy JEAN (medecin) de HOPITAL FOYER ST CAMILE est allé dans ACCUEIL 
[<b>20/08/2018 12:22:04 pm</b>] Stacy JEAN (medecin) de HOPITAL FOYER ST CAMILE a recherché le client YVROSE JOSEPH
[<b>20/08/2018 12:22:36 pm</b>] Stacy JEAN (medecin) de HOPITAL FOYER ST CAMILE  s'est déconnecté  
[<b>20/08/2018 12:27:26 pm</b>] Jonas FRéDéRIQUE (medecin) de HOPITAL FOYER ST CAMILE  s'est connecté   
[<b>20/08/2018 12:27:26 pm</b>] Jonas FRéDéRIQUE (medecin) de HOPITAL FOYER ST CAMILE est allé dans ACCUEIL 
[<b>20/08/2018 12:28:30 pm</b>] Jonas FRéDéRIQUE (medecin) de HOPITAL FOYER ST CAMILE a recherché le client IRANOT DESAUGUSTE
[<b>20/08/2018 12:28:41 pm</b>] Stéphanie CHARLES (medecin) de HOPITAL FOYER ST CAMILE  s'est déconnecté  
[<b>20/08/2018 12:28:49 pm</b>] Jonas FRéDéRIQUE (medecin) de HOPITAL FOYER ST CAMILE est allé dans ACCUEIL 
[<b>20/08/2018 12:29:53 pm</b>] Stéphanie CHARLES (medecin) de HOPITAL FOYER ST CAMILE  s'est connecté   
[<b>20/08/2018 12:29:53 pm</b>] Stéphanie CHARLES (medecin) de HOPITAL FOYER ST CAMILE est allé dans ACCUEIL 
[<b>20/08/2018 12:30:05 pm</b>] Stéphanie CHARLES (medecin) de HOPITAL FOYER ST CAMILE  s'est déconnecté  
[<b>20/08/2018 12:30:14 pm</b>] Jonas FRéDéRIQUE (medecin) de HOPITAL FOYER ST CAMILE  s'est déconnecté  
[<b>20/08/2018 12:31:03 pm</b>] Stéphanie CHARLES (medecin) de HOPITAL FOYER ST CAMILE  s'est connecté   
[<b>20/08/2018 12:31:03 pm</b>] Stéphanie CHARLES (medecin) de HOPITAL FOYER ST CAMILE est allé dans ACCUEIL 
[<b>20/08/2018 12:31:58 pm</b>] Stéphanie CHARLES (medecin) de HOPITAL FOYER ST CAMILE a recherché le client IRANOT DESAUGUSTE
[<b>20/08/2018 12:42:03 pm</b>] Marceline GEFFRARD (medecin) de HOPITAL FOYER ST CAMILE  s'est connecté   
[<b>20/08/2018 12:42:03 pm</b>] Marceline GEFFRARD (medecin) de HOPITAL FOYER ST CAMILE est allé dans ACCUEIL 
[<b>20/08/2018 12:44:39 pm</b>] Marceline GEFFRARD (medecin) de HOPITAL FOYER ST CAMILE est allé dans ACCUEIL 
[<b>20/08/2018 12:45:07 pm</b>] Marceline GEFFRARD (medecin) de HOPITAL FOYER ST CAMILE est allé dans ACCUEIL 
[<b>20/08/2018 12:45:17 pm</b>] Marceline GEFFRARD (medecin) de HOPITAL FOYER ST CAMILE est allé dans ACCUEIL 
[<b>20/08/2018 12:45:33 pm</b>] Marceline GEFFRARD (medecin) de HOPITAL FOYER ST CAMILE est allé dans ACCUEIL 
[<b>20/08/2018 12:45:37 pm</b>] Marceline GEFFRARD (medecin) de HOPITAL FOYER ST CAMILE est allé dans ACCUEIL 
[<b>20/08/2018 12:45:53 pm</b>] Marceline GEFFRARD (medecin) de HOPITAL FOYER ST CAMILE  a changé son mot de passe  
[<b>20/08/2018 12:45:53 pm</b>] Marceline GEFFRARD (medecin) de HOPITAL FOYER ST CAMILE est allé dans ACCUEIL 
[<b>20/08/2018 01:06:28 pm</b>] Marc Henri CETOUTE (medecin) de Hopital Sage Citymed De delmas  s'est connecté   
[<b>20/08/2018 01:06:28 pm</b>] Marc Henri CETOUTE (medecin) de Hopital Sage Citymed De delmas est allé dans ACCUEIL 
[<b>20/08/2018 01:13:41 pm</b>] Marc Henri CETOUTE (medecin) de Hopital Sage Citymed De delmas est allé dans ACCUEIL 
[<b>20/08/2018 01:17:16 pm</b>] Marc Henri CETOUTE (medecin) de Hopital Sage Citymed De delmas a recherché le client ANDRIS CHARLES
[<b>20/08/2018 01:58:18 pm</b>] Jorel ALEXANDRE (medecin) de HOPITAL FOYER ST CAMILE  s'est connecté   
[<b>20/08/2018 01:58:18 pm</b>] Jorel ALEXANDRE (medecin) de HOPITAL FOYER ST CAMILE est allé dans ACCUEIL 
[<b>20/08/2018 01:58:47 pm</b>] Jorel ALEXANDRE (medecin) de HOPITAL FOYER ST CAMILE  s'est déconnecté  
[<b>20/08/2018 02:23:11 pm</b>] Ylange DESSOURCES (medecin) de NASSA  s'est connecté   
[<b>20/08/2018 02:23:11 pm</b>] Ylange DESSOURCES (medecin) de NASSA est allé dans ACCUEIL 
[<b>20/08/2018 02:26:09 pm</b>] Ylange DESSOURCES (medecin) de NASSA est allé dans ACCUEIL 
[<b>20/08/2018 02:26:18 pm</b>] Ylange DESSOURCES (medecin) de NASSA est allé dans ACCUEIL 
[<b>20/08/2018 02:26:26 pm</b>] Ylange DESSOURCES (medecin) de NASSA est allé dans ACCUEIL 
[<b>20/08/2018 02:26:39 pm</b>] Ylange DESSOURCES (medecin) de NASSA  s'est déconnecté  
[<b>20/08/2018 02:27:39 pm</b>] Ylange DESSOURCES (medecin) de NASSA  s'est connecté   
[<b>20/08/2018 02:27:39 pm</b>] Ylange DESSOURCES (medecin) de NASSA est allé dans ACCUEIL 
[<b>20/08/2018 09:48:30 pm</b>]   () de   s'est déconnecté  
