[<b>26/09/2018 09:28:13 am</b>] Denold MILSOIT (medecin) de CLINIQULE Dr DENOLD MILSOIT  s'est connecté   
[<b>26/09/2018 09:28:13 am</b>] Denold MILSOIT (medecin) de CLINIQULE Dr DENOLD MILSOIT est allé dans ACCUEIL 
[<b>26/09/2018 09:29:58 am</b>] Denold MILSOIT (medecin) de CLINIQULE Dr DENOLD MILSOIT a recherché le client EVENEL JACQUES 1988-07-05
[<b>26/09/2018 09:29:58 am</b>] Denold MILSOIT (medecin) de CLINIQULE Dr DENOLD MILSOIT a recherché le client EVENEL JACQUES 1988-07-05
[<b>26/09/2018 02:12:11 pm</b>] Ylange DESSOURCES (medecin) de NASSA  s'est connecté   
[<b>26/09/2018 02:12:11 pm</b>] Ylange DESSOURCES (medecin) de NASSA est allé dans ACCUEIL 
[<b>26/09/2018 02:12:30 pm</b>] Ylange DESSOURCES (medecin) de NASSA  s'est déconnecté  
[<b>26/09/2018 02:12:31 pm</b>]   () de   s'est déconnecté  
[<b>26/09/2018 02:12:32 pm</b>]   () de   s'est déconnecté  
[<b>26/09/2018 02:12:32 pm</b>]   () de   s'est déconnecté  
[<b>26/09/2018 02:16:34 pm</b>] Dominique AMBROISE (medecin) de NASSA  s'est connecté   
[<b>26/09/2018 02:16:35 pm</b>] Dominique AMBROISE (medecin) de NASSA est allé dans ACCUEIL 
[<b>26/09/2018 02:17:05 pm</b>] Dominique AMBROISE (medecin) de NASSA  a changé son mot de passe  
[<b>26/09/2018 02:17:05 pm</b>] Dominique AMBROISE (medecin) de NASSA est allé dans ACCUEIL 
[<b>26/09/2018 02:18:27 pm</b>] Dominique AMBROISE (medecin) de NASSA  a recherché   Dominique Ambroise 1962-05-25 [MM/DD/YYYY]
[<b>26/09/2018 02:18:43 pm</b>] Dominique AMBROISE (medecin) de NASSA a recherché le client DOMINIQUE AMBROISE 1962-05-24
[<b>26/09/2018 02:18:43 pm</b>] Dominique AMBROISE (medecin) de NASSA a recherché le client DOMINIQUE AMBROISE 1962-05-24
[<b>26/09/2018 02:18:53 pm</b>] Dominique AMBROISE (medecin) de NASSA a recherché le client DOMINIQUE AMBROISE 1962-05-24
[<b>26/09/2018 02:18:53 pm</b>] Dominique AMBROISE (medecin) de NASSA a recherché le client DOMINIQUE AMBROISE 1962-05-24
[<b>26/09/2018 02:19:18 pm</b>] Dominique AMBROISE (medecin) de NASSA a recherché le client DOMINIQUE AMBROISE 1962-05-24
[<b>26/09/2018 02:19:18 pm</b>] Dominique AMBROISE (medecin) de NASSA a recherché le client DOMINIQUE AMBROISE 1962-05-24
