[<b>29/11/2018 12:34:53 am</b>] Admin WYZDEV (admin) de INASSA  s'est connecté   
[<b>29/11/2018 12:34:53 am</b>] Admin WYZDEV (admin) de INASSA est allé dans ACCUEIL 
[<b>29/11/2018 12:38:15 am</b>] Admin WYZDEV (admin) de INASSA  s'est connecté   
[<b>29/11/2018 12:39:09 am</b>] Admin WYZDEV (admin) de INASSA a recherché le client WIDMAIER SANON 1978-07-01
[<b>29/11/2018 12:39:09 am</b>] Admin WYZDEV (admin) de INASSA a recherché le client WIDMAIER SANON 1978-07-01
[<b>29/11/2018 12:39:25 am</b>] Admin WYZDEV (admin) de INASSA a recherché le client WIDMAIER SANON 1978-07-01
[<b>29/11/2018 12:39:25 am</b>] Admin WYZDEV (admin) de INASSA a recherché le client WIDMAIER SANON 1978-07-01
[<b>29/11/2018 12:39:53 am</b>] Admin WYZDEV (admin) de INASSA  a recherché   WIDM SANON 07/01/1987 [MM/DD/YYYY]
[<b>29/11/2018 12:40:09 am</b>] Admin WYZDEV (admin) de INASSA  a recherché   WIDM SANON 07/01/1986 [MM/DD/YYYY]
[<b>29/11/2018 12:40:43 am</b>] Admin WYZDEV (admin) de INASSA  s'est connecté   
[<b>29/11/2018 12:40:43 am</b>] Admin WYZDEV (admin) de INASSA est allé dans ACCUEIL 
[<b>29/11/2018 12:41:12 am</b>] Admin WYZDEV (admin) de INASSA a recherché le client WIDMAIER SANON 1978-07-01
[<b>29/11/2018 12:41:12 am</b>] Admin WYZDEV (admin) de INASSA a recherché le client WIDMAIER SANON 1978-07-01
[<b>29/11/2018 12:41:24 am</b>] Admin WYZDEV (admin) de INASSA est allé dans ACCUEIL 
[<b>29/11/2018 12:41:46 am</b>] Admin WYZDEV (admin) de INASSA a recherché le client WIDMAIER SANON 1978-07-01
[<b>29/11/2018 12:41:46 am</b>] Admin WYZDEV (admin) de INASSA a recherché le client WIDMAIER SANON 1978-07-01
[<b>29/11/2018 04:38:11 am</b>] Admin WYZDEV (admin) de INASSA  s'est connecté   
[<b>29/11/2018 04:38:12 am</b>] Admin WYZDEV (admin) de INASSA est allé dans ACCUEIL 
[<b>29/11/2018 04:38:56 am</b>] Admin WYZDEV (admin) de INASSA  a recherché   Widmaer Sanon 1978-01-01 [MM/DD/YYYY]
[<b>29/11/2018 04:39:16 am</b>] Admin WYZDEV (admin) de INASSA  est allé dans HISTORIQUE 
[<b>29/11/2018 04:39:48 am</b>] Admin WYZDEV (admin) de INASSA est allé dans ACCUEIL 
[<b>29/11/2018 04:40:14 am</b>] Admin WYZDEV (admin) de INASSA  a recherché   Widmaer Sanon 1978-07-01 [MM/DD/YYYY]
[<b>29/11/2018 05:14:03 am</b>] Admin WYZDEV (admin) de INASSA  s'est connecté   
[<b>29/11/2018 05:15:57 am</b>] Admin WYZDEV (admin) de INASSA  a recherché   WIDMAER SANON 01/01/1978 [MM/DD/YYYY]
[<b>29/11/2018 05:20:38 am</b>] Admin WYZDEV (admin) de INASSA  s'est connecté   
[<b>29/11/2018 05:20:38 am</b>] Admin WYZDEV (admin) de INASSA est allé dans ACCUEIL 
[<b>29/11/2018 05:21:19 am</b>] Admin WYZDEV (admin) de INASSA  a recherché   widmaer Sanon 1978-01-01 [MM/DD/YYYY]
[<b>29/11/2018 05:21:35 am</b>] Admin WYZDEV (admin) de INASSA  a recherché   sanon widmaer 1978-01-01 [MM/DD/YYYY]
[<b>29/11/2018 05:21:51 am</b>] Admin WYZDEV (admin) de INASSA  a recherché   sanon widmaer 1978-07-01 [MM/DD/YYYY]
[<b>29/11/2018 05:21:56 am</b>] Admin WYZDEV (admin) de INASSA  est allé dans HISTORIQUE 
[<b>29/11/2018 05:23:06 am</b>] Admin WYZDEV (admin) de INASSA a vérifié l'historique du client WIDMAER SANON
[<b>29/11/2018 05:23:21 am</b>] Admin WYZDEV (admin) de INASSA est allé dans ACCUEIL 
[<b>29/11/2018 10:17:51 am</b>] Admin WYZDEV (admin) de INASSA  s'est connecté   
[<b>29/11/2018 10:19:32 am</b>] Admin WYZDEV (admin) de INASSA  a recherché   WIDMAER SANON 01/01/1978 [MM/DD/YYYY]
[<b>29/11/2018 10:20:15 am</b>] Admin WYZDEV (admin) de INASSA  a recherché   WIDMAER SANON 07/01/1978 [MM/DD/YYYY]
[<b>29/11/2018 10:22:49 am</b>] Admin WYZDEV (admin) de INASSA a recherché le client JEAN RONALD FRANCOIS 1979-03-08
[<b>29/11/2018 10:23:36 am</b>] Admin WYZDEV (admin) de INASSA a recherché le client JEAN RONALD FRANCOIS 1979-03-08
[<b>29/11/2018 10:24:15 am</b>] Admin WYZDEV (admin) de INASSA a recherché le client JEAN RONALD FRANCOIS 1979-03-08
[<b>29/11/2018 10:24:42 am</b>] Admin WYZDEV (admin) de INASSA  s'est connecté   
[<b>29/11/2018 10:24:42 am</b>] Admin WYZDEV (admin) de INASSA est allé dans ACCUEIL 
[<b>29/11/2018 10:25:30 am</b>] Admin WYZDEV (admin) de INASSA  a recherché   jean francois  [MM/DD/YYYY]
[<b>29/11/2018 10:25:38 am</b>] Admin WYZDEV (admin) de INASSA  a recherché   jean fran  [MM/DD/YYYY]
[<b>29/11/2018 10:26:02 am</b>] Admin WYZDEV (admin) de INASSA a recherché le client JEAN RONALD FRANCOIS 1979-03-08
[<b>29/11/2018 10:27:09 am</b>] Admin WYZDEV (admin) de INASSA a recherché le client JEAN RONALD FRANCOIS 1979-03-08
[<b>29/11/2018 10:28:40 am</b>] Emmanuel DESILUS (medecin) de Hopital de la Communaute Haitienne  s'est connecté   
[<b>29/11/2018 10:28:40 am</b>] Emmanuel DESILUS (medecin) de Hopital de la Communaute Haitienne est allé dans ACCUEIL 
[<b>29/11/2018 10:29:13 am</b>] Emmanuel DESILUS (medecin) de Hopital de la Communaute Haitienne a recherché le client JEAN RONALD FRANCOIS 1979-03-08
[<b>29/11/2018 10:30:46 am</b>] Admin WYZDEV (admin) de INASSA  s'est déconnecté   
[<b>29/11/2018 10:30:54 am</b>] Emmanuel DESILUS (medecin) de Hopital de la Communaute Haitienne est allé dans ACCUEIL 
[<b>29/11/2018 10:30:57 am</b>] Emmanuel DESILUS (medecin) de Hopital de la Communaute Haitienne  s'est déconnecté  
[<b>29/11/2018 10:35:48 am</b>] Admin WYZDEV (admin) de INASSA  s'est connecté   
[<b>29/11/2018 10:35:48 am</b>] Admin WYZDEV (admin) de INASSA est allé dans ACCUEIL 
[<b>29/11/2018 10:36:08 am</b>] Admin WYZDEV (admin) de INASSA a recherché le client WIDMAIER SANON 1978-07-01
[<b>29/11/2018 10:36:08 am</b>] Admin WYZDEV (admin) de INASSA a recherché le client WIDMAIER SANON 1978-07-01
[<b>29/11/2018 10:54:55 am</b>] Admin WYZDEV (admin) de INASSA  s'est connecté   
[<b>29/11/2018 10:55:09 am</b>] Admin WYZDEV (admin) de INASSA  s'est connecté   
[<b>29/11/2018 10:55:09 am</b>] Admin WYZDEV (admin) de INASSA est allé dans ACCUEIL 
[<b>29/11/2018 10:55:30 am</b>] Admin WYZDEV (admin) de INASSA a recherché le client WIDMAIER SANON 1978-07-01
[<b>29/11/2018 10:55:30 am</b>] Admin WYZDEV (admin) de INASSA a recherché le client WIDMAIER SANON 1978-07-01
[<b>29/11/2018 10:57:50 am</b>] Admin WYZDEV (admin) de INASSA est allé dans ACCUEIL 
[<b>29/11/2018 11:03:45 am</b>] Admin WYZDEV (admin) de INASSA  s'est connecté   
[<b>29/11/2018 11:05:28 am</b>] Admin WYZDEV (admin) de INASSA  s'est connecté   
[<b>29/11/2018 11:06:04 am</b>] Admin WYZDEV (admin) de INASSA a recherché le client WIDMAIER SANON 1978-07-01
[<b>29/11/2018 11:06:04 am</b>] Admin WYZDEV (admin) de INASSA a recherché le client WIDMAIER SANON 1978-07-01
[<b>29/11/2018 11:07:25 am</b>] Admin WYZDEV (admin) de INASSA  s'est déconnecté   
[<b>29/11/2018 11:09:25 am</b>] Admin WYZDEV (admin) de INASSA  a recherché   MENTOR FRANTZ 08/27/1982 [MM/DD/YYYY]
[<b>29/11/2018 11:11:41 am</b>] Admin WYZDEV (admin) de INASSA  a recherché   WIDMAER SANON 01/01/1978 [MM/DD/YYYY]
[<b>29/11/2018 11:12:12 am</b>] Admin WYZDEV (admin) de INASSA  a recherché   WIDM SANON 01/01/1978 [MM/DD/YYYY]
[<b>29/11/2018 11:13:09 am</b>] Admin WYZDEV (admin) de INASSA  s'est connecté   
[<b>29/11/2018 11:14:04 am</b>] Admin WYZDEV (admin) de INASSA a recherché le client WIDMAIER SANON 1978-07-01
[<b>29/11/2018 11:14:04 am</b>] Admin WYZDEV (admin) de INASSA a recherché le client WIDMAIER SANON 1978-07-01
[<b>29/11/2018 11:14:07 am</b>] Admin WYZDEV (admin) de INASSA a recherché le client WIDMAIER SANON 1978-07-01
[<b>29/11/2018 11:14:07 am</b>] Admin WYZDEV (admin) de INASSA a recherché le client WIDMAIER SANON 1978-07-01
[<b>29/11/2018 11:16:05 am</b>] Admin WYZDEV (admin) de INASSA  a recherché   MENT FRANTZ 08/27/1982 [MM/DD/YYYY]
[<b>29/11/2018 11:16:45 am</b>] Admin WYZDEV (admin) de INASSA a recherché le client FRANTZ MENTOR 1982-08-27
[<b>29/11/2018 11:17:41 am</b>] Admin WYZDEV (admin) de INASSA  s'est déconnecté   
[<b>29/11/2018 11:58:14 am</b>] Admin WYZDEV (admin) de INASSA  s'est connecté   
[<b>29/11/2018 12:00:00 pm</b>] Admin WYZDEV (admin) de INASSA a recherché le client WIDMAIER SANON 1978-07-01
[<b>29/11/2018 12:00:00 pm</b>] Admin WYZDEV (admin) de INASSA a recherché le client WIDMAIER SANON 1978-07-01
[<b>29/11/2018 12:00:16 pm</b>] Admin WYZDEV (admin) de INASSA  s'est déconnecté   
[<b>29/11/2018 01:37:13 pm</b>] Admin WYZDEV (admin) de INASSA  s'est connecté   
[<b>29/11/2018 01:44:43 pm</b>] Admin WYZDEV (admin) de INASSA  s'est connecté   
[<b>29/11/2018 01:45:19 pm</b>] Admin WYZDEV (admin) de INASSA a recherché le client WIDMAIER SANON 1978-07-01
[<b>29/11/2018 01:45:19 pm</b>] Admin WYZDEV (admin) de INASSA a recherché le client WIDMAIER SANON 1978-07-01
[<b>29/11/2018 01:45:34 pm</b>] Admin WYZDEV (admin) de INASSA  s'est déconnecté   
[<b>29/11/2018 01:49:47 pm</b>] Exiliane L RAPHAEL (medecin) de Hopital St Esprit  s'est connecté   
[<b>29/11/2018 01:49:47 pm</b>] Exiliane L RAPHAEL (medecin) de Hopital St Esprit est allé dans ACCUEIL 
[<b>29/11/2018 01:51:00 pm</b>] Exiliane L RAPHAEL (medecin) de Hopital St Esprit  a changé son mot de passe  
[<b>29/11/2018 01:51:00 pm</b>] Exiliane L RAPHAEL (medecin) de Hopital St Esprit est allé dans ACCUEIL 
[<b>29/11/2018 01:55:52 pm</b>] Exiliane L RAPHAEL (medecin) de Hopital St Esprit a recherché le client BERGEMANNE CLERGEAU 1964-02-23
[<b>29/11/2018 01:55:56 pm</b>] Exiliane L RAPHAEL (medecin) de Hopital St Esprit a recherché le client BERGEMANNE CLERGEAU 1964-02-23
[<b>29/11/2018 01:56:20 pm</b>] Exiliane L RAPHAEL (medecin) de Hopital St Esprit  s'est déconnecté  
[<b>29/11/2018 02:29:57 pm</b>] Admin WYZDEV (admin) de INASSA  s'est connecté   
[<b>29/11/2018 03:17:55 pm</b>] Admin WYZDEV (admin) de INASSA  s'est connecté   
