[<b>20/03/2018 07:19:20 am</b>] Sanon WIDMAIER (admin) de INASSA  s'est connecté   
[<b>20/03/2018 07:19:20 am</b>] Sanon WIDMAIER (admin) de INASSA est allé dans ACCUEIL 
[<b>20/03/2018 07:53:46 am</b>] Marc-Eric ALTIDOR (admin) de INASSA  s'est connecté   
[<b>20/03/2018 07:53:46 am</b>] Marc-Eric ALTIDOR (admin) de INASSA est allé dans ACCUEIL 
[<b>20/03/2018 08:29:06 am</b>] Sanon WIDMAIER (admin) de INASSA  s'est connecté   
[<b>20/03/2018 08:29:06 am</b>] Sanon WIDMAIER (admin) de INASSA est allé dans ACCUEIL 
[<b>20/03/2018 08:29:36 am</b>] Sanon WIDMAIER (admin) de INASSA est allé dans ACCUEIL 
[<b>20/03/2018 08:29:38 am</b>] Marc-Eric ALTIDOR (admin) de INASSA  s'est connecté   
[<b>20/03/2018 08:29:38 am</b>] Marc-Eric ALTIDOR (admin) de INASSA est allé dans ACCUEIL 
[<b>20/03/2018 08:29:56 am</b>] Sanon WIDMAIER (admin) de INASSA a recherché le client WIDMAIER SANON
[<b>20/03/2018 08:34:11 am</b>] Sanon WIDMAIER (admin) de INASSA a recherché le client WIDMAIER SANON
[<b>20/03/2018 09:40:05 am</b>] Sanon WIDMAIER (admin) de INASSA  s'est connecté   
[<b>20/03/2018 09:40:05 am</b>] Sanon WIDMAIER (admin) de INASSA est allé dans ACCUEIL 
[<b>20/03/2018 11:30:30 am</b>] Sanon WIDMAIER (admin) de INASSA  s'est connecté   
[<b>20/03/2018 11:30:31 am</b>] Sanon WIDMAIER (admin) de INASSA est allé dans ACCUEIL 
[<b>20/03/2018 11:30:51 am</b>] Sanon WIDMAIER (admin) de INASSA a recherché le client WIDMAIER SANON
[<b>20/03/2018 11:35:05 am</b>] Marc-Eric ALTIDOR (admin) de INASSA  s'est connecté   
[<b>20/03/2018 11:35:05 am</b>] Marc-Eric ALTIDOR (admin) de INASSA est allé dans ACCUEIL 
[<b>20/03/2018 11:35:09 am</b>] Marc-Eric ALTIDOR (admin) de INASSA  est allé dans PARAMETRES  
[<b>20/03/2018 11:36:16 am</b>] Marc-Eric ALTIDOR (admin) de INASSA a enregistré l'utilisateur  IT TEAM INASSA / It-team / mealtidor@yahoo.fr / Médecin / Actif
[<b>20/03/2018 11:36:16 am</b>] Marc-Eric ALTIDOR (admin) de INASSA  est allé dans PARAMETRES  
[<b>20/03/2018 01:04:54 pm</b>] Admin WYZDEV (admin) de INASSA  s'est connecté   
[<b>20/03/2018 01:04:55 pm</b>] Admin WYZDEV (admin) de INASSA est allé dans ACCUEIL 
[<b>20/03/2018 01:05:27 pm</b>] Admin WYZDEV (admin) de INASSA a recherché le client SEBASTIEN MEROVE-PIERRE
[<b>20/03/2018 01:05:32 pm</b>] Admin WYZDEV (admin) de INASSA a vérifié l'historique du client SéBASTIEN MéROVé-PIERRE
[<b>20/03/2018 01:05:39 pm</b>] Admin WYZDEV (admin) de INASSA  s'est déconnecté  
[<b>20/03/2018 01:05:42 pm</b>] Admin WYZDEV (admin) de INASSA  s'est connecté   
[<b>20/03/2018 01:05:43 pm</b>] Admin WYZDEV (admin) de INASSA est allé dans ACCUEIL 
[<b>20/03/2018 01:05:51 pm</b>] Admin WYZDEV (admin) de INASSA est allé dans ACCUEIL 
[<b>20/03/2018 01:05:55 pm</b>] Admin WYZDEV (admin) de INASSA  s'est déconnecté  
[<b>20/03/2018 01:56:40 pm</b>] Sanon WIDMAIER (admin) de INASSA  s'est connecté   
[<b>20/03/2018 01:56:40 pm</b>] Sanon WIDMAIER (admin) de INASSA est allé dans ACCUEIL 
[<b>20/03/2018 01:58:57 pm</b>] Sanon WIDMAIER (admin) de INASSA a recherché le client WIDMAI SANON
[<b>20/03/2018 02:10:30 pm</b>] Sanon WIDMAIER (admin) de INASSA  s'est connecté   
[<b>20/03/2018 02:10:30 pm</b>] Sanon WIDMAIER (admin) de INASSA est allé dans ACCUEIL 
[<b>20/03/2018 02:10:33 pm</b>] Sanon WIDMAIER (admin) de INASSA  est allé dans HISTORIQUE 
[<b>20/03/2018 02:22:33 pm</b>] Marc-Eric ALTIDOR (admin) de INASSA  s'est connecté   
[<b>20/03/2018 02:22:33 pm</b>] Marc-Eric ALTIDOR (admin) de INASSA est allé dans ACCUEIL 
[<b>20/03/2018 02:33:29 pm</b>] Sanon WIDMAIER (admin) de INASSA  s'est connecté   
[<b>20/03/2018 02:33:29 pm</b>] Sanon WIDMAIER (admin) de INASSA est allé dans ACCUEIL 
[<b>20/03/2018 02:35:45 pm</b>] Sanon WIDMAIER (admin) de INASSA a recherché le client MARC ALTIDOR
[<b>20/03/2018 02:37:30 pm</b>] Sanon WIDMAIER (admin) de INASSA a recherché le client JEAN BAPTISTE
[<b>20/03/2018 02:37:43 pm</b>] Sanon WIDMAIER (admin) de INASSA a recherché le client JEAN BAPTISTE
[<b>20/03/2018 02:39:31 pm</b>] Sanon WIDMAIER (admin) de INASSA a recherché le client JEAN BAPTISTE
[<b>20/03/2018 02:42:01 pm</b>] Sanon WIDMAIER (admin) de INASSA a recherché le client JEAN BAPTISTE
[<b>20/03/2018 02:59:49 pm</b>] Sanon WIDMAIER (admin) de INASSA  s'est connecté   
[<b>20/03/2018 02:59:49 pm</b>] Sanon WIDMAIER (admin) de INASSA est allé dans ACCUEIL 
[<b>20/03/2018 03:00:24 pm</b>] Sanon WIDMAIER (admin) de INASSA  est allé dans HISTORIQUE 
[<b>20/03/2018 03:00:54 pm</b>] Sanon WIDMAIER (admin) de INASSA  est allé dans HISTORIQUE 
[<b>20/03/2018 03:00:55 pm</b>] Sanon WIDMAIER (admin) de INASSA est allé dans ACCUEIL 
[<b>20/03/2018 03:07:43 pm</b>] Sanon WIDMAIER (admin) de INASSA  s'est déconnecté  
[<b>20/03/2018 03:08:27 pm</b>] Sanon WIDMAIER (admin) de INASSA  s'est connecté   
[<b>20/03/2018 03:08:30 pm</b>] Sanon WIDMAIER (admin) de INASSA est allé dans ACCUEIL 
[<b>20/03/2018 03:09:01 pm</b>] Sanon WIDMAIER (admin) de INASSA  est allé dans HISTORIQUE 
[<b>20/03/2018 03:09:10 pm</b>] Sanon WIDMAIER (admin) de INASSA est allé dans ACCUEIL 
[<b>20/03/2018 03:11:48 pm</b>] Sanon WIDMAIER (admin) de INASSA  s'est connecté   
[<b>20/03/2018 03:11:49 pm</b>] Sanon WIDMAIER (admin) de INASSA est allé dans ACCUEIL 
[<b>20/03/2018 03:13:17 pm</b>] Sanon WIDMAIER (admin) de INASSA a recherché le client WIDMAIER SANON
[<b>20/03/2018 03:17:26 pm</b>] Sanon WIDMAIER (admin) de INASSA  est allé dans HISTORIQUE 
[<b>20/03/2018 03:18:36 pm</b>] Sanon WIDMAIER (admin) de INASSA est allé dans ACCUEIL 
[<b>20/03/2018 03:19:13 pm</b>] Sanon WIDMAIER (admin) de INASSA a recherché le client WIDMAIER SANON
[<b>20/03/2018 03:29:09 pm</b>] Sanon WIDMAIER (admin) de INASSA est allé dans ACCUEIL 
[<b>20/03/2018 03:54:53 pm</b>] Sanon WIDMAIER (admin) de INASSA  s'est connecté   
[<b>20/03/2018 03:54:53 pm</b>] Sanon WIDMAIER (admin) de INASSA est allé dans ACCUEIL 
[<b>20/03/2018 04:09:10 pm</b>]   () de   s'est déconnecté  
