[<b>05/10/2018 08:13:07 am</b>] Jonas FRéDéRIQUE (medecin) de HOPITAL FOYER ST CAMILE  s'est connecté   
[<b>05/10/2018 08:13:08 am</b>] Jonas FRéDéRIQUE (medecin) de HOPITAL FOYER ST CAMILE est allé dans ACCUEIL 
[<b>05/10/2018 08:13:59 am</b>] Jonas FRéDéRIQUE (medecin) de HOPITAL FOYER ST CAMILE a recherché le client SEAUVELMY JOSEPH 1989-04-07
[<b>05/10/2018 10:08:08 am</b>] Jeanine JULES (medecin) de HOPITAL DE LA COMMUNAUTE HAITIENNE  s'est connecté   
[<b>05/10/2018 10:08:09 am</b>] Jeanine JULES (medecin) de HOPITAL DE LA COMMUNAUTE HAITIENNE  s'est connecté   
[<b>05/10/2018 10:08:10 am</b>] Jeanine JULES (medecin) de HOPITAL DE LA COMMUNAUTE HAITIENNE est allé dans ACCUEIL 
[<b>05/10/2018 10:15:15 am</b>] Jeanine JULES (medecin) de HOPITAL DE LA COMMUNAUTE HAITIENNE  s'est connecté   
[<b>05/10/2018 10:15:16 am</b>] Jeanine JULES (medecin) de HOPITAL DE LA COMMUNAUTE HAITIENNE est allé dans ACCUEIL 
[<b>05/10/2018 10:15:40 am</b>] Admin WYZDEV (admin) de INASSA  s'est connecté   
[<b>05/10/2018 10:15:41 am</b>] Admin WYZDEV (admin) de INASSA est allé dans ACCUEIL 
[<b>05/10/2018 10:16:42 am</b>] Jeanine JULES (medecin) de HOPITAL DE LA COMMUNAUTE HAITIENNE a recherché le client GUENIA ANTOINE 1985-10-04
[<b>05/10/2018 10:17:31 am</b>] Admin WYZDEV (admin) de INASSA a recherché le client MATEO DUPUY 2005-01-05
[<b>05/10/2018 10:17:31 am</b>] Admin WYZDEV (admin) de INASSA a recherché le client MATEO DUPUY 2005-01-05
[<b>05/10/2018 10:17:31 am</b>] Admin WYZDEV (admin) de INASSA a recherché le client MATEO DUPUY 2005-01-05
[<b>05/10/2018 10:18:35 am</b>] Jeanine JULES (medecin) de HOPITAL DE LA COMMUNAUTE HAITIENNE  a recherché     1985-10-04 [MM/DD/YYYY]
[<b>05/10/2018 10:18:44 am</b>] Admin WYZDEV (admin) de INASSA a vérifié l'historique du client MATEO DUPUY
[<b>05/10/2018 10:18:49 am</b>] Admin WYZDEV (admin) de INASSA est allé dans ACCUEIL 
[<b>05/10/2018 10:18:53 am</b>] Jeanine JULES (medecin) de HOPITAL DE LA COMMUNAUTE HAITIENNE  s'est déconnecté  
[<b>05/10/2018 10:19:24 am</b>] Admin WYZDEV (admin) de INASSA a recherché le client MATEO DUPUY 2005-01-05
[<b>05/10/2018 10:19:24 am</b>] Admin WYZDEV (admin) de INASSA a recherché le client MATEO DUPUY 2005-01-05
[<b>05/10/2018 10:19:24 am</b>] Admin WYZDEV (admin) de INASSA a recherché le client MATEO DUPUY 2005-01-05
[<b>05/10/2018 10:21:16 am</b>] Admin WYZDEV (admin) de INASSA  s'est déconnecté  
[<b>05/10/2018 10:21:23 am</b>] Admin WYZDEV (admin) de INASSA  s'est connecté   
[<b>05/10/2018 10:21:23 am</b>] Admin WYZDEV (admin) de INASSA est allé dans ACCUEIL 
[<b>05/10/2018 10:21:29 am</b>] Admin WYZDEV (admin) de INASSA  est allé dans HISTORIQUE 
[<b>05/10/2018 12:14:13 pm</b>] Jeanine JULES (medecin) de HOPITAL DE LA COMMUNAUTE HAITIENNE  s'est connecté   
[<b>05/10/2018 12:14:15 pm</b>] Jeanine JULES (medecin) de HOPITAL DE LA COMMUNAUTE HAITIENNE  s'est connecté   
[<b>05/10/2018 12:14:15 pm</b>] Jeanine JULES (medecin) de HOPITAL DE LA COMMUNAUTE HAITIENNE est allé dans ACCUEIL 
[<b>05/10/2018 12:14:34 pm</b>] Jeanine JULES (medecin) de HOPITAL DE LA COMMUNAUTE HAITIENNE  s'est déconnecté  
[<b>05/10/2018 01:26:54 pm</b>] Sanon WIDMAIER (admin) de INASSA  s'est connecté   
[<b>05/10/2018 01:26:55 pm</b>] Sanon WIDMAIER (admin) de INASSA  s'est connecté   
[<b>05/10/2018 01:26:56 pm</b>] Sanon WIDMAIER (admin) de INASSA est allé dans ACCUEIL 
[<b>05/10/2018 01:27:13 pm</b>] Sanon WIDMAIER (admin) de INASSA  a recherché   mateo dupuy 2018-01-05 [MM/DD/YYYY]
[<b>05/10/2018 01:27:24 pm</b>] Sanon WIDMAIER (admin) de INASSA a recherché le client MATEO DUPUY 2005-01-05
[<b>05/10/2018 01:27:24 pm</b>] Sanon WIDMAIER (admin) de INASSA a recherché le client MATEO DUPUY 2005-01-05
[<b>05/10/2018 01:27:24 pm</b>] Sanon WIDMAIER (admin) de INASSA a recherché le client MATEO DUPUY 2005-01-05
[<b>05/10/2018 02:31:18 pm</b>] Jeanine JULES (medecin) de HOPITAL DE LA COMMUNAUTE HAITIENNE  s'est connecté   
[<b>05/10/2018 02:31:18 pm</b>] Jeanine JULES (medecin) de HOPITAL DE LA COMMUNAUTE HAITIENNE est allé dans ACCUEIL 
[<b>05/10/2018 02:35:57 pm</b>] Jeanine JULES (medecin) de HOPITAL DE LA COMMUNAUTE HAITIENNE a recherché le client MAX BERNY DUPLESSY 2014-10-18
[<b>05/10/2018 02:41:30 pm</b>]   () de   s'est déconnecté  
