[<b>20/02/2018 07:41:33 am</b>] Sanon WIDMAIER (admin) de INASSA  s'est connecté   
[<b>20/02/2018 07:41:33 am</b>] Sanon WIDMAIER (admin) de INASSA est allé dans ACCUEIL 
[<b>20/02/2018 07:53:25 am</b>] Sanon WIDMAIER (admin) de INASSA est allé dans ACCUEIL 
[<b>20/02/2018 08:22:31 am</b>] Sanon WIDMAIER (admin) de INASSA  s'est connecté   
[<b>20/02/2018 08:22:31 am</b>] Sanon WIDMAIER (admin) de INASSA est allé dans ACCUEIL 
[<b>20/02/2018 08:28:40 am</b>] Sanon WIDMAIER (admin) de INASSA a recherché le client WIDMAI SANON
[<b>20/02/2018 08:28:40 am</b>] Sanon WIDMAIER (admin) de INASSA  s'est déconnecté  
[<b>20/02/2018 08:28:40 am</b>] Sanon WIDMAIER (admin) de INASSA  s'est déconnecté  
[<b>20/02/2018 08:28:43 am</b>] Sanon WIDMAIER (admin) de INASSA  s'est connecté   
[<b>20/02/2018 08:28:43 am</b>] Sanon WIDMAIER (admin) de INASSA est allé dans ACCUEIL 
[<b>20/02/2018 08:30:30 am</b>] Sanon WIDMAIER (admin) de INASSA a recherché le client WIDMAI SANON
[<b>20/02/2018 08:30:35 am</b>] Sanon WIDMAIER (admin) de INASSA a recherché le client WIDMAI SANON
[<b>20/02/2018 08:31:16 am</b>] Sanon WIDMAIER (admin) de INASSA  est allé dans HISTORIQUE 
[<b>20/02/2018 08:31:17 am</b>] Sanon WIDMAIER (admin) de INASSA  est allé dans HISTORIQUE 
[<b>20/02/2018 08:40:00 am</b>] Sanon WIDMAIER (admin) de INASSA a vérifié l'historique du client    WIDMAI     SANON
[<b>20/02/2018 08:40:15 am</b>] Sanon WIDMAIER (admin) de INASSA a vérifié l'historique du client    WIDMAI     SANON
[<b>20/02/2018 08:40:21 am</b>] Sanon WIDMAIER (admin) de INASSA est allé dans ACCUEIL 
[<b>20/02/2018 08:40:38 am</b>] Sanon WIDMAIER (admin) de INASSA a recherché le client WIDMAI SANON
[<b>20/02/2018 09:52:49 am</b>] Sanon WIDMAIER (admin) de INASSA  s'est connecté   
[<b>20/02/2018 09:52:50 am</b>] Sanon WIDMAIER (admin) de INASSA est allé dans ACCUEIL 
[<b>20/02/2018 09:53:19 am</b>] Sanon WIDMAIER (admin) de INASSA a recherché le client WIDMAI SANON
[<b>20/02/2018 09:53:46 am</b>] Sanon WIDMAIER (admin) de INASSA est allé dans ACCUEIL 
[<b>20/02/2018 09:53:59 am</b>] Sanon WIDMAIER (admin) de INASSA a recherché le client WIDMAIER SANON
[<b>20/02/2018 09:54:10 am</b>] Sanon WIDMAIER (admin) de INASSA a recherché le client WIDMAIE SANON
[<b>20/02/2018 10:32:23 am</b>] Sanon WIDMAIER (admin) de INASSA  s'est connecté   
[<b>20/02/2018 10:32:24 am</b>] Sanon WIDMAIER (admin) de INASSA est allé dans ACCUEIL 
[<b>20/02/2018 10:32:50 am</b>] Sanon WIDMAIER (admin) de INASSA a recherché le client WIDMAIER SANON
[<b>20/02/2018 10:50:43 am</b>] Sanon WIDMAIER (admin) de INASSA  s'est connecté   
[<b>20/02/2018 10:50:43 am</b>] Sanon WIDMAIER (admin) de INASSA est allé dans ACCUEIL 
[<b>20/02/2018 10:51:02 am</b>] Sanon WIDMAIER (admin) de INASSA a recherché le client WIDMAIER SANON
[<b>20/02/2018 10:59:13 am</b>] Sanon WIDMAIER (admin) de INASSA a recherché le client WIDMAIER SANON
