[<b>06/08/2018 08:07:16 am</b>] Deslouche DOMOND (medecin) de Centre de Scanner Computarise  s'est connecté   
[<b>06/08/2018 08:07:16 am</b>] Deslouche DOMOND (medecin) de Centre de Scanner Computarise est allé dans ACCUEIL 
[<b>06/08/2018 08:08:39 am</b>] Deslouche DOMOND (medecin) de Centre de Scanner Computarise a recherché le client ENA PASCALE DERENONCOURT
[<b>06/08/2018 08:12:03 am</b>] Deslouche DOMOND (medecin) de Centre de Scanner Computarise est allé dans ACCUEIL 
[<b>06/08/2018 08:12:05 am</b>] Deslouche DOMOND (medecin) de Centre de Scanner Computarise est allé dans ACCUEIL 
[<b>06/08/2018 08:12:12 am</b>] Deslouche DOMOND (medecin) de Centre de Scanner Computarise est allé dans ACCUEIL 
[<b>06/08/2018 08:13:02 am</b>] Deslouche DOMOND (medecin) de Centre de Scanner Computarise a recherché le client ENA PASCALE DERENONCOURT
[<b>06/08/2018 08:13:32 am</b>] Sanon WIDMAIER (admin) de INASSA  s'est connecté   
[<b>06/08/2018 08:13:33 am</b>] Sanon WIDMAIER (admin) de INASSA est allé dans ACCUEIL 
[<b>06/08/2018 08:15:35 am</b>] Sanon WIDMAIER (admin) de INASSA a recherché le client WIDMAI SANON
[<b>06/08/2018 08:27:26 am</b>] Marc-Eric ALTIDOR (admin) de INASSA  s'est connecté   
[<b>06/08/2018 08:27:27 am</b>] Marc-Eric ALTIDOR (admin) de INASSA est allé dans ACCUEIL 
[<b>06/08/2018 08:27:30 am</b>] Marc-Eric ALTIDOR (admin) de INASSA  est allé dans PARAMETRES  
[<b>06/08/2018 08:41:06 am</b>] Marc-Eric ALTIDOR (admin) de INASSA  s'est connecté   
[<b>06/08/2018 08:41:06 am</b>] Marc-Eric ALTIDOR (admin) de INASSA est allé dans ACCUEIL 
[<b>06/08/2018 08:41:08 am</b>] Marc-Eric ALTIDOR (admin) de INASSA  est allé dans PARAMETRES  
[<b>06/08/2018 08:41:57 am</b>] Marc-Eric ALTIDOR (admin) de INASSA a enregistré l'utilisateur  Jonas FRéDéRIQUE / jfrederique / jonasfoyerstcamille@gmail.com / Médecin / Actif
[<b>06/08/2018 08:41:58 am</b>] Marc-Eric ALTIDOR (admin) de INASSA  est allé dans PARAMETRES  
[<b>06/08/2018 08:42:37 am</b>] Marc-Eric ALTIDOR (admin) de INASSA a enregistré l'utilisateur  Régine CASSéUS / rcasseus / reginefoyerstcamille@gmail.com / Médecin / Actif
[<b>06/08/2018 08:42:37 am</b>] Marc-Eric ALTIDOR (admin) de INASSA  est allé dans PARAMETRES  
[<b>06/08/2018 08:43:18 am</b>] Marc-Eric ALTIDOR (admin) de INASSA a enregistré l'utilisateur  Jorel ALEXANDRE / jalexandre / jorelfoyerstcamille@gmail.com / Médecin / Actif
[<b>06/08/2018 08:43:19 am</b>] Marc-Eric ALTIDOR (admin) de INASSA  est allé dans PARAMETRES  
[<b>06/08/2018 08:43:53 am</b>] Marc-Eric ALTIDOR (admin) de INASSA a enregistré l'utilisateur  Marceline GEFFRARD / mgeffrard / marcelinefoyerstcamille@gmail.com / Médecin / Actif
[<b>06/08/2018 08:43:53 am</b>] Marc-Eric ALTIDOR (admin) de INASSA  est allé dans PARAMETRES  
[<b>06/08/2018 08:44:39 am</b>] Marc-Eric ALTIDOR (admin) de INASSA a enregistré l'utilisateur  Stéphanie CHARLES / scharles / stephaniefoyerstcamille@gmail.com / Médecin / Actif
[<b>06/08/2018 08:44:39 am</b>] Marc-Eric ALTIDOR (admin) de INASSA  est allé dans PARAMETRES  
[<b>06/08/2018 08:45:51 am</b>] Marc-Eric ALTIDOR (admin) de INASSA a enregistré l'utilisateur  Stacy JEAN / stacyjean / stacyfoyerstcamille@gmail.com / Médecin / Actif
[<b>06/08/2018 08:45:51 am</b>] Marc-Eric ALTIDOR (admin) de INASSA  est allé dans PARAMETRES  
[<b>06/08/2018 08:46:38 am</b>] Marc-Eric ALTIDOR (admin) de INASSA  est allé dans PARAMETRES  
[<b>06/08/2018 08:47:35 am</b>] Marc-Eric ALTIDOR (admin) de INASSA a enregistré l'utilisateur  Jessica DELPé / jdelpe / jessicafoyerstcamille@gmail.com / Médecin / Actif
[<b>06/08/2018 08:47:36 am</b>] Marc-Eric ALTIDOR (admin) de INASSA  est allé dans PARAMETRES  
[<b>06/08/2018 08:48:29 am</b>] Marc-Eric ALTIDOR (admin) de INASSA a enregistré l'utilisateur  Hermione CHARLES / hcharles / chermionefoyerstcamille@gmail.com / Médecin / Actif
[<b>06/08/2018 08:48:29 am</b>] Marc-Eric ALTIDOR (admin) de INASSA  est allé dans PARAMETRES  
[<b>06/08/2018 08:49:39 am</b>] Marc-Eric ALTIDOR (admin) de INASSA a enregistré l'utilisateur  Kétura BELVUE / kbelvue / keturafoyerstcamille1@gmail.com / Médecin / Actif
[<b>06/08/2018 08:49:40 am</b>] Marc-Eric ALTIDOR (admin) de INASSA  est allé dans PARAMETRES  
[<b>06/08/2018 08:55:44 am</b>] Marc-Eric ALTIDOR (admin) de INASSA a enregistré l'utilisateur  Emmanuel ALEXIS / ealexis / asilex.ea@gmail.com / Médecin / Actif
[<b>06/08/2018 08:55:44 am</b>] Marc-Eric ALTIDOR (admin) de INASSA  est allé dans PARAMETRES  
[<b>06/08/2018 08:58:49 am</b>] Marc-Eric ALTIDOR (admin) de INASSA a enregistré l'utilisateur  Danya JEAN PIERRE / djeanpierre / danyajeanpierre@healinghandsforhaiti.org / Médecin / Actif
[<b>06/08/2018 08:58:49 am</b>] Marc-Eric ALTIDOR (admin) de INASSA  est allé dans PARAMETRES  
[<b>06/08/2018 08:59:48 am</b>] Marc-Eric ALTIDOR (admin) de INASSA a enregistré l'utilisateur  Nirva ST LOUIS / nstlouis / nirvasaintlouis@healinghandsforhaiti.org / Médecin / Actif
[<b>06/08/2018 08:59:48 am</b>] Marc-Eric ALTIDOR (admin) de INASSA  est allé dans PARAMETRES  
[<b>06/08/2018 09:01:21 am</b>] Marc-Eric ALTIDOR (admin) de INASSA a enregistré l'utilisateur  Jean Ernst MERZIER / jemerzier / jeanernstmerzier@healinghandsforhaiti.org / Médecin / Actif
[<b>06/08/2018 09:01:22 am</b>] Marc-Eric ALTIDOR (admin) de INASSA  est allé dans PARAMETRES  
[<b>06/08/2018 09:02:05 am</b>] Marc-Eric ALTIDOR (admin) de INASSA a enregistré l'utilisateur  Wilbert ALEXANDRE / walexandre / wilbertalexandre@healinghandsforhaiti.org / Médecin / Actif
[<b>06/08/2018 09:02:05 am</b>] Marc-Eric ALTIDOR (admin) de INASSA  est allé dans PARAMETRES  
[<b>06/08/2018 09:02:56 am</b>] Marc-Eric ALTIDOR (admin) de INASSA a enregistré l'utilisateur  Rudgmy DROUILLARD / rdrouillard / rudgmy@healinghandsforhaiti.org / Médecin / Actif
[<b>06/08/2018 09:02:56 am</b>] Marc-Eric ALTIDOR (admin) de INASSA  est allé dans PARAMETRES  
[<b>06/08/2018 09:04:40 am</b>] Marc-Eric ALTIDOR (admin) de INASSA a enregistré l'utilisateur  Ingrid ROLAND / ingridroland / ingridroland41@gmail.com / Médecin / Actif
[<b>06/08/2018 09:04:41 am</b>] Marc-Eric ALTIDOR (admin) de INASSA  est allé dans PARAMETRES  
[<b>06/08/2018 09:12:17 am</b>] Marc-Eric ALTIDOR (admin) de INASSA a enregistré l'utilisateur  Jeanine JULES / jjules / jules.jeanine@yahoo.com / Médecin / Actif
[<b>06/08/2018 09:12:18 am</b>] Marc-Eric ALTIDOR (admin) de INASSA  est allé dans PARAMETRES  
[<b>06/08/2018 09:13:17 am</b>] Marc-Eric ALTIDOR (admin) de INASSA a enregistré l'utilisateur  Rose Mina ORELUS / rmorelus / orelus.r@yahoo.com / Médecin / Actif
[<b>06/08/2018 09:13:17 am</b>] Marc-Eric ALTIDOR (admin) de INASSA  est allé dans PARAMETRES  
[<b>06/08/2018 09:24:36 am</b>] Rudgmy DROUILLARD (medecin) de FONDATION HEALING HANDS FOR HAITI  s'est connecté   
[<b>06/08/2018 09:24:36 am</b>] Rudgmy DROUILLARD (medecin) de FONDATION HEALING HANDS FOR HAITI est allé dans ACCUEIL 
[<b>06/08/2018 09:24:54 am</b>] Rudgmy DROUILLARD (medecin) de FONDATION HEALING HANDS FOR HAITI  a changé son mot de passe  
[<b>06/08/2018 09:24:55 am</b>] Rudgmy DROUILLARD (medecin) de FONDATION HEALING HANDS FOR HAITI est allé dans ACCUEIL 
[<b>06/08/2018 09:53:58 am</b>] Jean Ernst MERZIER (medecin) de FONDATION HEALING HANDS FOR HAITI  s'est connecté   
[<b>06/08/2018 09:53:58 am</b>] Jean Ernst MERZIER (medecin) de FONDATION HEALING HANDS FOR HAITI est allé dans ACCUEIL 
[<b>06/08/2018 09:54:22 am</b>] Jean Ernst MERZIER (medecin) de FONDATION HEALING HANDS FOR HAITI  a changé son mot de passe  
[<b>06/08/2018 09:54:23 am</b>] Jean Ernst MERZIER (medecin) de FONDATION HEALING HANDS FOR HAITI est allé dans ACCUEIL 
[<b>06/08/2018 09:58:15 am</b>] Wilbert ALEXANDRE (medecin) de FONDATION HEALING HANDS FOR HAITI  s'est connecté   
[<b>06/08/2018 09:58:16 am</b>] Wilbert ALEXANDRE (medecin) de FONDATION HEALING HANDS FOR HAITI est allé dans ACCUEIL 
[<b>06/08/2018 09:59:04 am</b>] Wilbert ALEXANDRE (medecin) de FONDATION HEALING HANDS FOR HAITI est allé dans ACCUEIL 
[<b>06/08/2018 09:59:20 am</b>] Wilbert ALEXANDRE (medecin) de FONDATION HEALING HANDS FOR HAITI est allé dans ACCUEIL 
[<b>06/08/2018 09:59:45 am</b>] Wilbert ALEXANDRE (medecin) de FONDATION HEALING HANDS FOR HAITI est allé dans ACCUEIL 
[<b>06/08/2018 10:00:24 am</b>] Wilbert ALEXANDRE (medecin) de FONDATION HEALING HANDS FOR HAITI  a changé son mot de passe  
[<b>06/08/2018 10:00:24 am</b>] Wilbert ALEXANDRE (medecin) de FONDATION HEALING HANDS FOR HAITI est allé dans ACCUEIL 
[<b>06/08/2018 10:15:19 am</b>] Marc-Eric ALTIDOR (admin) de INASSA  s'est connecté   
[<b>06/08/2018 10:15:19 am</b>] Marc-Eric ALTIDOR (admin) de INASSA est allé dans ACCUEIL 
[<b>06/08/2018 10:15:39 am</b>] Marc-Eric ALTIDOR (admin) de INASSA  est allé dans PARAMETRES  
[<b>06/08/2018 10:17:30 am</b>] Marc-Eric ALTIDOR (admin) de INASSA a enregistré l'utilisateur  Reginald ARNOUX / rarnoux / arnouxreginald@yahoo.fr / Médecin / Actif
[<b>06/08/2018 10:17:31 am</b>] Marc-Eric ALTIDOR (admin) de INASSA  est allé dans PARAMETRES  
[<b>06/08/2018 10:18:23 am</b>] Marc-Eric ALTIDOR (admin) de INASSA  est allé dans PARAMETRES  
[<b>06/08/2018 10:32:03 am</b>] Danya JEAN PIERRE (medecin) de FONDATION HEALING HANDS FOR HAITI  s'est connecté   
[<b>06/08/2018 10:32:03 am</b>] Danya JEAN PIERRE (medecin) de FONDATION HEALING HANDS FOR HAITI est allé dans ACCUEIL 
[<b>06/08/2018 10:32:41 am</b>] Danya JEAN PIERRE (medecin) de FONDATION HEALING HANDS FOR HAITI est allé dans ACCUEIL 
[<b>06/08/2018 10:33:05 am</b>] Danya JEAN PIERRE (medecin) de FONDATION HEALING HANDS FOR HAITI  a changé son mot de passe  
[<b>06/08/2018 10:33:06 am</b>] Danya JEAN PIERRE (medecin) de FONDATION HEALING HANDS FOR HAITI est allé dans ACCUEIL 
[<b>06/08/2018 10:34:46 am</b>] Danya JEAN PIERRE (medecin) de FONDATION HEALING HANDS FOR HAITI a recherché le client KINGDLEY MICHAUD
[<b>06/08/2018 10:35:13 am</b>] Danya JEAN PIERRE (medecin) de FONDATION HEALING HANDS FOR HAITI  s'est déconnecté  
[<b>06/08/2018 10:35:52 am</b>] Danya JEAN PIERRE (medecin) de FONDATION HEALING HANDS FOR HAITI  s'est connecté   
[<b>06/08/2018 10:35:52 am</b>] Danya JEAN PIERRE (medecin) de FONDATION HEALING HANDS FOR HAITI est allé dans ACCUEIL 
[<b>06/08/2018 10:35:59 am</b>] Danya JEAN PIERRE (medecin) de FONDATION HEALING HANDS FOR HAITI  s'est déconnecté  
[<b>06/08/2018 10:38:55 am</b>] Woosbenley FAUSTIN (medecin) de Clinique Dr Faustin Woosbenley   s'est connecté   
[<b>06/08/2018 10:38:56 am</b>] Woosbenley FAUSTIN (medecin) de Clinique Dr Faustin Woosbenley  est allé dans ACCUEIL 
[<b>06/08/2018 11:48:29 am</b>] Marc-Eric ALTIDOR (admin) de INASSA  s'est connecté   
[<b>06/08/2018 11:48:29 am</b>] Marc-Eric ALTIDOR (admin) de INASSA est allé dans ACCUEIL 
[<b>06/08/2018 11:48:35 am</b>] Marc-Eric ALTIDOR (admin) de INASSA  est allé dans PARAMETRES  
[<b>06/08/2018 12:49:33 pm</b>]   () de   s'est déconnecté  
