[<b>02/10/2018 10:53:34 am</b>] Jonas FRéDéRIQUE (medecin) de HOPITAL FOYER ST CAMILE  s'est connecté   
[<b>02/10/2018 10:53:34 am</b>] Jonas FRéDéRIQUE (medecin) de HOPITAL FOYER ST CAMILE est allé dans ACCUEIL 
[<b>02/10/2018 10:54:09 am</b>] Jonas FRéDéRIQUE (medecin) de HOPITAL FOYER ST CAMILE a recherché le client CARL ASMY PIERRE 2014-02-25
[<b>02/10/2018 10:54:09 am</b>] Jonas FRéDéRIQUE (medecin) de HOPITAL FOYER ST CAMILE a recherché le client CARL ASMY PIERRE 2014-02-25
[<b>02/10/2018 02:05:01 pm</b>] Sanon WIDMAIER (admin) de INASSA  s'est connecté   
[<b>02/10/2018 02:05:02 pm</b>] Sanon WIDMAIER (admin) de INASSA  s'est connecté   
[<b>02/10/2018 02:05:02 pm</b>] Sanon WIDMAIER (admin) de INASSA est allé dans ACCUEIL 
[<b>02/10/2018 02:05:10 pm</b>] Sanon WIDMAIER (admin) de INASSA  a changé son mot de passe  
[<b>02/10/2018 02:05:10 pm</b>] Sanon WIDMAIER (admin) de INASSA est allé dans ACCUEIL 
[<b>02/10/2018 02:05:30 pm</b>] Sanon WIDMAIER (admin) de INASSA a recherché le client WIDMAIER SANON 1978-07-01
[<b>02/10/2018 02:05:30 pm</b>] Sanon WIDMAIER (admin) de INASSA a recherché le client WIDMAIER SANON 1978-07-01
[<b>02/10/2018 02:06:32 pm</b>] Sanon WIDMAIER (admin) de INASSA  a recherché   widmaier sanon 1977-07-01 [MM/DD/YYYY]
[<b>02/10/2018 02:06:56 pm</b>] Sanon WIDMAIER (admin) de INASSA a recherché le client WIDMAIER SANON 1978-07-01
[<b>02/10/2018 02:06:56 pm</b>] Sanon WIDMAIER (admin) de INASSA a recherché le client WIDMAIER SANON 1978-07-01
[<b>02/10/2018 02:17:34 pm</b>] Sanon WIDMAIER (admin) de INASSA  s'est connecté   
[<b>02/10/2018 02:17:35 pm</b>] Sanon WIDMAIER (admin) de INASSA est allé dans ACCUEIL 
[<b>02/10/2018 02:17:37 pm</b>] Sanon WIDMAIER (admin) de INASSA  est allé dans HISTORIQUE 
[<b>02/10/2018 02:29:27 pm</b>] Sanon WIDMAIER (admin) de INASSA  s'est connecté   
[<b>02/10/2018 02:29:27 pm</b>] Sanon WIDMAIER (admin) de INASSA est allé dans ACCUEIL 
[<b>02/10/2018 02:29:49 pm</b>] Sanon WIDMAIER (admin) de INASSA a recherché le client WIDMAIER SANON 1978-07-01
[<b>02/10/2018 02:29:49 pm</b>] Sanon WIDMAIER (admin) de INASSA a recherché le client WIDMAIER SANON 1978-07-01
[<b>02/10/2018 02:32:22 pm</b>] Sanon WIDMAIER (admin) de INASSA a recherché le client WIDMAIER SANON 2013-08-29
[<b>02/10/2018 02:32:22 pm</b>] Sanon WIDMAIER (admin) de INASSA a recherché le client WIDMAIER SANON 2013-08-29
[<b>02/10/2018 02:32:22 pm</b>] Sanon WIDMAIER (admin) de INASSA a recherché le client WIDMAI SANON 2013-08-29
[<b>02/10/2018 02:32:22 pm</b>] Sanon WIDMAIER (admin) de INASSA a recherché le client WIDMAI SANON 2013-08-29
[<b>02/10/2018 03:03:24 pm</b>] Sanon WIDMAIER (admin) de INASSA  s'est connecté   
[<b>02/10/2018 03:03:25 pm</b>] Sanon WIDMAIER (admin) de INASSA est allé dans ACCUEIL 
[<b>02/10/2018 03:03:54 pm</b>] Sanon WIDMAIER (admin) de INASSA  est allé dans HISTORIQUE 
