[<b>14/05/2018 09:47:28 am</b>] Rood-Jerry GEFFRARD (medecin) de Hopital Adventiste Diquini  s'est connecté   
[<b>14/05/2018 09:47:28 am</b>] Rood-Jerry GEFFRARD (medecin) de Hopital Adventiste Diquini est allé dans ACCUEIL 
[<b>14/05/2018 10:49:32 am</b>] Sanon WIDMAIER (admin) de INASSA  s'est connecté   
[<b>14/05/2018 10:49:32 am</b>] Sanon WIDMAIER (admin) de INASSA est allé dans ACCUEIL 
[<b>14/05/2018 10:50:09 am</b>] Sanon WIDMAIER (admin) de INASSA a recherché le client CARL LAFONTANT
[<b>14/05/2018 11:30:40 am</b>] Admin WYZDEV (admin) de INASSA  s'est connecté   
[<b>14/05/2018 11:30:40 am</b>] Admin WYZDEV (admin) de INASSA est allé dans ACCUEIL 
[<b>14/05/2018 11:36:44 am</b>] Admin WYZDEV (admin) de INASSA  s'est déconnecté  
[<b>14/05/2018 12:33:47 pm</b>] Admin WYZDEV (admin) de INASSA  s'est connecté   
[<b>14/05/2018 12:33:47 pm</b>] Admin WYZDEV (admin) de INASSA est allé dans ACCUEIL 
[<b>14/05/2018 12:34:40 pm</b>] Admin WYZDEV (admin) de INASSA  est allé dans HISTORIQUE 
[<b>14/05/2018 01:01:26 pm</b>]   () de   s'est déconnecté  
[<b>14/05/2018 01:01:51 pm</b>] Admin WYZDEV (admin) de INASSA  s'est connecté   
[<b>14/05/2018 01:01:51 pm</b>] Admin WYZDEV (admin) de INASSA est allé dans ACCUEIL 
[<b>14/05/2018 01:01:56 pm</b>] Admin WYZDEV (admin) de INASSA  est allé dans HISTORIQUE 
[<b>14/05/2018 01:02:23 pm</b>] Admin WYZDEV (admin) de INASSA  s'est déconnecté  
[<b>14/05/2018 03:01:35 pm</b>] Anick DUPUY (admin) de INASSA  s'est connecté   
[<b>14/05/2018 03:01:36 pm</b>] Anick DUPUY (admin) de INASSA est allé dans ACCUEIL 
[<b>14/05/2018 03:03:47 pm</b>] Anick DUPUY (admin) de INASSA a recherché le client JACKSON ISME
[<b>14/05/2018 03:04:33 pm</b>] Anick DUPUY (admin) de INASSA a recherché le client DORIAN ISME
[<b>14/05/2018 03:05:48 pm</b>] Anick DUPUY (admin) de INASSA  est allé dans HISTORIQUE 
[<b>14/05/2018 03:06:30 pm</b>] Anick DUPUY (admin) de INASSA  est allé dans HISTORIQUE 
[<b>14/05/2018 03:08:47 pm</b>] Anick DUPUY (admin) de INASSA  est allé dans HISTORIQUE 
[<b>14/05/2018 03:08:55 pm</b>] Sanon WIDMAIER (admin) de INASSA  s'est connecté   
[<b>14/05/2018 03:08:56 pm</b>] Sanon WIDMAIER (admin) de INASSA est allé dans ACCUEIL 
[<b>14/05/2018 03:08:59 pm</b>] Sanon WIDMAIER (admin) de INASSA  est allé dans HISTORIQUE 
[<b>14/05/2018 03:09:32 pm</b>] Sanon WIDMAIER (admin) de INASSA  est allé dans HISTORIQUE 
[<b>14/05/2018 03:10:56 pm</b>] Sanon WIDMAIER (admin) de INASSA  s'est déconnecté  
[<b>14/05/2018 03:17:36 pm</b>] Anick DUPUY (admin) de INASSA  s'est déconnecté  
[<b>14/05/2018 03:29:15 pm</b>] Sanon WIDMAIER (admin) de INASSA  s'est connecté   
[<b>14/05/2018 03:29:15 pm</b>] Sanon WIDMAIER (admin) de INASSA est allé dans ACCUEIL 
[<b>14/05/2018 03:29:20 pm</b>] Sanon WIDMAIER (admin) de INASSA  s'est déconnecté  
