[<b>16/05/2018 07:49:03 am</b>] Marc-Eric ALTIDOR (admin) de INASSA  s'est connecté   
[<b>16/05/2018 07:49:03 am</b>] Marc-Eric ALTIDOR (admin) de INASSA est allé dans ACCUEIL 
[<b>16/05/2018 07:49:21 am</b>] Marc-Eric ALTIDOR (admin) de INASSA  est allé dans PARAMETRES  
[<b>16/05/2018 07:51:53 am</b>] Marc-Eric ALTIDOR (admin) de INASSA a enregistré l'utilisateur  Rachelle CANCOULT / rcancoult / Rachellecancoult@gmail.com / Médecin / Actif
[<b>16/05/2018 07:51:53 am</b>] Marc-Eric ALTIDOR (admin) de INASSA  est allé dans PARAMETRES  
[<b>16/05/2018 07:52:45 am</b>] Marc-Eric ALTIDOR (admin) de INASSA a enregistré l'utilisateur  Emmanuel DESILUS / edesilus / emmanueldesilus@yahoo.fr / Médecin / Actif
[<b>16/05/2018 07:52:45 am</b>] Marc-Eric ALTIDOR (admin) de INASSA  est allé dans PARAMETRES  
[<b>16/05/2018 07:53:47 am</b>] Marc-Eric ALTIDOR (admin) de INASSA a enregistré l'utilisateur  Dorcelus ST HELENE / dsthelene / stehelenedorce12@yahoo.fr / Médecin / Actif
[<b>16/05/2018 07:53:47 am</b>] Marc-Eric ALTIDOR (admin) de INASSA  est allé dans PARAMETRES  
[<b>16/05/2018 08:01:34 am</b>] Marc-Eric ALTIDOR (admin) de INASSA a enregistré l'utilisateur  Denold MILSOIT / dmilsoit / denoldmilsoit@gmail.com / Médecin / Actif
[<b>16/05/2018 08:01:34 am</b>] Marc-Eric ALTIDOR (admin) de INASSA  est allé dans PARAMETRES  
[<b>16/05/2018 08:02:25 am</b>] Marc-Eric ALTIDOR (admin) de INASSA a enregistré l'utilisateur  Daner AUDATE / daudate / daneraudate109@yahoo.fr / Médecin / Actif
[<b>16/05/2018 08:02:25 am</b>] Marc-Eric ALTIDOR (admin) de INASSA  est allé dans PARAMETRES  
[<b>16/05/2018 08:04:27 am</b>] Marc-Eric ALTIDOR (admin) de INASSA a enregistré l'utilisateur  Woosbenley FAUSTIN / wfaustin / drfaustinwoosbenley@yahoo.fr / Médecin / Actif
[<b>16/05/2018 08:04:27 am</b>] Marc-Eric ALTIDOR (admin) de INASSA  est allé dans PARAMETRES  
[<b>16/05/2018 08:05:29 am</b>] Marc-Eric ALTIDOR (admin) de INASSA a enregistré l'utilisateur  Augusta SAINT LOUIS / asaintlouis / saintlouisaugusta@gmail.com / Médecin / Actif
[<b>16/05/2018 08:05:29 am</b>] Marc-Eric ALTIDOR (admin) de INASSA  est allé dans PARAMETRES  
[<b>16/05/2018 08:07:43 am</b>] Marc-Eric ALTIDOR (admin) de INASSA a enregistré l'utilisateur  Gerard Evens LUCIEN / gelucien / gelucien@yahoo.fr / Médecin / Actif
[<b>16/05/2018 08:07:43 am</b>] Marc-Eric ALTIDOR (admin) de INASSA  est allé dans PARAMETRES  
[<b>16/05/2018 08:08:28 am</b>] Marc-Eric ALTIDOR (admin) de INASSA a enregistré l'utilisateur  Marie Beatrice MESIDOR / mbmesidor / beatricemesidor@hotmail.fr / Médecin / Actif
[<b>16/05/2018 08:08:29 am</b>] Marc-Eric ALTIDOR (admin) de INASSA  est allé dans PARAMETRES  
[<b>16/05/2018 08:09:16 am</b>] Marc-Eric ALTIDOR (admin) de INASSA a enregistré l'utilisateur  Marie Lygie JOSILE / mljosile / valengie1331@gmail.com / Médecin / Actif
[<b>16/05/2018 08:09:16 am</b>] Marc-Eric ALTIDOR (admin) de INASSA  est allé dans PARAMETRES  
[<b>16/05/2018 08:11:23 am</b>] Marc-Eric ALTIDOR (admin) de INASSA a enregistré l'utilisateur  Wilda ALTIDOR / waltidor / wildaaltidor@gmail.com / Médecin / Actif
[<b>16/05/2018 08:11:23 am</b>] Marc-Eric ALTIDOR (admin) de INASSA  est allé dans PARAMETRES  
[<b>16/05/2018 08:12:23 am</b>] Marc-Eric ALTIDOR (admin) de INASSA a enregistré l'utilisateur  Berline LOUIS / blouis / email.berlinelouis662@gmail.com / Médecin / Actif
[<b>16/05/2018 08:12:24 am</b>] Marc-Eric ALTIDOR (admin) de INASSA  est allé dans PARAMETRES  
[<b>16/05/2018 08:13:38 am</b>] Marc-Eric ALTIDOR (admin) de INASSA a enregistré l'utilisateur  Gerna Geffrard DEUS / ggdeus / deusgerna@gmail.com / Médecin / Actif
[<b>16/05/2018 08:13:39 am</b>] Marc-Eric ALTIDOR (admin) de INASSA  est allé dans PARAMETRES  
[<b>16/05/2018 08:30:17 am</b>] Marc-Eric ALTIDOR (admin) de INASSA  s'est connecté   
[<b>16/05/2018 08:30:17 am</b>] Marc-Eric ALTIDOR (admin) de INASSA est allé dans ACCUEIL 
[<b>16/05/2018 08:30:22 am</b>] Marc-Eric ALTIDOR (admin) de INASSA  est allé dans PARAMETRES  
[<b>16/05/2018 08:30:49 am</b>] Marc-Eric ALTIDOR (admin) de INASSA a enregistré l'utilisateur  Ylange DESSOURCES / ydessources / dessourcesylange@gmail.com / Médecin / Actif
[<b>16/05/2018 08:30:50 am</b>] Marc-Eric ALTIDOR (admin) de INASSA  est allé dans PARAMETRES  
[<b>16/05/2018 09:40:42 am</b>] Marc-Eric ALTIDOR (admin) de INASSA  s'est connecté   
[<b>16/05/2018 09:40:42 am</b>] Marc-Eric ALTIDOR (admin) de INASSA est allé dans ACCUEIL 
[<b>16/05/2018 09:40:45 am</b>] Marc-Eric ALTIDOR (admin) de INASSA  est allé dans PARAMETRES  
[<b>16/05/2018 11:03:07 am</b>] Marc-Eric ALTIDOR (admin) de INASSA  s'est connecté   
[<b>16/05/2018 11:03:08 am</b>] Marc-Eric ALTIDOR (admin) de INASSA est allé dans ACCUEIL 
[<b>16/05/2018 11:03:14 am</b>] Marc-Eric ALTIDOR (admin) de INASSA est allé dans ACCUEIL 
[<b>16/05/2018 11:03:20 am</b>] Marc-Eric ALTIDOR (admin) de INASSA  est allé dans PARAMETRES  
[<b>16/05/2018 11:20:09 am</b>] Denold MILSOIT (medecin) de CLINIQULE Dr DENOLD MILSOIT  s'est connecté   
[<b>16/05/2018 11:20:13 am</b>] Denold MILSOIT (medecin) de CLINIQULE Dr DENOLD MILSOIT est allé dans ACCUEIL 
[<b>16/05/2018 11:20:56 am</b>] Denold MILSOIT (medecin) de CLINIQULE Dr DENOLD MILSOIT  a changé son mot de passe  
[<b>16/05/2018 11:20:58 am</b>] Denold MILSOIT (medecin) de CLINIQULE Dr DENOLD MILSOIT est allé dans ACCUEIL 
[<b>16/05/2018 01:19:09 pm</b>] Woosbenley FAUSTIN (medecin) de Clinique Dr Faustin Woosbenley   s'est connecté   
[<b>16/05/2018 01:19:09 pm</b>] Woosbenley FAUSTIN (medecin) de Clinique Dr Faustin Woosbenley  est allé dans ACCUEIL 
[<b>16/05/2018 01:19:49 pm</b>] Woosbenley FAUSTIN (medecin) de Clinique Dr Faustin Woosbenley   a changé son mot de passe  
[<b>16/05/2018 01:19:49 pm</b>] Woosbenley FAUSTIN (medecin) de Clinique Dr Faustin Woosbenley  est allé dans ACCUEIL 
[<b>16/05/2018 01:22:32 pm</b>] Woosbenley FAUSTIN (medecin) de Clinique Dr Faustin Woosbenley  a recherché le client WOOSBENLEY FAUSTIN
[<b>16/05/2018 01:23:48 pm</b>] Woosbenley FAUSTIN (medecin) de Clinique Dr Faustin Woosbenley  a recherché le client GUERDY FAUSTIN
[<b>16/05/2018 01:28:07 pm</b>] Woosbenley FAUSTIN (medecin) de Clinique Dr Faustin Woosbenley   s'est déconnecté  
[<b>16/05/2018 01:28:33 pm</b>] Woosbenley FAUSTIN (medecin) de Clinique Dr Faustin Woosbenley   s'est connecté   
[<b>16/05/2018 01:28:33 pm</b>] Woosbenley FAUSTIN (medecin) de Clinique Dr Faustin Woosbenley  est allé dans ACCUEIL 
