[<b>19/03/2018 08:10:22 am</b>] Marc-Eric ALTIDOR (admin) de INASSA  s'est connecté   
[<b>19/03/2018 08:10:22 am</b>] Marc-Eric ALTIDOR (admin) de INASSA est allé dans ACCUEIL 
[<b>19/03/2018 08:25:52 am</b>] Marc-Eric ALTIDOR (admin) de INASSA est allé dans ACCUEIL 
[<b>19/03/2018 08:29:17 am</b>] Marc-Eric ALTIDOR (admin) de INASSA  est allé dans PARAMETRES  
[<b>19/03/2018 08:33:46 am</b>] Sanon WIDMAIER (admin) de INASSA  s'est connecté   
[<b>19/03/2018 08:33:46 am</b>] Sanon WIDMAIER (admin) de INASSA est allé dans ACCUEIL 
[<b>19/03/2018 08:35:18 am</b>] Sanon WIDMAIER (admin) de INASSA  s'est connecté   
[<b>19/03/2018 08:35:18 am</b>] Sanon WIDMAIER (admin) de INASSA est allé dans ACCUEIL 
[<b>19/03/2018 08:35:37 am</b>] Marc-Eric ALTIDOR (admin) de INASSA  est allé dans PARAMETRES  
[<b>19/03/2018 08:36:12 am</b>] Marc-Eric ALTIDOR (admin) de INASSA  est allé dans PARAMETRES  
[<b>19/03/2018 08:36:12 am</b>] Marc-Eric ALTIDOR (admin) de INASSA  est allé dans PARAMETRES  
[<b>19/03/2018 08:36:12 am</b>] Marc-Eric ALTIDOR (admin) de INASSA  est allé dans PARAMETRES  
[<b>19/03/2018 08:36:12 am</b>] Marc-Eric ALTIDOR (admin) de INASSA  est allé dans PARAMETRES  
[<b>19/03/2018 08:36:13 am</b>] Marc-Eric ALTIDOR (admin) de INASSA  est allé dans PARAMETRES  
[<b>19/03/2018 08:36:13 am</b>] Marc-Eric ALTIDOR (admin) de INASSA est allé dans ACCUEIL 
[<b>19/03/2018 08:37:16 am</b>] Sanon WIDMAIER (admin) de INASSA est allé dans ACCUEIL 
[<b>19/03/2018 08:38:19 am</b>] Marc-Eric ALTIDOR (admin) de INASSA  est allé dans PARAMETRES  
[<b>19/03/2018 08:38:23 am</b>] Sanon WIDMAIER (admin) de INASSA est allé dans ACCUEIL 
[<b>19/03/2018 08:38:23 am</b>] Sanon WIDMAIER (admin) de INASSA  est allé dans HISTORIQUE 
[<b>19/03/2018 08:38:23 am</b>] Sanon WIDMAIER (admin) de INASSA est allé dans ACCUEIL 
[<b>19/03/2018 08:38:23 am</b>] Sanon WIDMAIER (admin) de INASSA est allé dans ACCUEIL 
[<b>19/03/2018 08:38:23 am</b>] Sanon WIDMAIER (admin) de INASSA est allé dans ACCUEIL 
[<b>19/03/2018 08:38:23 am</b>] Sanon WIDMAIER (admin) de INASSA est allé dans ACCUEIL 
[<b>19/03/2018 08:38:28 am</b>] Sanon WIDMAIER (admin) de INASSA  s'est connecté   
[<b>19/03/2018 08:38:28 am</b>] Sanon WIDMAIER (admin) de INASSA est allé dans ACCUEIL 
[<b>19/03/2018 08:39:30 am</b>] Sanon WIDMAIER (admin) de INASSA  s'est connecté   
[<b>19/03/2018 08:39:30 am</b>] Sanon WIDMAIER (admin) de INASSA est allé dans ACCUEIL 
[<b>19/03/2018 08:43:21 am</b>] Marc-Eric ALTIDOR (admin) de INASSA  est allé dans PARAMETRES  
[<b>19/03/2018 08:44:25 am</b>] Sanon WIDMAIER (admin) de INASSA est allé dans ACCUEIL 
[<b>19/03/2018 08:44:48 am</b>] Marc-Eric ALTIDOR (admin) de INASSA  est allé dans PARAMETRES  
[<b>19/03/2018 08:44:54 am</b>] Marc-Eric ALTIDOR (admin) de INASSA est allé dans ACCUEIL 
[<b>19/03/2018 08:50:45 am</b>] Marc-Eric ALTIDOR (admin) de INASSA  est allé dans PARAMETRES  
[<b>19/03/2018 08:59:23 am</b>] Marc-Eric ALTIDOR (admin) de INASSA  est allé dans PARAMETRES  
[<b>19/03/2018 09:10:29 am</b>] Sanon WIDMAIER (admin) de INASSA  s'est connecté   
[<b>19/03/2018 09:10:30 am</b>] Sanon WIDMAIER (admin) de INASSA est allé dans ACCUEIL 
[<b>19/03/2018 09:11:55 am</b>] Marc-Eric ALTIDOR (admin) de INASSA  s'est connecté   
[<b>19/03/2018 09:11:55 am</b>] Marc-Eric ALTIDOR (admin) de INASSA est allé dans ACCUEIL 
[<b>19/03/2018 09:12:08 am</b>] Marc-Eric ALTIDOR (admin) de INASSA  est allé dans HISTORIQUE 
[<b>19/03/2018 09:20:06 am</b>] Sanon WIDMAIER (admin) de INASSA  s'est connecté   
[<b>19/03/2018 09:20:06 am</b>] Sanon WIDMAIER (admin) de INASSA est allé dans ACCUEIL 
[<b>19/03/2018 09:59:20 am</b>] Sanon WIDMAIER (admin) de INASSA  s'est connecté   
[<b>19/03/2018 09:59:20 am</b>] Sanon WIDMAIER (admin) de INASSA est allé dans ACCUEIL 
[<b>19/03/2018 10:15:43 am</b>] Marc-Eric ALTIDOR (admin) de INASSA  s'est connecté   
[<b>19/03/2018 10:15:44 am</b>] Marc-Eric ALTIDOR (admin) de INASSA est allé dans ACCUEIL 
[<b>19/03/2018 10:24:27 am</b>] Marc-Eric ALTIDOR (admin) de INASSA  s'est connecté   
[<b>19/03/2018 10:24:28 am</b>] Marc-Eric ALTIDOR (admin) de INASSA est allé dans ACCUEIL 
[<b>19/03/2018 10:33:38 am</b>] Marc-Eric ALTIDOR (admin) de INASSA  est allé dans PARAMETRES  
[<b>19/03/2018 11:33:23 am</b>] Sanon WIDMAIER (admin) de INASSA  s'est connecté   
[<b>19/03/2018 11:33:23 am</b>] Sanon WIDMAIER (admin) de INASSA est allé dans ACCUEIL 
[<b>19/03/2018 11:44:57 am</b>] Sanon WIDMAIER (admin) de INASSA  s'est connecté   
[<b>19/03/2018 11:44:57 am</b>] Sanon WIDMAIER (admin) de INASSA est allé dans ACCUEIL 
[<b>19/03/2018 01:06:03 pm</b>] Marc-Eric ALTIDOR (admin) de INASSA  s'est connecté   
[<b>19/03/2018 01:06:03 pm</b>] Marc-Eric ALTIDOR (admin) de INASSA est allé dans ACCUEIL 
[<b>19/03/2018 01:38:33 pm</b>] Marc-Eric ALTIDOR (admin) de INASSA  s'est connecté   
[<b>19/03/2018 01:38:34 pm</b>] Marc-Eric ALTIDOR (admin) de INASSA est allé dans ACCUEIL 
[<b>19/03/2018 01:48:12 pm</b>] Withnyse Caridad FRANCOIS (medecin) de HOP SAINT FRANCOIS DE SALES  s'est connecté   
[<b>19/03/2018 01:48:12 pm</b>] Withnyse Caridad FRANCOIS (medecin) de HOP SAINT FRANCOIS DE SALES est allé dans ACCUEIL 
[<b>19/03/2018 02:40:12 pm</b>] Marc-Eric ALTIDOR (admin) de INASSA  s'est connecté   
[<b>19/03/2018 02:40:12 pm</b>] Marc-Eric ALTIDOR (admin) de INASSA est allé dans ACCUEIL 
[<b>19/03/2018 03:32:47 pm</b>] Marc-Eric ALTIDOR (admin) de INASSA  s'est connecté   
[<b>19/03/2018 03:32:47 pm</b>] Marc-Eric ALTIDOR (admin) de INASSA est allé dans ACCUEIL 
[<b>19/03/2018 03:42:22 pm</b>] Marc-Eric ALTIDOR (admin) de INASSA  est allé dans PARAMETRES  
[<b>19/03/2018 03:42:45 pm</b>] Marc-Eric ALTIDOR (admin) de INASSA  est allé dans PARAMETRES  
[<b>19/03/2018 03:58:17 pm</b>] Sanon WIDMAIER (admin) de INASSA  s'est connecté   
[<b>19/03/2018 03:58:17 pm</b>] Sanon WIDMAIER (admin) de INASSA est allé dans ACCUEIL 
