[<b>02/04/2018 11:18:36 am</b>] Ralph BABOUN (medecin) de MEDLAB  s'est connecté   
[<b>02/04/2018 11:18:36 am</b>] Ralph BABOUN (medecin) de MEDLAB est allé dans ACCUEIL 
[<b>02/04/2018 11:34:30 am</b>] Withnyse Caridad FRANCOIS (medecin) de HOP SAINT FRANCOIS DE SALES  s'est connecté   
[<b>02/04/2018 11:34:31 am</b>] Withnyse Caridad FRANCOIS (medecin) de HOP SAINT FRANCOIS DE SALES est allé dans ACCUEIL 
[<b>02/04/2018 02:30:13 pm</b>] Marc-Eric ALTIDOR (admin) de INASSA  s'est connecté   
[<b>02/04/2018 02:30:13 pm</b>] Marc-Eric ALTIDOR (admin) de INASSA est allé dans ACCUEIL 
[<b>02/04/2018 02:30:18 pm</b>] Marc-Eric ALTIDOR (admin) de INASSA  est allé dans PARAMETRES  
[<b>02/04/2018 02:31:23 pm</b>] Marc-Eric ALTIDOR (admin) de INASSA  a réinitialisé le compte de l'utilisateur  IT TEAM INASSA
[<b>02/04/2018 02:32:34 pm</b>] Marc-Eric ALTIDOR (admin) de INASSA  s'est déconnecté  
[<b>02/04/2018 02:32:48 pm</b>] IT TEAM INASSA (medecin) de NASSA  s'est connecté   
[<b>02/04/2018 02:32:49 pm</b>] IT TEAM INASSA (medecin) de NASSA est allé dans ACCUEIL 
[<b>02/04/2018 02:33:02 pm</b>] IT TEAM INASSA (medecin) de NASSA  a changé son mot de passe  
[<b>02/04/2018 02:33:03 pm</b>] IT TEAM INASSA (medecin) de NASSA est allé dans ACCUEIL 
[<b>02/04/2018 02:34:08 pm</b>] IT TEAM INASSA (medecin) de NASSA est allé dans ACCUEIL 
[<b>02/04/2018 02:34:10 pm</b>] IT TEAM INASSA (medecin) de NASSA est allé dans ACCUEIL 
[<b>02/04/2018 02:37:56 pm</b>] IT TEAM INASSA (medecin) de NASSA est allé dans ACCUEIL 
[<b>02/04/2018 02:38:02 pm</b>] IT TEAM INASSA (medecin) de NASSA est allé dans ACCUEIL 
[<b>02/04/2018 02:38:15 pm</b>] IT TEAM INASSA (medecin) de NASSA est allé dans ACCUEIL 
[<b>02/04/2018 02:38:23 pm</b>] IT TEAM INASSA (medecin) de NASSA est allé dans ACCUEIL 
[<b>02/04/2018 02:38:30 pm</b>] IT TEAM INASSA (medecin) de NASSA est allé dans ACCUEIL 
[<b>02/04/2018 02:38:39 pm</b>] IT TEAM INASSA (medecin) de NASSA  s'est déconnecté  
[<b>02/04/2018 02:39:31 pm</b>] Marc-Eric ALTIDOR (admin) de INASSA  s'est connecté   
[<b>02/04/2018 02:39:32 pm</b>] Marc-Eric ALTIDOR (admin) de INASSA est allé dans ACCUEIL 
[<b>02/04/2018 02:39:41 pm</b>] Marc-Eric ALTIDOR (admin) de INASSA  s'est connecté   
[<b>02/04/2018 02:39:41 pm</b>] Marc-Eric ALTIDOR (admin) de INASSA est allé dans ACCUEIL 
[<b>02/04/2018 02:40:30 pm</b>] Marc-Eric ALTIDOR (admin) de INASSA a recherché le client MARC-ERIC ALTIDOR
[<b>02/04/2018 02:40:49 pm</b>] IT TEAM INASSA (medecin) de NASSA  s'est connecté   
[<b>02/04/2018 02:40:49 pm</b>] IT TEAM INASSA (medecin) de NASSA est allé dans ACCUEIL 
[<b>02/04/2018 02:41:08 pm</b>] IT TEAM INASSA (medecin) de NASSA a recherché le client MARC-ERIC ALTIDOR
[<b>02/04/2018 02:41:25 pm</b>] IT TEAM INASSA (medecin) de NASSA a recherché le client MARC-ERIC ALTIDOR
[<b>02/04/2018 02:42:00 pm</b>] IT TEAM INASSA (medecin) de NASSA a recherché le client MARC-ERI ALTIDOR
[<b>02/04/2018 02:42:04 pm</b>] IT TEAM INASSA (medecin) de NASSA est allé dans ACCUEIL 
[<b>02/04/2018 02:42:07 pm</b>] IT TEAM INASSA (medecin) de NASSA est allé dans ACCUEIL 
[<b>02/04/2018 02:42:10 pm</b>] IT TEAM INASSA (medecin) de NASSA est allé dans ACCUEIL 
[<b>02/04/2018 02:42:13 pm</b>] IT TEAM INASSA (medecin) de NASSA est allé dans ACCUEIL 
[<b>02/04/2018 02:42:14 pm</b>] IT TEAM INASSA (medecin) de NASSA est allé dans ACCUEIL 
[<b>02/04/2018 02:42:17 pm</b>] IT TEAM INASSA (medecin) de NASSA est allé dans ACCUEIL 
[<b>02/04/2018 02:42:32 pm</b>] IT TEAM INASSA (medecin) de NASSA a recherché le client MARC-ERIC ALTIDOR
[<b>02/04/2018 02:43:40 pm</b>] IT TEAM INASSA (medecin) de NASSA est allé dans ACCUEIL 
[<b>02/04/2018 02:44:14 pm</b>] IT TEAM INASSA (medecin) de NASSA a recherché le client MARC-ERIC ALTIDOR
[<b>02/04/2018 11:46:29 pm</b>] Admin WYZDEV (admin) de INASSA  s'est connecté   
[<b>02/04/2018 11:46:29 pm</b>] Admin WYZDEV (admin) de INASSA est allé dans ACCUEIL 
[<b>02/04/2018 11:52:21 pm</b>] Admin WYZDEV (admin) de INASSA  est allé dans HISTORIQUE 
[<b>02/04/2018 11:54:43 pm</b>] Admin WYZDEV (admin) de INASSA est allé dans ACCUEIL 
[<b>02/04/2018 11:55:12 pm</b>] Admin WYZDEV (admin) de INASSA  est allé dans PARAMETRES  
[<b>02/04/2018 11:55:42 pm</b>] Admin WYZDEV (admin) de INASSA est allé dans ACCUEIL 
[<b>02/04/2018 11:55:47 pm</b>] Admin WYZDEV (admin) de INASSA  est allé dans PARAMETRES  
[<b>02/04/2018 11:56:27 pm</b>] Admin WYZDEV (admin) de INASSA est allé dans ACCUEIL 
