[<b>28/03/2018 10:06:13 am</b>] Marc-Eric ALTIDOR (admin) de INASSA  s'est connecté   
[<b>28/03/2018 10:06:13 am</b>] Marc-Eric ALTIDOR (admin) de INASSA est allé dans ACCUEIL 
[<b>28/03/2018 10:06:18 am</b>] Marc-Eric ALTIDOR (admin) de INASSA  est allé dans PARAMETRES  
[<b>28/03/2018 10:07:10 am</b>] Marc-Eric ALTIDOR (admin) de INASSA a enregistré l'utilisateur  Ralph BABOUN / rbaboun / info@medlabhaiti.com / Médecin / Actif
[<b>28/03/2018 10:07:10 am</b>] Marc-Eric ALTIDOR (admin) de INASSA  est allé dans PARAMETRES  
[<b>28/03/2018 10:07:13 am</b>] Marc-Eric ALTIDOR (admin) de INASSA  est allé dans PARAMETRES  
[<b>28/03/2018 10:23:33 am</b>] Ralph BABOUN (medecin) de MEDLAB  s'est connecté   
[<b>28/03/2018 10:23:34 am</b>] Ralph BABOUN (medecin) de MEDLAB est allé dans ACCUEIL 
[<b>28/03/2018 10:24:16 am</b>] Ralph BABOUN (medecin) de MEDLAB  a changé son mot de passe  
[<b>28/03/2018 10:24:16 am</b>] Ralph BABOUN (medecin) de MEDLAB est allé dans ACCUEIL 
[<b>28/03/2018 10:32:12 am</b>] Ralph BABOUN (medecin) de MEDLAB a recherché le client EVENS CELHOMME
[<b>28/03/2018 10:33:52 am</b>] Ralph BABOUN (medecin) de MEDLAB a recherché le client MARIE MARTHE JEAN JACQUES
[<b>28/03/2018 10:39:06 am</b>] Ralph BABOUN (medecin) de MEDLAB a recherché le client KERLYNE ZEPHIR
[<b>28/03/2018 10:47:57 am</b>] Ralph BABOUN (medecin) de MEDLAB  s'est connecté   
[<b>28/03/2018 10:47:57 am</b>] Ralph BABOUN (medecin) de MEDLAB est allé dans ACCUEIL 
[<b>28/03/2018 10:48:41 am</b>] Ralph BABOUN (medecin) de MEDLAB a recherché le client KERLYNE ZEPHIR
[<b>28/03/2018 10:59:25 am</b>] Withnyse Caridad FRANCOIS (medecin) de HOP SAINT FRANCOIS DE SALES  s'est connecté   
[<b>28/03/2018 10:59:25 am</b>] Withnyse Caridad FRANCOIS (medecin) de HOP SAINT FRANCOIS DE SALES est allé dans ACCUEIL 
[<b>28/03/2018 11:01:55 am</b>] Marc-Eric ALTIDOR (admin) de INASSA  s'est connecté   
[<b>28/03/2018 11:01:55 am</b>] Marc-Eric ALTIDOR (admin) de INASSA est allé dans ACCUEIL 
[<b>28/03/2018 11:02:14 am</b>] Marc-Eric ALTIDOR (admin) de INASSA a recherché le client KERLYNE ZEPHIR
[<b>28/03/2018 11:02:43 am</b>] Marc-Eric ALTIDOR (admin) de INASSA a recherché le client KERLYNE ZEPHIR
[<b>28/03/2018 12:17:33 pm</b>] Ralph BABOUN (medecin) de MEDLAB  s'est connecté   
[<b>28/03/2018 12:17:33 pm</b>] Ralph BABOUN (medecin) de MEDLAB est allé dans ACCUEIL 
[<b>28/03/2018 12:20:10 pm</b>] Ralph BABOUN (medecin) de MEDLAB a recherché le client ALAIN LOUISTILIEN
[<b>28/03/2018 12:32:16 pm</b>] Ralph BABOUN (medecin) de MEDLAB  s'est connecté   
[<b>28/03/2018 12:32:16 pm</b>] Ralph BABOUN (medecin) de MEDLAB est allé dans ACCUEIL 
[<b>28/03/2018 01:11:57 pm</b>] Marc-Eric ALTIDOR (admin) de INASSA  s'est connecté   
[<b>28/03/2018 01:11:58 pm</b>] Marc-Eric ALTIDOR (admin) de INASSA est allé dans ACCUEIL 
[<b>28/03/2018 01:19:27 pm</b>] Marc-Eric ALTIDOR (admin) de INASSA est allé dans ACCUEIL 
[<b>28/03/2018 01:20:58 pm</b>] Marc-Eric ALTIDOR (admin) de INASSA a recherché le client MAQUELITA LOUISTILIEN
[<b>28/03/2018 01:39:49 pm</b>] Marc-Eric ALTIDOR (admin) de INASSA  s'est connecté   
[<b>28/03/2018 01:39:49 pm</b>] Marc-Eric ALTIDOR (admin) de INASSA est allé dans ACCUEIL 
[<b>28/03/2018 01:39:52 pm</b>] Marc-Eric ALTIDOR (admin) de INASSA est allé dans ACCUEIL 
[<b>28/03/2018 02:50:52 pm</b>] Sanon WIDMAIER (admin) de INASSA  s'est connecté   
[<b>28/03/2018 02:50:53 pm</b>] Sanon WIDMAIER (admin) de INASSA est allé dans ACCUEIL 
[<b>28/03/2018 02:51:35 pm</b>] Sanon WIDMAIER (admin) de INASSA  s'est connecté   
[<b>28/03/2018 02:51:36 pm</b>] Sanon WIDMAIER (admin) de INASSA est allé dans ACCUEIL 
[<b>28/03/2018 02:51:36 pm</b>] Sanon WIDMAIER (admin) de INASSA a recherché le client WIDMAI SANON
