[<b>29/09/2018 08:52:30 am</b>] Shana MONOPOL (medecin) de Hopital Espoir  s'est connecté   
[<b>29/09/2018 10:31:58 am</b>] Deslouche DOMOND (medecin) de Centre de Scanner Computarise  s'est connecté   
[<b>29/09/2018 10:31:58 am</b>] Deslouche DOMOND (medecin) de Centre de Scanner Computarise  s'est connecté   
[<b>29/09/2018 10:31:59 am</b>] Deslouche DOMOND (medecin) de Centre de Scanner Computarise est allé dans ACCUEIL 
[<b>29/09/2018 10:33:43 am</b>] Deslouche DOMOND (medecin) de Centre de Scanner Computarise a recherché le client EMMANUEL SOUVERAIN 1983-09-13
[<b>29/09/2018 10:33:43 am</b>] Deslouche DOMOND (medecin) de Centre de Scanner Computarise a recherché le client EMMANUEL SOUVERAIN 1983-09-13
[<b>29/09/2018 10:55:58 am</b>] Deslouche DOMOND (medecin) de Centre de Scanner Computarise  s'est connecté   
[<b>29/09/2018 10:55:58 am</b>] Deslouche DOMOND (medecin) de Centre de Scanner Computarise est allé dans ACCUEIL 
[<b>29/09/2018 10:57:24 am</b>] Deslouche DOMOND (medecin) de Centre de Scanner Computarise  a recherché   Nadie Moreau Pauyo 2017-06-01 [MM/DD/YYYY]
[<b>29/09/2018 10:58:37 am</b>] Deslouche DOMOND (medecin) de Centre de Scanner Computarise  a recherché   Nadie Moreau  Pauyo 2017-06-01 [MM/DD/YYYY]
[<b>29/09/2018 11:00:06 am</b>] Deslouche DOMOND (medecin) de Centre de Scanner Computarise  a recherché   Nadine Pauyo 2017-06-01 [MM/DD/YYYY]
[<b>29/09/2018 11:00:08 am</b>] Deslouche DOMOND (medecin) de Centre de Scanner Computarise  a recherché   Nadine Pauyo 2017-06-01 [MM/DD/YYYY]
[<b>29/09/2018 11:00:11 am</b>] Deslouche DOMOND (medecin) de Centre de Scanner Computarise  a recherché   Nadine Pauyo 2017-06-01 [MM/DD/YYYY]
[<b>29/09/2018 11:00:14 am</b>] Deslouche DOMOND (medecin) de Centre de Scanner Computarise  a recherché   Nadine Pauyo 2017-06-01 [MM/DD/YYYY]
[<b>29/09/2018 11:00:17 am</b>] Deslouche DOMOND (medecin) de Centre de Scanner Computarise  a recherché   Nadine Pauyo 2017-06-01 [MM/DD/YYYY]
[<b>29/09/2018 11:00:19 am</b>] Deslouche DOMOND (medecin) de Centre de Scanner Computarise  a recherché   Nadine Pauyo 2017-06-01 [MM/DD/YYYY]
[<b>29/09/2018 11:00:22 am</b>] Deslouche DOMOND (medecin) de Centre de Scanner Computarise  a recherché   Nadine Pauyo 2017-06-01 [MM/DD/YYYY]
[<b>29/09/2018 11:00:31 am</b>] Deslouche DOMOND (medecin) de Centre de Scanner Computarise est allé dans ACCUEIL 
[<b>29/09/2018 11:01:35 am</b>] Deslouche DOMOND (medecin) de Centre de Scanner Computarise  a recherché   Nadine Pauyo 2017-06-01 [MM/DD/YYYY]
[<b>29/09/2018 11:02:12 am</b>] Deslouche DOMOND (medecin) de Centre de Scanner Computarise est allé dans ACCUEIL 
[<b>29/09/2018 11:04:44 am</b>] Deslouche DOMOND (medecin) de Centre de Scanner Computarise  a recherché   Nadie Moreau Pauyo 1967-10-08 [MM/DD/YYYY]
[<b>29/09/2018 11:05:06 am</b>] Deslouche DOMOND (medecin) de Centre de Scanner Computarise est allé dans ACCUEIL 
[<b>29/09/2018 11:07:32 am</b>] Deslouche DOMOND (medecin) de Centre de Scanner Computarise a recherché le client NADIE MOREAU PAUYO 1967-10-08
