[<b>07/12/2018 08:04:53 am</b>] Sanon WIDMAIER (admin) de INASSA  s'est connecté   
[<b>07/12/2018 08:07:07 am</b>] Marc-Eric ALTIDOR (admin) de INASSA  s'est connecté   
[<b>07/12/2018 08:07:09 am</b>] Sanon WIDMAIER (admin) de INASSA  s'est connecté   
[<b>07/12/2018 08:07:10 am</b>] Sanon WIDMAIER (admin) de INASSA est allé dans ACCUEIL 
[<b>07/12/2018 08:07:12 am</b>] Sanon WIDMAIER (admin) de INASSA  est allé dans HISTORIQUE 
[<b>07/12/2018 08:08:09 am</b>] Sanon WIDMAIER (admin) de INASSA  est allé dans HISTORIQUE 
[<b>07/12/2018 08:09:18 am</b>] Sanon WIDMAIER (admin) de INASSA  est allé dans HISTORIQUE 
[<b>07/12/2018 08:09:55 am</b>] Sanon WIDMAIER (admin) de INASSA  est allé dans HISTORIQUE 
[<b>07/12/2018 08:10:00 am</b>] Sanon WIDMAIER (admin) de INASSA  est allé dans HISTORIQUE 
[<b>07/12/2018 08:10:04 am</b>] Sanon WIDMAIER (admin) de INASSA  est allé dans HISTORIQUE 
[<b>07/12/2018 08:10:10 am</b>] Sanon WIDMAIER (admin) de INASSA  est allé dans HISTORIQUE 
[<b>07/12/2018 08:10:17 am</b>] Sanon WIDMAIER (admin) de INASSA  est allé dans HISTORIQUE 
[<b>07/12/2018 08:10:34 am</b>] Sanon WIDMAIER (admin) de INASSA  est allé dans HISTORIQUE 
[<b>07/12/2018 08:10:40 am</b>] Sanon WIDMAIER (admin) de INASSA  est allé dans HISTORIQUE 
[<b>07/12/2018 08:10:52 am</b>] Sanon WIDMAIER (admin) de INASSA  est allé dans HISTORIQUE 
[<b>07/12/2018 08:11:14 am</b>] Marc-Eric ALTIDOR (admin) de INASSA  s'est connecté   
[<b>07/12/2018 08:11:14 am</b>] Marc-Eric ALTIDOR (admin) de INASSA est allé dans ACCUEIL 
[<b>07/12/2018 08:11:20 am</b>] Marc-Eric ALTIDOR (admin) de INASSA  est allé dans PARAMETRES  
[<b>07/12/2018 10:14:38 am</b>] Rood-Jerry GEFFRARD (medecin) de Hopital Adventiste Diquini  s'est connecté   
[<b>07/12/2018 10:14:38 am</b>] Rood-Jerry GEFFRARD (medecin) de Hopital Adventiste Diquini est allé dans ACCUEIL 
[<b>07/12/2018 10:15:38 am</b>] Rood-Jerry GEFFRARD (medecin) de Hopital Adventiste Diquini  a recherché   Kenny Metellus 1996-11-26 [MM/DD/YYYY]
[<b>07/12/2018 10:31:34 am</b>] Sanon WIDMAIER (admin) de INASSA  s'est connecté   
[<b>07/12/2018 10:31:36 am</b>] Sanon WIDMAIER (admin) de INASSA  s'est connecté   
[<b>07/12/2018 10:31:36 am</b>] Sanon WIDMAIER (admin) de INASSA est allé dans ACCUEIL 
[<b>07/12/2018 10:31:38 am</b>] Sanon WIDMAIER (admin) de INASSA  est allé dans HISTORIQUE 
