[<b>26/10/2018 08:53:17 am</b>] Rood-Jerry GEFFRARD (medecin) de Hopital Adventiste Diquini  s'est connecté   
[<b>26/10/2018 08:53:18 am</b>] Rood-Jerry GEFFRARD (medecin) de Hopital Adventiste Diquini est allé dans ACCUEIL 
[<b>26/10/2018 08:54:00 am</b>] Rood-Jerry GEFFRARD (medecin) de Hopital Adventiste Diquini a recherché le client VERANE DUCASSE 2014-10-26
[<b>26/10/2018 09:08:02 am</b>] Rood-Jerry GEFFRARD (medecin) de Hopital Adventiste Diquini  s'est connecté   
[<b>26/10/2018 09:08:03 am</b>] Rood-Jerry GEFFRARD (medecin) de Hopital Adventiste Diquini est allé dans ACCUEIL 
[<b>26/10/2018 09:08:24 am</b>] Rood-Jerry GEFFRARD (medecin) de Hopital Adventiste Diquini  a recherché   Jerse Desgraves 2009-02-18 [MM/DD/YYYY]
[<b>26/10/2018 09:08:48 am</b>] Rood-Jerry GEFFRARD (medecin) de Hopital Adventiste Diquini  a recherché   Mike Desgraves 2009-02-18 [MM/DD/YYYY]
[<b>26/10/2018 09:09:14 am</b>] Rood-Jerry GEFFRARD (medecin) de Hopital Adventiste Diquini  a recherché   freud Desgraves 2009-02-18 [MM/DD/YYYY]
[<b>26/10/2018 09:09:53 am</b>] Rood-Jerry GEFFRARD (medecin) de Hopital Adventiste Diquini  a recherché   valery fredley Desgraves 2011-03-23 [MM/DD/YYYY]
[<b>26/10/2018 09:10:34 am</b>] Rood-Jerry GEFFRARD (medecin) de Hopital Adventiste Diquini  a recherché   fredley valery Desgraves 2011-03-23 [MM/DD/YYYY]
[<b>26/10/2018 09:12:43 am</b>] Rood-Jerry GEFFRARD (medecin) de Hopital Adventiste Diquini  a recherché   fredley valery Desgraves 2011-03-23 [MM/DD/YYYY]
[<b>26/10/2018 09:22:31 am</b>] Rood-Jerry GEFFRARD (medecin) de Hopital Adventiste Diquini  s'est connecté   
[<b>26/10/2018 09:22:31 am</b>] Rood-Jerry GEFFRARD (medecin) de Hopital Adventiste Diquini est allé dans ACCUEIL 
[<b>26/10/2018 09:23:03 am</b>] Rood-Jerry GEFFRARD (medecin) de Hopital Adventiste Diquini a recherché le client GABIENTHA ABSALON 2014-12-03
[<b>26/10/2018 10:20:12 am</b>] Emmanuel DESILUS (medecin) de Hopital de la Communaute Haitienne  s'est connecté   
[<b>26/10/2018 10:20:12 am</b>] Emmanuel DESILUS (medecin) de Hopital de la Communaute Haitienne est allé dans ACCUEIL 
[<b>26/10/2018 10:21:01 am</b>] Emmanuel DESILUS (medecin) de Hopital de la Communaute Haitienne a recherché le client JAMES JEAN FRANCOIS 1988-07-13
[<b>26/10/2018 10:21:18 am</b>] Emmanuel DESILUS (medecin) de Hopital de la Communaute Haitienne  est allé dans HISTORIQUE 
[<b>26/10/2018 10:21:22 am</b>] Emmanuel DESILUS (medecin) de Hopital de la Communaute Haitienne est allé dans ACCUEIL 
[<b>26/10/2018 12:27:15 pm</b>] Rood-Jerry GEFFRARD (medecin) de Hopital Adventiste Diquini  s'est connecté   
[<b>26/10/2018 12:27:16 pm</b>] Rood-Jerry GEFFRARD (medecin) de Hopital Adventiste Diquini est allé dans ACCUEIL 
[<b>26/10/2018 12:28:01 pm</b>] Rood-Jerry GEFFRARD (medecin) de Hopital Adventiste Diquini  a recherché   Marc donaelle Jeudy 2018-07-27 [MM/DD/YYYY]
[<b>26/10/2018 12:57:07 pm</b>] Marc-Eric ALTIDOR (admin) de INASSA  s'est connecté   
[<b>26/10/2018 12:57:07 pm</b>] Marc-Eric ALTIDOR (admin) de INASSA est allé dans ACCUEIL 
