[<b>24/10/2018 09:01:52 am</b>] Rood-Jerry GEFFRARD (medecin) de Hopital Adventiste Diquini  s'est connecté   
[<b>24/10/2018 09:01:53 am</b>] Rood-Jerry GEFFRARD (medecin) de Hopital Adventiste Diquini est allé dans ACCUEIL 
[<b>24/10/2018 09:02:51 am</b>] Rood-Jerry GEFFRARD (medecin) de Hopital Adventiste Diquini  a recherché   Dideline Nicanord 1987-11-18 [MM/DD/YYYY]
[<b>24/10/2018 09:49:30 am</b>] Emmanuel DESILUS (medecin) de Hopital de la Communaute Haitienne  s'est connecté   
[<b>24/10/2018 09:49:31 am</b>] Emmanuel DESILUS (medecin) de Hopital de la Communaute Haitienne  s'est connecté   
[<b>24/10/2018 09:49:31 am</b>] Emmanuel DESILUS (medecin) de Hopital de la Communaute Haitienne est allé dans ACCUEIL 
[<b>24/10/2018 09:50:56 am</b>] Emmanuel DESILUS (medecin) de Hopital de la Communaute Haitienne  a recherché   Yves Marie EDMOND 1983-02-05 [MM/DD/YYYY]
[<b>24/10/2018 09:51:12 am</b>] Emmanuel DESILUS (medecin) de Hopital de la Communaute Haitienne  a recherché   Yves Marie EDMOND 1983-05-02 [MM/DD/YYYY]
[<b>24/10/2018 09:51:27 am</b>] Emmanuel DESILUS (medecin) de Hopital de la Communaute Haitienne a recherché le client YVES EDMOND 1983-04-02
[<b>24/10/2018 10:01:32 am</b>] Emmanuel DESILUS (medecin) de Hopital de la Communaute Haitienne  s'est connecté   
[<b>24/10/2018 10:01:32 am</b>] Emmanuel DESILUS (medecin) de Hopital de la Communaute Haitienne est allé dans ACCUEIL 
[<b>24/10/2018 10:02:16 am</b>] Emmanuel DESILUS (medecin) de Hopital de la Communaute Haitienne a recherché le client JOVENS-LEE NATHAN EDMOND 2018-06-26
[<b>24/10/2018 10:53:21 am</b>] Marc-Eric ALTIDOR (admin) de INASSA  s'est connecté   
[<b>24/10/2018 10:53:21 am</b>] Marc-Eric ALTIDOR (admin) de INASSA est allé dans ACCUEIL 
[<b>24/10/2018 10:54:19 am</b>] Marc-Eric ALTIDOR (admin) de INASSA  est allé dans PARAMETRES  
[<b>24/10/2018 10:54:59 am</b>] Marc-Eric ALTIDOR (admin) de INASSA  s'est connecté   
[<b>24/10/2018 10:54:59 am</b>] Marc-Eric ALTIDOR (admin) de INASSA est allé dans ACCUEIL 
[<b>24/10/2018 10:55:30 am</b>] Marc-Eric ALTIDOR (admin) de INASSA est allé dans ACCUEIL 
[<b>24/10/2018 10:55:32 am</b>] Marc-Eric ALTIDOR (admin) de INASSA  est allé dans HISTORIQUE 
[<b>24/10/2018 11:24:46 am</b>] Jorel ALEXANDRE (medecin) de HOPITAL FOYER ST CAMILE  s'est connecté   
[<b>24/10/2018 11:24:47 am</b>] Jorel ALEXANDRE (medecin) de HOPITAL FOYER ST CAMILE est allé dans ACCUEIL 
[<b>24/10/2018 11:25:48 am</b>] Jorel ALEXANDRE (medecin) de HOPITAL FOYER ST CAMILE a recherché le client SCLICKY SVREDGLY CONSERVIL 2017-02-04
