[<b>05/09/2018 07:29:39 am</b>] Jorel ALEXANDRE (medecin) de HOPITAL FOYER ST CAMILE  s'est connecté   
[<b>05/09/2018 07:29:39 am</b>] Jorel ALEXANDRE (medecin) de HOPITAL FOYER ST CAMILE est allé dans ACCUEIL 
[<b>05/09/2018 07:39:43 am</b>] Jonas FRéDéRIQUE (medecin) de HOPITAL FOYER ST CAMILE  s'est connecté   
[<b>05/09/2018 07:39:43 am</b>] Jonas FRéDéRIQUE (medecin) de HOPITAL FOYER ST CAMILE est allé dans ACCUEIL 
[<b>05/09/2018 07:42:50 am</b>] Jonas FRéDéRIQUE (medecin) de HOPITAL FOYER ST CAMILE a recherché le client JOB LINEUS FILS
[<b>05/09/2018 08:47:17 am</b>] Emmanuel DESILUS (medecin) de Hopital de la Communaute Haitienne  s'est connecté   
[<b>05/09/2018 08:47:17 am</b>] Emmanuel DESILUS (medecin) de Hopital de la Communaute Haitienne est allé dans ACCUEIL 
[<b>05/09/2018 08:48:47 am</b>] Emmanuel DESILUS (medecin) de Hopital de la Communaute Haitienne a recherché le client GERARD EVARISTE
[<b>05/09/2018 08:52:19 am</b>] Emmanuel DESILUS (medecin) de Hopital de la Communaute Haitienne  s'est déconnecté  
[<b>05/09/2018 09:00:58 am</b>] Emmanuel DESILUS (medecin) de Hopital de la Communaute Haitienne  s'est connecté   
[<b>05/09/2018 09:00:58 am</b>] Emmanuel DESILUS (medecin) de Hopital de la Communaute Haitienne est allé dans ACCUEIL 
[<b>05/09/2018 09:03:14 am</b>] Jonas FRéDéRIQUE (medecin) de HOPITAL FOYER ST CAMILE  s'est connecté   
[<b>05/09/2018 09:03:14 am</b>] Jonas FRéDéRIQUE (medecin) de HOPITAL FOYER ST CAMILE est allé dans ACCUEIL 
[<b>05/09/2018 09:04:06 am</b>] Emmanuel DESILUS (medecin) de Hopital de la Communaute Haitienne a recherché le client JOVENS LEE NATHAN EDMOND
[<b>05/09/2018 09:09:56 am</b>] Emmanuel DESILUS (medecin) de Hopital de la Communaute Haitienne  s'est déconnecté  
[<b>05/09/2018 09:10:46 am</b>] Emmanuel DESILUS (medecin) de Hopital de la Communaute Haitienne  s'est connecté   
[<b>05/09/2018 09:10:46 am</b>] Emmanuel DESILUS (medecin) de Hopital de la Communaute Haitienne est allé dans ACCUEIL 
[<b>05/09/2018 09:14:27 am</b>] Emmanuel DESILUS (medecin) de Hopital de la Communaute Haitienne a recherché le client VANISE LOUIS
[<b>05/09/2018 09:27:28 am</b>]   () de   s'est déconnecté  
[<b>05/09/2018 10:41:46 am</b>] Anick DUPUY (admin) de INASSA  s'est connecté   
[<b>05/09/2018 10:41:46 am</b>] Anick DUPUY (admin) de INASSA est allé dans ACCUEIL 
[<b>05/09/2018 10:42:16 am</b>] Anick DUPUY (admin) de INASSA a recherché le client ANICK DUPUY
[<b>05/09/2018 10:44:47 am</b>] Anick DUPUY (admin) de INASSA  s'est déconnecté  
[<b>05/09/2018 12:01:59 pm</b>]   () de   s'est déconnecté  
[<b>05/09/2018 01:25:41 pm</b>] Jeanine JULES (medecin) de HOPITAL DE LA COMMUNAUTE HAITIENNE  s'est connecté   
[<b>05/09/2018 01:25:42 pm</b>] Jeanine JULES (medecin) de HOPITAL DE LA COMMUNAUTE HAITIENNE est allé dans ACCUEIL 
[<b>05/09/2018 01:29:39 pm</b>] Jeanine JULES (medecin) de HOPITAL DE LA COMMUNAUTE HAITIENNE  s'est déconnecté  
