[<b>29/10/2018 08:49:19 am</b>] Jeanine JULES (medecin) de HOPITAL DE LA COMMUNAUTE HAITIENNE  s'est connecté   
[<b>29/10/2018 08:49:20 am</b>] Jeanine JULES (medecin) de HOPITAL DE LA COMMUNAUTE HAITIENNE  s'est connecté   
[<b>29/10/2018 08:49:20 am</b>] Jeanine JULES (medecin) de HOPITAL DE LA COMMUNAUTE HAITIENNE est allé dans ACCUEIL 
[<b>29/10/2018 08:52:30 am</b>] Jeanine JULES (medecin) de HOPITAL DE LA COMMUNAUTE HAITIENNE  a recherché   figenie celestin 1977-07-07 [MM/DD/YYYY]
[<b>29/10/2018 08:52:59 am</b>] Jeanine JULES (medecin) de HOPITAL DE LA COMMUNAUTE HAITIENNE  a recherché   figenie nelson celestin 1977-07-07 [MM/DD/YYYY]
[<b>29/10/2018 08:53:24 am</b>] Jeanine JULES (medecin) de HOPITAL DE LA COMMUNAUTE HAITIENNE  a recherché   figenie nelson 1977-07-07 [MM/DD/YYYY]
[<b>29/10/2018 08:53:44 am</b>] Jeanine JULES (medecin) de HOPITAL DE LA COMMUNAUTE HAITIENNE  a recherché   figenie nelson 1977-07-07 [MM/DD/YYYY]
[<b>29/10/2018 08:53:47 am</b>] Jeanine JULES (medecin) de HOPITAL DE LA COMMUNAUTE HAITIENNE  a recherché   figenie nelson 1977-07-07 [MM/DD/YYYY]
[<b>29/10/2018 08:54:31 am</b>] Jeanine JULES (medecin) de HOPITAL DE LA COMMUNAUTE HAITIENNE  a recherché   figenie nelson 1977-07-07 [MM/DD/YYYY]
[<b>29/10/2018 08:57:34 am</b>] Jeanine JULES (medecin) de HOPITAL DE LA COMMUNAUTE HAITIENNE  a recherché   nelson figenie Celestin 1977-07-07 [MM/DD/YYYY]
[<b>29/10/2018 08:57:55 am</b>] Jeanine JULES (medecin) de HOPITAL DE LA COMMUNAUTE HAITIENNE  a recherché   figenie nelson Celestin 1977-07-07 [MM/DD/YYYY]
[<b>29/10/2018 08:58:23 am</b>] Jeanine JULES (medecin) de HOPITAL DE LA COMMUNAUTE HAITIENNE  a recherché   figenie Celestin nelson 1977-07-07 [MM/DD/YYYY]
[<b>29/10/2018 08:59:20 am</b>] Jeanine JULES (medecin) de HOPITAL DE LA COMMUNAUTE HAITIENNE  a recherché   figenie nelson Celestin 1977-07-07 [MM/DD/YYYY]
[<b>29/10/2018 09:00:12 am</b>] Jeanine JULES (medecin) de HOPITAL DE LA COMMUNAUTE HAITIENNE a recherché le client MICHEL-ANGE NELSON 1967-01-06
[<b>29/10/2018 09:02:20 am</b>] Jeanine JULES (medecin) de HOPITAL DE LA COMMUNAUTE HAITIENNE a recherché le client MICHEL-ANGE NELSON 1967-01-06
[<b>29/10/2018 09:06:44 am</b>] Jeanine JULES (medecin) de HOPITAL DE LA COMMUNAUTE HAITIENNE est allé dans ACCUEIL 
[<b>29/10/2018 09:08:18 am</b>] Jeanine JULES (medecin) de HOPITAL DE LA COMMUNAUTE HAITIENNE  a recherché   Charmaude Verite 1990-09-16 [MM/DD/YYYY]
[<b>29/10/2018 09:08:42 am</b>] Jeanine JULES (medecin) de HOPITAL DE LA COMMUNAUTE HAITIENNE  a recherché   Charmaude Verite 1990-09-16 [MM/DD/YYYY]
[<b>29/10/2018 09:29:21 am</b>] Denold MILSOIT (medecin) de CLINIQULE Dr DENOLD MILSOIT  s'est connecté   
[<b>29/10/2018 09:29:21 am</b>] Denold MILSOIT (medecin) de CLINIQULE Dr DENOLD MILSOIT est allé dans ACCUEIL 
[<b>29/10/2018 09:30:33 am</b>] Denold MILSOIT (medecin) de CLINIQULE Dr DENOLD MILSOIT  a recherché   WILGENS PRINCE 1991-01-04 [MM/DD/YYYY]
[<b>29/10/2018 09:31:10 am</b>] Emmanuel DESILUS (medecin) de Hopital de la Communaute Haitienne  s'est connecté   
[<b>29/10/2018 09:31:10 am</b>] Emmanuel DESILUS (medecin) de Hopital de la Communaute Haitienne est allé dans ACCUEIL 
[<b>29/10/2018 09:32:02 am</b>] Emmanuel DESILUS (medecin) de Hopital de la Communaute Haitienne  a recherché   figenie Celestin 1977-07-07 [MM/DD/YYYY]
[<b>29/10/2018 09:32:13 am</b>] Emmanuel DESILUS (medecin) de Hopital de la Communaute Haitienne  a recherché   figenie Celestin nelson 1977-07-07 [MM/DD/YYYY]
[<b>29/10/2018 09:32:28 am</b>] Emmanuel DESILUS (medecin) de Hopital de la Communaute Haitienne  a recherché   figenie Celestin nelson 1977-07-07 [MM/DD/YYYY]
[<b>29/10/2018 09:32:35 am</b>] Emmanuel DESILUS (medecin) de Hopital de la Communaute Haitienne  a recherché   figenie Celestin nelson 1977-07-07 [MM/DD/YYYY]
[<b>29/10/2018 09:32:59 am</b>] Emmanuel DESILUS (medecin) de Hopital de la Communaute Haitienne  a recherché   figenie nelson Celestin 1977-07-07 [MM/DD/YYYY]
[<b>29/10/2018 09:33:13 am</b>] Emmanuel DESILUS (medecin) de Hopital de la Communaute Haitienne  a recherché   figenie nelson Celestin 1977-07-07 [MM/DD/YYYY]
[<b>29/10/2018 09:33:18 am</b>] Emmanuel DESILUS (medecin) de Hopital de la Communaute Haitienne  s'est déconnecté  
[<b>29/10/2018 09:33:56 am</b>] Denold MILSOIT (medecin) de CLINIQULE Dr DENOLD MILSOIT a recherché le client WILGUENS PRINCE 1991-01-04
[<b>29/10/2018 09:33:56 am</b>] Denold MILSOIT (medecin) de CLINIQULE Dr DENOLD MILSOIT a recherché le client WILGUENS PRINCE 1991-01-04
[<b>29/10/2018 10:24:11 am</b>] Sanon WIDMAIER (admin) de INASSA  s'est connecté   
[<b>29/10/2018 10:24:12 am</b>] Sanon WIDMAIER (admin) de INASSA  s'est connecté   
[<b>29/10/2018 10:24:12 am</b>] Sanon WIDMAIER (admin) de INASSA est allé dans ACCUEIL 
[<b>29/10/2018 10:24:16 am</b>] Sanon WIDMAIER (admin) de INASSA  est allé dans HISTORIQUE 
[<b>29/10/2018 10:24:25 am</b>] Sanon WIDMAIER (admin) de INASSA est allé dans ACCUEIL 
[<b>29/10/2018 11:17:01 am</b>] Sanon WIDMAIER (admin) de INASSA  s'est connecté   
[<b>29/10/2018 11:17:03 am</b>] Sanon WIDMAIER (admin) de INASSA  s'est connecté   
[<b>29/10/2018 11:17:03 am</b>] Sanon WIDMAIER (admin) de INASSA est allé dans ACCUEIL 
[<b>29/10/2018 11:17:53 am</b>] Sanon WIDMAIER (admin) de INASSA  est allé dans PARAMETRES  
