[<b>18/10/2018 11:59:32 am</b>] Sanon WIDMAIER (admin) de INASSA  s'est connecté   
[<b>18/10/2018 11:59:35 am</b>] Sanon WIDMAIER (admin) de INASSA  s'est connecté   
[<b>18/10/2018 11:59:35 am</b>] Sanon WIDMAIER (admin) de INASSA est allé dans ACCUEIL 
[<b>18/10/2018 11:59:44 am</b>] Sanon WIDMAIER (admin) de INASSA  est allé dans HISTORIQUE 
[<b>18/10/2018 02:13:28 pm</b>] Sara SABIN (medecin) de Hopital Espoir  s'est connecté   
[<b>18/10/2018 02:33:13 pm</b>] Dominique AMBROISE (medecin) de NASSA  s'est connecté   
[<b>18/10/2018 02:33:13 pm</b>] Dominique AMBROISE (medecin) de NASSA est allé dans ACCUEIL 
[<b>18/10/2018 02:33:48 pm</b>] Dominique AMBROISE (medecin) de NASSA est allé dans ACCUEIL 
[<b>18/10/2018 02:34:44 pm</b>] Dominique AMBROISE (medecin) de NASSA est allé dans ACCUEIL 
[<b>18/10/2018 02:35:14 pm</b>] Dominique AMBROISE (medecin) de NASSA a recherché le client KILENS LAFONTANT 2018-08-01
[<b>18/10/2018 02:35:19 pm</b>] Dominique AMBROISE (medecin) de NASSA a recherché le client KILENS LAFONTANT 2018-08-01
[<b>18/10/2018 02:35:23 pm</b>] Dominique AMBROISE (medecin) de NASSA a recherché le client KILENS LAFONTANT 2018-08-01
[<b>18/10/2018 02:37:00 pm</b>] Dominique AMBROISE (medecin) de NASSA est allé dans ACCUEIL 
[<b>18/10/2018 02:37:22 pm</b>] Dominique AMBROISE (medecin) de NASSA est allé dans ACCUEIL 
[<b>18/10/2018 02:37:53 pm</b>] Dominique AMBROISE (medecin) de NASSA  a recherché   Abygail Francois 2014-12-17 [MM/DD/YYYY]
[<b>18/10/2018 02:38:36 pm</b>] Ylange DESSOURCES (medecin) de NASSA  s'est connecté   
[<b>18/10/2018 02:38:37 pm</b>] Ylange DESSOURCES (medecin) de NASSA  s'est connecté   
[<b>18/10/2018 02:38:37 pm</b>] Ylange DESSOURCES (medecin) de NASSA est allé dans ACCUEIL 
[<b>18/10/2018 02:39:02 pm</b>] Dominique AMBROISE (medecin) de NASSA  a recherché   Deborah Francois 2013-09-22 [MM/DD/YYYY]
[<b>18/10/2018 02:40:24 pm</b>] Ylange DESSOURCES (medecin) de NASSA  a recherché   Kilens Lafontant 2013-09-22 [MM/DD/YYYY]
[<b>18/10/2018 02:41:44 pm</b>] Ylange DESSOURCES (medecin) de NASSA  a recherché   Kilens Lafontant 2018-08-08 [MM/DD/YYYY]
[<b>18/10/2018 04:25:39 pm</b>] Dominique AMBROISE (medecin) de NASSA  s'est connecté   
[<b>18/10/2018 04:25:40 pm</b>] Dominique AMBROISE (medecin) de NASSA  s'est connecté   
[<b>18/10/2018 04:25:40 pm</b>] Dominique AMBROISE (medecin) de NASSA est allé dans ACCUEIL 
[<b>18/10/2018 04:26:13 pm</b>] Dominique AMBROISE (medecin) de NASSA a recherché le client KILENS LAFONTANT 2018-08-01
