[<b>17/07/2018 09:59:52 am</b>] Ylange DESSOURCES (medecin) de NASSA  s'est connecté   
[<b>17/07/2018 09:59:52 am</b>] Ylange DESSOURCES (medecin) de NASSA est allé dans ACCUEIL 
[<b>17/07/2018 10:01:48 am</b>] Ylange DESSOURCES (medecin) de NASSA a recherché le client YONEL LACOSSADE
[<b>17/07/2018 10:03:24 am</b>] Ylange DESSOURCES (medecin) de NASSA est allé dans ACCUEIL 
[<b>17/07/2018 10:06:42 am</b>] Ylange DESSOURCES (medecin) de NASSA  s'est déconnecté  
[<b>17/07/2018 10:50:38 am</b>] Ylange DESSOURCES (medecin) de NASSA  s'est connecté   
[<b>17/07/2018 10:50:38 am</b>] Ylange DESSOURCES (medecin) de NASSA est allé dans ACCUEIL 
[<b>17/07/2018 10:53:20 am</b>] Ylange DESSOURCES (medecin) de NASSA a recherché le client YOLETTE NORAL
[<b>17/07/2018 10:57:33 am</b>] Rood-Jerry GEFFRARD (medecin) de Hopital Adventiste Diquini  s'est connecté   
[<b>17/07/2018 10:57:33 am</b>] Rood-Jerry GEFFRARD (medecin) de Hopital Adventiste Diquini est allé dans ACCUEIL 
[<b>17/07/2018 11:09:56 am</b>] Rood-Jerry GEFFRARD (medecin) de Hopital Adventiste Diquini est allé dans ACCUEIL 
[<b>17/07/2018 12:20:59 pm</b>] Jeannette G JEAN BAPTISTE (medecin) de Hopital St Esprit  s'est connecté   
[<b>17/07/2018 12:21:00 pm</b>] Jeannette G JEAN BAPTISTE (medecin) de Hopital St Esprit est allé dans ACCUEIL 
[<b>17/07/2018 12:22:22 pm</b>] Jeannette G JEAN BAPTISTE (medecin) de Hopital St Esprit a recherché le client JEAN OLBERT PETY
[<b>17/07/2018 12:23:55 pm</b>] Jeannette G JEAN BAPTISTE (medecin) de Hopital St Esprit  s'est déconnecté  
[<b>17/07/2018 12:52:14 pm</b>] Ylange DESSOURCES (medecin) de NASSA  s'est connecté   
[<b>17/07/2018 12:52:14 pm</b>] Ylange DESSOURCES (medecin) de NASSA est allé dans ACCUEIL 
[<b>17/07/2018 12:53:43 pm</b>] Ylange DESSOURCES (medecin) de NASSA a recherché le client NADIA LAVENTURE
[<b>17/07/2018 12:55:20 pm</b>] Ylange DESSOURCES (medecin) de NASSA  s'est déconnecté  
[<b>17/07/2018 01:16:57 pm</b>] Régine GUILLAUME LORMESTOIRE (medecin) de JBS Laboratoire  s'est connecté   
[<b>17/07/2018 01:16:57 pm</b>] Régine GUILLAUME LORMESTOIRE (medecin) de JBS Laboratoire est allé dans ACCUEIL 
[<b>17/07/2018 01:17:21 pm</b>] Régine GUILLAUME LORMESTOIRE (medecin) de JBS Laboratoire  a changé son mot de passe  
[<b>17/07/2018 01:17:22 pm</b>] Régine GUILLAUME LORMESTOIRE (medecin) de JBS Laboratoire est allé dans ACCUEIL 
[<b>17/07/2018 01:18:19 pm</b>] Régine GUILLAUME LORMESTOIRE (medecin) de JBS Laboratoire  s'est déconnecté  
