[<b>07/08/2018 10:50:26 am</b>] Rood-Jerry GEFFRARD (medecin) de Hopital Adventiste Diquini  s'est connecté   
[<b>07/08/2018 10:50:27 am</b>] Rood-Jerry GEFFRARD (medecin) de Hopital Adventiste Diquini est allé dans ACCUEIL 
[<b>07/08/2018 10:52:54 am</b>] Rood-Jerry GEFFRARD (medecin) de Hopital Adventiste Diquini a recherché le client RAYA CESAR
[<b>07/08/2018 10:53:58 am</b>] Rood-Jerry GEFFRARD (medecin) de Hopital Adventiste Diquini a recherché le client EMLYNE ANTOINE
[<b>07/08/2018 12:00:01 pm</b>] Marc Henri CETOUTE (medecin) de Hopital Sage Citymed De delmas  s'est connecté   
[<b>07/08/2018 12:00:01 pm</b>] Marc Henri CETOUTE (medecin) de Hopital Sage Citymed De delmas est allé dans ACCUEIL 
[<b>07/08/2018 12:00:35 pm</b>] Marc Henri CETOUTE (medecin) de Hopital Sage Citymed De delmas est allé dans ACCUEIL 
[<b>07/08/2018 12:01:20 pm</b>] Marc Henri CETOUTE (medecin) de Hopital Sage Citymed De delmas  a changé son mot de passe  
[<b>07/08/2018 12:01:20 pm</b>] Marc Henri CETOUTE (medecin) de Hopital Sage Citymed De delmas est allé dans ACCUEIL 
[<b>07/08/2018 12:02:39 pm</b>] Marc Henri CETOUTE (medecin) de Hopital Sage Citymed De delmas a recherché le client JIMY MERISE
[<b>07/08/2018 12:06:18 pm</b>] Marc Henri CETOUTE (medecin) de Hopital Sage Citymed De delmas a recherché le client CELOUSE CALIXTE
[<b>07/08/2018 12:40:09 pm</b>] Rood-Jerry GEFFRARD (medecin) de Hopital Adventiste Diquini  s'est connecté   
[<b>07/08/2018 12:40:10 pm</b>] Rood-Jerry GEFFRARD (medecin) de Hopital Adventiste Diquini est allé dans ACCUEIL 
[<b>07/08/2018 12:41:27 pm</b>] Rood-Jerry GEFFRARD (medecin) de Hopital Adventiste Diquini a recherché le client RUTH EMLYNE DOR
[<b>07/08/2018 12:59:01 pm</b>] Ylange DESSOURCES (medecin) de NASSA  s'est connecté   
[<b>07/08/2018 12:59:01 pm</b>] Ylange DESSOURCES (medecin) de NASSA est allé dans ACCUEIL 
[<b>07/08/2018 01:05:14 pm</b>] Ylange DESSOURCES (medecin) de NASSA a recherché le client WOODLEY ANDERSON PIERRE-LOUIS
[<b>07/08/2018 01:05:44 pm</b>] Ylange DESSOURCES (medecin) de NASSA est allé dans ACCUEIL 
[<b>07/08/2018 01:06:37 pm</b>] Denold MILSOIT (medecin) de CLINIQULE Dr DENOLD MILSOIT  s'est connecté   
[<b>07/08/2018 01:06:37 pm</b>] Denold MILSOIT (medecin) de CLINIQULE Dr DENOLD MILSOIT est allé dans ACCUEIL 
[<b>07/08/2018 01:06:59 pm</b>] Ylange DESSOURCES (medecin) de NASSA  s'est déconnecté  
[<b>07/08/2018 01:11:43 pm</b>] Denold MILSOIT (medecin) de CLINIQULE Dr DENOLD MILSOIT est allé dans ACCUEIL 
[<b>07/08/2018 01:15:23 pm</b>] Denold MILSOIT (medecin) de CLINIQULE Dr DENOLD MILSOIT  s'est connecté   
[<b>07/08/2018 01:15:23 pm</b>] Denold MILSOIT (medecin) de CLINIQULE Dr DENOLD MILSOIT est allé dans ACCUEIL 
[<b>07/08/2018 01:16:00 pm</b>] Denold MILSOIT (medecin) de CLINIQULE Dr DENOLD MILSOIT est allé dans ACCUEIL 
[<b>07/08/2018 01:17:22 pm</b>] Denold MILSOIT (medecin) de CLINIQULE Dr DENOLD MILSOIT a recherché le client ALEX CHARLOTIN
[<b>07/08/2018 01:23:48 pm</b>] Denold MILSOIT (medecin) de CLINIQULE Dr DENOLD MILSOIT a recherché le client LUDERS NOEL
[<b>07/08/2018 01:38:07 pm</b>] Denold MILSOIT (medecin) de CLINIQULE Dr DENOLD MILSOIT  s'est connecté   
[<b>07/08/2018 01:38:07 pm</b>] Denold MILSOIT (medecin) de CLINIQULE Dr DENOLD MILSOIT est allé dans ACCUEIL 
[<b>07/08/2018 01:42:36 pm</b>] Denold MILSOIT (medecin) de CLINIQULE Dr DENOLD MILSOIT a recherché le client RAYNEAU JOSEPH
[<b>07/08/2018 02:06:34 pm</b>] Denold MILSOIT (medecin) de CLINIQULE Dr DENOLD MILSOIT  s'est connecté   
[<b>07/08/2018 02:06:35 pm</b>] Denold MILSOIT (medecin) de CLINIQULE Dr DENOLD MILSOIT est allé dans ACCUEIL 
[<b>07/08/2018 02:27:38 pm</b>] Denold MILSOIT (medecin) de CLINIQULE Dr DENOLD MILSOIT  s'est connecté   
[<b>07/08/2018 02:27:38 pm</b>] Denold MILSOIT (medecin) de CLINIQULE Dr DENOLD MILSOIT est allé dans ACCUEIL 
