[<b>06/12/2018 11:44:49 am</b>] Rood-Jerry GEFFRARD (medecin) de Hopital Adventiste Diquini  s'est connecté   
[<b>06/12/2018 11:44:50 am</b>] Rood-Jerry GEFFRARD (medecin) de Hopital Adventiste Diquini est allé dans ACCUEIL 
[<b>06/12/2018 11:45:46 am</b>] Rood-Jerry GEFFRARD (medecin) de Hopital Adventiste Diquini a recherché le client GERICA MELINDA MERJUSTE 1992-01-26
[<b>06/12/2018 11:45:46 am</b>] Rood-Jerry GEFFRARD (medecin) de Hopital Adventiste Diquini a recherché le client GERICA MELINDA MERJUSTE 1992-01-26
[<b>06/12/2018 02:17:30 pm</b>] Marly Joelle HILAIRE (medecin) de Clinique Dr Hilaire  s'est connecté   
[<b>06/12/2018 02:17:31 pm</b>] Marly Joelle HILAIRE (medecin) de Clinique Dr Hilaire est allé dans ACCUEIL 
[<b>06/12/2018 02:18:13 pm</b>] Marly Joelle HILAIRE (medecin) de Clinique Dr Hilaire  a recherché   Jesn mary Joachim 1990-10-06 [MM/DD/YYYY]
[<b>06/12/2018 02:18:38 pm</b>] Marly Joelle HILAIRE (medecin) de Clinique Dr Hilaire  a recherché   Jean mary Joachim 1990-10-06 [MM/DD/YYYY]
[<b>06/12/2018 02:19:12 pm</b>] Marly Joelle HILAIRE (medecin) de Clinique Dr Hilaire  a recherché   Jean mary Joachim 1990-10-06 [MM/DD/YYYY]
[<b>06/12/2018 02:19:44 pm</b>] Marly Joelle HILAIRE (medecin) de Clinique Dr Hilaire  a recherché   Jean mary Joachim 1990-10-06 [MM/DD/YYYY]
[<b>06/12/2018 02:20:44 pm</b>] Marly Joelle HILAIRE (medecin) de Clinique Dr Hilaire  a recherché   Jean mary Joachim 1990-10-06 [MM/DD/YYYY]
[<b>06/12/2018 02:21:20 pm</b>] Marly Joelle HILAIRE (medecin) de Clinique Dr Hilaire  a recherché   Jean mary Joachim 1990-10-06 [MM/DD/YYYY]
[<b>06/12/2018 02:52:16 pm</b>] Anick DUPUY (admin) de INASSA  s'est connecté   
[<b>06/12/2018 02:52:17 pm</b>] Anick DUPUY (admin) de INASSA est allé dans ACCUEIL 
[<b>06/12/2018 02:52:42 pm</b>] Anick DUPUY (admin) de INASSA  est allé dans HISTORIQUE 
[<b>06/12/2018 03:17:11 pm</b>] Anick DUPUY (admin) de INASSA  s'est connecté   
[<b>06/12/2018 03:17:12 pm</b>] Anick DUPUY (admin) de INASSA  s'est connecté   
[<b>06/12/2018 03:17:12 pm</b>] Anick DUPUY (admin) de INASSA est allé dans ACCUEIL 
[<b>06/12/2018 03:17:42 pm</b>] Anick DUPUY (admin) de INASSA a recherché le client IRONEL DERILUS 1981-04-27
[<b>06/12/2018 03:17:42 pm</b>] Anick DUPUY (admin) de INASSA a recherché le client IRONEL DERILUS 1981-04-27
[<b>06/12/2018 03:18:00 pm</b>] Anick DUPUY (admin) de INASSA est allé dans ACCUEIL 
[<b>06/12/2018 03:18:37 pm</b>] Anick DUPUY (admin) de INASSA est allé dans ACCUEIL 
[<b>06/12/2018 03:18:41 pm</b>] Anick DUPUY (admin) de INASSA  est allé dans HISTORIQUE 
[<b>06/12/2018 03:19:10 pm</b>] Anick DUPUY (admin) de INASSA  est allé dans HISTORIQUE 
[<b>06/12/2018 03:23:55 pm</b>] Anick DUPUY (admin) de INASSA  s'est déconnecté  
[<b>06/12/2018 03:27:54 pm</b>] Sanon WIDMAIER (admin) de INASSA  s'est connecté   
[<b>06/12/2018 03:27:55 pm</b>] Sanon WIDMAIER (admin) de INASSA est allé dans ACCUEIL 
[<b>06/12/2018 03:28:35 pm</b>] Sanon WIDMAIER (admin) de INASSA a recherché le client WIDMAIER SANON 1978-07-01
[<b>06/12/2018 03:28:35 pm</b>] Sanon WIDMAIER (admin) de INASSA a recherché le client WIDMAIER SANON 1978-07-01
[<b>06/12/2018 03:37:31 pm</b>] Sanon WIDMAIER (admin) de INASSA  s'est connecté   
[<b>06/12/2018 03:37:32 pm</b>] Sanon WIDMAIER (admin) de INASSA est allé dans ACCUEIL 
[<b>06/12/2018 03:37:34 pm</b>] Sanon WIDMAIER (admin) de INASSA  s'est connecté   
[<b>06/12/2018 03:37:34 pm</b>] Sanon WIDMAIER (admin) de INASSA est allé dans ACCUEIL 
[<b>06/12/2018 03:37:50 pm</b>] Sanon WIDMAIER (admin) de INASSA a recherché le client WIDMAIER SANON 1978-07-01
[<b>06/12/2018 03:37:50 pm</b>] Sanon WIDMAIER (admin) de INASSA a recherché le client WIDMAIER SANON 1978-07-01
[<b>06/12/2018 03:38:03 pm</b>] Sanon WIDMAIER (admin) de INASSA est allé dans ACCUEIL 
[<b>06/12/2018 03:38:23 pm</b>] Sanon WIDMAIER (admin) de INASSA  est allé dans HISTORIQUE 
