[<b>08/02/2018 03:18:59 pm</b>] Hollyn DERISSE (admin) de INASSA  s'est connecté   
[<b>08/02/2018 03:18:59 pm</b>] Hollyn DERISSE (admin) de INASSA est allé dans ACCUEIL 
[<b>08/02/2018 03:20:34 pm</b>] Hollyn DERISSE (admin) de INASSA est allé dans ACCUEIL 
[<b>08/02/2018 03:20:57 pm</b>] Hollyn DERISSE (admin) de INASSA a recherché le client SEBASTIEN MEROVE-PIERRE
[<b>08/02/2018 03:33:51 pm</b>] Hollyn DERISSE (admin) de INASSA  s'est connecté   
[<b>08/02/2018 03:33:52 pm</b>] Hollyn DERISSE (admin) de INASSA est allé dans ACCUEIL 
[<b>08/02/2018 03:34:21 pm</b>] Hollyn DERISSE (admin) de INASSA a recherché le client SEBASTIEN MEROVE-PIERRE
[<b>08/02/2018 03:36:48 pm</b>] Hollyn DERISSE (admin) de INASSA a recherché le client SEBASTIEN MEROVE-PIERRE
[<b>08/02/2018 03:37:04 pm</b>] Hollyn DERISSE (admin) de INASSA a recherché le client SEBASTIEN MEROVE-PIERRE
[<b>08/02/2018 03:37:42 pm</b>] Hollyn DERISSE (admin) de INASSA a recherché le client SEBASTIEN MEROVE-PIERRE
[<b>08/02/2018 03:37:58 pm</b>] Hollyn DERISSE (admin) de INASSA a recherché le client SEBASTIEN MEROVE-PIERRE
[<b>08/02/2018 03:38:03 pm</b>] Hollyn DERISSE (admin) de INASSA est allé dans ACCUEIL 
[<b>08/02/2018 03:38:28 pm</b>] Hollyn DERISSE (admin) de INASSA a recherché le client S M
[<b>08/02/2018 03:38:41 pm</b>] Hollyn DERISSE (admin) de INASSA a recherché le client S M
[<b>08/02/2018 03:39:10 pm</b>] Hollyn DERISSE (admin) de INASSA est allé dans ACCUEIL 
[<b>08/02/2018 03:39:11 pm</b>] Hollyn DERISSE (admin) de INASSA est allé dans ACCUEIL 
[<b>08/02/2018 03:39:13 pm</b>] Hollyn DERISSE (admin) de INASSA est allé dans ACCUEIL 
[<b>08/02/2018 03:39:14 pm</b>] Hollyn DERISSE (admin) de INASSA est allé dans ACCUEIL 
[<b>08/02/2018 03:39:37 pm</b>] Hollyn DERISSE (admin) de INASSA a recherché le client S M
[<b>08/02/2018 03:39:55 pm</b>] Hollyn DERISSE (admin) de INASSA a recherché le client S M
[<b>08/02/2018 03:40:28 pm</b>] Hollyn DERISSE (admin) de INASSA  est allé dans HISTORIQUE 
[<b>08/02/2018 03:40:38 pm</b>] Hollyn DERISSE (admin) de INASSA est allé dans ACCUEIL 
[<b>08/02/2018 03:41:00 pm</b>] Hollyn DERISSE (admin) de INASSA est allé dans ACCUEIL 
[<b>08/02/2018 03:41:15 pm</b>] Hollyn DERISSE (admin) de INASSA est allé dans ACCUEIL 
[<b>08/02/2018 03:41:16 pm</b>] Hollyn DERISSE (admin) de INASSA est allé dans ACCUEIL 
[<b>08/02/2018 03:41:17 pm</b>] Hollyn DERISSE (admin) de INASSA est allé dans ACCUEIL 
[<b>08/02/2018 03:42:48 pm</b>] Hollyn DERISSE (admin) de INASSA est allé dans ACCUEIL 
[<b>08/02/2018 03:43:58 pm</b>] Hollyn DERISSE (admin) de INASSA est allé dans ACCUEIL 
[<b>08/02/2018 03:44:20 pm</b>] Hollyn DERISSE (admin) de INASSA a recherché le client S M
[<b>08/02/2018 03:45:07 pm</b>] Hollyn DERISSE (admin) de INASSA a recherché le client S M
[<b>08/02/2018 03:45:28 pm</b>] Hollyn DERISSE (admin) de INASSA a recherché le client S M
[<b>08/02/2018 03:46:26 pm</b>] Hollyn DERISSE (admin) de INASSA a recherché le client S M
[<b>08/02/2018 03:46:49 pm</b>] Hollyn DERISSE (admin) de INASSA a recherché le client S M
[<b>08/02/2018 03:48:18 pm</b>] Hollyn DERISSE (admin) de INASSA a recherché le client S M
[<b>08/02/2018 03:53:20 pm</b>] Hollyn DERISSE (admin) de INASSA a recherché le client S M
[<b>08/02/2018 03:54:01 pm</b>] Hollyn DERISSE (admin) de INASSA a recherché le client S M
[<b>08/02/2018 03:56:09 pm</b>] Hollyn DERISSE (admin) de INASSA a recherché le client S M
[<b>08/02/2018 04:20:53 pm</b>] Hollyn DERISSE (admin) de INASSA  s'est connecté   
[<b>08/02/2018 04:20:53 pm</b>] Hollyn DERISSE (admin) de INASSA est allé dans ACCUEIL 
[<b>08/02/2018 04:22:44 pm</b>] Hollyn DERISSE (admin) de INASSA a recherché le client S M
[<b>08/02/2018 04:24:21 pm</b>] Hollyn DERISSE (admin) de INASSA est allé dans ACCUEIL 
[<b>08/02/2018 04:24:47 pm</b>] Hollyn DERISSE (admin) de INASSA a recherché le client S M
[<b>08/02/2018 04:25:07 pm</b>] Hollyn DERISSE (admin) de INASSA a recherché le client S M
[<b>08/02/2018 04:25:42 pm</b>] Hollyn DERISSE (admin) de INASSA a recherché le client S M
[<b>08/02/2018 04:27:51 pm</b>] Hollyn DERISSE (admin) de INASSA a recherché le client S M
[<b>08/02/2018 04:29:20 pm</b>] Hollyn DERISSE (admin) de INASSA a recherché le client S M
[<b>08/02/2018 04:33:02 pm</b>] Hollyn DERISSE (admin) de INASSA a recherché le client S M
[<b>08/02/2018 04:33:45 pm</b>] Hollyn DERISSE (admin) de INASSA a recherché le client S M
[<b>08/02/2018 04:35:49 pm</b>] Hollyn DERISSE (admin) de INASSA a recherché le client S M
[<b>08/02/2018 04:36:43 pm</b>] Hollyn DERISSE (admin) de INASSA a recherché le client S M
[<b>08/02/2018 04:40:10 pm</b>] Hollyn DERISSE (admin) de INASSA a recherché le client S M
[<b>08/02/2018 04:40:41 pm</b>] Hollyn DERISSE (admin) de INASSA a recherché le client S M
[<b>08/02/2018 04:40:49 pm</b>] Hollyn DERISSE (admin) de INASSA a recherché le client S M
[<b>08/02/2018 04:41:02 pm</b>] Hollyn DERISSE (admin) de INASSA a recherché le client S M
[<b>08/02/2018 04:43:13 pm</b>] Hollyn DERISSE (admin) de INASSA a recherché le client S M
[<b>08/02/2018 04:44:38 pm</b>] Hollyn DERISSE (admin) de INASSA a recherché le client S M
[<b>08/02/2018 04:44:46 pm</b>] Hollyn DERISSE (admin) de INASSA a recherché le client S M
[<b>08/02/2018 04:45:34 pm</b>] Hollyn DERISSE (admin) de INASSA a recherché le client S M
[<b>08/02/2018 04:46:10 pm</b>] Hollyn DERISSE (admin) de INASSA a recherché le client S M
[<b>08/02/2018 04:50:31 pm</b>] Hollyn DERISSE (admin) de INASSA a recherché le client S M
[<b>08/02/2018 04:51:08 pm</b>] Hollyn DERISSE (admin) de INASSA a recherché le client S M
[<b>08/02/2018 04:52:46 pm</b>] Hollyn DERISSE (admin) de INASSA a recherché le client S M
[<b>08/02/2018 04:53:03 pm</b>] Hollyn DERISSE (admin) de INASSA a recherché le client S M
[<b>08/02/2018 04:53:35 pm</b>] Hollyn DERISSE (admin) de INASSA a recherché le client S M
[<b>08/02/2018 04:53:54 pm</b>] Hollyn DERISSE (admin) de INASSA a recherché le client S M
[<b>08/02/2018 04:54:33 pm</b>] Hollyn DERISSE (admin) de INASSA a recherché le client S M
[<b>08/02/2018 04:57:01 pm</b>] Hollyn DERISSE (admin) de INASSA a recherché le client S M
[<b>08/02/2018 04:57:34 pm</b>] Hollyn DERISSE (admin) de INASSA a recherché le client S M
[<b>08/02/2018 04:57:49 pm</b>] Hollyn DERISSE (admin) de INASSA a recherché le client S M
[<b>08/02/2018 04:59:36 pm</b>] Hollyn DERISSE (admin) de INASSA a recherché le client S M
[<b>08/02/2018 04:59:47 pm</b>] Hollyn DERISSE (admin) de INASSA a recherché le client S M
[<b>08/02/2018 05:00:02 pm</b>] Hollyn DERISSE (admin) de INASSA a recherché le client S M
[<b>08/02/2018 05:00:42 pm</b>] Hollyn DERISSE (admin) de INASSA a recherché le client S M
[<b>08/02/2018 05:01:44 pm</b>] Hollyn DERISSE (admin) de INASSA a recherché le client S M
[<b>08/02/2018 05:02:04 pm</b>] Hollyn DERISSE (admin) de INASSA a recherché le client S M
[<b>08/02/2018 05:02:43 pm</b>] Hollyn DERISSE (admin) de INASSA a recherché le client S M
[<b>08/02/2018 05:03:09 pm</b>] Hollyn DERISSE (admin) de INASSA a recherché le client S M
[<b>08/02/2018 05:06:13 pm</b>] Hollyn DERISSE (admin) de INASSA a recherché le client S M
[<b>08/02/2018 05:08:10 pm</b>] Hollyn DERISSE (admin) de INASSA a recherché le client S M
[<b>08/02/2018 05:08:30 pm</b>] Hollyn DERISSE (admin) de INASSA a recherché le client S M
[<b>08/02/2018 05:08:59 pm</b>] Hollyn DERISSE (admin) de INASSA a recherché le client S M
[<b>08/02/2018 05:09:38 pm</b>] Hollyn DERISSE (admin) de INASSA a recherché le client S M
