[<b>14/11/2018 09:51:09 am</b>] Jeanine JULES (medecin) de HOPITAL DE LA COMMUNAUTE HAITIENNE  s'est connecté   
[<b>14/11/2018 09:51:10 am</b>] Jeanine JULES (medecin) de HOPITAL DE LA COMMUNAUTE HAITIENNE est allé dans ACCUEIL 
[<b>14/11/2018 09:54:04 am</b>] Jeanine JULES (medecin) de HOPITAL DE LA COMMUNAUTE HAITIENNE  a recherché   jean  ronald francois  [MM/DD/YYYY]
[<b>14/11/2018 09:54:07 am</b>] Jeanine JULES (medecin) de HOPITAL DE LA COMMUNAUTE HAITIENNE  a recherché   jean  ronald francois  [MM/DD/YYYY]
[<b>14/11/2018 09:54:09 am</b>] Jeanine JULES (medecin) de HOPITAL DE LA COMMUNAUTE HAITIENNE  a recherché   jean  ronald francois  [MM/DD/YYYY]
[<b>14/11/2018 09:54:12 am</b>] Jeanine JULES (medecin) de HOPITAL DE LA COMMUNAUTE HAITIENNE  a recherché   jean  ronald francois  [MM/DD/YYYY]
[<b>14/11/2018 09:54:15 am</b>] Jeanine JULES (medecin) de HOPITAL DE LA COMMUNAUTE HAITIENNE  a recherché   jean  ronald francois  [MM/DD/YYYY]
[<b>14/11/2018 09:55:05 am</b>] Jeanine JULES (medecin) de HOPITAL DE LA COMMUNAUTE HAITIENNE  a recherché   jean  ronald francois 2018-11-14 [MM/DD/YYYY]
[<b>14/11/2018 09:57:27 am</b>] Jeanine JULES (medecin) de HOPITAL DE LA COMMUNAUTE HAITIENNE  a recherché   ronald  francois jean 2018-11-14 [MM/DD/YYYY]
[<b>14/11/2018 09:58:19 am</b>] Jeanine JULES (medecin) de HOPITAL DE LA COMMUNAUTE HAITIENNE  a recherché   francois jean  ronald 2018-11-14 [MM/DD/YYYY]
[<b>14/11/2018 10:00:05 am</b>] Jeanine JULES (medecin) de HOPITAL DE LA COMMUNAUTE HAITIENNE  a recherché   francois jean ronald 2018-11-14 [MM/DD/YYYY]
[<b>14/11/2018 10:42:18 am</b>] Jeanine JULES (medecin) de HOPITAL DE LA COMMUNAUTE HAITIENNE  s'est connecté   
[<b>14/11/2018 10:42:18 am</b>] Jeanine JULES (medecin) de HOPITAL DE LA COMMUNAUTE HAITIENNE est allé dans ACCUEIL 
[<b>14/11/2018 10:44:44 am</b>] Jeanine JULES (medecin) de HOPITAL DE LA COMMUNAUTE HAITIENNE  a recherché   genevieve bayol 1988-09-13 [MM/DD/YYYY]
[<b>14/11/2018 10:45:32 am</b>] Jeanine JULES (medecin) de HOPITAL DE LA COMMUNAUTE HAITIENNE  a recherché   genevieve laguerre bayol 1988-09-13 [MM/DD/YYYY]
[<b>14/11/2018 10:45:50 am</b>] Jeanine JULES (medecin) de HOPITAL DE LA COMMUNAUTE HAITIENNE  a recherché   genevieve laguerre l 1988-09-13 [MM/DD/YYYY]
[<b>14/11/2018 10:46:04 am</b>] Jeanine JULES (medecin) de HOPITAL DE LA COMMUNAUTE HAITIENNE a recherché le client GENEVIEVE BAYOL LAGUERRE 1988-09-13
[<b>14/11/2018 10:52:53 am</b>] Jeanine JULES (medecin) de HOPITAL DE LA COMMUNAUTE HAITIENNE  s'est connecté   
[<b>14/11/2018 10:52:54 am</b>] Jeanine JULES (medecin) de HOPITAL DE LA COMMUNAUTE HAITIENNE est allé dans ACCUEIL 
[<b>14/11/2018 10:53:54 am</b>] Jeanine JULES (medecin) de HOPITAL DE LA COMMUNAUTE HAITIENNE  a recherché   genevieve bayol 1988-09-13 [MM/DD/YYYY]
[<b>14/11/2018 10:59:03 am</b>]   () de   s'est déconnecté  
[<b>14/11/2018 11:40:58 am</b>] Jorel ALEXANDRE (medecin) de HOPITAL FOYER ST CAMILE  s'est connecté   
[<b>14/11/2018 11:40:58 am</b>] Jorel ALEXANDRE (medecin) de HOPITAL FOYER ST CAMILE est allé dans ACCUEIL 
[<b>14/11/2018 11:42:14 am</b>] Jorel ALEXANDRE (medecin) de HOPITAL FOYER ST CAMILE a recherché le client FERNANDOLOPEZ LOUIS FILS 1996-11-08
[<b>14/11/2018 11:42:14 am</b>] Jorel ALEXANDRE (medecin) de HOPITAL FOYER ST CAMILE a recherché le client FERNANDOLOPEZ LOUIS FILS 1996-11-08
[<b>14/11/2018 11:42:35 am</b>] Jorel ALEXANDRE (medecin) de HOPITAL FOYER ST CAMILE a recherché le client FERNANDOLOPEZ LOUIS FILS 1996-11-08
[<b>14/11/2018 11:42:35 am</b>] Jorel ALEXANDRE (medecin) de HOPITAL FOYER ST CAMILE a recherché le client FERNANDOLOPEZ LOUIS FILS 1996-11-08
[<b>14/11/2018 11:43:00 am</b>] Jorel ALEXANDRE (medecin) de HOPITAL FOYER ST CAMILE est allé dans ACCUEIL 
[<b>14/11/2018 11:43:32 am</b>] Jorel ALEXANDRE (medecin) de HOPITAL FOYER ST CAMILE  a recherché   fernandolopez louis- fils 1996-11-08 [MM/DD/YYYY]
[<b>14/11/2018 11:43:48 am</b>] Jorel ALEXANDRE (medecin) de HOPITAL FOYER ST CAMILE  a recherché   fernando lopez louis- fils 1996-11-08 [MM/DD/YYYY]
[<b>14/11/2018 11:44:04 am</b>] Jorel ALEXANDRE (medecin) de HOPITAL FOYER ST CAMILE  a recherché   fernandolopez louis-fils 1996-11-08 [MM/DD/YYYY]
[<b>14/11/2018 11:44:40 am</b>] Jorel ALEXANDRE (medecin) de HOPITAL FOYER ST CAMILE  a recherché   fernando lopez louis-fils 1996-11-08 [MM/DD/YYYY]
[<b>14/11/2018 11:45:06 am</b>] Jorel ALEXANDRE (medecin) de HOPITAL FOYER ST CAMILE a recherché le client FERNANDOLOPEZ LOUIS FILS 1996-11-08
[<b>14/11/2018 11:45:06 am</b>] Jorel ALEXANDRE (medecin) de HOPITAL FOYER ST CAMILE a recherché le client FERNANDOLOPEZ LOUIS FILS 1996-11-08
