[<b>25/04/2018 09:42:12 am</b>] Ralph BABOUN (medecin) de MEDLAB  s'est connecté   
[<b>25/04/2018 09:42:12 am</b>] Ralph BABOUN (medecin) de MEDLAB est allé dans ACCUEIL 
[<b>25/04/2018 09:42:52 am</b>] Ralph BABOUN (medecin) de MEDLAB a recherché le client DAVID SAINTAL
[<b>25/04/2018 01:46:12 pm</b>] Marc-Eric ALTIDOR (admin) de INASSA  s'est connecté   
[<b>25/04/2018 01:46:13 pm</b>] Marc-Eric ALTIDOR (admin) de INASSA est allé dans ACCUEIL 
[<b>25/04/2018 01:46:16 pm</b>] Marc-Eric ALTIDOR (admin) de INASSA  est allé dans PARAMETRES  
[<b>25/04/2018 01:47:41 pm</b>] Marc-Eric ALTIDOR (admin) de INASSA a enregistré l'utilisateur  Maryse V PARENT / mvparent / adcenhaiti@gmail.com / Médecin / Actif
[<b>25/04/2018 01:47:41 pm</b>] Marc-Eric ALTIDOR (admin) de INASSA  est allé dans PARAMETRES  
[<b>25/04/2018 01:50:52 pm</b>] Marc-Eric ALTIDOR (admin) de INASSA  est allé dans HISTORIQUE 
[<b>25/04/2018 01:54:49 pm</b>] Marc-Eric ALTIDOR (admin) de INASSA  est allé dans HISTORIQUE 
[<b>25/04/2018 01:55:19 pm</b>] Marc-Eric ALTIDOR (admin) de INASSA  est allé dans HISTORIQUE 
[<b>25/04/2018 01:55:24 pm</b>] Marc-Eric ALTIDOR (admin) de INASSA  est allé dans HISTORIQUE 
[<b>25/04/2018 04:18:46 pm</b>] Maryse V PARENT (medecin) de Alliance Dyalisis Center S.A.   s'est connecté   
[<b>25/04/2018 04:18:47 pm</b>] Maryse V PARENT (medecin) de Alliance Dyalisis Center S.A.  est allé dans ACCUEIL 
[<b>25/04/2018 04:19:28 pm</b>] Maryse V PARENT (medecin) de Alliance Dyalisis Center S.A.   a changé son mot de passe  
[<b>25/04/2018 04:19:29 pm</b>] Maryse V PARENT (medecin) de Alliance Dyalisis Center S.A.  est allé dans ACCUEIL 
[<b>25/04/2018 04:21:18 pm</b>] Maryse V PARENT (medecin) de Alliance Dyalisis Center S.A.  est allé dans ACCUEIL 
[<b>25/04/2018 04:23:03 pm</b>] Maryse V PARENT (medecin) de Alliance Dyalisis Center S.A.  est allé dans ACCUEIL 
[<b>25/04/2018 04:25:40 pm</b>] Maryse V PARENT (medecin) de Alliance Dyalisis Center S.A.   s'est connecté   
[<b>25/04/2018 04:25:40 pm</b>] Maryse V PARENT (medecin) de Alliance Dyalisis Center S.A.  est allé dans ACCUEIL 
[<b>25/04/2018 04:26:48 pm</b>] Maryse V PARENT (medecin) de Alliance Dyalisis Center S.A.   s'est déconnecté  
