[<b>26/03/2018 09:09:00 am</b>] Withnyse Caridad FRANCOIS (medecin) de HOP SAINT FRANCOIS DE SALES  s'est connecté   
[<b>26/03/2018 09:09:00 am</b>] Withnyse Caridad FRANCOIS (medecin) de HOP SAINT FRANCOIS DE SALES est allé dans ACCUEIL 
[<b>26/03/2018 09:11:03 am</b>] Withnyse Caridad FRANCOIS (medecin) de HOP SAINT FRANCOIS DE SALES a recherché le client DJEMS CHERFILS
[<b>26/03/2018 10:13:06 am</b>] Sanon WIDMAIER (admin) de INASSA  s'est connecté   
[<b>26/03/2018 10:13:06 am</b>] Sanon WIDMAIER (admin) de INASSA est allé dans ACCUEIL 
[<b>26/03/2018 10:13:44 am</b>] Sanon WIDMAIER (admin) de INASSA a recherché le client WIDMAI SANON
[<b>26/03/2018 10:15:19 am</b>] Admin WYZDEV (admin) de INASSA  s'est connecté   
[<b>26/03/2018 10:15:20 am</b>] Admin WYZDEV (admin) de INASSA est allé dans ACCUEIL 
[<b>26/03/2018 10:16:39 am</b>] Admin WYZDEV (admin) de INASSA  est allé dans HISTORIQUE 
[<b>26/03/2018 10:33:17 am</b>] Sanon WIDMAIER (admin) de INASSA  s'est connecté   
[<b>26/03/2018 10:33:18 am</b>] Sanon WIDMAIER (admin) de INASSA est allé dans ACCUEIL 
[<b>26/03/2018 10:36:39 am</b>] Anick DUPUY (admin) de INASSA  s'est connecté   
[<b>26/03/2018 10:36:39 am</b>] Anick DUPUY (admin) de INASSA est allé dans ACCUEIL 
[<b>26/03/2018 10:36:56 am</b>] Sanon WIDMAIER (admin) de INASSA a recherché le client RENALD GUAY
[<b>26/03/2018 10:37:54 am</b>] Anick DUPUY (admin) de INASSA a recherché le client PIERRE GUAY
[<b>26/03/2018 10:38:48 am</b>] Anick DUPUY (admin) de INASSA a recherché le client GUERLINEDA GUAY
[<b>26/03/2018 10:44:04 am</b>] Sanon WIDMAIER (admin) de INASSA a recherché le client GUERLINEDA GUAY
[<b>26/03/2018 11:20:40 am</b>]   () de   s'est déconnecté  
[<b>26/03/2018 11:32:52 am</b>] Sanon WIDMAIER (admin) de INASSA  s'est connecté   
[<b>26/03/2018 11:32:52 am</b>] Sanon WIDMAIER (admin) de INASSA est allé dans ACCUEIL 
[<b>26/03/2018 11:32:55 am</b>] Sanon WIDMAIER (admin) de INASSA  est allé dans HISTORIQUE 
[<b>26/03/2018 11:33:01 am</b>] Anick DUPUY (admin) de INASSA  s'est connecté   
[<b>26/03/2018 11:33:02 am</b>] Anick DUPUY (admin) de INASSA est allé dans ACCUEIL 
[<b>26/03/2018 11:33:05 am</b>] Anick DUPUY (admin) de INASSA  est allé dans HISTORIQUE 
[<b>26/03/2018 11:34:18 am</b>] Anick DUPUY (admin) de INASSA  est allé dans HISTORIQUE 
[<b>26/03/2018 11:34:19 am</b>] Sanon WIDMAIER (admin) de INASSA  est allé dans HISTORIQUE 
[<b>26/03/2018 12:31:14 pm</b>] Admin WYZDEV (admin) de INASSA  s'est connecté   
[<b>26/03/2018 12:31:15 pm</b>] Admin WYZDEV (admin) de INASSA est allé dans ACCUEIL 
[<b>26/03/2018 12:32:07 pm</b>] Admin WYZDEV (admin) de INASSA a recherché le client S M
[<b>26/03/2018 12:33:10 pm</b>] Admin WYZDEV (admin) de INASSA a vérifié l'historique du client ROSE GUERDINE MENARD
[<b>26/03/2018 12:33:17 pm</b>] Admin WYZDEV (admin) de INASSA est allé dans ACCUEIL 
[<b>26/03/2018 12:33:22 pm</b>] Admin WYZDEV (admin) de INASSA  est allé dans HISTORIQUE 
[<b>26/03/2018 01:16:56 pm</b>] Admin WYZDEV (admin) de INASSA  s'est connecté   
[<b>26/03/2018 01:16:56 pm</b>] Admin WYZDEV (admin) de INASSA est allé dans ACCUEIL 
