[<b>27/08/2018 09:15:44 am</b>] Denold MILSOIT (medecin) de CLINIQULE Dr DENOLD MILSOIT  s'est connecté   
[<b>27/08/2018 09:15:45 am</b>] Denold MILSOIT (medecin) de CLINIQULE Dr DENOLD MILSOIT est allé dans ACCUEIL 
[<b>27/08/2018 09:16:04 am</b>] Marc Henri CETOUTE (medecin) de Hopital Sage Citymed De delmas  s'est connecté   
[<b>27/08/2018 09:16:04 am</b>] Marc Henri CETOUTE (medecin) de Hopital Sage Citymed De delmas est allé dans ACCUEIL 
[<b>27/08/2018 09:18:01 am</b>] Denold MILSOIT (medecin) de CLINIQULE Dr DENOLD MILSOIT a recherché le client DELIUS ST HILAIRE
[<b>27/08/2018 10:04:00 am</b>] Sanon WIDMAIER (admin) de INASSA  s'est connecté   
[<b>27/08/2018 10:04:00 am</b>] Sanon WIDMAIER (admin) de INASSA est allé dans ACCUEIL 
[<b>27/08/2018 10:04:05 am</b>] Sanon WIDMAIER (admin) de INASSA  est allé dans PARAMETRES  
[<b>27/08/2018 10:05:04 am</b>] Sanon WIDMAIER (admin) de INASSA  a réinitialisé le compte de l'utilisateur  Emmanuel DESILUS
[<b>27/08/2018 10:13:52 am</b>] Sanon WIDMAIER (admin) de INASSA  est allé dans PARAMETRES  
[<b>27/08/2018 10:14:30 am</b>] Sanon WIDMAIER (admin) de INASSA  a réinitialisé le compte de l'utilisateur  Emmanuel DESILUS
[<b>27/08/2018 10:16:06 am</b>] Sanon WIDMAIER (admin) de INASSA  s'est déconnecté  
[<b>27/08/2018 10:20:21 am</b>] Emmanuel DESILUS (medecin) de Hopital de la Communaute Haitienne  s'est connecté   
[<b>27/08/2018 10:20:22 am</b>] Emmanuel DESILUS (medecin) de Hopital de la Communaute Haitienne est allé dans ACCUEIL 
[<b>27/08/2018 10:21:02 am</b>] Emmanuel DESILUS (medecin) de Hopital de la Communaute Haitienne  a changé son mot de passe  
[<b>27/08/2018 10:21:02 am</b>] Emmanuel DESILUS (medecin) de Hopital de la Communaute Haitienne est allé dans ACCUEIL 
[<b>27/08/2018 10:21:13 am</b>] Sanon WIDMAIER (admin) de INASSA  s'est connecté   
[<b>27/08/2018 10:21:14 am</b>] Sanon WIDMAIER (admin) de INASSA est allé dans ACCUEIL 
[<b>27/08/2018 10:24:04 am</b>] Emmanuel DESILUS (medecin) de Hopital de la Communaute Haitienne a recherché le client EVENS FEVRY
[<b>27/08/2018 10:24:06 am</b>] Sanon WIDMAIER (admin) de INASSA a recherché le client EVENS FEVRY
[<b>27/08/2018 10:25:30 am</b>] Emmanuel DESILUS (medecin) de Hopital de la Communaute Haitienne  s'est déconnecté  
[<b>27/08/2018 10:25:54 am</b>] Emmanuel DESILUS (medecin) de Hopital de la Communaute Haitienne  s'est connecté   
[<b>27/08/2018 10:25:55 am</b>] Emmanuel DESILUS (medecin) de Hopital de la Communaute Haitienne est allé dans ACCUEIL 
[<b>27/08/2018 10:28:58 am</b>] Emmanuel DESILUS (medecin) de Hopital de la Communaute Haitienne  s'est déconnecté  
[<b>27/08/2018 10:57:42 am</b>] Jorel ALEXANDRE (medecin) de HOPITAL FOYER ST CAMILE  s'est connecté   
[<b>27/08/2018 10:57:42 am</b>] Jorel ALEXANDRE (medecin) de HOPITAL FOYER ST CAMILE est allé dans ACCUEIL 
[<b>27/08/2018 10:58:27 am</b>] Jorel ALEXANDRE (medecin) de HOPITAL FOYER ST CAMILE a recherché le client EDITH ETIENNE
[<b>27/08/2018 10:58:39 am</b>] Jorel ALEXANDRE (medecin) de HOPITAL FOYER ST CAMILE  s'est déconnecté  
[<b>27/08/2018 11:10:25 am</b>] Marly Joelle HILAIRE (medecin) de Clinique Dr Hilaire  s'est connecté   
[<b>27/08/2018 11:10:26 am</b>] Marly Joelle HILAIRE (medecin) de Clinique Dr Hilaire est allé dans ACCUEIL 
[<b>27/08/2018 12:19:45 pm</b>] Denold MILSOIT (medecin) de CLINIQULE Dr DENOLD MILSOIT  s'est connecté   
[<b>27/08/2018 12:19:46 pm</b>] Denold MILSOIT (medecin) de CLINIQULE Dr DENOLD MILSOIT est allé dans ACCUEIL 
[<b>27/08/2018 12:21:15 pm</b>] Denold MILSOIT (medecin) de CLINIQULE Dr DENOLD MILSOIT a recherché le client DELIUS ST HILAIRE
[<b>27/08/2018 12:49:47 pm</b>] Ylange DESSOURCES (medecin) de NASSA  s'est connecté   
[<b>27/08/2018 12:49:47 pm</b>] Ylange DESSOURCES (medecin) de NASSA est allé dans ACCUEIL 
[<b>27/08/2018 01:06:14 pm</b>] Ylange DESSOURCES (medecin) de NASSA  s'est connecté   
[<b>27/08/2018 01:06:14 pm</b>] Ylange DESSOURCES (medecin) de NASSA est allé dans ACCUEIL 
[<b>27/08/2018 01:08:27 pm</b>] Ylange DESSOURCES (medecin) de NASSA est allé dans ACCUEIL 
[<b>27/08/2018 03:22:30 pm</b>]   () de   s'est déconnecté  
[<b>27/08/2018 03:36:33 pm</b>] Sanon WIDMAIER (admin) de INASSA  s'est connecté   
[<b>27/08/2018 03:36:33 pm</b>] Sanon WIDMAIER (admin) de INASSA est allé dans ACCUEIL 
