[<b>20/04/2018 07:07:48 am</b>] Ralph BABOUN (medecin) de MEDLAB  s'est connecté   
[<b>20/04/2018 07:07:48 am</b>] Ralph BABOUN (medecin) de MEDLAB est allé dans ACCUEIL 
[<b>20/04/2018 07:09:38 am</b>] Ralph BABOUN (medecin) de MEDLAB  s'est connecté   
[<b>20/04/2018 07:09:38 am</b>] Ralph BABOUN (medecin) de MEDLAB est allé dans ACCUEIL 
[<b>20/04/2018 07:10:15 am</b>] Ralph BABOUN (medecin) de MEDLAB a recherché le client ORNEMA BOYER
[<b>20/04/2018 09:20:24 am</b>] Rood-Jerry GEFFRARD (medecin) de Hopital Adventiste Diquini  s'est connecté   
[<b>20/04/2018 09:20:24 am</b>] Rood-Jerry GEFFRARD (medecin) de Hopital Adventiste Diquini est allé dans ACCUEIL 
[<b>20/04/2018 09:22:47 am</b>] Rood-Jerry GEFFRARD (medecin) de Hopital Adventiste Diquini a recherché le client FRISNEL JOSNE
[<b>20/04/2018 09:24:55 am</b>] Marc-Eric ALTIDOR (admin) de INASSA  s'est connecté   
[<b>20/04/2018 09:24:55 am</b>] Marc-Eric ALTIDOR (admin) de INASSA est allé dans ACCUEIL 
[<b>20/04/2018 09:25:05 am</b>] Marc-Eric ALTIDOR (admin) de INASSA  est allé dans PARAMETRES  
[<b>20/04/2018 09:25:17 am</b>] Marc-Eric ALTIDOR (admin) de INASSA  est allé dans HISTORIQUE 
[<b>20/04/2018 09:26:39 am</b>] Marc-Eric ALTIDOR (admin) de INASSA a vérifié l'historique du client FRISNEL JOSNE
[<b>20/04/2018 09:27:05 am</b>] Marc-Eric ALTIDOR (admin) de INASSA a vérifié l'historique du client FRISNEL JOSNE
[<b>20/04/2018 09:28:12 am</b>] Marc-Eric ALTIDOR (admin) de INASSA a vérifié l'historique du client SONESE PIERRE
[<b>20/04/2018 09:28:24 am</b>] Marc-Eric ALTIDOR (admin) de INASSA est allé dans ACCUEIL 
[<b>20/04/2018 09:28:26 am</b>] Marc-Eric ALTIDOR (admin) de INASSA est allé dans ACCUEIL 
[<b>20/04/2018 09:30:31 am</b>] Marc-Eric ALTIDOR (admin) de INASSA a recherché le client FRISNEL JOSNE
[<b>20/04/2018 09:31:55 am</b>] Rood-Jerry GEFFRARD (medecin) de Hopital Adventiste Diquini a recherché le client FRISNEL JOSNE
[<b>20/04/2018 09:34:53 am</b>] Marc-Eric ALTIDOR (admin) de INASSA a recherché le client SONESE JOSNE
[<b>20/04/2018 09:36:54 am</b>] Rood-Jerry GEFFRARD (medecin) de Hopital Adventiste Diquini a recherché le client SONESE JOSNE
[<b>20/04/2018 09:40:37 am</b>] Marc-Eric ALTIDOR (admin) de INASSA  est allé dans HISTORIQUE 
[<b>20/04/2018 11:05:05 am</b>] Marc-Eric ALTIDOR (admin) de INASSA  s'est connecté   
[<b>20/04/2018 11:05:05 am</b>] Marc-Eric ALTIDOR (admin) de INASSA est allé dans ACCUEIL 
