[<b>28/09/2018 10:27:18 am</b>] Emmanuel DESILUS (medecin) de Hopital de la Communaute Haitienne  s'est connecté   
[<b>28/09/2018 10:27:18 am</b>] Emmanuel DESILUS (medecin) de Hopital de la Communaute Haitienne est allé dans ACCUEIL 
[<b>28/09/2018 10:30:59 am</b>] Emmanuel DESILUS (medecin) de Hopital de la Communaute Haitienne a recherché le client DESINOR MANOUNE 1976-09-10
[<b>28/09/2018 10:30:59 am</b>] Emmanuel DESILUS (medecin) de Hopital de la Communaute Haitienne a recherché le client DESINOR MANOUNE 1976-09-10
[<b>28/09/2018 10:31:24 am</b>] Emmanuel DESILUS (medecin) de Hopital de la Communaute Haitienne  est allé dans HISTORIQUE 
[<b>28/09/2018 10:31:43 am</b>] Emmanuel DESILUS (medecin) de Hopital de la Communaute Haitienne est allé dans ACCUEIL 
[<b>28/09/2018 10:32:25 am</b>] Emmanuel DESILUS (medecin) de Hopital de la Communaute Haitienne a recherché le client JOCELYNE CHARLES 1982-06-06
[<b>28/09/2018 10:32:50 am</b>] Emmanuel DESILUS (medecin) de Hopital de la Communaute Haitienne est allé dans ACCUEIL 
[<b>28/09/2018 10:36:07 am</b>] Emmanuel DESILUS (medecin) de Hopital de la Communaute Haitienne a recherché le client LAURENT PIERRE 2007-07-19
[<b>28/09/2018 10:42:30 am</b>]   () de   s'est déconnecté  
[<b>28/09/2018 11:54:00 am</b>] Admin WYZDEV (admin) de INASSA  s'est connecté   
[<b>28/09/2018 11:54:01 am</b>] Admin WYZDEV (admin) de INASSA est allé dans ACCUEIL 
[<b>28/09/2018 11:54:39 am</b>] Admin WYZDEV (admin) de INASSA a recherché le client WIDMAIER SANON 1978-07-01
[<b>28/09/2018 11:54:39 am</b>] Admin WYZDEV (admin) de INASSA a recherché le client WIDMAIER SANON 1978-07-01
[<b>28/09/2018 12:01:56 pm</b>] Admin WYZDEV (admin) de INASSA  s'est connecté   
[<b>28/09/2018 12:01:57 pm</b>] Admin WYZDEV (admin) de INASSA est allé dans ACCUEIL 
[<b>28/09/2018 12:02:24 pm</b>] Admin WYZDEV (admin) de INASSA a recherché le client WIDMAIER SANON 1978-07-01
[<b>28/09/2018 12:02:24 pm</b>] Admin WYZDEV (admin) de INASSA a recherché le client WIDMAIER SANON 1978-07-01
[<b>28/09/2018 01:36:39 pm</b>] Admin WYZDEV (admin) de INASSA  s'est connecté   
[<b>28/09/2018 01:36:40 pm</b>] Admin WYZDEV (admin) de INASSA est allé dans ACCUEIL 
[<b>28/09/2018 01:37:16 pm</b>] Admin WYZDEV (admin) de INASSA a recherché le client WIDMAIER SANON 1978-07-01
[<b>28/09/2018 01:37:16 pm</b>] Admin WYZDEV (admin) de INASSA a recherché le client WIDMAIER SANON 1978-07-01
[<b>28/09/2018 02:02:10 pm</b>] Sanon WIDMAIER (admin) de INASSA  s'est connecté   
[<b>28/09/2018 02:02:11 pm</b>] Sanon WIDMAIER (admin) de INASSA est allé dans ACCUEIL 
