[<b>19/02/2018 08:26:17 am</b>] Sanon WIDMAIER (admin) de INASSA  s'est connecté   
[<b>19/02/2018 08:26:17 am</b>] Sanon WIDMAIER (admin) de INASSA est allé dans ACCUEIL 
[<b>19/02/2018 11:10:55 am</b>] Sanon WIDMAIER (admin) de INASSA  s'est connecté   
[<b>19/02/2018 11:10:55 am</b>] Sanon WIDMAIER (admin) de INASSA est allé dans ACCUEIL 
[<b>19/02/2018 11:11:00 am</b>] Sanon WIDMAIER (admin) de INASSA  est allé dans HISTORIQUE 
[<b>19/02/2018 11:11:12 am</b>] Sanon WIDMAIER (admin) de INASSA  est allé dans PARAMETRES  
[<b>19/02/2018 11:11:50 am</b>] Sanon WIDMAIER (admin) de INASSA est allé dans ACCUEIL 
[<b>19/02/2018 11:15:27 am</b>] Sanon WIDMAIER (admin) de INASSA  s'est déconnecté  
[<b>19/02/2018 11:15:29 am</b>] Sanon WIDMAIER (admin) de INASSA  s'est connecté   
[<b>19/02/2018 11:15:29 am</b>] Sanon WIDMAIER (admin) de INASSA est allé dans ACCUEIL 
[<b>19/02/2018 11:31:25 am</b>] Sanon WIDMAIER (admin) de INASSA  s'est connecté   
[<b>19/02/2018 11:31:25 am</b>] Sanon WIDMAIER (admin) de INASSA est allé dans ACCUEIL 
[<b>19/02/2018 11:45:50 am</b>] Sébastien MEROVE-PIERRE (admin) de INASSA  s'est connecté   
[<b>19/02/2018 11:45:50 am</b>] Sébastien MEROVE-PIERRE (admin) de INASSA est allé dans ACCUEIL 
[<b>19/02/2018 11:45:59 am</b>] Sébastien MEROVE-PIERRE (admin) de INASSA  est allé dans PARAMETRES  
[<b>19/02/2018 11:46:30 am</b>] Sébastien MEROVE-PIERRE (admin) de INASSA  est allé dans HISTORIQUE 
[<b>19/02/2018 11:46:54 am</b>] Sébastien MEROVE-PIERRE (admin) de INASSA est allé dans ACCUEIL 
[<b>19/02/2018 11:50:08 am</b>] Sanon WIDMAIER (admin) de INASSA  s'est connecté   
[<b>19/02/2018 11:50:08 am</b>] Sanon WIDMAIER (admin) de INASSA est allé dans ACCUEIL 
[<b>19/02/2018 11:50:39 am</b>] Sanon WIDMAIER (admin) de INASSA  est allé dans PARAMETRES  
[<b>19/02/2018 11:52:36 am</b>] Sanon WIDMAIER (admin) de INASSA a enregistré l'utilisateur  Hunter HUNTER / herodispatch1 / hunter@heroclientrescue.com / Simple utilisateur / Actif
[<b>19/02/2018 11:52:36 am</b>] Sanon WIDMAIER (admin) de INASSA  est allé dans PARAMETRES  
[<b>19/02/2018 11:53:21 am</b>] Sanon WIDMAIER (admin) de INASSA a enregistré l'utilisateur  Stacy STACY / herodispatch2 / stacy@heroclientrescue.com / Simple utilisateur / Actif
[<b>19/02/2018 11:53:21 am</b>] Sanon WIDMAIER (admin) de INASSA  est allé dans PARAMETRES  
[<b>19/02/2018 11:56:07 am</b>] Sanon WIDMAIER (admin) de INASSA  a changé le status de l'utilisateur  Hunter HUNTER
[<b>19/02/2018 11:56:11 am</b>] Sanon WIDMAIER (admin) de INASSA  a changé le status de l'utilisateur  Stacy STACY
[<b>19/02/2018 12:06:09 pm</b>] Sanon WIDMAIER (admin) de INASSA  est allé dans PARAMETRES  
[<b>19/02/2018 12:06:29 pm</b>] Sanon WIDMAIER (admin) de INASSA  a réinitialisé le compte de l'utilisateur  Stacy STACY
[<b>19/02/2018 12:06:42 pm</b>] Sanon WIDMAIER (admin) de INASSA  a réinitialisé le compte de l'utilisateur  Hunter HUNTER
[<b>19/02/2018 12:29:08 pm</b>] Carl LAFONTANT (admin) de INASSA  s'est connecté   
[<b>19/02/2018 12:29:08 pm</b>] Carl LAFONTANT (admin) de INASSA est allé dans ACCUEIL 
[<b>19/02/2018 12:29:25 pm</b>] Carl LAFONTANT (admin) de INASSA  a changé son mot de passe  
[<b>19/02/2018 12:29:25 pm</b>] Carl LAFONTANT (admin) de INASSA est allé dans ACCUEIL 
[<b>19/02/2018 12:31:17 pm</b>] Carl LAFONTANT (admin) de INASSA  est allé dans HISTORIQUE 
[<b>19/02/2018 12:31:49 pm</b>] Carl LAFONTANT (admin) de INASSA est allé dans ACCUEIL 
[<b>19/02/2018 12:31:59 pm</b>] Carl LAFONTANT (admin) de INASSA  s'est déconnecté  
[<b>19/02/2018 12:39:35 pm</b>] Sébastien MEROVE-PIERRE (admin) de INASSA  s'est connecté   
[<b>19/02/2018 12:39:35 pm</b>] Sébastien MEROVE-PIERRE (admin) de INASSA est allé dans ACCUEIL 
[<b>19/02/2018 12:44:31 pm</b>] Sanon WIDMAIER (admin) de INASSA  s'est connecté   
[<b>19/02/2018 12:44:31 pm</b>] Sanon WIDMAIER (admin) de INASSA est allé dans ACCUEIL 
[<b>19/02/2018 12:45:36 pm</b>] Carl LAFONTANT (admin) de INASSA  s'est connecté   
[<b>19/02/2018 12:45:37 pm</b>] Carl LAFONTANT (admin) de INASSA est allé dans ACCUEIL 
[<b>19/02/2018 12:45:38 pm</b>] Sanon WIDMAIER (admin) de INASSA  s'est déconnecté  
[<b>19/02/2018 12:46:58 pm</b>] Sanon WIDMAIER (admin) de INASSA  s'est connecté   
[<b>19/02/2018 12:46:58 pm</b>] Sanon WIDMAIER (admin) de INASSA est allé dans ACCUEIL 
[<b>19/02/2018 01:01:46 pm</b>] Hunter HUNTER (medecin) de HERO  s'est connecté   
[<b>19/02/2018 01:01:46 pm</b>] Hunter HUNTER (medecin) de HERO est allé dans ACCUEIL 
[<b>19/02/2018 01:02:34 pm</b>] Hunter HUNTER (medecin) de HERO  a changé son mot de passe  
[<b>19/02/2018 01:02:35 pm</b>] Hunter HUNTER (medecin) de HERO est allé dans ACCUEIL 
[<b>19/02/2018 01:04:06 pm</b>] Sanon WIDMAIER (admin) de INASSA  s'est connecté   
[<b>19/02/2018 01:04:06 pm</b>] Sanon WIDMAIER (admin) de INASSA est allé dans ACCUEIL 
[<b>19/02/2018 01:07:42 pm</b>] Sanon WIDMAIER (admin) de INASSA  s'est connecté   
[<b>19/02/2018 01:07:42 pm</b>] Sanon WIDMAIER (admin) de INASSA est allé dans ACCUEIL 
[<b>19/02/2018 01:07:47 pm</b>] Sanon WIDMAIER (admin) de INASSA  est allé dans PARAMETRES  
[<b>19/02/2018 01:07:54 pm</b>] Sanon WIDMAIER (admin) de INASSA  est allé dans HISTORIQUE 
[<b>19/02/2018 01:14:39 pm</b>] Hunter HUNTER (medecin) de HERO  s'est connecté   
[<b>19/02/2018 01:14:39 pm</b>] Hunter HUNTER (medecin) de HERO est allé dans ACCUEIL 
[<b>19/02/2018 01:52:31 pm</b>] Anick DUPUY (admin) de INASSA  s'est connecté   
[<b>19/02/2018 01:52:31 pm</b>] Anick DUPUY (admin) de INASSA est allé dans ACCUEIL 
[<b>19/02/2018 01:52:58 pm</b>] Anick DUPUY (admin) de INASSA  s'est déconnecté  
[<b>19/02/2018 02:30:28 pm</b>] Hunter HUNTER (medecin) de HERO  s'est connecté   
[<b>19/02/2018 02:30:29 pm</b>] Hunter HUNTER (medecin) de HERO est allé dans ACCUEIL 
[<b>19/02/2018 02:53:18 pm</b>] Sanon WIDMAIER (admin) de INASSA  s'est connecté   
[<b>19/02/2018 02:53:18 pm</b>] Sanon WIDMAIER (admin) de INASSA est allé dans ACCUEIL 
[<b>19/02/2018 03:37:05 pm</b>] Sanon WIDMAIER (admin) de INASSA  s'est connecté   
[<b>19/02/2018 03:37:05 pm</b>] Sanon WIDMAIER (admin) de INASSA est allé dans ACCUEIL 
[<b>19/02/2018 03:47:12 pm</b>]   () de   s'est déconnecté  
[<b>19/02/2018 06:39:40 pm</b>] Hunter HUNTER (medecin) de HERO  s'est connecté   
[<b>19/02/2018 06:39:41 pm</b>] Hunter HUNTER (medecin) de HERO est allé dans ACCUEIL 
[<b>19/02/2018 06:40:35 pm</b>] Hunter HUNTER (medecin) de HERO est allé dans ACCUEIL 
[<b>19/02/2018 07:42:56 pm</b>] Hunter HUNTER (medecin) de HERO  s'est connecté   
[<b>19/02/2018 07:42:56 pm</b>] Hunter HUNTER (medecin) de HERO est allé dans ACCUEIL 
[<b>19/02/2018 07:45:09 pm</b>] Hunter HUNTER (medecin) de HERO  a changé son mot de passe  
[<b>19/02/2018 07:45:10 pm</b>] Hunter HUNTER (medecin) de HERO est allé dans ACCUEIL 
