[<b>16/03/2018 09:06:53 am</b>] Sanon WIDMAIER (admin) de INASSA  s'est connecté   
[<b>16/03/2018 09:06:53 am</b>] Sanon WIDMAIER (admin) de INASSA est allé dans ACCUEIL 
[<b>16/03/2018 11:20:58 am</b>] Marc-Eric ALTIDOR (admin) de INASSA  s'est connecté   
[<b>16/03/2018 11:20:58 am</b>] Marc-Eric ALTIDOR (admin) de INASSA est allé dans ACCUEIL 
[<b>16/03/2018 11:21:03 am</b>] Marc-Eric ALTIDOR (admin) de INASSA  est allé dans PARAMETRES  
[<b>16/03/2018 11:22:51 am</b>] Marc-Eric ALTIDOR (admin) de INASSA a enregistré l'utilisateur  Chrisler France MARCELLA / cfmarcella / marcellafrance13@gmail.com / Médecin / Actif
[<b>16/03/2018 11:22:52 am</b>] Marc-Eric ALTIDOR (admin) de INASSA  est allé dans PARAMETRES  
[<b>16/03/2018 11:27:16 am</b>] Marc-Eric ALTIDOR (admin) de INASSA a enregistré l'utilisateur  Jhenson SAJOUS / jsajous / sajhenson13@gmail.com / Médecin / Actif
[<b>16/03/2018 11:27:17 am</b>] Marc-Eric ALTIDOR (admin) de INASSA  est allé dans PARAMETRES  
[<b>16/03/2018 11:28:20 am</b>] Marc-Eric ALTIDOR (admin) de INASSA a enregistré l'utilisateur  Jude DARIUS / jdarius / Judedarius14@gmail.com / Médecin / Actif
[<b>16/03/2018 11:28:21 am</b>] Marc-Eric ALTIDOR (admin) de INASSA  est allé dans PARAMETRES  
[<b>16/03/2018 11:29:40 am</b>] Marc-Eric ALTIDOR (admin) de INASSA a enregistré l'utilisateur  Jessica JOSEPH / jjoseph / Jessikajoseph17@gmail.com / Médecin / Actif
[<b>16/03/2018 11:29:41 am</b>] Marc-Eric ALTIDOR (admin) de INASSA  est allé dans PARAMETRES  
[<b>16/03/2018 11:30:33 am</b>] Marc-Eric ALTIDOR (admin) de INASSA a enregistré l'utilisateur  Angeline DOSSOUS / adossous / Angelinedossous16@gmail.com / Médecin / Actif
[<b>16/03/2018 11:30:33 am</b>] Marc-Eric ALTIDOR (admin) de INASSA  est allé dans PARAMETRES  
[<b>16/03/2018 11:31:13 am</b>] Marc-Eric ALTIDOR (admin) de INASSA a enregistré l'utilisateur  Beatrice DELVA / bdelva / beatricedelva19@gmail.com / Médecin / Actif
[<b>16/03/2018 11:31:15 am</b>] Marc-Eric ALTIDOR (admin) de INASSA  est allé dans PARAMETRES  
[<b>16/03/2018 11:40:43 am</b>] Marc-Eric ALTIDOR (admin) de INASSA a enregistré l'utilisateur  Alexa BRIERRE / abrierre / alexa.brierre@gmail.com / Médecin / Actif
[<b>16/03/2018 11:40:43 am</b>] Marc-Eric ALTIDOR (admin) de INASSA  est allé dans PARAMETRES  
[<b>16/03/2018 11:41:38 am</b>] Marc-Eric ALTIDOR (admin) de INASSA a enregistré l'utilisateur  Fabiola LOUIS / flouis / fabroc2112@yahoo.fr / Médecin / Actif
[<b>16/03/2018 11:41:38 am</b>] Marc-Eric ALTIDOR (admin) de INASSA  est allé dans PARAMETRES  
[<b>16/03/2018 11:42:23 am</b>] Marc-Eric ALTIDOR (admin) de INASSA a enregistré l'utilisateur  Leonie EXUME / lexume / lenieexume@gmail.com / Médecin / Actif
[<b>16/03/2018 11:42:23 am</b>] Marc-Eric ALTIDOR (admin) de INASSA  est allé dans PARAMETRES  
[<b>16/03/2018 11:43:07 am</b>] Marc-Eric ALTIDOR (admin) de INASSA a enregistré l'utilisateur  Saul FEROLUS / sferolus / Ferolussaul@gmail.com / Médecin / Actif
[<b>16/03/2018 11:43:08 am</b>] Marc-Eric ALTIDOR (admin) de INASSA  est allé dans PARAMETRES  
[<b>16/03/2018 11:44:04 am</b>] Marc-Eric ALTIDOR (admin) de INASSA a enregistré l'utilisateur  Cassandra CELESTIN / ccelestin / cassouforever31@gmail.com / Médecin / Actif
[<b>16/03/2018 11:44:04 am</b>] Marc-Eric ALTIDOR (admin) de INASSA  est allé dans PARAMETRES  
[<b>16/03/2018 11:44:44 am</b>] Marc-Eric ALTIDOR (admin) de INASSA a enregistré l'utilisateur  Eddysson NOEL / enoel / Noeleddysson@gmail.com / Médecin / Actif
[<b>16/03/2018 11:44:45 am</b>] Marc-Eric ALTIDOR (admin) de INASSA  est allé dans PARAMETRES  
[<b>16/03/2018 11:56:47 am</b>] Marc-Eric ALTIDOR (admin) de INASSA  s'est connecté   
[<b>16/03/2018 11:56:47 am</b>] Marc-Eric ALTIDOR (admin) de INASSA est allé dans ACCUEIL 
[<b>16/03/2018 11:56:51 am</b>] Marc-Eric ALTIDOR (admin) de INASSA  est allé dans PARAMETRES  
[<b>16/03/2018 11:57:52 am</b>] Marc-Eric ALTIDOR (admin) de INASSA a enregistré l'utilisateur  Patrick MICHEL / pmichel / patrick.michel@chu-sfs.med.ht / Médecin / Actif
[<b>16/03/2018 11:57:53 am</b>] Marc-Eric ALTIDOR (admin) de INASSA  est allé dans PARAMETRES  
[<b>16/03/2018 11:58:49 am</b>] Marc-Eric ALTIDOR (admin) de INASSA a enregistré l'utilisateur  Bertrane RODNEY / brodney / bertrane_r@hotmail.com / Médecin / Actif
[<b>16/03/2018 11:58:49 am</b>] Marc-Eric ALTIDOR (admin) de INASSA  est allé dans PARAMETRES  
[<b>16/03/2018 11:59:31 am</b>] Marc-Eric ALTIDOR (admin) de INASSA a enregistré l'utilisateur  Josephine FRANCK / jfranck / josephinefranc87@yahoo.fr / Médecin / Actif
[<b>16/03/2018 11:59:31 am</b>] Marc-Eric ALTIDOR (admin) de INASSA  est allé dans PARAMETRES  
[<b>16/03/2018 12:00:16 pm</b>] Marc-Eric ALTIDOR (admin) de INASSA a enregistré l'utilisateur  Marie Sophia MERISIER / mmerisier / sophiamerisier@yahoo.fr / Médecin / Actif
[<b>16/03/2018 12:00:16 pm</b>] Marc-Eric ALTIDOR (admin) de INASSA  est allé dans PARAMETRES  
[<b>16/03/2018 12:00:59 pm</b>] Marc-Eric ALTIDOR (admin) de INASSA a enregistré l'utilisateur  Marie Wilza COMPERE / mcompere / wilza24@yahoo.fr / Médecin / Actif
[<b>16/03/2018 12:00:59 pm</b>] Marc-Eric ALTIDOR (admin) de INASSA  est allé dans PARAMETRES  
[<b>16/03/2018 12:01:34 pm</b>] Marc-Eric ALTIDOR (admin) de INASSA a enregistré l'utilisateur  Withnyse Caridad FRANCOIS / wfrancois / withnyse2015@gmail.com / Médecin / Actif
[<b>16/03/2018 12:01:35 pm</b>] Marc-Eric ALTIDOR (admin) de INASSA  est allé dans PARAMETRES  
[<b>16/03/2018 12:02:13 pm</b>] Marc-Eric ALTIDOR (admin) de INASSA a enregistré l'utilisateur  Marie Mirlande BEAUVAIS / mbeauvais / landymy15@gmail.com / Médecin / Actif
[<b>16/03/2018 12:02:14 pm</b>] Marc-Eric ALTIDOR (admin) de INASSA  est allé dans PARAMETRES  
[<b>16/03/2018 12:02:59 pm</b>] Marc-Eric ALTIDOR (admin) de INASSA a enregistré l'utilisateur  Marie Laure Nestan LARAQUE / mlaraque / malaraque72@yahoo.fr / Médecin / Actif
[<b>16/03/2018 12:02:59 pm</b>] Marc-Eric ALTIDOR (admin) de INASSA  est allé dans PARAMETRES  
[<b>16/03/2018 12:03:38 pm</b>] Marc-Eric ALTIDOR (admin) de INASSA a enregistré l'utilisateur  Manoucheca DANIS / mdanis / manouche185@gmail.com / Médecin / Actif
[<b>16/03/2018 12:03:39 pm</b>] Marc-Eric ALTIDOR (admin) de INASSA  est allé dans PARAMETRES  
