[<b>14/06/2018 11:12:58 am</b>] Dominique AMBROISE (medecin) de NASSA  s'est connecté   
[<b>14/06/2018 11:12:59 am</b>] Dominique AMBROISE (medecin) de NASSA est allé dans ACCUEIL 
[<b>14/06/2018 11:14:57 am</b>] Dominique AMBROISE (medecin) de NASSA a recherché le client MONEL BASTIEN
[<b>14/06/2018 11:15:52 am</b>] Dominique AMBROISE (medecin) de NASSA est allé dans ACCUEIL 
[<b>14/06/2018 11:15:54 am</b>] Dominique AMBROISE (medecin) de NASSA est allé dans ACCUEIL 
[<b>14/06/2018 11:16:00 am</b>] Dominique AMBROISE (medecin) de NASSA est allé dans ACCUEIL 
[<b>14/06/2018 11:16:47 am</b>] Dominique AMBROISE (medecin) de NASSA est allé dans ACCUEIL 
[<b>14/06/2018 11:17:52 am</b>] Dominique AMBROISE (medecin) de NASSA  s'est déconnecté  
[<b>14/06/2018 11:19:31 am</b>] Dominique AMBROISE (medecin) de NASSA  s'est connecté   
[<b>14/06/2018 11:19:31 am</b>] Dominique AMBROISE (medecin) de NASSA est allé dans ACCUEIL 
[<b>14/06/2018 11:20:46 am</b>] Dominique AMBROISE (medecin) de NASSA a recherché le client JOSETTE JUSTE
[<b>14/06/2018 11:31:07 am</b>]   () de   s'est déconnecté  
[<b>14/06/2018 11:47:28 am</b>] Dominique AMBROISE (medecin) de NASSA  s'est connecté   
[<b>14/06/2018 11:47:28 am</b>] Dominique AMBROISE (medecin) de NASSA est allé dans ACCUEIL 
[<b>14/06/2018 11:59:12 am</b>] Admin WYZDEV (admin) de INASSA  s'est connecté   
[<b>14/06/2018 11:59:12 am</b>] Admin WYZDEV (admin) de INASSA est allé dans ACCUEIL 
[<b>14/06/2018 11:59:58 am</b>] Admin WYZDEV (admin) de INASSA a recherché le client WIDMA SANON
[<b>14/06/2018 12:59:09 pm</b>] Sanon WIDMAIER (admin) de INASSA  s'est connecté   
[<b>14/06/2018 12:59:09 pm</b>] Sanon WIDMAIER (admin) de INASSA est allé dans ACCUEIL 
[<b>14/06/2018 12:59:33 pm</b>] Sanon WIDMAIER (admin) de INASSA a recherché le client WIDMAIER SANON
[<b>14/06/2018 01:11:53 pm</b>] Sanon WIDMAIER (admin) de INASSA  s'est connecté   
[<b>14/06/2018 01:11:54 pm</b>] Sanon WIDMAIER (admin) de INASSA est allé dans ACCUEIL 
[<b>14/06/2018 01:13:01 pm</b>] Sanon WIDMAIER (admin) de INASSA a recherché le client MAGALINE SANON
[<b>14/06/2018 02:43:30 pm</b>] Sanon WIDMAIER (admin) de INASSA  s'est connecté   
[<b>14/06/2018 02:43:30 pm</b>] Sanon WIDMAIER (admin) de INASSA est allé dans ACCUEIL 
[<b>14/06/2018 02:44:00 pm</b>] Sanon WIDMAIER (admin) de INASSA a recherché le client JOSETTE JUSTE
