[<b>03/03/2018 09:38:58 am</b>] Hollyn DERISSE (admin) de INASSA  s'est connecté   
[<b>03/03/2018 09:38:59 am</b>] Hollyn DERISSE (admin) de INASSA est allé dans ACCUEIL 
[<b>03/03/2018 11:05:32 am</b>] Hollyn DERISSE (admin) de INASSA  s'est connecté   
[<b>03/03/2018 11:05:32 am</b>] Hollyn DERISSE (admin) de INASSA est allé dans ACCUEIL 
[<b>03/03/2018 11:12:56 am</b>] Hollyn DERISSE (admin) de INASSA est allé dans ACCUEIL 
[<b>03/03/2018 11:16:52 am</b>] Hollyn DERISSE (admin) de INASSA est allé dans ACCUEIL 
[<b>03/03/2018 11:17:39 am</b>] Hollyn DERISSE (admin) de INASSA est allé dans ACCUEIL 
[<b>03/03/2018 11:18:00 am</b>] Hollyn DERISSE (admin) de INASSA est allé dans ACCUEIL 
[<b>03/03/2018 11:18:27 am</b>] Hollyn DERISSE (admin) de INASSA est allé dans ACCUEIL 
[<b>03/03/2018 11:18:50 am</b>] Hollyn DERISSE (admin) de INASSA est allé dans ACCUEIL 
[<b>03/03/2018 11:21:46 am</b>] Hollyn DERISSE (admin) de INASSA est allé dans ACCUEIL 
[<b>03/03/2018 11:22:17 am</b>] Hollyn DERISSE (admin) de INASSA est allé dans ACCUEIL 
[<b>03/03/2018 11:22:29 am</b>] Hollyn DERISSE (admin) de INASSA est allé dans ACCUEIL 
[<b>03/03/2018 11:22:38 am</b>] Hollyn DERISSE (admin) de INASSA est allé dans ACCUEIL 
[<b>03/03/2018 11:24:04 am</b>] Hollyn DERISSE (admin) de INASSA est allé dans ACCUEIL 
[<b>03/03/2018 11:41:36 am</b>] Hollyn DERISSE (admin) de INASSA  s'est connecté   
[<b>03/03/2018 11:41:37 am</b>] Hollyn DERISSE (admin) de INASSA est allé dans ACCUEIL 
[<b>03/03/2018 12:31:27 pm</b>] Hollyn DERISSE (admin) de INASSA est allé dans ACCUEIL 
[<b>03/03/2018 01:08:31 pm</b>] Hollyn DERISSE (admin) de INASSA  s'est connecté   
[<b>03/03/2018 01:08:32 pm</b>] Hollyn DERISSE (admin) de INASSA est allé dans ACCUEIL 
[<b>03/03/2018 01:31:41 pm</b>] Hollyn DERISSE (admin) de INASSA  s'est connecté   
[<b>03/03/2018 01:31:41 pm</b>] Hollyn DERISSE (admin) de INASSA est allé dans ACCUEIL 
[<b>03/03/2018 01:41:21 pm</b>] Hollyn DERISSE (admin) de INASSA est allé dans ACCUEIL 
[<b>03/03/2018 01:41:21 pm</b>] Hollyn DERISSE (admin) de INASSA est allé dans ACCUEIL 
[<b>03/03/2018 01:57:04 pm</b>] Hollyn DERISSE (admin) de INASSA est allé dans ACCUEIL 
[<b>03/03/2018 02:05:17 pm</b>] Hollyn DERISSE (admin) de INASSA est allé dans ACCUEIL 
[<b>03/03/2018 02:14:55 pm</b>] Hollyn DERISSE (admin) de INASSA est allé dans ACCUEIL 
[<b>03/03/2018 02:16:06 pm</b>] Hollyn DERISSE (admin) de INASSA est allé dans ACCUEIL 
[<b>03/03/2018 02:22:03 pm</b>] Hollyn DERISSE (admin) de INASSA est allé dans ACCUEIL 
[<b>03/03/2018 02:33:11 pm</b>] Hollyn DERISSE (admin) de INASSA est allé dans ACCUEIL 
[<b>03/03/2018 02:34:39 pm</b>] Hollyn DERISSE (admin) de INASSA est allé dans ACCUEIL 
[<b>03/03/2018 02:37:19 pm</b>] Hollyn DERISSE (admin) de INASSA est allé dans ACCUEIL 
[<b>03/03/2018 02:38:48 pm</b>] Hollyn DERISSE (admin) de INASSA est allé dans ACCUEIL 
[<b>03/03/2018 02:46:17 pm</b>] Hollyn DERISSE (admin) de INASSA est allé dans ACCUEIL 
[<b>03/03/2018 02:47:57 pm</b>] Hollyn DERISSE (admin) de INASSA est allé dans ACCUEIL 
[<b>03/03/2018 02:50:49 pm</b>] Hollyn DERISSE (admin) de INASSA est allé dans ACCUEIL 
[<b>03/03/2018 02:51:06 pm</b>] Hollyn DERISSE (admin) de INASSA  s'est déconnecté  
