[<b>18/04/2018 06:46:16 am</b>] Ralph BABOUN (medecin) de MEDLAB  s'est connecté   
[<b>18/04/2018 06:46:16 am</b>] Ralph BABOUN (medecin) de MEDLAB est allé dans ACCUEIL 
[<b>18/04/2018 06:48:08 am</b>] Ralph BABOUN (medecin) de MEDLAB est allé dans ACCUEIL 
[<b>18/04/2018 06:49:04 am</b>] Ralph BABOUN (medecin) de MEDLAB a recherché le client HENNCIE MINGOT
[<b>18/04/2018 10:12:34 am</b>] Ralph BABOUN (medecin) de MEDLAB  s'est connecté   
[<b>18/04/2018 10:12:34 am</b>] Ralph BABOUN (medecin) de MEDLAB est allé dans ACCUEIL 
[<b>18/04/2018 10:13:06 am</b>] Ralph BABOUN (medecin) de MEDLAB a recherché le client CARLYLE PAUL
[<b>18/04/2018 10:20:20 am</b>] Ralph BABOUN (medecin) de MEDLAB est allé dans ACCUEIL 
[<b>18/04/2018 10:20:48 am</b>] Ralph BABOUN (medecin) de MEDLAB a recherché le client MARCKSON PAUL
[<b>18/04/2018 10:47:37 am</b>] Ralph BABOUN (medecin) de MEDLAB  s'est connecté   
[<b>18/04/2018 10:47:38 am</b>] Ralph BABOUN (medecin) de MEDLAB est allé dans ACCUEIL 
[<b>18/04/2018 10:48:59 am</b>] Ralph BABOUN (medecin) de MEDLAB a recherché le client GERRY PATRICE JOSEPH
[<b>18/04/2018 11:19:36 am</b>] Ralph BABOUN (medecin) de MEDLAB  s'est connecté   
[<b>18/04/2018 11:19:36 am</b>] Ralph BABOUN (medecin) de MEDLAB est allé dans ACCUEIL 
[<b>18/04/2018 11:20:12 am</b>] Ralph BABOUN (medecin) de MEDLAB a recherché le client LOSTIN DELFONSE
[<b>18/04/2018 11:25:11 am</b>] Rood-Jerry GEFFRARD (medecin) de Hopital Adventiste Diquini  s'est connecté   
[<b>18/04/2018 11:25:12 am</b>] Rood-Jerry GEFFRARD (medecin) de Hopital Adventiste Diquini est allé dans ACCUEIL 
[<b>18/04/2018 11:26:31 am</b>] Rood-Jerry GEFFRARD (medecin) de Hopital Adventiste Diquini a recherché le client DAVIDSON ST-PLAINA
[<b>18/04/2018 11:26:43 am</b>] Rood-Jerry GEFFRARD (medecin) de Hopital Adventiste Diquini est allé dans ACCUEIL 
[<b>18/04/2018 11:27:39 am</b>] Rood-Jerry GEFFRARD (medecin) de Hopital Adventiste Diquini a recherché le client DAVIDSON SIMPLENA
[<b>18/04/2018 11:28:00 am</b>] Rood-Jerry GEFFRARD (medecin) de Hopital Adventiste Diquini est allé dans ACCUEIL 
[<b>18/04/2018 11:28:05 am</b>] Rood-Jerry GEFFRARD (medecin) de Hopital Adventiste Diquini est allé dans ACCUEIL 
[<b>18/04/2018 11:28:13 am</b>] Rood-Jerry GEFFRARD (medecin) de Hopital Adventiste Diquini est allé dans ACCUEIL 
[<b>18/04/2018 11:29:18 am</b>] Rood-Jerry GEFFRARD (medecin) de Hopital Adventiste Diquini a recherché le client DAVIDSON SIMPLENA
[<b>18/04/2018 11:30:04 am</b>] Rood-Jerry GEFFRARD (medecin) de Hopital Adventiste Diquini a recherché le client DAVIDSON SIMPLENA
[<b>18/04/2018 11:31:26 am</b>] Rood-Jerry GEFFRARD (medecin) de Hopital Adventiste Diquini a recherché le client DAVIDSON SIMPLENA
[<b>18/04/2018 11:33:18 am</b>] Rood-Jerry GEFFRARD (medecin) de Hopital Adventiste Diquini a recherché le client DAVIDSON SIMPLENA
[<b>18/04/2018 11:33:26 am</b>] Rood-Jerry GEFFRARD (medecin) de Hopital Adventiste Diquini a recherché le client DAVIDSON SIMPLENA
[<b>18/04/2018 11:33:32 am</b>] Rood-Jerry GEFFRARD (medecin) de Hopital Adventiste Diquini est allé dans ACCUEIL 
[<b>18/04/2018 11:33:38 am</b>] Rood-Jerry GEFFRARD (medecin) de Hopital Adventiste Diquini est allé dans ACCUEIL 
[<b>18/04/2018 11:34:05 am</b>] Rood-Jerry GEFFRARD (medecin) de Hopital Adventiste Diquini a recherché le client DAVIDSON SIMPLENA
[<b>18/04/2018 11:34:24 am</b>] Rood-Jerry GEFFRARD (medecin) de Hopital Adventiste Diquini a recherché le client DAVIDSON SIMPLENA
[<b>18/04/2018 02:23:26 pm</b>] Marc-Eric ALTIDOR (admin) de INASSA  s'est connecté   
[<b>18/04/2018 02:23:27 pm</b>] Marc-Eric ALTIDOR (admin) de INASSA est allé dans ACCUEIL 
[<b>18/04/2018 02:23:31 pm</b>] Marc-Eric ALTIDOR (admin) de INASSA  est allé dans PARAMETRES  
[<b>18/04/2018 02:35:13 pm</b>] Marc-Eric ALTIDOR (admin) de INASSA  s'est connecté   
[<b>18/04/2018 02:35:14 pm</b>] Marc-Eric ALTIDOR (admin) de INASSA est allé dans ACCUEIL 
[<b>18/04/2018 02:35:17 pm</b>] Marc-Eric ALTIDOR (admin) de INASSA  est allé dans PARAMETRES  
[<b>18/04/2018 02:36:07 pm</b>] Marc-Eric ALTIDOR (admin) de INASSA a enregistré l'utilisateur  Rebecca JACQUES / rjacques / jacquesrebecca34@gmail.com / Médecin / Actif
[<b>18/04/2018 02:36:08 pm</b>] Marc-Eric ALTIDOR (admin) de INASSA  est allé dans PARAMETRES  
[<b>18/04/2018 02:37:17 pm</b>] Marc-Eric ALTIDOR (admin) de INASSA a enregistré l'utilisateur  Régine GUILLAUME LORMESTOIRE / rglormestoire / ginoulormestoire@yahoo.fr / Médecin / Actif
[<b>18/04/2018 02:37:17 pm</b>] Marc-Eric ALTIDOR (admin) de INASSA  est allé dans PARAMETRES  
[<b>18/04/2018 02:38:16 pm</b>] Marc-Eric ALTIDOR (admin) de INASSA a enregistré l'utilisateur  Juancita HYPPOLITE CAJOU / jhcajou / juancitac@yahoo.com / Médecin / Actif
[<b>18/04/2018 02:38:17 pm</b>] Marc-Eric ALTIDOR (admin) de INASSA  est allé dans PARAMETRES  
[<b>18/04/2018 02:48:31 pm</b>] Marc-Eric ALTIDOR (admin) de INASSA  s'est connecté   
[<b>18/04/2018 02:48:32 pm</b>] Marc-Eric ALTIDOR (admin) de INASSA est allé dans ACCUEIL 
[<b>18/04/2018 02:48:35 pm</b>] Marc-Eric ALTIDOR (admin) de INASSA  est allé dans PARAMETRES  
[<b>18/04/2018 02:49:26 pm</b>] Marc-Eric ALTIDOR (admin) de INASSA a enregistré l'utilisateur  Jeannette G JEAN BAPTISTE / jgjeanbaptiste / jeannettegabrieljnbaptiste@gmail.com / Médecin / Actif
[<b>18/04/2018 02:49:26 pm</b>] Marc-Eric ALTIDOR (admin) de INASSA  est allé dans PARAMETRES  
[<b>18/04/2018 02:50:53 pm</b>] Marc-Eric ALTIDOR (admin) de INASSA a enregistré l'utilisateur  Guerline JEAN PIERRE MIDY / gjpierremidy / guerlinejnpierremidy07@yahoo.fr / Médecin / Actif
[<b>18/04/2018 02:50:53 pm</b>] Marc-Eric ALTIDOR (admin) de INASSA  est allé dans PARAMETRES  
[<b>18/04/2018 02:51:54 pm</b>] Marc-Eric ALTIDOR (admin) de INASSA a enregistré l'utilisateur  Exiliane L RAPHAEL / elraphael / louisiusexiliane@yahoo.fr / Médecin / Actif
[<b>18/04/2018 02:51:55 pm</b>] Marc-Eric ALTIDOR (admin) de INASSA  est allé dans PARAMETRES  
[<b>18/04/2018 02:52:46 pm</b>] Marc-Eric ALTIDOR (admin) de INASSA a enregistré l'utilisateur  Stephanie P ALPHONSE / spalphonse / stephaniealphonse06@gmail.com / Médecin / Actif
[<b>18/04/2018 02:52:47 pm</b>] Marc-Eric ALTIDOR (admin) de INASSA  est allé dans PARAMETRES  
[<b>18/04/2018 02:59:58 pm</b>] Marc-Eric ALTIDOR (admin) de INASSA est allé dans ACCUEIL 
[<b>18/04/2018 03:00:01 pm</b>] Marc-Eric ALTIDOR (admin) de INASSA  est allé dans HISTORIQUE 
