[<b>17/12/2018 07:03:43 am</b>] Raphaella CLAVIER (medecin) de Hopital Espoir  s'est connecté   
[<b>17/12/2018 09:51:22 am</b>] Anick DUPUY (admin) de INASSA  s'est connecté   
[<b>17/12/2018 09:51:22 am</b>] Anick DUPUY (admin) de INASSA est allé dans ACCUEIL 
[<b>17/12/2018 09:51:27 am</b>] Anick DUPUY (admin) de INASSA  est allé dans HISTORIQUE 
[<b>17/12/2018 11:18:00 am</b>] Sanon WIDMAIER (admin) de INASSA  s'est connecté   
[<b>17/12/2018 11:18:01 am</b>] Sanon WIDMAIER (admin) de INASSA est allé dans ACCUEIL 
[<b>17/12/2018 11:18:03 am</b>] Sanon WIDMAIER (admin) de INASSA  s'est connecté   
[<b>17/12/2018 11:18:07 am</b>] Sanon WIDMAIER (admin) de INASSA  est allé dans HISTORIQUE 
[<b>17/12/2018 11:18:08 am</b>] Marc-Eric ALTIDOR (admin) de INASSA  s'est connecté   
[<b>17/12/2018 11:18:08 am</b>] Marc-Eric ALTIDOR (admin) de INASSA est allé dans ACCUEIL 
[<b>17/12/2018 11:18:14 am</b>] Marc-Eric ALTIDOR (admin) de INASSA  est allé dans PARAMETRES  
[<b>17/12/2018 11:29:30 am</b>] Emmanuel DESILUS (medecin) de Hopital de la Communaute Haitienne  s'est connecté   
[<b>17/12/2018 11:29:30 am</b>] Emmanuel DESILUS (medecin) de Hopital de la Communaute Haitienne est allé dans ACCUEIL 
[<b>17/12/2018 11:30:46 am</b>] Emmanuel DESILUS (medecin) de Hopital de la Communaute Haitienne  a recherché   Frenel DAS 1965-10-02 [MM/DD/YYYY]
[<b>17/12/2018 11:31:02 am</b>] Emmanuel DESILUS (medecin) de Hopital de la Communaute Haitienne  a recherché   Frenel DAS 1965-10-02 [MM/DD/YYYY]
[<b>17/12/2018 11:32:11 am</b>] Emmanuel DESILUS (medecin) de Hopital de la Communaute Haitienne a recherché le client MARIE NILSA LINDOR 1973-04-06
[<b>17/12/2018 11:32:59 am</b>] Emmanuel DESILUS (medecin) de Hopital de la Communaute Haitienne est allé dans ACCUEIL 
[<b>17/12/2018 11:34:16 am</b>] Emmanuel DESILUS (medecin) de Hopital de la Communaute Haitienne  a recherché   Catia ST CYR 1980-08-14 [MM/DD/YYYY]
[<b>17/12/2018 11:34:31 am</b>] Emmanuel DESILUS (medecin) de Hopital de la Communaute Haitienne  a recherché   Catia SAINT CYR 1980-08-14 [MM/DD/YYYY]
[<b>17/12/2018 11:35:13 am</b>] Emmanuel DESILUS (medecin) de Hopital de la Communaute Haitienne  a recherché   Catia ST CYR 1980-08-14 [MM/DD/YYYY]
[<b>17/12/2018 11:35:17 am</b>] Emmanuel DESILUS (medecin) de Hopital de la Communaute Haitienne est allé dans ACCUEIL 
[<b>17/12/2018 11:36:23 am</b>] Emmanuel DESILUS (medecin) de Hopital de la Communaute Haitienne  a recherché   kATIA ST CYR 1980-08-14 [MM/DD/YYYY]
[<b>17/12/2018 11:36:40 am</b>] Emmanuel DESILUS (medecin) de Hopital de la Communaute Haitienne  a recherché   CATIA ST CYR 1980-08-14 [MM/DD/YYYY]
[<b>17/12/2018 11:40:01 am</b>] Emmanuel DESILUS (medecin) de Hopital de la Communaute Haitienne  s'est déconnecté  
[<b>17/12/2018 11:40:12 am</b>] Sanon WIDMAIER (admin) de INASSA  s'est connecté   
[<b>17/12/2018 11:40:12 am</b>] Sanon WIDMAIER (admin) de INASSA est allé dans ACCUEIL 
[<b>17/12/2018 11:40:24 am</b>] Sanon WIDMAIER (admin) de INASSA  est allé dans HISTORIQUE 
[<b>17/12/2018 11:48:59 am</b>] Sanon WIDMAIER (admin) de INASSA  s'est connecté   
[<b>17/12/2018 11:48:59 am</b>] Sanon WIDMAIER (admin) de INASSA est allé dans ACCUEIL 
[<b>17/12/2018 11:49:03 am</b>] Sanon WIDMAIER (admin) de INASSA  est allé dans PARAMETRES  
[<b>17/12/2018 11:56:52 am</b>]   () de   s'est déconnecté  
[<b>17/12/2018 11:57:02 am</b>] Sanon WIDMAIER (admin) de INASSA  s'est connecté   
[<b>17/12/2018 11:57:04 am</b>] Sanon WIDMAIER (admin) de INASSA  s'est connecté   
[<b>17/12/2018 11:57:04 am</b>] Sanon WIDMAIER (admin) de INASSA est allé dans ACCUEIL 
[<b>17/12/2018 11:57:07 am</b>] Sanon WIDMAIER (admin) de INASSA  est allé dans HISTORIQUE 
[<b>17/12/2018 11:59:37 am</b>] Sanon WIDMAIER (admin) de INASSA  est allé dans PARAMETRES  
[<b>17/12/2018 12:01:34 pm</b>] Sanon WIDMAIER (admin) de INASSA  a changé le status de l'utilisateur  Islene JASMIN
[<b>17/12/2018 12:01:41 pm</b>] Sanon WIDMAIER (admin) de INASSA  a changé le status de l'utilisateur  Islene JASMIN
[<b>17/12/2018 12:01:46 pm</b>] Sanon WIDMAIER (admin) de INASSA  est allé dans HISTORIQUE 
[<b>17/12/2018 12:06:13 pm</b>] Sanon WIDMAIER (admin) de INASSA  est allé dans HISTORIQUE 
[<b>17/12/2018 12:10:57 pm</b>] Sanon WIDMAIER (admin) de INASSA est allé dans ACCUEIL 
[<b>17/12/2018 12:11:36 pm</b>] Sanon WIDMAIER (admin) de INASSA  a recherché   Clergeau Bergemanne 1964-02-23 [MM/DD/YYYY]
[<b>17/12/2018 12:11:55 pm</b>] Sanon WIDMAIER (admin) de INASSA a recherché le client BERGEMANNE CLERGEAU 1964-02-23
[<b>17/12/2018 12:12:21 pm</b>] Sanon WIDMAIER (admin) de INASSA  est allé dans HISTORIQUE 
[<b>17/12/2018 12:12:43 pm</b>] Marc-Eric ALTIDOR (admin) de INASSA  s'est connecté   
[<b>17/12/2018 12:12:44 pm</b>] Marc-Eric ALTIDOR (admin) de INASSA est allé dans ACCUEIL 
[<b>17/12/2018 12:12:54 pm</b>] Marc-Eric ALTIDOR (admin) de INASSA  est allé dans HISTORIQUE 
[<b>17/12/2018 12:14:08 pm</b>] Sanon WIDMAIER (admin) de INASSA  est allé dans HISTORIQUE 
[<b>17/12/2018 12:17:25 pm</b>] Marc-Eric ALTIDOR (admin) de INASSA  est allé dans PARAMETRES  
[<b>17/12/2018 12:17:44 pm</b>] Marc-Eric ALTIDOR (admin) de INASSA  est allé dans PARAMETRES  
