[<b>15/10/2018 08:46:58 am</b>] Withnyse Caridad FRANCOIS (medecin) de HOP SAINT FRANCOIS DE SALES  s'est connecté   
[<b>15/10/2018 10:47:17 am</b>] Jeanine JULES (medecin) de HOPITAL DE LA COMMUNAUTE HAITIENNE  s'est connecté   
[<b>15/10/2018 10:47:18 am</b>] Jeanine JULES (medecin) de HOPITAL DE LA COMMUNAUTE HAITIENNE  s'est connecté   
[<b>15/10/2018 10:47:19 am</b>] Jeanine JULES (medecin) de HOPITAL DE LA COMMUNAUTE HAITIENNE est allé dans ACCUEIL 
[<b>15/10/2018 10:48:46 am</b>] Jeanine JULES (medecin) de HOPITAL DE LA COMMUNAUTE HAITIENNE a recherché le client NAFETALIA LUMA 2018-07-29
[<b>15/10/2018 11:50:50 am</b>] Jeanine JULES (medecin) de HOPITAL DE LA COMMUNAUTE HAITIENNE  s'est connecté   
[<b>15/10/2018 11:50:52 am</b>] Jeanine JULES (medecin) de HOPITAL DE LA COMMUNAUTE HAITIENNE  s'est connecté   
[<b>15/10/2018 11:50:53 am</b>] Jeanine JULES (medecin) de HOPITAL DE LA COMMUNAUTE HAITIENNE est allé dans ACCUEIL 
[<b>15/10/2018 11:53:07 am</b>] Jeanine JULES (medecin) de HOPITAL DE LA COMMUNAUTE HAITIENNE a recherché le client EVENS LAFONTANT 1985-05-10
[<b>15/10/2018 12:06:44 pm</b>] Emmanuel DESILUS (medecin) de Hopital de la Communaute Haitienne  s'est connecté   
[<b>15/10/2018 12:06:44 pm</b>] Emmanuel DESILUS (medecin) de Hopital de la Communaute Haitienne est allé dans ACCUEIL 
[<b>15/10/2018 12:08:15 pm</b>] Emmanuel DESILUS (medecin) de Hopital de la Communaute Haitienne a recherché le client LENSKY LAFONTANT 2005-06-19
[<b>15/10/2018 12:08:42 pm</b>] Emmanuel DESILUS (medecin) de Hopital de la Communaute Haitienne est allé dans ACCUEIL 
[<b>15/10/2018 12:09:37 pm</b>] Emmanuel DESILUS (medecin) de Hopital de la Communaute Haitienne  a recherché   Kylens Lafontant 2014-05-11 [MM/DD/YYYY]
[<b>15/10/2018 12:10:05 pm</b>] Emmanuel DESILUS (medecin) de Hopital de la Communaute Haitienne  a recherché   Kylens Lafontant 2014-05-11 [MM/DD/YYYY]
[<b>15/10/2018 12:10:08 pm</b>] Emmanuel DESILUS (medecin) de Hopital de la Communaute Haitienne  est allé dans HISTORIQUE 
[<b>15/10/2018 12:10:34 pm</b>] Emmanuel DESILUS (medecin) de Hopital de la Communaute Haitienne est allé dans ACCUEIL 
[<b>15/10/2018 12:11:03 pm</b>] Emmanuel DESILUS (medecin) de Hopital de la Communaute Haitienne  a recherché   Kylens Lafontant 2014-05-11 [MM/DD/YYYY]
[<b>15/10/2018 12:11:33 pm</b>] Emmanuel DESILUS (medecin) de Hopital de la Communaute Haitienne  s'est déconnecté  
[<b>15/10/2018 12:11:52 pm</b>] Emmanuel DESILUS (medecin) de Hopital de la Communaute Haitienne  s'est connecté   
[<b>15/10/2018 12:11:52 pm</b>] Emmanuel DESILUS (medecin) de Hopital de la Communaute Haitienne est allé dans ACCUEIL 
[<b>15/10/2018 12:12:26 pm</b>] Emmanuel DESILUS (medecin) de Hopital de la Communaute Haitienne  a recherché   Kylens Lafontant 2014-05-11 [MM/DD/YYYY]
[<b>15/10/2018 12:13:03 pm</b>] Emmanuel DESILUS (medecin) de Hopital de la Communaute Haitienne a recherché le client EVENS LAFONTANT 1985-05-10
[<b>15/10/2018 12:13:40 pm</b>] Emmanuel DESILUS (medecin) de Hopital de la Communaute Haitienne  a recherché   Kylens Lafontant 2014-05-11 [MM/DD/YYYY]
[<b>15/10/2018 12:13:51 pm</b>] Emmanuel DESILUS (medecin) de Hopital de la Communaute Haitienne  s'est déconnecté  
[<b>15/10/2018 03:21:28 pm</b>] Anick DUPUY (admin) de INASSA  s'est connecté   
[<b>15/10/2018 03:21:28 pm</b>] Anick DUPUY (admin) de INASSA est allé dans ACCUEIL 
[<b>15/10/2018 03:21:54 pm</b>] Anick DUPUY (admin) de INASSA  a recherché   lafontant evens 1985-05-10 [MM/DD/YYYY]
[<b>15/10/2018 03:22:06 pm</b>] Anick DUPUY (admin) de INASSA a recherché le client EVENS LAFONTANT 1985-05-10
[<b>15/10/2018 03:24:49 pm</b>] Anick DUPUY (admin) de INASSA  s'est déconnecté  
[<b>15/10/2018 03:26:37 pm</b>] Anick DUPUY (admin) de INASSA  s'est connecté   
[<b>15/10/2018 03:26:38 pm</b>] Anick DUPUY (admin) de INASSA est allé dans ACCUEIL 
[<b>15/10/2018 03:27:02 pm</b>] Anick DUPUY (admin) de INASSA a recherché le client KILENS LAFONTANT 2018-08-01
[<b>15/10/2018 03:27:53 pm</b>] Anick DUPUY (admin) de INASSA  s'est déconnecté  
[<b>15/10/2018 08:06:17 pm</b>] Sara SABIN (medecin) de Hopital Espoir  s'est connecté   
