[<b>04/10/2018 09:03:34 am</b>] Rood-Jerry GEFFRARD (medecin) de Hopital Adventiste Diquini  s'est connecté   
[<b>04/10/2018 09:03:35 am</b>] Rood-Jerry GEFFRARD (medecin) de Hopital Adventiste Diquini est allé dans ACCUEIL 
[<b>04/10/2018 09:04:35 am</b>] Rood-Jerry GEFFRARD (medecin) de Hopital Adventiste Diquini  a recherché   Estiven Faubert 2008-02-17 [MM/DD/YYYY]
[<b>04/10/2018 09:05:22 am</b>] Rood-Jerry GEFFRARD (medecin) de Hopital Adventiste Diquini  a recherché   Steeven Faubert 2008-02-17 [MM/DD/YYYY]
[<b>04/10/2018 09:06:24 am</b>] Rood-Jerry GEFFRARD (medecin) de Hopital Adventiste Diquini a recherché le client STEVEN FAUBERT 2008-02-17
[<b>04/10/2018 09:45:33 am</b>] Sanon WIDMAIER (admin) de INASSA  s'est connecté   
[<b>04/10/2018 09:45:33 am</b>] Sanon WIDMAIER (admin) de INASSA est allé dans ACCUEIL 
[<b>04/10/2018 09:46:24 am</b>] Sanon WIDMAIER (admin) de INASSA a recherché le client WIDMAIER SANON 2013-08-29
[<b>04/10/2018 09:46:24 am</b>] Sanon WIDMAIER (admin) de INASSA a recherché le client WIDMAIER SANON 2013-08-29
[<b>04/10/2018 09:46:24 am</b>] Sanon WIDMAIER (admin) de INASSA a recherché le client WIDMAI SANON 2013-08-29
[<b>04/10/2018 09:46:24 am</b>] Sanon WIDMAIER (admin) de INASSA a recherché le client WIDMAI SANON 2013-08-29
[<b>04/10/2018 09:46:55 am</b>] Sanon WIDMAIER (admin) de INASSA  est allé dans HISTORIQUE 
[<b>04/10/2018 09:47:03 am</b>] Sanon WIDMAIER (admin) de INASSA est allé dans ACCUEIL 
[<b>04/10/2018 09:50:49 am</b>] Sanon WIDMAIER (admin) de INASSA a recherché le client WIDMAIER SANON 2013-08-29
[<b>04/10/2018 09:50:49 am</b>] Sanon WIDMAIER (admin) de INASSA a recherché le client WIDMAIER SANON 2013-08-29
[<b>04/10/2018 09:50:49 am</b>] Sanon WIDMAIER (admin) de INASSA a recherché le client WIDMAI SANON 2013-08-29
[<b>04/10/2018 09:50:49 am</b>] Sanon WIDMAIER (admin) de INASSA a recherché le client WIDMAI SANON 2013-08-29
[<b>04/10/2018 11:19:01 am</b>] Withnyse Caridad FRANCOIS (medecin) de HOP SAINT FRANCOIS DE SALES  s'est connecté   
[<b>04/10/2018 11:35:51 am</b>] Sanon WIDMAIER (admin) de INASSA  s'est connecté   
[<b>04/10/2018 11:35:51 am</b>] Sanon WIDMAIER (admin) de INASSA est allé dans ACCUEIL 
[<b>04/10/2018 11:35:53 am</b>] Sanon WIDMAIER (admin) de INASSA  est allé dans HISTORIQUE 
[<b>04/10/2018 11:49:17 am</b>] Sanon WIDMAIER (admin) de INASSA  s'est connecté   
[<b>04/10/2018 11:49:17 am</b>] Sanon WIDMAIER (admin) de INASSA est allé dans ACCUEIL 
[<b>04/10/2018 11:49:50 am</b>] Sanon WIDMAIER (admin) de INASSA  est allé dans HISTORIQUE 
