[<b>21/06/2018 10:01:28 am</b>] Ralph BABOUN (medecin) de MEDLAB  s'est connecté   
[<b>21/06/2018 10:01:28 am</b>] Ralph BABOUN (medecin) de MEDLAB est allé dans ACCUEIL 
[<b>21/06/2018 10:13:12 am</b>] Ralph BABOUN (medecin) de MEDLAB  s'est connecté   
[<b>21/06/2018 10:13:12 am</b>] Ralph BABOUN (medecin) de MEDLAB est allé dans ACCUEIL 
[<b>21/06/2018 10:43:25 am</b>] Marc-Eric ALTIDOR (admin) de INASSA  s'est connecté   
[<b>21/06/2018 10:43:26 am</b>] Marc-Eric ALTIDOR (admin) de INASSA est allé dans ACCUEIL 
[<b>21/06/2018 10:43:29 am</b>] Marc-Eric ALTIDOR (admin) de INASSA  est allé dans PARAMETRES  
[<b>21/06/2018 10:52:56 am</b>] Marc-Eric ALTIDOR (admin) de INASSA a enregistré l'utilisateur  Maria Gabelita ASSAD / mgassad / gabelitaass@gmail.com / Médecin / Actif
[<b>21/06/2018 10:52:57 am</b>] Marc-Eric ALTIDOR (admin) de INASSA  est allé dans PARAMETRES  
[<b>21/06/2018 10:53:54 am</b>] Marc-Eric ALTIDOR (admin) de INASSA a enregistré l'utilisateur  Jean Pierre BRISMA / jpbrisma / jpbrisma23@yahoo.fr / Médecin / Actif
[<b>21/06/2018 10:53:54 am</b>] Marc-Eric ALTIDOR (admin) de INASSA  est allé dans PARAMETRES  
[<b>21/06/2018 10:56:14 am</b>] Marc-Eric ALTIDOR (admin) de INASSA a enregistré l'utilisateur  Réginald VALMé / rvalme / regivalme@yahoo.com / Médecin / Actif
[<b>21/06/2018 10:56:14 am</b>] Marc-Eric ALTIDOR (admin) de INASSA  est allé dans PARAMETRES  
[<b>21/06/2018 10:57:17 am</b>] Marc-Eric ALTIDOR (admin) de INASSA a enregistré l'utilisateur  Bernard NAU / bnau / bernard.nau@gmail.com / Médecin / Actif
[<b>21/06/2018 10:57:17 am</b>] Marc-Eric ALTIDOR (admin) de INASSA  est allé dans PARAMETRES  
[<b>21/06/2018 10:58:59 am</b>] Marc-Eric ALTIDOR (admin) de INASSA est allé dans ACCUEIL 
[<b>21/06/2018 10:59:02 am</b>] Marc-Eric ALTIDOR (admin) de INASSA  est allé dans PARAMETRES  
[<b>21/06/2018 11:00:05 am</b>] Marc-Eric ALTIDOR (admin) de INASSA a enregistré l'utilisateur  Victor Emmanuel REGIS / veregis / regiscmoi@gmai.com / Médecin / Actif
[<b>21/06/2018 11:00:05 am</b>] Marc-Eric ALTIDOR (admin) de INASSA  est allé dans PARAMETRES  
[<b>21/06/2018 11:06:30 am</b>] Ralph BABOUN (medecin) de MEDLAB  s'est connecté   
[<b>21/06/2018 11:06:30 am</b>] Ralph BABOUN (medecin) de MEDLAB est allé dans ACCUEIL 
[<b>21/06/2018 11:07:04 am</b>] Ralph BABOUN (medecin) de MEDLAB a recherché le client GERALD AUGUSTE
[<b>21/06/2018 11:13:27 am</b>] Marc-Eric ALTIDOR (admin) de INASSA  s'est connecté   
[<b>21/06/2018 11:13:27 am</b>] Marc-Eric ALTIDOR (admin) de INASSA est allé dans ACCUEIL 
[<b>21/06/2018 11:13:31 am</b>] Marc-Eric ALTIDOR (admin) de INASSA  est allé dans PARAMETRES  
[<b>21/06/2018 11:14:26 am</b>] Marc-Eric ALTIDOR (admin) de INASSA a enregistré l'utilisateur  Marie Nicole BELIZAIRE / mnbelizaire / nicolehsj@yahoo.com / Médecin / Actif
[<b>21/06/2018 11:14:26 am</b>] Marc-Eric ALTIDOR (admin) de INASSA  est allé dans PARAMETRES  
[<b>21/06/2018 11:15:51 am</b>] Marc-Eric ALTIDOR (admin) de INASSA a enregistré l'utilisateur  Florence VRIGNEAU / fvrigneau / florencehopitalsaintjoseph@yahoo.fr / Médecin / Actif
[<b>21/06/2018 11:15:51 am</b>] Marc-Eric ALTIDOR (admin) de INASSA  est allé dans PARAMETRES  
[<b>21/06/2018 11:15:54 am</b>] Jean Pierre BRISMA (medecin) de Clinique Dr J P Brisma  s'est connecté   
[<b>21/06/2018 11:15:54 am</b>] Jean Pierre BRISMA (medecin) de Clinique Dr J P Brisma est allé dans ACCUEIL 
[<b>21/06/2018 11:16:13 am</b>] Jean Pierre BRISMA (medecin) de Clinique Dr J P Brisma  a changé son mot de passe  
[<b>21/06/2018 11:16:13 am</b>] Jean Pierre BRISMA (medecin) de Clinique Dr J P Brisma est allé dans ACCUEIL 
[<b>21/06/2018 11:16:39 am</b>] Marc-Eric ALTIDOR (admin) de INASSA a enregistré l'utilisateur  Guirlaine BRESILE / gbresile / bresilehsj@yahoo.com / Médecin / Actif
[<b>21/06/2018 11:16:39 am</b>] Marc-Eric ALTIDOR (admin) de INASSA  est allé dans PARAMETRES  
[<b>21/06/2018 11:16:41 am</b>] Jean Pierre BRISMA (medecin) de Clinique Dr J P Brisma est allé dans ACCUEIL 
[<b>21/06/2018 11:16:44 am</b>] Jean Pierre BRISMA (medecin) de Clinique Dr J P Brisma est allé dans ACCUEIL 
[<b>21/06/2018 11:17:29 am</b>] Marc-Eric ALTIDOR (admin) de INASSA a enregistré l'utilisateur  Darline HILAIRE / dhilaire / darlinehsj@yahoo.fr / Médecin / Actif
[<b>21/06/2018 11:17:30 am</b>] Marc-Eric ALTIDOR (admin) de INASSA  est allé dans PARAMETRES  
[<b>21/06/2018 11:19:38 am</b>] Marc-Eric ALTIDOR (admin) de INASSA a enregistré l'utilisateur  Marly Joelle HILAIRE / mjhilaire / joelle228@gmail.com / Médecin / Actif
[<b>21/06/2018 11:19:39 am</b>] Marc-Eric ALTIDOR (admin) de INASSA  est allé dans PARAMETRES  
[<b>21/06/2018 11:29:24 am</b>] Marc-Eric ALTIDOR (admin) de INASSA a enregistré l'utilisateur  Marie Irlette PARENT / miparent / mirletteparent@yahoo.com / Médecin / Actif
[<b>21/06/2018 11:29:24 am</b>] Marc-Eric ALTIDOR (admin) de INASSA  est allé dans PARAMETRES  
[<b>21/06/2018 11:31:13 am</b>] Marc-Eric ALTIDOR (admin) de INASSA a enregistré l'utilisateur  Margareth COLLIN PAULTRE / mcpaultre / maguycollin@yahoo.fr / Médecin / Actif
[<b>21/06/2018 11:31:13 am</b>] Marc-Eric ALTIDOR (admin) de INASSA  est allé dans PARAMETRES  
[<b>21/06/2018 11:32:29 am</b>] Marc-Eric ALTIDOR (admin) de INASSA a enregistré l'utilisateur  Richard PILIE / rpilie / richpilie@hotmail.com / Médecin / Actif
[<b>21/06/2018 11:32:30 am</b>] Marc-Eric ALTIDOR (admin) de INASSA  est allé dans PARAMETRES  
[<b>21/06/2018 11:35:50 am</b>] Marc-Eric ALTIDOR (admin) de INASSA a enregistré l'utilisateur  Valerio VITAL-HERNE / vvital-herne / valerio_vh@yahoo.com / Médecin / Actif
[<b>21/06/2018 11:35:50 am</b>] Marc-Eric ALTIDOR (admin) de INASSA  est allé dans PARAMETRES  
[<b>21/06/2018 11:42:33 am</b>] Marc-Eric ALTIDOR (admin) de INASSA a enregistré l'utilisateur  Jean Eric FERDINAND / jeferdinand / jeanericferdinand@yahoo.fr / Médecin / Actif
[<b>21/06/2018 11:42:34 am</b>] Marc-Eric ALTIDOR (admin) de INASSA  est allé dans PARAMETRES  
[<b>21/06/2018 11:44:00 am</b>] Marc-Eric ALTIDOR (admin) de INASSA a enregistré l'utilisateur  Stephania DELISCA / sdelisca / stephestil26@yahoo.fr / Médecin / Actif
[<b>21/06/2018 11:44:00 am</b>] Marc-Eric ALTIDOR (admin) de INASSA  est allé dans PARAMETRES  
[<b>21/06/2018 11:45:06 am</b>] Anick DUPUY (admin) de INASSA  s'est connecté   
[<b>21/06/2018 11:45:06 am</b>] Anick DUPUY (admin) de INASSA est allé dans ACCUEIL 
[<b>21/06/2018 11:45:32 am</b>] Marc-Eric ALTIDOR (admin) de INASSA a enregistré l'utilisateur  Antoni CONSTANT / aconstant / toniconstant@yahoo.fr / Médecin / Actif
[<b>21/06/2018 11:45:32 am</b>] Marc-Eric ALTIDOR (admin) de INASSA  est allé dans PARAMETRES  
[<b>21/06/2018 11:45:50 am</b>] Anick DUPUY (admin) de INASSA a recherché le client MIE CARMONDE BEAUBLANC
[<b>21/06/2018 11:46:45 am</b>] Marc-Eric ALTIDOR (admin) de INASSA a enregistré l'utilisateur  Wolve Irvens CHARLES / wicharles / wolveirvens@gmail.com / Médecin / Actif
[<b>21/06/2018 11:46:45 am</b>] Marc-Eric ALTIDOR (admin) de INASSA  est allé dans PARAMETRES  
[<b>21/06/2018 11:48:30 am</b>] Marc-Eric ALTIDOR (admin) de INASSA a enregistré l'utilisateur  Deslouche DOMOND / dedomond / domondscanner@yahoo.fr / Médecin / Actif
[<b>21/06/2018 11:48:31 am</b>] Marc-Eric ALTIDOR (admin) de INASSA  est allé dans PARAMETRES  
[<b>21/06/2018 11:50:36 am</b>] Marc-Eric ALTIDOR (admin) de INASSA a enregistré l'utilisateur  Marc Henri CETOUTE / mhcetoute / cmarchenri@gmail.com / Médecin / Actif
[<b>21/06/2018 11:50:37 am</b>] Marc-Eric ALTIDOR (admin) de INASSA  est allé dans PARAMETRES  
[<b>21/06/2018 11:54:46 am</b>] Anick DUPUY (admin) de INASSA  s'est déconnecté  
[<b>21/06/2018 11:56:35 am</b>] Marc-Eric ALTIDOR (admin) de INASSA a enregistré l'utilisateur  Louis Jeune Beatrice MICHEL / ljmichel / ljbeatrice26@gmail.com / Médecin / Actif
[<b>21/06/2018 11:56:36 am</b>] Marc-Eric ALTIDOR (admin) de INASSA  est allé dans PARAMETRES  
[<b>21/06/2018 11:59:57 am</b>] Marc-Eric ALTIDOR (admin) de INASSA a enregistré l'utilisateur  Nardine CHARLES / ncharles / cnardine@yahoo.com / Médecin / Actif
[<b>21/06/2018 11:59:58 am</b>] Marc-Eric ALTIDOR (admin) de INASSA  est allé dans PARAMETRES  
[<b>21/06/2018 12:01:15 pm</b>] Marc-Eric ALTIDOR (admin) de INASSA a enregistré l'utilisateur  Elysée NESTOR / enestor / nestorelysee@gmail.com / Médecin / Actif
[<b>21/06/2018 12:01:15 pm</b>] Marc-Eric ALTIDOR (admin) de INASSA  est allé dans PARAMETRES  
[<b>21/06/2018 12:02:05 pm</b>] Marc-Eric ALTIDOR (admin) de INASSA a enregistré l'utilisateur  Sandy JEAN / sjean / sandjyana@yahoo.fr / Médecin / Actif
[<b>21/06/2018 12:02:06 pm</b>] Marc-Eric ALTIDOR (admin) de INASSA  est allé dans PARAMETRES  
[<b>21/06/2018 12:02:54 pm</b>] Marc-Eric ALTIDOR (admin) de INASSA a enregistré l'utilisateur  Germina JACQUES / gjacques / germimay@yahoo.fr / Médecin / Actif
[<b>21/06/2018 12:02:55 pm</b>] Marc-Eric ALTIDOR (admin) de INASSA  est allé dans PARAMETRES  
[<b>21/06/2018 12:04:53 pm</b>] Marc-Eric ALTIDOR (admin) de INASSA a enregistré l'utilisateur  Brismarc TABUTEAU / bTabuteau / augustinmarco537@yahoo.fr / Médecin / Actif
[<b>21/06/2018 12:04:54 pm</b>] Marc-Eric ALTIDOR (admin) de INASSA  est allé dans PARAMETRES  
[<b>21/06/2018 12:20:38 pm</b>] Marly Joelle HILAIRE (medecin) de Clinique Dr Hilaire  s'est connecté   
[<b>21/06/2018 12:20:38 pm</b>] Marly Joelle HILAIRE (medecin) de Clinique Dr Hilaire est allé dans ACCUEIL 
[<b>21/06/2018 12:21:09 pm</b>] Marly Joelle HILAIRE (medecin) de Clinique Dr Hilaire  a changé son mot de passe  
[<b>21/06/2018 12:21:10 pm</b>] Marly Joelle HILAIRE (medecin) de Clinique Dr Hilaire est allé dans ACCUEIL 
[<b>21/06/2018 12:24:18 pm</b>] Marly Joelle HILAIRE (medecin) de Clinique Dr Hilaire a recherché le client ABEL DARIUS
[<b>21/06/2018 12:26:06 pm</b>] Marly Joelle HILAIRE (medecin) de Clinique Dr Hilaire a recherché le client MARIE MONA JEAN
[<b>21/06/2018 12:26:51 pm</b>] Marly Joelle HILAIRE (medecin) de Clinique Dr Hilaire est allé dans ACCUEIL 
[<b>21/06/2018 12:27:34 pm</b>] Marly Joelle HILAIRE (medecin) de Clinique Dr Hilaire a recherché le client MARIE MONA DELPE JEAN
[<b>21/06/2018 01:40:19 pm</b>] Marc-Eric ALTIDOR (admin) de INASSA  s'est connecté   
[<b>21/06/2018 01:40:19 pm</b>] Marc-Eric ALTIDOR (admin) de INASSA est allé dans ACCUEIL 
[<b>21/06/2018 01:40:22 pm</b>] Marc-Eric ALTIDOR (admin) de INASSA  est allé dans PARAMETRES  
[<b>21/06/2018 01:42:42 pm</b>] Marc-Eric ALTIDOR (admin) de INASSA a enregistré l'utilisateur  Valerie CHARLES / vcharles / valeriecharlesmd@yahoo.com / Médecin / Actif
[<b>21/06/2018 01:42:42 pm</b>] Marc-Eric ALTIDOR (admin) de INASSA  est allé dans PARAMETRES  
[<b>21/06/2018 01:43:42 pm</b>] Marc-Eric ALTIDOR (admin) de INASSA a enregistré l'utilisateur  Geoges CHARLES / gcharles / georgescharlesmd@gmail.com / Médecin / Actif
[<b>21/06/2018 01:43:42 pm</b>] Marc-Eric ALTIDOR (admin) de INASSA  est allé dans PARAMETRES  
[<b>21/06/2018 01:44:24 pm</b>] Marc-Eric ALTIDOR (admin) de INASSA a enregistré l'utilisateur  Fouche RONALD / rfouche / ronaldfouche@gmail.com / Médecin / Actif
[<b>21/06/2018 01:44:24 pm</b>] Marc-Eric ALTIDOR (admin) de INASSA  est allé dans PARAMETRES  
[<b>21/06/2018 01:45:33 pm</b>] Marc-Eric ALTIDOR (admin) de INASSA a enregistré l'utilisateur  Junie F. HYACINTHE / jfHyacinthe  / juniehyacinthe@gmail.com / Médecin / Actif
[<b>21/06/2018 01:45:34 pm</b>] Marc-Eric ALTIDOR (admin) de INASSA  est allé dans PARAMETRES  
[<b>21/06/2018 01:46:39 pm</b>] Marc-Eric ALTIDOR (admin) de INASSA a enregistré l'utilisateur  Emilion JOUACIN / eJouacin / e.jouacin@gmail.com / Médecin / Actif
[<b>21/06/2018 01:46:39 pm</b>] Marc-Eric ALTIDOR (admin) de INASSA  est allé dans PARAMETRES  
[<b>21/06/2018 01:47:56 pm</b>] Marc-Eric ALTIDOR (admin) de INASSA a enregistré l'utilisateur  Jean ETZER / jEtzer / etzerjean_75@gmail.com / Médecin / Actif
[<b>21/06/2018 01:47:56 pm</b>] Marc-Eric ALTIDOR (admin) de INASSA  est allé dans PARAMETRES  
[<b>21/06/2018 07:24:03 pm</b>] Marly Joelle HILAIRE (medecin) de Clinique Dr Hilaire  s'est connecté   
[<b>21/06/2018 07:24:03 pm</b>] Marly Joelle HILAIRE (medecin) de Clinique Dr Hilaire est allé dans ACCUEIL 
[<b>21/06/2018 07:25:05 pm</b>] Marly Joelle HILAIRE (medecin) de Clinique Dr Hilaire a recherché le client MARIE JOSEE HILAIRE
