[<b>11/10/2018 08:33:29 am</b>] Rood-Jerry GEFFRARD (medecin) de Hopital Adventiste Diquini  s'est connecté   
[<b>11/10/2018 08:33:36 am</b>] Rood-Jerry GEFFRARD (medecin) de Hopital Adventiste Diquini est allé dans ACCUEIL 
[<b>11/10/2018 08:34:48 am</b>] Rood-Jerry GEFFRARD (medecin) de Hopital Adventiste Diquini  a recherché   Fred Belizaire 1990-02-19 [MM/DD/YYYY]
[<b>11/10/2018 08:35:04 am</b>] Rood-Jerry GEFFRARD (medecin) de Hopital Adventiste Diquini  s'est déconnecté  
[<b>11/10/2018 08:35:04 am</b>]   () de  est allé dans ACCUEIL 
[<b>11/10/2018 08:35:19 am</b>] Rood-Jerry GEFFRARD (medecin) de Hopital Adventiste Diquini  s'est connecté   
[<b>11/10/2018 08:35:19 am</b>] Rood-Jerry GEFFRARD (medecin) de Hopital Adventiste Diquini est allé dans ACCUEIL 
[<b>11/10/2018 08:35:43 am</b>] Rood-Jerry GEFFRARD (medecin) de Hopital Adventiste Diquini  a recherché   Fred Belizaire 1990-02-19 [MM/DD/YYYY]
[<b>11/10/2018 08:40:16 am</b>] Rood-Jerry GEFFRARD (medecin) de Hopital Adventiste Diquini a recherché le client ANGE-MAHEN PAULENA 2018-01-19
[<b>11/10/2018 08:44:20 am</b>] Rood-Jerry GEFFRARD (medecin) de Hopital Adventiste Diquini  a recherché   Marc donaelle Jeudy 2018-07-27 [MM/DD/YYYY]
[<b>11/10/2018 08:44:26 am</b>] Rood-Jerry GEFFRARD (medecin) de Hopital Adventiste Diquini  a recherché   Marc donaelle Jeudy 2018-07-27 [MM/DD/YYYY]
[<b>11/10/2018 09:50:16 am</b>] Rood-Jerry GEFFRARD (medecin) de Hopital Adventiste Diquini  s'est connecté   
[<b>11/10/2018 09:50:16 am</b>] Rood-Jerry GEFFRARD (medecin) de Hopital Adventiste Diquini est allé dans ACCUEIL 
[<b>11/10/2018 09:50:50 am</b>] Rood-Jerry GEFFRARD (medecin) de Hopital Adventiste Diquini  a recherché   Jean Oudley Cesar 2012-05-05 [MM/DD/YYYY]
[<b>11/10/2018 09:52:09 am</b>] Rood-Jerry GEFFRARD (medecin) de Hopital Adventiste Diquini a recherché le client DERLIE CESAR 2012-05-05
[<b>11/10/2018 09:52:09 am</b>] Rood-Jerry GEFFRARD (medecin) de Hopital Adventiste Diquini a recherché le client DERLIE CESAR 2012-05-05
[<b>11/10/2018 11:45:18 am</b>] Rood-Jerry GEFFRARD (medecin) de Hopital Adventiste Diquini  s'est connecté   
[<b>11/10/2018 11:45:19 am</b>] Rood-Jerry GEFFRARD (medecin) de Hopital Adventiste Diquini est allé dans ACCUEIL 
[<b>11/10/2018 11:45:45 am</b>] Rood-Jerry GEFFRARD (medecin) de Hopital Adventiste Diquini  a recherché   Jackson Charles-Fils 1986-06-29 [MM/DD/YYYY]
[<b>11/10/2018 11:45:52 am</b>] Rood-Jerry GEFFRARD (medecin) de Hopital Adventiste Diquini  a recherché   Jackson Charles-Fils 1986-06-29 [MM/DD/YYYY]
[<b>11/10/2018 11:46:05 am</b>] Rood-Jerry GEFFRARD (medecin) de Hopital Adventiste Diquini a recherché le client JACKSON CHARLES FILS 1986-06-29
[<b>11/10/2018 01:09:19 pm</b>] Sanon WIDMAIER (admin) de INASSA  s'est connecté   
[<b>11/10/2018 01:09:20 pm</b>] Sanon WIDMAIER (admin) de INASSA  s'est connecté   
[<b>11/10/2018 01:09:20 pm</b>] Sanon WIDMAIER (admin) de INASSA est allé dans ACCUEIL 
