[<b>15/05/2019 09:20:04 am</b>] Marlie TONICO (medecin) de Hopital Espoir  s'est connecté   
[<b>15/05/2019 09:20:04 am</b>] Marlie TONICO (medecin) de Hopital Espoir est allé dans ACCUEIL 
[<b>15/05/2019 09:21:50 am</b>] Marlie TONICO (medecin) de Hopital Espoir a recherché le client MARCDALAINE JOSEPH 1980-12-08
[<b>15/05/2019 09:45:33 am</b>] Denold MILSOIT (medecin) de CLINIQULE Dr DENOLD MILSOIT  s'est connecté   
[<b>15/05/2019 09:45:34 am</b>] Denold MILSOIT (medecin) de CLINIQULE Dr DENOLD MILSOIT est allé dans ACCUEIL 
[<b>15/05/2019 09:46:51 am</b>] Denold MILSOIT (medecin) de CLINIQULE Dr DENOLD MILSOIT  a recherché   Guibert Shilet 1972-09-12 [MM/DD/YYYY]
[<b>15/05/2019 09:47:19 am</b>] Denold MILSOIT (medecin) de CLINIQULE Dr DENOLD MILSOIT  a recherché   Shilet Guibert 1972-09-12 [MM/DD/YYYY]
[<b>15/05/2019 09:47:37 am</b>] Denold MILSOIT (medecin) de CLINIQULE Dr DENOLD MILSOIT  a recherché   chilet Guibert 1972-09-12 [MM/DD/YYYY]
[<b>15/05/2019 09:47:57 am</b>] Denold MILSOIT (medecin) de CLINIQULE Dr DENOLD MILSOIT  a recherché   chiler Guibert 1972-09-12 [MM/DD/YYYY]
[<b>15/05/2019 09:48:17 am</b>] Denold MILSOIT (medecin) de CLINIQULE Dr DENOLD MILSOIT  a recherché   sheler Guibert 1972-09-12 [MM/DD/YYYY]
[<b>15/05/2019 09:48:39 am</b>] Denold MILSOIT (medecin) de CLINIQULE Dr DENOLD MILSOIT  a recherché   guibert sheler 1972-09-12 [MM/DD/YYYY]
[<b>15/05/2019 09:49:02 am</b>] Denold MILSOIT (medecin) de CLINIQULE Dr DENOLD MILSOIT  a recherché   guibert sheler 1972-09-09 [MM/DD/YYYY]
[<b>15/05/2019 09:49:14 am</b>] Denold MILSOIT (medecin) de CLINIQULE Dr DENOLD MILSOIT  a recherché   guibert sheler 1972-12-09 [MM/DD/YYYY]
[<b>15/05/2019 09:49:46 am</b>] Denold MILSOIT (medecin) de CLINIQULE Dr DENOLD MILSOIT  a recherché   sheler guibert 1972-12-09 [MM/DD/YYYY]
[<b>15/05/2019 09:49:55 am</b>] Denold MILSOIT (medecin) de CLINIQULE Dr DENOLD MILSOIT  a recherché   sheler guibert 1972-09-09 [MM/DD/YYYY]
[<b>15/05/2019 09:50:05 am</b>] Denold MILSOIT (medecin) de CLINIQULE Dr DENOLD MILSOIT  a recherché   sheler guibert 1972-09-12 [MM/DD/YYYY]
[<b>15/05/2019 09:50:41 am</b>] Denold MILSOIT (medecin) de CLINIQULE Dr DENOLD MILSOIT  a recherché   guibert sheler 1972-09-12 [MM/DD/YYYY]
[<b>15/05/2019 10:51:10 am</b>] Wilkendhie JOSEPH (medecin) de Hopital du Canape Vert  s'est connecté   
[<b>15/05/2019 10:51:11 am</b>] Wilkendhie JOSEPH (medecin) de Hopital du Canape Vert est allé dans ACCUEIL 
[<b>15/05/2019 10:53:32 am</b>] Wilkendhie JOSEPH (medecin) de Hopital du Canape Vert a recherché le client GUIRNA PAUL 1981-05-25
[<b>15/05/2019 10:53:52 am</b>] Wilkendhie JOSEPH (medecin) de Hopital du Canape Vert est allé dans ACCUEIL 
[<b>15/05/2019 10:55:53 am</b>] Wilkendhie JOSEPH (medecin) de Hopital du Canape Vert a recherché le client GERBERT TOMBEAU 1965-03-20
[<b>15/05/2019 10:56:23 am</b>] Wilkendhie JOSEPH (medecin) de Hopital du Canape Vert est allé dans ACCUEIL 
[<b>15/05/2019 10:57:59 am</b>] Wilkendhie JOSEPH (medecin) de Hopital du Canape Vert a recherché le client WIDLYN ELVEUS 1984-04-17
[<b>15/05/2019 10:58:09 am</b>] Wilkendhie JOSEPH (medecin) de Hopital du Canape Vert est allé dans ACCUEIL 
[<b>15/05/2019 11:12:13 am</b>] Wilkendhie JOSEPH (medecin) de Hopital du Canape Vert  s'est connecté   
[<b>15/05/2019 11:12:13 am</b>] Wilkendhie JOSEPH (medecin) de Hopital du Canape Vert est allé dans ACCUEIL 
[<b>15/05/2019 11:12:56 am</b>] Wilkendhie JOSEPH (medecin) de Hopital du Canape Vert  a recherché   EMILE HALABY 1923-10-10 [MM/DD/YYYY]
[<b>15/05/2019 11:13:24 am</b>] Wilkendhie JOSEPH (medecin) de Hopital du Canape Vert a recherché le client EMILE HALABY 1923-10-23
[<b>15/05/2019 11:13:24 am</b>] Wilkendhie JOSEPH (medecin) de Hopital du Canape Vert a recherché le client EMILE HALABY 1923-10-23
[<b>15/05/2019 11:17:18 am</b>] Wilkendhie JOSEPH (medecin) de Hopital du Canape Vert a recherché le client SOPHONIE BALMYR 1989-10-04
[<b>15/05/2019 11:17:27 am</b>] Wilkendhie JOSEPH (medecin) de Hopital du Canape Vert est allé dans ACCUEIL 
[<b>15/05/2019 11:19:18 am</b>] Wilkendhie JOSEPH (medecin) de Hopital du Canape Vert a recherché le client FEMILIX MARTIAL 1981-05-10
[<b>15/05/2019 11:21:38 am</b>] Wilkendhie JOSEPH (medecin) de Hopital du Canape Vert a recherché le client GINOU TERRASSANT 1987-03-28
[<b>15/05/2019 11:21:38 am</b>] Wilkendhie JOSEPH (medecin) de Hopital du Canape Vert a recherché le client GINOU TERRASSANT 1987-03-28
[<b>15/05/2019 11:22:03 am</b>] Wilkendhie JOSEPH (medecin) de Hopital du Canape Vert  a recherché   KYARA FABRE  [MM/DD/YYYY]
[<b>15/05/2019 11:27:19 am</b>] Wilkendhie JOSEPH (medecin) de Hopital du Canape Vert  s'est connecté   
[<b>15/05/2019 11:27:20 am</b>] Wilkendhie JOSEPH (medecin) de Hopital du Canape Vert est allé dans ACCUEIL 
[<b>15/05/2019 11:28:43 am</b>] Wilkendhie JOSEPH (medecin) de Hopital du Canape Vert  a recherché   ANNOUZE PIERRE LOUIS 1998-09-03 [MM/DD/YYYY]
[<b>15/05/2019 11:29:39 am</b>] Wilkendhie JOSEPH (medecin) de Hopital du Canape Vert  a recherché   VILMAR PIERRE LOUIS 1965-08-03 [MM/DD/YYYY]
[<b>15/05/2019 11:33:12 am</b>] Wilkendhie JOSEPH (medecin) de Hopital du Canape Vert a recherché le client GLORIA MARTIAL 2015-11-26
[<b>15/05/2019 11:33:35 am</b>] Wilkendhie JOSEPH (medecin) de Hopital du Canape Vert est allé dans ACCUEIL 
[<b>15/05/2019 11:36:38 am</b>] Wilkendhie JOSEPH (medecin) de Hopital du Canape Vert a recherché le client KYARA FABRE 2014-07-19
[<b>15/05/2019 11:36:38 am</b>] Wilkendhie JOSEPH (medecin) de Hopital du Canape Vert a recherché le client KYARA FABRE 2014-07-19
[<b>15/05/2019 11:36:55 am</b>] Wilkendhie JOSEPH (medecin) de Hopital du Canape Vert est allé dans ACCUEIL 
[<b>15/05/2019 11:40:38 am</b>] Wilkendhie JOSEPH (medecin) de Hopital du Canape Vert  a recherché   CLEMANT JOSEPH 1957-09-18 [MM/DD/YYYY]
[<b>15/05/2019 11:40:47 am</b>] Wilkendhie JOSEPH (medecin) de Hopital du Canape Vert  a recherché   CLEMANT JOSEPH 1957-09-18 [MM/DD/YYYY]
[<b>15/05/2019 11:41:10 am</b>] Wilkendhie JOSEPH (medecin) de Hopital du Canape Vert  a recherché   CLEMENT JOSEPH 1957-09-18 [MM/DD/YYYY]
[<b>15/05/2019 11:41:23 am</b>] Wilkendhie JOSEPH (medecin) de Hopital du Canape Vert a recherché le client CLEMENT JOSEPH 1957-10-18
[<b>15/05/2019 11:41:47 am</b>] Wilkendhie JOSEPH (medecin) de Hopital du Canape Vert est allé dans ACCUEIL 
[<b>15/05/2019 11:44:44 am</b>] Wilkendhie JOSEPH (medecin) de Hopital du Canape Vert  a recherché   JOVENS HANS KERLAIN PETIT HOMME 2012-11-04 [MM/DD/YYYY]
[<b>15/05/2019 12:27:15 pm</b>] Wilkendhie JOSEPH (medecin) de Hopital du Canape Vert  s'est connecté   
[<b>15/05/2019 12:27:16 pm</b>] Wilkendhie JOSEPH (medecin) de Hopital du Canape Vert est allé dans ACCUEIL 
[<b>15/05/2019 12:27:44 pm</b>] Wilkendhie JOSEPH (medecin) de Hopital du Canape Vert  a recherché   FRITZ FORTUNE  [MM/DD/YYYY]
[<b>15/05/2019 12:28:02 pm</b>] Wilkendhie JOSEPH (medecin) de Hopital du Canape Vert  a recherché   FRITZ FORTUNE 1977-10-10 [MM/DD/YYYY]
[<b>15/05/2019 12:29:00 pm</b>] Wilkendhie JOSEPH (medecin) de Hopital du Canape Vert a recherché le client FRITZ FORTUNE 1979-01-29
[<b>15/05/2019 12:29:09 pm</b>] Wilkendhie JOSEPH (medecin) de Hopital du Canape Vert est allé dans ACCUEIL 
[<b>15/05/2019 12:30:07 pm</b>] Wilkendhie JOSEPH (medecin) de Hopital du Canape Vert a recherché le client MAX FIDELE 1968-03-01
[<b>15/05/2019 12:30:18 pm</b>] Wilkendhie JOSEPH (medecin) de Hopital du Canape Vert est allé dans ACCUEIL 
[<b>15/05/2019 12:46:51 pm</b>] Wilkendhie JOSEPH (medecin) de Hopital du Canape Vert  s'est connecté   
[<b>15/05/2019 12:46:52 pm</b>] Wilkendhie JOSEPH (medecin) de Hopital du Canape Vert est allé dans ACCUEIL 
[<b>15/05/2019 12:48:58 pm</b>] Wilkendhie JOSEPH (medecin) de Hopital du Canape Vert a recherché le client HENRI STEPHEN FELIX 1989-09-16
[<b>15/05/2019 12:49:08 pm</b>] Wilkendhie JOSEPH (medecin) de Hopital du Canape Vert est allé dans ACCUEIL 
[<b>15/05/2019 12:50:46 pm</b>] Wilkendhie JOSEPH (medecin) de Hopital du Canape Vert  a recherché   ANNOUZE PIERRE LOUIS 1998-09-03 [MM/DD/YYYY]
[<b>15/05/2019 12:53:14 pm</b>] Wilkendhie JOSEPH (medecin) de Hopital du Canape Vert  a recherché   VILMAR PIERRE LOUIS 1965-08-03 [MM/DD/YYYY]
[<b>15/05/2019 12:53:31 pm</b>] Wilkendhie JOSEPH (medecin) de Hopital du Canape Vert  a recherché   VILMAR PIERRE- LOUIS 1965-08-03 [MM/DD/YYYY]
[<b>15/05/2019 12:53:59 pm</b>] Wilkendhie JOSEPH (medecin) de Hopital du Canape Vert a recherché le client VILMAR PIERRE-LOUIS 1965-08-03
[<b>15/05/2019 12:54:41 pm</b>] Wilkendhie JOSEPH (medecin) de Hopital du Canape Vert  a recherché   ANNOUZE PIERRE-LOUIS 1998-09-03 [MM/DD/YYYY]
[<b>15/05/2019 12:54:54 pm</b>] Wilkendhie JOSEPH (medecin) de Hopital du Canape Vert  a recherché   ANOUZE PIERRE-LOUIS 1998-09-03 [MM/DD/YYYY]
[<b>15/05/2019 12:55:54 pm</b>] Wilkendhie JOSEPH (medecin) de Hopital du Canape Vert a recherché le client JOVENS PETIT-HOMME 2012-11-04
[<b>15/05/2019 12:56:08 pm</b>] Wilkendhie JOSEPH (medecin) de Hopital du Canape Vert est allé dans ACCUEIL 
