[<b>04/09/2019 12:44:10 am</b>] Admin WYZDEV (admin) de INASSA  s'est déconnecté   
[<b>04/09/2019 12:44:40 am</b>] Admin WYZDEV (admin) de INASSA  s'est connecté   
[<b>04/09/2019 11:52:59 am</b>] Wilkendhie JOSEPH (medecin) de Hopital du Canape Vert  s'est connecté   
[<b>04/09/2019 11:52:59 am</b>] Wilkendhie JOSEPH (medecin) de Hopital du Canape Vert est allé dans ACCUEIL 
[<b>04/09/2019 11:53:02 am</b>] Wilkendhie JOSEPH (medecin) de Hopital du Canape Vert  s'est connecté   
[<b>04/09/2019 11:53:50 am</b>] Wilkendhie JOSEPH (medecin) de Hopital du Canape Vert  a recherché   JOANE ST LOUIS 1983-01-29 [MM/DD/YYYY]
[<b>04/09/2019 11:54:14 am</b>] Wilkendhie JOSEPH (medecin) de Hopital du Canape Vert  a recherché   JOANE ST LOUIS 1983-06-29 [MM/DD/YYYY]
[<b>04/09/2019 11:54:33 am</b>] Wilkendhie JOSEPH (medecin) de Hopital du Canape Vert  a recherché   JOANE SAINT LOUIS 1983-06-29 [MM/DD/YYYY]
[<b>04/09/2019 11:54:39 am</b>] Wilkendhie JOSEPH (medecin) de Hopital du Canape Vert  est allé dans HISTORIQUE 
[<b>04/09/2019 11:54:42 am</b>] Wilkendhie JOSEPH (medecin) de Hopital du Canape Vert est allé dans ACCUEIL 
[<b>04/09/2019 11:54:43 am</b>] Wilkendhie JOSEPH (medecin) de Hopital du Canape Vert est allé dans ACCUEIL 
[<b>04/09/2019 11:55:24 am</b>] Wilkendhie JOSEPH (medecin) de Hopital du Canape Vert  a recherché   JOANE SAINT LOUIS 1983-06-29 [MM/DD/YYYY]
[<b>04/09/2019 11:56:04 am</b>] Wilkendhie JOSEPH (medecin) de Hopital du Canape Vert  a recherché   JOANE ST LOUIS 1983-06-29 [MM/DD/YYYY]
[<b>04/09/2019 11:56:17 am</b>] Wilkendhie JOSEPH (medecin) de Hopital du Canape Vert est allé dans ACCUEIL 
[<b>04/09/2019 11:57:03 am</b>] Wilkendhie JOSEPH (medecin) de Hopital du Canape Vert  a recherché   JOANE ST LOUIS 1983-01-29 [MM/DD/YYYY]
[<b>04/09/2019 11:58:51 am</b>] Wilkendhie JOSEPH (medecin) de Hopital du Canape Vert  s'est connecté   
[<b>04/09/2019 11:58:52 am</b>] Wilkendhie JOSEPH (medecin) de Hopital du Canape Vert  s'est connecté   
[<b>04/09/2019 11:58:52 am</b>] Wilkendhie JOSEPH (medecin) de Hopital du Canape Vert est allé dans ACCUEIL 
[<b>04/09/2019 11:59:24 am</b>] Wilkendhie JOSEPH (medecin) de Hopital du Canape Vert  a recherché    st louis  [MM/DD/YYYY]
[<b>04/09/2019 12:00:31 pm</b>] Wilkendhie JOSEPH (medecin) de Hopital du Canape Vert  a recherché   joane st louis 1983-06-29 [MM/DD/YYYY]
[<b>04/09/2019 12:01:19 pm</b>] Wilkendhie JOSEPH (medecin) de Hopital du Canape Vert  a recherché   joane st louis 1983-01-29 [MM/DD/YYYY]
[<b>04/09/2019 12:01:38 pm</b>] Wilkendhie JOSEPH (medecin) de Hopital du Canape Vert a recherché le client JOANE SAINT LOUIS 1983-01-29
[<b>04/09/2019 12:02:17 pm</b>] Wilkendhie JOSEPH (medecin) de Hopital du Canape Vert a recherché le client JOANE SAINT LOUIS 1983-01-29
[<b>04/09/2019 12:22:18 pm</b>] Rood-Jerry GEFFRARD (medecin) de Hopital Adventiste Diquini  s'est connecté   
[<b>04/09/2019 12:22:18 pm</b>] Rood-Jerry GEFFRARD (medecin) de Hopital Adventiste Diquini est allé dans ACCUEIL 
[<b>04/09/2019 12:23:11 pm</b>] Rood-Jerry GEFFRARD (medecin) de Hopital Adventiste Diquini  a recherché   Angelissa joseph 2019-07-03 [MM/DD/YYYY]
[<b>04/09/2019 12:23:49 pm</b>] Rood-Jerry GEFFRARD (medecin) de Hopital Adventiste Diquini  a recherché   louse joseph 2019-07-03 [MM/DD/YYYY]
[<b>04/09/2019 04:57:31 pm</b>] Wilkendhie JOSEPH (medecin) de Hopital du Canape Vert  s'est connecté   
[<b>04/09/2019 04:57:32 pm</b>] Wilkendhie JOSEPH (medecin) de Hopital du Canape Vert  s'est connecté   
[<b>04/09/2019 04:57:33 pm</b>] Wilkendhie JOSEPH (medecin) de Hopital du Canape Vert est allé dans ACCUEIL 
[<b>04/09/2019 04:58:29 pm</b>] Wilkendhie JOSEPH (medecin) de Hopital du Canape Vert a recherché le client ROODY JEAN 1977-07-16
[<b>04/09/2019 04:59:17 pm</b>] Wilkendhie JOSEPH (medecin) de Hopital du Canape Vert est allé dans ACCUEIL 
