[<b>16/09/2019 10:06:13 am</b>] Sanon WIDMAIER (admin) de INASSA  s'est connecté   
[<b>16/09/2019 10:06:13 am</b>] Sanon WIDMAIER (admin) de INASSA est allé dans ACCUEIL 
[<b>16/09/2019 10:06:52 am</b>] Sanon WIDMAIER (admin) de INASSA a recherché le client WIDMAIER SANON 1978-07-01
[<b>16/09/2019 10:06:52 am</b>] Sanon WIDMAIER (admin) de INASSA a recherché le client WIDMAIER SANON 1978-07-01
[<b>16/09/2019 10:07:33 am</b>] Sanon WIDMAIER (admin) de INASSA  est allé dans HISTORIQUE 
[<b>16/09/2019 10:07:55 am</b>] Sanon WIDMAIER (admin) de INASSA  s'est déconnecté  
[<b>16/09/2019 10:10:07 am</b>] Fabiola FRANCOIS (medecin) de Hopital Espoir  s'est connecté   
[<b>16/09/2019 10:10:08 am</b>] Fabiola FRANCOIS (medecin) de Hopital Espoir est allé dans ACCUEIL 
[<b>16/09/2019 10:10:46 am</b>] Fabiola FRANCOIS (medecin) de Hopital Espoir a recherché le client ODLY ISMAEL 1968-12-05
[<b>16/09/2019 01:52:28 pm</b>] Denold MILSOIT (medecin) de CLINIQULE Dr DENOLD MILSOIT  s'est connecté   
[<b>16/09/2019 01:52:28 pm</b>] Denold MILSOIT (medecin) de CLINIQULE Dr DENOLD MILSOIT est allé dans ACCUEIL 
[<b>16/09/2019 01:53:34 pm</b>] Denold MILSOIT (medecin) de CLINIQULE Dr DENOLD MILSOIT  a recherché   EMMANUEL RENE 1984-11-28 [MM/DD/YYYY]
[<b>16/09/2019 01:54:10 pm</b>] Denold MILSOIT (medecin) de CLINIQULE Dr DENOLD MILSOIT a recherché le client EMMANUEL RENE 1984-12-28
[<b>16/09/2019 02:27:49 pm</b>] Denold MILSOIT (medecin) de CLINIQULE Dr DENOLD MILSOIT  s'est connecté   
[<b>16/09/2019 02:27:49 pm</b>] Denold MILSOIT (medecin) de CLINIQULE Dr DENOLD MILSOIT est allé dans ACCUEIL 
[<b>16/09/2019 02:28:35 pm</b>] Denold MILSOIT (medecin) de CLINIQULE Dr DENOLD MILSOIT a recherché le client EMMANUEL RENE 1984-12-28
[<b>16/09/2019 02:29:13 pm</b>] Denold MILSOIT (medecin) de CLINIQULE Dr DENOLD MILSOIT  est allé dans HISTORIQUE 
[<b>16/09/2019 02:30:00 pm</b>] Denold MILSOIT (medecin) de CLINIQULE Dr DENOLD MILSOIT est allé dans ACCUEIL 
[<b>16/09/2019 02:30:42 pm</b>] Denold MILSOIT (medecin) de CLINIQULE Dr DENOLD MILSOIT a recherché le client EMMANUEL RENE 1984-12-28
[<b>16/09/2019 02:32:14 pm</b>] Denold MILSOIT (medecin) de CLINIQULE Dr DENOLD MILSOIT est allé dans ACCUEIL 
[<b>16/09/2019 02:33:02 pm</b>] Denold MILSOIT (medecin) de CLINIQULE Dr DENOLD MILSOIT a recherché le client EMMANUEL RENE 1984-12-28
