[<b>02/07/2019 01:04:55 am</b>] Wilkendhie JOSEPH (medecin) de Hopital du Canape Vert  s'est connecté   
[<b>02/07/2019 01:04:55 am</b>] Wilkendhie JOSEPH (medecin) de Hopital du Canape Vert est allé dans ACCUEIL 
[<b>02/07/2019 01:05:55 am</b>] Wilkendhie JOSEPH (medecin) de Hopital du Canape Vert  a recherché   KIMBERLY DEUS 1992-09-29 [MM/DD/YYYY]
[<b>02/07/2019 01:06:05 am</b>] Wilkendhie JOSEPH (medecin) de Hopital du Canape Vert  a recherché   KIMBERLY DEUS 1992-09-29 [MM/DD/YYYY]
[<b>02/07/2019 01:06:32 am</b>] Wilkendhie JOSEPH (medecin) de Hopital du Canape Vert  a recherché   KIMBERLY DEUS  [MM/DD/YYYY]
[<b>02/07/2019 01:06:48 am</b>] Wilkendhie JOSEPH (medecin) de Hopital du Canape Vert  a recherché   PAUL DEUS  [MM/DD/YYYY]
[<b>02/07/2019 01:07:16 am</b>] Wilkendhie JOSEPH (medecin) de Hopital du Canape Vert a recherché le client PAUL DEUS 1970-10-04
[<b>02/07/2019 01:07:56 am</b>] Wilkendhie JOSEPH (medecin) de Hopital du Canape Vert est allé dans ACCUEIL 
[<b>02/07/2019 01:12:51 am</b>] Wilkendhie JOSEPH (medecin) de Hopital du Canape Vert  a recherché   DEUS KIMBERLY  [MM/DD/YYYY]
[<b>02/07/2019 01:13:15 am</b>] Wilkendhie JOSEPH (medecin) de Hopital du Canape Vert  a recherché   KIMBERLY DEUS  [MM/DD/YYYY]
[<b>02/07/2019 01:14:12 am</b>] Wilkendhie JOSEPH (medecin) de Hopital du Canape Vert  a recherché   PAUL DEUS  [MM/DD/YYYY]
[<b>02/07/2019 01:14:30 am</b>] Wilkendhie JOSEPH (medecin) de Hopital du Canape Vert a recherché le client PAUL DEUS 1970-10-04
[<b>02/07/2019 10:25:40 am</b>] Woosbenley FAUSTIN (medecin) de Clinique Dr Faustin Woosbenley   s'est connecté   
[<b>02/07/2019 10:25:40 am</b>] Woosbenley FAUSTIN (medecin) de Clinique Dr Faustin Woosbenley  est allé dans ACCUEIL 
[<b>02/07/2019 10:26:38 am</b>] Woosbenley FAUSTIN (medecin) de Clinique Dr Faustin Woosbenley  a recherché le client REYNALD JEAN 1973-06-10
[<b>02/07/2019 10:33:37 am</b>] Anick DUPUY (admin) de INASSA  s'est connecté   
[<b>02/07/2019 10:33:37 am</b>] Anick DUPUY (admin) de INASSA  s'est connecté   
[<b>02/07/2019 10:33:38 am</b>] Anick DUPUY (admin) de INASSA est allé dans ACCUEIL 
[<b>02/07/2019 10:34:28 am</b>] Anick DUPUY (admin) de INASSA est allé dans ACCUEIL 
[<b>02/07/2019 11:13:40 am</b>] Natalie SYLVESTRE (medecin) de Hopital Espoir  s'est connecté   
[<b>02/07/2019 11:13:40 am</b>] Natalie SYLVESTRE (medecin) de Hopital Espoir est allé dans ACCUEIL 
[<b>02/07/2019 11:14:56 am</b>] Natalie SYLVESTRE (medecin) de Hopital Espoir  a recherché   justin olondieu 1977-10-07 [MM/DD/YYYY]
[<b>02/07/2019 11:15:51 am</b>] Natalie SYLVESTRE (medecin) de Hopital Espoir a recherché le client OLONDIEU JUSTIN 1977-10-07
[<b>02/07/2019 11:16:54 am</b>] Natalie SYLVESTRE (medecin) de Hopital Espoir est allé dans ACCUEIL 
[<b>02/07/2019 11:17:55 am</b>] Natalie SYLVESTRE (medecin) de Hopital Espoir  a recherché   patrice justin 2017-04-11 [MM/DD/YYYY]
[<b>02/07/2019 11:18:15 am</b>] Natalie SYLVESTRE (medecin) de Hopital Espoir  a recherché   justin patrice 2017-04-11 [MM/DD/YYYY]
[<b>02/07/2019 11:18:57 am</b>] Natalie SYLVESTRE (medecin) de Hopital Espoir a recherché le client PATRICE IBERT JUSTIN 2018-12-09
[<b>02/07/2019 01:55:22 pm</b>] Denold MILSOIT (medecin) de CLINIQULE Dr DENOLD MILSOIT  s'est connecté   
[<b>02/07/2019 01:55:22 pm</b>] Denold MILSOIT (medecin) de CLINIQULE Dr DENOLD MILSOIT est allé dans ACCUEIL 
[<b>02/07/2019 01:56:14 pm</b>] Denold MILSOIT (medecin) de CLINIQULE Dr DENOLD MILSOIT  a recherché   FRANCILIENNE ANTOINE 1978-08-25 [MM/DD/YYYY]
[<b>02/07/2019 01:56:30 pm</b>] Denold MILSOIT (medecin) de CLINIQULE Dr DENOLD MILSOIT a recherché le client FRANCILIENNE ANTOINE 1977-08-25
[<b>02/07/2019 01:56:30 pm</b>] Denold MILSOIT (medecin) de CLINIQULE Dr DENOLD MILSOIT a recherché le client FRANCILIENNE ANTOINE 1977-08-25
