[<b>17/12/2019 08:30:51 am</b>] Rood-Jerry GEFFRARD (medecin) de Hopital Adventiste Diquini  s'est connecté   
[<b>17/12/2019 08:30:52 am</b>] Rood-Jerry GEFFRARD (medecin) de Hopital Adventiste Diquini est allé dans ACCUEIL 
[<b>17/12/2019 08:32:04 am</b>] Rood-Jerry GEFFRARD (medecin) de Hopital Adventiste Diquini a recherché le client FéDANISE THéODORE 1986-08-03
[<b>17/12/2019 09:10:12 am</b>] Rood-Jerry GEFFRARD (medecin) de Hopital Adventiste Diquini  s'est connecté   
[<b>17/12/2019 09:10:13 am</b>] Rood-Jerry GEFFRARD (medecin) de Hopital Adventiste Diquini est allé dans ACCUEIL 
[<b>17/12/2019 09:10:57 am</b>] Rood-Jerry GEFFRARD (medecin) de Hopital Adventiste Diquini a recherché le client PEETERSON ALPHONSE 1977-12-20
[<b>17/12/2019 09:10:57 am</b>] Rood-Jerry GEFFRARD (medecin) de Hopital Adventiste Diquini a recherché le client PEETERSON ALPHONSE 1977-12-20
[<b>17/12/2019 09:22:41 am</b>] Rood-Jerry GEFFRARD (medecin) de Hopital Adventiste Diquini  s'est connecté   
[<b>17/12/2019 09:22:42 am</b>] Rood-Jerry GEFFRARD (medecin) de Hopital Adventiste Diquini est allé dans ACCUEIL 
[<b>17/12/2019 09:23:21 am</b>] Rood-Jerry GEFFRARD (medecin) de Hopital Adventiste Diquini  a recherché   Peeterson Alphonse 1977-12-12 [MM/DD/YYYY]
[<b>17/12/2019 09:23:37 am</b>] Rood-Jerry GEFFRARD (medecin) de Hopital Adventiste Diquini a recherché le client PEETERSON ALPHONSE 1977-12-20
[<b>17/12/2019 09:23:37 am</b>] Rood-Jerry GEFFRARD (medecin) de Hopital Adventiste Diquini a recherché le client PEETERSON ALPHONSE 1977-12-20
[<b>17/12/2019 11:10:37 am</b>] Sanon WIDMAIER (admin) de INASSA  s'est connecté   
[<b>17/12/2019 11:10:37 am</b>] Sanon WIDMAIER (admin) de INASSA est allé dans ACCUEIL 
[<b>17/12/2019 11:10:43 am</b>] Sanon WIDMAIER (admin) de INASSA  est allé dans PARAMETRES  
[<b>17/12/2019 11:11:37 am</b>] Sanon WIDMAIER (admin) de INASSA  a réinitialisé le compte de l'utilisateur  Marie Irlette PARENT
[<b>17/12/2019 11:22:50 am</b>] Marie Irlette PARENT (medecin) de Clinique Marie I Parent  s'est connecté   
[<b>17/12/2019 11:22:50 am</b>] Marie Irlette PARENT (medecin) de Clinique Marie I Parent est allé dans ACCUEIL 
[<b>17/12/2019 11:25:11 am</b>] Marie Irlette PARENT (medecin) de Clinique Marie I Parent  a changé son mot de passe  
[<b>17/12/2019 11:25:11 am</b>] Marie Irlette PARENT (medecin) de Clinique Marie I Parent est allé dans ACCUEIL 
[<b>17/12/2019 11:27:36 am</b>] Marie Irlette PARENT (medecin) de Clinique Marie I Parent  a recherché   Ketura Lornisca  [MM/DD/YYYY]
[<b>17/12/2019 11:28:29 am</b>] Marie Irlette PARENT (medecin) de Clinique Marie I Parent  a recherché   Ketura Lornisca  [MM/DD/YYYY]
[<b>17/12/2019 11:32:09 am</b>] Marie Irlette PARENT (medecin) de Clinique Marie I Parent  a recherché   Marie Kristel camberland  [MM/DD/YYYY]
[<b>17/12/2019 11:33:41 am</b>] Marie Irlette PARENT (medecin) de Clinique Marie I Parent  a recherché   Marie Kristel camberlaud 1989-12-02 [MM/DD/YYYY]
[<b>17/12/2019 11:35:01 am</b>] Marie Irlette PARENT (medecin) de Clinique Marie I Parent  a recherché   Marie Kristel Camberland 2017-11-12 [MM/DD/YYYY]
[<b>17/12/2019 11:35:12 am</b>] Marie Irlette PARENT (medecin) de Clinique Marie I Parent  a recherché   Marie Kristel camberlaud 1989-12-02 [MM/DD/YYYY]
[<b>17/12/2019 11:35:40 am</b>] Marie Irlette PARENT (medecin) de Clinique Marie I Parent  a recherché   Marie Kristel camberland  [MM/DD/YYYY]
[<b>17/12/2019 11:35:45 am</b>] Marie Irlette PARENT (medecin) de Clinique Marie I Parent  a recherché   Ketura Lornisca  [MM/DD/YYYY]
[<b>17/12/2019 11:35:45 am</b>] Marie Irlette PARENT (medecin) de Clinique Marie I Parent est allé dans ACCUEIL 
[<b>17/12/2019 11:35:48 am</b>] Marie Irlette PARENT (medecin) de Clinique Marie I Parent  a recherché   Ketura Lornisca  [MM/DD/YYYY]
[<b>17/12/2019 12:06:30 pm</b>] Marie Irlette PARENT (medecin) de Clinique Marie I Parent  s'est connecté   
[<b>17/12/2019 12:06:30 pm</b>] Marie Irlette PARENT (medecin) de Clinique Marie I Parent est allé dans ACCUEIL 
[<b>17/12/2019 12:08:52 pm</b>] Marie Irlette PARENT (medecin) de Clinique Marie I Parent a recherché le client ALDAGO DORISCA 1980-10-30
[<b>17/12/2019 12:11:18 pm</b>] Marie Irlette PARENT (medecin) de Clinique Marie I Parent a recherché le client ALDAGO DORISCA 1980-10-30
[<b>17/12/2019 01:05:43 pm</b>] Rood-Jerry GEFFRARD (medecin) de Hopital Adventiste Diquini  s'est connecté   
[<b>17/12/2019 01:05:44 pm</b>] Rood-Jerry GEFFRARD (medecin) de Hopital Adventiste Diquini est allé dans ACCUEIL 
[<b>17/12/2019 01:06:40 pm</b>] Rood-Jerry GEFFRARD (medecin) de Hopital Adventiste Diquini  a recherché   Anna Marley Johlie Jean 2019-02-02 [MM/DD/YYYY]
