[<b>03/07/2019 09:41:56 am</b>] Wilkendhie JOSEPH (medecin) de Hopital du Canape Vert  s'est connecté   
[<b>03/07/2019 09:41:56 am</b>] Wilkendhie JOSEPH (medecin) de Hopital du Canape Vert est allé dans ACCUEIL 
[<b>03/07/2019 09:42:47 am</b>] Wilkendhie JOSEPH (medecin) de Hopital du Canape Vert  a recherché   MORLAND DIEUPHEL 1957-02-15 [MM/DD/YYYY]
[<b>03/07/2019 09:43:14 am</b>] Wilkendhie JOSEPH (medecin) de Hopital du Canape Vert  a recherché     1957-02-15 [MM/DD/YYYY]
[<b>03/07/2019 09:44:15 am</b>] Wilkendhie JOSEPH (medecin) de Hopital du Canape Vert  a recherché   MORLAND DIEUPHEL 1957-02-15 [MM/DD/YYYY]
[<b>03/07/2019 10:24:17 am</b>] Wilkendhie JOSEPH (medecin) de Hopital du Canape Vert  s'est connecté   
[<b>03/07/2019 10:24:18 am</b>] Wilkendhie JOSEPH (medecin) de Hopital du Canape Vert est allé dans ACCUEIL 
[<b>03/07/2019 10:24:57 am</b>] Anick DUPUY (admin) de INASSA  s'est connecté   
[<b>03/07/2019 10:24:57 am</b>] Anick DUPUY (admin) de INASSA est allé dans ACCUEIL 
[<b>03/07/2019 10:25:22 am</b>] Anick DUPUY (admin) de INASSA a recherché le client PATRICE IBERT JUSTIN 2018-12-09
[<b>03/07/2019 10:27:00 am</b>] Anick DUPUY (admin) de INASSA  s'est déconnecté  
[<b>03/07/2019 10:42:56 am</b>] Wilkendhie JOSEPH (medecin) de Hopital du Canape Vert  s'est connecté   
[<b>03/07/2019 10:42:57 am</b>] Wilkendhie JOSEPH (medecin) de Hopital du Canape Vert est allé dans ACCUEIL 
[<b>03/07/2019 10:43:26 am</b>] Wilkendhie JOSEPH (medecin) de Hopital du Canape Vert  a recherché   RALPH RIVETTE  [MM/DD/YYYY]
[<b>03/07/2019 10:59:02 am</b>] Sara SABIN (medecin) de Hopital Espoir  s'est connecté   
[<b>03/07/2019 10:59:02 am</b>] Sara SABIN (medecin) de Hopital Espoir est allé dans ACCUEIL 
[<b>03/07/2019 10:59:37 am</b>] Sara SABIN (medecin) de Hopital Espoir a recherché le client STENIO AMILCAR 1982-09-17
[<b>03/07/2019 10:59:56 am</b>] Sara SABIN (medecin) de Hopital Espoir est allé dans ACCUEIL 
[<b>03/07/2019 01:46:51 pm</b>] Denold MILSOIT (medecin) de CLINIQULE Dr DENOLD MILSOIT  s'est connecté   
[<b>03/07/2019 01:46:52 pm</b>] Denold MILSOIT (medecin) de CLINIQULE Dr DENOLD MILSOIT est allé dans ACCUEIL 
[<b>03/07/2019 01:48:04 pm</b>] Denold MILSOIT (medecin) de CLINIQULE Dr DENOLD MILSOIT a recherché le client WILFRID ILSAINT 1984-03-21
[<b>03/07/2019 06:53:43 pm</b>] Sherlie CALIXTE (medecin) de Hopital Espoir  s'est connecté   
[<b>03/07/2019 06:53:43 pm</b>] Sherlie CALIXTE (medecin) de Hopital Espoir est allé dans ACCUEIL 
[<b>03/07/2019 06:54:30 pm</b>] Sherlie CALIXTE (medecin) de Hopital Espoir  a recherché   wilfrid dorestant 1971-10-20 [MM/DD/YYYY]
[<b>03/07/2019 06:55:44 pm</b>] Sherlie CALIXTE (medecin) de Hopital Espoir  a recherché   wilfrid dorestant 1971-05-13 [MM/DD/YYYY]
[<b>03/07/2019 06:55:49 pm</b>] Sherlie CALIXTE (medecin) de Hopital Espoir  a recherché   wilfrid dorestant 1971-05-13 [MM/DD/YYYY]
[<b>03/07/2019 06:56:55 pm</b>] Sherlie CALIXTE (medecin) de Hopital Espoir a recherché le client WILFRID DORESTAN 1971-05-13
[<b>03/07/2019 06:56:56 pm</b>] Sherlie CALIXTE (medecin) de Hopital Espoir a recherché le client WILFRID DORESTAN 1971-05-13
[<b>03/07/2019 07:00:46 pm</b>] Sherlie CALIXTE (medecin) de Hopital Espoir a recherché le client CARLINE L. DORESTAN 1971-10-20
[<b>03/07/2019 07:00:46 pm</b>] Sherlie CALIXTE (medecin) de Hopital Espoir a recherché le client CARLINE L. DORESTAN 1971-10-20
[<b>03/07/2019 07:00:46 pm</b>] Sherlie CALIXTE (medecin) de Hopital Espoir a recherché le client CARLINE L. DORESTAN 1971-10-20
[<b>03/07/2019 07:02:22 pm</b>] Sherlie CALIXTE (medecin) de Hopital Espoir est allé dans ACCUEIL 
[<b>03/07/2019 11:21:07 pm</b>] Sherlie CALIXTE (medecin) de Hopital Espoir  s'est connecté   
[<b>03/07/2019 11:21:07 pm</b>] Sherlie CALIXTE (medecin) de Hopital Espoir est allé dans ACCUEIL 
[<b>03/07/2019 11:22:54 pm</b>] Sherlie CALIXTE (medecin) de Hopital Espoir a recherché le client VALERY VILSAINT 1987-11-09
[<b>03/07/2019 11:23:30 pm</b>] Sherlie CALIXTE (medecin) de Hopital Espoir est allé dans ACCUEIL 
