[<b>15/06/2019 09:00:44 am</b>] Wilkendhie JOSEPH (medecin) de Hopital du Canape Vert  s'est connecté   
[<b>15/06/2019 09:00:44 am</b>] Wilkendhie JOSEPH (medecin) de Hopital du Canape Vert est allé dans ACCUEIL 
[<b>15/06/2019 09:01:17 am</b>] Wilkendhie JOSEPH (medecin) de Hopital du Canape Vert  a recherché   JACQUES OLIVIER NELSON 2014-09-24 [MM/DD/YYYY]
[<b>15/06/2019 09:02:06 am</b>] Wilkendhie JOSEPH (medecin) de Hopital du Canape Vert  a recherché   OLIVIER NELSON 2014-09-24 [MM/DD/YYYY]
[<b>15/06/2019 09:02:21 am</b>] Wilkendhie JOSEPH (medecin) de Hopital du Canape Vert  a recherché   JACQUES NELSON 2014-09-24 [MM/DD/YYYY]
[<b>15/06/2019 09:04:07 am</b>] Wilkendhie JOSEPH (medecin) de Hopital du Canape Vert  a recherché   OLIVIER JACQUES NELSON 2014-09-24 [MM/DD/YYYY]
[<b>15/06/2019 09:04:10 am</b>] Wilkendhie JOSEPH (medecin) de Hopital du Canape Vert  a recherché   OLIVIER JACQUES NELSON 2014-09-24 [MM/DD/YYYY]
[<b>15/06/2019 09:04:43 am</b>] Wilkendhie JOSEPH (medecin) de Hopital du Canape Vert  a recherché   JACQUES-OLIVIER NELSON 2014-09-24 [MM/DD/YYYY]
[<b>15/06/2019 09:05:04 am</b>] Fabiola FRANCOIS (medecin) de Hopital Espoir  s'est connecté   
[<b>15/06/2019 09:05:04 am</b>] Fabiola FRANCOIS (medecin) de Hopital Espoir est allé dans ACCUEIL 
[<b>15/06/2019 09:05:12 am</b>] Wilkendhie JOSEPH (medecin) de Hopital du Canape Vert  a recherché   JACQUES-OLIVIER NELSON 2014-09-24 [MM/DD/YYYY]
[<b>15/06/2019 09:05:57 am</b>] Wilkendhie JOSEPH (medecin) de Hopital du Canape Vert  a recherché   NELSON JACQUES OLIVIER 2014-09-24 [MM/DD/YYYY]
[<b>15/06/2019 09:06:37 am</b>] Fabiola FRANCOIS (medecin) de Hopital Espoir  a recherché   freddrick henry douyon 1998-01-22 [MM/DD/YYYY]
[<b>15/06/2019 09:06:52 am</b>] Wilkendhie JOSEPH (medecin) de Hopital du Canape Vert  a recherché   OLIVIER NELSON 2014-09-24 [MM/DD/YYYY]
[<b>15/06/2019 09:06:53 am</b>] Fabiola FRANCOIS (medecin) de Hopital Espoir  a recherché   freddrick henry douyon 1998-01-22 [MM/DD/YYYY]
[<b>15/06/2019 09:07:16 am</b>] Wilkendhie JOSEPH (medecin) de Hopital du Canape Vert  a recherché   OLIVIER NELSON JACQUES 2014-09-24 [MM/DD/YYYY]
[<b>15/06/2019 09:07:37 am</b>] Wilkendhie JOSEPH (medecin) de Hopital du Canape Vert  a recherché   OLIVIER-JACQUES NELSON 2014-09-24 [MM/DD/YYYY]
[<b>15/06/2019 09:07:57 am</b>] Fabiola FRANCOIS (medecin) de Hopital Espoir a recherché le client PAUL-HENRY DOUYON 1965-10-05
[<b>15/06/2019 09:07:57 am</b>] Fabiola FRANCOIS (medecin) de Hopital Espoir a recherché le client PAUL-HENRY DOUYON 1965-10-05
[<b>15/06/2019 09:11:33 am</b>] Anick DUPUY (admin) de INASSA  s'est connecté   
[<b>15/06/2019 09:11:33 am</b>] Anick DUPUY (admin) de INASSA est allé dans ACCUEIL 
[<b>15/06/2019 09:12:15 am</b>] Anick DUPUY (admin) de INASSA  a recherché   jacques olivier nelson 2014-09-24 [MM/DD/YYYY]
[<b>15/06/2019 09:12:40 am</b>] Anick DUPUY (admin) de INASSA  a recherché   olivier nelson 2014-09-24 [MM/DD/YYYY]
[<b>15/06/2019 09:12:43 am</b>] Anick DUPUY (admin) de INASSA  a recherché   olivier nelson 2014-09-24 [MM/DD/YYYY]
[<b>15/06/2019 09:12:46 am</b>] Anick DUPUY (admin) de INASSA  a recherché   olivier nelson 2014-09-24 [MM/DD/YYYY]
[<b>15/06/2019 09:12:49 am</b>] Anick DUPUY (admin) de INASSA  a recherché   jacques olivier nelson 2014-09-24 [MM/DD/YYYY]
[<b>15/06/2019 09:12:49 am</b>] Anick DUPUY (admin) de INASSA est allé dans ACCUEIL 
[<b>15/06/2019 09:13:13 am</b>] Anick DUPUY (admin) de INASSA  a recherché   jacques nelson 2014-09-24 [MM/DD/YYYY]
[<b>15/06/2019 09:13:49 am</b>] Anick DUPUY (admin) de INASSA  a recherché   jacques olivier nelson 2014-09-24 [MM/DD/YYYY]
[<b>15/06/2019 09:14:29 am</b>] Anick DUPUY (admin) de INASSA  a recherché   jacques nelson 2014-09-24 [MM/DD/YYYY]
[<b>15/06/2019 09:14:57 am</b>] Anick DUPUY (admin) de INASSA  a recherché   olivier nelson 2014-09-24 [MM/DD/YYYY]
[<b>15/06/2019 09:16:18 am</b>] Anick DUPUY (admin) de INASSA est allé dans ACCUEIL 
[<b>15/06/2019 09:38:18 am</b>] Anick DUPUY (admin) de INASSA  s'est connecté   
[<b>15/06/2019 09:38:18 am</b>] Anick DUPUY (admin) de INASSA est allé dans ACCUEIL 
[<b>15/06/2019 09:38:46 am</b>] Anick DUPUY (admin) de INASSA  a recherché   Olivier Jacques 2014-09-24 [MM/DD/YYYY]
[<b>15/06/2019 09:39:02 am</b>] Anick DUPUY (admin) de INASSA  a recherché   Olivier Nelson 2014-09-24 [MM/DD/YYYY]
[<b>15/06/2019 09:39:15 am</b>] Anick DUPUY (admin) de INASSA  a recherché   Jacques Nelson 2014-09-24 [MM/DD/YYYY]
[<b>15/06/2019 09:39:28 am</b>] Anick DUPUY (admin) de INASSA est allé dans ACCUEIL 
[<b>15/06/2019 09:40:01 am</b>] Anick DUPUY (admin) de INASSA  a recherché   Olivier Nelson 2014-09-24 [MM/DD/YYYY]
[<b>15/06/2019 10:47:36 am</b>] Wilkendhie JOSEPH (medecin) de Hopital du Canape Vert  s'est connecté   
[<b>15/06/2019 10:47:36 am</b>] Wilkendhie JOSEPH (medecin) de Hopital du Canape Vert est allé dans ACCUEIL 
[<b>15/06/2019 01:15:18 pm</b>] Marc-Eric ALTIDOR (admin) de INASSA  s'est connecté   
[<b>15/06/2019 01:15:34 pm</b>] Marc-Eric ALTIDOR (admin) de INASSA  s'est connecté   
[<b>15/06/2019 01:17:25 pm</b>] Marc-Eric ALTIDOR (admin) de INASSA  a recherché   JACQUES OLIVIEE NELSOB 06/15/1975 [MM/DD/YYYY]
[<b>15/06/2019 01:17:44 pm</b>] Marc-Eric ALTIDOR (admin) de INASSA  a recherché   JACQUES OLIVIER NELSON 06/15/1975 [MM/DD/YYYY]
[<b>15/06/2019 01:18:57 pm</b>] Marc-Eric ALTIDOR (admin) de INASSA  a recherché   JACQUES OLIVIER NELSON 06/15/1975 [MM/DD/YYYY]
[<b>15/06/2019 01:19:15 pm</b>] Marc-Eric ALTIDOR (admin) de INASSA  a recherché   JACQUES OLIVIER NELSON 06/17/1975 [MM/DD/YYYY]
