[<b>06/08/2019 09:09:34 am</b>]   () de   s'est déconnecté  
[<b>06/08/2019 11:42:46 am</b>] Marc-Eric ALTIDOR (admin) de INASSA  s'est connecté   
[<b>06/08/2019 11:42:46 am</b>] Marc-Eric ALTIDOR (admin) de INASSA est allé dans ACCUEIL 
[<b>06/08/2019 11:43:51 am</b>] Marc-Eric ALTIDOR (admin) de INASSA est allé dans ACCUEIL 
[<b>06/08/2019 12:55:35 pm</b>] Marc-Eric ALTIDOR (admin) de INASSA  s'est connecté   
[<b>06/08/2019 12:55:35 pm</b>] Marc-Eric ALTIDOR (admin) de INASSA est allé dans ACCUEIL 
[<b>06/08/2019 12:56:15 pm</b>] Marc-Eric ALTIDOR (admin) de INASSA a recherché le client MARC-ERIC ALTIDOR 1975-06-28
[<b>06/08/2019 02:25:44 pm</b>] Rose Christephane BANATTES (medecin) de Hopital Espoir  s'est connecté   
[<b>06/08/2019 02:25:44 pm</b>] Rose Christephane BANATTES (medecin) de Hopital Espoir est allé dans ACCUEIL 
[<b>06/08/2019 02:25:47 pm</b>] Rose Christephane BANATTES (medecin) de Hopital Espoir  s'est connecté   
[<b>06/08/2019 02:26:56 pm</b>] Shana MONOPOL (medecin) de Hopital Espoir  s'est connecté   
[<b>06/08/2019 02:26:57 pm</b>] Shana MONOPOL (medecin) de Hopital Espoir est allé dans ACCUEIL 
[<b>06/08/2019 02:54:56 pm</b>] Shana MONOPOL (medecin) de Hopital Espoir  s'est connecté   
[<b>06/08/2019 02:54:57 pm</b>] Shana MONOPOL (medecin) de Hopital Espoir est allé dans ACCUEIL 
[<b>06/08/2019 02:55:27 pm</b>] Shana MONOPOL (medecin) de Hopital Espoir  a recherché   neiti eurecka marelus 2009-03-03 [MM/DD/YYYY]
[<b>06/08/2019 02:55:41 pm</b>] Shana MONOPOL (medecin) de Hopital Espoir  a recherché   neiti eurecka merelus 2009-03-03 [MM/DD/YYYY]
[<b>06/08/2019 02:56:04 pm</b>] Shana MONOPOL (medecin) de Hopital Espoir  a recherché   neithy merelus 2009-03-03 [MM/DD/YYYY]
[<b>06/08/2019 02:56:08 pm</b>] Shana MONOPOL (medecin) de Hopital Espoir  a recherché   neithy merelus 2009-03-03 [MM/DD/YYYY]
[<b>06/08/2019 02:56:25 pm</b>] Shana MONOPOL (medecin) de Hopital Espoir  a recherché   neithy eureka merelus 2009-03-03 [MM/DD/YYYY]
[<b>06/08/2019 02:56:34 pm</b>] Shana MONOPOL (medecin) de Hopital Espoir est allé dans ACCUEIL 
[<b>06/08/2019 02:57:24 pm</b>] Shana MONOPOL (medecin) de Hopital Espoir  a recherché   neïthy eureka merelus 2009-03-03 [MM/DD/YYYY]
[<b>06/08/2019 02:58:11 pm</b>] Shana MONOPOL (medecin) de Hopital Espoir a recherché le client RICKY MERELUS 1985-01-19
[<b>06/08/2019 03:04:01 pm</b>] Shana MONOPOL (medecin) de Hopital Espoir  s'est connecté   
[<b>06/08/2019 03:04:02 pm</b>] Shana MONOPOL (medecin) de Hopital Espoir est allé dans ACCUEIL 
[<b>06/08/2019 03:04:34 pm</b>] Shana MONOPOL (medecin) de Hopital Espoir a recherché le client NETHY EUREKA MERELUS 2009-03-03
[<b>06/08/2019 03:05:09 pm</b>] Shana MONOPOL (medecin) de Hopital Espoir est allé dans ACCUEIL 
[<b>06/08/2019 03:26:38 pm</b>] Natalie SYLVESTRE (medecin) de Hopital Espoir  s'est connecté   
[<b>06/08/2019 03:26:39 pm</b>] Natalie SYLVESTRE (medecin) de Hopital Espoir est allé dans ACCUEIL 
[<b>06/08/2019 03:27:25 pm</b>] Natalie SYLVESTRE (medecin) de Hopital Espoir a recherché le client ELECTA RAYMOND 1994-01-16
[<b>06/08/2019 03:28:02 pm</b>] Natalie SYLVESTRE (medecin) de Hopital Espoir  s'est déconnecté  
