[<b>14/06/2019 12:20:07 pm</b>] Marly Joelle HILAIRE (medecin) de Clinique Dr Hilaire  s'est connecté   
[<b>14/06/2019 12:20:09 pm</b>] Marly Joelle HILAIRE (medecin) de Clinique Dr Hilaire est allé dans ACCUEIL 
[<b>14/06/2019 12:21:27 pm</b>] Marly Joelle HILAIRE (medecin) de Clinique Dr Hilaire  a recherché   Nicolas Fabiola tracy desire 1987-03-29 [MM/DD/YYYY]
[<b>14/06/2019 12:22:04 pm</b>] Marly Joelle HILAIRE (medecin) de Clinique Dr Hilaire a recherché le client FABIOLA TRACY NICOLAS 1987-03-29
[<b>14/06/2019 12:24:21 pm</b>] Marly Joelle HILAIRE (medecin) de Clinique Dr Hilaire a recherché le client FABIOLA TRACY NICOLAS 1987-03-29
[<b>14/06/2019 12:24:26 pm</b>] Marly Joelle HILAIRE (medecin) de Clinique Dr Hilaire a recherché le client FABIOLA TRACY NICOLAS 1987-03-29
[<b>14/06/2019 12:24:30 pm</b>] Marly Joelle HILAIRE (medecin) de Clinique Dr Hilaire a recherché le client FABIOLA TRACY NICOLAS 1987-03-29
[<b>14/06/2019 12:24:34 pm</b>] Marly Joelle HILAIRE (medecin) de Clinique Dr Hilaire a recherché le client FABIOLA TRACY NICOLAS 1987-03-29
[<b>14/06/2019 01:03:15 pm</b>] Marly Joelle HILAIRE (medecin) de Clinique Dr Hilaire  s'est connecté   
[<b>14/06/2019 01:03:22 pm</b>] Marly Joelle HILAIRE (medecin) de Clinique Dr Hilaire est allé dans ACCUEIL 
[<b>14/06/2019 01:04:40 pm</b>] Marly Joelle HILAIRE (medecin) de Clinique Dr Hilaire a recherché le client FABIOLA TRACY NICOLAS 1987-03-29
[<b>14/06/2019 01:35:38 pm</b>] Wilkendhie JOSEPH (medecin) de Hopital du Canape Vert  s'est connecté   
[<b>14/06/2019 01:35:38 pm</b>] Wilkendhie JOSEPH (medecin) de Hopital du Canape Vert est allé dans ACCUEIL 
[<b>14/06/2019 01:46:30 pm</b>] Wilkendhie JOSEPH (medecin) de Hopital du Canape Vert  s'est connecté   
[<b>14/06/2019 01:46:30 pm</b>] Wilkendhie JOSEPH (medecin) de Hopital du Canape Vert est allé dans ACCUEIL 
[<b>14/06/2019 01:47:08 pm</b>] Wilkendhie JOSEPH (medecin) de Hopital du Canape Vert a recherché le client PATRICIA RAMEAU 1978-03-17
[<b>14/06/2019 01:47:24 pm</b>] Wilkendhie JOSEPH (medecin) de Hopital du Canape Vert est allé dans ACCUEIL 
[<b>14/06/2019 05:09:31 pm</b>] Wilkendhie JOSEPH (medecin) de Hopital du Canape Vert  s'est connecté   
[<b>14/06/2019 05:09:31 pm</b>] Wilkendhie JOSEPH (medecin) de Hopital du Canape Vert est allé dans ACCUEIL 
[<b>14/06/2019 05:10:33 pm</b>] Wilkendhie JOSEPH (medecin) de Hopital du Canape Vert a recherché le client JACQUES PREVOT 1963-05-24
[<b>14/06/2019 05:10:33 pm</b>] Wilkendhie JOSEPH (medecin) de Hopital du Canape Vert a recherché le client JACQUES PREVOT 1963-05-24
[<b>14/06/2019 05:12:32 pm</b>] Wilkendhie JOSEPH (medecin) de Hopital du Canape Vert est allé dans ACCUEIL 
[<b>14/06/2019 05:12:39 pm</b>] Wilkendhie JOSEPH (medecin) de Hopital du Canape Vert est allé dans ACCUEIL 
[<b>14/06/2019 09:29:36 pm</b>] Wilkendhie JOSEPH (medecin) de Hopital du Canape Vert  s'est connecté   
[<b>14/06/2019 09:29:37 pm</b>] Wilkendhie JOSEPH (medecin) de Hopital du Canape Vert est allé dans ACCUEIL 
[<b>14/06/2019 09:30:23 pm</b>] Wilkendhie JOSEPH (medecin) de Hopital du Canape Vert  a recherché   JACQUES OLIVIER NELSON 2014-09-24 [MM/DD/YYYY]
[<b>14/06/2019 09:30:42 pm</b>] Wilkendhie JOSEPH (medecin) de Hopital du Canape Vert  a recherché   JACQUES OLIVIER NELSON 2014-08-24 [MM/DD/YYYY]
[<b>14/06/2019 09:30:49 pm</b>] Wilkendhie JOSEPH (medecin) de Hopital du Canape Vert  a recherché   JACQUES OLIVIER NELSON 2014-08-24 [MM/DD/YYYY]
[<b>14/06/2019 09:31:10 pm</b>] Wilkendhie JOSEPH (medecin) de Hopital du Canape Vert  a recherché   NELSON JACQUES OLIVIER 2014-08-24 [MM/DD/YYYY]
[<b>14/06/2019 09:31:30 pm</b>] Wilkendhie JOSEPH (medecin) de Hopital du Canape Vert  a recherché   NELSON JACQUES 2014-08-24 [MM/DD/YYYY]
[<b>14/06/2019 09:32:25 pm</b>] Wilkendhie JOSEPH (medecin) de Hopital du Canape Vert  a recherché   JACQUES NELSON 2014-09-24 [MM/DD/YYYY]
[<b>14/06/2019 09:32:41 pm</b>] Wilkendhie JOSEPH (medecin) de Hopital du Canape Vert  a recherché   JACQUES OLIVIER NELSON 2014-09-24 [MM/DD/YYYY]
[<b>14/06/2019 09:33:15 pm</b>] Wilkendhie JOSEPH (medecin) de Hopital du Canape Vert  a recherché   NELSON JACQUES OLIVIER 2014-09-24 [MM/DD/YYYY]
[<b>14/06/2019 09:33:55 pm</b>] Wilkendhie JOSEPH (medecin) de Hopital du Canape Vert  s'est connecté   
[<b>14/06/2019 09:33:55 pm</b>] Wilkendhie JOSEPH (medecin) de Hopital du Canape Vert est allé dans ACCUEIL 
[<b>14/06/2019 09:34:49 pm</b>] Wilkendhie JOSEPH (medecin) de Hopital du Canape Vert a recherché le client MARTINE CHARLES 1972-10-30
[<b>14/06/2019 09:35:54 pm</b>] Wilkendhie JOSEPH (medecin) de Hopital du Canape Vert  s'est connecté   
[<b>14/06/2019 09:35:55 pm</b>] Wilkendhie JOSEPH (medecin) de Hopital du Canape Vert est allé dans ACCUEIL 
[<b>14/06/2019 09:36:33 pm</b>] Wilkendhie JOSEPH (medecin) de Hopital du Canape Vert  a recherché   JACQUES OLIVIER NELSON 2014-09-24 [MM/DD/YYYY]
[<b>14/06/2019 09:37:01 pm</b>] Wilkendhie JOSEPH (medecin) de Hopital du Canape Vert  a recherché   NELSON JACQUES OLIVIER 2014-09-24 [MM/DD/YYYY]
[<b>14/06/2019 09:37:41 pm</b>] Wilkendhie JOSEPH (medecin) de Hopital du Canape Vert  a recherché   OLIVIER NELSON 2014-09-24 [MM/DD/YYYY]
[<b>14/06/2019 09:37:56 pm</b>] Wilkendhie JOSEPH (medecin) de Hopital du Canape Vert  a recherché   JACQUES NELSON 2014-09-24 [MM/DD/YYYY]
[<b>14/06/2019 09:40:04 pm</b>] Wilkendhie JOSEPH (medecin) de Hopital du Canape Vert  s'est connecté   
[<b>14/06/2019 09:40:04 pm</b>] Wilkendhie JOSEPH (medecin) de Hopital du Canape Vert est allé dans ACCUEIL 
[<b>14/06/2019 09:40:46 pm</b>] Wilkendhie JOSEPH (medecin) de Hopital du Canape Vert  a recherché   JACQUES OLIVIER NELSON 2014-09-24 [MM/DD/YYYY]
[<b>14/06/2019 09:41:41 pm</b>] Wilkendhie JOSEPH (medecin) de Hopital du Canape Vert  a recherché   MARTINE CHARLES 1972-10-29 [MM/DD/YYYY]
[<b>14/06/2019 09:41:53 pm</b>] Wilkendhie JOSEPH (medecin) de Hopital du Canape Vert a recherché le client MARTINE CHARLES 1972-10-30
[<b>14/06/2019 09:55:04 pm</b>] Wilkendhie JOSEPH (medecin) de Hopital du Canape Vert  s'est connecté   
[<b>14/06/2019 09:55:04 pm</b>] Wilkendhie JOSEPH (medecin) de Hopital du Canape Vert est allé dans ACCUEIL 
[<b>14/06/2019 09:55:29 pm</b>] Wilkendhie JOSEPH (medecin) de Hopital du Canape Vert  a recherché   JACQUES OLIVIER NELSON 2014-09-24 [MM/DD/YYYY]
[<b>14/06/2019 09:55:50 pm</b>] Wilkendhie JOSEPH (medecin) de Hopital du Canape Vert  a recherché   JACQUES -OLIVIER NELSON 2014-09-24 [MM/DD/YYYY]
[<b>14/06/2019 09:56:54 pm</b>] Wilkendhie JOSEPH (medecin) de Hopital du Canape Vert  a recherché   NELSON JACQUE - OLIVIER 2014-09-24 [MM/DD/YYYY]
[<b>14/06/2019 09:57:33 pm</b>] Wilkendhie JOSEPH (medecin) de Hopital du Canape Vert  a recherché   JACQUES-OLIVIER NELSON 2014-09-24 [MM/DD/YYYY]
[<b>14/06/2019 10:04:07 pm</b>] Wilkendhie JOSEPH (medecin) de Hopital du Canape Vert  s'est connecté   
[<b>14/06/2019 10:04:07 pm</b>] Wilkendhie JOSEPH (medecin) de Hopital du Canape Vert est allé dans ACCUEIL 
[<b>14/06/2019 10:04:41 pm</b>] Wilkendhie JOSEPH (medecin) de Hopital du Canape Vert a recherché le client GESNEL VITAL 1988-05-10
[<b>14/06/2019 10:06:40 pm</b>] Wilkendhie JOSEPH (medecin) de Hopital du Canape Vert  a recherché   DELERME MARIE FARA 1984-08-15 [MM/DD/YYYY]
[<b>14/06/2019 10:07:12 pm</b>] Wilkendhie JOSEPH (medecin) de Hopital du Canape Vert a recherché le client MARIE FARA DELERME 1984-08-15
[<b>14/06/2019 10:07:16 pm</b>] Wilkendhie JOSEPH (medecin) de Hopital du Canape Vert a recherché le client MARIE FARA DELERME 1984-08-15
[<b>14/06/2019 10:11:53 pm</b>] Wilkendhie JOSEPH (medecin) de Hopital du Canape Vert  s'est connecté   
[<b>14/06/2019 10:11:53 pm</b>] Wilkendhie JOSEPH (medecin) de Hopital du Canape Vert est allé dans ACCUEIL 
[<b>14/06/2019 10:12:35 pm</b>] Wilkendhie JOSEPH (medecin) de Hopital du Canape Vert  a recherché   JACQUES OLIVIER NELSON 2014-09-24 [MM/DD/YYYY]
[<b>14/06/2019 10:12:54 pm</b>] Wilkendhie JOSEPH (medecin) de Hopital du Canape Vert  a recherché   JACQUES NELSON 2014-09-24 [MM/DD/YYYY]
[<b>14/06/2019 10:13:08 pm</b>] Wilkendhie JOSEPH (medecin) de Hopital du Canape Vert  a recherché   OLIVIER NELSON 2014-09-24 [MM/DD/YYYY]
[<b>14/06/2019 10:13:29 pm</b>] Wilkendhie JOSEPH (medecin) de Hopital du Canape Vert  a recherché   NELSON JACQUES 2014-09-24 [MM/DD/YYYY]
[<b>14/06/2019 10:13:40 pm</b>] Wilkendhie JOSEPH (medecin) de Hopital du Canape Vert  a recherché   NELSON OLIVIER JACQUES 2014-09-24 [MM/DD/YYYY]
[<b>14/06/2019 10:14:05 pm</b>] Wilkendhie JOSEPH (medecin) de Hopital du Canape Vert  a recherché   NELSON JACQUES OLIVIER 2014-09-24 [MM/DD/YYYY]
[<b>14/06/2019 10:14:26 pm</b>] Wilkendhie JOSEPH (medecin) de Hopital du Canape Vert  a recherché   NELSON  JACQUES OLIVIER 2014-09-24 [MM/DD/YYYY]
