[<b>14/05/2019 11:51:00 am</b>] Marlie TONICO (medecin) de Hopital Espoir  s'est connecté   
[<b>14/05/2019 11:51:00 am</b>] Marlie TONICO (medecin) de Hopital Espoir est allé dans ACCUEIL 
[<b>14/05/2019 11:52:08 am</b>] Marlie TONICO (medecin) de Hopital Espoir a recherché le client GUITEAU SEIDE 1985-10-06
[<b>14/05/2019 04:06:19 pm</b>] Marlie TONICO (medecin) de Hopital Espoir  s'est connecté   
[<b>14/05/2019 04:06:19 pm</b>] Marlie TONICO (medecin) de Hopital Espoir est allé dans ACCUEIL 
[<b>14/05/2019 04:08:44 pm</b>] Marlie TONICO (medecin) de Hopital Espoir  a recherché   Merceide Antoine 03/08/1985 [MM/DD/YYYY]
[<b>14/05/2019 04:09:45 pm</b>] Marlie TONICO (medecin) de Hopital Espoir  a recherché   Merceide Antoine 03/08/1985 [MM/DD/YYYY]
[<b>14/05/2019 04:10:20 pm</b>] Marlie TONICO (medecin) de Hopital Espoir  s'est connecté   
[<b>14/05/2019 04:10:20 pm</b>] Marlie TONICO (medecin) de Hopital Espoir est allé dans ACCUEIL 
[<b>14/05/2019 04:12:43 pm</b>] Marlie TONICO (medecin) de Hopital Espoir  a recherché   Merceide Antoine 03/08/1985 [MM/DD/YYYY]
[<b>14/05/2019 04:13:26 pm</b>] Marlie TONICO (medecin) de Hopital Espoir  a recherché   Merceide Antoine 03/08/1985 [MM/DD/YYYY]
[<b>14/05/2019 04:16:02 pm</b>] Marlie TONICO (medecin) de Hopital Espoir  a recherché   Merceide Antoine 03/08/1985 [MM/DD/YYYY]
[<b>14/05/2019 04:18:21 pm</b>] Marlie TONICO (medecin) de Hopital Espoir  a recherché   Merceide Antoine 03/08/1985 [MM/DD/YYYY]
[<b>14/05/2019 04:18:42 pm</b>] Marlie TONICO (medecin) de Hopital Espoir  s'est connecté   
[<b>14/05/2019 04:18:43 pm</b>] Marlie TONICO (medecin) de Hopital Espoir est allé dans ACCUEIL 
[<b>14/05/2019 04:19:49 pm</b>] Marlie TONICO (medecin) de Hopital Espoir a recherché le client MERCEIDE ANTOINE 1985-08-03
[<b>14/05/2019 10:15:02 pm</b>] Wilkendhie JOSEPH (medecin) de Hopital du Canape Vert  s'est connecté   
[<b>14/05/2019 10:15:03 pm</b>] Wilkendhie JOSEPH (medecin) de Hopital du Canape Vert est allé dans ACCUEIL 
[<b>14/05/2019 10:16:45 pm</b>] Wilkendhie JOSEPH (medecin) de Hopital du Canape Vert  a recherché   PIERRE GACHELER CADET  [MM/DD/YYYY]
[<b>14/05/2019 10:17:44 pm</b>] Wilkendhie JOSEPH (medecin) de Hopital du Canape Vert  a recherché   CADET PIERRE GACHELER 1968-09-29 [MM/DD/YYYY]
[<b>14/05/2019 10:17:54 pm</b>] Wilkendhie JOSEPH (medecin) de Hopital du Canape Vert  a recherché   CADET PIERRE GACHELER 1968-09-29 [MM/DD/YYYY]
[<b>14/05/2019 10:18:32 pm</b>] Wilkendhie JOSEPH (medecin) de Hopital du Canape Vert  a recherché   PIEERE GACHELER CADET 1968-09-29 [MM/DD/YYYY]
[<b>14/05/2019 10:18:44 pm</b>] Wilkendhie JOSEPH (medecin) de Hopital du Canape Vert  a recherché   PIEERE CADET 1968-09-29 [MM/DD/YYYY]
[<b>14/05/2019 10:19:55 pm</b>] Wilkendhie JOSEPH (medecin) de Hopital du Canape Vert a recherché le client PIERRE CADET 1968-09-29
[<b>14/05/2019 10:21:38 pm</b>] Wilkendhie JOSEPH (medecin) de Hopital du Canape Vert a recherché le client MILEY CADET 2010-07-26
[<b>14/05/2019 10:22:11 pm</b>] Wilkendhie JOSEPH (medecin) de Hopital du Canape Vert a recherché le client MILEY CADET 2010-07-26
[<b>14/05/2019 10:22:33 pm</b>] Wilkendhie JOSEPH (medecin) de Hopital du Canape Vert est allé dans ACCUEIL 
