[<b>26/06/2019 03:55:02 am</b>] Wilkendhie JOSEPH (medecin) de Hopital du Canape Vert  s'est connecté   
[<b>26/06/2019 03:55:03 am</b>] Wilkendhie JOSEPH (medecin) de Hopital du Canape Vert est allé dans ACCUEIL 
[<b>26/06/2019 03:55:59 am</b>] Wilkendhie JOSEPH (medecin) de Hopital du Canape Vert  a recherché   LOCHARD SKAINA PIERRE JACQUES  [MM/DD/YYYY]
[<b>26/06/2019 03:56:25 am</b>] Wilkendhie JOSEPH (medecin) de Hopital du Canape Vert  a recherché   LOCHARD SKAINA PIERRE JACQUES 1991-06-11 [MM/DD/YYYY]
[<b>26/06/2019 03:56:59 am</b>] Wilkendhie JOSEPH (medecin) de Hopital du Canape Vert  a recherché   SKAINA LOCHARD 1991-06-11 [MM/DD/YYYY]
[<b>26/06/2019 03:57:16 am</b>] Wilkendhie JOSEPH (medecin) de Hopital du Canape Vert  a recherché   PIERRE JACQUES LOCHARD 1991-06-11 [MM/DD/YYYY]
[<b>26/06/2019 03:58:18 am</b>] Wilkendhie JOSEPH (medecin) de Hopital du Canape Vert  a recherché   SKAINA LOCHARD PIERRE JACQUES 1991-06-11 [MM/DD/YYYY]
[<b>26/06/2019 03:59:11 am</b>] Wilkendhie JOSEPH (medecin) de Hopital du Canape Vert  a recherché   SKAINA PIERRE JACQUES LOCHARD 1991-06-11 [MM/DD/YYYY]
[<b>26/06/2019 04:01:37 am</b>] Wilkendhie JOSEPH (medecin) de Hopital du Canape Vert  a recherché   SKAINA PIERRE JACQUES LOCHARD 1991-06-11 [MM/DD/YYYY]
[<b>26/06/2019 04:02:02 am</b>] Wilkendhie JOSEPH (medecin) de Hopital du Canape Vert  a recherché   SKAINA PIERRE JACQUES LOCHARD 1991-06-11 [MM/DD/YYYY]
[<b>26/06/2019 04:05:08 am</b>] Wilkendhie JOSEPH (medecin) de Hopital du Canape Vert  a recherché   ANDRE CARMEN LOCHARD 1987-06-30 [MM/DD/YYYY]
[<b>26/06/2019 04:05:37 am</b>] Wilkendhie JOSEPH (medecin) de Hopital du Canape Vert  a recherché   ANDRE CARMEN A .A LOCHARD 1987-06-30 [MM/DD/YYYY]
[<b>26/06/2019 04:06:11 am</b>] Wilkendhie JOSEPH (medecin) de Hopital du Canape Vert  a recherché   LOCHARD ANDRE CARMEN AA 1987-06-30 [MM/DD/YYYY]
[<b>26/06/2019 04:06:39 am</b>] Wilkendhie JOSEPH (medecin) de Hopital du Canape Vert  s'est connecté   
[<b>26/06/2019 04:06:40 am</b>] Wilkendhie JOSEPH (medecin) de Hopital du Canape Vert est allé dans ACCUEIL 
[<b>26/06/2019 04:07:27 am</b>] Wilkendhie JOSEPH (medecin) de Hopital du Canape Vert  a recherché   SKAINA LOCHARD PIERRE JACQUES 1991-06-11 [MM/DD/YYYY]
[<b>26/06/2019 04:07:51 am</b>] Wilkendhie JOSEPH (medecin) de Hopital du Canape Vert  a recherché   SKAINA LAUCHARD PIERRE JACQUES 1991-06-11 [MM/DD/YYYY]
[<b>26/06/2019 04:08:15 am</b>] Wilkendhie JOSEPH (medecin) de Hopital du Canape Vert  a recherché   SKAINA LOCHARD PIERRE JACQUES 1991-06-11 [MM/DD/YYYY]
[<b>26/06/2019 04:12:46 am</b>] Wilkendhie JOSEPH (medecin) de Hopital du Canape Vert  s'est connecté   
[<b>26/06/2019 04:12:46 am</b>] Wilkendhie JOSEPH (medecin) de Hopital du Canape Vert est allé dans ACCUEIL 
[<b>26/06/2019 04:13:29 am</b>] Wilkendhie JOSEPH (medecin) de Hopital du Canape Vert  a recherché   PIERRE JACQUES LOCHARD 1991-06-11 [MM/DD/YYYY]
[<b>26/06/2019 04:14:04 am</b>] Wilkendhie JOSEPH (medecin) de Hopital du Canape Vert  a recherché   SKAINA LOCHARD 1991-06-11 [MM/DD/YYYY]
[<b>26/06/2019 04:14:29 am</b>] Wilkendhie JOSEPH (medecin) de Hopital du Canape Vert a recherché le client SKAINA PIERRE JACQUES 1991-06-11
[<b>26/06/2019 04:15:58 am</b>] Wilkendhie JOSEPH (medecin) de Hopital du Canape Vert est allé dans ACCUEIL 
[<b>26/06/2019 12:11:06 pm</b>] Wilkendhie JOSEPH (medecin) de Hopital du Canape Vert  s'est connecté   
[<b>26/06/2019 12:11:06 pm</b>] Wilkendhie JOSEPH (medecin) de Hopital du Canape Vert est allé dans ACCUEIL 
[<b>26/06/2019 12:11:33 pm</b>] Wilkendhie JOSEPH (medecin) de Hopital du Canape Vert  a recherché    CHERVIL  [MM/DD/YYYY]
[<b>26/06/2019 12:12:15 pm</b>] Wilkendhie JOSEPH (medecin) de Hopital du Canape Vert a recherché le client CAMILLE CHERVIL 1984-06-14
[<b>26/06/2019 12:12:59 pm</b>] Wilkendhie JOSEPH (medecin) de Hopital du Canape Vert  s'est connecté   
[<b>26/06/2019 12:12:59 pm</b>] Wilkendhie JOSEPH (medecin) de Hopital du Canape Vert est allé dans ACCUEIL 
[<b>26/06/2019 12:13:29 pm</b>] Wilkendhie JOSEPH (medecin) de Hopital du Canape Vert  a recherché   STANLEY ALMONOR  [MM/DD/YYYY]
[<b>26/06/2019 12:13:59 pm</b>] Wilkendhie JOSEPH (medecin) de Hopital du Canape Vert a recherché le client STANLEY ALMONOR 1981-01-01
[<b>26/06/2019 12:15:06 pm</b>] Wilkendhie JOSEPH (medecin) de Hopital du Canape Vert a recherché le client JOLIENNE FRANçOIS 1986-01-06
[<b>26/06/2019 12:33:14 pm</b>] Wilkendhie JOSEPH (medecin) de Hopital du Canape Vert  s'est connecté   
[<b>26/06/2019 12:33:15 pm</b>] Wilkendhie JOSEPH (medecin) de Hopital du Canape Vert est allé dans ACCUEIL 
[<b>26/06/2019 12:34:02 pm</b>] Wilkendhie JOSEPH (medecin) de Hopital du Canape Vert  a recherché   HIBERT JN LOUIS 1959-08-05 [MM/DD/YYYY]
[<b>26/06/2019 12:34:44 pm</b>] Wilkendhie JOSEPH (medecin) de Hopital du Canape Vert  a recherché   HIBERT JEAN LOUIS 1959-08-05 [MM/DD/YYYY]
[<b>26/06/2019 12:34:58 pm</b>] Wilkendhie JOSEPH (medecin) de Hopital du Canape Vert  a recherché   HIBERT JEAN LOUIS 1959-08-05 [MM/DD/YYYY]
[<b>26/06/2019 12:35:16 pm</b>] Wilkendhie JOSEPH (medecin) de Hopital du Canape Vert  a recherché   HIBERT JN- LOUIS 1959-08-05 [MM/DD/YYYY]
[<b>26/06/2019 12:35:23 pm</b>] Wilkendhie JOSEPH (medecin) de Hopital du Canape Vert  a recherché   HIBERT JN- LOUIS 1959-08-05 [MM/DD/YYYY]
[<b>26/06/2019 12:35:34 pm</b>] Wilkendhie JOSEPH (medecin) de Hopital du Canape Vert  a recherché   HIBERT JN- LOUIS 1959-08-05 [MM/DD/YYYY]
[<b>26/06/2019 12:35:57 pm</b>] Wilkendhie JOSEPH (medecin) de Hopital du Canape Vert  a recherché   HIBERT JN- LOUIS 1969-08-05 [MM/DD/YYYY]
[<b>26/06/2019 12:36:37 pm</b>] Wilkendhie JOSEPH (medecin) de Hopital du Canape Vert  a recherché   HIBERT JN LOUIS 1959-08-05 [MM/DD/YYYY]
