[<b>24/09/2019 10:04:10 am</b>] Sara SABIN (medecin) de Hopital Espoir  s'est connecté   
[<b>24/09/2019 10:04:11 am</b>] Sara SABIN (medecin) de Hopital Espoir est allé dans ACCUEIL 
[<b>24/09/2019 10:04:58 am</b>] Sara SABIN (medecin) de Hopital Espoir a recherché le client REGINALD SILVEILLE 1984-03-29
[<b>24/09/2019 10:04:58 am</b>] Sara SABIN (medecin) de Hopital Espoir a recherché le client REGINALD SILVEILLE 1984-03-29
[<b>24/09/2019 10:05:18 am</b>] Sara SABIN (medecin) de Hopital Espoir est allé dans ACCUEIL 
[<b>24/09/2019 10:15:27 am</b>] Sara SABIN (medecin) de Hopital Espoir  s'est connecté   
[<b>24/09/2019 10:15:27 am</b>] Sara SABIN (medecin) de Hopital Espoir est allé dans ACCUEIL 
[<b>24/09/2019 10:16:30 am</b>] Sara SABIN (medecin) de Hopital Espoir  a recherché   wintchalamina castel 2016-08-26 [MM/DD/YYYY]
[<b>24/09/2019 10:16:36 am</b>] Sara SABIN (medecin) de Hopital Espoir  a recherché   wintchalamina castel 2016-08-26 [MM/DD/YYYY]
[<b>24/09/2019 10:17:00 am</b>] Sara SABIN (medecin) de Hopital Espoir  a recherché   wintchalamina castel 2016-08-26 [MM/DD/YYYY]
[<b>24/09/2019 10:17:14 am</b>] Sara SABIN (medecin) de Hopital Espoir  a recherché   wintchalamina castel 2016-08-26 [MM/DD/YYYY]
[<b>24/09/2019 10:56:13 am</b>] Sara SABIN (medecin) de Hopital Espoir  s'est connecté   
[<b>24/09/2019 10:56:14 am</b>] Sara SABIN (medecin) de Hopital Espoir est allé dans ACCUEIL 
[<b>24/09/2019 10:56:54 am</b>] Sara SABIN (medecin) de Hopital Espoir a recherché le client JOHANE KEREZ 1988-12-24
[<b>24/09/2019 10:57:06 am</b>] Sara SABIN (medecin) de Hopital Espoir est allé dans ACCUEIL 
[<b>24/09/2019 02:17:18 pm</b>] Wilkendhie JOSEPH (medecin) de Hopital du Canape Vert  s'est connecté   
[<b>24/09/2019 02:17:18 pm</b>] Wilkendhie JOSEPH (medecin) de Hopital du Canape Vert est allé dans ACCUEIL 
[<b>24/09/2019 02:18:04 pm</b>] Wilkendhie JOSEPH (medecin) de Hopital du Canape Vert a recherché le client GESNEL VITAL 1988-05-10
[<b>24/09/2019 02:18:24 pm</b>] Wilkendhie JOSEPH (medecin) de Hopital du Canape Vert est allé dans ACCUEIL 
[<b>24/09/2019 03:18:54 pm</b>] Sara SABIN (medecin) de Hopital Espoir  s'est connecté   
[<b>24/09/2019 03:18:55 pm</b>] Sara SABIN (medecin) de Hopital Espoir est allé dans ACCUEIL 
[<b>24/09/2019 03:20:31 pm</b>] Sara SABIN (medecin) de Hopital Espoir  a recherché   ann-harmel celestin 2016-11-18 [MM/DD/YYYY]
[<b>24/09/2019 03:21:36 pm</b>] Sara SABIN (medecin) de Hopital Espoir  a recherché   ann-harmel celestin 2016-11-18 [MM/DD/YYYY]
[<b>24/09/2019 03:22:10 pm</b>] Sara SABIN (medecin) de Hopital Espoir  a recherché   ann-harmel de lucreshia celestin 2016-11-18 [MM/DD/YYYY]
[<b>24/09/2019 03:23:17 pm</b>] Sara SABIN (medecin) de Hopital Espoir  s'est connecté   
[<b>24/09/2019 03:23:18 pm</b>] Sara SABIN (medecin) de Hopital Espoir est allé dans ACCUEIL 
[<b>24/09/2019 03:24:15 pm</b>] Sara SABIN (medecin) de Hopital Espoir a recherché le client SAMIL CELESTIN 1988-02-27
[<b>24/09/2019 03:24:15 pm</b>] Sara SABIN (medecin) de Hopital Espoir a recherché le client SAMIL CELESTIN 1988-02-27
[<b>24/09/2019 03:25:25 pm</b>] Sara SABIN (medecin) de Hopital Espoir  s'est connecté   
[<b>24/09/2019 03:25:25 pm</b>] Sara SABIN (medecin) de Hopital Espoir est allé dans ACCUEIL 
[<b>24/09/2019 03:26:27 pm</b>] Sara SABIN (medecin) de Hopital Espoir  a recherché   ann-harmel de lucreshia celestin 2016-11-18 [MM/DD/YYYY]
[<b>24/09/2019 09:45:46 pm</b>] Sherlie CALIXTE (medecin) de Hopital Espoir  s'est connecté   
[<b>24/09/2019 09:45:47 pm</b>] Sherlie CALIXTE (medecin) de Hopital Espoir est allé dans ACCUEIL 
[<b>24/09/2019 09:47:04 pm</b>] Sherlie CALIXTE (medecin) de Hopital Espoir a recherché le client JEAN NICOLAS 1974-08-11
[<b>24/09/2019 09:47:04 pm</b>] Sherlie CALIXTE (medecin) de Hopital Espoir a recherché le client JEAN WILDY NICOLAS 1974-08-11
[<b>24/09/2019 09:47:04 pm</b>] Sherlie CALIXTE (medecin) de Hopital Espoir a recherché le client JEAN WILDY NICOLAS 1974-08-11
[<b>24/09/2019 09:49:13 pm</b>] Sherlie CALIXTE (medecin) de Hopital Espoir est allé dans ACCUEIL 
