[<b>29/05/2019 08:24:22 am</b>] Marc-Eric ALTIDOR (admin) de INASSA  s'est connecté   
[<b>29/05/2019 08:24:22 am</b>] Marc-Eric ALTIDOR (admin) de INASSA est allé dans ACCUEIL 
[<b>29/05/2019 10:09:30 am</b>] Marlie TONICO (medecin) de Hopital Espoir  s'est connecté   
[<b>29/05/2019 10:09:31 am</b>] Marlie TONICO (medecin) de Hopital Espoir est allé dans ACCUEIL 
[<b>29/05/2019 10:10:35 am</b>] Marlie TONICO (medecin) de Hopital Espoir a recherché le client ROBENSON CHARLES 1983-12-26
[<b>29/05/2019 10:10:42 am</b>] Marlie TONICO (medecin) de Hopital Espoir a recherché le client ROBENSON CHARLES 1983-12-26
[<b>29/05/2019 01:11:50 pm</b>] Rose Christephane BANATTES (medecin) de Hopital Espoir  s'est connecté   
[<b>29/05/2019 01:11:53 pm</b>] Rose Christephane BANATTES (medecin) de Hopital Espoir  s'est connecté   
[<b>29/05/2019 01:11:54 pm</b>] Rose Christephane BANATTES (medecin) de Hopital Espoir est allé dans ACCUEIL 
[<b>29/05/2019 06:47:56 pm</b>] Fabiola FRANCOIS (medecin) de Hopital Espoir  s'est connecté   
[<b>29/05/2019 06:47:57 pm</b>] Fabiola FRANCOIS (medecin) de Hopital Espoir est allé dans ACCUEIL 
[<b>29/05/2019 06:48:41 pm</b>] Fabiola FRANCOIS (medecin) de Hopital Espoir  a recherché   guerlyne almetus 1976-11-23 [MM/DD/YYYY]
[<b>29/05/2019 06:49:40 pm</b>] Fabiola FRANCOIS (medecin) de Hopital Espoir  a recherché   GUERLYNE ALMETUS 1976-11-23 [MM/DD/YYYY]
[<b>29/05/2019 06:49:49 pm</b>] Fabiola FRANCOIS (medecin) de Hopital Espoir  a recherché   GUERLYNE ALMETUS 1976-11-23 [MM/DD/YYYY]
[<b>29/05/2019 06:49:56 pm</b>] Fabiola FRANCOIS (medecin) de Hopital Espoir  a recherché   GUERLYNE ALMETUS 1976-11-23 [MM/DD/YYYY]
[<b>29/05/2019 06:50:02 pm</b>] Fabiola FRANCOIS (medecin) de Hopital Espoir  a recherché   GUERLYNE ALMETUS 1976-11-23 [MM/DD/YYYY]
[<b>29/05/2019 06:50:31 pm</b>] Fabiola FRANCOIS (medecin) de Hopital Espoir  a recherché   ALMETUS GUERLYNE 1976-11-23 [MM/DD/YYYY]
[<b>29/05/2019 06:50:35 pm</b>] Fabiola FRANCOIS (medecin) de Hopital Espoir  a recherché   ALMETUS GUERLYNE 1976-11-23 [MM/DD/YYYY]
[<b>29/05/2019 07:46:11 pm</b>] Fabiola FRANCOIS (medecin) de Hopital Espoir  s'est connecté   
[<b>29/05/2019 07:46:11 pm</b>] Fabiola FRANCOIS (medecin) de Hopital Espoir est allé dans ACCUEIL 
[<b>29/05/2019 07:47:07 pm</b>] Fabiola FRANCOIS (medecin) de Hopital Espoir  a recherché   sony perpignan 1981-05-01 [MM/DD/YYYY]
[<b>29/05/2019 07:47:15 pm</b>] Fabiola FRANCOIS (medecin) de Hopital Espoir  a recherché   sony perpignan 1981-05-01 [MM/DD/YYYY]
[<b>29/05/2019 07:48:03 pm</b>] Fabiola FRANCOIS (medecin) de Hopital Espoir  a recherché   sony perpignan 1981-01-05 [MM/DD/YYYY]
[<b>29/05/2019 07:48:12 pm</b>] Fabiola FRANCOIS (medecin) de Hopital Espoir  a recherché   sony perpignan 1981-01-05 [MM/DD/YYYY]
[<b>29/05/2019 07:49:05 pm</b>] Fabiola FRANCOIS (medecin) de Hopital Espoir a recherché le client SONY PERPIGNAN 1951-08-03
[<b>29/05/2019 07:51:00 pm</b>] Fabiola FRANCOIS (medecin) de Hopital Espoir est allé dans ACCUEIL 
