[<b>26/03/2019 08:42:54 am</b>] Kyra CHARLES (medecin) de Hopital du Canape Vert  s'est connecté   
[<b>26/03/2019 08:42:54 am</b>] Kyra CHARLES (medecin) de Hopital du Canape Vert est allé dans ACCUEIL 
[<b>26/03/2019 08:43:40 am</b>] Kyra CHARLES (medecin) de Hopital du Canape Vert  a changé son mot de passe  
[<b>26/03/2019 08:43:40 am</b>] Kyra CHARLES (medecin) de Hopital du Canape Vert est allé dans ACCUEIL 
[<b>26/03/2019 08:43:43 am</b>] Kyra CHARLES (medecin) de Hopital du Canape Vert est allé dans ACCUEIL 
[<b>26/03/2019 08:45:24 am</b>] Kyra CHARLES (medecin) de Hopital du Canape Vert a recherché le client LISTAVE NOEL 1975-08-21
[<b>26/03/2019 08:52:00 am</b>] Kyra CHARLES (medecin) de Hopital du Canape Vert  s'est connecté   
[<b>26/03/2019 08:52:01 am</b>] Kyra CHARLES (medecin) de Hopital du Canape Vert est allé dans ACCUEIL 
[<b>26/03/2019 08:52:23 am</b>] Kyra CHARLES (medecin) de Hopital du Canape Vert a recherché le client LISTAVE NOEL 1975-08-21
[<b>26/03/2019 08:53:04 am</b>] Kyra CHARLES (medecin) de Hopital du Canape Vert est allé dans ACCUEIL 
[<b>26/03/2019 08:54:23 am</b>] Kyra CHARLES (medecin) de Hopital du Canape Vert  est allé dans HISTORIQUE 
[<b>26/03/2019 08:54:27 am</b>] Kyra CHARLES (medecin) de Hopital du Canape Vert  est allé dans HISTORIQUE 
[<b>26/03/2019 08:54:54 am</b>] Kyra CHARLES (medecin) de Hopital du Canape Vert  est allé dans HISTORIQUE 
[<b>26/03/2019 08:55:29 am</b>] Kyra CHARLES (medecin) de Hopital du Canape Vert a vérifié l'historique du client MARC-ERIC ALTIDOR
[<b>26/03/2019 08:59:12 am</b>] Kyra CHARLES (medecin) de Hopital du Canape Vert  est allé dans HISTORIQUE 
[<b>26/03/2019 08:59:16 am</b>] Kyra CHARLES (medecin) de Hopital du Canape Vert  est allé dans HISTORIQUE 
[<b>26/03/2019 09:00:30 am</b>] Wilkendhie JOSEPH (medecin) de Hopital du Canape Vert  s'est connecté   
[<b>26/03/2019 09:00:31 am</b>] Wilkendhie JOSEPH (medecin) de Hopital du Canape Vert est allé dans ACCUEIL 
[<b>26/03/2019 09:00:46 am</b>] Wilkendhie JOSEPH (medecin) de Hopital du Canape Vert  a changé son mot de passe  
[<b>26/03/2019 09:00:46 am</b>] Wilkendhie JOSEPH (medecin) de Hopital du Canape Vert est allé dans ACCUEIL 
[<b>26/03/2019 09:01:24 am</b>] Kyra CHARLES (medecin) de Hopital du Canape Vert est allé dans ACCUEIL 
[<b>26/03/2019 09:01:26 am</b>] Kyra CHARLES (medecin) de Hopital du Canape Vert est allé dans ACCUEIL 
[<b>26/03/2019 09:01:29 am</b>] Kyra CHARLES (medecin) de Hopital du Canape Vert  est allé dans HISTORIQUE 
[<b>26/03/2019 09:01:37 am</b>] Kyra CHARLES (medecin) de Hopital du Canape Vert est allé dans ACCUEIL 
[<b>26/03/2019 09:01:39 am</b>] Kyra CHARLES (medecin) de Hopital du Canape Vert  est allé dans HISTORIQUE 
[<b>26/03/2019 09:01:42 am</b>] Wilkendhie JOSEPH (medecin) de Hopital du Canape Vert  s'est déconnecté  
[<b>26/03/2019 09:02:02 am</b>] Kyra CHARLES (medecin) de Hopital du Canape Vert a vérifié l'historique du client MARC-KELLY ALTIDOR
[<b>26/03/2019 09:02:46 am</b>] Kyra CHARLES (medecin) de Hopital du Canape Vert est allé dans ACCUEIL 
[<b>26/03/2019 09:04:17 am</b>] Kyra CHARLES (medecin) de Hopital du Canape Vert a recherché le client KETTLY THELEYS ALTIDOR 1974-11-11
[<b>26/03/2019 09:06:34 am</b>] Wilkendhie JOSEPH (medecin) de Hopital du Canape Vert  s'est connecté   
[<b>26/03/2019 09:06:35 am</b>] Wilkendhie JOSEPH (medecin) de Hopital du Canape Vert est allé dans ACCUEIL 
[<b>26/03/2019 09:07:28 am</b>] Kyra CHARLES (medecin) de Hopital du Canape Vert est allé dans ACCUEIL 
[<b>26/03/2019 09:07:52 am</b>] Kyra CHARLES (medecin) de Hopital du Canape Vert est allé dans ACCUEIL 
[<b>26/03/2019 09:08:20 am</b>] Kyra CHARLES (medecin) de Hopital du Canape Vert a recherché le client KETTLY THELEYS ALTIDOR 1974-11-11
[<b>26/03/2019 09:10:36 am</b>] Kyra CHARLES (medecin) de Hopital du Canape Vert a recherché le client KETTLY THELEYS ALTIDOR 1974-11-11
[<b>26/03/2019 09:10:44 am</b>] Kyra CHARLES (medecin) de Hopital du Canape Vert a recherché le client KETTLY THELEYS ALTIDOR 1974-11-11
[<b>26/03/2019 09:13:06 am</b>] Kyra CHARLES (medecin) de Hopital du Canape Vert  est allé dans HISTORIQUE 
[<b>26/03/2019 09:14:20 am</b>] Kyra CHARLES (medecin) de Hopital du Canape Vert a vérifié l'historique du client KETTLY ALTIDOR
[<b>26/03/2019 09:14:34 am</b>] Kyra CHARLES (medecin) de Hopital du Canape Vert a vérifié l'historique du client KETTLY ALTIDOR
[<b>26/03/2019 09:14:46 am</b>] Kyra CHARLES (medecin) de Hopital du Canape Vert est allé dans ACCUEIL 
[<b>26/03/2019 09:15:06 am</b>] Kyra CHARLES (medecin) de Hopital du Canape Vert a recherché le client KETTLY THELEYS ALTIDOR 1974-11-11
[<b>26/03/2019 09:16:09 am</b>] Kyra CHARLES (medecin) de Hopital du Canape Vert est allé dans ACCUEIL 
[<b>26/03/2019 09:16:28 am</b>] Kyra CHARLES (medecin) de Hopital du Canape Vert  a recherché    joseph Date de naissance [MM/DD/YYYY]
[<b>26/03/2019 09:17:05 am</b>] Kyra CHARLES (medecin) de Hopital du Canape Vert  a recherché   wilkendhie joseph 1987-04-15 [MM/DD/YYYY]
[<b>26/03/2019 09:17:31 am</b>] Kyra CHARLES (medecin) de Hopital du Canape Vert  a recherché   wilkendhie joseph 1987-04-15 [MM/DD/YYYY]
[<b>26/03/2019 09:18:00 am</b>] Kyra CHARLES (medecin) de Hopital du Canape Vert a recherché le client WILKENDHIE JOSEPH LALANNE 1987-04-15
[<b>26/03/2019 09:18:51 am</b>] Kyra CHARLES (medecin) de Hopital du Canape Vert est allé dans ACCUEIL 
[<b>26/03/2019 09:20:37 am</b>] Kyra CHARLES (medecin) de Hopital du Canape Vert a recherché le client MARVING LALANNE 2018-01-14
[<b>26/03/2019 09:20:57 am</b>] Kyra CHARLES (medecin) de Hopital du Canape Vert est allé dans ACCUEIL 
[<b>26/03/2019 09:21:17 am</b>] Kyra CHARLES (medecin) de Hopital du Canape Vert  a recherché   owen lalanne 2018-04-14 [MM/DD/YYYY]
[<b>26/03/2019 09:22:04 am</b>] Kyra CHARLES (medecin) de Hopital du Canape Vert a recherché le client OMRI LALANNE 1983-07-25
[<b>26/03/2019 09:22:20 am</b>] Kyra CHARLES (medecin) de Hopital du Canape Vert  s'est déconnecté  
[<b>26/03/2019 09:23:23 am</b>]   () de   s'est déconnecté  
[<b>26/03/2019 09:26:42 am</b>] Wilkendhie JOSEPH (medecin) de Hopital du Canape Vert  s'est connecté   
[<b>26/03/2019 09:26:42 am</b>] Wilkendhie JOSEPH (medecin) de Hopital du Canape Vert est allé dans ACCUEIL 
[<b>26/03/2019 09:27:05 am</b>] Wilkendhie JOSEPH (medecin) de Hopital du Canape Vert  a recherché    LALANNE Date de naissance [MM/DD/YYYY]
[<b>26/03/2019 09:28:24 am</b>] Wilkendhie JOSEPH (medecin) de Hopital du Canape Vert a recherché le client MARVING LALANNE 2018-01-14
[<b>26/03/2019 09:28:41 am</b>] Wilkendhie JOSEPH (medecin) de Hopital du Canape Vert est allé dans ACCUEIL 
[<b>26/03/2019 09:32:45 am</b>] Wilkendhie JOSEPH (medecin) de Hopital du Canape Vert  est allé dans HISTORIQUE 
[<b>26/03/2019 09:44:38 am</b>] Denold MILSOIT (medecin) de CLINIQULE Dr DENOLD MILSOIT  s'est connecté   
[<b>26/03/2019 09:44:38 am</b>] Denold MILSOIT (medecin) de CLINIQULE Dr DENOLD MILSOIT est allé dans ACCUEIL 
[<b>26/03/2019 09:45:54 am</b>] Denold MILSOIT (medecin) de CLINIQULE Dr DENOLD MILSOIT a recherché le client WIGENS JOSEPH 1993-06-15
[<b>26/03/2019 09:45:54 am</b>] Denold MILSOIT (medecin) de CLINIQULE Dr DENOLD MILSOIT a recherché le client WIGENS JOSEPH 1993-06-15
[<b>26/03/2019 09:47:09 am</b>] Denold MILSOIT (medecin) de CLINIQULE Dr DENOLD MILSOIT est allé dans ACCUEIL 
[<b>26/03/2019 09:47:22 am</b>] Denold MILSOIT (medecin) de CLINIQULE Dr DENOLD MILSOIT est allé dans ACCUEIL 
[<b>26/03/2019 09:48:08 am</b>] Denold MILSOIT (medecin) de CLINIQULE Dr DENOLD MILSOIT a recherché le client WIGENS JOSEPH 1993-06-15
[<b>26/03/2019 09:48:08 am</b>] Denold MILSOIT (medecin) de CLINIQULE Dr DENOLD MILSOIT a recherché le client WIGENS JOSEPH 1993-06-15
[<b>26/03/2019 09:57:45 am</b>] Denold MILSOIT (medecin) de CLINIQULE Dr DENOLD MILSOIT  s'est connecté   
[<b>26/03/2019 09:57:45 am</b>] Denold MILSOIT (medecin) de CLINIQULE Dr DENOLD MILSOIT est allé dans ACCUEIL 
[<b>26/03/2019 10:01:10 am</b>] Denold MILSOIT (medecin) de CLINIQULE Dr DENOLD MILSOIT a recherché le client WIGENS JOSEPH 1993-06-15
[<b>26/03/2019 10:01:10 am</b>] Denold MILSOIT (medecin) de CLINIQULE Dr DENOLD MILSOIT a recherché le client WIGENS JOSEPH 1993-06-15
[<b>26/03/2019 10:30:42 am</b>] Wilkendhie JOSEPH (medecin) de Hopital du Canape Vert  s'est connecté   
[<b>26/03/2019 10:30:42 am</b>] Wilkendhie JOSEPH (medecin) de Hopital du Canape Vert est allé dans ACCUEIL 
[<b>26/03/2019 10:31:23 am</b>] Wilkendhie JOSEPH (medecin) de Hopital du Canape Vert a recherché le client WIDLYN ELVEUS 1984-04-17
[<b>26/03/2019 10:32:31 am</b>] Wilkendhie JOSEPH (medecin) de Hopital du Canape Vert a recherché le client WIDLYN ELVEUS 1984-04-17
[<b>26/03/2019 10:33:13 am</b>] Wilkendhie JOSEPH (medecin) de Hopital du Canape Vert est allé dans ACCUEIL 
[<b>26/03/2019 10:35:06 am</b>] Wilkendhie JOSEPH (medecin) de Hopital du Canape Vert  s'est déconnecté  
[<b>26/03/2019 10:36:27 am</b>] Wilkendhie JOSEPH (medecin) de Hopital du Canape Vert  s'est connecté   
[<b>26/03/2019 10:36:28 am</b>] Wilkendhie JOSEPH (medecin) de Hopital du Canape Vert est allé dans ACCUEIL 
[<b>26/03/2019 10:37:16 am</b>] Wilkendhie JOSEPH (medecin) de Hopital du Canape Vert a recherché le client ROLDYNE REGISTRE 1996-07-16
[<b>26/03/2019 10:38:18 am</b>] Wilkendhie JOSEPH (medecin) de Hopital du Canape Vert est allé dans ACCUEIL 
[<b>26/03/2019 10:43:56 am</b>] Wilkendhie JOSEPH (medecin) de Hopital du Canape Vert  s'est connecté   
[<b>26/03/2019 10:43:58 am</b>] Wilkendhie JOSEPH (medecin) de Hopital du Canape Vert est allé dans ACCUEIL 
[<b>26/03/2019 10:45:20 am</b>] Wilkendhie JOSEPH (medecin) de Hopital du Canape Vert a recherché le client STANLEY ALMONOR 1981-01-01
[<b>26/03/2019 10:46:20 am</b>] Wilkendhie JOSEPH (medecin) de Hopital du Canape Vert est allé dans ACCUEIL 
[<b>26/03/2019 10:47:24 am</b>] Wilkendhie JOSEPH (medecin) de Hopital du Canape Vert  s'est déconnecté  
[<b>26/03/2019 11:17:32 am</b>] Wilkendhie JOSEPH (medecin) de Hopital du Canape Vert  s'est connecté   
[<b>26/03/2019 11:17:33 am</b>] Wilkendhie JOSEPH (medecin) de Hopital du Canape Vert  s'est connecté   
[<b>26/03/2019 11:17:34 am</b>] Wilkendhie JOSEPH (medecin) de Hopital du Canape Vert est allé dans ACCUEIL 
[<b>26/03/2019 11:18:30 am</b>] Wilkendhie JOSEPH (medecin) de Hopital du Canape Vert a recherché le client MARVING LALANNE 2018-01-14
[<b>26/03/2019 11:20:00 am</b>] Wilkendhie JOSEPH (medecin) de Hopital du Canape Vert est allé dans ACCUEIL 
[<b>26/03/2019 11:21:41 am</b>] Wilkendhie JOSEPH (medecin) de Hopital du Canape Vert  s'est déconnecté  
[<b>26/03/2019 11:34:14 am</b>] Junior BELFLEUR (medecin) de Centre Hospitalier Medimax  s'est connecté   
[<b>26/03/2019 11:34:15 am</b>] Junior BELFLEUR (medecin) de Centre Hospitalier Medimax est allé dans ACCUEIL 
[<b>26/03/2019 12:00:51 pm</b>] Wilkendhie JOSEPH (medecin) de Hopital du Canape Vert  s'est connecté   
[<b>26/03/2019 12:00:51 pm</b>] Wilkendhie JOSEPH (medecin) de Hopital du Canape Vert est allé dans ACCUEIL 
[<b>26/03/2019 12:01:43 pm</b>] Wilkendhie JOSEPH (medecin) de Hopital du Canape Vert a recherché le client ROLDYNE REGISTRE 1996-07-16
[<b>26/03/2019 12:03:07 pm</b>] Wilkendhie JOSEPH (medecin) de Hopital du Canape Vert est allé dans ACCUEIL 
[<b>26/03/2019 12:03:44 pm</b>] Wilkendhie JOSEPH (medecin) de Hopital du Canape Vert a recherché le client MARVING LALANNE 2018-01-14
[<b>26/03/2019 12:04:17 pm</b>] Wilkendhie JOSEPH (medecin) de Hopital du Canape Vert  s'est déconnecté  
[<b>26/03/2019 12:35:08 pm</b>] Marly Joelle HILAIRE (medecin) de Clinique Dr Hilaire  s'est connecté   
[<b>26/03/2019 12:35:11 pm</b>] Marly Joelle HILAIRE (medecin) de Clinique Dr Hilaire est allé dans ACCUEIL 
[<b>26/03/2019 12:36:21 pm</b>] Marly Joelle HILAIRE (medecin) de Clinique Dr Hilaire a recherché le client KATHIANA AZOR 1990-09-01
[<b>26/03/2019 12:38:06 pm</b>] Marly Joelle HILAIRE (medecin) de Clinique Dr Hilaire  s'est connecté   
[<b>26/03/2019 12:38:07 pm</b>] Marly Joelle HILAIRE (medecin) de Clinique Dr Hilaire est allé dans ACCUEIL 
[<b>26/03/2019 12:39:03 pm</b>] Marly Joelle HILAIRE (medecin) de Clinique Dr Hilaire a recherché le client KATHIANA AZOR 1990-09-01
[<b>26/03/2019 12:39:31 pm</b>] Marly Joelle HILAIRE (medecin) de Clinique Dr Hilaire est allé dans ACCUEIL 
[<b>26/03/2019 12:39:41 pm</b>] Marly Joelle HILAIRE (medecin) de Clinique Dr Hilaire  est allé dans HISTORIQUE 
[<b>26/03/2019 12:45:51 pm</b>] Marly Joelle HILAIRE (medecin) de Clinique Dr Hilaire  s'est connecté   
[<b>26/03/2019 12:45:51 pm</b>] Marly Joelle HILAIRE (medecin) de Clinique Dr Hilaire est allé dans ACCUEIL 
[<b>26/03/2019 12:46:39 pm</b>] Marly Joelle HILAIRE (medecin) de Clinique Dr Hilaire a recherché le client NORAH SAINT FORT 2010-12-22
[<b>26/03/2019 04:57:28 pm</b>] Wilkendhie JOSEPH (medecin) de Hopital du Canape Vert  s'est connecté   
[<b>26/03/2019 04:57:29 pm</b>] Wilkendhie JOSEPH (medecin) de Hopital du Canape Vert est allé dans ACCUEIL 
[<b>26/03/2019 04:57:45 pm</b>] Wilkendhie JOSEPH (medecin) de Hopital du Canape Vert  a recherché     Date de naissance [MM/DD/YYYY]
[<b>26/03/2019 04:58:44 pm</b>] Wilkendhie JOSEPH (medecin) de Hopital du Canape Vert  a recherché   ELIJAH NATSLEY ALMONOR 2015-12-04 [MM/DD/YYYY]
[<b>26/03/2019 04:59:41 pm</b>] Wilkendhie JOSEPH (medecin) de Hopital du Canape Vert  a recherché   Elijah Natsley ALMONOR 2015-12-04 [MM/DD/YYYY]
[<b>26/03/2019 05:01:14 pm</b>] Wilkendhie JOSEPH (medecin) de Hopital du Canape Vert  a recherché   STANLEY ALMONOR 1982-01-01 [MM/DD/YYYY]
[<b>26/03/2019 05:01:40 pm</b>] Wilkendhie JOSEPH (medecin) de Hopital du Canape Vert  s'est déconnecté  
