[<b>13/12/2019 08:12:47 am</b>] Joel DUCASSE (medecin) de Hopital Ste Marie  s'est connecté   
[<b>13/12/2019 08:12:47 am</b>] Joel DUCASSE (medecin) de Hopital Ste Marie est allé dans ACCUEIL 
[<b>13/12/2019 08:21:55 am</b>] Joel DUCASSE (medecin) de Hopital Ste Marie  s'est connecté   
[<b>13/12/2019 08:21:55 am</b>] Joel DUCASSE (medecin) de Hopital Ste Marie est allé dans ACCUEIL 
[<b>13/12/2019 08:22:20 am</b>] Joel DUCASSE (medecin) de Hopital Ste Marie  a recherché   Venita Sineus 1975-07-24 [MM/DD/YYYY]
[<b>13/12/2019 08:23:08 am</b>] Joel DUCASSE (medecin) de Hopital Ste Marie a recherché le client GREGORY CHARLES 1973-12-08
[<b>13/12/2019 08:25:07 am</b>] Joel DUCASSE (medecin) de Hopital Ste Marie  s'est déconnecté  
[<b>13/12/2019 08:42:26 am</b>] Rood-Jerry GEFFRARD (medecin) de Hopital Adventiste Diquini  s'est connecté   
[<b>13/12/2019 08:42:26 am</b>] Rood-Jerry GEFFRARD (medecin) de Hopital Adventiste Diquini est allé dans ACCUEIL 
[<b>13/12/2019 08:43:59 am</b>] Rood-Jerry GEFFRARD (medecin) de Hopital Adventiste Diquini  a recherché   mary ketty gatsby st vil 1984-04-01 [MM/DD/YYYY]
[<b>13/12/2019 08:44:07 am</b>] Rood-Jerry GEFFRARD (medecin) de Hopital Adventiste Diquini  a recherché   mary ketty gatsby st vil 1984-04-01 [MM/DD/YYYY]
[<b>13/12/2019 08:44:15 am</b>] Rood-Jerry GEFFRARD (medecin) de Hopital Adventiste Diquini  a recherché   mary ketty gatsby st vil 1984-04-01 [MM/DD/YYYY]
[<b>13/12/2019 09:24:03 am</b>] Joel DUCASSE (medecin) de Hopital Ste Marie  s'est connecté   
[<b>13/12/2019 09:24:03 am</b>] Joel DUCASSE (medecin) de Hopital Ste Marie est allé dans ACCUEIL 
[<b>13/12/2019 09:36:56 am</b>] Joel DUCASSE (medecin) de Hopital Ste Marie  s'est connecté   
[<b>13/12/2019 09:36:56 am</b>] Joel DUCASSE (medecin) de Hopital Ste Marie est allé dans ACCUEIL 
[<b>13/12/2019 10:46:11 am</b>] Woosbenley FAUSTIN (medecin) de Clinique Dr Faustin Woosbenley   s'est connecté   
[<b>13/12/2019 10:46:12 am</b>] Woosbenley FAUSTIN (medecin) de Clinique Dr Faustin Woosbenley  est allé dans ACCUEIL 
[<b>13/12/2019 10:47:09 am</b>] Woosbenley FAUSTIN (medecin) de Clinique Dr Faustin Woosbenley  a recherché le client DRYAN GABRIEL 2017-12-24
[<b>13/12/2019 10:48:53 am</b>] Woosbenley FAUSTIN (medecin) de Clinique Dr Faustin Woosbenley   a recherché      [MM/DD/YYYY]
[<b>13/12/2019 11:46:38 am</b>]   () de   s'est déconnecté  
