[<b>13/11/2019 09:53:11 am</b>] Marc-Eric ALTIDOR (admin) de INASSA  s'est connecté   
[<b>13/11/2019 09:53:11 am</b>] Marc-Eric ALTIDOR (admin) de INASSA est allé dans ACCUEIL 
[<b>13/11/2019 09:54:10 am</b>] Marc-Eric ALTIDOR (admin) de INASSA est allé dans ACCUEIL 
[<b>13/11/2019 09:55:13 am</b>] Sanon WIDMAIER (admin) de INASSA  s'est connecté   
[<b>13/11/2019 09:55:13 am</b>] Sanon WIDMAIER (admin) de INASSA est allé dans ACCUEIL 
[<b>13/11/2019 09:55:39 am</b>] Sanon WIDMAIER (admin) de INASSA est allé dans ACCUEIL 
[<b>13/11/2019 09:56:23 am</b>] Sanon WIDMAIER (admin) de INASSA est allé dans ACCUEIL 
[<b>13/11/2019 09:57:52 am</b>] Admin WYZDEV (admin) de INASSA  s'est connecté   
[<b>13/11/2019 09:57:53 am</b>] Admin WYZDEV (admin) de INASSA est allé dans ACCUEIL 
[<b>13/11/2019 09:58:05 am</b>] Admin WYZDEV (admin) de INASSA  s'est déconnecté  
[<b>13/11/2019 12:33:26 pm</b>] Marc-Eric ALTIDOR (admin) de INASSA  s'est connecté   
[<b>13/11/2019 12:33:27 pm</b>] Marc-Eric ALTIDOR (admin) de INASSA est allé dans ACCUEIL 
[<b>13/11/2019 12:34:35 pm</b>] Marc-Eric ALTIDOR (admin) de INASSA est allé dans ACCUEIL 
[<b>13/11/2019 12:38:24 pm</b>] Marc-Eric ALTIDOR (admin) de INASSA est allé dans ACCUEIL 
[<b>13/11/2019 12:39:07 pm</b>] Marc-Eric ALTIDOR (admin) de INASSA est allé dans ACCUEIL 
[<b>13/11/2019 12:39:57 pm</b>] Marc-Eric ALTIDOR (admin) de INASSA  s'est connecté   
[<b>13/11/2019 12:39:57 pm</b>] Marc-Eric ALTIDOR (admin) de INASSA est allé dans ACCUEIL 
[<b>13/11/2019 12:42:55 pm</b>] Marc-Eric ALTIDOR (admin) de INASSA  s'est connecté   
[<b>13/11/2019 12:42:55 pm</b>] Marc-Eric ALTIDOR (admin) de INASSA est allé dans ACCUEIL 
[<b>13/11/2019 12:51:26 pm</b>] Marc-Eric ALTIDOR (admin) de INASSA  s'est connecté   
[<b>13/11/2019 12:51:27 pm</b>] Marc-Eric ALTIDOR (admin) de INASSA est allé dans ACCUEIL 
[<b>13/11/2019 12:52:22 pm</b>] Marc-Eric ALTIDOR (admin) de INASSA est allé dans ACCUEIL 
[<b>13/11/2019 12:54:12 pm</b>] Marc-Eric ALTIDOR (admin) de INASSA est allé dans ACCUEIL 
[<b>13/11/2019 01:30:17 pm</b>] Marc-Eric ALTIDOR (admin) de INASSA  s'est connecté   
[<b>13/11/2019 01:30:17 pm</b>] Marc-Eric ALTIDOR (admin) de INASSA est allé dans ACCUEIL 
