[<b>25/09/2019 09:57:22 am</b>] Rood-Jerry GEFFRARD (medecin) de Hopital Adventiste Diquini  s'est connecté   
[<b>25/09/2019 09:57:22 am</b>] Rood-Jerry GEFFRARD (medecin) de Hopital Adventiste Diquini est allé dans ACCUEIL 
[<b>25/09/2019 09:57:58 am</b>] Rood-Jerry GEFFRARD (medecin) de Hopital Adventiste Diquini  a recherché   bERLANDE Francois 1988-07-01 [MM/DD/YYYY]
[<b>25/09/2019 09:58:03 am</b>] Rood-Jerry GEFFRARD (medecin) de Hopital Adventiste Diquini  a recherché   bERLANDE Francois 1988-07-01 [MM/DD/YYYY]
[<b>25/09/2019 09:58:19 am</b>] Rood-Jerry GEFFRARD (medecin) de Hopital Adventiste Diquini  a recherché   Francois Berlnade 1988-07-01 [MM/DD/YYYY]
[<b>25/09/2019 09:58:34 am</b>] Rood-Jerry GEFFRARD (medecin) de Hopital Adventiste Diquini  a recherché   Francois Berlande 1988-07-01 [MM/DD/YYYY]
[<b>25/09/2019 09:58:50 am</b>] Rood-Jerry GEFFRARD (medecin) de Hopital Adventiste Diquini  a recherché   Berlande Francois 1988-07-01 [MM/DD/YYYY]
[<b>25/09/2019 10:16:03 am</b>] Fabiola FRANCOIS (medecin) de Hopital Espoir  s'est connecté   
[<b>25/09/2019 10:16:03 am</b>] Fabiola FRANCOIS (medecin) de Hopital Espoir est allé dans ACCUEIL 
[<b>25/09/2019 10:17:09 am</b>] Fabiola FRANCOIS (medecin) de Hopital Espoir a recherché le client JEAN NICOLAS 1974-08-11
[<b>25/09/2019 10:17:09 am</b>] Fabiola FRANCOIS (medecin) de Hopital Espoir a recherché le client JEAN WILDY NICOLAS 1974-08-11
[<b>25/09/2019 10:17:09 am</b>] Fabiola FRANCOIS (medecin) de Hopital Espoir a recherché le client JEAN WILDY NICOLAS 1974-08-11
[<b>25/09/2019 10:18:02 am</b>] Fabiola FRANCOIS (medecin) de Hopital Espoir a recherché le client JUNIE RENE 1984-11-16
[<b>25/09/2019 10:18:02 am</b>] Fabiola FRANCOIS (medecin) de Hopital Espoir a recherché le client JUNIE RENE 1984-11-16
[<b>25/09/2019 10:18:02 am</b>] Fabiola FRANCOIS (medecin) de Hopital Espoir a recherché le client JUNIE RENE 1984-11-16
[<b>25/09/2019 10:19:16 am</b>] Fabiola FRANCOIS (medecin) de Hopital Espoir est allé dans ACCUEIL 
[<b>25/09/2019 02:11:00 pm</b>] Wilkendhie JOSEPH (medecin) de Hopital du Canape Vert  s'est connecté   
[<b>25/09/2019 02:11:01 pm</b>] Wilkendhie JOSEPH (medecin) de Hopital du Canape Vert  s'est connecté   
[<b>25/09/2019 02:11:02 pm</b>] Wilkendhie JOSEPH (medecin) de Hopital du Canape Vert est allé dans ACCUEIL 
[<b>25/09/2019 02:12:40 pm</b>] Wilkendhie JOSEPH (medecin) de Hopital du Canape Vert a recherché le client OCIANIE DORCELUS 1955-12-04
[<b>25/09/2019 02:12:54 pm</b>] Wilkendhie JOSEPH (medecin) de Hopital du Canape Vert est allé dans ACCUEIL 
[<b>25/09/2019 08:20:19 pm</b>] Wilkendhie JOSEPH (medecin) de Hopital du Canape Vert  s'est connecté   
[<b>25/09/2019 08:20:20 pm</b>] Wilkendhie JOSEPH (medecin) de Hopital du Canape Vert est allé dans ACCUEIL 
[<b>25/09/2019 08:21:50 pm</b>] Wilkendhie JOSEPH (medecin) de Hopital du Canape Vert  a recherché   MONA NICOLAS PIQUION HEYLIGER 1960-06-22 [MM/DD/YYYY]
[<b>25/09/2019 08:22:55 pm</b>] Wilkendhie JOSEPH (medecin) de Hopital du Canape Vert  a recherché   MONA NICOLAS PIQUION 1960-06-22 [MM/DD/YYYY]
[<b>25/09/2019 08:23:36 pm</b>] Wilkendhie JOSEPH (medecin) de Hopital du Canape Vert  a recherché   MONA NICOLAS PIQUION HEYLIGER 1960-06-22 [MM/DD/YYYY]
