[<b>18/09/2019 04:30:36 am</b>] Sherlie CALIXTE (medecin) de Hopital Espoir  s'est connecté   
[<b>18/09/2019 04:30:37 am</b>] Sherlie CALIXTE (medecin) de Hopital Espoir est allé dans ACCUEIL 
[<b>18/09/2019 04:31:50 am</b>] Sherlie CALIXTE (medecin) de Hopital Espoir a recherché le client KENCIA DESPéREAU 1994-04-15
[<b>18/09/2019 09:48:55 am</b>] Shana MONOPOL (medecin) de Hopital Espoir  s'est connecté   
[<b>18/09/2019 09:48:55 am</b>] Shana MONOPOL (medecin) de Hopital Espoir est allé dans ACCUEIL 
[<b>18/09/2019 09:49:27 am</b>] Shana MONOPOL (medecin) de Hopital Espoir  a recherché   maxime normilus 1976-01-26 [MM/DD/YYYY]
[<b>18/09/2019 09:49:37 am</b>] Shana MONOPOL (medecin) de Hopital Espoir  a recherché   maxime normilus 1976-01-26 [MM/DD/YYYY]
[<b>18/09/2019 09:50:11 am</b>] Shana MONOPOL (medecin) de Hopital Espoir  a recherché   maxime normilus 1976-01-26 [MM/DD/YYYY]
[<b>18/09/2019 09:50:14 am</b>] Shana MONOPOL (medecin) de Hopital Espoir  a recherché   maxime normilus 1976-01-26 [MM/DD/YYYY]
[<b>18/09/2019 09:50:45 am</b>] Shana MONOPOL (medecin) de Hopital Espoir a recherché le client WILLIAM SAINVIL 1970-01-15
[<b>18/09/2019 09:52:08 am</b>] Shana MONOPOL (medecin) de Hopital Espoir  a recherché   maxime normilus 1976-01-26 [MM/DD/YYYY]
[<b>18/09/2019 10:22:36 am</b>] Shana MONOPOL (medecin) de Hopital Espoir  s'est connecté   
[<b>18/09/2019 10:22:36 am</b>] Shana MONOPOL (medecin) de Hopital Espoir est allé dans ACCUEIL 
[<b>18/09/2019 10:23:05 am</b>] Shana MONOPOL (medecin) de Hopital Espoir a recherché le client JAMES DESFORGES 1976-04-11
[<b>18/09/2019 10:24:05 am</b>] Shana MONOPOL (medecin) de Hopital Espoir est allé dans ACCUEIL 
[<b>18/09/2019 10:27:51 am</b>] Wilkendhie JOSEPH (medecin) de Hopital du Canape Vert  s'est connecté   
[<b>18/09/2019 10:27:51 am</b>] Wilkendhie JOSEPH (medecin) de Hopital du Canape Vert est allé dans ACCUEIL 
[<b>18/09/2019 10:29:21 am</b>] Wilkendhie JOSEPH (medecin) de Hopital du Canape Vert  a recherché   lorette panier 1985-03-24 [MM/DD/YYYY]
[<b>18/09/2019 10:30:21 am</b>] Wilkendhie JOSEPH (medecin) de Hopital du Canape Vert a recherché le client LORETTE PANIER CANGE 1985-03-24
[<b>18/09/2019 10:30:42 am</b>] Wilkendhie JOSEPH (medecin) de Hopital du Canape Vert est allé dans ACCUEIL 
[<b>18/09/2019 02:58:05 pm</b>] Denold MILSOIT (medecin) de CLINIQULE Dr DENOLD MILSOIT  s'est connecté   
[<b>18/09/2019 02:58:06 pm</b>] Denold MILSOIT (medecin) de CLINIQULE Dr DENOLD MILSOIT est allé dans ACCUEIL 
[<b>18/09/2019 02:59:07 pm</b>] Denold MILSOIT (medecin) de CLINIQULE Dr DENOLD MILSOIT a recherché le client AMIDE CHERELUS 1976-06-26
