[<b>07/04/2019 09:29:09 am</b>] Wilkendhie JOSEPH (medecin) de Hopital du Canape Vert  s'est connecté   
[<b>07/04/2019 09:29:09 am</b>] Wilkendhie JOSEPH (medecin) de Hopital du Canape Vert est allé dans ACCUEIL 
[<b>07/04/2019 09:32:01 am</b>] Wilkendhie JOSEPH (medecin) de Hopital du Canape Vert  a recherché   SOLANGE CHERVIL 2011-09-11 [MM/DD/YYYY]
[<b>07/04/2019 09:32:37 am</b>] Wilkendhie JOSEPH (medecin) de Hopital du Canape Vert a recherché le client MEDJINA CHERVIL 2011-09-11
[<b>07/04/2019 09:34:10 am</b>] Wilkendhie JOSEPH (medecin) de Hopital du Canape Vert est allé dans ACCUEIL 
[<b>07/04/2019 12:08:26 pm</b>] Sara SABIN (medecin) de Hopital Espoir  s'est connecté   
[<b>07/04/2019 12:08:26 pm</b>] Sara SABIN (medecin) de Hopital Espoir est allé dans ACCUEIL 
[<b>07/04/2019 12:09:02 pm</b>] Sara SABIN (medecin) de Hopital Espoir  a recherché   jaden dallegrand 2016-06-16 [MM/DD/YYYY]
[<b>07/04/2019 12:10:00 pm</b>] Sara SABIN (medecin) de Hopital Espoir a recherché le client ESTHER POLICARD CLOTAIRE 1984-05-01
[<b>07/04/2019 09:11:15 pm</b>] Wilkendhie JOSEPH (medecin) de Hopital du Canape Vert  s'est connecté   
[<b>07/04/2019 09:11:15 pm</b>] Wilkendhie JOSEPH (medecin) de Hopital du Canape Vert est allé dans ACCUEIL 
[<b>07/04/2019 09:19:48 pm</b>] Wilkendhie JOSEPH (medecin) de Hopital du Canape Vert  s'est connecté   
[<b>07/04/2019 09:19:48 pm</b>] Wilkendhie JOSEPH (medecin) de Hopital du Canape Vert est allé dans ACCUEIL 
[<b>07/04/2019 09:20:39 pm</b>] Wilkendhie JOSEPH (medecin) de Hopital du Canape Vert a recherché le client GLORIA MARTIAL 2015-11-26
[<b>07/04/2019 09:20:57 pm</b>] Wilkendhie JOSEPH (medecin) de Hopital du Canape Vert a recherché le client GLORIA MARTIAL 2015-11-26
[<b>07/04/2019 09:21:17 pm</b>] Wilkendhie JOSEPH (medecin) de Hopital du Canape Vert a recherché le client GLORIA MARTIAL 2015-11-26
[<b>07/04/2019 09:21:32 pm</b>] Wilkendhie JOSEPH (medecin) de Hopital du Canape Vert a recherché le client GLORIA MARTIAL 2015-11-26
[<b>07/04/2019 09:23:40 pm</b>] Wilkendhie JOSEPH (medecin) de Hopital du Canape Vert est allé dans ACCUEIL 
[<b>07/04/2019 09:25:41 pm</b>] Wilkendhie JOSEPH (medecin) de Hopital du Canape Vert  a recherché   jean damas jr saintira 2004-11-18 [MM/DD/YYYY]
[<b>07/04/2019 09:25:56 pm</b>] Wilkendhie JOSEPH (medecin) de Hopital du Canape Vert a recherché le client JEAN SAINTIRA 2004-11-18
[<b>07/04/2019 09:26:16 pm</b>] Wilkendhie JOSEPH (medecin) de Hopital du Canape Vert est allé dans ACCUEIL 
