[<b>14/08/2019 09:16:18 am</b>] Wilkendhie JOSEPH (medecin) de Hopital du Canape Vert  s'est connecté   
[<b>14/08/2019 09:16:19 am</b>] Wilkendhie JOSEPH (medecin) de Hopital du Canape Vert est allé dans ACCUEIL 
[<b>14/08/2019 09:17:05 am</b>] Wilkendhie JOSEPH (medecin) de Hopital du Canape Vert a recherché le client JAMES LOUIS 1981-06-14
[<b>14/08/2019 09:17:31 am</b>] Wilkendhie JOSEPH (medecin) de Hopital du Canape Vert est allé dans ACCUEIL 
[<b>14/08/2019 10:17:01 am</b>] Denold MILSOIT (medecin) de CLINIQULE Dr DENOLD MILSOIT  s'est connecté   
[<b>14/08/2019 10:17:02 am</b>] Denold MILSOIT (medecin) de CLINIQULE Dr DENOLD MILSOIT est allé dans ACCUEIL 
[<b>14/08/2019 04:36:10 pm</b>] Hunter HUNTER (medecin) de HERO  s'est connecté   
[<b>14/08/2019 04:36:11 pm</b>] Hunter HUNTER (medecin) de HERO est allé dans ACCUEIL 
[<b>14/08/2019 05:35:35 pm</b>] Hunter HUNTER (medecin) de HERO  s'est connecté   
[<b>14/08/2019 05:35:36 pm</b>] Hunter HUNTER (medecin) de HERO  s'est connecté   
[<b>14/08/2019 05:35:37 pm</b>] Hunter HUNTER (medecin) de HERO est allé dans ACCUEIL 
[<b>14/08/2019 05:36:04 pm</b>] Hunter HUNTER (medecin) de HERO a recherché le client CHOUMARA ETIENNE 1993-04-04
[<b>14/08/2019 08:16:01 pm</b>] Wilkendhie JOSEPH (medecin) de Hopital du Canape Vert  s'est connecté   
[<b>14/08/2019 08:16:02 pm</b>] Wilkendhie JOSEPH (medecin) de Hopital du Canape Vert est allé dans ACCUEIL 
[<b>14/08/2019 08:17:08 pm</b>] Wilkendhie JOSEPH (medecin) de Hopital du Canape Vert a recherché le client MARIE FARA DELERME 1984-08-15
[<b>14/08/2019 08:17:43 pm</b>] Wilkendhie JOSEPH (medecin) de Hopital du Canape Vert est allé dans ACCUEIL 
[<b>14/08/2019 09:33:46 pm</b>] Shana MONOPOL (medecin) de Hopital Espoir  s'est connecté   
[<b>14/08/2019 09:33:47 pm</b>] Shana MONOPOL (medecin) de Hopital Espoir est allé dans ACCUEIL 
[<b>14/08/2019 09:34:38 pm</b>] Shana MONOPOL (medecin) de Hopital Espoir a recherché le client GUICHARD HONORAT 1978-05-19
[<b>14/08/2019 09:34:58 pm</b>] Shana MONOPOL (medecin) de Hopital Espoir est allé dans ACCUEIL 
[<b>14/08/2019 11:06:15 pm</b>] Wilkendhie JOSEPH (medecin) de Hopital du Canape Vert  s'est connecté   
[<b>14/08/2019 11:06:15 pm</b>] Wilkendhie JOSEPH (medecin) de Hopital du Canape Vert est allé dans ACCUEIL 
[<b>14/08/2019 11:06:56 pm</b>] Wilkendhie JOSEPH (medecin) de Hopital du Canape Vert a recherché le client CALIXTE JULES 1969-04-01
[<b>14/08/2019 11:07:09 pm</b>] Wilkendhie JOSEPH (medecin) de Hopital du Canape Vert est allé dans ACCUEIL 
