[<b>27/02/2019 09:07:11 am</b>] Nathalie LAGUERRE (medecin) de clinique Dr Nathalie Laguerre  s'est connecté   
[<b>27/02/2019 09:07:12 am</b>] Nathalie LAGUERRE (medecin) de clinique Dr Nathalie Laguerre est allé dans ACCUEIL 
[<b>27/02/2019 09:07:38 am</b>] Nathalie LAGUERRE (medecin) de clinique Dr Nathalie Laguerre est allé dans ACCUEIL 
[<b>27/02/2019 09:09:04 am</b>] Nathalie LAGUERRE (medecin) de clinique Dr Nathalie Laguerre  a changé son mot de passe  
[<b>27/02/2019 09:09:05 am</b>] Nathalie LAGUERRE (medecin) de clinique Dr Nathalie Laguerre est allé dans ACCUEIL 
[<b>27/02/2019 09:10:17 am</b>] Nathalie LAGUERRE (medecin) de clinique Dr Nathalie Laguerre a recherché le client JOSE SIMON 1972-08-19
[<b>27/02/2019 09:10:17 am</b>] Nathalie LAGUERRE (medecin) de clinique Dr Nathalie Laguerre a recherché le client JOSE SIMON 1972-08-19
[<b>27/02/2019 09:10:17 am</b>] Nathalie LAGUERRE (medecin) de clinique Dr Nathalie Laguerre a recherché le client JOSE SIMON 1972-08-19
[<b>27/02/2019 09:10:23 am</b>] Nathalie LAGUERRE (medecin) de clinique Dr Nathalie Laguerre a recherché le client JOSE SIMON 1972-08-19
[<b>27/02/2019 09:10:23 am</b>] Nathalie LAGUERRE (medecin) de clinique Dr Nathalie Laguerre a recherché le client JOSE SIMON 1972-08-19
[<b>27/02/2019 09:10:23 am</b>] Nathalie LAGUERRE (medecin) de clinique Dr Nathalie Laguerre a recherché le client JOSE SIMON 1972-08-19
[<b>27/02/2019 09:12:42 am</b>] Nathalie LAGUERRE (medecin) de clinique Dr Nathalie Laguerre est allé dans ACCUEIL 
[<b>27/02/2019 09:12:44 am</b>] Nathalie LAGUERRE (medecin) de clinique Dr Nathalie Laguerre est allé dans ACCUEIL 
[<b>27/02/2019 09:12:46 am</b>] Nathalie LAGUERRE (medecin) de clinique Dr Nathalie Laguerre est allé dans ACCUEIL 
[<b>27/02/2019 09:18:51 am</b>] Sanon WIDMAIER (admin) de INASSA  s'est connecté   
[<b>27/02/2019 09:18:51 am</b>] Sanon WIDMAIER (admin) de INASSA est allé dans ACCUEIL 
[<b>27/02/2019 09:19:13 am</b>] Sanon WIDMAIER (admin) de INASSA a recherché le client WIDMAIER SANON 1978-07-01
[<b>27/02/2019 09:19:13 am</b>] Sanon WIDMAIER (admin) de INASSA a recherché le client WIDMAIER SANON 1978-07-01
[<b>27/02/2019 09:40:31 am</b>] Ylange DESSOURCES (medecin) de NASSA  s'est connecté   
[<b>27/02/2019 09:40:34 am</b>] Ylange DESSOURCES (medecin) de NASSA  s'est connecté   
[<b>27/02/2019 09:40:38 am</b>] Ylange DESSOURCES (medecin) de NASSA est allé dans ACCUEIL 
[<b>27/02/2019 09:41:44 am</b>] Ylange DESSOURCES (medecin) de NASSA  a recherché   Jackson Izme 1976-09-10 [MM/DD/YYYY]
[<b>27/02/2019 09:42:13 am</b>] Nathalie LAGUERRE (medecin) de clinique Dr Nathalie Laguerre  s'est connecté   
[<b>27/02/2019 09:42:13 am</b>] Nathalie LAGUERRE (medecin) de clinique Dr Nathalie Laguerre est allé dans ACCUEIL 
[<b>27/02/2019 09:43:08 am</b>] Nathalie LAGUERRE (medecin) de clinique Dr Nathalie Laguerre a recherché le client JOSE SIMON 1972-08-19
[<b>27/02/2019 09:43:08 am</b>] Nathalie LAGUERRE (medecin) de clinique Dr Nathalie Laguerre a recherché le client JOSE SIMON 1972-08-19
[<b>27/02/2019 09:43:08 am</b>] Nathalie LAGUERRE (medecin) de clinique Dr Nathalie Laguerre a recherché le client JOSE SIMON 1972-08-19
[<b>27/02/2019 09:43:16 am</b>] Nathalie LAGUERRE (medecin) de clinique Dr Nathalie Laguerre a recherché le client JOSE SIMON 1972-08-19
[<b>27/02/2019 09:43:16 am</b>] Nathalie LAGUERRE (medecin) de clinique Dr Nathalie Laguerre a recherché le client JOSE SIMON 1972-08-19
[<b>27/02/2019 09:43:16 am</b>] Nathalie LAGUERRE (medecin) de clinique Dr Nathalie Laguerre a recherché le client JOSE SIMON 1972-08-19
[<b>27/02/2019 09:43:57 am</b>] Ylange DESSOURCES (medecin) de NASSA  s'est déconnecté  
[<b>27/02/2019 10:46:15 am</b>] Denold MILSOIT (medecin) de CLINIQULE Dr DENOLD MILSOIT  s'est connecté   
[<b>27/02/2019 10:46:15 am</b>] Denold MILSOIT (medecin) de CLINIQULE Dr DENOLD MILSOIT est allé dans ACCUEIL 
[<b>27/02/2019 11:09:16 am</b>] Denold MILSOIT (medecin) de CLINIQULE Dr DENOLD MILSOIT  s'est connecté   
[<b>27/02/2019 11:09:16 am</b>] Denold MILSOIT (medecin) de CLINIQULE Dr DENOLD MILSOIT est allé dans ACCUEIL 
[<b>27/02/2019 11:14:04 am</b>] Chrislin NOEL (medecin) de Clinique du Dr Grenson Jeune  s'est connecté   
[<b>27/02/2019 11:14:04 am</b>] Chrislin NOEL (medecin) de Clinique du Dr Grenson Jeune est allé dans ACCUEIL 
[<b>27/02/2019 11:16:15 am</b>] Chrislin NOEL (medecin) de Clinique du Dr Grenson Jeune  a recherché   Joachin Louima 1986-09-01 [MM/DD/YYYY]
[<b>27/02/2019 11:17:09 am</b>] Chrislin NOEL (medecin) de Clinique du Dr Grenson Jeune a recherché le client LOUIMA JOACHIN 1986-09-01
[<b>27/02/2019 11:18:03 am</b>] Chrislin NOEL (medecin) de Clinique du Dr Grenson Jeune  est allé dans HISTORIQUE 
[<b>27/02/2019 11:18:21 am</b>] Chrislin NOEL (medecin) de Clinique du Dr Grenson Jeune est allé dans ACCUEIL 
[<b>27/02/2019 11:18:27 am</b>] Chrislin NOEL (medecin) de Clinique du Dr Grenson Jeune est allé dans ACCUEIL 
[<b>27/02/2019 11:20:36 am</b>] Chrislin NOEL (medecin) de Clinique du Dr Grenson Jeune a recherché le client JéSUMèNE DESTIN 1987-02-08
[<b>27/02/2019 11:21:07 am</b>] Chrislin NOEL (medecin) de Clinique du Dr Grenson Jeune est allé dans ACCUEIL 
[<b>27/02/2019 11:21:14 am</b>] Chrislin NOEL (medecin) de Clinique du Dr Grenson Jeune est allé dans ACCUEIL 
[<b>27/02/2019 11:21:22 am</b>] Chrislin NOEL (medecin) de Clinique du Dr Grenson Jeune est allé dans ACCUEIL 
[<b>27/02/2019 11:21:28 am</b>] Chrislin NOEL (medecin) de Clinique du Dr Grenson Jeune  s'est déconnecté  
[<b>27/02/2019 11:21:55 am</b>] Darmine BELISAIRE (medecin) de Clinique du Dr Grenson Jeune  s'est connecté   
[<b>27/02/2019 11:21:55 am</b>] Darmine BELISAIRE (medecin) de Clinique du Dr Grenson Jeune est allé dans ACCUEIL 
[<b>27/02/2019 11:22:10 am</b>] Darmine BELISAIRE (medecin) de Clinique du Dr Grenson Jeune  s'est déconnecté  
[<b>27/02/2019 12:36:38 pm</b>] Denold MILSOIT (medecin) de CLINIQULE Dr DENOLD MILSOIT  s'est connecté   
[<b>27/02/2019 12:36:39 pm</b>] Denold MILSOIT (medecin) de CLINIQULE Dr DENOLD MILSOIT est allé dans ACCUEIL 
[<b>27/02/2019 12:37:24 pm</b>] Denold MILSOIT (medecin) de CLINIQULE Dr DENOLD MILSOIT a recherché le client FEGUENS CLERVEAUX 1989-01-26
[<b>27/02/2019 12:37:24 pm</b>] Denold MILSOIT (medecin) de CLINIQULE Dr DENOLD MILSOIT a recherché le client FEGUENS CLERVEAUX 1989-01-26
[<b>27/02/2019 02:49:08 pm</b>] Denold MILSOIT (medecin) de CLINIQULE Dr DENOLD MILSOIT  s'est connecté   
[<b>27/02/2019 02:49:08 pm</b>] Denold MILSOIT (medecin) de CLINIQULE Dr DENOLD MILSOIT est allé dans ACCUEIL 
[<b>27/02/2019 02:49:10 pm</b>] Denold MILSOIT (medecin) de CLINIQULE Dr DENOLD MILSOIT  s'est connecté   
[<b>27/02/2019 02:49:11 pm</b>] Denold MILSOIT (medecin) de CLINIQULE Dr DENOLD MILSOIT est allé dans ACCUEIL 
[<b>27/02/2019 02:49:58 pm</b>] Denold MILSOIT (medecin) de CLINIQULE Dr DENOLD MILSOIT  a recherché   VIVIANE JACQUES 1991-01-14 [MM/DD/YYYY]
[<b>27/02/2019 02:50:32 pm</b>] Denold MILSOIT (medecin) de CLINIQULE Dr DENOLD MILSOIT  a recherché   JACQUES VIVIANE 1991-01-14 [MM/DD/YYYY]
[<b>27/02/2019 02:54:17 pm</b>] Denold MILSOIT (medecin) de CLINIQULE Dr DENOLD MILSOIT  a recherché   JACQUES VIVIANE 1991-01-14 [MM/DD/YYYY]
[<b>27/02/2019 02:54:47 pm</b>] Denold MILSOIT (medecin) de CLINIQULE Dr DENOLD MILSOIT  a recherché   VIVIANE JOSEPH 1991-01-14 [MM/DD/YYYY]
[<b>27/02/2019 02:55:01 pm</b>] Denold MILSOIT (medecin) de CLINIQULE Dr DENOLD MILSOIT  a recherché   VIVIANE JOSEPH JACQUES 1991-01-14 [MM/DD/YYYY]
[<b>27/02/2019 02:55:27 pm</b>] Denold MILSOIT (medecin) de CLINIQULE Dr DENOLD MILSOIT  a recherché   JACQUES VIVIANE JOSEPH JACQUES 1991-01-14 [MM/DD/YYYY]
[<b>27/02/2019 02:55:35 pm</b>] Denold MILSOIT (medecin) de CLINIQULE Dr DENOLD MILSOIT  a recherché   JACQUES VIVIANE JOSEPH JACQUES 1991-01-14 [MM/DD/YYYY]
[<b>27/02/2019 02:55:58 pm</b>] Denold MILSOIT (medecin) de CLINIQULE Dr DENOLD MILSOIT  a recherché   JACQUES VIVIANE JOSEPH 1991-01-14 [MM/DD/YYYY]
[<b>27/02/2019 02:56:37 pm</b>] Denold MILSOIT (medecin) de CLINIQULE Dr DENOLD MILSOIT  a recherché   JOSEPH  VIVIANE JACQUES 1991-01-14 [MM/DD/YYYY]
[<b>27/02/2019 03:54:18 pm</b>] Emmanuel ALEXIS (medecin) de Clinique  Dr Emmanuel Alexis  s'est connecté   
[<b>27/02/2019 03:54:19 pm</b>] Emmanuel ALEXIS (medecin) de Clinique  Dr Emmanuel Alexis est allé dans ACCUEIL 
[<b>27/02/2019 03:55:38 pm</b>] Emmanuel ALEXIS (medecin) de Clinique  Dr Emmanuel Alexis  a changé son mot de passe  
[<b>27/02/2019 03:55:39 pm</b>] Emmanuel ALEXIS (medecin) de Clinique  Dr Emmanuel Alexis est allé dans ACCUEIL 
