[<b>16/01/2019 08:17:21 am</b>] Rood-Jerry GEFFRARD (medecin) de Hopital Adventiste Diquini  s'est connecté   
[<b>16/01/2019 08:17:23 am</b>] Rood-Jerry GEFFRARD (medecin) de Hopital Adventiste Diquini  s'est connecté   
[<b>16/01/2019 08:17:24 am</b>] Rood-Jerry GEFFRARD (medecin) de Hopital Adventiste Diquini  s'est connecté   
[<b>16/01/2019 08:17:26 am</b>] Rood-Jerry GEFFRARD (medecin) de Hopital Adventiste Diquini est allé dans ACCUEIL 
[<b>16/01/2019 08:18:32 am</b>] Rood-Jerry GEFFRARD (medecin) de Hopital Adventiste Diquini  a recherché   Wilkens Alexis 2018-08-26 [MM/DD/YYYY]
[<b>16/01/2019 08:19:26 am</b>] Rood-Jerry GEFFRARD (medecin) de Hopital Adventiste Diquini a recherché le client OLSON FONVERT 1980-09-29
[<b>16/01/2019 08:20:24 am</b>] Rood-Jerry GEFFRARD (medecin) de Hopital Adventiste Diquini  a recherché   Wilkens Alexis 2018-08-26 [MM/DD/YYYY]
[<b>16/01/2019 08:49:50 am</b>] Denold MILSOIT (medecin) de CLINIQULE Dr DENOLD MILSOIT  s'est connecté   
[<b>16/01/2019 08:49:50 am</b>] Denold MILSOIT (medecin) de CLINIQULE Dr DENOLD MILSOIT est allé dans ACCUEIL 
[<b>16/01/2019 08:49:52 am</b>] Denold MILSOIT (medecin) de CLINIQULE Dr DENOLD MILSOIT  s'est connecté   
[<b>16/01/2019 08:49:52 am</b>] Denold MILSOIT (medecin) de CLINIQULE Dr DENOLD MILSOIT est allé dans ACCUEIL 
[<b>16/01/2019 08:53:14 am</b>] Denold MILSOIT (medecin) de CLINIQULE Dr DENOLD MILSOIT  a recherché   ETIENNE MOREL ALINE 1976-11-04 [MM/DD/YYYY]
[<b>16/01/2019 08:53:38 am</b>] Denold MILSOIT (medecin) de CLINIQULE Dr DENOLD MILSOIT a recherché le client ALINE ETIENNE MOREL 1976-11-04
[<b>16/01/2019 08:53:38 am</b>] Denold MILSOIT (medecin) de CLINIQULE Dr DENOLD MILSOIT a recherché le client ALINE ETIENNE MOREL 1976-11-04
[<b>16/01/2019 09:25:12 am</b>] Withnyse Caridad FRANCOIS (medecin) de HOP SAINT FRANCOIS DE SALES  s'est connecté   
[<b>16/01/2019 09:42:36 am</b>] Sanon WIDMAIER (admin) de INASSA  s'est connecté   
[<b>16/01/2019 09:43:17 am</b>] Sanon WIDMAIER (admin) de INASSA a recherché le client WIDMAIER SANON 1978-07-01
[<b>16/01/2019 09:43:17 am</b>] Sanon WIDMAIER (admin) de INASSA a recherché le client WIDMAIER SANON 1978-07-01
[<b>16/01/2019 09:44:43 am</b>] Sanon WIDMAIER (admin) de INASSA  s'est connecté   
[<b>16/01/2019 09:44:44 am</b>] Sanon WIDMAIER (admin) de INASSA est allé dans ACCUEIL 
[<b>16/01/2019 09:44:47 am</b>] Sanon WIDMAIER (admin) de INASSA  est allé dans HISTORIQUE 
[<b>16/01/2019 09:53:01 am</b>] Sanon WIDMAIER (admin) de INASSA  s'est connecté   
[<b>16/01/2019 11:03:29 am</b>] Admin WYZDEV (admin) de INASSA  s'est connecté   
[<b>16/01/2019 11:03:33 am</b>] Admin WYZDEV (admin) de INASSA est allé dans ACCUEIL 
[<b>16/01/2019 11:04:47 am</b>] Admin WYZDEV (admin) de INASSA  a recherché   Stem Sera 1985-07-29 [MM/DD/YYYY]
[<b>16/01/2019 11:04:59 am</b>] Admin WYZDEV (admin) de INASSA a recherché le client STEPHANIA SERAPHIN 1985-07-29
[<b>16/01/2019 11:04:59 am</b>] Admin WYZDEV (admin) de INASSA a recherché le client STEPHANIA SERAPHIN 1985-07-29
[<b>16/01/2019 11:09:32 am</b>] Admin WYZDEV (admin) de INASSA  s'est connecté   
[<b>16/01/2019 11:10:20 am</b>] Admin WYZDEV (admin) de INASSA a recherché le client STEPHANIA SERAPHIN 1985-07-29
[<b>16/01/2019 11:10:20 am</b>] Admin WYZDEV (admin) de INASSA a recherché le client STEPHANIA SERAPHIN 1985-07-29
[<b>16/01/2019 12:25:19 pm</b>] Denold MILSOIT (medecin) de CLINIQULE Dr DENOLD MILSOIT  s'est connecté   
[<b>16/01/2019 12:25:20 pm</b>] Denold MILSOIT (medecin) de CLINIQULE Dr DENOLD MILSOIT est allé dans ACCUEIL 
[<b>16/01/2019 12:26:25 pm</b>] Denold MILSOIT (medecin) de CLINIQULE Dr DENOLD MILSOIT  a recherché   JEAN PHYLIPPES 1975-04-12 [MM/DD/YYYY]
[<b>16/01/2019 12:26:58 pm</b>] Denold MILSOIT (medecin) de CLINIQULE Dr DENOLD MILSOIT  a recherché   PHYLIPPES JEAN 1975-04-12 [MM/DD/YYYY]
[<b>16/01/2019 12:27:22 pm</b>] Denold MILSOIT (medecin) de CLINIQULE Dr DENOLD MILSOIT  a recherché   PHILIPPE JEAN 1975-04-12 [MM/DD/YYYY]
[<b>16/01/2019 12:28:06 pm</b>] Denold MILSOIT (medecin) de CLINIQULE Dr DENOLD MILSOIT  a recherché   JEAN PHILIPPE 1975-04-12 [MM/DD/YYYY]
[<b>16/01/2019 12:28:26 pm</b>] Denold MILSOIT (medecin) de CLINIQULE Dr DENOLD MILSOIT  a recherché   JEAN PHILIPPES 1975-04-12 [MM/DD/YYYY]
[<b>16/01/2019 12:28:45 pm</b>] Denold MILSOIT (medecin) de CLINIQULE Dr DENOLD MILSOIT  a recherché   JEAN PHYLIPPES 1975-04-12 [MM/DD/YYYY]
[<b>16/01/2019 12:31:02 pm</b>] Denold MILSOIT (medecin) de CLINIQULE Dr DENOLD MILSOIT a recherché le client ALINE ETIENNE MOREL 1976-11-04
[<b>16/01/2019 12:31:02 pm</b>] Denold MILSOIT (medecin) de CLINIQULE Dr DENOLD MILSOIT a recherché le client ALINE ETIENNE MOREL 1976-11-04
[<b>16/01/2019 01:10:04 pm</b>] Admin WYZDEV (admin) de INASSA  s'est connecté   
[<b>16/01/2019 01:12:37 pm</b>] Admin WYZDEV (admin) de INASSA a recherché le client WIDMAIER SANON 1978-07-01
[<b>16/01/2019 01:12:37 pm</b>] Admin WYZDEV (admin) de INASSA a recherché le client WIDMAIER SANON 1978-07-01
[<b>16/01/2019 01:23:30 pm</b>] Admin WYZDEV (admin) de INASSA a recherché le client WIDMAIER SANON 1978-07-01
[<b>16/01/2019 01:23:30 pm</b>] Admin WYZDEV (admin) de INASSA a recherché le client WIDMAIER SANON 1978-07-01
[<b>16/01/2019 01:24:29 pm</b>] Admin WYZDEV (admin) de INASSA a recherché le client STEPHANIA SERAPHIN 1985-07-29
[<b>16/01/2019 01:24:29 pm</b>] Admin WYZDEV (admin) de INASSA a recherché le client STEPHANIA SERAPHIN 1985-07-29
