[<b>12/09/2019 03:39:52 am</b>]   () de   s'est déconnecté  
[<b>12/09/2019 06:45:00 am</b>] Fabiola FRANCOIS (medecin) de Hopital Espoir  s'est connecté   
[<b>12/09/2019 06:45:00 am</b>] Fabiola FRANCOIS (medecin) de Hopital Espoir est allé dans ACCUEIL 
[<b>12/09/2019 08:38:34 am</b>] Rood-Jerry GEFFRARD (medecin) de Hopital Adventiste Diquini  s'est connecté   
[<b>12/09/2019 08:38:34 am</b>] Rood-Jerry GEFFRARD (medecin) de Hopital Adventiste Diquini est allé dans ACCUEIL 
[<b>12/09/2019 08:39:40 am</b>] Rood-Jerry GEFFRARD (medecin) de Hopital Adventiste Diquini a recherché le client JOHANNE HENRY BELLONY 1990-01-10
[<b>12/09/2019 09:14:13 am</b>] Wilkendhie JOSEPH (medecin) de Hopital du Canape Vert  s'est connecté   
[<b>12/09/2019 09:14:14 am</b>] Wilkendhie JOSEPH (medecin) de Hopital du Canape Vert est allé dans ACCUEIL 
[<b>12/09/2019 09:15:36 am</b>] Wilkendhie JOSEPH (medecin) de Hopital du Canape Vert  a recherché   MARNO ANDOU KENSLEY OSSEE 2017-12-23 [MM/DD/YYYY]
[<b>12/09/2019 09:15:42 am</b>] Wilkendhie JOSEPH (medecin) de Hopital du Canape Vert  a recherché   MARNO ANDOU KENSLEY OSSEE 2017-12-23 [MM/DD/YYYY]
[<b>12/09/2019 09:15:47 am</b>] Wilkendhie JOSEPH (medecin) de Hopital du Canape Vert  a recherché   MARNO ANDOU KENSLEY OSSEE 2017-12-23 [MM/DD/YYYY]
[<b>12/09/2019 09:15:49 am</b>] Wilkendhie JOSEPH (medecin) de Hopital du Canape Vert  a recherché   MARNO ANDOU KENSLEY OSSEE 2017-12-23 [MM/DD/YYYY]
[<b>12/09/2019 09:15:58 am</b>] Wilkendhie JOSEPH (medecin) de Hopital du Canape Vert  a recherché   MARNO ANDOU KENSLEY OSSEE 2017-12-23 [MM/DD/YYYY]
[<b>12/09/2019 09:16:00 am</b>] Wilkendhie JOSEPH (medecin) de Hopital du Canape Vert  a recherché   MARNO ANDOU KENSLEY OSSEE 2017-12-23 [MM/DD/YYYY]
[<b>12/09/2019 09:16:26 am</b>] Wilkendhie JOSEPH (medecin) de Hopital du Canape Vert  a recherché   MARNO ANDOU KENSLEY OSSEE 2017-12-23 [MM/DD/YYYY]
[<b>12/09/2019 09:16:37 am</b>] Wilkendhie JOSEPH (medecin) de Hopital du Canape Vert  a recherché   MARNO ANDOU KENSLEY OSSEE 2017-12-23 [MM/DD/YYYY]
[<b>12/09/2019 09:17:15 am</b>] Wilkendhie JOSEPH (medecin) de Hopital du Canape Vert  a recherché   MARNO ANDOU KENSLEY OSSEE 2017-12-23 [MM/DD/YYYY]
[<b>12/09/2019 09:17:24 am</b>] Wilkendhie JOSEPH (medecin) de Hopital du Canape Vert  a recherché   MARNO ANDOU KENSLEY OSSEE 2017-12-23 [MM/DD/YYYY]
[<b>12/09/2019 09:17:28 am</b>] Wilkendhie JOSEPH (medecin) de Hopital du Canape Vert  a recherché   MARNO ANDOU KENSLEY OSSEE 2017-12-23 [MM/DD/YYYY]
[<b>12/09/2019 09:17:31 am</b>] Wilkendhie JOSEPH (medecin) de Hopital du Canape Vert  a recherché   MARNO ANDOU KENSLEY OSSEE 2017-12-23 [MM/DD/YYYY]
[<b>12/09/2019 09:17:33 am</b>] Wilkendhie JOSEPH (medecin) de Hopital du Canape Vert  a recherché   MARNO ANDOU KENSLEY OSSEE 2017-12-23 [MM/DD/YYYY]
[<b>12/09/2019 09:17:48 am</b>] Wilkendhie JOSEPH (medecin) de Hopital du Canape Vert  a recherché   MARNO ANDOU KENSLEY OSSE 2017-12-23 [MM/DD/YYYY]
[<b>12/09/2019 09:18:00 am</b>] Wilkendhie JOSEPH (medecin) de Hopital du Canape Vert  a recherché   MARNO ANDOU KENSLEY OSSE 2017-12-23 [MM/DD/YYYY]
[<b>12/09/2019 09:18:59 am</b>] Wilkendhie JOSEPH (medecin) de Hopital du Canape Vert  a recherché   ELMIDE OSSE PIERRE 2017-12-23 [MM/DD/YYYY]
[<b>12/09/2019 09:19:29 am</b>] Wilkendhie JOSEPH (medecin) de Hopital du Canape Vert a recherché le client ELMIDE OSSE PIERRE 1984-03-09
[<b>12/09/2019 09:19:29 am</b>] Wilkendhie JOSEPH (medecin) de Hopital du Canape Vert a recherché le client ELMIDE OSSE PIERRE 1984-03-09
[<b>12/09/2019 09:20:11 am</b>] Wilkendhie JOSEPH (medecin) de Hopital du Canape Vert est allé dans ACCUEIL 
[<b>12/09/2019 03:11:41 pm</b>] Sara SABIN (medecin) de Hopital Espoir  s'est connecté   
[<b>12/09/2019 03:11:41 pm</b>] Sara SABIN (medecin) de Hopital Espoir est allé dans ACCUEIL 
[<b>12/09/2019 03:12:20 pm</b>] Sara SABIN (medecin) de Hopital Espoir a recherché le client IVELSON FILS 1981-07-02
[<b>12/09/2019 03:12:20 pm</b>] Sara SABIN (medecin) de Hopital Espoir a recherché le client IVELSON FILS 1981-07-02
[<b>12/09/2019 03:12:20 pm</b>] Sara SABIN (medecin) de Hopital Espoir a recherché le client IVELSON FILS 1981-07-02
[<b>12/09/2019 03:13:07 pm</b>] Sara SABIN (medecin) de Hopital Espoir est allé dans ACCUEIL 
[<b>12/09/2019 04:05:55 pm</b>] Wilkendhie JOSEPH (medecin) de Hopital du Canape Vert  s'est connecté   
[<b>12/09/2019 04:05:56 pm</b>] Wilkendhie JOSEPH (medecin) de Hopital du Canape Vert est allé dans ACCUEIL 
[<b>12/09/2019 04:07:10 pm</b>] Wilkendhie JOSEPH (medecin) de Hopital du Canape Vert a recherché le client GERMAINE BENOIT MERVEILLE 1958-08-17
[<b>12/09/2019 04:07:36 pm</b>] Wilkendhie JOSEPH (medecin) de Hopital du Canape Vert est allé dans ACCUEIL 
