[<b>28/02/2019 01:20:26 pm</b>] Denold MILSOIT (medecin) de CLINIQULE Dr DENOLD MILSOIT  s'est connecté   
[<b>28/02/2019 01:20:27 pm</b>] Denold MILSOIT (medecin) de CLINIQULE Dr DENOLD MILSOIT est allé dans ACCUEIL 
[<b>28/02/2019 01:22:09 pm</b>] Denold MILSOIT (medecin) de CLINIQULE Dr DENOLD MILSOIT  a recherché   THEODANNA LOUIS 1988-09-25 [MM/DD/YYYY]
[<b>28/02/2019 01:22:52 pm</b>] Denold MILSOIT (medecin) de CLINIQULE Dr DENOLD MILSOIT  a recherché   LOUIS THEODANNA 1988-09-25 [MM/DD/YYYY]
[<b>28/02/2019 01:23:05 pm</b>] Denold MILSOIT (medecin) de CLINIQULE Dr DENOLD MILSOIT  a recherché   LOUIS THEODANNA 1987-09-25 [MM/DD/YYYY]
[<b>28/02/2019 01:23:27 pm</b>] Denold MILSOIT (medecin) de CLINIQULE Dr DENOLD MILSOIT  a recherché   THEODANNA LOUIS 1987-09-25 [MM/DD/YYYY]
[<b>28/02/2019 01:23:55 pm</b>] Denold MILSOIT (medecin) de CLINIQULE Dr DENOLD MILSOIT  a recherché   THEODANNA LOUIS 1987-09-25 [MM/DD/YYYY]
[<b>28/02/2019 01:24:21 pm</b>] Denold MILSOIT (medecin) de CLINIQULE Dr DENOLD MILSOIT  a recherché   LOUIS THEODANNA 1987-09-25 [MM/DD/YYYY]
[<b>28/02/2019 01:25:03 pm</b>] Denold MILSOIT (medecin) de CLINIQULE Dr DENOLD MILSOIT  a recherché   LOUIS THEODANNA 1988-09-25 [MM/DD/YYYY]
[<b>28/02/2019 01:29:24 pm</b>] Denold MILSOIT (medecin) de CLINIQULE Dr DENOLD MILSOIT a recherché le client FEGUENS CLERVEAUX 1989-01-26
[<b>28/02/2019 01:29:24 pm</b>] Denold MILSOIT (medecin) de CLINIQULE Dr DENOLD MILSOIT a recherché le client FEGUENS CLERVEAUX 1989-01-26
[<b>28/02/2019 01:30:10 pm</b>] Denold MILSOIT (medecin) de CLINIQULE Dr DENOLD MILSOIT est allé dans ACCUEIL 
[<b>28/02/2019 01:31:41 pm</b>] Denold MILSOIT (medecin) de CLINIQULE Dr DENOLD MILSOIT  a recherché   THEODONNA LOUIS 1987-09-27 [MM/DD/YYYY]
[<b>28/02/2019 01:32:23 pm</b>] Denold MILSOIT (medecin) de CLINIQULE Dr DENOLD MILSOIT  a recherché   THEODANNA LOUIS 1987-09-27 [MM/DD/YYYY]
[<b>28/02/2019 01:32:49 pm</b>] Denold MILSOIT (medecin) de CLINIQULE Dr DENOLD MILSOIT  a recherché   LOUIS THEODANNA 1987-09-27 [MM/DD/YYYY]
[<b>28/02/2019 01:33:07 pm</b>] Denold MILSOIT (medecin) de CLINIQULE Dr DENOLD MILSOIT  a recherché   LOUIS THEODONNA 1987-09-27 [MM/DD/YYYY]
[<b>28/02/2019 01:33:42 pm</b>] Denold MILSOIT (medecin) de CLINIQULE Dr DENOLD MILSOIT  a recherché   LOUIS THEODANNA 1988-09-27 [MM/DD/YYYY]
[<b>28/02/2019 01:56:44 pm</b>] Denold MILSOIT (medecin) de CLINIQULE Dr DENOLD MILSOIT  s'est connecté   
[<b>28/02/2019 01:56:46 pm</b>] Denold MILSOIT (medecin) de CLINIQULE Dr DENOLD MILSOIT est allé dans ACCUEIL 
[<b>28/02/2019 01:57:59 pm</b>] Denold MILSOIT (medecin) de CLINIQULE Dr DENOLD MILSOIT  a recherché   JEANINE DULORIER DESTIN 1968-09-22 [MM/DD/YYYY]
[<b>28/02/2019 01:58:19 pm</b>] Denold MILSOIT (medecin) de CLINIQULE Dr DENOLD MILSOIT a recherché le client DESTIN JEANINE DULORIER 1968-09-22
[<b>28/02/2019 01:58:19 pm</b>] Denold MILSOIT (medecin) de CLINIQULE Dr DENOLD MILSOIT a recherché le client DESTIN JEANINE DULORIER 1968-09-22
