[<b>16/08/2019 11:09:58 am</b>] Dominique AMBROISE (admin) de INASSA  s'est connecté   
[<b>16/08/2019 11:09:58 am</b>] Dominique AMBROISE (admin) de INASSA est allé dans ACCUEIL 
[<b>16/08/2019 11:32:37 am</b>] Dominique AMBROISE (admin) de INASSA  s'est connecté   
[<b>16/08/2019 11:32:39 am</b>] Dominique AMBROISE (admin) de INASSA est allé dans ACCUEIL 
[<b>16/08/2019 11:33:25 am</b>] Dominique AMBROISE (admin) de INASSA  est allé dans HISTORIQUE 
[<b>16/08/2019 02:32:19 pm</b>] Junior BELFLEUR (medecin) de Centre Hospitalier Medimax  s'est connecté   
[<b>16/08/2019 02:32:20 pm</b>] Junior BELFLEUR (medecin) de Centre Hospitalier Medimax est allé dans ACCUEIL 
[<b>16/08/2019 02:34:03 pm</b>] Junior BELFLEUR (medecin) de Centre Hospitalier Medimax a recherché le client PIERRE RICHARD ISMé 1979-09-27
[<b>16/08/2019 02:34:36 pm</b>] Junior BELFLEUR (medecin) de Centre Hospitalier Medimax est allé dans ACCUEIL 
[<b>16/08/2019 02:35:28 pm</b>] Junior BELFLEUR (medecin) de Centre Hospitalier Medimax  a recherché   Ricardi Bensley Ismé 2018-12-13 [MM/DD/YYYY]
[<b>16/08/2019 02:35:34 pm</b>] Junior BELFLEUR (medecin) de Centre Hospitalier Medimax est allé dans ACCUEIL 
[<b>16/08/2019 02:46:39 pm</b>] Wilkendhie JOSEPH (medecin) de Hopital du Canape Vert  s'est connecté   
[<b>16/08/2019 02:46:41 pm</b>] Wilkendhie JOSEPH (medecin) de Hopital du Canape Vert  s'est connecté   
[<b>16/08/2019 02:46:41 pm</b>] Wilkendhie JOSEPH (medecin) de Hopital du Canape Vert est allé dans ACCUEIL 
[<b>16/08/2019 02:47:53 pm</b>] Wilkendhie JOSEPH (medecin) de Hopital du Canape Vert a recherché le client RALPH MACKENSON LEFRUIT 1991-01-25
[<b>16/08/2019 02:48:09 pm</b>] Wilkendhie JOSEPH (medecin) de Hopital du Canape Vert est allé dans ACCUEIL 
[<b>16/08/2019 04:40:23 pm</b>] Sherlie CALIXTE (medecin) de Hopital Espoir  s'est connecté   
[<b>16/08/2019 04:40:24 pm</b>] Sherlie CALIXTE (medecin) de Hopital Espoir est allé dans ACCUEIL 
[<b>16/08/2019 04:44:03 pm</b>] Sherlie CALIXTE (medecin) de Hopital Espoir a recherché le client LUDENIE TITI 1981-08-22
[<b>16/08/2019 04:45:53 pm</b>] Sherlie CALIXTE (medecin) de Hopital Espoir est allé dans ACCUEIL 
[<b>16/08/2019 04:52:50 pm</b>] Sherlie CALIXTE (medecin) de Hopital Espoir  s'est connecté   
[<b>16/08/2019 04:52:51 pm</b>] Sherlie CALIXTE (medecin) de Hopital Espoir est allé dans ACCUEIL 
[<b>16/08/2019 04:53:33 pm</b>] Sherlie CALIXTE (medecin) de Hopital Espoir a recherché le client LUDENIE TITI 1981-08-22
[<b>16/08/2019 04:54:45 pm</b>] Sherlie CALIXTE (medecin) de Hopital Espoir est allé dans ACCUEIL 
[<b>16/08/2019 05:23:07 pm</b>] Sherlie CALIXTE (medecin) de Hopital Espoir  s'est connecté   
[<b>16/08/2019 05:23:08 pm</b>] Sherlie CALIXTE (medecin) de Hopital Espoir est allé dans ACCUEIL 
[<b>16/08/2019 05:24:14 pm</b>] Sherlie CALIXTE (medecin) de Hopital Espoir  a recherché   KARENE JEAN BAPTISTE 1988-10-17 [MM/DD/YYYY]
[<b>16/08/2019 05:24:57 pm</b>] Sherlie CALIXTE (medecin) de Hopital Espoir  a recherché   KARENE JEAN BAPTISTE 1988-10-17 [MM/DD/YYYY]
[<b>16/08/2019 05:27:42 pm</b>] Sherlie CALIXTE (medecin) de Hopital Espoir  s'est connecté   
[<b>16/08/2019 05:27:42 pm</b>] Sherlie CALIXTE (medecin) de Hopital Espoir est allé dans ACCUEIL 
[<b>16/08/2019 05:28:22 pm</b>] Sherlie CALIXTE (medecin) de Hopital Espoir  a recherché   karene jean baptiste 1988-10-17 [MM/DD/YYYY]
