[<b>29/03/2019 08:01:18 am</b>] Fabiola FRANCOIS (medecin) de Hopital Espoir  s'est connecté   
[<b>29/03/2019 08:01:19 am</b>] Fabiola FRANCOIS (medecin) de Hopital Espoir est allé dans ACCUEIL 
[<b>29/03/2019 08:01:53 am</b>] Fabiola FRANCOIS (medecin) de Hopital Espoir  a changé son mot de passe  
[<b>29/03/2019 08:01:53 am</b>] Fabiola FRANCOIS (medecin) de Hopital Espoir est allé dans ACCUEIL 
[<b>29/03/2019 08:03:13 am</b>] Fabiola FRANCOIS (medecin) de Hopital Espoir a recherché le client ELNA CANDIO 1984-08-06
[<b>29/03/2019 08:04:58 am</b>] Fabiola FRANCOIS (medecin) de Hopital Espoir est allé dans ACCUEIL 
[<b>29/03/2019 08:43:46 am</b>] Linda JUSTE (medecin) de Hopital Espoir  s'est connecté   
[<b>29/03/2019 08:43:46 am</b>] Linda JUSTE (medecin) de Hopital Espoir est allé dans ACCUEIL 
[<b>29/03/2019 08:44:15 am</b>] Rood-Jerry GEFFRARD (medecin) de Hopital Adventiste Diquini  s'est connecté   
[<b>29/03/2019 08:44:15 am</b>] Rood-Jerry GEFFRARD (medecin) de Hopital Adventiste Diquini est allé dans ACCUEIL 
[<b>29/03/2019 08:45:14 am</b>] Rood-Jerry GEFFRARD (medecin) de Hopital Adventiste Diquini  a recherché   Jean Dudeson Isaac 1999-01-30 [MM/DD/YYYY]
[<b>29/03/2019 08:46:15 am</b>] Linda JUSTE (medecin) de Hopital Espoir  a changé son mot de passe  
[<b>29/03/2019 08:46:16 am</b>] Linda JUSTE (medecin) de Hopital Espoir est allé dans ACCUEIL 
[<b>29/03/2019 08:48:26 am</b>] Linda JUSTE (medecin) de Hopital Espoir a recherché le client FABIENNE DOLCE 1987-09-04
[<b>29/03/2019 08:48:54 am</b>] Linda JUSTE (medecin) de Hopital Espoir est allé dans ACCUEIL 
[<b>29/03/2019 08:49:16 am</b>] Linda JUSTE (medecin) de Hopital Espoir  a recherché   fabienne dolce 1987-08-04 [MM/DD/YYYY]
[<b>29/03/2019 08:49:28 am</b>] Linda JUSTE (medecin) de Hopital Espoir a recherché le client FABIENNE DOLCE 1987-09-04
[<b>29/03/2019 08:49:46 am</b>] Linda JUSTE (medecin) de Hopital Espoir est allé dans ACCUEIL 
[<b>29/03/2019 08:49:49 am</b>] Linda JUSTE (medecin) de Hopital Espoir est allé dans ACCUEIL 
[<b>29/03/2019 08:50:27 am</b>] Linda JUSTE (medecin) de Hopital Espoir a recherché le client FABIENNE DOLCE 1987-09-04
[<b>29/03/2019 08:50:51 am</b>] Linda JUSTE (medecin) de Hopital Espoir est allé dans ACCUEIL 
[<b>29/03/2019 09:56:47 am</b>] Rose Christephane BANATTES (medecin) de Hopital Espoir  s'est connecté   
[<b>29/03/2019 09:56:47 am</b>] Rose Christephane BANATTES (medecin) de Hopital Espoir est allé dans ACCUEIL 
[<b>29/03/2019 09:57:13 am</b>] Rose Christephane BANATTES (medecin) de Hopital Espoir  a changé son mot de passe  
[<b>29/03/2019 09:57:13 am</b>] Rose Christephane BANATTES (medecin) de Hopital Espoir est allé dans ACCUEIL 
[<b>29/03/2019 10:31:42 am</b>] Marlie TONICO (medecin) de Hopital Espoir  s'est connecté   
[<b>29/03/2019 10:31:42 am</b>] Marlie TONICO (medecin) de Hopital Espoir est allé dans ACCUEIL 
[<b>29/03/2019 10:51:54 am</b>] Rachel DAVILMAR (medecin) de Hopital Espoir  s'est connecté   
[<b>29/03/2019 10:51:55 am</b>] Rachel DAVILMAR (medecin) de Hopital Espoir est allé dans ACCUEIL 
[<b>29/03/2019 10:52:30 am</b>] Rachel DAVILMAR (medecin) de Hopital Espoir  a changé son mot de passe  
[<b>29/03/2019 10:52:30 am</b>] Rachel DAVILMAR (medecin) de Hopital Espoir est allé dans ACCUEIL 
[<b>29/03/2019 10:54:44 am</b>] Rachel DAVILMAR (medecin) de Hopital Espoir a recherché le client GAELLE CELICOURT 1987-06-12
[<b>29/03/2019 10:54:44 am</b>] Rachel DAVILMAR (medecin) de Hopital Espoir a recherché le client GAELLE CELICOURT 1987-06-12
[<b>29/03/2019 10:54:53 am</b>] Rachel DAVILMAR (medecin) de Hopital Espoir a recherché le client GAELLE CELICOURT 1987-06-12
[<b>29/03/2019 10:54:53 am</b>] Rachel DAVILMAR (medecin) de Hopital Espoir a recherché le client GAELLE CELICOURT 1987-06-12
[<b>29/03/2019 11:03:40 am</b>] Marlie TONICO (medecin) de Hopital Espoir  s'est connecté   
[<b>29/03/2019 11:03:41 am</b>] Marlie TONICO (medecin) de Hopital Espoir est allé dans ACCUEIL 
[<b>29/03/2019 11:04:50 am</b>] Marlie TONICO (medecin) de Hopital Espoir  a changé son mot de passe  
[<b>29/03/2019 11:04:50 am</b>] Marlie TONICO (medecin) de Hopital Espoir est allé dans ACCUEIL 
[<b>29/03/2019 11:09:24 am</b>] Marlie TONICO (medecin) de Hopital Espoir  a recherché      [MM/DD/YYYY]
[<b>29/03/2019 12:52:57 pm</b>] Wilkendhie JOSEPH (medecin) de Hopital du Canape Vert  s'est connecté   
[<b>29/03/2019 12:52:58 pm</b>] Wilkendhie JOSEPH (medecin) de Hopital du Canape Vert est allé dans ACCUEIL 
[<b>29/03/2019 12:54:17 pm</b>] Wilkendhie JOSEPH (medecin) de Hopital du Canape Vert  a recherché   Johanna Gina Reimers 1956-09-10 [MM/DD/YYYY]
[<b>29/03/2019 12:54:53 pm</b>] Wilkendhie JOSEPH (medecin) de Hopital du Canape Vert  a recherché   Johanna Reimers 1956-09-10 [MM/DD/YYYY]
[<b>29/03/2019 12:55:13 pm</b>] Wilkendhie JOSEPH (medecin) de Hopital du Canape Vert  a recherché   Gina Reimers 1956-09-10 [MM/DD/YYYY]
[<b>29/03/2019 12:57:02 pm</b>] Wilkendhie JOSEPH (medecin) de Hopital du Canape Vert a recherché le client JOHANNA REIMERS 1960-09-10
[<b>29/03/2019 12:59:09 pm</b>] Wilkendhie JOSEPH (medecin) de Hopital du Canape Vert  a recherché   Elijah Natsley ALMONOR 2015-12-04 [MM/DD/YYYY]
[<b>29/03/2019 12:59:25 pm</b>] Wilkendhie JOSEPH (medecin) de Hopital du Canape Vert a recherché le client ELIJAH ALMONOR 2015-12-04
[<b>29/03/2019 01:00:28 pm</b>] Wilkendhie JOSEPH (medecin) de Hopital du Canape Vert  s'est déconnecté  
[<b>29/03/2019 01:57:54 pm</b>] Rose Christephane BANATTES (medecin) de Hopital Espoir  s'est connecté   
[<b>29/03/2019 01:57:56 pm</b>] Rose Christephane BANATTES (medecin) de Hopital Espoir est allé dans ACCUEIL 
[<b>29/03/2019 01:57:58 pm</b>] Rose Christephane BANATTES (medecin) de Hopital Espoir  s'est connecté   
[<b>29/03/2019 01:57:58 pm</b>] Rose Christephane BANATTES (medecin) de Hopital Espoir est allé dans ACCUEIL 
[<b>29/03/2019 01:59:04 pm</b>] Rose Christephane BANATTES (medecin) de Hopital Espoir a recherché le client TONITA DOSSOUS JEUNE 1976-02-15
[<b>29/03/2019 01:59:08 pm</b>] Rose Christephane BANATTES (medecin) de Hopital Espoir a recherché le client TONITA DOSSOUS JEUNE 1976-02-15
[<b>29/03/2019 03:18:24 pm</b>] Rose Christephane BANATTES (medecin) de Hopital Espoir  s'est connecté   
[<b>29/03/2019 03:18:25 pm</b>] Rose Christephane BANATTES (medecin) de Hopital Espoir  s'est connecté   
[<b>29/03/2019 03:18:26 pm</b>] Rose Christephane BANATTES (medecin) de Hopital Espoir est allé dans ACCUEIL 
[<b>29/03/2019 04:59:56 pm</b>] Wilkendhie JOSEPH (medecin) de Hopital du Canape Vert  s'est connecté   
[<b>29/03/2019 05:00:00 pm</b>] Wilkendhie JOSEPH (medecin) de Hopital du Canape Vert est allé dans ACCUEIL 
[<b>29/03/2019 05:00:45 pm</b>] Wilkendhie JOSEPH (medecin) de Hopital du Canape Vert  a recherché   Jessie Rameau 1977-11-09 [MM/DD/YYYY]
[<b>29/03/2019 05:01:28 pm</b>] Wilkendhie JOSEPH (medecin) de Hopital du Canape Vert  a recherché   Jessie Rameau 1977-11-09 [MM/DD/YYYY]
[<b>29/03/2019 05:02:13 pm</b>] Wilkendhie JOSEPH (medecin) de Hopital du Canape Vert  a recherché   Jessie Jean baptiste 1977-11-09 [MM/DD/YYYY]
[<b>29/03/2019 05:02:22 pm</b>] Wilkendhie JOSEPH (medecin) de Hopital du Canape Vert  s'est déconnecté  
