[<b>27/11/2019 06:16:53 am</b>] Wilkendhie JOSEPH (medecin) de Hopital du Canape Vert  s'est connecté   
[<b>27/11/2019 06:16:54 am</b>] Wilkendhie JOSEPH (medecin) de Hopital du Canape Vert est allé dans ACCUEIL 
[<b>27/11/2019 06:18:33 am</b>] Wilkendhie JOSEPH (medecin) de Hopital du Canape Vert a recherché le client YOHANN VITAL 2019-07-24
[<b>27/11/2019 06:19:05 am</b>] Wilkendhie JOSEPH (medecin) de Hopital du Canape Vert est allé dans ACCUEIL 
[<b>27/11/2019 06:19:07 am</b>] Wilkendhie JOSEPH (medecin) de Hopital du Canape Vert est allé dans ACCUEIL 
[<b>27/11/2019 08:45:09 am</b>] Rood-Jerry GEFFRARD (medecin) de Hopital Adventiste Diquini  s'est connecté   
[<b>27/11/2019 08:45:10 am</b>] Rood-Jerry GEFFRARD (medecin) de Hopital Adventiste Diquini est allé dans ACCUEIL 
[<b>27/11/2019 08:46:09 am</b>] Rood-Jerry GEFFRARD (medecin) de Hopital Adventiste Diquini a recherché le client JENNIFER BELLABE 2012-09-22
[<b>27/11/2019 09:07:14 am</b>] Marc-Eric ALTIDOR (admin) de INASSA  s'est connecté   
[<b>27/11/2019 09:07:14 am</b>] Marc-Eric ALTIDOR (admin) de INASSA est allé dans ACCUEIL 
[<b>27/11/2019 09:07:24 am</b>] Marc-Eric ALTIDOR (admin) de INASSA  est allé dans PARAMETRES  
[<b>27/11/2019 11:11:20 am</b>] Marc-Eric ALTIDOR (admin) de INASSA  s'est connecté   
[<b>27/11/2019 11:11:20 am</b>] Marc-Eric ALTIDOR (admin) de INASSA est allé dans ACCUEIL 
[<b>27/11/2019 11:11:23 am</b>] Marc-Eric ALTIDOR (admin) de INASSA  est allé dans PARAMETRES  
[<b>27/11/2019 11:12:12 am</b>] Marc-Eric ALTIDOR (admin) de INASSA a enregistré l'utilisateur  Emilienne DENIS / edenis / chfhospital@yahoo.com / Médecin / Actif
[<b>27/11/2019 11:12:12 am</b>] Marc-Eric ALTIDOR (admin) de INASSA  est allé dans PARAMETRES  
[<b>27/11/2019 11:13:04 am</b>] Marc-Eric ALTIDOR (admin) de INASSA a enregistré l'utilisateur  Marlyne Jean François ALFRED / mjalfred / centrehospitalierlafamille@gmail.com / Médecin / Actif
[<b>27/11/2019 11:13:04 am</b>] Marc-Eric ALTIDOR (admin) de INASSA  est allé dans PARAMETRES  
[<b>27/11/2019 08:10:53 pm</b>] Wilkendhie JOSEPH (medecin) de Hopital du Canape Vert  s'est connecté   
[<b>27/11/2019 08:10:53 pm</b>] Wilkendhie JOSEPH (medecin) de Hopital du Canape Vert est allé dans ACCUEIL 
