[<b>06/12/2019 09:23:45 am</b>] Denold MILSOIT (medecin) de CLINIQULE Dr DENOLD MILSOIT  s'est connecté   
[<b>06/12/2019 09:23:46 am</b>] Denold MILSOIT (medecin) de CLINIQULE Dr DENOLD MILSOIT est allé dans ACCUEIL 
[<b>06/12/2019 10:10:12 am</b>] Denold MILSOIT (medecin) de CLINIQULE Dr DENOLD MILSOIT  s'est connecté   
[<b>06/12/2019 10:10:13 am</b>] Denold MILSOIT (medecin) de CLINIQULE Dr DENOLD MILSOIT est allé dans ACCUEIL 
[<b>06/12/2019 10:10:54 am</b>] Denold MILSOIT (medecin) de CLINIQULE Dr DENOLD MILSOIT  a recherché   BELIZAIRE WESLY 1988-09-21 [MM/DD/YYYY]
[<b>06/12/2019 10:11:24 am</b>] Denold MILSOIT (medecin) de CLINIQULE Dr DENOLD MILSOIT  a recherché   WESLY BELIZAIRE 1988-09-21 [MM/DD/YYYY]
[<b>06/12/2019 11:53:20 am</b>] Anick DUPUY (admin) de INASSA  s'est connecté   
[<b>06/12/2019 11:53:20 am</b>] Anick DUPUY (admin) de INASSA est allé dans ACCUEIL 
[<b>06/12/2019 11:54:24 am</b>] Anick DUPUY (admin) de INASSA a recherché le client CARLINE SUPPLICE 1961-07-06
[<b>06/12/2019 11:54:24 am</b>] Anick DUPUY (admin) de INASSA a recherché le client CARLINE W. SUPPLICE 1961-07-06
[<b>06/12/2019 11:54:24 am</b>] Anick DUPUY (admin) de INASSA a recherché le client CARLINEW. SUPPLICE 1961-07-06
[<b>06/12/2019 11:55:39 am</b>] Anick DUPUY (admin) de INASSA  s'est déconnecté  
[<b>06/12/2019 01:26:02 pm</b>] Shana MONOPOL (medecin) de Hopital Espoir  s'est connecté   
[<b>06/12/2019 01:26:02 pm</b>] Shana MONOPOL (medecin) de Hopital Espoir est allé dans ACCUEIL 
[<b>06/12/2019 01:26:34 pm</b>] Shana MONOPOL (medecin) de Hopital Espoir a recherché le client MARTIN DESROSIERS 1975-12-01
[<b>06/12/2019 01:27:08 pm</b>] Shana MONOPOL (medecin) de Hopital Espoir est allé dans ACCUEIL 
[<b>06/12/2019 01:48:30 pm</b>] Wilkendhie JOSEPH (medecin) de Hopital du Canape Vert  s'est connecté   
[<b>06/12/2019 01:48:30 pm</b>] Wilkendhie JOSEPH (medecin) de Hopital du Canape Vert est allé dans ACCUEIL 
[<b>06/12/2019 01:51:18 pm</b>] Wilkendhie JOSEPH (medecin) de Hopital du Canape Vert  a recherché   wildlyn elveus 1984-04-17 [MM/DD/YYYY]
[<b>06/12/2019 01:51:32 pm</b>] Wilkendhie JOSEPH (medecin) de Hopital du Canape Vert  a recherché   wildlyn elveus 1984-04-17 [MM/DD/YYYY]
[<b>06/12/2019 01:51:34 pm</b>] Wilkendhie JOSEPH (medecin) de Hopital du Canape Vert  a recherché   wildlyn elveus 1984-04-17 [MM/DD/YYYY]
[<b>06/12/2019 01:52:15 pm</b>] Wilkendhie JOSEPH (medecin) de Hopital du Canape Vert  a recherché   elveus widlyn 1984-04-17 [MM/DD/YYYY]
[<b>06/12/2019 01:53:00 pm</b>] Wilkendhie JOSEPH (medecin) de Hopital du Canape Vert  a recherché   elveus widlyn 1984-04-17 [MM/DD/YYYY]
[<b>06/12/2019 01:58:31 pm</b>] Wilkendhie JOSEPH (medecin) de Hopital du Canape Vert  s'est connecté   
[<b>06/12/2019 01:58:31 pm</b>] Wilkendhie JOSEPH (medecin) de Hopital du Canape Vert est allé dans ACCUEIL 
[<b>06/12/2019 01:59:25 pm</b>] Wilkendhie JOSEPH (medecin) de Hopital du Canape Vert a recherché le client WIDLYN ELVEUS 1984-04-17
[<b>06/12/2019 01:59:35 pm</b>] Wilkendhie JOSEPH (medecin) de Hopital du Canape Vert est allé dans ACCUEIL 
[<b>06/12/2019 03:02:40 pm</b>] Shana MONOPOL (medecin) de Hopital Espoir  s'est connecté   
[<b>06/12/2019 03:02:40 pm</b>] Shana MONOPOL (medecin) de Hopital Espoir est allé dans ACCUEIL 
[<b>06/12/2019 03:03:34 pm</b>] Shana MONOPOL (medecin) de Hopital Espoir  a recherché   jeantil jeanty 1987-07-06 [MM/DD/YYYY]
[<b>06/12/2019 03:04:53 pm</b>] Shana MONOPOL (medecin) de Hopital Espoir a recherché le client JEANTIL JEANTY 1987-07-07
