[<b>08/05/2019 09:58:01 am</b>] Wilkendhie JOSEPH (medecin) de Hopital du Canape Vert  s'est connecté   
[<b>08/05/2019 09:58:02 am</b>] Wilkendhie JOSEPH (medecin) de Hopital du Canape Vert est allé dans ACCUEIL 
[<b>08/05/2019 09:59:14 am</b>] Wilkendhie JOSEPH (medecin) de Hopital du Canape Vert  a recherché   SABINA ELYSEE CELINE  [MM/DD/YYYY]
[<b>08/05/2019 10:00:24 am</b>] Wilkendhie JOSEPH (medecin) de Hopital du Canape Vert  s'est déconnecté  
[<b>08/05/2019 10:00:24 am</b>]   () de  est allé dans ACCUEIL 
[<b>08/05/2019 10:01:19 am</b>] Wilkendhie JOSEPH (medecin) de Hopital du Canape Vert  s'est connecté   
[<b>08/05/2019 10:01:23 am</b>] Wilkendhie JOSEPH (medecin) de Hopital du Canape Vert est allé dans ACCUEIL 
[<b>08/05/2019 10:04:09 am</b>] Wilkendhie JOSEPH (medecin) de Hopital du Canape Vert  a recherché   SABINA ELYSEE CELINE  [MM/DD/YYYY]
[<b>08/05/2019 10:27:19 am</b>] Wilkendhie JOSEPH (medecin) de Hopital du Canape Vert  s'est connecté   
[<b>08/05/2019 10:27:19 am</b>] Wilkendhie JOSEPH (medecin) de Hopital du Canape Vert est allé dans ACCUEIL 
[<b>08/05/2019 10:28:09 am</b>] Wilkendhie JOSEPH (medecin) de Hopital du Canape Vert a recherché le client SABINA CELINE 1983-04-15
[<b>08/05/2019 10:28:09 am</b>] Wilkendhie JOSEPH (medecin) de Hopital du Canape Vert a recherché le client SABINA CELINE 1983-04-15
[<b>08/05/2019 10:28:09 am</b>] Wilkendhie JOSEPH (medecin) de Hopital du Canape Vert a recherché le client SABINA CELINE 1983-04-15
[<b>08/05/2019 10:28:09 am</b>] Wilkendhie JOSEPH (medecin) de Hopital du Canape Vert a recherché le client SABINA CELINE 1983-04-15
[<b>08/05/2019 10:28:09 am</b>] Wilkendhie JOSEPH (medecin) de Hopital du Canape Vert a recherché le client SABINA CELINE 1983-04-15
[<b>08/05/2019 10:28:34 am</b>] Wilkendhie JOSEPH (medecin) de Hopital du Canape Vert est allé dans ACCUEIL 
[<b>08/05/2019 11:51:40 am</b>] Wilkendhie JOSEPH (medecin) de Hopital du Canape Vert  s'est connecté   
[<b>08/05/2019 11:51:40 am</b>] Wilkendhie JOSEPH (medecin) de Hopital du Canape Vert est allé dans ACCUEIL 
[<b>08/05/2019 11:52:56 am</b>] Wilkendhie JOSEPH (medecin) de Hopital du Canape Vert a recherché le client MICHAELLE FREDERIC 1979-02-16
[<b>08/05/2019 11:53:13 am</b>] Wilkendhie JOSEPH (medecin) de Hopital du Canape Vert est allé dans ACCUEIL 
