[<b>07/08/2019 11:18:07 am</b>] Fabiola FRANCOIS (medecin) de Hopital Espoir  s'est connecté   
[<b>07/08/2019 11:18:07 am</b>] Fabiola FRANCOIS (medecin) de Hopital Espoir est allé dans ACCUEIL 
[<b>07/08/2019 11:18:39 am</b>] Fabiola FRANCOIS (medecin) de Hopital Espoir a recherché le client TAHISSA BENOIT 2013-10-03
[<b>07/08/2019 11:18:56 am</b>] Fabiola FRANCOIS (medecin) de Hopital Espoir est allé dans ACCUEIL 
[<b>07/08/2019 12:00:54 pm</b>] Dominique AMBROISE (admin) de INASSA  s'est connecté   
[<b>07/08/2019 12:00:54 pm</b>] Dominique AMBROISE (admin) de INASSA est allé dans ACCUEIL 
[<b>07/08/2019 01:14:15 pm</b>] Bernard BRUTUS (medecin) de Clinique Dr Brutus  s'est connecté   
[<b>07/08/2019 01:14:17 pm</b>] Bernard BRUTUS (medecin) de Clinique Dr Brutus est allé dans ACCUEIL 
[<b>07/08/2019 01:18:47 pm</b>] Bernard BRUTUS (medecin) de Clinique Dr Brutus  a changé son mot de passe  
[<b>07/08/2019 01:18:47 pm</b>] Bernard BRUTUS (medecin) de Clinique Dr Brutus est allé dans ACCUEIL 
[<b>07/08/2019 01:19:39 pm</b>] Bernard BRUTUS (medecin) de Clinique Dr Brutus est allé dans ACCUEIL 
[<b>07/08/2019 01:19:41 pm</b>] Bernard BRUTUS (medecin) de Clinique Dr Brutus est allé dans ACCUEIL 
[<b>07/08/2019 01:21:02 pm</b>] Bernard BRUTUS (medecin) de Clinique Dr Brutus est allé dans ACCUEIL 
[<b>07/08/2019 01:22:02 pm</b>] Bernard BRUTUS (medecin) de Clinique Dr Brutus  a recherché   Bernard Brutus 2019-08-07 [MM/DD/YYYY]
[<b>07/08/2019 01:23:04 pm</b>] Bernard BRUTUS (medecin) de Clinique Dr Brutus  a recherché   Régine Toussaint 2019-08-07 [MM/DD/YYYY]
[<b>07/08/2019 01:23:39 pm</b>] Bernard BRUTUS (medecin) de Clinique Dr Brutus  a recherché   Clotilde Louissaint 2019-08-07 [MM/DD/YYYY]
[<b>07/08/2019 01:23:45 pm</b>] Bernard BRUTUS (medecin) de Clinique Dr Brutus  a recherché   Clotilde Louissaint 2019-08-07 [MM/DD/YYYY]
[<b>07/08/2019 01:23:48 pm</b>] Bernard BRUTUS (medecin) de Clinique Dr Brutus  a recherché   Clotilde Louissaint 2019-08-07 [MM/DD/YYYY]
[<b>07/08/2019 01:23:55 pm</b>] Bernard BRUTUS (medecin) de Clinique Dr Brutus  a recherché   Clotilde Louissaint 2019-08-07 [MM/DD/YYYY]
[<b>07/08/2019 04:47:39 pm</b>] Marc-Eric ALTIDOR (admin) de INASSA  s'est connecté   
[<b>07/08/2019 04:47:39 pm</b>] Marc-Eric ALTIDOR (admin) de INASSA est allé dans ACCUEIL 
[<b>07/08/2019 04:48:03 pm</b>] Marc-Eric ALTIDOR (admin) de INASSA a recherché le client MARC-ERIC ALTIDOR 1975-06-28
[<b>07/08/2019 04:48:18 pm</b>] Marc-Eric ALTIDOR (admin) de INASSA a recherché le client MARC-ERIC ALTIDOR 1975-06-28
[<b>07/08/2019 04:48:28 pm</b>] Marc-Eric ALTIDOR (admin) de INASSA a recherché le client MARC-ERIC ALTIDOR 1975-06-28
