[<b>04/04/2019 07:33:15 am</b>] Wilkendhie JOSEPH (medecin) de Hopital du Canape Vert  s'est connecté   
[<b>04/04/2019 07:33:16 am</b>] Wilkendhie JOSEPH (medecin) de Hopital du Canape Vert est allé dans ACCUEIL 
[<b>04/04/2019 07:33:40 am</b>] Wilkendhie JOSEPH (medecin) de Hopital du Canape Vert  a recherché   KERLYNE DERONCELAY  [MM/DD/YYYY]
[<b>04/04/2019 07:35:20 am</b>] Wilkendhie JOSEPH (medecin) de Hopital du Canape Vert  a recherché   jovens hans kerlain petit homme 2012-11-04 [MM/DD/YYYY]
[<b>04/04/2019 07:36:23 am</b>] Wilkendhie JOSEPH (medecin) de Hopital du Canape Vert a recherché le client ROLDYNE REGISTRE 1996-07-16
[<b>04/04/2019 08:08:59 am</b>] Wilkendhie JOSEPH (medecin) de Hopital du Canape Vert  s'est connecté   
[<b>04/04/2019 08:09:00 am</b>] Wilkendhie JOSEPH (medecin) de Hopital du Canape Vert est allé dans ACCUEIL 
[<b>04/04/2019 08:09:34 am</b>] Wilkendhie JOSEPH (medecin) de Hopital du Canape Vert  a recherché   BARBARA BOURJOLLY 1986-07-29 [MM/DD/YYYY]
[<b>04/04/2019 08:45:08 am</b>] Junior BELFLEUR (medecin) de Centre Hospitalier Medimax  s'est connecté   
[<b>04/04/2019 08:45:08 am</b>] Junior BELFLEUR (medecin) de Centre Hospitalier Medimax est allé dans ACCUEIL 
[<b>04/04/2019 08:48:44 am</b>] Junior BELFLEUR (medecin) de Centre Hospitalier Medimax a recherché le client SYMPSON BENJAMIN 1981-12-14
[<b>04/04/2019 08:48:44 am</b>] Junior BELFLEUR (medecin) de Centre Hospitalier Medimax a recherché le client SYMPSON BENJAMIN 1981-12-14
[<b>04/04/2019 08:50:48 am</b>] Junior BELFLEUR (medecin) de Centre Hospitalier Medimax a recherché le client JEAN HERBY ANTOINE 1977-06-13
[<b>04/04/2019 08:53:13 am</b>] Junior BELFLEUR (medecin) de Centre Hospitalier Medimax  a recherché   Djorgia Marcia Gabriella Antoine 2017-10-21 [MM/DD/YYYY]
[<b>04/04/2019 09:18:51 am</b>] Junior BELFLEUR (medecin) de Centre Hospitalier Medimax  s'est connecté   
[<b>04/04/2019 09:18:52 am</b>] Junior BELFLEUR (medecin) de Centre Hospitalier Medimax est allé dans ACCUEIL 
[<b>04/04/2019 12:50:31 pm</b>] Marc-Eric ALTIDOR (admin) de INASSA  s'est connecté   
[<b>04/04/2019 12:51:03 pm</b>] Marc-Eric ALTIDOR (admin) de INASSA  s'est connecté   
[<b>04/04/2019 12:52:36 pm</b>] Marc-Eric ALTIDOR (admin) de INASSA  s'est connecté   
[<b>04/04/2019 12:52:37 pm</b>] Marc-Eric ALTIDOR (admin) de INASSA est allé dans ACCUEIL 
[<b>04/04/2019 12:53:34 pm</b>] Marc-Eric ALTIDOR (admin) de INASSA est allé dans ACCUEIL 
[<b>04/04/2019 12:55:50 pm</b>] Sanon WIDMAIER (admin) de INASSA  s'est connecté   
[<b>04/04/2019 12:55:51 pm</b>] Sanon WIDMAIER (admin) de INASSA est allé dans ACCUEIL 
[<b>04/04/2019 12:56:57 pm</b>] Sanon WIDMAIER (admin) de INASSA est allé dans ACCUEIL 
[<b>04/04/2019 02:59:37 pm</b>] Marc-Eric ALTIDOR (admin) de INASSA  s'est connecté   
[<b>04/04/2019 02:59:37 pm</b>] Marc-Eric ALTIDOR (admin) de INASSA est allé dans ACCUEIL 
[<b>04/04/2019 03:05:50 pm</b>] Marc-Eric ALTIDOR (admin) de INASSA  s'est connecté   
[<b>04/04/2019 03:05:50 pm</b>] Marc-Eric ALTIDOR (admin) de INASSA est allé dans ACCUEIL 
[<b>04/04/2019 03:06:23 pm</b>] Marc-Eric ALTIDOR (admin) de INASSA a recherché le client MARC-ERIC ALTIDOR 1975-06-28
[<b>04/04/2019 04:28:33 pm</b>] Sherlie CALIXTE (medecin) de Hopital Espoir  s'est connecté   
[<b>04/04/2019 04:29:29 pm</b>] Sherlie CALIXTE (medecin) de Hopital Espoir  s'est connecté   
[<b>04/04/2019 04:29:29 pm</b>] Sherlie CALIXTE (medecin) de Hopital Espoir est allé dans ACCUEIL 
[<b>04/04/2019 04:29:48 pm</b>] Sherlie CALIXTE (medecin) de Hopital Espoir est allé dans ACCUEIL 
[<b>04/04/2019 04:29:57 pm</b>] Sherlie CALIXTE (medecin) de Hopital Espoir est allé dans ACCUEIL 
[<b>04/04/2019 04:30:09 pm</b>] Sherlie CALIXTE (medecin) de Hopital Espoir est allé dans ACCUEIL 
[<b>04/04/2019 04:30:17 pm</b>] Sherlie CALIXTE (medecin) de Hopital Espoir est allé dans ACCUEIL 
[<b>04/04/2019 04:31:02 pm</b>] Sherlie CALIXTE (medecin) de Hopital Espoir  a changé son mot de passe  
[<b>04/04/2019 04:31:03 pm</b>] Sherlie CALIXTE (medecin) de Hopital Espoir est allé dans ACCUEIL 
[<b>04/04/2019 04:32:06 pm</b>] Sherlie CALIXTE (medecin) de Hopital Espoir a recherché le client BENIE DORVAL 2015-04-17
[<b>04/04/2019 04:32:28 pm</b>] Sherlie CALIXTE (medecin) de Hopital Espoir est allé dans ACCUEIL 
