[<b>03/09/2019 09:44:05 am</b>] Shana MONOPOL (medecin) de Hopital Espoir  s'est connecté   
[<b>03/09/2019 09:44:05 am</b>] Shana MONOPOL (medecin) de Hopital Espoir est allé dans ACCUEIL 
[<b>03/09/2019 09:45:07 am</b>] Shana MONOPOL (medecin) de Hopital Espoir  a recherché   emmanuel thelot 1979-09-07 [MM/DD/YYYY]
[<b>03/09/2019 09:45:32 am</b>] Shana MONOPOL (medecin) de Hopital Espoir a recherché le client EMMANUEL THELOT 1979-07-07
[<b>03/09/2019 09:45:32 am</b>] Shana MONOPOL (medecin) de Hopital Espoir a recherché le client EMMANUEL THELOT 1979-07-07
[<b>03/09/2019 09:46:01 am</b>] Shana MONOPOL (medecin) de Hopital Espoir est allé dans ACCUEIL 
[<b>03/09/2019 10:29:06 am</b>] Denold MILSOIT (medecin) de CLINIQULE Dr DENOLD MILSOIT  s'est connecté   
[<b>03/09/2019 10:29:06 am</b>] Denold MILSOIT (medecin) de CLINIQULE Dr DENOLD MILSOIT est allé dans ACCUEIL 
[<b>03/09/2019 10:31:57 am</b>] Denold MILSOIT (medecin) de CLINIQULE Dr DENOLD MILSOIT a recherché le client BARLEEN SUNJA BENJAMIN 1981-06-18
[<b>03/09/2019 10:53:23 am</b>] Denold MILSOIT (medecin) de CLINIQULE Dr DENOLD MILSOIT  s'est connecté   
[<b>03/09/2019 10:53:23 am</b>] Denold MILSOIT (medecin) de CLINIQULE Dr DENOLD MILSOIT est allé dans ACCUEIL 
[<b>03/09/2019 10:55:24 am</b>] Denold MILSOIT (medecin) de CLINIQULE Dr DENOLD MILSOIT  a recherché   CINEUS DESARMES 1980-11-20 [MM/DD/YYYY]
[<b>03/09/2019 11:25:03 am</b>] Dominique AMBROISE (admin) de INASSA  s'est connecté   
[<b>03/09/2019 11:25:04 am</b>] Dominique AMBROISE (admin) de INASSA  s'est connecté   
[<b>03/09/2019 11:25:04 am</b>] Dominique AMBROISE (admin) de INASSA est allé dans ACCUEIL 
[<b>03/09/2019 11:25:04 am</b>] Dominique AMBROISE (admin) de INASSA  est allé dans HISTORIQUE 
[<b>03/09/2019 11:25:13 am</b>] Dominique AMBROISE (admin) de INASSA  est allé dans HISTORIQUE 
[<b>03/09/2019 11:25:14 am</b>] Dominique AMBROISE (admin) de INASSA  est allé dans HISTORIQUE 
[<b>03/09/2019 12:18:28 pm</b>] Denold MILSOIT (medecin) de CLINIQULE Dr DENOLD MILSOIT  s'est connecté   
[<b>03/09/2019 12:18:29 pm</b>] Denold MILSOIT (medecin) de CLINIQULE Dr DENOLD MILSOIT est allé dans ACCUEIL 
[<b>03/09/2019 03:26:14 pm</b>] Shana MONOPOL (medecin) de Hopital Espoir  s'est connecté   
[<b>03/09/2019 03:26:14 pm</b>] Shana MONOPOL (medecin) de Hopital Espoir est allé dans ACCUEIL 
[<b>03/09/2019 03:27:19 pm</b>] Shana MONOPOL (medecin) de Hopital Espoir a recherché le client RITCH-KELLY KEVEEN NATHAN JEAN 2016-05-21
[<b>03/09/2019 03:27:34 pm</b>] Shana MONOPOL (medecin) de Hopital Espoir est allé dans ACCUEIL 
[<b>03/09/2019 05:29:16 pm</b>] Fabiola FRANCOIS (medecin) de Hopital Espoir  s'est connecté   
[<b>03/09/2019 05:29:16 pm</b>] Fabiola FRANCOIS (medecin) de Hopital Espoir est allé dans ACCUEIL 
[<b>03/09/2019 05:29:43 pm</b>] Fabiola FRANCOIS (medecin) de Hopital Espoir a recherché le client PASCAL CHOUTE 1994-04-03
[<b>03/09/2019 05:30:05 pm</b>] Fabiola FRANCOIS (medecin) de Hopital Espoir est allé dans ACCUEIL 
