[<b>01/07/2019 12:09:53 am</b>] Wilkendhie JOSEPH (medecin) de Hopital du Canape Vert  s'est connecté   
[<b>01/07/2019 12:09:53 am</b>] Wilkendhie JOSEPH (medecin) de Hopital du Canape Vert est allé dans ACCUEIL 
[<b>01/07/2019 12:10:30 am</b>] Wilkendhie JOSEPH (medecin) de Hopital du Canape Vert a recherché le client LYDIE MACEANT 1989-10-07
[<b>01/07/2019 12:10:38 am</b>] Wilkendhie JOSEPH (medecin) de Hopital du Canape Vert est allé dans ACCUEIL 
[<b>01/07/2019 10:06:24 am</b>] Denold MILSOIT (medecin) de CLINIQULE Dr DENOLD MILSOIT  s'est connecté   
[<b>01/07/2019 10:06:28 am</b>] Denold MILSOIT (medecin) de CLINIQULE Dr DENOLD MILSOIT est allé dans ACCUEIL 
[<b>01/07/2019 10:06:30 am</b>] Denold MILSOIT (medecin) de CLINIQULE Dr DENOLD MILSOIT  s'est connecté   
[<b>01/07/2019 10:06:31 am</b>] Denold MILSOIT (medecin) de CLINIQULE Dr DENOLD MILSOIT est allé dans ACCUEIL 
[<b>01/07/2019 10:06:34 am</b>] Denold MILSOIT (medecin) de CLINIQULE Dr DENOLD MILSOIT  s'est connecté   
[<b>01/07/2019 10:06:43 am</b>] Denold MILSOIT (medecin) de CLINIQULE Dr DENOLD MILSOIT est allé dans ACCUEIL 
[<b>01/07/2019 10:06:46 am</b>] Denold MILSOIT (medecin) de CLINIQULE Dr DENOLD MILSOIT  s'est connecté   
[<b>01/07/2019 10:09:13 am</b>] Denold MILSOIT (medecin) de CLINIQULE Dr DENOLD MILSOIT  s'est connecté   
[<b>01/07/2019 10:09:14 am</b>] Denold MILSOIT (medecin) de CLINIQULE Dr DENOLD MILSOIT est allé dans ACCUEIL 
[<b>01/07/2019 01:44:35 pm</b>] Woosbenley FAUSTIN (medecin) de Clinique Dr Faustin Woosbenley   s'est connecté   
[<b>01/07/2019 01:44:35 pm</b>] Woosbenley FAUSTIN (medecin) de Clinique Dr Faustin Woosbenley  est allé dans ACCUEIL 
[<b>01/07/2019 01:45:52 pm</b>] Woosbenley FAUSTIN (medecin) de Clinique Dr Faustin Woosbenley   a recherché   sainceclair nonais derisier 1966-08-08 [MM/DD/YYYY]
[<b>01/07/2019 01:47:34 pm</b>] Woosbenley FAUSTIN (medecin) de Clinique Dr Faustin Woosbenley   a recherché   nonais derisier sainceclair 1966-08-08 [MM/DD/YYYY]
[<b>01/07/2019 01:48:55 pm</b>] Woosbenley FAUSTIN (medecin) de Clinique Dr Faustin Woosbenley  a recherché le client WOOSBENLEY FAUSTIN 1976-12-13
[<b>01/07/2019 01:48:55 pm</b>] Woosbenley FAUSTIN (medecin) de Clinique Dr Faustin Woosbenley  a recherché le client WOOSBENLEY FAUSTIN 1976-12-13
[<b>01/07/2019 01:51:14 pm</b>] Woosbenley FAUSTIN (medecin) de Clinique Dr Faustin Woosbenley   a recherché   nonais derisier sainceclair 1966-08-08 [MM/DD/YYYY]
[<b>01/07/2019 02:24:55 pm</b>] Woosbenley FAUSTIN (medecin) de Clinique Dr Faustin Woosbenley   s'est connecté   
[<b>01/07/2019 02:24:55 pm</b>] Woosbenley FAUSTIN (medecin) de Clinique Dr Faustin Woosbenley  est allé dans ACCUEIL 
[<b>01/07/2019 02:25:42 pm</b>] Woosbenley FAUSTIN (medecin) de Clinique Dr Faustin Woosbenley   a recherché   nonais derisier sainceclair 1966-08-08 [MM/DD/YYYY]
[<b>01/07/2019 02:27:13 pm</b>] Woosbenley FAUSTIN (medecin) de Clinique Dr Faustin Woosbenley   a recherché   nonais derisier saincelair 1966-08-08 [MM/DD/YYYY]
