[<b>25/03/2019 08:56:55 am</b>] Marc-Eric ALTIDOR (admin) de INASSA  s'est connecté   
[<b>25/03/2019 08:56:55 am</b>] Marc-Eric ALTIDOR (admin) de INASSA est allé dans ACCUEIL 
[<b>25/03/2019 08:58:42 am</b>] Marc-Eric ALTIDOR (admin) de INASSA  est allé dans PARAMETRES  
[<b>25/03/2019 09:01:39 am</b>] Marc-Eric ALTIDOR (admin) de INASSA a enregistré l'utilisateur  Wilkendhie JOSEPH / hcv / infoshcv@gmail.com / Médecin / Actif
[<b>25/03/2019 09:01:39 am</b>] Marc-Eric ALTIDOR (admin) de INASSA  est allé dans PARAMETRES  
[<b>25/03/2019 09:43:46 am</b>] Marc-Eric ALTIDOR (admin) de INASSA  s'est connecté   
[<b>25/03/2019 09:43:46 am</b>] Marc-Eric ALTIDOR (admin) de INASSA est allé dans ACCUEIL 
[<b>25/03/2019 09:43:49 am</b>] Marc-Eric ALTIDOR (admin) de INASSA  est allé dans PARAMETRES  
[<b>25/03/2019 09:44:22 am</b>] Marc-Eric ALTIDOR (admin) de INASSA a enregistré l'utilisateur  Kyra CHARLES / hcv1 / hopitalducanapevert@gmail.com / Médecin / Actif
[<b>25/03/2019 09:44:22 am</b>] Marc-Eric ALTIDOR (admin) de INASSA  est allé dans PARAMETRES  
[<b>25/03/2019 09:51:52 am</b>] Denold MILSOIT (medecin) de CLINIQULE Dr DENOLD MILSOIT  s'est connecté   
[<b>25/03/2019 09:51:52 am</b>] Denold MILSOIT (medecin) de CLINIQULE Dr DENOLD MILSOIT est allé dans ACCUEIL 
[<b>25/03/2019 09:53:46 am</b>] Marc-Eric ALTIDOR (admin) de INASSA  s'est connecté   
[<b>25/03/2019 09:53:46 am</b>] Marc-Eric ALTIDOR (admin) de INASSA est allé dans ACCUEIL 
[<b>25/03/2019 09:53:47 am</b>] Denold MILSOIT (medecin) de CLINIQULE Dr DENOLD MILSOIT  a recherché   DESTIN JEANINE DULORIER 1968-08-22 [MM/DD/YYYY]
[<b>25/03/2019 09:54:07 am</b>] Denold MILSOIT (medecin) de CLINIQULE Dr DENOLD MILSOIT a recherché le client DESTIN JEANINE DULORIER 1968-09-22
[<b>25/03/2019 09:54:07 am</b>] Denold MILSOIT (medecin) de CLINIQULE Dr DENOLD MILSOIT a recherché le client DESTIN JEANINE DULORIER 1968-09-22
[<b>25/03/2019 09:54:13 am</b>] Marc-Eric ALTIDOR (admin) de INASSA a recherché le client MARC-ERIC ALTIDOR 1975-06-28
[<b>25/03/2019 09:55:36 am</b>] Marc-Eric ALTIDOR (admin) de INASSA est allé dans ACCUEIL 
[<b>25/03/2019 09:57:34 am</b>] Marc-Eric ALTIDOR (admin) de INASSA a recherché le client MARC-ERIC ALTIDOR 1975-06-28
[<b>25/03/2019 09:58:15 am</b>] Marc-Eric ALTIDOR (admin) de INASSA est allé dans ACCUEIL 
[<b>25/03/2019 10:26:12 am</b>] Junior BELFLEUR (medecin) de Centre Hospitalier Medimax  s'est connecté   
[<b>25/03/2019 10:26:12 am</b>] Junior BELFLEUR (medecin) de Centre Hospitalier Medimax est allé dans ACCUEIL 
[<b>25/03/2019 10:51:29 am</b>] Junior BELFLEUR (medecin) de Centre Hospitalier Medimax  s'est connecté   
[<b>25/03/2019 10:51:31 am</b>] Junior BELFLEUR (medecin) de Centre Hospitalier Medimax  s'est connecté   
[<b>25/03/2019 10:51:31 am</b>] Junior BELFLEUR (medecin) de Centre Hospitalier Medimax est allé dans ACCUEIL 
[<b>25/03/2019 10:52:50 am</b>] Junior BELFLEUR (medecin) de Centre Hospitalier Medimax  a recherché   Frantz Jovaint 1979-09-17 [MM/DD/YYYY]
[<b>25/03/2019 10:53:11 am</b>] Junior BELFLEUR (medecin) de Centre Hospitalier Medimax  a recherché   Frantz Jovaint 1979-09-17 [MM/DD/YYYY]
[<b>25/03/2019 10:54:25 am</b>] Junior BELFLEUR (medecin) de Centre Hospitalier Medimax est allé dans ACCUEIL 
[<b>25/03/2019 10:54:41 am</b>] Junior BELFLEUR (medecin) de Centre Hospitalier Medimax est allé dans ACCUEIL 
[<b>25/03/2019 10:54:43 am</b>] Junior BELFLEUR (medecin) de Centre Hospitalier Medimax est allé dans ACCUEIL 
[<b>25/03/2019 10:54:55 am</b>] Junior BELFLEUR (medecin) de Centre Hospitalier Medimax  s'est connecté   
[<b>25/03/2019 10:54:55 am</b>] Junior BELFLEUR (medecin) de Centre Hospitalier Medimax est allé dans ACCUEIL 
[<b>25/03/2019 10:57:11 am</b>] Junior BELFLEUR (medecin) de Centre Hospitalier Medimax a recherché le client HENDRIX AIME 1973-09-11
[<b>25/03/2019 10:58:21 am</b>] Junior BELFLEUR (medecin) de Centre Hospitalier Medimax est allé dans ACCUEIL 
[<b>25/03/2019 11:46:04 am</b>] Junior BELFLEUR (medecin) de Centre Hospitalier Medimax  s'est connecté   
[<b>25/03/2019 11:46:04 am</b>] Junior BELFLEUR (medecin) de Centre Hospitalier Medimax est allé dans ACCUEIL 
[<b>25/03/2019 11:46:37 am</b>] Junior BELFLEUR (medecin) de Centre Hospitalier Medimax  a recherché   Vladimyr Magloire 1981-12-14 [MM/DD/YYYY]
[<b>25/03/2019 11:47:24 am</b>] Junior BELFLEUR (medecin) de Centre Hospitalier Medimax est allé dans ACCUEIL 
