[<b>29/01/2019 09:02:38 am</b>] Marc-Eric ALTIDOR (admin) de INASSA  s'est connecté   
[<b>29/01/2019 09:03:02 am</b>] Marc-Eric ALTIDOR (admin) de INASSA  s'est connecté   
[<b>29/01/2019 09:03:48 am</b>] Marc-Eric ALTIDOR (admin) de INASSA  a recherché   ERICA MARLY ALTIDOR 06/09/2008 [MM/DD/YYYY]
[<b>29/01/2019 09:04:09 am</b>] Marc-Eric ALTIDOR (admin) de INASSA  s'est déconnecté   
[<b>29/01/2019 09:04:54 am</b>] Marc-Eric ALTIDOR (admin) de INASSA  s'est connecté   
[<b>29/01/2019 09:05:48 am</b>] Marc-Eric ALTIDOR (admin) de INASSA  s'est déconnecté   
[<b>29/01/2019 09:07:25 am</b>] Marc-Eric ALTIDOR (admin) de INASSA  s'est connecté   
[<b>29/01/2019 09:07:25 am</b>] Marc-Eric ALTIDOR (admin) de INASSA est allé dans ACCUEIL 
[<b>29/01/2019 09:07:48 am</b>] Marc-Eric ALTIDOR (admin) de INASSA  a recherché   marc-eric altidor 2008-06-09 [MM/DD/YYYY]
[<b>29/01/2019 09:08:02 am</b>] Marc-Eric ALTIDOR (admin) de INASSA  a recherché   erica marly altidor 2008-06-09 [MM/DD/YYYY]
[<b>29/01/2019 09:08:16 am</b>] Marc-Eric ALTIDOR (admin) de INASSA  a recherché   erica-marly altidor 2008-06-09 [MM/DD/YYYY]
[<b>29/01/2019 09:09:06 am</b>] Marc-Eric ALTIDOR (admin) de INASSA  a recherché   Erica Marly ALTIDOR 2008-06-09 [MM/DD/YYYY]
[<b>29/01/2019 09:09:52 am</b>] Marc-Eric ALTIDOR (admin) de INASSA a recherché le client MARC-ERIC ALTIDOR 1975-06-28
[<b>29/01/2019 09:10:10 am</b>] Marc-Eric ALTIDOR (admin) de INASSA  s'est connecté   
[<b>29/01/2019 09:11:01 am</b>] Marc-Eric ALTIDOR (admin) de INASSA a recherché le client MARC-ERIC ALTIDOR 1975-06-28
[<b>29/01/2019 09:11:33 am</b>] Marc-Eric ALTIDOR (admin) de INASSA  s'est connecté   
[<b>29/01/2019 09:12:30 am</b>] Marc-Eric ALTIDOR (admin) de INASSA a recherché le client MARC-ERIC ALTIDOR 1975-06-28
[<b>29/01/2019 10:06:15 am</b>] Rood-Jerry GEFFRARD (medecin) de Hopital Adventiste Diquini  s'est connecté   
[<b>29/01/2019 10:06:15 am</b>] Rood-Jerry GEFFRARD (medecin) de Hopital Adventiste Diquini est allé dans ACCUEIL 
[<b>29/01/2019 10:07:10 am</b>] Rood-Jerry GEFFRARD (medecin) de Hopital Adventiste Diquini a recherché le client JENNIFER ALY 1988-08-30
[<b>29/01/2019 10:40:00 am</b>] Denold MILSOIT (medecin) de CLINIQULE Dr DENOLD MILSOIT  s'est connecté   
[<b>29/01/2019 10:40:00 am</b>] Denold MILSOIT (medecin) de CLINIQULE Dr DENOLD MILSOIT est allé dans ACCUEIL 
[<b>29/01/2019 10:40:57 am</b>] Denold MILSOIT (medecin) de CLINIQULE Dr DENOLD MILSOIT a recherché le client ERNANDE AUGUSTIN 1990-10-06
[<b>29/01/2019 10:40:57 am</b>] Denold MILSOIT (medecin) de CLINIQULE Dr DENOLD MILSOIT a recherché le client ERNANDE AUGUSTIN 1990-10-06
[<b>29/01/2019 10:41:22 am</b>] Chrislin NOEL (medecin) de Clinique du Dr Grenson Jeune  s'est connecté   
[<b>29/01/2019 10:41:23 am</b>] Chrislin NOEL (medecin) de Clinique du Dr Grenson Jeune est allé dans ACCUEIL 
[<b>29/01/2019 10:42:22 am</b>] Chrislin NOEL (medecin) de Clinique du Dr Grenson Jeune  s'est connecté   
[<b>29/01/2019 10:42:22 am</b>] Chrislin NOEL (medecin) de Clinique du Dr Grenson Jeune est allé dans ACCUEIL 
[<b>29/01/2019 10:43:16 am</b>] Chrislin NOEL (medecin) de Clinique du Dr Grenson Jeune a recherché le client JACKY SEVERE 1978-07-06
[<b>29/01/2019 10:43:16 am</b>] Chrislin NOEL (medecin) de Clinique du Dr Grenson Jeune a recherché le client JACKY SEVERE 1978-07-06
[<b>29/01/2019 10:46:06 am</b>] Chrislin NOEL (medecin) de Clinique du Dr Grenson Jeune a recherché le client CHRISLIN NOEL 1979-10-15
[<b>29/01/2019 10:47:32 am</b>] Chrislin NOEL (medecin) de Clinique du Dr Grenson Jeune a recherché le client WIDJINO SEVERE 2004-09-18
[<b>29/01/2019 10:47:32 am</b>] Chrislin NOEL (medecin) de Clinique du Dr Grenson Jeune a recherché le client WIDJINO SEVERE 2004-09-18
[<b>29/01/2019 01:31:14 pm</b>] Marly Joelle HILAIRE (medecin) de Clinique Dr Hilaire  s'est connecté   
[<b>29/01/2019 01:31:18 pm</b>] Marly Joelle HILAIRE (medecin) de Clinique Dr Hilaire est allé dans ACCUEIL 
[<b>29/01/2019 01:32:02 pm</b>] Marly Joelle HILAIRE (medecin) de Clinique Dr Hilaire  a recherché   Samuel Juste 1987-03-05 [MM/DD/YYYY]
[<b>29/01/2019 01:32:37 pm</b>] Marly Joelle HILAIRE (medecin) de Clinique Dr Hilaire a recherché le client SAMUEL JUSTE 1987-05-05
