[<b>14/12/2019 09:16:23 am</b>] Reginald ARNOUX (medecin) de Clinique du Dr Arnoux  s'est connecté   
[<b>14/12/2019 09:16:24 am</b>] Reginald ARNOUX (medecin) de Clinique du Dr Arnoux est allé dans ACCUEIL 
[<b>14/12/2019 09:18:20 am</b>] Reginald ARNOUX (medecin) de Clinique du Dr Arnoux  a changé son mot de passe  
[<b>14/12/2019 09:18:20 am</b>] Reginald ARNOUX (medecin) de Clinique du Dr Arnoux est allé dans ACCUEIL 
[<b>14/12/2019 09:20:19 am</b>] Reginald ARNOUX (medecin) de Clinique du Dr Arnoux a recherché le client CLIFFORD AMICY 1981-10-08
[<b>14/12/2019 09:20:19 am</b>] Reginald ARNOUX (medecin) de Clinique du Dr Arnoux a recherché le client CLIFFORD AMICY 1981-10-08
[<b>14/12/2019 09:25:33 am</b>] Maria Gabelita ASSAD (medecin) de Clinique Dr M. Gabellita Assad  s'est connecté   
[<b>14/12/2019 09:26:06 am</b>] Maria Gabelita ASSAD (medecin) de Clinique Dr M. Gabellita Assad  s'est connecté   
[<b>14/12/2019 09:26:08 am</b>] Maria Gabelita ASSAD (medecin) de Clinique Dr M. Gabellita Assad  s'est connecté   
[<b>14/12/2019 09:26:11 am</b>] Maria Gabelita ASSAD (medecin) de Clinique Dr M. Gabellita Assad est allé dans ACCUEIL 
[<b>14/12/2019 09:26:13 am</b>] Maria Gabelita ASSAD (medecin) de Clinique Dr M. Gabellita Assad  s'est connecté   
[<b>14/12/2019 09:26:14 am</b>] Maria Gabelita ASSAD (medecin) de Clinique Dr M. Gabellita Assad est allé dans ACCUEIL 
[<b>14/12/2019 09:27:16 am</b>] Maria Gabelita ASSAD (medecin) de Clinique Dr M. Gabellita Assad  a changé son mot de passe  
[<b>14/12/2019 09:27:17 am</b>] Maria Gabelita ASSAD (medecin) de Clinique Dr M. Gabellita Assad est allé dans ACCUEIL 
[<b>14/12/2019 10:27:36 am</b>] Reginald ARNOUX (medecin) de Clinique du Dr Arnoux  s'est connecté   
[<b>14/12/2019 10:27:37 am</b>] Reginald ARNOUX (medecin) de Clinique du Dr Arnoux est allé dans ACCUEIL 
[<b>14/12/2019 10:28:11 am</b>] Reginald ARNOUX (medecin) de Clinique du Dr Arnoux a recherché le client REGINALD ARNOUX 1974-07-19
[<b>14/12/2019 10:28:11 am</b>] Reginald ARNOUX (medecin) de Clinique du Dr Arnoux a recherché le client REGINALD ARNOUX 1974-07-19
[<b>14/12/2019 10:28:11 am</b>] Reginald ARNOUX (medecin) de Clinique du Dr Arnoux a recherché le client REGINALD ARNOUX 1974-07-19
[<b>14/12/2019 10:29:06 am</b>] Reginald ARNOUX (medecin) de Clinique du Dr Arnoux  a recherché      [MM/DD/YYYY]
[<b>14/12/2019 10:29:35 am</b>] Reginald ARNOUX (medecin) de Clinique du Dr Arnoux a recherché le client REGINALD ARNOUX 1974-07-19
[<b>14/12/2019 10:29:35 am</b>] Reginald ARNOUX (medecin) de Clinique du Dr Arnoux a recherché le client REGINALD ARNOUX 1974-07-19
[<b>14/12/2019 10:29:35 am</b>] Reginald ARNOUX (medecin) de Clinique du Dr Arnoux a recherché le client REGINALD ARNOUX 1974-07-19
[<b>14/12/2019 10:30:38 am</b>] Reginald ARNOUX (medecin) de Clinique du Dr Arnoux est allé dans ACCUEIL 
[<b>14/12/2019 11:07:29 am</b>] Reginald ARNOUX (medecin) de Clinique du Dr Arnoux  s'est connecté   
[<b>14/12/2019 11:07:30 am</b>] Reginald ARNOUX (medecin) de Clinique du Dr Arnoux est allé dans ACCUEIL 
[<b>14/12/2019 11:07:57 am</b>] Reginald ARNOUX (medecin) de Clinique du Dr Arnoux a recherché le client CLIFFORD AMICY 1981-10-08
[<b>14/12/2019 11:07:57 am</b>] Reginald ARNOUX (medecin) de Clinique du Dr Arnoux a recherché le client CLIFFORD AMICY 1981-10-08
[<b>14/12/2019 04:03:23 pm</b>] Wilkendhie JOSEPH (medecin) de Hopital du Canape Vert  s'est connecté   
[<b>14/12/2019 04:03:24 pm</b>] Wilkendhie JOSEPH (medecin) de Hopital du Canape Vert est allé dans ACCUEIL 
[<b>14/12/2019 04:07:16 pm</b>] Wilkendhie JOSEPH (medecin) de Hopital du Canape Vert a recherché le client PERPETUA FRANCOIS 1986-06-27
[<b>14/12/2019 04:07:48 pm</b>] Wilkendhie JOSEPH (medecin) de Hopital du Canape Vert est allé dans ACCUEIL 
[<b>14/12/2019 04:09:25 pm</b>] Wilkendhie JOSEPH (medecin) de Hopital du Canape Vert a recherché le client PERPETUA FRANCOIS 1986-06-27
[<b>14/12/2019 04:09:36 pm</b>] Wilkendhie JOSEPH (medecin) de Hopital du Canape Vert est allé dans ACCUEIL 
[<b>14/12/2019 04:22:42 pm</b>] Wilkendhie JOSEPH (medecin) de Hopital du Canape Vert  s'est connecté   
[<b>14/12/2019 04:22:42 pm</b>] Wilkendhie JOSEPH (medecin) de Hopital du Canape Vert est allé dans ACCUEIL 
[<b>14/12/2019 04:23:16 pm</b>] Wilkendhie JOSEPH (medecin) de Hopital du Canape Vert a recherché le client TANIA PHILIPPE AUGUSTE 1985-06-19
[<b>14/12/2019 04:26:43 pm</b>] Wilkendhie JOSEPH (medecin) de Hopital du Canape Vert a recherché le client TANIA PHILIPPE-AUGUSTE 1985-06-19
[<b>14/12/2019 04:26:43 pm</b>] Wilkendhie JOSEPH (medecin) de Hopital du Canape Vert a recherché le client TANIA PHILIPPE-AUGUSTE 1985-06-19
[<b>14/12/2019 04:26:43 pm</b>] Wilkendhie JOSEPH (medecin) de Hopital du Canape Vert a recherché le client TANIA PHILIPPE AUGUSTE 1985-06-19
[<b>14/12/2019 04:28:42 pm</b>] Wilkendhie JOSEPH (medecin) de Hopital du Canape Vert a recherché le client TANIA PHILIPPE-AUGUSTE 1985-06-19
[<b>14/12/2019 04:28:42 pm</b>] Wilkendhie JOSEPH (medecin) de Hopital du Canape Vert a recherché le client TANIA PHILIPPE-AUGUSTE 1985-06-19
[<b>14/12/2019 04:28:42 pm</b>] Wilkendhie JOSEPH (medecin) de Hopital du Canape Vert a recherché le client TANIA PHILIPPE AUGUSTE 1985-06-19
[<b>14/12/2019 04:30:07 pm</b>] Wilkendhie JOSEPH (medecin) de Hopital du Canape Vert  a recherché   orrin sebastien davis francois 2018-06-20 [MM/DD/YYYY]
[<b>14/12/2019 04:30:28 pm</b>] Wilkendhie JOSEPH (medecin) de Hopital du Canape Vert  a recherché   orrin sebastien davis francois 2018-06-20 [MM/DD/YYYY]
[<b>14/12/2019 04:32:11 pm</b>] Wilkendhie JOSEPH (medecin) de Hopital du Canape Vert  a recherché   tania francois 1985-06-19 [MM/DD/YYYY]
[<b>14/12/2019 04:32:21 pm</b>] Wilkendhie JOSEPH (medecin) de Hopital du Canape Vert  a recherché   tania francois 1985-06-19 [MM/DD/YYYY]
[<b>14/12/2019 04:32:49 pm</b>] Wilkendhie JOSEPH (medecin) de Hopital du Canape Vert a recherché le client TANIA PHILIPPE-AUGUSTE 1985-06-19
[<b>14/12/2019 04:32:49 pm</b>] Wilkendhie JOSEPH (medecin) de Hopital du Canape Vert a recherché le client TANIA PHILIPPE-AUGUSTE 1985-06-19
[<b>14/12/2019 04:32:49 pm</b>] Wilkendhie JOSEPH (medecin) de Hopital du Canape Vert a recherché le client TANIA PHILIPPE AUGUSTE 1985-06-19
[<b>14/12/2019 04:33:26 pm</b>] Wilkendhie JOSEPH (medecin) de Hopital du Canape Vert est allé dans ACCUEIL 
[<b>14/12/2019 04:34:33 pm</b>] Wilkendhie JOSEPH (medecin) de Hopital du Canape Vert a recherché le client TANIA PHILIPPE-AUGUSTE 1985-06-19
[<b>14/12/2019 04:34:33 pm</b>] Wilkendhie JOSEPH (medecin) de Hopital du Canape Vert a recherché le client TANIA PHILIPPE-AUGUSTE 1985-06-19
[<b>14/12/2019 04:34:33 pm</b>] Wilkendhie JOSEPH (medecin) de Hopital du Canape Vert a recherché le client TANIA PHILIPPE AUGUSTE 1985-06-19
[<b>14/12/2019 04:35:01 pm</b>] Wilkendhie JOSEPH (medecin) de Hopital du Canape Vert est allé dans ACCUEIL 
[<b>14/12/2019 04:35:50 pm</b>] Wilkendhie JOSEPH (medecin) de Hopital du Canape Vert a recherché le client TANIA PHILIPPE-AUGUSTE 1985-06-19
[<b>14/12/2019 04:35:50 pm</b>] Wilkendhie JOSEPH (medecin) de Hopital du Canape Vert a recherché le client TANIA PHILIPPE-AUGUSTE 1985-06-19
[<b>14/12/2019 04:35:50 pm</b>] Wilkendhie JOSEPH (medecin) de Hopital du Canape Vert a recherché le client TANIA PHILIPPE AUGUSTE 1985-06-19
[<b>14/12/2019 04:36:09 pm</b>] Wilkendhie JOSEPH (medecin) de Hopital du Canape Vert est allé dans ACCUEIL 
[<b>14/12/2019 06:47:40 pm</b>] Wilkendhie JOSEPH (medecin) de Hopital du Canape Vert  s'est connecté   
[<b>14/12/2019 06:47:41 pm</b>] Wilkendhie JOSEPH (medecin) de Hopital du Canape Vert est allé dans ACCUEIL 
[<b>14/12/2019 06:48:42 pm</b>] Wilkendhie JOSEPH (medecin) de Hopital du Canape Vert  a recherché   ORRIN SEBASTIEN DAVIS FRANCOIS  [MM/DD/YYYY]
[<b>14/12/2019 06:49:24 pm</b>] Wilkendhie JOSEPH (medecin) de Hopital du Canape Vert  a recherché   ORRIN SEBASTIEN DAVIS FRANCOIS 2018-06-20 [MM/DD/YYYY]
[<b>14/12/2019 06:51:55 pm</b>] Wilkendhie JOSEPH (medecin) de Hopital du Canape Vert  a recherché   ORRIN SEBASTIEN FRANCOIS 2018-06-20 [MM/DD/YYYY]
[<b>14/12/2019 06:51:58 pm</b>] Wilkendhie JOSEPH (medecin) de Hopital du Canape Vert  a recherché   ORRIN SEBASTIEN FRANCOIS 2018-06-20 [MM/DD/YYYY]
[<b>14/12/2019 06:52:32 pm</b>] Wilkendhie JOSEPH (medecin) de Hopital du Canape Vert a recherché le client ORRIN FRANçOIS 2018-06-20
[<b>14/12/2019 06:52:55 pm</b>] Wilkendhie JOSEPH (medecin) de Hopital du Canape Vert est allé dans ACCUEIL 
