[<b>24/04/2019 09:59:34 am</b>] Rose Christephane BANATTES (medecin) de Hopital Espoir  s'est connecté   
[<b>24/04/2019 09:59:34 am</b>] Rose Christephane BANATTES (medecin) de Hopital Espoir  s'est déconnecté  
[<b>24/04/2019 09:59:34 am</b>]   () de  est allé dans ACCUEIL 
[<b>24/04/2019 09:59:53 am</b>] Rose Christephane BANATTES (medecin) de Hopital Espoir  s'est connecté   
[<b>24/04/2019 09:59:54 am</b>] Rose Christephane BANATTES (medecin) de Hopital Espoir est allé dans ACCUEIL 
[<b>24/04/2019 10:02:22 am</b>] Rose Christephane BANATTES (medecin) de Hopital Espoir  a recherché   emmanuella romain albert 1980-10-09 [MM/DD/YYYY]
[<b>24/04/2019 10:02:37 am</b>] Rose Christephane BANATTES (medecin) de Hopital Espoir  a recherché   emmanuella albert 1980-10-09 [MM/DD/YYYY]
[<b>24/04/2019 10:02:49 am</b>] Rose Christephane BANATTES (medecin) de Hopital Espoir  a recherché   emmanuella romain 1980-10-09 [MM/DD/YYYY]
[<b>24/04/2019 10:03:31 am</b>] Rose Christephane BANATTES (medecin) de Hopital Espoir  a recherché   Emmanuela ROMAIN ALBERT 1980-10-09 [MM/DD/YYYY]
[<b>24/04/2019 10:03:46 am</b>] Rose Christephane BANATTES (medecin) de Hopital Espoir a recherché le client EMMANUELA ALBERT ROMAIN 1980-10-09
[<b>24/04/2019 10:04:08 am</b>] Rose Christephane BANATTES (medecin) de Hopital Espoir est allé dans ACCUEIL 
[<b>24/04/2019 01:01:06 pm</b>] Fabiola FRANCOIS (medecin) de Hopital Espoir  s'est connecté   
[<b>24/04/2019 01:01:07 pm</b>] Fabiola FRANCOIS (medecin) de Hopital Espoir est allé dans ACCUEIL 
[<b>24/04/2019 01:01:46 pm</b>] Fabiola FRANCOIS (medecin) de Hopital Espoir  a recherché   larry shadley st jean 2005-10-16 [MM/DD/YYYY]
[<b>24/04/2019 01:01:59 pm</b>] Fabiola FRANCOIS (medecin) de Hopital Espoir  a recherché   shadley st jean 2005-10-16 [MM/DD/YYYY]
[<b>24/04/2019 01:02:13 pm</b>] Fabiola FRANCOIS (medecin) de Hopital Espoir  a recherché   larry st jean 2005-10-16 [MM/DD/YYYY]
[<b>24/04/2019 01:02:48 pm</b>] Fabiola FRANCOIS (medecin) de Hopital Espoir  a recherché   LARRY SHADLEY ST JEAN 2005-10-16 [MM/DD/YYYY]
[<b>24/04/2019 01:02:51 pm</b>] Fabiola FRANCOIS (medecin) de Hopital Espoir  a recherché   LARRY SHADLEY ST JEAN 2005-10-16 [MM/DD/YYYY]
[<b>24/04/2019 01:04:10 pm</b>] Fabiola FRANCOIS (medecin) de Hopital Espoir a recherché le client JUDITH FADOIS 1970-08-08
[<b>24/04/2019 01:04:10 pm</b>] Fabiola FRANCOIS (medecin) de Hopital Espoir a recherché le client JUDITH FADOIS 1970-08-08
[<b>24/04/2019 01:05:33 pm</b>] Fabiola FRANCOIS (medecin) de Hopital Espoir a recherché le client JUDITH FADOIS 1970-08-08
[<b>24/04/2019 01:05:33 pm</b>] Fabiola FRANCOIS (medecin) de Hopital Espoir a recherché le client JUDITH FADOIS 1970-08-08
[<b>24/04/2019 01:05:48 pm</b>] Fabiola FRANCOIS (medecin) de Hopital Espoir  a recherché   LARRY SHADLEY ST JEAN 2005-10-16 [MM/DD/YYYY]
[<b>24/04/2019 01:05:54 pm</b>] Fabiola FRANCOIS (medecin) de Hopital Espoir  a recherché   larry st jean 2005-10-16 [MM/DD/YYYY]
[<b>24/04/2019 01:06:07 pm</b>] Fabiola FRANCOIS (medecin) de Hopital Espoir  a recherché   shadley st jean 2005-10-16 [MM/DD/YYYY]
[<b>24/04/2019 01:08:22 pm</b>] Fabiola FRANCOIS (medecin) de Hopital Espoir  a recherché   larry shadley st jean 2005-10-16 [MM/DD/YYYY]
[<b>24/04/2019 01:08:24 pm</b>] Fabiola FRANCOIS (medecin) de Hopital Espoir est allé dans ACCUEIL 
[<b>24/04/2019 01:08:27 pm</b>] Fabiola FRANCOIS (medecin) de Hopital Espoir est allé dans ACCUEIL 
[<b>24/04/2019 01:08:34 pm</b>] Fabiola FRANCOIS (medecin) de Hopital Espoir  s'est déconnecté  
[<b>24/04/2019 01:20:58 pm</b>] Rose Christephane BANATTES (medecin) de Hopital Espoir  s'est connecté   
[<b>24/04/2019 01:20:58 pm</b>] Rose Christephane BANATTES (medecin) de Hopital Espoir est allé dans ACCUEIL 
[<b>24/04/2019 02:23:49 pm</b>] Denold MILSOIT (medecin) de CLINIQULE Dr DENOLD MILSOIT  s'est connecté   
[<b>24/04/2019 02:23:50 pm</b>] Denold MILSOIT (medecin) de CLINIQULE Dr DENOLD MILSOIT est allé dans ACCUEIL 
[<b>24/04/2019 02:36:38 pm</b>] Denold MILSOIT (medecin) de CLINIQULE Dr DENOLD MILSOIT  s'est connecté   
[<b>24/04/2019 02:36:39 pm</b>] Denold MILSOIT (medecin) de CLINIQULE Dr DENOLD MILSOIT est allé dans ACCUEIL 
[<b>24/04/2019 02:37:14 pm</b>] Denold MILSOIT (medecin) de CLINIQULE Dr DENOLD MILSOIT  a recherché   LUDERES NOEL 1982-07-10 [MM/DD/YYYY]
[<b>24/04/2019 02:37:39 pm</b>] Denold MILSOIT (medecin) de CLINIQULE Dr DENOLD MILSOIT  a recherché   NOEL LUDERES 1982-07-10 [MM/DD/YYYY]
[<b>24/04/2019 02:38:03 pm</b>] Denold MILSOIT (medecin) de CLINIQULE Dr DENOLD MILSOIT  a recherché   NOEL LUDERS 1982-07-10 [MM/DD/YYYY]
[<b>24/04/2019 02:38:26 pm</b>] Denold MILSOIT (medecin) de CLINIQULE Dr DENOLD MILSOIT a recherché le client LUDERS NOEL 1982-07-10
[<b>24/04/2019 02:41:59 pm</b>] Denold MILSOIT (medecin) de CLINIQULE Dr DENOLD MILSOIT est allé dans ACCUEIL 
[<b>24/04/2019 07:52:24 pm</b>] Wilkendhie JOSEPH (medecin) de Hopital du Canape Vert  s'est connecté   
[<b>24/04/2019 07:52:25 pm</b>] Wilkendhie JOSEPH (medecin) de Hopital du Canape Vert est allé dans ACCUEIL 
[<b>24/04/2019 07:54:57 pm</b>] Wilkendhie JOSEPH (medecin) de Hopital du Canape Vert a recherché le client KEDNA FLORIAN BAGUIDY 1985-03-26
[<b>24/04/2019 07:55:24 pm</b>] Wilkendhie JOSEPH (medecin) de Hopital du Canape Vert est allé dans ACCUEIL 
[<b>24/04/2019 07:56:39 pm</b>] Wilkendhie JOSEPH (medecin) de Hopital du Canape Vert  s'est connecté   
[<b>24/04/2019 07:56:39 pm</b>] Wilkendhie JOSEPH (medecin) de Hopital du Canape Vert est allé dans ACCUEIL 
[<b>24/04/2019 07:57:47 pm</b>] Wilkendhie JOSEPH (medecin) de Hopital du Canape Vert a recherché le client KEDNA FLORIAN BAGUIDY 1985-03-26
[<b>24/04/2019 08:01:55 pm</b>] Wilkendhie JOSEPH (medecin) de Hopital du Canape Vert est allé dans ACCUEIL 
