[<b>23/05/2019 10:10:00 am</b>] Denold MILSOIT (medecin) de CLINIQULE Dr DENOLD MILSOIT  s'est connecté   
[<b>23/05/2019 10:10:01 am</b>] Denold MILSOIT (medecin) de CLINIQULE Dr DENOLD MILSOIT est allé dans ACCUEIL 
[<b>23/05/2019 10:13:39 am</b>] Denold MILSOIT (medecin) de CLINIQULE Dr DENOLD MILSOIT  a recherché   Estangle registin 1980-03-12 [MM/DD/YYYY]
[<b>23/05/2019 10:16:26 am</b>] Denold MILSOIT (medecin) de CLINIQULE Dr DENOLD MILSOIT  a recherché   REGISTIN ESTINGLE 1981-03-12 [MM/DD/YYYY]
[<b>23/05/2019 10:17:51 am</b>] Denold MILSOIT (medecin) de CLINIQULE Dr DENOLD MILSOIT  a recherché   REGISTIN ESTANGLE 1981-03-12 [MM/DD/YYYY]
[<b>23/05/2019 10:18:07 am</b>] Denold MILSOIT (medecin) de CLINIQULE Dr DENOLD MILSOIT  a recherché   REGISTIN ESTANGLE 1980-03-12 [MM/DD/YYYY]
[<b>23/05/2019 10:25:52 am</b>] Denold MILSOIT (medecin) de CLINIQULE Dr DENOLD MILSOIT  s'est connecté   
[<b>23/05/2019 10:25:52 am</b>] Denold MILSOIT (medecin) de CLINIQULE Dr DENOLD MILSOIT est allé dans ACCUEIL 
[<b>23/05/2019 10:27:10 am</b>] Denold MILSOIT (medecin) de CLINIQULE Dr DENOLD MILSOIT  a recherché   ESTANGLE REGISTIN 1980-03-12 [MM/DD/YYYY]
[<b>23/05/2019 10:28:03 am</b>] Denold MILSOIT (medecin) de CLINIQULE Dr DENOLD MILSOIT  a recherché   ESTANGLE REGISTIN 1980-03-12 [MM/DD/YYYY]
[<b>23/05/2019 10:28:33 am</b>] Denold MILSOIT (medecin) de CLINIQULE Dr DENOLD MILSOIT  a recherché   REGISTIN ESTANGLE 1980-03-12 [MM/DD/YYYY]
[<b>23/05/2019 10:29:11 am</b>] Denold MILSOIT (medecin) de CLINIQULE Dr DENOLD MILSOIT  a recherché   ESTANGLE REGISTIN 1980-03-12 [MM/DD/YYYY]
[<b>23/05/2019 10:30:14 am</b>] Denold MILSOIT (medecin) de CLINIQULE Dr DENOLD MILSOIT  a recherché   ESTANGLE REGISTIN 1980-12-03 [MM/DD/YYYY]
[<b>23/05/2019 10:40:19 am</b>] Denold MILSOIT (medecin) de CLINIQULE Dr DENOLD MILSOIT  s'est connecté   
[<b>23/05/2019 10:40:19 am</b>] Denold MILSOIT (medecin) de CLINIQULE Dr DENOLD MILSOIT est allé dans ACCUEIL 
[<b>23/05/2019 10:41:46 am</b>] Hunter HUNTER (medecin) de HERO  s'est connecté   
[<b>23/05/2019 10:41:47 am</b>] Hunter HUNTER (medecin) de HERO est allé dans ACCUEIL 
[<b>23/05/2019 10:43:24 am</b>] Hunter HUNTER (medecin) de HERO  a recherché   Lafortune Ketty  [MM/DD/YYYY]
[<b>23/05/2019 11:36:33 am</b>] Denold MILSOIT (medecin) de CLINIQULE Dr DENOLD MILSOIT  s'est connecté   
[<b>23/05/2019 11:36:34 am</b>] Denold MILSOIT (medecin) de CLINIQULE Dr DENOLD MILSOIT est allé dans ACCUEIL 
