[<b>04/12/2019 05:47:05 am</b>] Joel DUCASSE (medecin) de Hopital Ste Marie  s'est connecté   
[<b>04/12/2019 05:47:06 am</b>] Joel DUCASSE (medecin) de Hopital Ste Marie est allé dans ACCUEIL 
[<b>04/12/2019 05:48:07 am</b>] Joel DUCASSE (medecin) de Hopital Ste Marie  a recherché   Odette Michel 1959-02-12 [MM/DD/YYYY]
[<b>04/12/2019 05:49:02 am</b>] Joel DUCASSE (medecin) de Hopital Ste Marie  a recherché   Odette Michel 1959-02-12 [MM/DD/YYYY]
[<b>04/12/2019 08:10:18 am</b>] Joel DUCASSE (medecin) de Hopital Ste Marie  s'est connecté   
[<b>04/12/2019 08:10:18 am</b>] Joel DUCASSE (medecin) de Hopital Ste Marie est allé dans ACCUEIL 
[<b>04/12/2019 08:11:08 am</b>] Joel DUCASSE (medecin) de Hopital Ste Marie  a recherché   Odette MICHEL 1959-02-12 [MM/DD/YYYY]
[<b>04/12/2019 08:52:13 am</b>] Rood-Jerry GEFFRARD (medecin) de Hopital Adventiste Diquini  s'est connecté   
[<b>04/12/2019 08:52:14 am</b>] Rood-Jerry GEFFRARD (medecin) de Hopital Adventiste Diquini est allé dans ACCUEIL 
[<b>04/12/2019 08:53:00 am</b>] Rood-Jerry GEFFRARD (medecin) de Hopital Adventiste Diquini  a recherché   Samangie Dashlie jordonne 2018-11-01 [MM/DD/YYYY]
[<b>04/12/2019 08:53:25 am</b>] Rood-Jerry GEFFRARD (medecin) de Hopital Adventiste Diquini a recherché le client SAMANGIE DASHLY JORDONNE 2018-11-01
[<b>04/12/2019 01:37:28 pm</b>] Shana MONOPOL (medecin) de Hopital Espoir  s'est connecté   
[<b>04/12/2019 01:37:28 pm</b>] Shana MONOPOL (medecin) de Hopital Espoir est allé dans ACCUEIL 
[<b>04/12/2019 01:38:09 pm</b>] Shana MONOPOL (medecin) de Hopital Espoir a recherché le client MAX DAMAS 1944-01-14
[<b>04/12/2019 01:38:09 pm</b>] Shana MONOPOL (medecin) de Hopital Espoir a recherché le client MAX DAMAS 1944-01-14
[<b>04/12/2019 01:42:36 pm</b>] Shana MONOPOL (medecin) de Hopital Espoir a recherché le client MAX DAMAS 1944-01-14
[<b>04/12/2019 01:42:36 pm</b>] Shana MONOPOL (medecin) de Hopital Espoir a recherché le client MAX DAMAS 1944-01-14
[<b>04/12/2019 03:51:02 pm</b>] Joel DUCASSE (medecin) de Hopital Ste Marie  s'est connecté   
[<b>04/12/2019 03:51:03 pm</b>] Joel DUCASSE (medecin) de Hopital Ste Marie  s'est connecté   
[<b>04/12/2019 03:51:04 pm</b>] Joel DUCASSE (medecin) de Hopital Ste Marie est allé dans ACCUEIL 
[<b>04/12/2019 03:52:13 pm</b>] Joel DUCASSE (medecin) de Hopital Ste Marie a recherché le client HERMITE MICHEL 1959-02-12
[<b>04/12/2019 03:52:13 pm</b>] Joel DUCASSE (medecin) de Hopital Ste Marie a recherché le client HERMITE MICHEL 1959-02-12
[<b>04/12/2019 03:53:32 pm</b>] Joel DUCASSE (medecin) de Hopital Ste Marie est allé dans ACCUEIL 
[<b>04/12/2019 03:54:09 pm</b>] Joel DUCASSE (medecin) de Hopital Ste Marie a recherché le client HERMITE MICHEL 1959-02-12
[<b>04/12/2019 03:54:09 pm</b>] Joel DUCASSE (medecin) de Hopital Ste Marie a recherché le client HERMITE MICHEL 1959-02-12
[<b>04/12/2019 03:54:32 pm</b>] Joel DUCASSE (medecin) de Hopital Ste Marie  s'est déconnecté  
[<b>04/12/2019 06:41:21 pm</b>] Joel DUCASSE (medecin) de Hopital Ste Marie  s'est connecté   
[<b>04/12/2019 06:41:22 pm</b>] Joel DUCASSE (medecin) de Hopital Ste Marie est allé dans ACCUEIL 
[<b>04/12/2019 06:41:32 pm</b>] Joel DUCASSE (medecin) de Hopital Ste Marie  est allé dans HISTORIQUE 
[<b>04/12/2019 06:43:27 pm</b>] Joel DUCASSE (medecin) de Hopital Ste Marie  est allé dans HISTORIQUE 
[<b>04/12/2019 06:45:22 pm</b>] Joel DUCASSE (medecin) de Hopital Ste Marie  s'est déconnecté  
