[<b>02/05/2019 03:30:03 pm</b>] Wilkendhie JOSEPH (medecin) de Hopital du Canape Vert  s'est connecté   
[<b>02/05/2019 03:30:04 pm</b>] Wilkendhie JOSEPH (medecin) de Hopital du Canape Vert est allé dans ACCUEIL 
[<b>02/05/2019 03:31:16 pm</b>] Wilkendhie JOSEPH (medecin) de Hopital du Canape Vert  a recherché   jean patrick alcine 1964-08-17 [MM/DD/YYYY]
[<b>02/05/2019 03:31:27 pm</b>] Wilkendhie JOSEPH (medecin) de Hopital du Canape Vert  a recherché   jean patrick alcine 1964-08-17 [MM/DD/YYYY]
[<b>02/05/2019 03:31:33 pm</b>] Wilkendhie JOSEPH (medecin) de Hopital du Canape Vert  a recherché   jean patrick alcine 1964-08-17 [MM/DD/YYYY]
[<b>02/05/2019 03:31:39 pm</b>] Wilkendhie JOSEPH (medecin) de Hopital du Canape Vert  a recherché   jean patrick alcine 1964-08-17 [MM/DD/YYYY]
[<b>02/05/2019 03:31:42 pm</b>] Wilkendhie JOSEPH (medecin) de Hopital du Canape Vert  a recherché   jean patrick alcine 1964-08-17 [MM/DD/YYYY]
[<b>02/05/2019 03:32:19 pm</b>] Wilkendhie JOSEPH (medecin) de Hopital du Canape Vert  a recherché   jean patrick alcime 1964-08-17 [MM/DD/YYYY]
[<b>02/05/2019 03:32:24 pm</b>] Wilkendhie JOSEPH (medecin) de Hopital du Canape Vert  a recherché   jean patrick alcime 1964-08-17 [MM/DD/YYYY]
[<b>02/05/2019 03:32:27 pm</b>] Wilkendhie JOSEPH (medecin) de Hopital du Canape Vert  a recherché   jean patrick alcime 1964-08-17 [MM/DD/YYYY]
[<b>02/05/2019 03:32:59 pm</b>] Wilkendhie JOSEPH (medecin) de Hopital du Canape Vert  a recherché   jean patric alcime 1964-08-17 [MM/DD/YYYY]
[<b>02/05/2019 03:56:56 pm</b>] Wilkendhie JOSEPH (medecin) de Hopital du Canape Vert  s'est connecté   
[<b>02/05/2019 03:56:57 pm</b>] Wilkendhie JOSEPH (medecin) de Hopital du Canape Vert est allé dans ACCUEIL 
[<b>02/05/2019 03:57:26 pm</b>] Wilkendhie JOSEPH (medecin) de Hopital du Canape Vert a recherché le client GUERSON JOSEPH 1983-02-01
[<b>02/05/2019 03:57:48 pm</b>] Wilkendhie JOSEPH (medecin) de Hopital du Canape Vert est allé dans ACCUEIL 
[<b>02/05/2019 04:00:37 pm</b>] Wilkendhie JOSEPH (medecin) de Hopital du Canape Vert  a recherché   victoria henriquez joseph 2006-10-08 [MM/DD/YYYY]
[<b>02/05/2019 04:00:50 pm</b>] Wilkendhie JOSEPH (medecin) de Hopital du Canape Vert a recherché le client VICTORIA HENRIQUEZ JOSEPH 2016-10-08
[<b>02/05/2019 04:01:03 pm</b>] Wilkendhie JOSEPH (medecin) de Hopital du Canape Vert  a recherché     2016-10-08 [MM/DD/YYYY]
[<b>02/05/2019 04:01:26 pm</b>] Wilkendhie JOSEPH (medecin) de Hopital du Canape Vert a recherché le client VICTORIA HENRIQUEZ JOSEPH 2016-10-08
[<b>02/05/2019 04:01:52 pm</b>] Wilkendhie JOSEPH (medecin) de Hopital du Canape Vert a recherché le client VICTORIA HENRIQUEZ JOSEPH 2016-10-08
[<b>02/05/2019 04:02:02 pm</b>] Wilkendhie JOSEPH (medecin) de Hopital du Canape Vert est allé dans ACCUEIL 
[<b>02/05/2019 04:02:55 pm</b>] Wilkendhie JOSEPH (medecin) de Hopital du Canape Vert a recherché le client VICTORIA HENRIQUEZ JOSEPH 2016-10-08
[<b>02/05/2019 04:03:30 pm</b>] Wilkendhie JOSEPH (medecin) de Hopital du Canape Vert est allé dans ACCUEIL 
