[<b>30/05/2019 08:28:01 am</b>] Sara SABIN (medecin) de Hopital Espoir  s'est connecté   
[<b>30/05/2019 08:28:02 am</b>] Sara SABIN (medecin) de Hopital Espoir est allé dans ACCUEIL 
[<b>30/05/2019 08:29:18 am</b>] Sara SABIN (medecin) de Hopital Espoir  a recherché   christian max bonucci pierre-louis 2017-06-23 [MM/DD/YYYY]
[<b>30/05/2019 08:29:37 am</b>] Sara SABIN (medecin) de Hopital Espoir  a recherché   christian max bonucci pierre louis 2017-06-23 [MM/DD/YYYY]
[<b>30/05/2019 08:29:47 am</b>] Sara SABIN (medecin) de Hopital Espoir  a recherché   christian max pierre louis 2017-06-23 [MM/DD/YYYY]
[<b>30/05/2019 08:31:23 am</b>] Sara SABIN (medecin) de Hopital Espoir  a recherché   christian max-bonucci pierre louis 2017-06-23 [MM/DD/YYYY]
[<b>30/05/2019 08:32:10 am</b>] Sara SABIN (medecin) de Hopital Espoir  s'est connecté   
[<b>30/05/2019 08:32:10 am</b>] Sara SABIN (medecin) de Hopital Espoir est allé dans ACCUEIL 
[<b>30/05/2019 08:32:48 am</b>] Sara SABIN (medecin) de Hopital Espoir a recherché le client MAXO PIERRE LOUIS 1979-02-17
[<b>30/05/2019 08:33:04 am</b>] Sara SABIN (medecin) de Hopital Espoir est allé dans ACCUEIL 
[<b>30/05/2019 08:33:55 am</b>] Sara SABIN (medecin) de Hopital Espoir  a recherché   christian max pierre louis 2017-06-21 [MM/DD/YYYY]
[<b>30/05/2019 08:36:58 am</b>] Sara SABIN (medecin) de Hopital Espoir  s'est connecté   
[<b>30/05/2019 08:36:59 am</b>] Sara SABIN (medecin) de Hopital Espoir est allé dans ACCUEIL 
[<b>30/05/2019 08:37:44 am</b>] Sara SABIN (medecin) de Hopital Espoir a recherché le client MAXO PIERRE LOUIS 1979-02-17
[<b>30/05/2019 08:38:10 am</b>] Sara SABIN (medecin) de Hopital Espoir est allé dans ACCUEIL 
[<b>30/05/2019 08:38:55 am</b>] Sara SABIN (medecin) de Hopital Espoir  a recherché   christian max-bonucci pierre louis 2017-06-21 [MM/DD/YYYY]
[<b>30/05/2019 08:39:09 am</b>] Sara SABIN (medecin) de Hopital Espoir  a recherché   christian max-bonucci pierre louis 2017-06-23 [MM/DD/YYYY]
[<b>30/05/2019 08:40:35 am</b>] Sara SABIN (medecin) de Hopital Espoir est allé dans ACCUEIL 
[<b>30/05/2019 08:41:16 am</b>] Sara SABIN (medecin) de Hopital Espoir  a recherché   victoria max diana pierre louis 2005-06-17 [MM/DD/YYYY]
[<b>30/05/2019 09:25:27 am</b>] Natalie SYLVESTRE (medecin) de Hopital Espoir  s'est connecté   
[<b>30/05/2019 09:25:30 am</b>] Natalie SYLVESTRE (medecin) de Hopital Espoir  s'est connecté   
[<b>30/05/2019 09:25:31 am</b>] Natalie SYLVESTRE (medecin) de Hopital Espoir est allé dans ACCUEIL 
[<b>30/05/2019 09:26:11 am</b>] Natalie SYLVESTRE (medecin) de Hopital Espoir a recherché le client PIERRE ROLAND CHARLERON 1982-10-22
[<b>30/05/2019 09:26:50 am</b>] Natalie SYLVESTRE (medecin) de Hopital Espoir  est allé dans HISTORIQUE 
[<b>30/05/2019 09:27:41 am</b>] Natalie SYLVESTRE (medecin) de Hopital Espoir a vérifié l'historique du client PIERRE ROLAND CHARLERON
[<b>30/05/2019 09:27:53 am</b>] Rose Christephane BANATTES (medecin) de Hopital Espoir  s'est connecté   
[<b>30/05/2019 09:27:53 am</b>] Rose Christephane BANATTES (medecin) de Hopital Espoir est allé dans ACCUEIL 
[<b>30/05/2019 09:40:03 am</b>]   () de   s'est déconnecté  
[<b>30/05/2019 09:48:43 am</b>] Marlie TONICO (medecin) de Hopital Espoir  s'est connecté   
[<b>30/05/2019 09:48:44 am</b>] Marlie TONICO (medecin) de Hopital Espoir est allé dans ACCUEIL 
[<b>30/05/2019 09:50:20 am</b>] Marlie TONICO (medecin) de Hopital Espoir a recherché le client JAMES GERMAIN 1979-11-21
[<b>30/05/2019 12:18:04 pm</b>] Sara SABIN (medecin) de Hopital Espoir  s'est connecté   
[<b>30/05/2019 12:18:04 pm</b>] Sara SABIN (medecin) de Hopital Espoir est allé dans ACCUEIL 
[<b>30/05/2019 12:19:15 pm</b>] Sara SABIN (medecin) de Hopital Espoir  a recherché   widemaer louis 2018-10-25 [MM/DD/YYYY]
[<b>30/05/2019 12:19:55 pm</b>] Sara SABIN (medecin) de Hopital Espoir  a recherché   widmaer louis 2018-10-25 [MM/DD/YYYY]
[<b>30/05/2019 12:19:58 pm</b>] Sara SABIN (medecin) de Hopital Espoir  a recherché   widmaer louis 2018-10-25 [MM/DD/YYYY]
[<b>30/05/2019 12:20:01 pm</b>] Sara SABIN (medecin) de Hopital Espoir  a recherché   widmaer louis 2018-10-25 [MM/DD/YYYY]
[<b>30/05/2019 12:20:04 pm</b>] Sara SABIN (medecin) de Hopital Espoir  a recherché   widmaer louis 2018-10-25 [MM/DD/YYYY]
[<b>30/05/2019 12:20:06 pm</b>] Sara SABIN (medecin) de Hopital Espoir  a recherché   widmaer louis 2018-10-25 [MM/DD/YYYY]
[<b>30/05/2019 12:20:09 pm</b>] Sara SABIN (medecin) de Hopital Espoir  a recherché   widmaer louis 2018-10-25 [MM/DD/YYYY]
[<b>30/05/2019 12:20:12 pm</b>] Sara SABIN (medecin) de Hopital Espoir  a recherché   widmaer louis 2018-10-25 [MM/DD/YYYY]
[<b>30/05/2019 12:20:14 pm</b>] Sara SABIN (medecin) de Hopital Espoir  a recherché   widmaer louis 2018-10-25 [MM/DD/YYYY]
[<b>30/05/2019 12:49:59 pm</b>] Sara SABIN (medecin) de Hopital Espoir  s'est connecté   
[<b>30/05/2019 12:49:59 pm</b>] Sara SABIN (medecin) de Hopital Espoir est allé dans ACCUEIL 
[<b>30/05/2019 12:50:32 pm</b>] Sara SABIN (medecin) de Hopital Espoir  a recherché   widmaer louis 2018-10-25 [MM/DD/YYYY]
[<b>30/05/2019 01:57:12 pm</b>] Marly Joelle HILAIRE (medecin) de Clinique Dr Hilaire  s'est connecté   
[<b>30/05/2019 01:57:13 pm</b>] Marly Joelle HILAIRE (medecin) de Clinique Dr Hilaire est allé dans ACCUEIL 
[<b>30/05/2019 01:57:52 pm</b>] Marly Joelle HILAIRE (medecin) de Clinique Dr Hilaire a recherché le client VERONNE DESTIN 1982-02-08
[<b>30/05/2019 03:07:12 pm</b>] Rood-Jerry GEFFRARD (medecin) de Hopital Adventiste Diquini  s'est connecté   
[<b>30/05/2019 03:07:14 pm</b>] Rood-Jerry GEFFRARD (medecin) de Hopital Adventiste Diquini est allé dans ACCUEIL 
[<b>30/05/2019 03:26:56 pm</b>] Hunter HUNTER (medecin) de HERO  s'est connecté   
[<b>30/05/2019 03:26:58 pm</b>] Hunter HUNTER (medecin) de HERO  s'est connecté   
[<b>30/05/2019 03:26:58 pm</b>] Hunter HUNTER (medecin) de HERO est allé dans ACCUEIL 
[<b>30/05/2019 03:27:45 pm</b>] Dominique AMBROISE (admin) de INASSA  s'est connecté   
[<b>30/05/2019 03:27:45 pm</b>] Dominique AMBROISE (admin) de INASSA est allé dans ACCUEIL 
[<b>30/05/2019 03:27:50 pm</b>] Dominique AMBROISE (admin) de INASSA  est allé dans HISTORIQUE 
[<b>30/05/2019 03:29:14 pm</b>] Hunter HUNTER (medecin) de HERO  a recherché   ean Phillipe Roger  [MM/DD/YYYY]
[<b>30/05/2019 03:29:22 pm</b>] Hunter HUNTER (medecin) de HERO  a recherché   jean Phillipe Roger  [MM/DD/YYYY]
[<b>30/05/2019 03:29:54 pm</b>] Hunter HUNTER (medecin) de HERO a recherché le client DOMINIQUE AMBROISE 1962-05-24
[<b>30/05/2019 03:29:54 pm</b>] Hunter HUNTER (medecin) de HERO a recherché le client DOMINIQUE AMBROISE 1962-05-24
[<b>30/05/2019 03:31:12 pm</b>] Hunter HUNTER (medecin) de HERO est allé dans ACCUEIL 
[<b>30/05/2019 03:31:42 pm</b>] Hunter HUNTER (medecin) de HERO a recherché le client DOMINIQUE AMBROISE 1962-05-24
[<b>30/05/2019 03:31:42 pm</b>] Hunter HUNTER (medecin) de HERO a recherché le client DOMINIQUE AMBROISE 1962-05-24
[<b>30/05/2019 03:33:46 pm</b>] Hunter HUNTER (medecin) de HERO est allé dans ACCUEIL 
[<b>30/05/2019 03:34:10 pm</b>] Hunter HUNTER (medecin) de HERO est allé dans ACCUEIL 
