[<b>21/05/2019 10:15:51 am</b>] Marlie TONICO (medecin) de Hopital Espoir  s'est connecté   
[<b>21/05/2019 10:15:52 am</b>] Marlie TONICO (medecin) de Hopital Espoir est allé dans ACCUEIL 
[<b>21/05/2019 10:16:37 am</b>] Marlie TONICO (medecin) de Hopital Espoir  a recherché   merceide antoine Date de naissance [MM/DD/YYYY]
[<b>21/05/2019 10:17:09 am</b>] Marlie TONICO (medecin) de Hopital Espoir a recherché le client MERCEIDE ANTOINE 1985-08-03
[<b>21/05/2019 10:19:51 am</b>] Marlie TONICO (medecin) de Hopital Espoir  a recherché   dora alexandre 2017-06-30 [MM/DD/YYYY]
[<b>21/05/2019 10:20:07 am</b>] Marlie TONICO (medecin) de Hopital Espoir  a recherché   dora alexandre 2017-06-30 [MM/DD/YYYY]
[<b>21/05/2019 10:20:22 am</b>] Marlie TONICO (medecin) de Hopital Espoir  a recherché   dora alexandre 2017-06-30 [MM/DD/YYYY]
[<b>21/05/2019 10:20:30 am</b>] Marlie TONICO (medecin) de Hopital Espoir  a recherché   dora alexandre 2017-06-30 [MM/DD/YYYY]
[<b>21/05/2019 10:21:48 am</b>] Marlie TONICO (medecin) de Hopital Espoir  a recherché   Sana Herard mathurin 1976-03-09 [MM/DD/YYYY]
[<b>21/05/2019 10:22:06 am</b>] Marlie TONICO (medecin) de Hopital Espoir  a recherché   Sana Herard mathurin 1976-03-09 [MM/DD/YYYY]
[<b>21/05/2019 10:23:05 am</b>] Marlie TONICO (medecin) de Hopital Espoir  a recherché   jean rorych louezi 2014-11-21 [MM/DD/YYYY]
[<b>21/05/2019 10:23:19 am</b>] Marlie TONICO (medecin) de Hopital Espoir  a recherché   jean rorych louezi 2014-11-21 [MM/DD/YYYY]
[<b>21/05/2019 10:24:07 am</b>] Marlie TONICO (medecin) de Hopital Espoir  a recherché   martine Calixte 1979-11-10 [MM/DD/YYYY]
[<b>21/05/2019 10:24:15 am</b>] Marlie TONICO (medecin) de Hopital Espoir  a recherché   martine Calixte 1979-11-10 [MM/DD/YYYY]
[<b>21/05/2019 10:24:24 am</b>] Marlie TONICO (medecin) de Hopital Espoir  a recherché   martine Calixte 1979-11-10 [MM/DD/YYYY]
[<b>21/05/2019 10:25:59 am</b>] Marlie TONICO (medecin) de Hopital Espoir  a recherché   Mirlande Richemond 1979-12-26 [MM/DD/YYYY]
[<b>21/05/2019 10:27:12 am</b>] Marlie TONICO (medecin) de Hopital Espoir  a recherché   abigail jadh kyarah francois 2014-12-17 [MM/DD/YYYY]
[<b>21/05/2019 10:27:19 am</b>] Marlie TONICO (medecin) de Hopital Espoir  a recherché   abigail jadh kyarah francois 2014-12-17 [MM/DD/YYYY]
[<b>21/05/2019 10:27:32 am</b>] Marlie TONICO (medecin) de Hopital Espoir  a recherché   abigail jadh kyarah francois 2014-12-17 [MM/DD/YYYY]
[<b>21/05/2019 10:28:31 am</b>] Marlie TONICO (medecin) de Hopital Espoir a recherché le client DEBORAH ANNE-JHIE FRANCOIS 2013-09-22
[<b>21/05/2019 10:28:38 am</b>] Marlie TONICO (medecin) de Hopital Espoir a recherché le client DEBORAH ANNE-JHIE FRANCOIS 2013-09-22
[<b>21/05/2019 10:51:10 am</b>] Marlie TONICO (medecin) de Hopital Espoir  s'est connecté   
[<b>21/05/2019 10:51:10 am</b>] Marlie TONICO (medecin) de Hopital Espoir est allé dans ACCUEIL 
[<b>21/05/2019 10:52:23 am</b>] Marlie TONICO (medecin) de Hopital Espoir  a recherché   max romane alexandre 1978-11-20 [MM/DD/YYYY]
[<b>21/05/2019 10:52:30 am</b>] Marlie TONICO (medecin) de Hopital Espoir  a recherché   max romane alexandre 1978-11-20 [MM/DD/YYYY]
[<b>21/05/2019 10:52:46 am</b>] Marlie TONICO (medecin) de Hopital Espoir  a recherché   max romane alexandre 1978-11-20 [MM/DD/YYYY]
[<b>21/05/2019 10:52:54 am</b>] Marlie TONICO (medecin) de Hopital Espoir  a recherché   max romane alexandre 1978-11-20 [MM/DD/YYYY]
[<b>21/05/2019 09:45:40 pm</b>] Sara SABIN (medecin) de Hopital Espoir  s'est connecté   
[<b>21/05/2019 09:45:40 pm</b>] Sara SABIN (medecin) de Hopital Espoir est allé dans ACCUEIL 
[<b>21/05/2019 09:46:33 pm</b>] Sara SABIN (medecin) de Hopital Espoir a recherché le client HANNY SAMIRAH ESTIME 2015-01-16
[<b>21/05/2019 09:46:55 pm</b>] Sara SABIN (medecin) de Hopital Espoir est allé dans ACCUEIL 
[<b>21/05/2019 09:48:07 pm</b>] Sara SABIN (medecin) de Hopital Espoir a recherché le client HANNY SAMIRAH ESTIME 2015-01-16
[<b>21/05/2019 09:48:40 pm</b>] Sara SABIN (medecin) de Hopital Espoir est allé dans ACCUEIL 
[<b>21/05/2019 10:04:14 pm</b>] Wilkendhie JOSEPH (medecin) de Hopital du Canape Vert  s'est connecté   
[<b>21/05/2019 10:04:14 pm</b>] Wilkendhie JOSEPH (medecin) de Hopital du Canape Vert est allé dans ACCUEIL 
[<b>21/05/2019 10:07:42 pm</b>] Wilkendhie JOSEPH (medecin) de Hopital du Canape Vert a recherché le client REGINALD MERVEILLE 1987-04-18
