[<b>14/04/2019 09:18:42 am</b>] Sara SABIN (medecin) de Hopital Espoir  s'est connecté   
[<b>14/04/2019 09:18:43 am</b>] Sara SABIN (medecin) de Hopital Espoir est allé dans ACCUEIL 
[<b>14/04/2019 09:19:31 am</b>] Sara SABIN (medecin) de Hopital Espoir a recherché le client YVES PATRICE JEANTY 1978-03-08
[<b>14/04/2019 09:19:53 am</b>] Sara SABIN (medecin) de Hopital Espoir est allé dans ACCUEIL 
[<b>14/04/2019 09:29:29 am</b>] Shana MONOPOL (medecin) de Hopital Espoir  s'est connecté   
[<b>14/04/2019 09:29:30 am</b>] Shana MONOPOL (medecin) de Hopital Espoir est allé dans ACCUEIL 
[<b>14/04/2019 09:30:07 am</b>] Shana MONOPOL (medecin) de Hopital Espoir  a changé son mot de passe  
[<b>14/04/2019 09:30:07 am</b>] Shana MONOPOL (medecin) de Hopital Espoir est allé dans ACCUEIL 
[<b>14/04/2019 09:30:59 am</b>] Shana MONOPOL (medecin) de Hopital Espoir  s'est connecté   
[<b>14/04/2019 09:30:59 am</b>] Shana MONOPOL (medecin) de Hopital Espoir est allé dans ACCUEIL 
[<b>14/04/2019 09:47:02 am</b>] Wilkendhie JOSEPH (medecin) de Hopital du Canape Vert  s'est connecté   
[<b>14/04/2019 09:47:02 am</b>] Wilkendhie JOSEPH (medecin) de Hopital du Canape Vert est allé dans ACCUEIL 
[<b>14/04/2019 09:49:27 am</b>] Wilkendhie JOSEPH (medecin) de Hopital du Canape Vert a recherché le client HENRI STEPHEN FELIX 1989-09-16
[<b>14/04/2019 09:49:51 am</b>] Wilkendhie JOSEPH (medecin) de Hopital du Canape Vert est allé dans ACCUEIL 
[<b>14/04/2019 08:39:42 pm</b>] Fabiola FRANCOIS (medecin) de Hopital Espoir  s'est connecté   
[<b>14/04/2019 08:39:42 pm</b>] Fabiola FRANCOIS (medecin) de Hopital Espoir est allé dans ACCUEIL 
[<b>14/04/2019 08:40:42 pm</b>] Fabiola FRANCOIS (medecin) de Hopital Espoir  a recherché   jean louidort datus 1985-03-16 [MM/DD/YYYY]
[<b>14/04/2019 08:41:13 pm</b>] Fabiola FRANCOIS (medecin) de Hopital Espoir  a recherché   jean louidort datus 1985-03-15 [MM/DD/YYYY]
[<b>14/04/2019 08:41:48 pm</b>] Fabiola FRANCOIS (medecin) de Hopital Espoir a recherché le client JEAN LOUIDORT DATUS 1987-03-15
[<b>14/04/2019 08:42:53 pm</b>] Fabiola FRANCOIS (medecin) de Hopital Espoir est allé dans ACCUEIL 
