[<b>29/08/2019 10:11:39 am</b>] Shana MONOPOL (medecin) de Hopital Espoir  s'est connecté   
[<b>29/08/2019 10:11:40 am</b>] Shana MONOPOL (medecin) de Hopital Espoir est allé dans ACCUEIL 
[<b>29/08/2019 10:12:18 am</b>] Shana MONOPOL (medecin) de Hopital Espoir a recherché le client ABNERLINE MATHURIN 2015-10-01
[<b>29/08/2019 10:13:00 am</b>] Shana MONOPOL (medecin) de Hopital Espoir est allé dans ACCUEIL 
[<b>29/08/2019 02:43:19 pm</b>] Natalie SYLVESTRE (medecin) de Hopital Espoir  s'est connecté   
[<b>29/08/2019 02:43:19 pm</b>] Natalie SYLVESTRE (medecin) de Hopital Espoir est allé dans ACCUEIL 
[<b>29/08/2019 02:43:49 pm</b>] Natalie SYLVESTRE (medecin) de Hopital Espoir  a recherché   nathalie hendrick 1978-10-22 [MM/DD/YYYY]
[<b>29/08/2019 02:44:04 pm</b>] Natalie SYLVESTRE (medecin) de Hopital Espoir  a recherché   nathalie Sylvestre 1978-10-22 [MM/DD/YYYY]
[<b>29/08/2019 02:44:18 pm</b>] Natalie SYLVESTRE (medecin) de Hopital Espoir  a recherché   Natalie Sylvestre 1978-10-22 [MM/DD/YYYY]
[<b>29/08/2019 02:44:32 pm</b>] Natalie SYLVESTRE (medecin) de Hopital Espoir  a recherché   Natalie hendrick 1978-10-22 [MM/DD/YYYY]
[<b>29/08/2019 02:53:11 pm</b>] Rose Christephane BANATTES (medecin) de Hopital Espoir  s'est connecté   
[<b>29/08/2019 02:53:11 pm</b>] Rose Christephane BANATTES (medecin) de Hopital Espoir est allé dans ACCUEIL 
[<b>29/08/2019 03:33:10 pm</b>] Rood-Jerry GEFFRARD (medecin) de Hopital Adventiste Diquini  s'est connecté   
[<b>29/08/2019 03:33:12 pm</b>] Rood-Jerry GEFFRARD (medecin) de Hopital Adventiste Diquini est allé dans ACCUEIL 
[<b>29/08/2019 03:34:44 pm</b>] Rood-Jerry GEFFRARD (medecin) de Hopital Adventiste Diquini  a recherché   Thernemie Dauphin 1946-04-04 [MM/DD/YYYY]
[<b>29/08/2019 03:35:17 pm</b>] Rood-Jerry GEFFRARD (medecin) de Hopital Adventiste Diquini  a recherché   Thernemie Dauphin Jean 1946-04-04 [MM/DD/YYYY]
[<b>29/08/2019 03:35:23 pm</b>] Rood-Jerry GEFFRARD (medecin) de Hopital Adventiste Diquini  a recherché   Thernemie Dauphin Jean 1946-04-04 [MM/DD/YYYY]
[<b>29/08/2019 03:37:06 pm</b>] Rood-Jerry GEFFRARD (medecin) de Hopital Adventiste Diquini  a recherché   Thernemie Dauphin Jean 1949-04-04 [MM/DD/YYYY]
[<b>29/08/2019 03:37:13 pm</b>] Rood-Jerry GEFFRARD (medecin) de Hopital Adventiste Diquini  a recherché   Thernemie Dauphin Jean 1949-04-04 [MM/DD/YYYY]
[<b>29/08/2019 03:37:47 pm</b>] Rood-Jerry GEFFRARD (medecin) de Hopital Adventiste Diquini  a recherché   Thernemie Dauphin 1949-04-04 [MM/DD/YYYY]
