[<b>25/10/2019 09:38:17 am</b>] Marc-Eric ALTIDOR (admin) de INASSA  s'est connecté   
[<b>25/10/2019 09:38:18 am</b>] Marc-Eric ALTIDOR (admin) de INASSA est allé dans ACCUEIL 
[<b>25/10/2019 09:38:35 am</b>] Marc-Eric ALTIDOR (admin) de INASSA  est allé dans PARAMETRES  
[<b>25/10/2019 09:39:10 am</b>] Marc-Eric ALTIDOR (admin) de INASSA  est allé dans HISTORIQUE 
[<b>25/10/2019 09:40:24 am</b>] Marc-Eric ALTIDOR (admin) de INASSA  est allé dans PARAMETRES  
[<b>25/10/2019 09:41:00 am</b>] Marc-Eric ALTIDOR (admin) de INASSA  s'est déconnecté  
[<b>25/10/2019 09:43:32 am</b>] Marc-Eric ALTIDOR (admin) de INASSA  s'est connecté   
[<b>25/10/2019 09:43:32 am</b>] Marc-Eric ALTIDOR (admin) de INASSA est allé dans ACCUEIL 
[<b>25/10/2019 09:43:38 am</b>] Marc-Eric ALTIDOR (admin) de INASSA  est allé dans PARAMETRES  
[<b>25/10/2019 09:44:10 am</b>] Marc-Eric ALTIDOR (admin) de INASSA  a réinitialisé le compte de l'utilisateur  Dominique AMBROISE
[<b>25/10/2019 09:44:17 am</b>] Marc-Eric ALTIDOR (admin) de INASSA  a changé le rôle de l'utilisateur  Dominique AMBROISE
[<b>25/10/2019 09:44:48 am</b>] Marc-Eric ALTIDOR (admin) de INASSA  est allé dans PARAMETRES  
[<b>25/10/2019 09:45:50 am</b>] Marc-Eric ALTIDOR (admin) de INASSA  s'est déconnecté  
[<b>25/10/2019 09:46:36 am</b>] Dominique AMBROISE (admin) de INASSA  s'est connecté   
[<b>25/10/2019 09:46:36 am</b>] Dominique AMBROISE (admin) de INASSA est allé dans ACCUEIL 
[<b>25/10/2019 09:47:10 am</b>] Dominique AMBROISE (admin) de INASSA  a changé son mot de passe  
[<b>25/10/2019 09:47:10 am</b>] Dominique AMBROISE (admin) de INASSA est allé dans ACCUEIL 
[<b>25/10/2019 09:48:02 am</b>] Dominique AMBROISE (admin) de INASSA  s'est déconnecté  
[<b>25/10/2019 09:48:45 am</b>] Dominique AMBROISE (admin) de INASSA  s'est connecté   
[<b>25/10/2019 09:48:46 am</b>] Dominique AMBROISE (admin) de INASSA est allé dans ACCUEIL 
[<b>25/10/2019 12:35:59 pm</b>] Admin WYZDEV (admin) de INASSA  s'est connecté   
[<b>25/10/2019 12:36:00 pm</b>] Admin WYZDEV (admin) de INASSA est allé dans ACCUEIL 
[<b>25/10/2019 12:36:10 pm</b>] Admin WYZDEV (admin) de INASSA  est allé dans HISTORIQUE 
[<b>25/10/2019 12:47:54 pm</b>] Admin WYZDEV (admin) de INASSA  s'est connecté   
[<b>25/10/2019 12:50:12 pm</b>] Admin WYZDEV (admin) de INASSA  s'est connecté   
[<b>25/10/2019 12:50:13 pm</b>] Admin WYZDEV (admin) de INASSA est allé dans ACCUEIL 
[<b>25/10/2019 12:51:27 pm</b>] Admin WYZDEV (admin) de INASSA est allé dans ACCUEIL 
[<b>25/10/2019 12:52:27 pm</b>] Admin WYZDEV (admin) de INASSA  est allé dans HISTORIQUE 
[<b>25/10/2019 12:53:26 pm</b>] Admin WYZDEV (admin) de INASSA  s'est déconnecté   
[<b>25/10/2019 12:53:49 pm</b>] Admin WYZDEV (admin) de INASSA  s'est connecté   
