[<b>18/12/2019 10:08:43 am</b>] Rood-Jerry GEFFRARD (medecin) de Hopital Adventiste Diquini  s'est connecté   
[<b>18/12/2019 10:08:43 am</b>] Rood-Jerry GEFFRARD (medecin) de Hopital Adventiste Diquini est allé dans ACCUEIL 
[<b>18/12/2019 10:10:21 am</b>] Rood-Jerry GEFFRARD (medecin) de Hopital Adventiste Diquini  a recherché   Jina Louissaint Joseph 1985-03-10 [MM/DD/YYYY]
[<b>18/12/2019 10:10:34 am</b>] Rood-Jerry GEFFRARD (medecin) de Hopital Adventiste Diquini  a recherché   Jina Louissaint Joseph 1985-03-08 [MM/DD/YYYY]
[<b>18/12/2019 10:11:00 am</b>] Rood-Jerry GEFFRARD (medecin) de Hopital Adventiste Diquini  a recherché   Jina Louissaint 1985-03-08 [MM/DD/YYYY]
[<b>18/12/2019 10:13:52 am</b>] Rood-Jerry GEFFRARD (medecin) de Hopital Adventiste Diquini a recherché le client JUNA LOUISSAINT JOSEPH 1985-03-10
[<b>18/12/2019 12:24:31 pm</b>] Rood-Jerry GEFFRARD (medecin) de Hopital Adventiste Diquini  s'est connecté   
[<b>18/12/2019 12:24:32 pm</b>] Rood-Jerry GEFFRARD (medecin) de Hopital Adventiste Diquini est allé dans ACCUEIL 
[<b>18/12/2019 12:25:34 pm</b>] Marie Irlette PARENT (medecin) de Clinique Marie I Parent  s'est connecté   
[<b>18/12/2019 12:25:35 pm</b>] Marie Irlette PARENT (medecin) de Clinique Marie I Parent est allé dans ACCUEIL 
[<b>18/12/2019 12:25:43 pm</b>] Rood-Jerry GEFFRARD (medecin) de Hopital Adventiste Diquini  a recherché   Marcelin Victor 1985-06-01 [MM/DD/YYYY]
[<b>18/12/2019 12:26:13 pm</b>] Marie Irlette PARENT (medecin) de Clinique Marie I Parent  a recherché   marc-arthur latortue 1985-04-23 [MM/DD/YYYY]
[<b>18/12/2019 12:26:56 pm</b>] Marie Irlette PARENT (medecin) de Clinique Marie I Parent  a recherché   Marc-Arthur Latortue 1985-04-23 [MM/DD/YYYY]
[<b>18/12/2019 12:27:18 pm</b>] Rood-Jerry GEFFRARD (medecin) de Hopital Adventiste Diquini  a recherché   marcelin Victor 1985-06-01 [MM/DD/YYYY]
[<b>18/12/2019 12:28:28 pm</b>] Marie Irlette PARENT (medecin) de Clinique Marie I Parent a recherché le client MARC ARTHUR LATORTUE 1985-04-23
[<b>18/12/2019 12:29:20 pm</b>] Marie Irlette PARENT (medecin) de Clinique Marie I Parent a recherché le client MARC ARTHUR LATORTUE 1985-04-23
[<b>18/12/2019 12:29:23 pm</b>] Marie Irlette PARENT (medecin) de Clinique Marie I Parent  a recherché   Marc-Arthur Latortue 1985-04-23 [MM/DD/YYYY]
[<b>18/12/2019 12:29:32 pm</b>] Marie Irlette PARENT (medecin) de Clinique Marie I Parent a recherché le client MARC ARTHUR LATORTUE 1985-04-23
[<b>18/12/2019 12:29:51 pm</b>] Marie Irlette PARENT (medecin) de Clinique Marie I Parent a recherché le client MARC ARTHUR LATORTUE 1985-04-23
[<b>18/12/2019 12:31:38 pm</b>] Marie Irlette PARENT (medecin) de Clinique Marie I Parent a recherché le client SAMUEL SEIDE 1987-12-05
[<b>18/12/2019 12:31:38 pm</b>] Marie Irlette PARENT (medecin) de Clinique Marie I Parent a recherché le client SAMUEL SEIDE 1987-12-05
[<b>18/12/2019 12:31:38 pm</b>] Marie Irlette PARENT (medecin) de Clinique Marie I Parent a recherché le client SAMUEL SEIDE 1987-12-05
[<b>18/12/2019 12:32:31 pm</b>] Marie Irlette PARENT (medecin) de Clinique Marie I Parent a recherché le client SAMUEL SEIDE 1987-12-05
[<b>18/12/2019 12:32:31 pm</b>] Marie Irlette PARENT (medecin) de Clinique Marie I Parent a recherché le client SAMUEL SEIDE 1987-12-05
[<b>18/12/2019 12:32:31 pm</b>] Marie Irlette PARENT (medecin) de Clinique Marie I Parent a recherché le client SAMUEL SEIDE 1987-12-05
[<b>18/12/2019 12:32:37 pm</b>] Marie Irlette PARENT (medecin) de Clinique Marie I Parent a recherché le client MARC ARTHUR LATORTUE 1985-04-23
[<b>18/12/2019 12:32:47 pm</b>] Marie Irlette PARENT (medecin) de Clinique Marie I Parent a recherché le client SAMUEL SEIDE 1987-12-05
[<b>18/12/2019 12:32:47 pm</b>] Marie Irlette PARENT (medecin) de Clinique Marie I Parent a recherché le client SAMUEL SEIDE 1987-12-05
[<b>18/12/2019 12:32:47 pm</b>] Marie Irlette PARENT (medecin) de Clinique Marie I Parent a recherché le client SAMUEL SEIDE 1987-12-05
[<b>18/12/2019 12:35:44 pm</b>] Marie Irlette PARENT (medecin) de Clinique Marie I Parent a recherché le client MARLINE AMBROISE 1991-01-12
[<b>18/12/2019 12:35:44 pm</b>] Marie Irlette PARENT (medecin) de Clinique Marie I Parent a recherché le client MARLINE AMBROISE 1991-01-12
[<b>18/12/2019 12:35:44 pm</b>] Marie Irlette PARENT (medecin) de Clinique Marie I Parent a recherché le client MARLINE AMBROISE 1991-01-12
[<b>18/12/2019 12:36:14 pm</b>] Marie Irlette PARENT (medecin) de Clinique Marie I Parent a recherché le client MARLINE AMBROISE 1991-01-12
[<b>18/12/2019 12:36:14 pm</b>] Marie Irlette PARENT (medecin) de Clinique Marie I Parent a recherché le client MARLINE AMBROISE 1991-01-12
[<b>18/12/2019 12:36:14 pm</b>] Marie Irlette PARENT (medecin) de Clinique Marie I Parent a recherché le client MARLINE AMBROISE 1991-01-12
[<b>18/12/2019 12:36:21 pm</b>] Marie Irlette PARENT (medecin) de Clinique Marie I Parent a recherché le client SAMUEL SEIDE 1987-12-05
[<b>18/12/2019 12:36:21 pm</b>] Marie Irlette PARENT (medecin) de Clinique Marie I Parent a recherché le client SAMUEL SEIDE 1987-12-05
[<b>18/12/2019 12:36:21 pm</b>] Marie Irlette PARENT (medecin) de Clinique Marie I Parent a recherché le client SAMUEL SEIDE 1987-12-05
[<b>18/12/2019 05:18:39 pm</b>] Wilkendhie JOSEPH (medecin) de Hopital du Canape Vert  s'est connecté   
[<b>18/12/2019 05:18:40 pm</b>] Wilkendhie JOSEPH (medecin) de Hopital du Canape Vert  s'est connecté   
[<b>18/12/2019 05:18:40 pm</b>] Wilkendhie JOSEPH (medecin) de Hopital du Canape Vert est allé dans ACCUEIL 
[<b>18/12/2019 05:19:37 pm</b>] Wilkendhie JOSEPH (medecin) de Hopital du Canape Vert a recherché le client JEAN SAINTIRA 2004-11-18
[<b>18/12/2019 05:19:48 pm</b>] Wilkendhie JOSEPH (medecin) de Hopital du Canape Vert est allé dans ACCUEIL 
[<b>18/12/2019 05:21:43 pm</b>] Wilkendhie JOSEPH (medecin) de Hopital du Canape Vert  s'est connecté   
[<b>18/12/2019 05:21:43 pm</b>] Wilkendhie JOSEPH (medecin) de Hopital du Canape Vert est allé dans ACCUEIL 
[<b>18/12/2019 05:22:37 pm</b>] Wilkendhie JOSEPH (medecin) de Hopital du Canape Vert a recherché le client ALIX TABUTEAU 1961-10-18
[<b>18/12/2019 05:22:37 pm</b>] Wilkendhie JOSEPH (medecin) de Hopital du Canape Vert a recherché le client ALIX TABUTEAU 1961-10-18
[<b>18/12/2019 05:22:37 pm</b>] Wilkendhie JOSEPH (medecin) de Hopital du Canape Vert a recherché le client ALIX TABUTEAU 1961-10-18
[<b>18/12/2019 05:22:37 pm</b>] Wilkendhie JOSEPH (medecin) de Hopital du Canape Vert a recherché le client ALIX TABUTEAU 1961-10-18
[<b>18/12/2019 05:22:37 pm</b>] Wilkendhie JOSEPH (medecin) de Hopital du Canape Vert a recherché le client ALIX TABUTEAU 1961-10-18
[<b>18/12/2019 05:22:37 pm</b>] Wilkendhie JOSEPH (medecin) de Hopital du Canape Vert a recherché le client ALIX TABUTEAU 1961-10-18
[<b>18/12/2019 05:22:37 pm</b>] Wilkendhie JOSEPH (medecin) de Hopital du Canape Vert a recherché le client ALIX TABUTEAU 1961-10-18
[<b>18/12/2019 05:22:37 pm</b>] Wilkendhie JOSEPH (medecin) de Hopital du Canape Vert a recherché le client ALIX TABUTEAU 1961-10-18
[<b>18/12/2019 05:23:01 pm</b>] Wilkendhie JOSEPH (medecin) de Hopital du Canape Vert est allé dans ACCUEIL 
