[<b>12/04/2019 11:06:41 am</b>] Marc-Eric ALTIDOR (admin) de INASSA  s'est connecté   
[<b>12/04/2019 11:06:42 am</b>] Marc-Eric ALTIDOR (admin) de INASSA est allé dans ACCUEIL 
[<b>12/04/2019 11:07:14 am</b>] Marc-Eric ALTIDOR (admin) de INASSA  a recherché   eric altidor 1975-06-27 [MM/DD/YYYY]
[<b>12/04/2019 11:07:27 am</b>] Marc-Eric ALTIDOR (admin) de INASSA a recherché le client MARC-ERIC ALTIDOR 1975-06-28
[<b>12/04/2019 11:07:37 am</b>] Marc-Eric ALTIDOR (admin) de INASSA a recherché le client MARC-ERIC ALTIDOR 1975-06-28
[<b>12/04/2019 11:18:31 am</b>] Marc-Eric ALTIDOR (admin) de INASSA  s'est connecté   
[<b>12/04/2019 11:18:31 am</b>] Marc-Eric ALTIDOR (admin) de INASSA est allé dans ACCUEIL 
[<b>12/04/2019 11:18:56 am</b>] Marc-Eric ALTIDOR (admin) de INASSA  a recherché   sara vante 1969-02-25 [MM/DD/YYYY]
[<b>12/04/2019 11:19:05 am</b>] Marc-Eric ALTIDOR (admin) de INASSA  a recherché   sara vanté 1969-02-25 [MM/DD/YYYY]
[<b>12/04/2019 11:19:58 am</b>] Marc-Eric ALTIDOR (admin) de INASSA  a recherché   sara vanté 1969-02-26 [MM/DD/YYYY]
[<b>12/04/2019 11:20:08 am</b>] Marc-Eric ALTIDOR (admin) de INASSA  a recherché   sara vante 1969-02-26 [MM/DD/YYYY]
[<b>12/04/2019 11:24:31 am</b>] Marc-Eric ALTIDOR (admin) de INASSA a recherché le client SARA VANTE 1989-02-26
[<b>12/04/2019 11:24:31 am</b>] Marc-Eric ALTIDOR (admin) de INASSA a recherché le client SARA VANTE 1989-02-26
[<b>12/04/2019 11:39:41 am</b>] Marlie TONICO (medecin) de Hopital Espoir  s'est connecté   
[<b>12/04/2019 11:39:42 am</b>] Marlie TONICO (medecin) de Hopital Espoir est allé dans ACCUEIL 
[<b>12/04/2019 11:40:34 am</b>] Marlie TONICO (medecin) de Hopital Espoir  a recherché   Negote-Shele Gaillard 1988-12-23 [MM/DD/YYYY]
[<b>12/04/2019 11:41:28 am</b>] Marlie TONICO (medecin) de Hopital Espoir a recherché le client ELDER GAILLARD 1960-01-16
[<b>12/04/2019 12:52:05 pm</b>] Wilkendhie JOSEPH (medecin) de Hopital du Canape Vert  s'est connecté   
[<b>12/04/2019 12:52:05 pm</b>] Wilkendhie JOSEPH (medecin) de Hopital du Canape Vert est allé dans ACCUEIL 
[<b>12/04/2019 12:53:00 pm</b>] Wilkendhie JOSEPH (medecin) de Hopital du Canape Vert a recherché le client WILDY PIERRE LOUIS 1980-05-16
[<b>12/04/2019 12:54:03 pm</b>] Wilkendhie JOSEPH (medecin) de Hopital du Canape Vert est allé dans ACCUEIL 
[<b>12/04/2019 01:00:20 pm</b>] Wilkendhie JOSEPH (medecin) de Hopital du Canape Vert  s'est connecté   
[<b>12/04/2019 01:00:20 pm</b>] Wilkendhie JOSEPH (medecin) de Hopital du Canape Vert est allé dans ACCUEIL 
[<b>12/04/2019 01:00:53 pm</b>] Wilkendhie JOSEPH (medecin) de Hopital du Canape Vert a recherché le client WILDY PIERRE LOUIS 1980-05-16
[<b>12/04/2019 01:05:37 pm</b>] Wilkendhie JOSEPH (medecin) de Hopital du Canape Vert est allé dans ACCUEIL 
[<b>12/04/2019 03:12:33 pm</b>] Chrislin NOEL (medecin) de Clinique du Dr Grenson Jeune  s'est connecté   
[<b>12/04/2019 03:12:34 pm</b>] Chrislin NOEL (medecin) de Clinique du Dr Grenson Jeune est allé dans ACCUEIL 
[<b>12/04/2019 03:13:55 pm</b>] Chrislin NOEL (medecin) de Clinique du Dr Grenson Jeune a recherché le client JINETTE SERANDIEU OTILUS 1979-04-17
[<b>12/04/2019 03:13:55 pm</b>] Chrislin NOEL (medecin) de Clinique du Dr Grenson Jeune a recherché le client JINETTE SERANDIEU OTILUS 1979-04-17
[<b>12/04/2019 03:13:55 pm</b>] Chrislin NOEL (medecin) de Clinique du Dr Grenson Jeune a recherché le client JINETTE SERANDIEU OTILUS 1979-04-17
[<b>12/04/2019 03:18:18 pm</b>] Chrislin NOEL (medecin) de Clinique du Dr Grenson Jeune a recherché le client JINETTE SERANDIEU OTILUS 1979-04-17
[<b>12/04/2019 03:18:18 pm</b>] Chrislin NOEL (medecin) de Clinique du Dr Grenson Jeune a recherché le client JINETTE SERANDIEU OTILUS 1979-04-17
[<b>12/04/2019 03:18:18 pm</b>] Chrislin NOEL (medecin) de Clinique du Dr Grenson Jeune a recherché le client JINETTE SERANDIEU OTILUS 1979-04-17
[<b>12/04/2019 03:19:35 pm</b>] Chrislin NOEL (medecin) de Clinique du Dr Grenson Jeune a recherché le client CHRISLIN NOEL 1979-10-15
[<b>12/04/2019 03:20:37 pm</b>] Chrislin NOEL (medecin) de Clinique du Dr Grenson Jeune a recherché le client KARLTZ NOEL 2017-09-03
[<b>12/04/2019 03:22:02 pm</b>] Chrislin NOEL (medecin) de Clinique du Dr Grenson Jeune  a recherché   hervencia louis 1999-10-14 [MM/DD/YYYY]
[<b>12/04/2019 03:22:21 pm</b>] Chrislin NOEL (medecin) de Clinique du Dr Grenson Jeune  a recherché   hervencia louis 1999-10-26 [MM/DD/YYYY]
[<b>12/04/2019 03:22:49 pm</b>] Chrislin NOEL (medecin) de Clinique du Dr Grenson Jeune  a recherché   ervencia louis 1999-10-26 [MM/DD/YYYY]
[<b>12/04/2019 03:23:03 pm</b>] Chrislin NOEL (medecin) de Clinique du Dr Grenson Jeune  a recherché   ervencia louis 1999-10-14 [MM/DD/YYYY]
[<b>12/04/2019 03:24:58 pm</b>] Chrislin NOEL (medecin) de Clinique du Dr Grenson Jeune  a recherché   christia Severe 2010-04-26 [MM/DD/YYYY]
[<b>12/04/2019 03:30:00 pm</b>] Chrislin NOEL (medecin) de Clinique du Dr Grenson Jeune  a recherché   edouardo lindsay otilus 2018-11-08 [MM/DD/YYYY]
