[<b>09/07/2019 06:30:02 am</b>] Sara SABIN (medecin) de Hopital Espoir  s'est connecté   
[<b>09/07/2019 06:30:02 am</b>] Sara SABIN (medecin) de Hopital Espoir est allé dans ACCUEIL 
[<b>09/07/2019 06:30:54 am</b>] Sara SABIN (medecin) de Hopital Espoir a recherché le client JOUDELINE REDON 1988-11-15
[<b>09/07/2019 06:31:08 am</b>] Sara SABIN (medecin) de Hopital Espoir est allé dans ACCUEIL 
[<b>09/07/2019 09:28:20 am</b>] Sanon WIDMAIER (admin) de INASSA  s'est connecté   
[<b>09/07/2019 09:28:20 am</b>] Sanon WIDMAIER (admin) de INASSA est allé dans ACCUEIL 
[<b>09/07/2019 09:28:48 am</b>] Sanon WIDMAIER (admin) de INASSA a recherché le client WIDMAIER SANON 1978-07-01
[<b>09/07/2019 09:28:48 am</b>] Sanon WIDMAIER (admin) de INASSA a recherché le client WIDMAIER SANON 1978-07-01
[<b>09/07/2019 09:29:10 am</b>] Sanon WIDMAIER (admin) de INASSA est allé dans ACCUEIL 
[<b>09/07/2019 09:29:28 am</b>] Sanon WIDMAIER (admin) de INASSA a recherché le client WIDMAIER SANON 1978-07-01
[<b>09/07/2019 09:29:28 am</b>] Sanon WIDMAIER (admin) de INASSA a recherché le client WIDMAIER SANON 1978-07-01
[<b>09/07/2019 09:30:33 am</b>] Sanon WIDMAIER (admin) de INASSA est allé dans ACCUEIL 
[<b>09/07/2019 09:41:45 am</b>] Denold MILSOIT (medecin) de CLINIQULE Dr DENOLD MILSOIT  s'est connecté   
[<b>09/07/2019 09:41:46 am</b>] Denold MILSOIT (medecin) de CLINIQULE Dr DENOLD MILSOIT est allé dans ACCUEIL 
[<b>09/07/2019 09:58:01 am</b>] Sanon WIDMAIER (admin) de INASSA  s'est connecté   
[<b>09/07/2019 09:58:02 am</b>] Sanon WIDMAIER (admin) de INASSA  s'est connecté   
[<b>09/07/2019 09:58:03 am</b>] Sanon WIDMAIER (admin) de INASSA est allé dans ACCUEIL 
[<b>09/07/2019 09:58:58 am</b>] Sanon WIDMAIER (admin) de INASSA a recherché le client WIDMAIER SANON 1978-07-01
[<b>09/07/2019 09:58:58 am</b>] Sanon WIDMAIER (admin) de INASSA a recherché le client WIDMAIER SANON 1978-07-01
[<b>09/07/2019 10:05:06 am</b>] Sanon WIDMAIER (admin) de INASSA  s'est connecté   
[<b>09/07/2019 10:05:06 am</b>] Sanon WIDMAIER (admin) de INASSA est allé dans ACCUEIL 
[<b>09/07/2019 10:05:12 am</b>] Sanon WIDMAIER (admin) de INASSA  est allé dans PARAMETRES  
[<b>09/07/2019 10:05:51 am</b>] Sanon WIDMAIER (admin) de INASSA  a réinitialisé le compte de l'utilisateur  Djhonn SAINT-CYR
[<b>09/07/2019 10:10:30 am</b>] Marc-Eric ALTIDOR (admin) de INASSA  s'est connecté   
[<b>09/07/2019 10:10:30 am</b>] Marc-Eric ALTIDOR (admin) de INASSA est allé dans ACCUEIL 
[<b>09/07/2019 10:10:34 am</b>] Marc-Eric ALTIDOR (admin) de INASSA  est allé dans PARAMETRES  
[<b>09/07/2019 10:32:37 am</b>] Marc-Eric ALTIDOR (admin) de INASSA  s'est connecté   
[<b>09/07/2019 10:32:38 am</b>] Marc-Eric ALTIDOR (admin) de INASSA est allé dans ACCUEIL 
[<b>09/07/2019 10:53:14 am</b>] Marc-Eric ALTIDOR (admin) de INASSA  s'est connecté   
[<b>09/07/2019 10:53:14 am</b>] Marc-Eric ALTIDOR (admin) de INASSA est allé dans ACCUEIL 
[<b>09/07/2019 10:53:17 am</b>] Marc-Eric ALTIDOR (admin) de INASSA  est allé dans PARAMETRES  
[<b>09/07/2019 10:54:31 am</b>] Marc-Eric ALTIDOR (admin) de INASSA a enregistré l'utilisateur  Frantz CHARLEMAGNE / cfrantz / cliniquesantepourtous@yahoo.com / Médecin / Actif
[<b>09/07/2019 10:54:31 am</b>] Marc-Eric ALTIDOR (admin) de INASSA  est allé dans PARAMETRES  
[<b>09/07/2019 10:54:51 am</b>] Marc-Eric ALTIDOR (admin) de INASSA  est allé dans PARAMETRES  
[<b>09/07/2019 10:55:44 am</b>] Marc-Eric ALTIDOR (admin) de INASSA a enregistré l'utilisateur  Harvel DUVERSEAU / hduverseau / docduverseau@yahoo.com / Médecin / Actif
[<b>09/07/2019 10:55:45 am</b>] Marc-Eric ALTIDOR (admin) de INASSA  est allé dans PARAMETRES  
[<b>09/07/2019 02:54:10 pm</b>] Marc-Eric ALTIDOR (admin) de INASSA  s'est connecté   
[<b>09/07/2019 02:54:11 pm</b>] Marc-Eric ALTIDOR (admin) de INASSA est allé dans ACCUEIL 
[<b>09/07/2019 02:54:20 pm</b>] Marc-Eric ALTIDOR (admin) de INASSA  est allé dans PARAMETRES  
[<b>09/07/2019 02:54:51 pm</b>] Sanon WIDMAIER (admin) de INASSA  s'est connecté   
[<b>09/07/2019 02:54:52 pm</b>] Sanon WIDMAIER (admin) de INASSA est allé dans ACCUEIL 
[<b>09/07/2019 02:54:57 pm</b>] Marc-Eric ALTIDOR (admin) de INASSA  est allé dans HISTORIQUE 
[<b>09/07/2019 02:54:57 pm</b>] Sanon WIDMAIER (admin) de INASSA  est allé dans PARAMETRES  
[<b>09/07/2019 02:55:02 pm</b>] Marc-Eric ALTIDOR (admin) de INASSA est allé dans ACCUEIL 
[<b>09/07/2019 02:55:05 pm</b>] Marc-Eric ALTIDOR (admin) de INASSA  est allé dans HISTORIQUE 
[<b>09/07/2019 02:55:17 pm</b>] Marc-Eric ALTIDOR (admin) de INASSA  est allé dans PARAMETRES  
[<b>09/07/2019 04:54:25 pm</b>] Sherlie CALIXTE (medecin) de Hopital Espoir  s'est connecté   
[<b>09/07/2019 04:54:26 pm</b>] Sherlie CALIXTE (medecin) de Hopital Espoir est allé dans ACCUEIL 
[<b>09/07/2019 04:55:34 pm</b>] Sherlie CALIXTE (medecin) de Hopital Espoir  a recherché   myriam dorvillier lavoile 1989-07-03 [MM/DD/YYYY]
[<b>09/07/2019 04:56:09 pm</b>] Sherlie CALIXTE (medecin) de Hopital Espoir  a recherché   myriame dorvillier lavoile 1989-07-03 [MM/DD/YYYY]
[<b>09/07/2019 05:00:26 pm</b>] Sherlie CALIXTE (medecin) de Hopital Espoir  s'est connecté   
[<b>09/07/2019 05:00:26 pm</b>] Sherlie CALIXTE (medecin) de Hopital Espoir est allé dans ACCUEIL 
[<b>09/07/2019 05:01:25 pm</b>] Sherlie CALIXTE (medecin) de Hopital Espoir a recherché le client MYRIAME DORVILIER LAVOILE 1989-07-03
[<b>09/07/2019 05:02:57 pm</b>] Sherlie CALIXTE (medecin) de Hopital Espoir est allé dans ACCUEIL 
