[<b>08/07/2019 10:48:10 am</b>] Fabiola FRANCOIS (medecin) de Hopital Espoir  s'est connecté   
[<b>08/07/2019 10:48:10 am</b>] Fabiola FRANCOIS (medecin) de Hopital Espoir est allé dans ACCUEIL 
[<b>08/07/2019 10:49:16 am</b>] Fabiola FRANCOIS (medecin) de Hopital Espoir a recherché le client YANICK CADé CHéRY 1977-09-18
[<b>08/07/2019 10:49:32 am</b>] Fabiola FRANCOIS (medecin) de Hopital Espoir est allé dans ACCUEIL 
[<b>08/07/2019 11:44:48 am</b>] Rood-Jerry GEFFRARD (medecin) de Hopital Adventiste Diquini  s'est connecté   
[<b>08/07/2019 11:44:48 am</b>] Rood-Jerry GEFFRARD (medecin) de Hopital Adventiste Diquini est allé dans ACCUEIL 
[<b>08/07/2019 11:45:39 am</b>] Rood-Jerry GEFFRARD (medecin) de Hopital Adventiste Diquini a recherché le client ROSELINE AUGUSTIN CHARLES FILS 1986-01-30
[<b>08/07/2019 11:46:11 am</b>] Rood-Jerry GEFFRARD (medecin) de Hopital Adventiste Diquini a recherché le client JACKSON CHARLES FILS 1986-06-29
[<b>08/07/2019 11:46:53 am</b>] Rood-Jerry GEFFRARD (medecin) de Hopital Adventiste Diquini a recherché le client ROOD-JERRY GEFFRARD 1993-01-07
[<b>08/07/2019 12:19:11 pm</b>] Denold MILSOIT (medecin) de CLINIQULE Dr DENOLD MILSOIT  s'est connecté   
[<b>08/07/2019 12:19:12 pm</b>] Denold MILSOIT (medecin) de CLINIQULE Dr DENOLD MILSOIT est allé dans ACCUEIL 
[<b>08/07/2019 12:21:50 pm</b>] Denold MILSOIT (medecin) de CLINIQULE Dr DENOLD MILSOIT  a recherché   MICAR DESJARDINS 1979-10-31 [MM/DD/YYYY]
[<b>08/07/2019 12:22:27 pm</b>] Denold MILSOIT (medecin) de CLINIQULE Dr DENOLD MILSOIT  a recherché   DESJARDINS MICAR 1979-10-31 [MM/DD/YYYY]
[<b>08/07/2019 12:23:47 pm</b>] Denold MILSOIT (medecin) de CLINIQULE Dr DENOLD MILSOIT  a recherché   DESJARDINS MICAR 1979-10-31 [MM/DD/YYYY]
[<b>08/07/2019 12:24:13 pm</b>] Denold MILSOIT (medecin) de CLINIQULE Dr DENOLD MILSOIT  a recherché   DESJARDINS MICAR 1979-10-31 [MM/DD/YYYY]
[<b>08/07/2019 12:25:05 pm</b>] Denold MILSOIT (medecin) de CLINIQULE Dr DENOLD MILSOIT  s'est déconnecté  
[<b>08/07/2019 12:25:05 pm</b>]   () de  est allé dans ACCUEIL 
[<b>08/07/2019 12:25:23 pm</b>] Denold MILSOIT (medecin) de CLINIQULE Dr DENOLD MILSOIT  s'est connecté   
[<b>08/07/2019 12:25:23 pm</b>] Denold MILSOIT (medecin) de CLINIQULE Dr DENOLD MILSOIT est allé dans ACCUEIL 
[<b>08/07/2019 12:26:05 pm</b>] Denold MILSOIT (medecin) de CLINIQULE Dr DENOLD MILSOIT  a recherché   MICAR DESJARDINS 1979-10-31 [MM/DD/YYYY]
[<b>08/07/2019 12:42:02 pm</b>] Denold MILSOIT (medecin) de CLINIQULE Dr DENOLD MILSOIT  s'est connecté   
[<b>08/07/2019 12:42:02 pm</b>] Denold MILSOIT (medecin) de CLINIQULE Dr DENOLD MILSOIT est allé dans ACCUEIL 
[<b>08/07/2019 02:46:21 pm</b>] Rood-Jerry GEFFRARD (medecin) de Hopital Adventiste Diquini  s'est connecté   
[<b>08/07/2019 02:46:22 pm</b>] Rood-Jerry GEFFRARD (medecin) de Hopital Adventiste Diquini est allé dans ACCUEIL 
[<b>08/07/2019 02:47:14 pm</b>] Rood-Jerry GEFFRARD (medecin) de Hopital Adventiste Diquini a recherché le client WEENER DELVA 1993-07-10
[<b>08/07/2019 02:52:19 pm</b>] Dominique AMBROISE (medecin) de NASSA  s'est connecté   
[<b>08/07/2019 02:52:20 pm</b>] Dominique AMBROISE (medecin) de NASSA est allé dans ACCUEIL 
[<b>08/07/2019 02:52:27 pm</b>] Dominique AMBROISE (medecin) de NASSA  est allé dans HISTORIQUE 
[<b>08/07/2019 02:53:10 pm</b>] Marc-Eric ALTIDOR (admin) de INASSA  s'est connecté   
[<b>08/07/2019 02:53:11 pm</b>] Marc-Eric ALTIDOR (admin) de INASSA est allé dans ACCUEIL 
[<b>08/07/2019 02:53:15 pm</b>] Marc-Eric ALTIDOR (admin) de INASSA  est allé dans PARAMETRES  
[<b>08/07/2019 02:53:38 pm</b>] Marc-Eric ALTIDOR (admin) de INASSA  est allé dans PARAMETRES  
[<b>08/07/2019 03:05:38 pm</b>] Marc-Eric ALTIDOR (admin) de INASSA  s'est connecté   
[<b>08/07/2019 03:05:38 pm</b>] Marc-Eric ALTIDOR (admin) de INASSA est allé dans ACCUEIL 
[<b>08/07/2019 03:05:42 pm</b>] Marc-Eric ALTIDOR (admin) de INASSA  est allé dans PARAMETRES  
[<b>08/07/2019 03:06:48 pm</b>] Marc-Eric ALTIDOR (admin) de INASSA a enregistré l'utilisateur  Joamy CADET / joamycadet / joamy30@yahoo.fr / Médecin / Actif
[<b>08/07/2019 03:06:48 pm</b>] Marc-Eric ALTIDOR (admin) de INASSA  est allé dans PARAMETRES  
[<b>08/07/2019 03:07:49 pm</b>] Marc-Eric ALTIDOR (admin) de INASSA a enregistré l'utilisateur  Bernard BRUTUS / BernardBrutus  / bentus9@yahoo.com / Médecin / Actif
[<b>08/07/2019 03:07:49 pm</b>] Marc-Eric ALTIDOR (admin) de INASSA  est allé dans PARAMETRES  
[<b>08/07/2019 03:09:34 pm</b>] Marc-Eric ALTIDOR (admin) de INASSA a enregistré l'utilisateur  Gaby NELSON / gabynelson / nelson_gaby@yahoo.fr / Médecin / Actif
[<b>08/07/2019 03:09:35 pm</b>] Marc-Eric ALTIDOR (admin) de INASSA  est allé dans PARAMETRES  
[<b>08/07/2019 03:11:35 pm</b>] Marc-Eric ALTIDOR (admin) de INASSA a enregistré l'utilisateur  Cheron ALIX / cheronalix / cheronalix@yahoo.fr / Médecin / Actif
[<b>08/07/2019 03:11:35 pm</b>] Marc-Eric ALTIDOR (admin) de INASSA  est allé dans PARAMETRES  
[<b>08/07/2019 03:13:13 pm</b>] Marc-Eric ALTIDOR (admin) de INASSA a enregistré l'utilisateur  Djhonn SAINT-CYR / dsaint-Cyr / djhonnsaintcyr@yahoo.fr / Médecin / Actif
[<b>08/07/2019 03:13:13 pm</b>] Marc-Eric ALTIDOR (admin) de INASSA  est allé dans PARAMETRES  
[<b>08/07/2019 03:14:32 pm</b>] Marc-Eric ALTIDOR (admin) de INASSA a enregistré l'utilisateur  Bernard LEVEQUE / bleveque / bernardleveque47@yahoo.com / Médecin / Actif
[<b>08/07/2019 03:14:32 pm</b>] Marc-Eric ALTIDOR (admin) de INASSA  est allé dans PARAMETRES  
[<b>08/07/2019 03:15:41 pm</b>] Marc-Eric ALTIDOR (admin) de INASSA a enregistré l'utilisateur  Dugar BARTHéLEMY / dbarthélemy / docdug855@yahoo.fr / Médecin / Actif
[<b>08/07/2019 03:15:41 pm</b>] Marc-Eric ALTIDOR (admin) de INASSA  est allé dans PARAMETRES  
[<b>08/07/2019 03:17:25 pm</b>] Marc-Eric ALTIDOR (admin) de INASSA a enregistré l'utilisateur  Frideline MONESTIME / fMonestime / Mfrideline.snerrosepolyclinique@gmail.com / Médecin / Actif
[<b>08/07/2019 03:17:25 pm</b>] Marc-Eric ALTIDOR (admin) de INASSA  est allé dans PARAMETRES  
[<b>08/07/2019 03:18:14 pm</b>] Marc-Eric ALTIDOR (admin) de INASSA a enregistré l'utilisateur  Angelene MERISMA / amerisma / angelenemerisma.snerrosepolyclinique@gmail.com / Médecin / Actif
[<b>08/07/2019 03:18:14 pm</b>] Marc-Eric ALTIDOR (admin) de INASSA  est allé dans PARAMETRES  
[<b>08/07/2019 03:19:40 pm</b>] Marc-Eric ALTIDOR (admin) de INASSA a enregistré l'utilisateur  Wislin JEAN NOEL / jnwislin / jn.wislinsnerrosepolyclinique@gmail.com / Médecin / Actif
[<b>08/07/2019 03:19:41 pm</b>] Marc-Eric ALTIDOR (admin) de INASSA  est allé dans PARAMETRES  
[<b>08/07/2019 03:20:26 pm</b>] Marc-Eric ALTIDOR (admin) de INASSA a enregistré l'utilisateur  Sherlie TILUS / stilus / Jtilus.snerrosepolyclinique@gmail.com / Médecin / Actif
[<b>08/07/2019 03:20:27 pm</b>] Marc-Eric ALTIDOR (admin) de INASSA  est allé dans PARAMETRES  
[<b>08/07/2019 03:21:11 pm</b>] Marc-Eric ALTIDOR (admin) de INASSA a enregistré l'utilisateur  Wideline JUSTILIEN / wJustilien / Wjustilien.snerrosepolyclinique@gmail.com / Médecin / Actif
[<b>08/07/2019 03:21:11 pm</b>] Marc-Eric ALTIDOR (admin) de INASSA  est allé dans PARAMETRES  
[<b>08/07/2019 04:04:30 pm</b>] Dominique AMBROISE (admin) de INASSA  s'est connecté   
[<b>08/07/2019 04:04:30 pm</b>] Dominique AMBROISE (admin) de INASSA est allé dans ACCUEIL 
[<b>08/07/2019 04:04:54 pm</b>] Dominique AMBROISE (admin) de INASSA  a changé son mot de passe  
[<b>08/07/2019 04:04:54 pm</b>] Dominique AMBROISE (admin) de INASSA est allé dans ACCUEIL 
[<b>08/07/2019 04:04:59 pm</b>] Dominique AMBROISE (admin) de INASSA  est allé dans HISTORIQUE 
[<b>08/07/2019 04:11:52 pm</b>] Dominique AMBROISE (admin) de INASSA  s'est connecté   
[<b>08/07/2019 04:11:53 pm</b>] Dominique AMBROISE (admin) de INASSA est allé dans ACCUEIL 
[<b>08/07/2019 04:12:52 pm</b>] Dominique AMBROISE (admin) de INASSA est allé dans ACCUEIL 
[<b>08/07/2019 04:13:17 pm</b>] Dominique AMBROISE (admin) de INASSA  a recherché      [MM/DD/YYYY]
[<b>08/07/2019 04:14:00 pm</b>] Dominique AMBROISE (admin) de INASSA a recherché le client DOMINIQUE AMBROISE 1962-05-24
[<b>08/07/2019 04:14:00 pm</b>] Dominique AMBROISE (admin) de INASSA a recherché le client DOMINIQUE AMBROISE 1962-05-24
[<b>08/07/2019 04:15:00 pm</b>] Dominique AMBROISE (admin) de INASSA est allé dans ACCUEIL 
[<b>08/07/2019 04:15:15 pm</b>] Dominique AMBROISE (admin) de INASSA  est allé dans HISTORIQUE 
[<b>08/07/2019 04:20:55 pm</b>] Dominique AMBROISE (admin) de INASSA  s'est connecté   
[<b>08/07/2019 04:20:55 pm</b>] Dominique AMBROISE (admin) de INASSA est allé dans ACCUEIL 
[<b>08/07/2019 04:21:19 pm</b>] Dominique AMBROISE (admin) de INASSA a recherché le client MARC-ERIC ALTIDOR 1975-06-28
[<b>08/07/2019 04:21:24 pm</b>] Dominique AMBROISE (admin) de INASSA a recherché le client MARC-ERIC ALTIDOR 1975-06-28
[<b>08/07/2019 04:21:47 pm</b>] Dominique AMBROISE (admin) de INASSA est allé dans ACCUEIL 
[<b>08/07/2019 04:22:36 pm</b>] Dominique AMBROISE (admin) de INASSA  a recherché   Marc28 Altidor 1975-06-28 [MM/DD/YYYY]
[<b>08/07/2019 04:22:46 pm</b>] Dominique AMBROISE (admin) de INASSA a recherché le client MARC-ERIC ALTIDOR 1975-06-28
[<b>08/07/2019 04:23:57 pm</b>] Dominique AMBROISE (admin) de INASSA  est allé dans HISTORIQUE 
[<b>08/07/2019 04:25:43 pm</b>] Dominique AMBROISE (admin) de INASSA a vérifié l'historique du client CLAUDEL VALBRUNE
[<b>08/07/2019 04:26:37 pm</b>] Dominique AMBROISE (admin) de INASSA est allé dans ACCUEIL 
[<b>08/07/2019 04:26:57 pm</b>] Dominique AMBROISE (admin) de INASSA a recherché le client CLAUDEL VALBRUNE 1992-08-01
[<b>08/07/2019 04:27:58 pm</b>] Dominique AMBROISE (admin) de INASSA  est allé dans HISTORIQUE 
[<b>08/07/2019 04:29:03 pm</b>] Dominique AMBROISE (admin) de INASSA a vérifié l'historique du client MARC ALTIDOR
[<b>08/07/2019 04:29:11 pm</b>] Dominique AMBROISE (admin) de INASSA est allé dans ACCUEIL 
[<b>08/07/2019 04:29:36 pm</b>] Dominique AMBROISE (admin) de INASSA a recherché le client MARC-ERIC ALTIDOR 1975-06-28
[<b>08/07/2019 04:30:35 pm</b>] Dominique AMBROISE (admin) de INASSA est allé dans ACCUEIL 
[<b>08/07/2019 04:31:04 pm</b>] Dominique AMBROISE (admin) de INASSA est allé dans ACCUEIL 
[<b>08/07/2019 04:31:53 pm</b>] Dominique AMBROISE (admin) de INASSA  est allé dans HISTORIQUE 
[<b>08/07/2019 11:27:30 pm</b>] Rood-Jerry GEFFRARD (medecin) de Hopital Adventiste Diquini  s'est connecté   
[<b>08/07/2019 11:27:33 pm</b>] Rood-Jerry GEFFRARD (medecin) de Hopital Adventiste Diquini  s'est connecté   
[<b>08/07/2019 11:27:34 pm</b>] Rood-Jerry GEFFRARD (medecin) de Hopital Adventiste Diquini est allé dans ACCUEIL 
[<b>08/07/2019 11:28:15 pm</b>] Rood-Jerry GEFFRARD (medecin) de Hopital Adventiste Diquini a recherché le client FRANTZ VICTOR 1984-01-08
[<b>08/07/2019 11:29:02 pm</b>] Rood-Jerry GEFFRARD (medecin) de Hopital Adventiste Diquini est allé dans ACCUEIL 
