[<b>25/04/2019 07:55:50 am</b>] Natalie SYLVESTRE (medecin) de Hopital Espoir  s'est connecté   
[<b>25/04/2019 07:55:50 am</b>] Natalie SYLVESTRE (medecin) de Hopital Espoir est allé dans ACCUEIL 
[<b>25/04/2019 07:56:47 am</b>] Natalie SYLVESTRE (medecin) de Hopital Espoir  a recherché   marc-elrosse bauzier 2018-08-28 [MM/DD/YYYY]
[<b>25/04/2019 07:57:11 am</b>] Natalie SYLVESTRE (medecin) de Hopital Espoir  a recherché   rosena marc 2018-08-28 [MM/DD/YYYY]
[<b>25/04/2019 07:57:31 am</b>] Natalie SYLVESTRE (medecin) de Hopital Espoir a recherché le client ROSENA MARC 1984-12-30
[<b>25/04/2019 07:59:06 am</b>] Natalie SYLVESTRE (medecin) de Hopital Espoir a recherché le client ROSENA MARC 1984-12-30
[<b>25/04/2019 07:59:32 am</b>] Natalie SYLVESTRE (medecin) de Hopital Espoir a recherché le client ROSENA MARC 1984-12-30
[<b>25/04/2019 07:59:42 am</b>] Natalie SYLVESTRE (medecin) de Hopital Espoir est allé dans ACCUEIL 
[<b>25/04/2019 10:55:46 am</b>] Marlie TONICO (medecin) de Hopital Espoir  s'est connecté   
[<b>25/04/2019 10:55:47 am</b>] Marlie TONICO (medecin) de Hopital Espoir est allé dans ACCUEIL 
[<b>25/04/2019 10:57:11 am</b>] Marlie TONICO (medecin) de Hopital Espoir a recherché le client SENEQUE MARCELLUS 1981-11-30
[<b>25/04/2019 10:57:20 am</b>] Marlie TONICO (medecin) de Hopital Espoir a recherché le client SENEQUE MARCELLUS 1981-11-30
[<b>25/04/2019 11:09:02 am</b>] Natalie SYLVESTRE (medecin) de Hopital Espoir  s'est connecté   
[<b>25/04/2019 11:09:02 am</b>] Natalie SYLVESTRE (medecin) de Hopital Espoir est allé dans ACCUEIL 
[<b>25/04/2019 11:09:32 am</b>] Natalie SYLVESTRE (medecin) de Hopital Espoir  a recherché   nadege guerrier 1978-09-10 [MM/DD/YYYY]
[<b>25/04/2019 11:10:19 am</b>] Natalie SYLVESTRE (medecin) de Hopital Espoir a recherché le client SENEQUE MARCELLUS 1981-11-30
[<b>25/04/2019 11:11:00 am</b>] Natalie SYLVESTRE (medecin) de Hopital Espoir est allé dans ACCUEIL 
[<b>25/04/2019 11:13:21 am</b>] Natalie SYLVESTRE (medecin) de Hopital Espoir  a recherché   nadege guerrier 1978-09-10 [MM/DD/YYYY]
[<b>25/04/2019 11:41:54 am</b>] Emmanuel DESILUS (medecin) de Hopital de la Communaute Haitienne  s'est connecté   
[<b>25/04/2019 11:41:54 am</b>] Emmanuel DESILUS (medecin) de Hopital de la Communaute Haitienne est allé dans ACCUEIL 
[<b>25/04/2019 11:42:54 am</b>] Emmanuel DESILUS (medecin) de Hopital de la Communaute Haitienne  a recherché   Foufoune Verdier 1980-08-12 [MM/DD/YYYY]
[<b>25/04/2019 12:20:28 pm</b>]   () de   s'est déconnecté  
[<b>25/04/2019 01:19:09 pm</b>] Denold MILSOIT (medecin) de CLINIQULE Dr DENOLD MILSOIT  s'est connecté   
[<b>25/04/2019 01:19:09 pm</b>] Denold MILSOIT (medecin) de CLINIQULE Dr DENOLD MILSOIT est allé dans ACCUEIL 
[<b>25/04/2019 01:23:10 pm</b>] Denold MILSOIT (medecin) de CLINIQULE Dr DENOLD MILSOIT  a recherché   ISRAEL DESIRE 1987-10-24 [MM/DD/YYYY]
[<b>25/04/2019 01:23:40 pm</b>] Denold MILSOIT (medecin) de CLINIQULE Dr DENOLD MILSOIT  a recherché   ISRAEL DESIRE 1984-10-24 [MM/DD/YYYY]
[<b>25/04/2019 01:24:04 pm</b>] Denold MILSOIT (medecin) de CLINIQULE Dr DENOLD MILSOIT  a recherché   DESIRE ISRAEL 1984-10-24 [MM/DD/YYYY]
[<b>25/04/2019 01:24:24 pm</b>] Denold MILSOIT (medecin) de CLINIQULE Dr DENOLD MILSOIT  a recherché   DESIRE ISRAEL 1985-10-24 [MM/DD/YYYY]
[<b>25/04/2019 01:24:58 pm</b>] Denold MILSOIT (medecin) de CLINIQULE Dr DENOLD MILSOIT a recherché le client ISRAEL DESIRE 1985-10-24
[<b>25/04/2019 01:24:58 pm</b>] Denold MILSOIT (medecin) de CLINIQULE Dr DENOLD MILSOIT a recherché le client ISRAEL DESIRE 1985-10-24
[<b>25/04/2019 01:24:58 pm</b>] Denold MILSOIT (medecin) de CLINIQULE Dr DENOLD MILSOIT a recherché le client ISRAEL DESIRE 1985-10-24
[<b>25/04/2019 09:25:49 pm</b>] Wilkendhie JOSEPH (medecin) de Hopital du Canape Vert  s'est connecté   
[<b>25/04/2019 09:25:49 pm</b>] Wilkendhie JOSEPH (medecin) de Hopital du Canape Vert est allé dans ACCUEIL 
[<b>25/04/2019 09:28:31 pm</b>] Wilkendhie JOSEPH (medecin) de Hopital du Canape Vert  a recherché   merveille reginald 1987-04-18 [MM/DD/YYYY]
[<b>25/04/2019 09:31:08 pm</b>] Wilkendhie JOSEPH (medecin) de Hopital du Canape Vert a recherché le client REGINALD MERVEILLE 1987-04-18
[<b>25/04/2019 09:31:24 pm</b>] Wilkendhie JOSEPH (medecin) de Hopital du Canape Vert est allé dans ACCUEIL 
[<b>25/04/2019 09:39:23 pm</b>] Wilkendhie JOSEPH (medecin) de Hopital du Canape Vert  s'est connecté   
[<b>25/04/2019 09:39:23 pm</b>] Wilkendhie JOSEPH (medecin) de Hopital du Canape Vert est allé dans ACCUEIL 
[<b>25/04/2019 09:40:24 pm</b>] Wilkendhie JOSEPH (medecin) de Hopital du Canape Vert  a recherché   jean richard lamothe 1964-07-11 [MM/DD/YYYY]
[<b>25/04/2019 09:43:14 pm</b>] Wilkendhie JOSEPH (medecin) de Hopital du Canape Vert  a recherché   anitha sinvilier 1975-02-03 [MM/DD/YYYY]
[<b>25/04/2019 09:43:40 pm</b>] Wilkendhie JOSEPH (medecin) de Hopital du Canape Vert  a recherché   sinvilier anitha 1975-02-03 [MM/DD/YYYY]
[<b>25/04/2019 09:44:18 pm</b>] Wilkendhie JOSEPH (medecin) de Hopital du Canape Vert  s'est déconnecté  
