[<b>11/08/2019 01:14:25 am</b>] Wilkendhie JOSEPH (medecin) de Hopital du Canape Vert  s'est connecté   
[<b>11/08/2019 01:14:26 am</b>] Wilkendhie JOSEPH (medecin) de Hopital du Canape Vert  s'est connecté   
[<b>11/08/2019 01:14:29 am</b>] Wilkendhie JOSEPH (medecin) de Hopital du Canape Vert  s'est connecté   
[<b>11/08/2019 01:14:29 am</b>] Wilkendhie JOSEPH (medecin) de Hopital du Canape Vert  s'est connecté   
[<b>11/08/2019 01:14:30 am</b>] Wilkendhie JOSEPH (medecin) de Hopital du Canape Vert est allé dans ACCUEIL 
[<b>11/08/2019 01:15:29 am</b>] Wilkendhie JOSEPH (medecin) de Hopital du Canape Vert a recherché le client MARIE DAMAS 1993-11-11
[<b>11/08/2019 01:15:53 am</b>] Wilkendhie JOSEPH (medecin) de Hopital du Canape Vert est allé dans ACCUEIL 
[<b>11/08/2019 02:27:16 am</b>] Sherlie CALIXTE (medecin) de Hopital Espoir  s'est connecté   
[<b>11/08/2019 02:27:16 am</b>] Sherlie CALIXTE (medecin) de Hopital Espoir est allé dans ACCUEIL 
[<b>11/08/2019 02:29:48 am</b>] Sherlie CALIXTE (medecin) de Hopital Espoir a recherché le client ANGE-VIOLETTE ECCLESIASTE 1990-08-29
[<b>11/08/2019 02:29:48 am</b>] Sherlie CALIXTE (medecin) de Hopital Espoir a recherché le client ANGE-VIOLETTE ECCLESIASTE 1990-08-29
[<b>11/08/2019 02:31:01 am</b>] Sherlie CALIXTE (medecin) de Hopital Espoir est allé dans ACCUEIL 
[<b>11/08/2019 02:31:52 am</b>] Sherlie CALIXTE (medecin) de Hopital Espoir a recherché le client ANGE-VIOLETTE ECCLESIASTE 1990-08-29
[<b>11/08/2019 02:31:52 am</b>] Sherlie CALIXTE (medecin) de Hopital Espoir a recherché le client ANGE-VIOLETTE ECCLESIASTE 1990-08-29
[<b>11/08/2019 02:32:44 am</b>] Sherlie CALIXTE (medecin) de Hopital Espoir est allé dans ACCUEIL 
[<b>11/08/2019 05:20:17 am</b>] Sherlie CALIXTE (medecin) de Hopital Espoir  s'est connecté   
[<b>11/08/2019 05:20:17 am</b>] Sherlie CALIXTE (medecin) de Hopital Espoir est allé dans ACCUEIL 
[<b>11/08/2019 05:21:43 am</b>] Sherlie CALIXTE (medecin) de Hopital Espoir  a recherché   JEAN BAPTISTE DUBUISSON 1968-07-24 [MM/DD/YYYY]
[<b>11/08/2019 05:22:36 am</b>] Sherlie CALIXTE (medecin) de Hopital Espoir  a recherché   DUBUISSON JEAN BAPTISTE 1968-07-24 [MM/DD/YYYY]
[<b>11/08/2019 05:23:59 am</b>] Sherlie CALIXTE (medecin) de Hopital Espoir  a recherché   DUBUISSON JEAN BAPTISTE 1968-07-24 [MM/DD/YYYY]
[<b>11/08/2019 05:25:14 am</b>] Sherlie CALIXTE (medecin) de Hopital Espoir  a recherché   JEAN BAPTISTE DUBUISSON 1968-07-24 [MM/DD/YYYY]
