[<b>03/04/2019 08:23:46 am</b>] Marc-Eric ALTIDOR (admin) de INASSA  s'est connecté   
[<b>03/04/2019 08:23:47 am</b>] Marc-Eric ALTIDOR (admin) de INASSA est allé dans ACCUEIL 
[<b>03/04/2019 08:24:12 am</b>] Marc-Eric ALTIDOR (admin) de INASSA a recherché le client MARC-ERIC ALTIDOR 1975-06-28
[<b>03/04/2019 09:31:47 am</b>] Junior BELFLEUR (medecin) de Centre Hospitalier Medimax  s'est connecté   
[<b>03/04/2019 09:31:47 am</b>] Junior BELFLEUR (medecin) de Centre Hospitalier Medimax est allé dans ACCUEIL 
[<b>03/04/2019 09:40:21 am</b>] Marc-Eric ALTIDOR (admin) de INASSA  s'est connecté   
[<b>03/04/2019 09:40:21 am</b>] Marc-Eric ALTIDOR (admin) de INASSA est allé dans ACCUEIL 
[<b>03/04/2019 09:40:39 am</b>] Marc-Eric ALTIDOR (admin) de INASSA a recherché le client MARC-ERIC ALTIDOR 1975-06-28
[<b>03/04/2019 09:49:39 am</b>] Wilkendhie JOSEPH (medecin) de Hopital du Canape Vert  s'est connecté   
[<b>03/04/2019 09:49:39 am</b>] Wilkendhie JOSEPH (medecin) de Hopital du Canape Vert est allé dans ACCUEIL 
[<b>03/04/2019 09:55:00 am</b>] Rose Christephane BANATTES (medecin) de Hopital Espoir  s'est connecté   
[<b>03/04/2019 09:55:00 am</b>] Rose Christephane BANATTES (medecin) de Hopital Espoir est allé dans ACCUEIL 
[<b>03/04/2019 09:56:03 am</b>] Rose Christephane BANATTES (medecin) de Hopital Espoir  a recherché   wesk zackary wiener 2006-02-07 [MM/DD/YYYY]
[<b>03/04/2019 09:58:05 am</b>] Rose Christephane BANATTES (medecin) de Hopital Espoir a recherché le client WESH ZACKARY WIENER 2006-02-07
[<b>03/04/2019 09:58:10 am</b>] Rose Christephane BANATTES (medecin) de Hopital Espoir a recherché le client WESH ZACKARY WIENER 2006-02-07
[<b>03/04/2019 09:58:27 am</b>] Rose Christephane BANATTES (medecin) de Hopital Espoir est allé dans ACCUEIL 
[<b>03/04/2019 10:01:06 am</b>] Wilkendhie JOSEPH (medecin) de Hopital du Canape Vert  s'est connecté   
[<b>03/04/2019 10:02:10 am</b>] Wilkendhie JOSEPH (medecin) de Hopital du Canape Vert  s'est connecté   
[<b>03/04/2019 10:03:16 am</b>] Wilkendhie JOSEPH (medecin) de Hopital du Canape Vert  s'est connecté   
[<b>03/04/2019 10:03:17 am</b>] Wilkendhie JOSEPH (medecin) de Hopital du Canape Vert est allé dans ACCUEIL 
[<b>03/04/2019 10:04:56 am</b>] Junior BELFLEUR (medecin) de Centre Hospitalier Medimax  s'est connecté   
[<b>03/04/2019 10:04:56 am</b>] Junior BELFLEUR (medecin) de Centre Hospitalier Medimax est allé dans ACCUEIL 
[<b>03/04/2019 10:05:26 am</b>] Wilkendhie JOSEPH (medecin) de Hopital du Canape Vert a recherché le client YERMOLA ADELSON 1975-10-14
[<b>03/04/2019 10:05:33 am</b>] Junior BELFLEUR (medecin) de Centre Hospitalier Medimax a recherché le client ANN EXUME 1990-01-21
[<b>03/04/2019 10:06:11 am</b>] Wilkendhie JOSEPH (medecin) de Hopital du Canape Vert est allé dans ACCUEIL 
[<b>03/04/2019 10:15:40 am</b>] Wilkendhie JOSEPH (medecin) de Hopital du Canape Vert  s'est connecté   
[<b>03/04/2019 10:15:40 am</b>] Wilkendhie JOSEPH (medecin) de Hopital du Canape Vert est allé dans ACCUEIL 
[<b>03/04/2019 10:16:40 am</b>] Wilkendhie JOSEPH (medecin) de Hopital du Canape Vert  a recherché   SERGES BRICE  [MM/DD/YYYY]
[<b>03/04/2019 10:17:32 am</b>] Wilkendhie JOSEPH (medecin) de Hopital du Canape Vert  a recherché   BRICE SERGES 1977-10-09 [MM/DD/YYYY]
[<b>03/04/2019 10:18:44 am</b>] Wilkendhie JOSEPH (medecin) de Hopital du Canape Vert  a recherché   BRICE SERGES 1977-10-09 [MM/DD/YYYY]
[<b>03/04/2019 10:20:12 am</b>] Wilkendhie JOSEPH (medecin) de Hopital du Canape Vert  s'est connecté   
[<b>03/04/2019 10:20:12 am</b>] Wilkendhie JOSEPH (medecin) de Hopital du Canape Vert est allé dans ACCUEIL 
[<b>03/04/2019 10:23:38 am</b>] Wilkendhie JOSEPH (medecin) de Hopital du Canape Vert a recherché le client SERGES BRICE 1977-10-09
[<b>03/04/2019 10:23:38 am</b>] Wilkendhie JOSEPH (medecin) de Hopital du Canape Vert a recherché le client SERGES BRICE 1977-10-09
[<b>03/04/2019 10:23:38 am</b>] Wilkendhie JOSEPH (medecin) de Hopital du Canape Vert a recherché le client SERGES BRICE 1977-10-09
[<b>03/04/2019 10:24:26 am</b>] Wilkendhie JOSEPH (medecin) de Hopital du Canape Vert est allé dans ACCUEIL 
[<b>03/04/2019 10:26:36 am</b>] Wilkendhie JOSEPH (medecin) de Hopital du Canape Vert a recherché le client CYPRIENNE COISSY 1982-07-30
[<b>03/04/2019 10:26:50 am</b>] Wilkendhie JOSEPH (medecin) de Hopital du Canape Vert est allé dans ACCUEIL 
[<b>03/04/2019 10:27:46 am</b>] Wilkendhie JOSEPH (medecin) de Hopital du Canape Vert a recherché le client BIORY DESTIN 1996-02-19
[<b>03/04/2019 10:27:58 am</b>] Wilkendhie JOSEPH (medecin) de Hopital du Canape Vert est allé dans ACCUEIL 
[<b>03/04/2019 10:51:43 am</b>] Denold MILSOIT (medecin) de CLINIQULE Dr DENOLD MILSOIT  s'est connecté   
[<b>03/04/2019 10:51:44 am</b>] Denold MILSOIT (medecin) de CLINIQULE Dr DENOLD MILSOIT est allé dans ACCUEIL 
[<b>03/04/2019 10:52:36 am</b>] Denold MILSOIT (medecin) de CLINIQULE Dr DENOLD MILSOIT  a recherché   ALMERA JOSUE 1983-05-05 [MM/DD/YYYY]
[<b>03/04/2019 10:53:03 am</b>] Denold MILSOIT (medecin) de CLINIQULE Dr DENOLD MILSOIT a recherché le client JOSUé ALMéRA 1983-05-05
[<b>03/04/2019 11:59:06 am</b>] Denold MILSOIT (medecin) de CLINIQULE Dr DENOLD MILSOIT  s'est connecté   
[<b>03/04/2019 11:59:07 am</b>] Denold MILSOIT (medecin) de CLINIQULE Dr DENOLD MILSOIT est allé dans ACCUEIL 
[<b>03/04/2019 11:59:40 am</b>] Denold MILSOIT (medecin) de CLINIQULE Dr DENOLD MILSOIT a recherché le client MOLIERE BERNARD 1975-01-02
[<b>03/04/2019 11:59:40 am</b>] Denold MILSOIT (medecin) de CLINIQULE Dr DENOLD MILSOIT a recherché le client MOLIERE BERNARD 1975-01-02
[<b>03/04/2019 03:05:22 pm</b>] Wilkendhie JOSEPH (medecin) de Hopital du Canape Vert  s'est connecté   
[<b>03/04/2019 03:05:22 pm</b>] Wilkendhie JOSEPH (medecin) de Hopital du Canape Vert est allé dans ACCUEIL 
[<b>03/04/2019 03:06:14 pm</b>] Wilkendhie JOSEPH (medecin) de Hopital du Canape Vert  a recherché   JINA CHERY DERAD CHERY  [MM/DD/YYYY]
[<b>03/04/2019 03:06:49 pm</b>] Wilkendhie JOSEPH (medecin) de Hopital du Canape Vert  a recherché   JINA CHERY DERAD CHERY  [MM/DD/YYYY]
[<b>03/04/2019 03:06:54 pm</b>] Wilkendhie JOSEPH (medecin) de Hopital du Canape Vert  a recherché   JINA CHERY DERAD CHERY  [MM/DD/YYYY]
[<b>03/04/2019 03:07:13 pm</b>] Wilkendhie JOSEPH (medecin) de Hopital du Canape Vert  a recherché   MARIE JINA DERAD CHERY  [MM/DD/YYYY]
[<b>03/04/2019 03:07:21 pm</b>] Wilkendhie JOSEPH (medecin) de Hopital du Canape Vert  a recherché   MARIE JINA DERAD CHERY  [MM/DD/YYYY]
[<b>03/04/2019 03:07:43 pm</b>] Wilkendhie JOSEPH (medecin) de Hopital du Canape Vert  a recherché   MARIE JINA DERAD CHERY 1978-10-21 [MM/DD/YYYY]
[<b>03/04/2019 03:07:48 pm</b>] Wilkendhie JOSEPH (medecin) de Hopital du Canape Vert  a recherché   MARIE JINA DERAD CHERY 1978-10-21 [MM/DD/YYYY]
[<b>03/04/2019 03:08:11 pm</b>] Wilkendhie JOSEPH (medecin) de Hopital du Canape Vert  a recherché   MARIE JINA CHERY 1978-10-21 [MM/DD/YYYY]
[<b>03/04/2019 03:10:16 pm</b>] Wilkendhie JOSEPH (medecin) de Hopital du Canape Vert a recherché le client MARIE JINA CHERY DERAD 1978-10-21
[<b>03/04/2019 03:10:19 pm</b>] Wilkendhie JOSEPH (medecin) de Hopital du Canape Vert a recherché le client MARIE JINA CHERY DERAD 1978-10-21
[<b>03/04/2019 03:10:32 pm</b>] Wilkendhie JOSEPH (medecin) de Hopital du Canape Vert est allé dans ACCUEIL 
[<b>03/04/2019 05:18:00 pm</b>] Fabiola FRANCOIS (medecin) de Hopital Espoir  s'est connecté   
[<b>03/04/2019 05:18:00 pm</b>] Fabiola FRANCOIS (medecin) de Hopital Espoir est allé dans ACCUEIL 
[<b>03/04/2019 05:19:29 pm</b>] Fabiola FRANCOIS (medecin) de Hopital Espoir  a recherché   louis watson 1976-01-14 [MM/DD/YYYY]
[<b>03/04/2019 05:20:12 pm</b>] Fabiola FRANCOIS (medecin) de Hopital Espoir  a recherché   watson louis 1976-01-14 [MM/DD/YYYY]
[<b>03/04/2019 10:07:53 pm</b>] Wilkendhie JOSEPH (medecin) de Hopital du Canape Vert  s'est connecté   
[<b>03/04/2019 10:07:54 pm</b>] Wilkendhie JOSEPH (medecin) de Hopital du Canape Vert est allé dans ACCUEIL 
[<b>03/04/2019 10:08:51 pm</b>] Wilkendhie JOSEPH (medecin) de Hopital du Canape Vert  a recherché   kerline deroncelay 1984-04-22 [MM/DD/YYYY]
[<b>03/04/2019 10:10:06 pm</b>] Wilkendhie JOSEPH (medecin) de Hopital du Canape Vert  a recherché   gesnel vital  [MM/DD/YYYY]
[<b>03/04/2019 10:10:12 pm</b>] Wilkendhie JOSEPH (medecin) de Hopital du Canape Vert  a recherché   gesnel vital  [MM/DD/YYYY]
[<b>03/04/2019 10:33:19 pm</b>] Wilkendhie JOSEPH (medecin) de Hopital du Canape Vert  s'est connecté   
[<b>03/04/2019 10:33:19 pm</b>] Wilkendhie JOSEPH (medecin) de Hopital du Canape Vert est allé dans ACCUEIL 
[<b>03/04/2019 10:34:10 pm</b>] Wilkendhie JOSEPH (medecin) de Hopital du Canape Vert  a recherché   KERLYNE DERONCELAY  [MM/DD/YYYY]
[<b>03/04/2019 10:34:40 pm</b>] Wilkendhie JOSEPH (medecin) de Hopital du Canape Vert  a recherché   KERLYNE DERONCELAY  [MM/DD/YYYY]
[<b>03/04/2019 10:34:49 pm</b>] Wilkendhie JOSEPH (medecin) de Hopital du Canape Vert  a recherché   KERLYNE DERONCELAY  [MM/DD/YYYY]
