[<b>07/09/2019 07:51:01 am</b>]   () de   s'est déconnecté  
[<b>07/09/2019 08:11:12 am</b>] Wilkendhie JOSEPH (medecin) de Hopital du Canape Vert  s'est connecté   
[<b>07/09/2019 08:11:12 am</b>] Wilkendhie JOSEPH (medecin) de Hopital du Canape Vert est allé dans ACCUEIL 
[<b>07/09/2019 08:11:58 am</b>] Wilkendhie JOSEPH (medecin) de Hopital du Canape Vert a recherché le client MARIE JN LOUIS 1956-12-10
[<b>07/09/2019 08:12:11 am</b>] Wilkendhie JOSEPH (medecin) de Hopital du Canape Vert est allé dans ACCUEIL 
[<b>07/09/2019 09:45:51 am</b>] Reginald ARNOUX (medecin) de Clinique du Dr Arnoux  s'est connecté   
[<b>07/09/2019 09:45:52 am</b>] Reginald ARNOUX (medecin) de Clinique du Dr Arnoux est allé dans ACCUEIL 
[<b>07/09/2019 09:46:59 am</b>] Reginald ARNOUX (medecin) de Clinique du Dr Arnoux  a changé son mot de passe  
[<b>07/09/2019 09:46:59 am</b>] Reginald ARNOUX (medecin) de Clinique du Dr Arnoux est allé dans ACCUEIL 
[<b>07/09/2019 09:48:09 am</b>] Reginald ARNOUX (medecin) de Clinique du Dr Arnoux  a recherché    aratus  [MM/DD/YYYY]
[<b>07/09/2019 09:48:23 am</b>] Reginald ARNOUX (medecin) de Clinique du Dr Arnoux  a recherché    Aratus  [MM/DD/YYYY]
[<b>07/09/2019 09:48:41 am</b>] Maria Gabelita ASSAD (medecin) de Clinique Dr M. Gabellita Assad  s'est connecté   
[<b>07/09/2019 09:48:41 am</b>] Maria Gabelita ASSAD (medecin) de Clinique Dr M. Gabellita Assad est allé dans ACCUEIL 
[<b>07/09/2019 09:49:32 am</b>] Maria Gabelita ASSAD (medecin) de Clinique Dr M. Gabellita Assad a recherché le client REGINALD ARNOUX 1974-07-19
[<b>07/09/2019 09:49:32 am</b>] Maria Gabelita ASSAD (medecin) de Clinique Dr M. Gabellita Assad a recherché le client REGINALD ARNOUX 1974-07-19
[<b>07/09/2019 09:49:32 am</b>] Maria Gabelita ASSAD (medecin) de Clinique Dr M. Gabellita Assad a recherché le client REGINALD ARNOUX 1974-07-19
[<b>07/09/2019 09:50:55 am</b>] Maria Gabelita ASSAD (medecin) de Clinique Dr M. Gabellita Assad a recherché le client ROXANN ARNOUX 2008-08-23
[<b>07/09/2019 09:50:55 am</b>] Maria Gabelita ASSAD (medecin) de Clinique Dr M. Gabellita Assad a recherché le client ROXANN ARNOUX 2008-08-23
[<b>07/09/2019 09:50:55 am</b>] Maria Gabelita ASSAD (medecin) de Clinique Dr M. Gabellita Assad a recherché le client ROXANN ARNOUX 2008-08-23
[<b>07/09/2019 09:52:03 am</b>] Maria Gabelita ASSAD (medecin) de Clinique Dr M. Gabellita Assad a recherché le client MARIA GABéLITA ASSAD 1979-04-18
[<b>07/09/2019 09:52:03 am</b>] Maria Gabelita ASSAD (medecin) de Clinique Dr M. Gabellita Assad a recherché le client MARIA GABELITA ASSAD 1979-04-18
[<b>07/09/2019 12:47:36 pm</b>] Shana MONOPOL (medecin) de Hopital Espoir  s'est connecté   
[<b>07/09/2019 12:47:37 pm</b>] Shana MONOPOL (medecin) de Hopital Espoir est allé dans ACCUEIL 
[<b>07/09/2019 12:48:55 pm</b>] Shana MONOPOL (medecin) de Hopital Espoir  a recherché   sherley jean baptiste sanon 1984-07-10 [MM/DD/YYYY]
[<b>07/09/2019 12:49:03 pm</b>] Shana MONOPOL (medecin) de Hopital Espoir  a recherché   sherley jean baptiste sanon 1984-07-10 [MM/DD/YYYY]
[<b>07/09/2019 12:49:27 pm</b>] Shana MONOPOL (medecin) de Hopital Espoir a recherché le client SHERLEY SANON JEAN BAPTISTE 1984-07-10
[<b>07/09/2019 12:49:44 pm</b>] Shana MONOPOL (medecin) de Hopital Espoir est allé dans ACCUEIL 
[<b>07/09/2019 01:07:15 pm</b>] Wilkendhie JOSEPH (medecin) de Hopital du Canape Vert  s'est connecté   
[<b>07/09/2019 01:07:15 pm</b>] Wilkendhie JOSEPH (medecin) de Hopital du Canape Vert est allé dans ACCUEIL 
[<b>07/09/2019 01:07:48 pm</b>] Wilkendhie JOSEPH (medecin) de Hopital du Canape Vert  a recherché   HOLMES EMSERSON LIZAIRE 1972-08-31 [MM/DD/YYYY]
[<b>07/09/2019 01:08:10 pm</b>] Wilkendhie JOSEPH (medecin) de Hopital du Canape Vert a recherché le client HOLMES EMERSON LIZAIRE 1972-08-31
[<b>07/09/2019 01:08:17 pm</b>] Wilkendhie JOSEPH (medecin) de Hopital du Canape Vert est allé dans ACCUEIL 
