[<b>14/10/2019 08:47:18 am</b>] Wilkendhie JOSEPH (medecin) de Hopital du Canape Vert  s'est connecté   
[<b>14/10/2019 08:47:19 am</b>] Wilkendhie JOSEPH (medecin) de Hopital du Canape Vert  s'est connecté   
[<b>14/10/2019 08:47:19 am</b>] Wilkendhie JOSEPH (medecin) de Hopital du Canape Vert est allé dans ACCUEIL 
[<b>14/10/2019 08:49:08 am</b>] Wilkendhie JOSEPH (medecin) de Hopital du Canape Vert  a recherché   jean-erick belinette 1969-07-23 [MM/DD/YYYY]
[<b>14/10/2019 08:49:52 am</b>] Wilkendhie JOSEPH (medecin) de Hopital du Canape Vert a recherché le client JEAN ERICK BELINETTE 1969-07-23
[<b>14/10/2019 08:50:14 am</b>] Wilkendhie JOSEPH (medecin) de Hopital du Canape Vert est allé dans ACCUEIL 
[<b>14/10/2019 10:10:33 am</b>] Wilkendhie JOSEPH (medecin) de Hopital du Canape Vert  s'est connecté   
[<b>14/10/2019 10:10:33 am</b>] Wilkendhie JOSEPH (medecin) de Hopital du Canape Vert est allé dans ACCUEIL 
[<b>14/10/2019 10:11:44 am</b>] Wilkendhie JOSEPH (medecin) de Hopital du Canape Vert  a recherché   PRITPAL SINGH 1989-08-06 [MM/DD/YYYY]
[<b>14/10/2019 10:11:50 am</b>] Wilkendhie JOSEPH (medecin) de Hopital du Canape Vert  a recherché   PRITPAL SINGH 1989-08-06 [MM/DD/YYYY]
[<b>14/10/2019 10:12:01 am</b>] Wilkendhie JOSEPH (medecin) de Hopital du Canape Vert  a recherché   PRITPAL SINGH 1989-08-06 [MM/DD/YYYY]
[<b>14/10/2019 10:12:18 am</b>] Wilkendhie JOSEPH (medecin) de Hopital du Canape Vert  a recherché   PRITPAL SINGH 1989-08-06 [MM/DD/YYYY]
[<b>14/10/2019 10:12:32 am</b>] Wilkendhie JOSEPH (medecin) de Hopital du Canape Vert  a recherché   PRITPAL SINGH 1989-08-06 [MM/DD/YYYY]
[<b>14/10/2019 10:12:36 am</b>] Wilkendhie JOSEPH (medecin) de Hopital du Canape Vert  a recherché   PRITPAL SINGH 1989-08-06 [MM/DD/YYYY]
[<b>14/10/2019 10:13:31 am</b>] Wilkendhie JOSEPH (medecin) de Hopital du Canape Vert a recherché le client GERARD ALTIDOR 1966-11-06
[<b>14/10/2019 10:14:00 am</b>] Wilkendhie JOSEPH (medecin) de Hopital du Canape Vert est allé dans ACCUEIL 
[<b>14/10/2019 10:15:17 am</b>] Wilkendhie JOSEPH (medecin) de Hopital du Canape Vert  a recherché   germain benoit merveille  [MM/DD/YYYY]
[<b>14/10/2019 10:15:28 am</b>] Wilkendhie JOSEPH (medecin) de Hopital du Canape Vert  a recherché   germain benoit merveille  [MM/DD/YYYY]
[<b>14/10/2019 10:15:59 am</b>] Wilkendhie JOSEPH (medecin) de Hopital du Canape Vert a recherché le client GERMAINE BENOIT MERVEILLE 1958-08-17
[<b>14/10/2019 10:16:05 am</b>] Wilkendhie JOSEPH (medecin) de Hopital du Canape Vert est allé dans ACCUEIL 
[<b>14/10/2019 10:17:11 am</b>] Wilkendhie JOSEPH (medecin) de Hopital du Canape Vert  a recherché   PRITPAL SINGH 1989-08-06 [MM/DD/YYYY]
[<b>14/10/2019 10:18:21 am</b>] Wilkendhie JOSEPH (medecin) de Hopital du Canape Vert a recherché le client SINGH PRITPAL 1989-08-06
[<b>14/10/2019 10:18:34 am</b>] Wilkendhie JOSEPH (medecin) de Hopital du Canape Vert est allé dans ACCUEIL 
[<b>14/10/2019 10:22:05 am</b>] Rood-Jerry GEFFRARD (medecin) de Hopital Adventiste Diquini  s'est connecté   
[<b>14/10/2019 10:22:05 am</b>] Rood-Jerry GEFFRARD (medecin) de Hopital Adventiste Diquini est allé dans ACCUEIL 
[<b>14/10/2019 10:22:55 am</b>] Rood-Jerry GEFFRARD (medecin) de Hopital Adventiste Diquini  a recherché   claudia val 1983-10-07 [MM/DD/YYYY]
[<b>14/10/2019 10:23:08 am</b>] Rood-Jerry GEFFRARD (medecin) de Hopital Adventiste Diquini  a recherché   claudia val 1983-10-07 [MM/DD/YYYY]
[<b>14/10/2019 10:23:26 am</b>] Rood-Jerry GEFFRARD (medecin) de Hopital Adventiste Diquini a recherché le client CLAUDIA BRITUS 1983-10-07
[<b>14/10/2019 10:25:20 am</b>] Rood-Jerry GEFFRARD (medecin) de Hopital Adventiste Diquini  a recherché   Yva Milord 1991-03-20 [MM/DD/YYYY]
[<b>14/10/2019 10:25:41 am</b>] Rood-Jerry GEFFRARD (medecin) de Hopital Adventiste Diquini  a recherché   Milord Yva 1991-03-20 [MM/DD/YYYY]
[<b>14/10/2019 11:07:49 am</b>] Maria Gabelita ASSAD (medecin) de Clinique Dr M. Gabellita Assad  s'est connecté   
[<b>14/10/2019 11:07:49 am</b>] Maria Gabelita ASSAD (medecin) de Clinique Dr M. Gabellita Assad  s'est connecté   
[<b>14/10/2019 11:07:50 am</b>] Maria Gabelita ASSAD (medecin) de Clinique Dr M. Gabellita Assad est allé dans ACCUEIL 
[<b>14/10/2019 11:07:51 am</b>] Maria Gabelita ASSAD (medecin) de Clinique Dr M. Gabellita Assad  s'est connecté   
[<b>14/10/2019 11:09:05 am</b>] Maria Gabelita ASSAD (medecin) de Clinique Dr M. Gabellita Assad  a recherché   Jean Bellonel Dorilas 1986-10-26 [MM/DD/YYYY]
[<b>14/10/2019 11:09:07 am</b>] Maria Gabelita ASSAD (medecin) de Clinique Dr M. Gabellita Assad  a recherché   Jean Bellonel Dorilas 1986-10-26 [MM/DD/YYYY]
[<b>14/10/2019 11:09:54 am</b>] Maria Gabelita ASSAD (medecin) de Clinique Dr M. Gabellita Assad  a recherché   Jean Bellonel Dorilas 1986-10-26 [MM/DD/YYYY]
[<b>14/10/2019 08:43:05 pm</b>] Wilkendhie JOSEPH (medecin) de Hopital du Canape Vert  s'est connecté   
[<b>14/10/2019 08:43:06 pm</b>] Wilkendhie JOSEPH (medecin) de Hopital du Canape Vert est allé dans ACCUEIL 
[<b>14/10/2019 08:44:18 pm</b>] Wilkendhie JOSEPH (medecin) de Hopital du Canape Vert a recherché le client JEAN LEONEL JOLY 1970-02-10
[<b>14/10/2019 08:44:18 pm</b>] Wilkendhie JOSEPH (medecin) de Hopital du Canape Vert a recherché le client JEAN LEONEL JOLY 1970-02-10
[<b>14/10/2019 08:45:07 pm</b>] Wilkendhie JOSEPH (medecin) de Hopital du Canape Vert est allé dans ACCUEIL 
