[<b>02/04/2019 10:11:01 am</b>] Marc-Eric ALTIDOR (admin) de INASSA  s'est connecté   
[<b>02/04/2019 10:11:01 am</b>] Marc-Eric ALTIDOR (admin) de INASSA est allé dans ACCUEIL 
[<b>02/04/2019 10:12:19 am</b>] Marc-Eric ALTIDOR (admin) de INASSA est allé dans ACCUEIL 
[<b>02/04/2019 10:17:03 am</b>] Marc-Eric ALTIDOR (admin) de INASSA est allé dans ACCUEIL 
[<b>02/04/2019 10:20:54 am</b>] Marc-Eric ALTIDOR (admin) de INASSA est allé dans ACCUEIL 
[<b>02/04/2019 11:15:15 am</b>] Marc-Eric ALTIDOR (admin) de INASSA  s'est connecté   
[<b>02/04/2019 11:15:16 am</b>] Marc-Eric ALTIDOR (admin) de INASSA est allé dans ACCUEIL 
[<b>02/04/2019 11:15:30 am</b>] Marc-Eric ALTIDOR (admin) de INASSA est allé dans ACCUEIL 
[<b>02/04/2019 11:17:13 am</b>] Sanon WIDMAIER (admin) de INASSA  s'est connecté   
[<b>02/04/2019 11:17:13 am</b>] Sanon WIDMAIER (admin) de INASSA est allé dans ACCUEIL 
[<b>02/04/2019 11:17:30 am</b>] Sanon WIDMAIER (admin) de INASSA est allé dans ACCUEIL 
[<b>02/04/2019 11:18:16 am</b>] Sanon WIDMAIER (admin) de INASSA est allé dans ACCUEIL 
[<b>02/04/2019 11:18:20 am</b>] Sanon WIDMAIER (admin) de INASSA  s'est déconnecté  
[<b>02/04/2019 11:18:27 am</b>] Sanon WIDMAIER (admin) de INASSA  s'est connecté   
[<b>02/04/2019 11:18:28 am</b>] Sanon WIDMAIER (admin) de INASSA est allé dans ACCUEIL 
[<b>02/04/2019 01:46:55 pm</b>] Marc-Eric ALTIDOR (admin) de INASSA  s'est connecté   
[<b>02/04/2019 01:46:55 pm</b>] Marc-Eric ALTIDOR (admin) de INASSA est allé dans ACCUEIL 
[<b>02/04/2019 01:47:14 pm</b>] Marc-Eric ALTIDOR (admin) de INASSA est allé dans ACCUEIL 
[<b>02/04/2019 02:55:37 pm</b>] Admin WYZDEV (admin) de INASSA  s'est connecté   
[<b>02/04/2019 02:55:37 pm</b>] Admin WYZDEV (admin) de INASSA est allé dans ACCUEIL 
[<b>02/04/2019 02:56:28 pm</b>] Admin WYZDEV (admin) de INASSA est allé dans ACCUEIL 
[<b>02/04/2019 09:47:38 pm</b>] Wilkendhie JOSEPH (medecin) de Hopital du Canape Vert  s'est connecté   
[<b>02/04/2019 09:47:39 pm</b>] Wilkendhie JOSEPH (medecin) de Hopital du Canape Vert est allé dans ACCUEIL 
[<b>02/04/2019 09:48:01 pm</b>] Wilkendhie JOSEPH (medecin) de Hopital du Canape Vert  a recherché    vital  [MM/DD/YYYY]
[<b>02/04/2019 09:48:37 pm</b>] Wilkendhie JOSEPH (medecin) de Hopital du Canape Vert a recherché le client GESNEL VITAL 1988-05-10
[<b>02/04/2019 09:48:41 pm</b>] Wilkendhie JOSEPH (medecin) de Hopital du Canape Vert a recherché le client GESNEL VITAL 1988-05-10
[<b>02/04/2019 09:49:06 pm</b>] Wilkendhie JOSEPH (medecin) de Hopital du Canape Vert  s'est déconnecté  
[<b>02/04/2019 10:25:18 pm</b>]   () de   s'est déconnecté  
