[<b>22/09/2019 09:15:44 am</b>] Fabiola FRANCOIS (medecin) de Hopital Espoir  s'est connecté   
[<b>22/09/2019 09:15:44 am</b>] Fabiola FRANCOIS (medecin) de Hopital Espoir est allé dans ACCUEIL 
[<b>22/09/2019 09:16:20 am</b>] Fabiola FRANCOIS (medecin) de Hopital Espoir  a recherché   soeurette joseph 1986-11-25 [MM/DD/YYYY]
[<b>22/09/2019 09:17:09 am</b>] Fabiola FRANCOIS (medecin) de Hopital Espoir  a recherché   valbrun jeff 1986-09-22 [MM/DD/YYYY]
[<b>22/09/2019 09:17:35 am</b>] Fabiola FRANCOIS (medecin) de Hopital Espoir a recherché le client JEFF VALBRUN 1986-09-22
[<b>22/09/2019 09:17:48 am</b>] Fabiola FRANCOIS (medecin) de Hopital Espoir est allé dans ACCUEIL 
[<b>22/09/2019 11:35:09 am</b>] Fabiola FRANCOIS (medecin) de Hopital Espoir  s'est connecté   
[<b>22/09/2019 11:35:09 am</b>] Fabiola FRANCOIS (medecin) de Hopital Espoir est allé dans ACCUEIL 
[<b>22/09/2019 11:35:37 am</b>] Fabiola FRANCOIS (medecin) de Hopital Espoir a recherché le client JEAN HEGEL ALADAIN 1971-05-11
[<b>22/09/2019 11:35:37 am</b>] Fabiola FRANCOIS (medecin) de Hopital Espoir a recherché le client JEAN HEGEL ALADAIN 1971-05-11
[<b>22/09/2019 11:35:46 am</b>] Fabiola FRANCOIS (medecin) de Hopital Espoir est allé dans ACCUEIL 
[<b>22/09/2019 11:49:24 am</b>] Wilkendhie JOSEPH (medecin) de Hopital du Canape Vert  s'est connecté   
[<b>22/09/2019 11:49:24 am</b>] Wilkendhie JOSEPH (medecin) de Hopital du Canape Vert est allé dans ACCUEIL 
[<b>22/09/2019 11:50:33 am</b>] Wilkendhie JOSEPH (medecin) de Hopital du Canape Vert a recherché le client PATRICK JOASSAINT 1960-01-25
[<b>22/09/2019 11:50:33 am</b>] Wilkendhie JOSEPH (medecin) de Hopital du Canape Vert a recherché le client PATRICK JOASSAINT 1960-01-25
[<b>22/09/2019 11:51:17 am</b>] Wilkendhie JOSEPH (medecin) de Hopital du Canape Vert est allé dans ACCUEIL 
[<b>22/09/2019 11:52:08 am</b>] Wilkendhie JOSEPH (medecin) de Hopital du Canape Vert a recherché le client PATRICK JOASSAINT 1960-01-25
[<b>22/09/2019 11:52:08 am</b>] Wilkendhie JOSEPH (medecin) de Hopital du Canape Vert a recherché le client PATRICK JOASSAINT 1960-01-25
[<b>22/09/2019 11:55:10 am</b>] Wilkendhie JOSEPH (medecin) de Hopital du Canape Vert est allé dans ACCUEIL 
[<b>22/09/2019 11:55:47 am</b>] Wilkendhie JOSEPH (medecin) de Hopital du Canape Vert a recherché le client PATRICK JOASSAINT 1960-01-25
[<b>22/09/2019 11:55:47 am</b>] Wilkendhie JOSEPH (medecin) de Hopital du Canape Vert a recherché le client PATRICK JOASSAINT 1960-01-25
[<b>22/09/2019 11:56:31 am</b>] Wilkendhie JOSEPH (medecin) de Hopital du Canape Vert est allé dans ACCUEIL 
[<b>22/09/2019 08:25:04 pm</b>] Fabiola FRANCOIS (medecin) de Hopital Espoir  s'est connecté   
[<b>22/09/2019 08:25:05 pm</b>] Fabiola FRANCOIS (medecin) de Hopital Espoir est allé dans ACCUEIL 
[<b>22/09/2019 08:25:43 pm</b>] Fabiola FRANCOIS (medecin) de Hopital Espoir a recherché le client COSTLY PROPHèTE 1981-10-18
[<b>22/09/2019 08:28:11 pm</b>] Fabiola FRANCOIS (medecin) de Hopital Espoir est allé dans ACCUEIL 
[<b>22/09/2019 08:28:57 pm</b>] Fabiola FRANCOIS (medecin) de Hopital Espoir a recherché le client YANA PERPETUE VILTON 1986-05-21
[<b>22/09/2019 08:28:57 pm</b>] Fabiola FRANCOIS (medecin) de Hopital Espoir a recherché le client YANA PERPETUE VILTON 1986-05-21
[<b>22/09/2019 08:29:16 pm</b>] Fabiola FRANCOIS (medecin) de Hopital Espoir est allé dans ACCUEIL 
