[<b>16/10/2019 09:36:41 am</b>] Rood-Jerry GEFFRARD (medecin) de Hopital Adventiste Diquini  s'est connecté   
[<b>16/10/2019 09:36:42 am</b>] Rood-Jerry GEFFRARD (medecin) de Hopital Adventiste Diquini est allé dans ACCUEIL 
[<b>16/10/2019 09:37:38 am</b>] Rood-Jerry GEFFRARD (medecin) de Hopital Adventiste Diquini a recherché le client WOODVAL LOUISSAINT 2008-04-05
[<b>16/10/2019 09:39:16 am</b>] Denold MILSOIT (medecin) de CLINIQULE Dr DENOLD MILSOIT  s'est connecté   
[<b>16/10/2019 09:39:18 am</b>] Denold MILSOIT (medecin) de CLINIQULE Dr DENOLD MILSOIT est allé dans ACCUEIL 
[<b>16/10/2019 10:01:06 am</b>] Denold MILSOIT (medecin) de CLINIQULE Dr DENOLD MILSOIT  s'est connecté   
[<b>16/10/2019 10:01:08 am</b>] Denold MILSOIT (medecin) de CLINIQULE Dr DENOLD MILSOIT est allé dans ACCUEIL 
[<b>16/10/2019 10:13:32 am</b>] Denold MILSOIT (medecin) de CLINIQULE Dr DENOLD MILSOIT  s'est connecté   
[<b>16/10/2019 10:13:32 am</b>] Denold MILSOIT (medecin) de CLINIQULE Dr DENOLD MILSOIT est allé dans ACCUEIL 
[<b>16/10/2019 10:14:45 am</b>] Denold MILSOIT (medecin) de CLINIQULE Dr DENOLD MILSOIT  a recherché   EMILUS PIERRE 1987-08-30 [MM/DD/YYYY]
[<b>16/10/2019 10:41:04 am</b>] Denold MILSOIT (medecin) de CLINIQULE Dr DENOLD MILSOIT  s'est connecté   
[<b>16/10/2019 10:41:04 am</b>] Denold MILSOIT (medecin) de CLINIQULE Dr DENOLD MILSOIT est allé dans ACCUEIL 
[<b>16/10/2019 10:54:38 am</b>] Denold MILSOIT (medecin) de CLINIQULE Dr DENOLD MILSOIT  s'est connecté   
[<b>16/10/2019 10:54:39 am</b>] Denold MILSOIT (medecin) de CLINIQULE Dr DENOLD MILSOIT est allé dans ACCUEIL 
[<b>16/10/2019 10:55:20 am</b>] Denold MILSOIT (medecin) de CLINIQULE Dr DENOLD MILSOIT a recherché le client EMILUS PIERRE 1988-08-30
[<b>16/10/2019 10:55:20 am</b>] Denold MILSOIT (medecin) de CLINIQULE Dr DENOLD MILSOIT a recherché le client EMILUS PIERRE 1988-08-30
[<b>16/10/2019 01:02:21 pm</b>] Wilkendhie JOSEPH (medecin) de Hopital du Canape Vert  s'est connecté   
[<b>16/10/2019 01:02:21 pm</b>] Wilkendhie JOSEPH (medecin) de Hopital du Canape Vert est allé dans ACCUEIL 
[<b>16/10/2019 01:03:06 pm</b>] Wilkendhie JOSEPH (medecin) de Hopital du Canape Vert a recherché le client KATIANA BESSON 1987-06-28
[<b>16/10/2019 01:03:06 pm</b>] Wilkendhie JOSEPH (medecin) de Hopital du Canape Vert a recherché le client KATIANA BESSON 1987-06-28
[<b>16/10/2019 01:03:06 pm</b>] Wilkendhie JOSEPH (medecin) de Hopital du Canape Vert a recherché le client KATIANA BESSON 1987-06-28
[<b>16/10/2019 01:04:40 pm</b>] Wilkendhie JOSEPH (medecin) de Hopital du Canape Vert a recherché le client KATIANA BESSON 1987-06-28
[<b>16/10/2019 01:04:40 pm</b>] Wilkendhie JOSEPH (medecin) de Hopital du Canape Vert a recherché le client KATIANA BESSON 1987-06-28
[<b>16/10/2019 01:04:40 pm</b>] Wilkendhie JOSEPH (medecin) de Hopital du Canape Vert a recherché le client KATIANA BESSON 1987-06-28
[<b>16/10/2019 02:36:18 pm</b>] Dominique AMBROISE (admin) de INASSA  s'est connecté   
[<b>16/10/2019 02:36:18 pm</b>] Dominique AMBROISE (admin) de INASSA est allé dans ACCUEIL 
[<b>16/10/2019 02:54:08 pm</b>] Dominique AMBROISE (admin) de INASSA  s'est connecté   
[<b>16/10/2019 02:54:09 pm</b>] Dominique AMBROISE (admin) de INASSA est allé dans ACCUEIL 
[<b>16/10/2019 02:54:14 pm</b>] Dominique AMBROISE (admin) de INASSA  est allé dans HISTORIQUE 
