[<b>28/03/2019 09:34:50 am</b>] Marc-Eric ALTIDOR (admin) de INASSA  s'est connecté   
[<b>28/03/2019 09:35:02 am</b>] Marc-Eric ALTIDOR (admin) de INASSA  s'est connecté   
[<b>28/03/2019 09:35:15 am</b>] Marc-Eric ALTIDOR (admin) de INASSA  s'est connecté   
[<b>28/03/2019 09:35:35 am</b>] Marc-Eric ALTIDOR (admin) de INASSA  s'est connecté   
[<b>28/03/2019 09:35:44 am</b>] Sanon WIDMAIER (admin) de INASSA  s'est connecté   
[<b>28/03/2019 09:35:44 am</b>] Sanon WIDMAIER (admin) de INASSA est allé dans ACCUEIL 
[<b>28/03/2019 09:36:03 am</b>] Sanon WIDMAIER (admin) de INASSA a recherché le client WIDMAIER SANON 1978-07-01
[<b>28/03/2019 09:36:03 am</b>] Sanon WIDMAIER (admin) de INASSA a recherché le client WIDMAIER SANON 1978-07-01
[<b>28/03/2019 09:36:22 am</b>] Marc-Eric ALTIDOR (admin) de INASSA  s'est connecté   
[<b>28/03/2019 09:36:26 am</b>] Sanon WIDMAIER (admin) de INASSA est allé dans ACCUEIL 
[<b>28/03/2019 09:37:20 am</b>] Marc-Eric ALTIDOR (admin) de INASSA  s'est connecté   
[<b>28/03/2019 09:37:20 am</b>] Marc-Eric ALTIDOR (admin) de INASSA est allé dans ACCUEIL 
[<b>28/03/2019 09:37:24 am</b>] Marc-Eric ALTIDOR (admin) de INASSA  est allé dans PARAMETRES  
[<b>28/03/2019 09:38:30 am</b>] Marc-Eric ALTIDOR (admin) de INASSA  a réinitialisé le compte de l'utilisateur  Natalie Sylvestre HENDRICK
[<b>28/03/2019 09:39:25 am</b>] Marc-Eric ALTIDOR (admin) de INASSA  a réinitialisé le compte de l'utilisateur  Francelle LAMOTHE
[<b>28/03/2019 09:42:01 am</b>] Marc-Eric ALTIDOR (admin) de INASSA  s'est déconnecté  
[<b>28/03/2019 09:42:13 am</b>] Francelle LAMOTHE (user) de INASSA  s'est connecté   
[<b>28/03/2019 09:42:14 am</b>] Francelle LAMOTHE (user) de INASSA est allé dans ACCUEIL 
[<b>28/03/2019 09:42:29 am</b>] Francelle LAMOTHE (user) de INASSA  a changé son mot de passe  
[<b>28/03/2019 09:42:30 am</b>] Francelle LAMOTHE (user) de INASSA est allé dans ACCUEIL 
[<b>28/03/2019 09:42:47 am</b>] Francelle LAMOTHE (user) de INASSA  est allé dans HISTORIQUE 
[<b>28/03/2019 09:44:03 am</b>] Francelle LAMOTHE (user) de INASSA  s'est déconnecté  
[<b>28/03/2019 09:44:10 am</b>] Marc-Eric ALTIDOR (admin) de INASSA  s'est connecté   
[<b>28/03/2019 09:44:10 am</b>] Marc-Eric ALTIDOR (admin) de INASSA est allé dans ACCUEIL 
[<b>28/03/2019 09:44:14 am</b>] Marc-Eric ALTIDOR (admin) de INASSA  est allé dans PARAMETRES  
[<b>28/03/2019 09:45:20 am</b>] Marc-Eric ALTIDOR (admin) de INASSA a enregistré l'utilisateur  Natalie SYLVESTRE / nsylvestre / nataliesylvestre@outlook.com / Médecin / Actif
[<b>28/03/2019 09:45:20 am</b>] Marc-Eric ALTIDOR (admin) de INASSA  est allé dans PARAMETRES  
[<b>28/03/2019 09:46:33 am</b>] Natalie SYLVESTRE (medecin) de Hopital Espoir  s'est connecté   
[<b>28/03/2019 09:46:34 am</b>] Natalie SYLVESTRE (medecin) de Hopital Espoir est allé dans ACCUEIL 
[<b>28/03/2019 09:46:54 am</b>] Natalie SYLVESTRE (medecin) de Hopital Espoir  a changé son mot de passe  
[<b>28/03/2019 09:46:54 am</b>] Natalie SYLVESTRE (medecin) de Hopital Espoir est allé dans ACCUEIL 
[<b>28/03/2019 09:47:59 am</b>] Natalie SYLVESTRE (medecin) de Hopital Espoir  a recherché   jackson esme 1976-09-10 [MM/DD/YYYY]
[<b>28/03/2019 09:48:06 am</b>] Marc-Eric ALTIDOR (admin) de INASSA est allé dans ACCUEIL 
[<b>28/03/2019 09:48:25 am</b>] Natalie SYLVESTRE (medecin) de Hopital Espoir a recherché le client JACKSON ISME 1976-09-10
[<b>28/03/2019 09:48:51 am</b>] Marc-Eric ALTIDOR (admin) de INASSA  est allé dans PARAMETRES  
[<b>28/03/2019 09:51:47 am</b>] Darmine BELISAIRE (medecin) de Clinique du Dr Grenson Jeune  s'est connecté   
[<b>28/03/2019 09:51:48 am</b>] Darmine BELISAIRE (medecin) de Clinique du Dr Grenson Jeune est allé dans ACCUEIL 
[<b>28/03/2019 09:52:45 am</b>] Darmine BELISAIRE (medecin) de Clinique du Dr Grenson Jeune  a recherché   Dazilia Estimus 1956-01-01 [MM/DD/YYYY]
[<b>28/03/2019 09:53:42 am</b>] Natalie SYLVESTRE (medecin) de Hopital Espoir  s'est déconnecté  
[<b>28/03/2019 09:53:45 am</b>] Darmine BELISAIRE (medecin) de Clinique du Dr Grenson Jeune a recherché le client DAZILIA ESTIMUS 1955-01-09
[<b>28/03/2019 09:53:53 am</b>] Natalie SYLVESTRE (medecin) de Hopital Espoir  s'est connecté   
[<b>28/03/2019 09:53:54 am</b>] Natalie SYLVESTRE (medecin) de Hopital Espoir est allé dans ACCUEIL 
[<b>28/03/2019 09:55:17 am</b>] Natalie SYLVESTRE (medecin) de Hopital Espoir  s'est déconnecté  
[<b>28/03/2019 09:55:53 am</b>] Darmine BELISAIRE (medecin) de Clinique du Dr Grenson Jeune a recherché le client DAZILIA ESTIMUS 1955-01-09
[<b>28/03/2019 09:58:54 am</b>] Darmine BELISAIRE (medecin) de Clinique du Dr Grenson Jeune  s'est déconnecté  
[<b>28/03/2019 10:03:25 am</b>] Denold MILSOIT (medecin) de CLINIQULE Dr DENOLD MILSOIT  s'est connecté   
[<b>28/03/2019 10:03:26 am</b>] Denold MILSOIT (medecin) de CLINIQULE Dr DENOLD MILSOIT est allé dans ACCUEIL 
[<b>28/03/2019 10:04:41 am</b>] Denold MILSOIT (medecin) de CLINIQULE Dr DENOLD MILSOIT  a recherché   JACK ALRLY REGIS  [MM/DD/YYYY]
[<b>28/03/2019 10:04:59 am</b>] Denold MILSOIT (medecin) de CLINIQULE Dr DENOLD MILSOIT  a recherché   ALRLY REGIS JACK  [MM/DD/YYYY]
[<b>28/03/2019 10:06:06 am</b>] Denold MILSOIT (medecin) de CLINIQULE Dr DENOLD MILSOIT  a recherché   ALRLY REGIS JACK  [MM/DD/YYYY]
[<b>28/03/2019 10:35:24 am</b>] Wilkendhie JOSEPH (medecin) de Hopital du Canape Vert  s'est connecté   
[<b>28/03/2019 10:35:25 am</b>] Wilkendhie JOSEPH (medecin) de Hopital du Canape Vert est allé dans ACCUEIL 
[<b>28/03/2019 10:36:40 am</b>] Wilkendhie JOSEPH (medecin) de Hopital du Canape Vert a recherché le client MARIE ANTOINE 1971-06-24
[<b>28/03/2019 10:36:40 am</b>] Wilkendhie JOSEPH (medecin) de Hopital du Canape Vert a recherché le client MARIE ANTOINE 1971-06-24
[<b>28/03/2019 10:40:41 am</b>] Wilkendhie JOSEPH (medecin) de Hopital du Canape Vert  s'est connecté   
[<b>28/03/2019 10:40:41 am</b>] Wilkendhie JOSEPH (medecin) de Hopital du Canape Vert est allé dans ACCUEIL 
[<b>28/03/2019 10:40:58 am</b>] Wilkendhie JOSEPH (medecin) de Hopital du Canape Vert  a recherché    pierre Date de naissance [MM/DD/YYYY]
[<b>28/03/2019 10:42:07 am</b>] Wilkendhie JOSEPH (medecin) de Hopital du Canape Vert  a recherché   claudia joseph pierre 1975-09-14 [MM/DD/YYYY]
[<b>28/03/2019 10:42:25 am</b>] Wilkendhie JOSEPH (medecin) de Hopital du Canape Vert  a recherché   claudia pierre 1975-09-14 [MM/DD/YYYY]
[<b>28/03/2019 10:43:07 am</b>] Wilkendhie JOSEPH (medecin) de Hopital du Canape Vert  a recherché   CLAUDIA PIERRE 1975-09-14 [MM/DD/YYYY]
[<b>28/03/2019 10:44:15 am</b>] Wilkendhie JOSEPH (medecin) de Hopital du Canape Vert a recherché le client MARIE ANTOINE 1971-06-24
[<b>28/03/2019 10:44:15 am</b>] Wilkendhie JOSEPH (medecin) de Hopital du Canape Vert a recherché le client MARIE ANTOINE 1971-06-24
[<b>28/03/2019 10:45:46 am</b>] Wilkendhie JOSEPH (medecin) de Hopital du Canape Vert est allé dans ACCUEIL 
[<b>28/03/2019 10:46:33 am</b>] Wilkendhie JOSEPH (medecin) de Hopital du Canape Vert  a recherché   CLAUDIA PIERRE 1975-09-14 [MM/DD/YYYY]
[<b>28/03/2019 10:46:52 am</b>] Wilkendhie JOSEPH (medecin) de Hopital du Canape Vert  a recherché   CLAUDIA JOSEPH PIERRE 1975-09-14 [MM/DD/YYYY]
[<b>28/03/2019 10:47:25 am</b>] Wilkendhie JOSEPH (medecin) de Hopital du Canape Vert a recherché le client CLAUDIA JOSEPH 1975-09-14
[<b>28/03/2019 10:47:25 am</b>] Wilkendhie JOSEPH (medecin) de Hopital du Canape Vert a recherché le client CLAUDIA JOSEPH 1975-09-14
[<b>28/03/2019 10:47:25 am</b>] Wilkendhie JOSEPH (medecin) de Hopital du Canape Vert a recherché le client CLAUDIA JOSEPH 1975-09-14
[<b>28/03/2019 10:47:25 am</b>] Wilkendhie JOSEPH (medecin) de Hopital du Canape Vert a recherché le client CLAUDIA JOSEPH 1975-09-14
[<b>28/03/2019 10:48:11 am</b>] Wilkendhie JOSEPH (medecin) de Hopital du Canape Vert est allé dans ACCUEIL 
[<b>28/03/2019 10:51:36 am</b>] Junior BELFLEUR (medecin) de Centre Hospitalier Medimax  s'est connecté   
[<b>28/03/2019 10:51:36 am</b>] Junior BELFLEUR (medecin) de Centre Hospitalier Medimax est allé dans ACCUEIL 
[<b>28/03/2019 10:53:03 am</b>] Junior BELFLEUR (medecin) de Centre Hospitalier Medimax a recherché le client ANN EXUME 1990-01-21
[<b>28/03/2019 02:14:05 pm</b>] Emmanuel DESILUS (medecin) de Hopital de la Communaute Haitienne  s'est connecté   
[<b>28/03/2019 02:14:07 pm</b>] Emmanuel DESILUS (medecin) de Hopital de la Communaute Haitienne  s'est connecté   
[<b>28/03/2019 02:14:07 pm</b>] Emmanuel DESILUS (medecin) de Hopital de la Communaute Haitienne est allé dans ACCUEIL 
[<b>28/03/2019 02:43:39 pm</b>]   () de   s'est déconnecté  
[<b>28/03/2019 03:10:37 pm</b>] Wilkendhie JOSEPH (medecin) de Hopital du Canape Vert  s'est connecté   
[<b>28/03/2019 03:10:38 pm</b>] Wilkendhie JOSEPH (medecin) de Hopital du Canape Vert est allé dans ACCUEIL 
[<b>28/03/2019 03:11:12 pm</b>] Wilkendhie JOSEPH (medecin) de Hopital du Canape Vert a recherché le client JEAN HERBY ANTOINE 1977-06-13
[<b>28/03/2019 03:11:25 pm</b>] Wilkendhie JOSEPH (medecin) de Hopital du Canape Vert est allé dans ACCUEIL 
[<b>28/03/2019 03:44:49 pm</b>] Marc-Eric ALTIDOR (admin) de INASSA  s'est connecté   
[<b>28/03/2019 03:44:49 pm</b>] Marc-Eric ALTIDOR (admin) de INASSA est allé dans ACCUEIL 
[<b>28/03/2019 03:44:54 pm</b>] Marc-Eric ALTIDOR (admin) de INASSA  est allé dans PARAMETRES  
[<b>28/03/2019 03:45:32 pm</b>] Marc-Eric ALTIDOR (admin) de INASSA  a réinitialisé le compte de l'utilisateur  Rachel DAVILMAR
[<b>28/03/2019 03:45:54 pm</b>] Marc-Eric ALTIDOR (admin) de INASSA  a réinitialisé le compte de l'utilisateur  Lovelie NARCISSE
[<b>28/03/2019 03:46:28 pm</b>] Marc-Eric ALTIDOR (admin) de INASSA  a réinitialisé le compte de l'utilisateur  Marlie TONICO
[<b>28/03/2019 03:46:48 pm</b>] Marc-Eric ALTIDOR (admin) de INASSA  a réinitialisé le compte de l'utilisateur  Rose Christephane BANATTES
[<b>28/03/2019 03:48:34 pm</b>] Marc-Eric ALTIDOR (admin) de INASSA  est allé dans PARAMETRES  
[<b>28/03/2019 03:49:09 pm</b>] Marc-Eric ALTIDOR (admin) de INASSA  a réinitialisé le compte de l'utilisateur  Marlie TONICO
[<b>28/03/2019 03:49:34 pm</b>] Marc-Eric ALTIDOR (admin) de INASSA  a réinitialisé le compte de l'utilisateur  Rose Christephane BANATTES
[<b>28/03/2019 03:49:52 pm</b>] Marc-Eric ALTIDOR (admin) de INASSA  a réinitialisé le compte de l'utilisateur  Sherlie CALIXTE
[<b>28/03/2019 03:50:07 pm</b>] Marc-Eric ALTIDOR (admin) de INASSA  a changé le status de l'utilisateur  Raphaella CLAVIER
[<b>28/03/2019 03:50:33 pm</b>] Marc-Eric ALTIDOR (admin) de INASSA  a changé le status de l'utilisateur  Daniella JEAN-CHARLES
[<b>28/03/2019 03:50:51 pm</b>] Marc-Eric ALTIDOR (admin) de INASSA  a réinitialisé le compte de l'utilisateur  Shana MONOPOL
[<b>28/03/2019 03:51:10 pm</b>] Marc-Eric ALTIDOR (admin) de INASSA  a réinitialisé le compte de l'utilisateur  Sara SABIN
[<b>28/03/2019 03:52:05 pm</b>] Marc-Eric ALTIDOR (admin) de INASSA a enregistré l'utilisateur  Fabiola FRANCOIS / ffrancois / Fabeefrancois.134@gmail.com / Médecin / Actif
[<b>28/03/2019 03:52:05 pm</b>] Marc-Eric ALTIDOR (admin) de INASSA  est allé dans PARAMETRES  
[<b>28/03/2019 03:52:49 pm</b>] Marc-Eric ALTIDOR (admin) de INASSA a enregistré l'utilisateur  Linda JUSTE / ljuste / lindajuste12@gmail.com / Médecin / Actif
[<b>28/03/2019 03:52:49 pm</b>] Marc-Eric ALTIDOR (admin) de INASSA  est allé dans PARAMETRES  
[<b>28/03/2019 06:15:01 pm</b>] Wilkendhie JOSEPH (medecin) de Hopital du Canape Vert  s'est connecté   
[<b>28/03/2019 06:15:01 pm</b>] Wilkendhie JOSEPH (medecin) de Hopital du Canape Vert est allé dans ACCUEIL 
[<b>28/03/2019 06:16:51 pm</b>] Wilkendhie JOSEPH (medecin) de Hopital du Canape Vert  a recherché   josiah natsley almonor 2015-12-04 [MM/DD/YYYY]
[<b>28/03/2019 06:17:12 pm</b>] Wilkendhie JOSEPH (medecin) de Hopital du Canape Vert a recherché le client JOSIAH ALMONOR 2015-12-04
[<b>28/03/2019 06:18:14 pm</b>] Wilkendhie JOSEPH (medecin) de Hopital du Canape Vert  s'est déconnecté  
[<b>28/03/2019 06:21:26 pm</b>] Wilkendhie JOSEPH (medecin) de Hopital du Canape Vert  s'est connecté   
[<b>28/03/2019 06:21:26 pm</b>] Wilkendhie JOSEPH (medecin) de Hopital du Canape Vert est allé dans ACCUEIL 
[<b>28/03/2019 06:21:37 pm</b>] Wilkendhie JOSEPH (medecin) de Hopital du Canape Vert  a recherché    vital Date de naissance [MM/DD/YYYY]
[<b>28/03/2019 06:21:48 pm</b>] Wilkendhie JOSEPH (medecin) de Hopital du Canape Vert  a recherché   gesnel vital Date de naissance [MM/DD/YYYY]
[<b>28/03/2019 06:22:09 pm</b>] Wilkendhie JOSEPH (medecin) de Hopital du Canape Vert  a recherché   vital gesnel Date de naissance [MM/DD/YYYY]
[<b>28/03/2019 06:22:34 pm</b>] Wilkendhie JOSEPH (medecin) de Hopital du Canape Vert  a recherché   vital gesnel 1988-05-10 [MM/DD/YYYY]
[<b>28/03/2019 06:22:58 pm</b>] Wilkendhie JOSEPH (medecin) de Hopital du Canape Vert a recherché le client GESNEL VITAL 1988-05-10
[<b>28/03/2019 06:23:40 pm</b>] Wilkendhie JOSEPH (medecin) de Hopital du Canape Vert  s'est déconnecté  
