[<b>18/03/2019 11:08:15 am</b>] Withnyse Caridad FRANCOIS (medecin) de HOP SAINT FRANCOIS DE SALES  s'est connecté   
[<b>18/03/2019 11:08:15 am</b>] Withnyse Caridad FRANCOIS (medecin) de HOP SAINT FRANCOIS DE SALES est allé dans ACCUEIL 
[<b>18/03/2019 11:08:17 am</b>] Withnyse Caridad FRANCOIS (medecin) de HOP SAINT FRANCOIS DE SALES  s'est connecté   
[<b>18/03/2019 11:12:49 am</b>] Withnyse Caridad FRANCOIS (medecin) de HOP SAINT FRANCOIS DE SALES  s'est déconnecté  
[<b>18/03/2019 11:14:27 am</b>] Withnyse Caridad FRANCOIS (medecin) de HOP SAINT FRANCOIS DE SALES  s'est connecté   
[<b>18/03/2019 11:14:27 am</b>] Withnyse Caridad FRANCOIS (medecin) de HOP SAINT FRANCOIS DE SALES est allé dans ACCUEIL 
[<b>18/03/2019 11:14:46 am</b>] Withnyse Caridad FRANCOIS (medecin) de HOP SAINT FRANCOIS DE SALES  est allé dans HISTORIQUE 
[<b>18/03/2019 11:18:22 am</b>] Withnyse Caridad FRANCOIS (medecin) de HOP SAINT FRANCOIS DE SALES est allé dans ACCUEIL 
[<b>18/03/2019 11:18:25 am</b>] Withnyse Caridad FRANCOIS (medecin) de HOP SAINT FRANCOIS DE SALES est allé dans ACCUEIL 
[<b>18/03/2019 11:18:31 am</b>] Withnyse Caridad FRANCOIS (medecin) de HOP SAINT FRANCOIS DE SALES est allé dans ACCUEIL 
[<b>18/03/2019 11:18:34 am</b>] Withnyse Caridad FRANCOIS (medecin) de HOP SAINT FRANCOIS DE SALES est allé dans ACCUEIL 
[<b>18/03/2019 11:18:45 am</b>] Withnyse Caridad FRANCOIS (medecin) de HOP SAINT FRANCOIS DE SALES est allé dans ACCUEIL 
[<b>18/03/2019 11:38:32 am</b>] Denold MILSOIT (medecin) de CLINIQULE Dr DENOLD MILSOIT  s'est connecté   
[<b>18/03/2019 11:38:32 am</b>] Denold MILSOIT (medecin) de CLINIQULE Dr DENOLD MILSOIT est allé dans ACCUEIL 
[<b>18/03/2019 11:46:21 am</b>] Denold MILSOIT (medecin) de CLINIQULE Dr DENOLD MILSOIT  s'est connecté   
[<b>18/03/2019 11:46:22 am</b>] Denold MILSOIT (medecin) de CLINIQULE Dr DENOLD MILSOIT est allé dans ACCUEIL 
[<b>18/03/2019 11:47:21 am</b>] Denold MILSOIT (medecin) de CLINIQULE Dr DENOLD MILSOIT  a recherché   DESTIN JEANINE DULORIER 1968-08-22 [MM/DD/YYYY]
[<b>18/03/2019 11:47:51 am</b>] Denold MILSOIT (medecin) de CLINIQULE Dr DENOLD MILSOIT  a recherché   JEANINE DULORIER DESTIN 1968-08-22 [MM/DD/YYYY]
[<b>18/03/2019 11:54:03 am</b>] Denold MILSOIT (medecin) de CLINIQULE Dr DENOLD MILSOIT  s'est connecté   
[<b>18/03/2019 11:54:03 am</b>] Denold MILSOIT (medecin) de CLINIQULE Dr DENOLD MILSOIT est allé dans ACCUEIL 
[<b>18/03/2019 11:54:50 am</b>] Denold MILSOIT (medecin) de CLINIQULE Dr DENOLD MILSOIT  a recherché   DESTIN JEANINE DULORIER  [MM/DD/YYYY]
[<b>18/03/2019 11:55:33 am</b>] Denold MILSOIT (medecin) de CLINIQULE Dr DENOLD MILSOIT  a recherché   JEANINE DULORIER DESTIN  [MM/DD/YYYY]
[<b>18/03/2019 11:56:30 am</b>] Denold MILSOIT (medecin) de CLINIQULE Dr DENOLD MILSOIT  a recherché   JEANINE DULORIER DESTIN 1968-09-22 [MM/DD/YYYY]
[<b>18/03/2019 11:57:00 am</b>] Denold MILSOIT (medecin) de CLINIQULE Dr DENOLD MILSOIT a recherché le client DESTIN JEANINE DULORIER 1968-09-22
[<b>18/03/2019 11:57:00 am</b>] Denold MILSOIT (medecin) de CLINIQULE Dr DENOLD MILSOIT a recherché le client DESTIN JEANINE DULORIER 1968-09-22
[<b>18/03/2019 01:07:50 pm</b>] Withnyse Caridad FRANCOIS (medecin) de HOP SAINT FRANCOIS DE SALES  s'est connecté   
[<b>18/03/2019 01:07:50 pm</b>] Withnyse Caridad FRANCOIS (medecin) de HOP SAINT FRANCOIS DE SALES est allé dans ACCUEIL 
[<b>18/03/2019 01:08:35 pm</b>] Withnyse Caridad FRANCOIS (medecin) de HOP SAINT FRANCOIS DE SALES a recherché le client JEAN AUGUSTIN 1967-11-27
[<b>18/03/2019 01:14:01 pm</b>] Withnyse Caridad FRANCOIS (medecin) de HOP SAINT FRANCOIS DE SALES  a recherché   David Marcelin 1987-10-20 [MM/DD/YYYY]
[<b>18/03/2019 01:17:00 pm</b>] Withnyse Caridad FRANCOIS (medecin) de HOP SAINT FRANCOIS DE SALES  a recherché   David Marcelin 1987-10-30 [MM/DD/YYYY]
[<b>18/03/2019 01:17:11 pm</b>] Withnyse Caridad FRANCOIS (medecin) de HOP SAINT FRANCOIS DE SALES  a recherché   David Marcelin 1987-10-30 [MM/DD/YYYY]
