[<b>08/08/2019 07:14:05 am</b>] Fabiola FRANCOIS (medecin) de Hopital Espoir  s'est connecté   
[<b>08/08/2019 07:14:05 am</b>] Fabiola FRANCOIS (medecin) de Hopital Espoir est allé dans ACCUEIL 
[<b>08/08/2019 07:15:14 am</b>] Fabiola FRANCOIS (medecin) de Hopital Espoir  a recherché   marie josie numa 1969-05-08 [MM/DD/YYYY]
[<b>08/08/2019 07:15:53 am</b>] Fabiola FRANCOIS (medecin) de Hopital Espoir  a recherché   jean guiteau lizaire 1969-05-08 [MM/DD/YYYY]
[<b>08/08/2019 07:16:15 am</b>] Fabiola FRANCOIS (medecin) de Hopital Espoir a recherché le client JEAN LIZAIRE 1968-02-11
[<b>08/08/2019 07:16:15 am</b>] Fabiola FRANCOIS (medecin) de Hopital Espoir a recherché le client JEAN GUITEAU LIZAIRE 1968-02-11
[<b>08/08/2019 07:16:44 am</b>] Fabiola FRANCOIS (medecin) de Hopital Espoir est allé dans ACCUEIL 
[<b>08/08/2019 07:17:44 am</b>] Fabiola FRANCOIS (medecin) de Hopital Espoir  a recherché   numa marie josie lizaire 1969-05-08 [MM/DD/YYYY]
[<b>08/08/2019 07:18:01 am</b>] Fabiola FRANCOIS (medecin) de Hopital Espoir  a recherché   marie josie lizaire 1969-05-08 [MM/DD/YYYY]
[<b>08/08/2019 07:51:24 am</b>] Sara SABIN (medecin) de Hopital Espoir  s'est connecté   
[<b>08/08/2019 07:51:25 am</b>] Sara SABIN (medecin) de Hopital Espoir est allé dans ACCUEIL 
[<b>08/08/2019 07:52:07 am</b>] Sara SABIN (medecin) de Hopital Espoir a recherché le client JUDENIE ALEXIS 1987-09-09
[<b>08/08/2019 07:52:24 am</b>] Sara SABIN (medecin) de Hopital Espoir est allé dans ACCUEIL 
[<b>08/08/2019 06:47:14 pm</b>] Sherlie CALIXTE (medecin) de Hopital Espoir  s'est connecté   
[<b>08/08/2019 06:47:14 pm</b>] Sherlie CALIXTE (medecin) de Hopital Espoir est allé dans ACCUEIL 
[<b>08/08/2019 06:48:28 pm</b>] Sherlie CALIXTE (medecin) de Hopital Espoir a recherché le client SUZETTE ANTOINE 1984-01-06
[<b>08/08/2019 06:49:12 pm</b>] Sherlie CALIXTE (medecin) de Hopital Espoir est allé dans ACCUEIL 
[<b>08/08/2019 06:51:39 pm</b>] Sherlie CALIXTE (medecin) de Hopital Espoir est allé dans ACCUEIL 
[<b>08/08/2019 06:52:12 pm</b>] Sherlie CALIXTE (medecin) de Hopital Espoir a recherché le client SUZETTE ANTOINE 1984-01-06
[<b>08/08/2019 06:53:04 pm</b>] Sherlie CALIXTE (medecin) de Hopital Espoir est allé dans ACCUEIL 
