[<b>10/06/2019 10:11:52 am</b>] Wilkendhie JOSEPH (medecin) de Hopital du Canape Vert  s'est connecté   
[<b>10/06/2019 10:11:52 am</b>] Wilkendhie JOSEPH (medecin) de Hopital du Canape Vert est allé dans ACCUEIL 
[<b>10/06/2019 10:12:57 am</b>] Wilkendhie JOSEPH (medecin) de Hopital du Canape Vert  a recherché   guirlande FORTUNE 1987-12-22 [MM/DD/YYYY]
[<b>10/06/2019 10:13:50 am</b>] Wilkendhie JOSEPH (medecin) de Hopital du Canape Vert  a recherché   frantzy paul 1978-09-26 [MM/DD/YYYY]
[<b>10/06/2019 10:13:57 am</b>] Wilkendhie JOSEPH (medecin) de Hopital du Canape Vert  a recherché     1978-09-26 [MM/DD/YYYY]
[<b>10/06/2019 10:14:12 am</b>] Wilkendhie JOSEPH (medecin) de Hopital du Canape Vert  a recherché   frantzy paul 1978-09-26 [MM/DD/YYYY]
[<b>10/06/2019 10:15:28 am</b>] Wilkendhie JOSEPH (medecin) de Hopital du Canape Vert  a recherché   GUIRLANDE FORTUNE 1987-12-22 [MM/DD/YYYY]
[<b>10/06/2019 10:16:14 am</b>] Wilkendhie JOSEPH (medecin) de Hopital du Canape Vert  a recherché   FRANTZY PAUL  [MM/DD/YYYY]
[<b>10/06/2019 10:37:11 am</b>] Wilkendhie JOSEPH (medecin) de Hopital du Canape Vert  s'est connecté   
[<b>10/06/2019 10:37:12 am</b>] Wilkendhie JOSEPH (medecin) de Hopital du Canape Vert est allé dans ACCUEIL 
[<b>10/06/2019 10:38:02 am</b>] Wilkendhie JOSEPH (medecin) de Hopital du Canape Vert  a recherché   FRANTZY PAUL  [MM/DD/YYYY]
[<b>10/06/2019 10:38:35 am</b>] Wilkendhie JOSEPH (medecin) de Hopital du Canape Vert a recherché le client FRANTZY PAUL 1978-08-26
[<b>10/06/2019 10:38:56 am</b>] Wilkendhie JOSEPH (medecin) de Hopital du Canape Vert est allé dans ACCUEIL 
[<b>10/06/2019 10:43:07 am</b>] Wilkendhie JOSEPH (medecin) de Hopital du Canape Vert  a recherché   FORTUNE GUIRLANDE  [MM/DD/YYYY]
[<b>10/06/2019 11:57:44 am</b>] Wilkendhie JOSEPH (medecin) de Hopital du Canape Vert  s'est connecté   
[<b>10/06/2019 11:57:44 am</b>] Wilkendhie JOSEPH (medecin) de Hopital du Canape Vert est allé dans ACCUEIL 
[<b>10/06/2019 12:00:07 pm</b>] Wilkendhie JOSEPH (medecin) de Hopital du Canape Vert a recherché le client LYA ANN RACINE 2012-11-25
[<b>10/06/2019 12:00:18 pm</b>] Wilkendhie JOSEPH (medecin) de Hopital du Canape Vert est allé dans ACCUEIL 
[<b>10/06/2019 05:58:13 pm</b>] Wilkendhie JOSEPH (medecin) de Hopital du Canape Vert  s'est connecté   
[<b>10/06/2019 05:58:14 pm</b>] Wilkendhie JOSEPH (medecin) de Hopital du Canape Vert  s'est connecté   
[<b>10/06/2019 05:58:15 pm</b>] Wilkendhie JOSEPH (medecin) de Hopital du Canape Vert  s'est connecté   
[<b>10/06/2019 05:58:17 pm</b>] Wilkendhie JOSEPH (medecin) de Hopital du Canape Vert  s'est connecté   
[<b>10/06/2019 05:58:17 pm</b>] Wilkendhie JOSEPH (medecin) de Hopital du Canape Vert est allé dans ACCUEIL 
[<b>10/06/2019 05:58:18 pm</b>] Wilkendhie JOSEPH (medecin) de Hopital du Canape Vert  s'est connecté   
[<b>10/06/2019 05:59:15 pm</b>] Wilkendhie JOSEPH (medecin) de Hopital du Canape Vert  a recherché   arielle kyara lamothe 2019-06-15 [MM/DD/YYYY]
[<b>10/06/2019 06:00:24 pm</b>] Wilkendhie JOSEPH (medecin) de Hopital du Canape Vert  a recherché   lamothe arielle kyara 2019-06-15 [MM/DD/YYYY]
[<b>10/06/2019 06:00:40 pm</b>] Wilkendhie JOSEPH (medecin) de Hopital du Canape Vert  a recherché   lamothe arielle kyara 2019-06-13 [MM/DD/YYYY]
[<b>10/06/2019 06:02:13 pm</b>] Wilkendhie JOSEPH (medecin) de Hopital du Canape Vert  a recherché   lamothe arielle kyara 2011-05-15 [MM/DD/YYYY]
[<b>10/06/2019 06:02:44 pm</b>] Wilkendhie JOSEPH (medecin) de Hopital du Canape Vert  a recherché   arielle kyara lamothe 2011-05-15 [MM/DD/YYYY]
[<b>10/06/2019 06:02:49 pm</b>] Wilkendhie JOSEPH (medecin) de Hopital du Canape Vert  a recherché   arielle kyara lamothe 2011-05-15 [MM/DD/YYYY]
[<b>10/06/2019 06:07:03 pm</b>] Wilkendhie JOSEPH (medecin) de Hopital du Canape Vert  s'est connecté   
[<b>10/06/2019 06:07:04 pm</b>] Wilkendhie JOSEPH (medecin) de Hopital du Canape Vert est allé dans ACCUEIL 
[<b>10/06/2019 06:07:38 pm</b>] Wilkendhie JOSEPH (medecin) de Hopital du Canape Vert  a recherché   arielle kyara lamothe 2011-05-15 [MM/DD/YYYY]
[<b>10/06/2019 06:08:22 pm</b>] Wilkendhie JOSEPH (medecin) de Hopital du Canape Vert  a recherché   lamothe arielle kyara 2011-05-15 [MM/DD/YYYY]
[<b>10/06/2019 06:08:33 pm</b>] Wilkendhie JOSEPH (medecin) de Hopital du Canape Vert  a recherché   lamothe arielle 2011-05-15 [MM/DD/YYYY]
[<b>10/06/2019 06:09:20 pm</b>] Wilkendhie JOSEPH (medecin) de Hopital du Canape Vert  a recherché   arielle kyara lamothe 2011-05-15 [MM/DD/YYYY]
[<b>10/06/2019 06:09:30 pm</b>] Wilkendhie JOSEPH (medecin) de Hopital du Canape Vert  a recherché   arielle lamothe 2011-05-15 [MM/DD/YYYY]
[<b>10/06/2019 06:09:51 pm</b>] Wilkendhie JOSEPH (medecin) de Hopital du Canape Vert  a recherché   KYARA lamothe 2011-05-15 [MM/DD/YYYY]
[<b>10/06/2019 06:10:30 pm</b>] Wilkendhie JOSEPH (medecin) de Hopital du Canape Vert  a recherché   lamothe arielle kyara 2011-05-15 [MM/DD/YYYY]
