[<b>27/03/2019 10:03:52 am</b>] Junior BELFLEUR (medecin) de Centre Hospitalier Medimax  s'est connecté   
[<b>27/03/2019 10:03:52 am</b>] Junior BELFLEUR (medecin) de Centre Hospitalier Medimax est allé dans ACCUEIL 
[<b>27/03/2019 10:05:03 am</b>] Junior BELFLEUR (medecin) de Centre Hospitalier Medimax a recherché le client ANN EXUME 1990-01-21
[<b>27/03/2019 10:20:12 am</b>] Wilkendhie JOSEPH (medecin) de Hopital du Canape Vert  s'est connecté   
[<b>27/03/2019 10:20:13 am</b>] Wilkendhie JOSEPH (medecin) de Hopital du Canape Vert est allé dans ACCUEIL 
[<b>27/03/2019 10:20:24 am</b>] Wilkendhie JOSEPH (medecin) de Hopital du Canape Vert est allé dans ACCUEIL 
[<b>27/03/2019 10:20:56 am</b>] Wilkendhie JOSEPH (medecin) de Hopital du Canape Vert  s'est connecté   
[<b>27/03/2019 10:20:57 am</b>] Wilkendhie JOSEPH (medecin) de Hopital du Canape Vert est allé dans ACCUEIL 
[<b>27/03/2019 10:22:16 am</b>] Wilkendhie JOSEPH (medecin) de Hopital du Canape Vert  a recherché   Elijah Natsley Almonor 2015-12-04 [MM/DD/YYYY]
[<b>27/03/2019 10:23:16 am</b>] Wilkendhie JOSEPH (medecin) de Hopital du Canape Vert  a recherché   Josiah Natsley Almonor 2015-12-04 [MM/DD/YYYY]
[<b>27/03/2019 10:23:58 am</b>] Wilkendhie JOSEPH (medecin) de Hopital du Canape Vert  s'est déconnecté  
[<b>27/03/2019 10:27:31 am</b>] Wilkendhie JOSEPH (medecin) de Hopital du Canape Vert  s'est connecté   
[<b>27/03/2019 10:27:33 am</b>] Wilkendhie JOSEPH (medecin) de Hopital du Canape Vert est allé dans ACCUEIL 
[<b>27/03/2019 10:28:02 am</b>] Wilkendhie JOSEPH (medecin) de Hopital du Canape Vert a recherché le client ELIJAH ALMONOR 2015-12-04
[<b>27/03/2019 10:28:31 am</b>] Wilkendhie JOSEPH (medecin) de Hopital du Canape Vert est allé dans ACCUEIL 
[<b>27/03/2019 10:29:03 am</b>] Wilkendhie JOSEPH (medecin) de Hopital du Canape Vert a recherché le client JOSIAH ALMONOR 2015-12-04
[<b>27/03/2019 10:29:38 am</b>] Wilkendhie JOSEPH (medecin) de Hopital du Canape Vert est allé dans ACCUEIL 
[<b>27/03/2019 12:34:33 pm</b>] Marc-Eric ALTIDOR (admin) de INASSA  s'est connecté   
[<b>27/03/2019 12:34:33 pm</b>] Marc-Eric ALTIDOR (admin) de INASSA est allé dans ACCUEIL 
[<b>27/03/2019 12:34:39 pm</b>] Marc-Eric ALTIDOR (admin) de INASSA  est allé dans HISTORIQUE 
[<b>27/03/2019 02:01:52 pm</b>] Junior BELFLEUR (medecin) de Centre Hospitalier Medimax  s'est connecté   
[<b>27/03/2019 02:01:52 pm</b>] Junior BELFLEUR (medecin) de Centre Hospitalier Medimax est allé dans ACCUEIL 
[<b>27/03/2019 02:02:37 pm</b>] Junior BELFLEUR (medecin) de Centre Hospitalier Medimax a recherché le client ANN EXUME 1990-01-21
