[<b>18/02/2019 11:47:58 am</b>] Anick DUPUY (admin) de INASSA  s'est connecté   
[<b>18/02/2019 11:47:59 am</b>] Anick DUPUY (admin) de INASSA est allé dans ACCUEIL 
[<b>18/02/2019 11:49:10 am</b>] Sanon WIDMAIER (admin) de INASSA  s'est connecté   
[<b>18/02/2019 11:49:10 am</b>] Sanon WIDMAIER (admin) de INASSA est allé dans ACCUEIL 
[<b>18/02/2019 11:49:25 am</b>] Sanon WIDMAIER (admin) de INASSA est allé dans ACCUEIL 
[<b>18/02/2019 11:49:43 am</b>] Sanon WIDMAIER (admin) de INASSA est allé dans ACCUEIL 
[<b>18/02/2019 11:52:46 am</b>] Anick DUPUY (admin) de INASSA est allé dans ACCUEIL 
[<b>18/02/2019 11:52:55 am</b>] Anick DUPUY (admin) de INASSA est allé dans ACCUEIL 
[<b>18/02/2019 11:53:07 am</b>] Anick DUPUY (admin) de INASSA  s'est déconnecté  
[<b>18/02/2019 11:53:21 am</b>] Anick DUPUY (admin) de INASSA  s'est connecté   
[<b>18/02/2019 11:53:21 am</b>] Anick DUPUY (admin) de INASSA est allé dans ACCUEIL 
[<b>18/02/2019 11:53:52 am</b>] Anick DUPUY (admin) de INASSA  est allé dans HISTORIQUE 
[<b>18/02/2019 11:54:31 am</b>] Anick DUPUY (admin) de INASSA est allé dans ACCUEIL 
[<b>18/02/2019 11:54:33 am</b>] Anick DUPUY (admin) de INASSA  est allé dans HISTORIQUE 
[<b>18/02/2019 12:00:56 pm</b>] Anick DUPUY (admin) de INASSA  s'est connecté   
[<b>18/02/2019 12:00:56 pm</b>] Anick DUPUY (admin) de INASSA est allé dans ACCUEIL 
[<b>18/02/2019 12:02:33 pm</b>] Anick DUPUY (admin) de INASSA  est allé dans HISTORIQUE 
[<b>18/02/2019 12:22:13 pm</b>] Sanon WIDMAIER (admin) de INASSA  s'est connecté   
[<b>18/02/2019 12:22:14 pm</b>] Sanon WIDMAIER (admin) de INASSA est allé dans ACCUEIL 
[<b>18/02/2019 12:33:53 pm</b>]   () de   s'est déconnecté  
[<b>18/02/2019 12:34:15 pm</b>] Anick DUPUY (admin) de INASSA  s'est connecté   
[<b>18/02/2019 12:34:15 pm</b>] Anick DUPUY (admin) de INASSA est allé dans ACCUEIL 
[<b>18/02/2019 01:11:22 pm</b>] Sanon WIDMAIER (admin) de INASSA  s'est connecté   
[<b>18/02/2019 01:11:23 pm</b>] Sanon WIDMAIER (admin) de INASSA  s'est connecté   
[<b>18/02/2019 01:11:23 pm</b>] Sanon WIDMAIER (admin) de INASSA est allé dans ACCUEIL 
[<b>18/02/2019 01:11:24 pm</b>] Sanon WIDMAIER (admin) de INASSA  s'est connecté   
[<b>18/02/2019 01:11:38 pm</b>] Sanon WIDMAIER (admin) de INASSA est allé dans ACCUEIL 
[<b>18/02/2019 02:36:26 pm</b>] Sanon WIDMAIER (admin) de INASSA  s'est connecté   
[<b>18/02/2019 02:36:27 pm</b>] Sanon WIDMAIER (admin) de INASSA est allé dans ACCUEIL 
[<b>18/02/2019 02:38:32 pm</b>] Sanon WIDMAIER (admin) de INASSA est allé dans ACCUEIL 
