[<b>01/02/2019 08:37:44 am</b>] Rood-Jerry GEFFRARD (medecin) de Hopital Adventiste Diquini  s'est connecté   
[<b>01/02/2019 08:37:45 am</b>] Rood-Jerry GEFFRARD (medecin) de Hopital Adventiste Diquini est allé dans ACCUEIL 
[<b>01/02/2019 08:39:05 am</b>] Rood-Jerry GEFFRARD (medecin) de Hopital Adventiste Diquini a recherché le client BEESCHARAH KEITH ESTENIO 2018-09-28
[<b>01/02/2019 10:52:18 am</b>] Denold MILSOIT (medecin) de CLINIQULE Dr DENOLD MILSOIT  s'est connecté   
[<b>01/02/2019 10:52:18 am</b>] Denold MILSOIT (medecin) de CLINIQULE Dr DENOLD MILSOIT est allé dans ACCUEIL 
[<b>01/02/2019 10:52:40 am</b>] Rood-Jerry GEFFRARD (medecin) de Hopital Adventiste Diquini  s'est connecté   
[<b>01/02/2019 10:52:41 am</b>] Rood-Jerry GEFFRARD (medecin) de Hopital Adventiste Diquini est allé dans ACCUEIL 
[<b>01/02/2019 10:53:22 am</b>] Denold MILSOIT (medecin) de CLINIQULE Dr DENOLD MILSOIT  a recherché   JOSEPH MAITRE EVLYNE 1968-01-17 [MM/DD/YYYY]
[<b>01/02/2019 10:53:54 am</b>] Denold MILSOIT (medecin) de CLINIQULE Dr DENOLD MILSOIT  a recherché   MAITRE EVLYNE JOSEPH 1968-01-17 [MM/DD/YYYY]
[<b>01/02/2019 10:53:58 am</b>] Rood-Jerry GEFFRARD (medecin) de Hopital Adventiste Diquini  a recherché   Jean Gael Moreau 2018-12-25 [MM/DD/YYYY]
[<b>01/02/2019 11:23:12 am</b>] Rood-Jerry GEFFRARD (medecin) de Hopital Adventiste Diquini  s'est connecté   
[<b>01/02/2019 11:23:12 am</b>] Rood-Jerry GEFFRARD (medecin) de Hopital Adventiste Diquini est allé dans ACCUEIL 
[<b>01/02/2019 11:25:00 am</b>] Rood-Jerry GEFFRARD (medecin) de Hopital Adventiste Diquini a recherché le client VERNEL MORENCY 1967-02-12
[<b>01/02/2019 11:25:00 am</b>] Rood-Jerry GEFFRARD (medecin) de Hopital Adventiste Diquini a recherché le client VERNEL MORENCY 1967-02-12
[<b>01/02/2019 11:38:26 am</b>] Joel DUCASSE (medecin) de Hopital Ste Marie  s'est connecté   
[<b>01/02/2019 11:43:37 am</b>] Joel DUCASSE (medecin) de Hopital Ste Marie a recherché le client ELDIN PETIT FRERE 1959-02-03
[<b>01/02/2019 11:51:14 am</b>] Joel DUCASSE (medecin) de Hopital Ste Marie  s'est déconnecté   
[<b>01/02/2019 11:51:57 am</b>] Rood-Jerry GEFFRARD (medecin) de Hopital Adventiste Diquini  s'est connecté   
[<b>01/02/2019 11:51:57 am</b>] Rood-Jerry GEFFRARD (medecin) de Hopital Adventiste Diquini est allé dans ACCUEIL 
[<b>01/02/2019 11:52:32 am</b>] Rood-Jerry GEFFRARD (medecin) de Hopital Adventiste Diquini  a recherché   Jean Gael Moreau 2017-12-22 [MM/DD/YYYY]
[<b>01/02/2019 11:53:05 am</b>] Rood-Jerry GEFFRARD (medecin) de Hopital Adventiste Diquini  a recherché   Jean Gael Moreau 2017-12-22 [MM/DD/YYYY]
[<b>01/02/2019 01:37:11 pm</b>] Ylange DESSOURCES (medecin) de NASSA  s'est connecté   
[<b>01/02/2019 01:37:12 pm</b>] Ylange DESSOURCES (medecin) de NASSA est allé dans ACCUEIL 
[<b>01/02/2019 01:37:25 pm</b>] Ylange DESSOURCES (medecin) de NASSA  est allé dans HISTORIQUE 
[<b>01/02/2019 01:38:16 pm</b>] Ylange DESSOURCES (medecin) de NASSA est allé dans ACCUEIL 
[<b>01/02/2019 01:38:25 pm</b>] Ylange DESSOURCES (medecin) de NASSA est allé dans ACCUEIL 
[<b>01/02/2019 01:39:16 pm</b>] Ylange DESSOURCES (medecin) de NASSA est allé dans ACCUEIL 
[<b>01/02/2019 01:39:16 pm</b>] Ylange DESSOURCES (medecin) de NASSA  est allé dans HISTORIQUE 
[<b>01/02/2019 01:39:18 pm</b>] Ylange DESSOURCES (medecin) de NASSA est allé dans ACCUEIL 
