[<b>11/09/2019 08:54:46 am</b>] Reginald ARNOUX (medecin) de Clinique du Dr Arnoux  s'est connecté   
[<b>11/09/2019 08:54:47 am</b>] Reginald ARNOUX (medecin) de Clinique du Dr Arnoux est allé dans ACCUEIL 
[<b>11/09/2019 08:54:52 am</b>] Reginald ARNOUX (medecin) de Clinique du Dr Arnoux  est allé dans HISTORIQUE 
[<b>11/09/2019 11:27:34 am</b>] Wilkendhie JOSEPH (medecin) de Hopital du Canape Vert  s'est connecté   
[<b>11/09/2019 11:27:35 am</b>] Wilkendhie JOSEPH (medecin) de Hopital du Canape Vert  s'est connecté   
[<b>11/09/2019 11:27:35 am</b>] Wilkendhie JOSEPH (medecin) de Hopital du Canape Vert est allé dans ACCUEIL 
[<b>11/09/2019 11:28:47 am</b>] Wilkendhie JOSEPH (medecin) de Hopital du Canape Vert a recherché le client JOANE SAINT LOUIS 1983-01-29
[<b>11/09/2019 11:29:10 am</b>] Wilkendhie JOSEPH (medecin) de Hopital du Canape Vert est allé dans ACCUEIL 
[<b>11/09/2019 11:31:39 am</b>] Wilkendhie JOSEPH (medecin) de Hopital du Canape Vert a recherché le client JOANE SAINT LOUIS 1983-01-29
[<b>11/09/2019 11:31:48 am</b>] Wilkendhie JOSEPH (medecin) de Hopital du Canape Vert est allé dans ACCUEIL 
[<b>11/09/2019 01:47:20 pm</b>] Sanon WIDMAIER (admin) de INASSA  s'est connecté   
[<b>11/09/2019 01:47:32 pm</b>] Sanon WIDMAIER (admin) de INASSA  s'est connecté   
[<b>11/09/2019 10:11:16 pm</b>] Fabiola FRANCOIS (medecin) de Hopital Espoir  s'est connecté   
[<b>11/09/2019 10:11:17 pm</b>] Fabiola FRANCOIS (medecin) de Hopital Espoir est allé dans ACCUEIL 
[<b>11/09/2019 10:11:57 pm</b>] Fabiola FRANCOIS (medecin) de Hopital Espoir  a recherché   marie dominique poliard 1985-09-13 [MM/DD/YYYY]
[<b>11/09/2019 10:12:39 pm</b>] Fabiola FRANCOIS (medecin) de Hopital Espoir a recherché le client MARIE DOMINIQUE POLIARD 1985-09-19
[<b>11/09/2019 10:12:55 pm</b>] Fabiola FRANCOIS (medecin) de Hopital Espoir est allé dans ACCUEIL 
[<b>11/09/2019 11:13:24 pm</b>] Wilkendhie JOSEPH (medecin) de Hopital du Canape Vert  s'est connecté   
[<b>11/09/2019 11:13:24 pm</b>] Wilkendhie JOSEPH (medecin) de Hopital du Canape Vert est allé dans ACCUEIL 
[<b>11/09/2019 11:14:03 pm</b>] Wilkendhie JOSEPH (medecin) de Hopital du Canape Vert  a recherché   GESNEL VITAL 1998-05-10 [MM/DD/YYYY]
[<b>11/09/2019 11:14:22 pm</b>] Wilkendhie JOSEPH (medecin) de Hopital du Canape Vert a recherché le client GESNEL VITAL 1988-05-10
[<b>11/09/2019 11:14:28 pm</b>] Wilkendhie JOSEPH (medecin) de Hopital du Canape Vert est allé dans ACCUEIL 
