[<b>27/06/2019 08:20:39 am</b>] Denold MILSOIT (medecin) de CLINIQULE Dr DENOLD MILSOIT  s'est connecté   
[<b>27/06/2019 08:20:39 am</b>] Denold MILSOIT (medecin) de CLINIQULE Dr DENOLD MILSOIT est allé dans ACCUEIL 
[<b>27/06/2019 08:23:33 am</b>] Denold MILSOIT (medecin) de CLINIQULE Dr DENOLD MILSOIT a recherché le client RONY BIEN-AIME 1987-10-15
[<b>27/06/2019 08:23:33 am</b>] Denold MILSOIT (medecin) de CLINIQULE Dr DENOLD MILSOIT a recherché le client RONY BIEN-AIME 1987-10-15
[<b>27/06/2019 10:46:29 am</b>] Shana MONOPOL (medecin) de Hopital Espoir  s'est connecté   
[<b>27/06/2019 10:46:29 am</b>] Shana MONOPOL (medecin) de Hopital Espoir est allé dans ACCUEIL 
[<b>27/06/2019 12:31:49 pm</b>] Shana MONOPOL (medecin) de Hopital Espoir  s'est connecté   
[<b>27/06/2019 12:31:49 pm</b>] Shana MONOPOL (medecin) de Hopital Espoir est allé dans ACCUEIL 
[<b>27/06/2019 12:34:43 pm</b>] Shana MONOPOL (medecin) de Hopital Espoir a recherché le client PIERRE GABY CELESTIN 1970-12-07
[<b>27/06/2019 12:35:23 pm</b>] Shana MONOPOL (medecin) de Hopital Espoir est allé dans ACCUEIL 
[<b>27/06/2019 12:40:06 pm</b>] Shana MONOPOL (medecin) de Hopital Espoir a recherché le client PIERRE GABY CELESTIN 1970-12-07
[<b>27/06/2019 12:40:26 pm</b>] Shana MONOPOL (medecin) de Hopital Espoir est allé dans ACCUEIL 
[<b>27/06/2019 05:19:15 pm</b>] Wilkendhie JOSEPH (medecin) de Hopital du Canape Vert  s'est connecté   
[<b>27/06/2019 05:19:15 pm</b>] Wilkendhie JOSEPH (medecin) de Hopital du Canape Vert est allé dans ACCUEIL 
[<b>27/06/2019 05:21:00 pm</b>] Wilkendhie JOSEPH (medecin) de Hopital du Canape Vert a recherché le client JOSEPH ALTIDOR 1955-02-11
[<b>27/06/2019 11:14:13 pm</b>] Sherlie CALIXTE (medecin) de Hopital Espoir  s'est connecté   
[<b>27/06/2019 11:14:13 pm</b>] Sherlie CALIXTE (medecin) de Hopital Espoir est allé dans ACCUEIL 
[<b>27/06/2019 11:15:34 pm</b>] Sherlie CALIXTE (medecin) de Hopital Espoir  a recherché   ANDRE KELLY PIERRE 1979-08-31 [MM/DD/YYYY]
[<b>27/06/2019 11:16:46 pm</b>] Sherlie CALIXTE (medecin) de Hopital Espoir  a recherché   KELLY PIERRE 1979-08-31 [MM/DD/YYYY]
[<b>27/06/2019 11:19:24 pm</b>] Sherlie CALIXTE (medecin) de Hopital Espoir  a recherché   KELLY PIERRE 1999-08-31 [MM/DD/YYYY]
[<b>27/06/2019 11:19:46 pm</b>] Sherlie CALIXTE (medecin) de Hopital Espoir  a recherché   ANDRE KELLY PIERRE 1999-08-31 [MM/DD/YYYY]
