[<b>15/09/2019 12:02:09 pm</b>] Wilkendhie JOSEPH (medecin) de Hopital du Canape Vert  s'est connecté   
[<b>15/09/2019 12:02:10 pm</b>] Wilkendhie JOSEPH (medecin) de Hopital du Canape Vert est allé dans ACCUEIL 
[<b>15/09/2019 12:03:17 pm</b>] Wilkendhie JOSEPH (medecin) de Hopital du Canape Vert  a recherché   PRITPAL SINGH 1989-08-06 [MM/DD/YYYY]
[<b>15/09/2019 12:04:42 pm</b>] Wilkendhie JOSEPH (medecin) de Hopital du Canape Vert a recherché le client SINGH PRITPAL 1989-08-06
[<b>15/09/2019 12:04:52 pm</b>] Wilkendhie JOSEPH (medecin) de Hopital du Canape Vert est allé dans ACCUEIL 
[<b>15/09/2019 05:58:16 pm</b>] Wilkendhie JOSEPH (medecin) de Hopital du Canape Vert  s'est connecté   
[<b>15/09/2019 05:58:17 pm</b>] Wilkendhie JOSEPH (medecin) de Hopital du Canape Vert est allé dans ACCUEIL 
[<b>15/09/2019 05:59:47 pm</b>] Wilkendhie JOSEPH (medecin) de Hopital du Canape Vert a recherché le client J. GERALDA PROPHETE 1967-02-27
[<b>15/09/2019 06:00:28 pm</b>] Wilkendhie JOSEPH (medecin) de Hopital du Canape Vert est allé dans ACCUEIL 
[<b>15/09/2019 06:03:40 pm</b>] Wilkendhie JOSEPH (medecin) de Hopital du Canape Vert  a recherché   YVES BRECEUS 2005-04-26 [MM/DD/YYYY]
[<b>15/09/2019 06:03:59 pm</b>] Wilkendhie JOSEPH (medecin) de Hopital du Canape Vert  a recherché   ANDRE BRECEUS 2005-04-26 [MM/DD/YYYY]
[<b>15/09/2019 06:04:25 pm</b>] Wilkendhie JOSEPH (medecin) de Hopital du Canape Vert  a recherché   ISMAEL BRECEUS 2005-04-26 [MM/DD/YYYY]
[<b>15/09/2019 06:05:28 pm</b>] Wilkendhie JOSEPH (medecin) de Hopital du Canape Vert  a recherché   YVES ANDRE ISMAEL BRECEUS 2005-04-26 [MM/DD/YYYY]
[<b>15/09/2019 06:05:46 pm</b>] Wilkendhie JOSEPH (medecin) de Hopital du Canape Vert  a recherché   YVES ANDRE ISMAEL BRECEUS 2005-04-26 [MM/DD/YYYY]
[<b>15/09/2019 06:08:41 pm</b>] Wilkendhie JOSEPH (medecin) de Hopital du Canape Vert a recherché le client PIERRE RICHARD MATHELIER 1990-04-23
[<b>15/09/2019 06:08:41 pm</b>] Wilkendhie JOSEPH (medecin) de Hopital du Canape Vert a recherché le client PIERRE RICHARD MATHELIER 1990-04-23
[<b>15/09/2019 06:08:41 pm</b>] Wilkendhie JOSEPH (medecin) de Hopital du Canape Vert a recherché le client PIERRE RICHARD MATHELIER 1990-04-23
[<b>15/09/2019 06:10:16 pm</b>] Wilkendhie JOSEPH (medecin) de Hopital du Canape Vert a recherché le client JEAN-YVES BRECEUS 1955-10-14
[<b>15/09/2019 06:11:07 pm</b>] Wilkendhie JOSEPH (medecin) de Hopital du Canape Vert  a recherché   YVES BRECEUS 2005-04-14 [MM/DD/YYYY]
[<b>15/09/2019 06:11:44 pm</b>] Wilkendhie JOSEPH (medecin) de Hopital du Canape Vert  a recherché   YVES BRECEUS 2005-04-26 [MM/DD/YYYY]
[<b>15/09/2019 06:12:03 pm</b>] Wilkendhie JOSEPH (medecin) de Hopital du Canape Vert  a recherché   YVES ANDRE ISMAEL BRECEUS 2005-04-26 [MM/DD/YYYY]
[<b>15/09/2019 06:12:31 pm</b>] Wilkendhie JOSEPH (medecin) de Hopital du Canape Vert a recherché le client JEAN-YVES BRECEUS 1955-10-14
[<b>15/09/2019 06:38:04 pm</b>] Wilkendhie JOSEPH (medecin) de Hopital du Canape Vert  s'est connecté   
[<b>15/09/2019 06:38:04 pm</b>] Wilkendhie JOSEPH (medecin) de Hopital du Canape Vert est allé dans ACCUEIL 
[<b>15/09/2019 06:38:42 pm</b>] Wilkendhie JOSEPH (medecin) de Hopital du Canape Vert  a recherché   YVES ANDRE ISMAEL BRECEUS 2005-04-26 [MM/DD/YYYY]
[<b>15/09/2019 06:39:18 pm</b>] Wilkendhie JOSEPH (medecin) de Hopital du Canape Vert a recherché le client JEAN-YVES BRECEUS 1955-10-14
[<b>15/09/2019 06:40:34 pm</b>] Wilkendhie JOSEPH (medecin) de Hopital du Canape Vert a recherché le client JEAN-YVES BRECEUS 1955-10-14
[<b>15/09/2019 06:41:40 pm</b>] Wilkendhie JOSEPH (medecin) de Hopital du Canape Vert a recherché le client J. GERALDA PROPHETE 1967-02-27
[<b>15/09/2019 06:43:09 pm</b>] Wilkendhie JOSEPH (medecin) de Hopital du Canape Vert a recherché le client J. GERALDA PROPHETE 1967-02-27
[<b>15/09/2019 06:44:05 pm</b>] Wilkendhie JOSEPH (medecin) de Hopital du Canape Vert est allé dans ACCUEIL 
