[<b>18/10/2019 02:52:21 am</b>] Wilkendhie JOSEPH (medecin) de Hopital du Canape Vert  s'est connecté   
[<b>18/10/2019 02:52:21 am</b>] Wilkendhie JOSEPH (medecin) de Hopital du Canape Vert est allé dans ACCUEIL 
[<b>18/10/2019 02:52:41 am</b>] Wilkendhie JOSEPH (medecin) de Hopital du Canape Vert  a recherché   aurelie gilles  [MM/DD/YYYY]
[<b>18/10/2019 05:53:33 am</b>] Wilkendhie JOSEPH (medecin) de Hopital du Canape Vert  s'est connecté   
[<b>18/10/2019 05:53:35 am</b>] Wilkendhie JOSEPH (medecin) de Hopital du Canape Vert  s'est connecté   
[<b>18/10/2019 05:53:35 am</b>] Wilkendhie JOSEPH (medecin) de Hopital du Canape Vert est allé dans ACCUEIL 
[<b>18/10/2019 05:54:27 am</b>] Wilkendhie JOSEPH (medecin) de Hopital du Canape Vert  a recherché   AURELIE GILLES 1987-01-09 [MM/DD/YYYY]
[<b>18/10/2019 05:56:01 am</b>] Wilkendhie JOSEPH (medecin) de Hopital du Canape Vert  a recherché   AURELIE GILLES 1987-01-09 [MM/DD/YYYY]
[<b>18/10/2019 05:56:37 am</b>] Wilkendhie JOSEPH (medecin) de Hopital du Canape Vert  a recherché   AURELIE GILLES 1987-01-09 [MM/DD/YYYY]
[<b>18/10/2019 05:56:52 am</b>] Wilkendhie JOSEPH (medecin) de Hopital du Canape Vert  a recherché   AURELIE GILLES 1987-01-09 [MM/DD/YYYY]
[<b>18/10/2019 06:00:47 am</b>] Wilkendhie JOSEPH (medecin) de Hopital du Canape Vert a recherché le client CHRISTIAN TARDIEU 1985-10-23
[<b>18/10/2019 06:02:07 am</b>] Wilkendhie JOSEPH (medecin) de Hopital du Canape Vert  a recherché   AURELIE GILLES 1987-01-09 [MM/DD/YYYY]
[<b>18/10/2019 06:03:18 am</b>] Wilkendhie JOSEPH (medecin) de Hopital du Canape Vert  a recherché   AURELIE GILLES 1987-01-09 [MM/DD/YYYY]
[<b>18/10/2019 06:04:10 am</b>] Wilkendhie JOSEPH (medecin) de Hopital du Canape Vert  a recherché   GILLES AURELIE 1987-01-09 [MM/DD/YYYY]
[<b>18/10/2019 06:04:15 am</b>] Wilkendhie JOSEPH (medecin) de Hopital du Canape Vert  a recherché   GILLES AURELIE 1987-01-09 [MM/DD/YYYY]
[<b>18/10/2019 06:18:47 am</b>] Wilkendhie JOSEPH (medecin) de Hopital du Canape Vert  s'est connecté   
[<b>18/10/2019 06:18:47 am</b>] Wilkendhie JOSEPH (medecin) de Hopital du Canape Vert est allé dans ACCUEIL 
[<b>18/10/2019 06:19:06 am</b>] Wilkendhie JOSEPH (medecin) de Hopital du Canape Vert  a recherché   AURELIE GILLES 1987-01-09 [MM/DD/YYYY]
[<b>18/10/2019 06:21:43 am</b>] Wilkendhie JOSEPH (medecin) de Hopital du Canape Vert a recherché le client CHRISTIAN TARDIEU 1985-10-23
[<b>18/10/2019 06:21:54 am</b>] Wilkendhie JOSEPH (medecin) de Hopital du Canape Vert  a recherché     1985-10-23 [MM/DD/YYYY]
[<b>18/10/2019 06:22:11 am</b>] Wilkendhie JOSEPH (medecin) de Hopital du Canape Vert a recherché le client CHRISTIAN TARDIEU 1985-10-23
[<b>18/10/2019 06:22:19 am</b>] Wilkendhie JOSEPH (medecin) de Hopital du Canape Vert est allé dans ACCUEIL 
[<b>18/10/2019 08:46:34 am</b>] Sara SABIN (medecin) de Hopital Espoir  s'est connecté   
[<b>18/10/2019 08:46:36 am</b>] Sara SABIN (medecin) de Hopital Espoir est allé dans ACCUEIL 
[<b>18/10/2019 08:47:37 am</b>] Sara SABIN (medecin) de Hopital Espoir a recherché le client SHOOBY MACUS BENECHE 2012-08-15
[<b>18/10/2019 08:47:37 am</b>] Sara SABIN (medecin) de Hopital Espoir a recherché le client SHOOBY MACUS BENECHE 2012-08-15
[<b>18/10/2019 08:48:08 am</b>] Sara SABIN (medecin) de Hopital Espoir est allé dans ACCUEIL 
[<b>18/10/2019 01:39:12 pm</b>] Dominique AMBROISE (admin) de INASSA  s'est connecté   
[<b>18/10/2019 01:39:12 pm</b>] Dominique AMBROISE (admin) de INASSA est allé dans ACCUEIL 
[<b>18/10/2019 01:39:18 pm</b>] Dominique AMBROISE (admin) de INASSA  est allé dans HISTORIQUE 
[<b>18/10/2019 01:43:13 pm</b>] Dominique AMBROISE (admin) de INASSA a vérifié l'historique du client DIEUNEL JEAB
[<b>18/10/2019 09:10:32 pm</b>] Fabiola FRANCOIS (medecin) de Hopital Espoir  s'est connecté   
[<b>18/10/2019 09:10:32 pm</b>] Fabiola FRANCOIS (medecin) de Hopital Espoir est allé dans ACCUEIL 
[<b>18/10/2019 09:11:26 pm</b>] Fabiola FRANCOIS (medecin) de Hopital Espoir  s'est déconnecté  
[<b>18/10/2019 09:11:26 pm</b>]   () de  est allé dans ACCUEIL 
[<b>18/10/2019 09:12:28 pm</b>] Fabiola FRANCOIS (medecin) de Hopital Espoir  s'est connecté   
[<b>18/10/2019 09:12:28 pm</b>] Fabiola FRANCOIS (medecin) de Hopital Espoir est allé dans ACCUEIL 
[<b>18/10/2019 09:13:17 pm</b>] Fabiola FRANCOIS (medecin) de Hopital Espoir  s'est déconnecté  
[<b>18/10/2019 09:13:17 pm</b>]   () de  est allé dans ACCUEIL 
[<b>18/10/2019 09:13:57 pm</b>] Fabiola FRANCOIS (medecin) de Hopital Espoir  s'est connecté   
[<b>18/10/2019 09:13:58 pm</b>] Fabiola FRANCOIS (medecin) de Hopital Espoir est allé dans ACCUEIL 
[<b>18/10/2019 09:15:08 pm</b>] Fabiola FRANCOIS (medecin) de Hopital Espoir  s'est déconnecté  
[<b>18/10/2019 09:15:08 pm</b>]   () de  est allé dans ACCUEIL 
[<b>18/10/2019 09:15:30 pm</b>] Fabiola FRANCOIS (medecin) de Hopital Espoir  s'est connecté   
[<b>18/10/2019 09:15:30 pm</b>] Fabiola FRANCOIS (medecin) de Hopital Espoir est allé dans ACCUEIL 
[<b>18/10/2019 09:18:52 pm</b>] Fabiola FRANCOIS (medecin) de Hopital Espoir  s'est connecté   
[<b>18/10/2019 09:18:52 pm</b>] Fabiola FRANCOIS (medecin) de Hopital Espoir est allé dans ACCUEIL 
[<b>18/10/2019 09:19:16 pm</b>] Fabiola FRANCOIS (medecin) de Hopital Espoir a recherché le client MIRLèNE MARCEL 1991-12-30
[<b>18/10/2019 09:19:34 pm</b>] Fabiola FRANCOIS (medecin) de Hopital Espoir est allé dans ACCUEIL 
[<b>18/10/2019 09:20:24 pm</b>] Fabiola FRANCOIS (medecin) de Hopital Espoir  s'est déconnecté  
[<b>18/10/2019 09:20:24 pm</b>]   () de  est allé dans ACCUEIL 
[<b>18/10/2019 09:23:45 pm</b>] Fabiola FRANCOIS (medecin) de Hopital Espoir  s'est connecté   
[<b>18/10/2019 09:23:45 pm</b>] Fabiola FRANCOIS (medecin) de Hopital Espoir est allé dans ACCUEIL 
[<b>18/10/2019 09:24:11 pm</b>] Fabiola FRANCOIS (medecin) de Hopital Espoir a recherché le client MIRLèNE MARCEL 1991-12-30
[<b>18/10/2019 09:24:19 pm</b>] Fabiola FRANCOIS (medecin) de Hopital Espoir est allé dans ACCUEIL 
