[<b>14/03/2019 12:05:40 pm</b>] Maria Gabelita ASSAD (medecin) de Clinique Dr M. Gabellita Assad  s'est connecté   
[<b>14/03/2019 12:05:42 pm</b>] Maria Gabelita ASSAD (medecin) de Clinique Dr M. Gabellita Assad  s'est connecté   
[<b>14/03/2019 12:05:42 pm</b>] Maria Gabelita ASSAD (medecin) de Clinique Dr M. Gabellita Assad est allé dans ACCUEIL 
[<b>14/03/2019 12:06:30 pm</b>] Maria Gabelita ASSAD (medecin) de Clinique Dr M. Gabellita Assad a recherché le client REGINALD ARNOUX 1974-07-19
[<b>14/03/2019 12:06:30 pm</b>] Maria Gabelita ASSAD (medecin) de Clinique Dr M. Gabellita Assad a recherché le client REGINALD ARNOUX 1974-07-19
[<b>14/03/2019 12:06:30 pm</b>] Maria Gabelita ASSAD (medecin) de Clinique Dr M. Gabellita Assad a recherché le client REGINALD ARNOUX 1974-07-19
[<b>14/03/2019 12:07:38 pm</b>] Maria Gabelita ASSAD (medecin) de Clinique Dr M. Gabellita Assad est allé dans ACCUEIL 
[<b>14/03/2019 12:08:19 pm</b>] Maria Gabelita ASSAD (medecin) de Clinique Dr M. Gabellita Assad a recherché le client MARIA GABéLITA ASSAD 1979-04-18
[<b>14/03/2019 12:08:19 pm</b>] Maria Gabelita ASSAD (medecin) de Clinique Dr M. Gabellita Assad a recherché le client MARIA GABELITA ASSAD 1979-04-18
[<b>14/03/2019 12:10:10 pm</b>] Maria Gabelita ASSAD (medecin) de Clinique Dr M. Gabellita Assad a recherché le client ROXANN ARNOUX 2008-08-23
[<b>14/03/2019 12:10:10 pm</b>] Maria Gabelita ASSAD (medecin) de Clinique Dr M. Gabellita Assad a recherché le client ROXANN ARNOUX 2008-08-23
[<b>14/03/2019 12:10:10 pm</b>] Maria Gabelita ASSAD (medecin) de Clinique Dr M. Gabellita Assad a recherché le client ROXANN ARNOUX 2008-08-23
[<b>14/03/2019 12:10:20 pm</b>] Maria Gabelita ASSAD (medecin) de Clinique Dr M. Gabellita Assad a recherché le client ROXANN ARNOUX 2008-08-23
[<b>14/03/2019 12:10:20 pm</b>] Maria Gabelita ASSAD (medecin) de Clinique Dr M. Gabellita Assad a recherché le client ROXANN ARNOUX 2008-08-23
[<b>14/03/2019 12:10:20 pm</b>] Maria Gabelita ASSAD (medecin) de Clinique Dr M. Gabellita Assad a recherché le client ROXANN ARNOUX 2008-08-23
[<b>14/03/2019 12:10:33 pm</b>] Maria Gabelita ASSAD (medecin) de Clinique Dr M. Gabellita Assad a recherché le client ROXANN ARNOUX 2008-08-23
[<b>14/03/2019 12:10:33 pm</b>] Maria Gabelita ASSAD (medecin) de Clinique Dr M. Gabellita Assad a recherché le client ROXANN ARNOUX 2008-08-23
[<b>14/03/2019 12:10:33 pm</b>] Maria Gabelita ASSAD (medecin) de Clinique Dr M. Gabellita Assad a recherché le client ROXANN ARNOUX 2008-08-23
[<b>14/03/2019 12:10:39 pm</b>] Maria Gabelita ASSAD (medecin) de Clinique Dr M. Gabellita Assad a recherché le client ROXANN ARNOUX 2008-08-23
[<b>14/03/2019 12:10:39 pm</b>] Maria Gabelita ASSAD (medecin) de Clinique Dr M. Gabellita Assad a recherché le client ROXANN ARNOUX 2008-08-23
[<b>14/03/2019 12:10:39 pm</b>] Maria Gabelita ASSAD (medecin) de Clinique Dr M. Gabellita Assad a recherché le client ROXANN ARNOUX 2008-08-23
[<b>14/03/2019 12:10:55 pm</b>] Maria Gabelita ASSAD (medecin) de Clinique Dr M. Gabellita Assad a recherché le client ROXANN ARNOUX 2008-08-23
[<b>14/03/2019 12:10:55 pm</b>] Maria Gabelita ASSAD (medecin) de Clinique Dr M. Gabellita Assad a recherché le client ROXANN ARNOUX 2008-08-23
[<b>14/03/2019 12:10:55 pm</b>] Maria Gabelita ASSAD (medecin) de Clinique Dr M. Gabellita Assad a recherché le client ROXANN ARNOUX 2008-08-23
[<b>14/03/2019 12:11:19 pm</b>] Maria Gabelita ASSAD (medecin) de Clinique Dr M. Gabellita Assad a recherché le client ROXANN ARNOUX 2008-08-23
[<b>14/03/2019 12:11:19 pm</b>] Maria Gabelita ASSAD (medecin) de Clinique Dr M. Gabellita Assad a recherché le client ROXANN ARNOUX 2008-08-23
[<b>14/03/2019 12:11:19 pm</b>] Maria Gabelita ASSAD (medecin) de Clinique Dr M. Gabellita Assad a recherché le client ROXANN ARNOUX 2008-08-23
[<b>14/03/2019 12:11:24 pm</b>] Maria Gabelita ASSAD (medecin) de Clinique Dr M. Gabellita Assad a recherché le client ROXANN ARNOUX 2008-08-23
[<b>14/03/2019 12:11:24 pm</b>] Maria Gabelita ASSAD (medecin) de Clinique Dr M. Gabellita Assad a recherché le client ROXANN ARNOUX 2008-08-23
[<b>14/03/2019 12:11:24 pm</b>] Maria Gabelita ASSAD (medecin) de Clinique Dr M. Gabellita Assad a recherché le client ROXANN ARNOUX 2008-08-23
[<b>14/03/2019 12:11:37 pm</b>] Maria Gabelita ASSAD (medecin) de Clinique Dr M. Gabellita Assad a recherché le client ROXANN ARNOUX 2008-08-23
[<b>14/03/2019 12:11:37 pm</b>] Maria Gabelita ASSAD (medecin) de Clinique Dr M. Gabellita Assad a recherché le client ROXANN ARNOUX 2008-08-23
[<b>14/03/2019 12:11:37 pm</b>] Maria Gabelita ASSAD (medecin) de Clinique Dr M. Gabellita Assad a recherché le client ROXANN ARNOUX 2008-08-23
[<b>14/03/2019 12:11:45 pm</b>] Maria Gabelita ASSAD (medecin) de Clinique Dr M. Gabellita Assad a recherché le client ROXANN ARNOUX 2008-08-23
[<b>14/03/2019 12:11:45 pm</b>] Maria Gabelita ASSAD (medecin) de Clinique Dr M. Gabellita Assad a recherché le client ROXANN ARNOUX 2008-08-23
[<b>14/03/2019 12:11:45 pm</b>] Maria Gabelita ASSAD (medecin) de Clinique Dr M. Gabellita Assad a recherché le client ROXANN ARNOUX 2008-08-23
[<b>14/03/2019 12:11:53 pm</b>] Maria Gabelita ASSAD (medecin) de Clinique Dr M. Gabellita Assad a recherché le client ROXANN ARNOUX 2008-08-23
[<b>14/03/2019 12:11:53 pm</b>] Maria Gabelita ASSAD (medecin) de Clinique Dr M. Gabellita Assad a recherché le client ROXANN ARNOUX 2008-08-23
[<b>14/03/2019 12:11:53 pm</b>] Maria Gabelita ASSAD (medecin) de Clinique Dr M. Gabellita Assad a recherché le client ROXANN ARNOUX 2008-08-23
[<b>14/03/2019 12:12:04 pm</b>] Maria Gabelita ASSAD (medecin) de Clinique Dr M. Gabellita Assad a recherché le client ROXANN ARNOUX 2008-08-23
[<b>14/03/2019 12:12:04 pm</b>] Maria Gabelita ASSAD (medecin) de Clinique Dr M. Gabellita Assad a recherché le client ROXANN ARNOUX 2008-08-23
[<b>14/03/2019 12:12:04 pm</b>] Maria Gabelita ASSAD (medecin) de Clinique Dr M. Gabellita Assad a recherché le client ROXANN ARNOUX 2008-08-23
[<b>14/03/2019 12:12:10 pm</b>] Maria Gabelita ASSAD (medecin) de Clinique Dr M. Gabellita Assad a recherché le client ROXANN ARNOUX 2008-08-23
[<b>14/03/2019 12:12:10 pm</b>] Maria Gabelita ASSAD (medecin) de Clinique Dr M. Gabellita Assad a recherché le client ROXANN ARNOUX 2008-08-23
[<b>14/03/2019 12:12:10 pm</b>] Maria Gabelita ASSAD (medecin) de Clinique Dr M. Gabellita Assad a recherché le client ROXANN ARNOUX 2008-08-23
[<b>14/03/2019 12:12:16 pm</b>] Maria Gabelita ASSAD (medecin) de Clinique Dr M. Gabellita Assad a recherché le client ROXANN ARNOUX 2008-08-23
[<b>14/03/2019 12:12:16 pm</b>] Maria Gabelita ASSAD (medecin) de Clinique Dr M. Gabellita Assad a recherché le client ROXANN ARNOUX 2008-08-23
[<b>14/03/2019 12:12:16 pm</b>] Maria Gabelita ASSAD (medecin) de Clinique Dr M. Gabellita Assad a recherché le client ROXANN ARNOUX 2008-08-23
[<b>14/03/2019 12:12:22 pm</b>] Maria Gabelita ASSAD (medecin) de Clinique Dr M. Gabellita Assad a recherché le client ROXANN ARNOUX 2008-08-23
[<b>14/03/2019 12:12:22 pm</b>] Maria Gabelita ASSAD (medecin) de Clinique Dr M. Gabellita Assad a recherché le client ROXANN ARNOUX 2008-08-23
[<b>14/03/2019 12:12:22 pm</b>] Maria Gabelita ASSAD (medecin) de Clinique Dr M. Gabellita Assad a recherché le client ROXANN ARNOUX 2008-08-23
[<b>14/03/2019 12:12:27 pm</b>] Maria Gabelita ASSAD (medecin) de Clinique Dr M. Gabellita Assad a recherché le client ROXANN ARNOUX 2008-08-23
[<b>14/03/2019 12:12:27 pm</b>] Maria Gabelita ASSAD (medecin) de Clinique Dr M. Gabellita Assad a recherché le client ROXANN ARNOUX 2008-08-23
[<b>14/03/2019 12:12:27 pm</b>] Maria Gabelita ASSAD (medecin) de Clinique Dr M. Gabellita Assad a recherché le client ROXANN ARNOUX 2008-08-23
[<b>14/03/2019 12:12:33 pm</b>] Maria Gabelita ASSAD (medecin) de Clinique Dr M. Gabellita Assad a recherché le client ROXANN ARNOUX 2008-08-23
[<b>14/03/2019 12:12:33 pm</b>] Maria Gabelita ASSAD (medecin) de Clinique Dr M. Gabellita Assad a recherché le client ROXANN ARNOUX 2008-08-23
[<b>14/03/2019 12:12:33 pm</b>] Maria Gabelita ASSAD (medecin) de Clinique Dr M. Gabellita Assad a recherché le client ROXANN ARNOUX 2008-08-23
[<b>14/03/2019 12:12:38 pm</b>] Maria Gabelita ASSAD (medecin) de Clinique Dr M. Gabellita Assad a recherché le client ROXANN ARNOUX 2008-08-23
[<b>14/03/2019 12:12:38 pm</b>] Maria Gabelita ASSAD (medecin) de Clinique Dr M. Gabellita Assad a recherché le client ROXANN ARNOUX 2008-08-23
[<b>14/03/2019 12:12:38 pm</b>] Maria Gabelita ASSAD (medecin) de Clinique Dr M. Gabellita Assad a recherché le client ROXANN ARNOUX 2008-08-23
[<b>14/03/2019 12:12:44 pm</b>] Maria Gabelita ASSAD (medecin) de Clinique Dr M. Gabellita Assad a recherché le client ROXANN ARNOUX 2008-08-23
[<b>14/03/2019 12:12:44 pm</b>] Maria Gabelita ASSAD (medecin) de Clinique Dr M. Gabellita Assad a recherché le client ROXANN ARNOUX 2008-08-23
[<b>14/03/2019 12:12:44 pm</b>] Maria Gabelita ASSAD (medecin) de Clinique Dr M. Gabellita Assad a recherché le client ROXANN ARNOUX 2008-08-23
[<b>14/03/2019 12:12:49 pm</b>] Maria Gabelita ASSAD (medecin) de Clinique Dr M. Gabellita Assad a recherché le client ROXANN ARNOUX 2008-08-23
[<b>14/03/2019 12:12:49 pm</b>] Maria Gabelita ASSAD (medecin) de Clinique Dr M. Gabellita Assad a recherché le client ROXANN ARNOUX 2008-08-23
[<b>14/03/2019 12:12:49 pm</b>] Maria Gabelita ASSAD (medecin) de Clinique Dr M. Gabellita Assad a recherché le client ROXANN ARNOUX 2008-08-23
