[<b>28/08/2019 07:47:19 am</b>] Sherlie CALIXTE (medecin) de Hopital Espoir  s'est connecté   
[<b>28/08/2019 07:47:19 am</b>] Sherlie CALIXTE (medecin) de Hopital Espoir est allé dans ACCUEIL 
[<b>28/08/2019 07:48:15 am</b>] Sherlie CALIXTE (medecin) de Hopital Espoir a recherché le client ROSE CATON 1979-02-05
[<b>28/08/2019 07:48:39 am</b>] Sherlie CALIXTE (medecin) de Hopital Espoir est allé dans ACCUEIL 
[<b>28/08/2019 09:02:25 am</b>] Dominique AMBROISE (admin) de INASSA  s'est connecté   
[<b>28/08/2019 09:02:25 am</b>] Dominique AMBROISE (admin) de INASSA est allé dans ACCUEIL 
[<b>28/08/2019 09:03:10 am</b>] Dominique AMBROISE (admin) de INASSA  est allé dans HISTORIQUE 
[<b>28/08/2019 09:17:35 am</b>] Fabiola FRANCOIS (medecin) de Hopital Espoir  s'est connecté   
[<b>28/08/2019 09:17:35 am</b>] Fabiola FRANCOIS (medecin) de Hopital Espoir est allé dans ACCUEIL 
[<b>28/08/2019 09:18:17 am</b>] Fabiola FRANCOIS (medecin) de Hopital Espoir a recherché le client FRANCESKA SIMEON 1988-04-11
[<b>28/08/2019 09:18:49 am</b>] Fabiola FRANCOIS (medecin) de Hopital Espoir est allé dans ACCUEIL 
[<b>28/08/2019 10:18:23 am</b>] Wilkendhie JOSEPH (medecin) de Hopital du Canape Vert  s'est connecté   
[<b>28/08/2019 10:18:23 am</b>] Wilkendhie JOSEPH (medecin) de Hopital du Canape Vert est allé dans ACCUEIL 
[<b>28/08/2019 10:20:12 am</b>] Wilkendhie JOSEPH (medecin) de Hopital du Canape Vert a recherché le client GESNEL VITAL 1988-05-10
[<b>28/08/2019 10:20:40 am</b>] Wilkendhie JOSEPH (medecin) de Hopital du Canape Vert est allé dans ACCUEIL 
[<b>28/08/2019 03:36:59 pm</b>] Natalie SYLVESTRE (medecin) de Hopital Espoir  s'est connecté   
[<b>28/08/2019 03:37:00 pm</b>] Natalie SYLVESTRE (medecin) de Hopital Espoir est allé dans ACCUEIL 
[<b>28/08/2019 03:37:33 pm</b>] Natalie SYLVESTRE (medecin) de Hopital Espoir a recherché le client FREDERICK V. HENDRICK 1977-07-21
[<b>28/08/2019 03:38:35 pm</b>] Natalie SYLVESTRE (medecin) de Hopital Espoir  a recherché   Natalie hendrick 1978-10-22 [MM/DD/YYYY]
[<b>28/08/2019 03:38:53 pm</b>] Natalie SYLVESTRE (medecin) de Hopital Espoir  a recherché   Natalie Sylvestre 1978-10-22 [MM/DD/YYYY]
[<b>28/08/2019 03:39:03 pm</b>] Natalie SYLVESTRE (medecin) de Hopital Espoir  a recherché   Natalie Sylvestre 1978-10-22 [MM/DD/YYYY]
[<b>28/08/2019 03:39:23 pm</b>] Natalie SYLVESTRE (medecin) de Hopital Espoir  a recherché   Natalie hendrick 1978-10-22 [MM/DD/YYYY]
[<b>28/08/2019 03:40:05 pm</b>] Natalie SYLVESTRE (medecin) de Hopital Espoir a recherché le client FREDERICK V. HENDRICK 1977-07-21
[<b>28/08/2019 03:40:45 pm</b>] Natalie SYLVESTRE (medecin) de Hopital Espoir  s'est déconnecté  
[<b>28/08/2019 04:42:15 pm</b>] Wilkendhie JOSEPH (medecin) de Hopital du Canape Vert  s'est connecté   
[<b>28/08/2019 04:42:15 pm</b>] Wilkendhie JOSEPH (medecin) de Hopital du Canape Vert est allé dans ACCUEIL 
[<b>28/08/2019 04:44:49 pm</b>] Wilkendhie JOSEPH (medecin) de Hopital du Canape Vert a recherché le client PETERSON ANTOINE 1973-11-10
[<b>28/08/2019 04:45:05 pm</b>] Wilkendhie JOSEPH (medecin) de Hopital du Canape Vert est allé dans ACCUEIL 
