[<b>24/12/2019 08:58:10 am</b>] Rood-Jerry GEFFRARD (medecin) de Hopital Adventiste Diquini  s'est connecté   
[<b>24/12/2019 08:58:10 am</b>] Rood-Jerry GEFFRARD (medecin) de Hopital Adventiste Diquini est allé dans ACCUEIL 
[<b>24/12/2019 08:59:21 am</b>] Rood-Jerry GEFFRARD (medecin) de Hopital Adventiste Diquini a recherché le client JOHANNE NOEL 1963-08-09
[<b>24/12/2019 09:15:00 am</b>] Rood-Jerry GEFFRARD (medecin) de Hopital Adventiste Diquini  s'est connecté   
[<b>24/12/2019 09:15:00 am</b>] Rood-Jerry GEFFRARD (medecin) de Hopital Adventiste Diquini est allé dans ACCUEIL 
[<b>24/12/2019 09:15:39 am</b>] Rood-Jerry GEFFRARD (medecin) de Hopital Adventiste Diquini  a recherché   Elieshnaida Moreau 2014-09-10 [MM/DD/YYYY]
[<b>24/12/2019 09:15:54 am</b>] Rood-Jerry GEFFRARD (medecin) de Hopital Adventiste Diquini  a recherché   Elieshnaida Moreau 2014-09-10 [MM/DD/YYYY]
[<b>24/12/2019 09:16:20 am</b>] Rood-Jerry GEFFRARD (medecin) de Hopital Adventiste Diquini  a recherché   Moreau Elieshnaida 2014-09-10 [MM/DD/YYYY]
[<b>24/12/2019 09:17:20 am</b>] Rood-Jerry GEFFRARD (medecin) de Hopital Adventiste Diquini  s'est connecté   
[<b>24/12/2019 09:17:20 am</b>] Rood-Jerry GEFFRARD (medecin) de Hopital Adventiste Diquini est allé dans ACCUEIL 
[<b>24/12/2019 09:17:42 am</b>] Rood-Jerry GEFFRARD (medecin) de Hopital Adventiste Diquini  a recherché   Elie Shnaida Moreau  [MM/DD/YYYY]
[<b>24/12/2019 10:34:27 am</b>] Wilkendhie JOSEPH (medecin) de Hopital du Canape Vert  s'est connecté   
[<b>24/12/2019 10:34:27 am</b>] Wilkendhie JOSEPH (medecin) de Hopital du Canape Vert est allé dans ACCUEIL 
[<b>24/12/2019 10:34:54 am</b>] Wilkendhie JOSEPH (medecin) de Hopital du Canape Vert  a recherché   marie roselande lubin joseph  [MM/DD/YYYY]
[<b>24/12/2019 10:35:30 am</b>] Wilkendhie JOSEPH (medecin) de Hopital du Canape Vert  a recherché   marie roselande lubin joseph 1967-10-30 [MM/DD/YYYY]
[<b>24/12/2019 10:36:07 am</b>] Wilkendhie JOSEPH (medecin) de Hopital du Canape Vert  a recherché   marie roselande lubin joseph 1967-10-30 [MM/DD/YYYY]
[<b>24/12/2019 10:36:51 am</b>] Wilkendhie JOSEPH (medecin) de Hopital du Canape Vert  a recherché   marie roselande lubin joseph 1967-10-30 [MM/DD/YYYY]
[<b>24/12/2019 10:09:33 pm</b>] Wilkendhie JOSEPH (medecin) de Hopital du Canape Vert  s'est connecté   
[<b>24/12/2019 10:09:34 pm</b>] Wilkendhie JOSEPH (medecin) de Hopital du Canape Vert est allé dans ACCUEIL 
[<b>24/12/2019 10:11:08 pm</b>] Wilkendhie JOSEPH (medecin) de Hopital du Canape Vert  a recherché   jean erick belinette 1969-02-23 [MM/DD/YYYY]
[<b>24/12/2019 10:12:39 pm</b>] Wilkendhie JOSEPH (medecin) de Hopital du Canape Vert  a recherché   jean erick belinette 1969-03-23 [MM/DD/YYYY]
[<b>24/12/2019 10:12:46 pm</b>] Wilkendhie JOSEPH (medecin) de Hopital du Canape Vert  a recherché   jean erick belinette 1969-03-23 [MM/DD/YYYY]
[<b>24/12/2019 10:13:07 pm</b>] Wilkendhie JOSEPH (medecin) de Hopital du Canape Vert  a recherché   jean erick belinette 1969-03-23 [MM/DD/YYYY]
[<b>24/12/2019 10:15:15 pm</b>] Wilkendhie JOSEPH (medecin) de Hopital du Canape Vert a recherché le client JEAN ERICK BELINETTE 1969-07-23
[<b>24/12/2019 10:15:24 pm</b>] Wilkendhie JOSEPH (medecin) de Hopital du Canape Vert est allé dans ACCUEIL 
