[<b>23/04/2019 08:24:09 am</b>] Junior BELFLEUR (medecin) de Centre Hospitalier Medimax  s'est connecté   
[<b>23/04/2019 08:24:10 am</b>] Junior BELFLEUR (medecin) de Centre Hospitalier Medimax  s'est connecté   
[<b>23/04/2019 08:24:12 am</b>] Junior BELFLEUR (medecin) de Centre Hospitalier Medimax  s'est connecté   
[<b>23/04/2019 08:24:12 am</b>] Junior BELFLEUR (medecin) de Centre Hospitalier Medimax est allé dans ACCUEIL 
[<b>23/04/2019 11:51:53 am</b>] Denold MILSOIT (medecin) de CLINIQULE Dr DENOLD MILSOIT  s'est connecté   
[<b>23/04/2019 11:51:53 am</b>] Denold MILSOIT (medecin) de CLINIQULE Dr DENOLD MILSOIT est allé dans ACCUEIL 
[<b>23/04/2019 11:53:41 am</b>] Denold MILSOIT (medecin) de CLINIQULE Dr DENOLD MILSOIT a recherché le client JULVENS JULES 1979-07-12
[<b>23/04/2019 11:58:06 am</b>] Denold MILSOIT (medecin) de CLINIQULE Dr DENOLD MILSOIT est allé dans ACCUEIL 
[<b>23/04/2019 02:34:30 pm</b>] Denold MILSOIT (medecin) de CLINIQULE Dr DENOLD MILSOIT  s'est connecté   
[<b>23/04/2019 02:34:30 pm</b>] Denold MILSOIT (medecin) de CLINIQULE Dr DENOLD MILSOIT est allé dans ACCUEIL 
[<b>23/04/2019 02:35:12 pm</b>] Denold MILSOIT (medecin) de CLINIQULE Dr DENOLD MILSOIT  a recherché   AMOS DORVIL 1979-01-04 [MM/DD/YYYY]
[<b>23/04/2019 02:36:02 pm</b>] Denold MILSOIT (medecin) de CLINIQULE Dr DENOLD MILSOIT  a recherché   LOCHAT AMOS 1979-01-04 [MM/DD/YYYY]
[<b>23/04/2019 02:36:37 pm</b>] Denold MILSOIT (medecin) de CLINIQULE Dr DENOLD MILSOIT a recherché le client AMOS LOCHAT 1979-01-04
[<b>23/04/2019 02:36:37 pm</b>] Denold MILSOIT (medecin) de CLINIQULE Dr DENOLD MILSOIT a recherché le client AMOS LOCHAT 1979-01-04
[<b>23/04/2019 02:38:15 pm</b>] Denold MILSOIT (medecin) de CLINIQULE Dr DENOLD MILSOIT est allé dans ACCUEIL 
[<b>23/04/2019 02:38:15 pm</b>] Denold MILSOIT (medecin) de CLINIQULE Dr DENOLD MILSOIT est allé dans ACCUEIL 
[<b>23/04/2019 02:38:17 pm</b>] Denold MILSOIT (medecin) de CLINIQULE Dr DENOLD MILSOIT est allé dans ACCUEIL 
[<b>23/04/2019 02:38:53 pm</b>] Denold MILSOIT (medecin) de CLINIQULE Dr DENOLD MILSOIT  a recherché   AMOS LOCHAT 1997-01-04 [MM/DD/YYYY]
[<b>23/04/2019 02:39:28 pm</b>] Denold MILSOIT (medecin) de CLINIQULE Dr DENOLD MILSOIT  a recherché   AMOS LOCHAT 1997-01-04 [MM/DD/YYYY]
[<b>23/04/2019 02:39:44 pm</b>] Denold MILSOIT (medecin) de CLINIQULE Dr DENOLD MILSOIT a recherché le client AMOS LOCHAT 1979-01-04
[<b>23/04/2019 02:39:44 pm</b>] Denold MILSOIT (medecin) de CLINIQULE Dr DENOLD MILSOIT a recherché le client AMOS LOCHAT 1979-01-04
[<b>23/04/2019 03:29:27 pm</b>] Fabiola FRANCOIS (medecin) de Hopital Espoir  s'est connecté   
[<b>23/04/2019 03:29:28 pm</b>] Fabiola FRANCOIS (medecin) de Hopital Espoir est allé dans ACCUEIL 
[<b>23/04/2019 03:30:14 pm</b>] Fabiola FRANCOIS (medecin) de Hopital Espoir a recherché le client WATSON LOUIS 1979-01-04
[<b>23/04/2019 03:30:14 pm</b>] Fabiola FRANCOIS (medecin) de Hopital Espoir a recherché le client WATSON LOUIS 1979-01-04
[<b>23/04/2019 09:42:35 pm</b>] Sara SABIN (medecin) de Hopital Espoir  s'est connecté   
[<b>23/04/2019 09:42:35 pm</b>] Sara SABIN (medecin) de Hopital Espoir est allé dans ACCUEIL 
