[<b>28/05/2019 09:36:03 am</b>] Marc-Eric ALTIDOR (admin) de INASSA  s'est connecté   
[<b>28/05/2019 09:36:04 am</b>] Marc-Eric ALTIDOR (admin) de INASSA est allé dans ACCUEIL 
[<b>28/05/2019 09:55:43 am</b>] Marlie TONICO (medecin) de Hopital Espoir  s'est connecté   
[<b>28/05/2019 09:55:43 am</b>] Marlie TONICO (medecin) de Hopital Espoir est allé dans ACCUEIL 
[<b>28/05/2019 09:56:44 am</b>] Marlie TONICO (medecin) de Hopital Espoir a recherché le client FENEL FERNAND JEAN BAPTISTE 1978-10-06
[<b>28/05/2019 09:57:54 am</b>] Marlie TONICO (medecin) de Hopital Espoir  a recherché   Dweeny Jean Baptiste 2017-06-05 [MM/DD/YYYY]
[<b>28/05/2019 09:57:59 am</b>] Marlie TONICO (medecin) de Hopital Espoir  a recherché   Dweeny Jean Baptiste 2017-06-05 [MM/DD/YYYY]
[<b>28/05/2019 10:33:02 am</b>] Marlie TONICO (medecin) de Hopital Espoir  s'est connecté   
[<b>28/05/2019 10:33:02 am</b>] Marlie TONICO (medecin) de Hopital Espoir est allé dans ACCUEIL 
[<b>28/05/2019 10:34:10 am</b>] Marlie TONICO (medecin) de Hopital Espoir a recherché le client CARLINE JOSEPH JEAN 1982-05-03
[<b>28/05/2019 10:35:13 am</b>] Marlie TONICO (medecin) de Hopital Espoir a recherché le client SANTIA CLEUS 1996-09-04
[<b>28/05/2019 11:29:38 am</b>] Denold MILSOIT (medecin) de CLINIQULE Dr DENOLD MILSOIT  s'est connecté   
[<b>28/05/2019 11:29:39 am</b>] Denold MILSOIT (medecin) de CLINIQULE Dr DENOLD MILSOIT est allé dans ACCUEIL 
[<b>28/05/2019 11:30:13 am</b>] Natalie SYLVESTRE (medecin) de Hopital Espoir  s'est connecté   
[<b>28/05/2019 11:30:13 am</b>] Natalie SYLVESTRE (medecin) de Hopital Espoir est allé dans ACCUEIL 
[<b>28/05/2019 11:30:29 am</b>] Denold MILSOIT (medecin) de CLINIQULE Dr DENOLD MILSOIT a recherché le client WILKEN MATHIEU 1990-06-12
[<b>28/05/2019 11:30:29 am</b>] Denold MILSOIT (medecin) de CLINIQULE Dr DENOLD MILSOIT a recherché le client WILKEN MATHIEU 1990-06-12
[<b>28/05/2019 11:30:31 am</b>] Natalie SYLVESTRE (medecin) de Hopital Espoir  s'est déconnecté  
[<b>28/05/2019 11:31:44 am</b>] Marc-Eric ALTIDOR (admin) de INASSA  s'est connecté   
[<b>28/05/2019 11:31:44 am</b>] Marc-Eric ALTIDOR (admin) de INASSA est allé dans ACCUEIL 
[<b>28/05/2019 11:31:51 am</b>] Marc-Eric ALTIDOR (admin) de INASSA  est allé dans PARAMETRES  
[<b>28/05/2019 11:33:06 am</b>] Marc-Eric ALTIDOR (admin) de INASSA  a réinitialisé le compte de l'utilisateur  Dominique AMBROISE
[<b>28/05/2019 11:33:28 am</b>] Marc-Eric ALTIDOR (admin) de INASSA  s'est déconnecté  
[<b>28/05/2019 11:34:36 am</b>] Marc-Eric ALTIDOR (admin) de INASSA  s'est connecté   
[<b>28/05/2019 11:34:36 am</b>] Marc-Eric ALTIDOR (admin) de INASSA est allé dans ACCUEIL 
[<b>28/05/2019 11:34:39 am</b>] Marc-Eric ALTIDOR (admin) de INASSA  est allé dans PARAMETRES  
[<b>28/05/2019 11:35:29 am</b>] Marc-Eric ALTIDOR (admin) de INASSA  s'est déconnecté  
[<b>28/05/2019 11:37:00 am</b>] Marc-Eric ALTIDOR (admin) de INASSA  s'est connecté   
[<b>28/05/2019 11:37:00 am</b>] Marc-Eric ALTIDOR (admin) de INASSA est allé dans ACCUEIL 
[<b>28/05/2019 11:37:03 am</b>] Marc-Eric ALTIDOR (admin) de INASSA  est allé dans PARAMETRES  
[<b>28/05/2019 11:37:54 am</b>] Marc-Eric ALTIDOR (admin) de INASSA  s'est déconnecté  
[<b>28/05/2019 11:38:31 am</b>] Marc-Eric ALTIDOR (admin) de INASSA  s'est connecté   
[<b>28/05/2019 11:38:31 am</b>] Marc-Eric ALTIDOR (admin) de INASSA est allé dans ACCUEIL 
[<b>28/05/2019 11:38:34 am</b>] Marc-Eric ALTIDOR (admin) de INASSA  est allé dans PARAMETRES  
[<b>28/05/2019 11:38:43 am</b>] Marc-Eric ALTIDOR (admin) de INASSA  a changé le rôle de l'utilisateur  Dominique AMBROISE
[<b>28/05/2019 11:38:52 am</b>] Dominique AMBROISE (admin) de INASSA  s'est connecté   
[<b>28/05/2019 11:38:52 am</b>] Dominique AMBROISE (admin) de INASSA est allé dans ACCUEIL 
[<b>28/05/2019 11:38:55 am</b>] Marc-Eric ALTIDOR (admin) de INASSA  s'est déconnecté  
[<b>28/05/2019 11:39:53 am</b>] Dominique AMBROISE (admin) de INASSA  a changé son mot de passe  
[<b>28/05/2019 11:39:53 am</b>] Dominique AMBROISE (admin) de INASSA est allé dans ACCUEIL 
[<b>28/05/2019 11:40:26 am</b>] Dominique AMBROISE (admin) de INASSA  est allé dans HISTORIQUE 
[<b>28/05/2019 11:40:26 am</b>] Dominique AMBROISE (admin) de INASSA  est allé dans HISTORIQUE 
[<b>28/05/2019 11:40:57 am</b>] Marc-Eric ALTIDOR (admin) de INASSA  s'est connecté   
[<b>28/05/2019 11:40:58 am</b>] Marc-Eric ALTIDOR (admin) de INASSA est allé dans ACCUEIL 
[<b>28/05/2019 11:41:01 am</b>] Marc-Eric ALTIDOR (admin) de INASSA  est allé dans PARAMETRES  
[<b>28/05/2019 11:41:14 am</b>] Marc-Eric ALTIDOR (admin) de INASSA  est allé dans HISTORIQUE 
[<b>28/05/2019 11:49:40 am</b>] Dominique AMBROISE (admin) de INASSA  s'est connecté   
[<b>28/05/2019 11:49:41 am</b>] Dominique AMBROISE (admin) de INASSA est allé dans ACCUEIL 
[<b>28/05/2019 11:49:48 am</b>] Dominique AMBROISE (admin) de INASSA  est allé dans HISTORIQUE 
[<b>28/05/2019 12:51:38 pm</b>] Marlie TONICO (medecin) de Hopital Espoir  s'est connecté   
[<b>28/05/2019 12:51:38 pm</b>] Marlie TONICO (medecin) de Hopital Espoir est allé dans ACCUEIL 
[<b>28/05/2019 12:52:28 pm</b>] Marlie TONICO (medecin) de Hopital Espoir a recherché le client ESTHER JOSEPH 1985-03-31
