[<b>19/04/2019 05:25:36 am</b>] Shana MONOPOL (medecin) de Hopital Espoir  s'est connecté   
[<b>19/04/2019 05:25:36 am</b>] Shana MONOPOL (medecin) de Hopital Espoir est allé dans ACCUEIL 
[<b>19/04/2019 05:26:23 am</b>] Shana MONOPOL (medecin) de Hopital Espoir a recherché le client MIRLANDE DARBONNE 1977-08-21
[<b>19/04/2019 05:26:54 am</b>] Shana MONOPOL (medecin) de Hopital Espoir est allé dans ACCUEIL 
[<b>19/04/2019 05:27:43 am</b>] Shana MONOPOL (medecin) de Hopital Espoir est allé dans ACCUEIL 
[<b>19/04/2019 05:28:10 am</b>] Shana MONOPOL (medecin) de Hopital Espoir a recherché le client MIRLANDE DARBONNE 1977-08-21
[<b>19/04/2019 05:28:20 am</b>] Shana MONOPOL (medecin) de Hopital Espoir est allé dans ACCUEIL 
[<b>19/04/2019 07:56:25 am</b>] Fabiola FRANCOIS (medecin) de Hopital Espoir  s'est connecté   
[<b>19/04/2019 07:56:25 am</b>] Fabiola FRANCOIS (medecin) de Hopital Espoir est allé dans ACCUEIL 
[<b>19/04/2019 07:57:15 am</b>] Fabiola FRANCOIS (medecin) de Hopital Espoir  a recherché   louis jean maerline derilus 1985-12-18 [MM/DD/YYYY]
[<b>19/04/2019 07:57:33 am</b>] Fabiola FRANCOIS (medecin) de Hopital Espoir  a recherché   louis jean maerline derilus 1985-09-18 [MM/DD/YYYY]
[<b>19/04/2019 07:58:40 am</b>] Fabiola FRANCOIS (medecin) de Hopital Espoir a recherché le client MAERLINE DERILUS LOUIS JEAN 1985-09-18
[<b>19/04/2019 07:59:41 am</b>] Fabiola FRANCOIS (medecin) de Hopital Espoir est allé dans ACCUEIL 
[<b>19/04/2019 08:11:55 am</b>]   () de   s'est déconnecté  
[<b>19/04/2019 01:03:02 pm</b>] Wilkendhie JOSEPH (medecin) de Hopital du Canape Vert  s'est connecté   
[<b>19/04/2019 01:03:02 pm</b>] Wilkendhie JOSEPH (medecin) de Hopital du Canape Vert est allé dans ACCUEIL 
[<b>19/04/2019 01:04:09 pm</b>] Wilkendhie JOSEPH (medecin) de Hopital du Canape Vert  a recherché   MATTEO BENJAMEN 2013-12-04 [MM/DD/YYYY]
[<b>19/04/2019 01:04:26 pm</b>] Wilkendhie JOSEPH (medecin) de Hopital du Canape Vert  a recherché   MATTEO BENJAMIN 2013-12-04 [MM/DD/YYYY]
[<b>19/04/2019 01:05:23 pm</b>] Wilkendhie JOSEPH (medecin) de Hopital du Canape Vert  a recherché   MATTEO BENJAMIN 2013-12-04 [MM/DD/YYYY]
[<b>19/04/2019 01:06:10 pm</b>] Wilkendhie JOSEPH (medecin) de Hopital du Canape Vert  a recherché   BENJAMIN MATTEO 2013-12-04 [MM/DD/YYYY]
[<b>19/04/2019 01:07:02 pm</b>] Wilkendhie JOSEPH (medecin) de Hopital du Canape Vert a recherché le client CYNTHIA MC INTOSH 1984-09-12
[<b>19/04/2019 01:07:02 pm</b>] Wilkendhie JOSEPH (medecin) de Hopital du Canape Vert a recherché le client CYNTHIA MC INTOSH 1984-09-12
[<b>19/04/2019 01:08:00 pm</b>] Wilkendhie JOSEPH (medecin) de Hopital du Canape Vert  s'est connecté   
[<b>19/04/2019 01:08:00 pm</b>] Wilkendhie JOSEPH (medecin) de Hopital du Canape Vert est allé dans ACCUEIL 
[<b>19/04/2019 01:08:46 pm</b>] Wilkendhie JOSEPH (medecin) de Hopital du Canape Vert  a recherché   LUCA BENJAMIN 2013-12-04 [MM/DD/YYYY]
[<b>19/04/2019 01:09:09 pm</b>] Wilkendhie JOSEPH (medecin) de Hopital du Canape Vert  a recherché   KARIM BENJAMIN 2013-12-04 [MM/DD/YYYY]
[<b>19/04/2019 01:09:39 pm</b>] Wilkendhie JOSEPH (medecin) de Hopital du Canape Vert  a recherché   KARIM MC INTOSH 2013-12-04 [MM/DD/YYYY]
[<b>19/04/2019 01:32:32 pm</b>] Wilkendhie JOSEPH (medecin) de Hopital du Canape Vert  s'est connecté   
[<b>19/04/2019 01:32:32 pm</b>] Wilkendhie JOSEPH (medecin) de Hopital du Canape Vert est allé dans ACCUEIL 
[<b>19/04/2019 01:33:48 pm</b>] Wilkendhie JOSEPH (medecin) de Hopital du Canape Vert  a recherché   JUDITH SANDRA DORZIN DE LANDSHEER 1965-02-12 [MM/DD/YYYY]
[<b>19/04/2019 01:34:36 pm</b>] Wilkendhie JOSEPH (medecin) de Hopital du Canape Vert a recherché le client JUDITH SANDRA DE LANDSHEER 1965-02-12
[<b>19/04/2019 01:34:58 pm</b>] Wilkendhie JOSEPH (medecin) de Hopital du Canape Vert est allé dans ACCUEIL 
