[<b>03/10/2019 01:42:49 pm</b>] Denold MILSOIT (medecin) de CLINIQULE Dr DENOLD MILSOIT  s'est connecté   
[<b>03/10/2019 01:42:49 pm</b>] Denold MILSOIT (medecin) de CLINIQULE Dr DENOLD MILSOIT est allé dans ACCUEIL 
[<b>03/10/2019 01:44:18 pm</b>] Denold MILSOIT (medecin) de CLINIQULE Dr DENOLD MILSOIT a recherché le client AMIDE CHERELUS 1976-06-26
[<b>03/10/2019 02:52:16 pm</b>] Denold MILSOIT (medecin) de CLINIQULE Dr DENOLD MILSOIT  s'est connecté   
[<b>03/10/2019 02:52:16 pm</b>] Denold MILSOIT (medecin) de CLINIQULE Dr DENOLD MILSOIT est allé dans ACCUEIL 
[<b>03/10/2019 02:53:14 pm</b>] Denold MILSOIT (medecin) de CLINIQULE Dr DENOLD MILSOIT  a recherché   LUCIEN DELNATUS URGUETTE 1978-02-11 [MM/DD/YYYY]
[<b>03/10/2019 02:53:53 pm</b>] Denold MILSOIT (medecin) de CLINIQULE Dr DENOLD MILSOIT  a recherché   UGUETTE LUCIEN DELNATUS 1978-02-11 [MM/DD/YYYY]
[<b>03/10/2019 02:56:23 pm</b>] Denold MILSOIT (medecin) de CLINIQULE Dr DENOLD MILSOIT  a recherché   UGUETTE LUCIEN DELNATUS 1978-02-11 [MM/DD/YYYY]
[<b>03/10/2019 02:56:44 pm</b>] Denold MILSOIT (medecin) de CLINIQULE Dr DENOLD MILSOIT  a recherché   UGUETTE DELNATUS LUCIEN 1978-02-11 [MM/DD/YYYY]
[<b>03/10/2019 02:57:00 pm</b>] Denold MILSOIT (medecin) de CLINIQULE Dr DENOLD MILSOIT  a recherché   DELNATUS LUCIEN UGUETTE 1978-02-11 [MM/DD/YYYY]
[<b>03/10/2019 02:57:33 pm</b>] Denold MILSOIT (medecin) de CLINIQULE Dr DENOLD MILSOIT  a recherché   LUCIEN UGUETTE DELNATUS 1978-02-11 [MM/DD/YYYY]
[<b>03/10/2019 05:08:25 pm</b>] Wilkendhie JOSEPH (medecin) de Hopital du Canape Vert  s'est connecté   
[<b>03/10/2019 05:08:26 pm</b>] Wilkendhie JOSEPH (medecin) de Hopital du Canape Vert est allé dans ACCUEIL 
[<b>03/10/2019 05:09:47 pm</b>] Wilkendhie JOSEPH (medecin) de Hopital du Canape Vert  a recherché   ARBOITE DIEUDONNE 1980-03-30 [MM/DD/YYYY]
[<b>03/10/2019 05:10:25 pm</b>] Wilkendhie JOSEPH (medecin) de Hopital du Canape Vert a recherché le client MICHENA DIEUDONNE ARBOITE 1980-03-30
[<b>03/10/2019 05:10:25 pm</b>] Wilkendhie JOSEPH (medecin) de Hopital du Canape Vert a recherché le client MICHENA DIEUDONNE ARBOITE 1980-03-30
[<b>03/10/2019 05:17:39 pm</b>] Wilkendhie JOSEPH (medecin) de Hopital du Canape Vert  s'est connecté   
[<b>03/10/2019 05:17:39 pm</b>] Wilkendhie JOSEPH (medecin) de Hopital du Canape Vert est allé dans ACCUEIL 
[<b>03/10/2019 05:18:24 pm</b>] Wilkendhie JOSEPH (medecin) de Hopital du Canape Vert a recherché le client MICHENA DIEUDONNE ARBOITE 1980-03-30
[<b>03/10/2019 05:18:24 pm</b>] Wilkendhie JOSEPH (medecin) de Hopital du Canape Vert a recherché le client MICHENA DIEUDONNE ARBOITE 1980-03-30
[<b>03/10/2019 05:18:34 pm</b>] Wilkendhie JOSEPH (medecin) de Hopital du Canape Vert est allé dans ACCUEIL 
[<b>03/10/2019 07:47:23 pm</b>] Fabiola FRANCOIS (medecin) de Hopital Espoir  s'est connecté   
[<b>03/10/2019 07:47:24 pm</b>] Fabiola FRANCOIS (medecin) de Hopital Espoir est allé dans ACCUEIL 
[<b>03/10/2019 07:47:54 pm</b>] Fabiola FRANCOIS (medecin) de Hopital Espoir  a recherché   reginald marcel 1981-07-01 [MM/DD/YYYY]
[<b>03/10/2019 07:48:15 pm</b>] Fabiola FRANCOIS (medecin) de Hopital Espoir a recherché le client REGINALD MARCEL 1981-12-30
[<b>03/10/2019 07:48:15 pm</b>] Fabiola FRANCOIS (medecin) de Hopital Espoir a recherché le client REGINALD MARCEL 1981-12-30
[<b>03/10/2019 07:48:40 pm</b>] Fabiola FRANCOIS (medecin) de Hopital Espoir est allé dans ACCUEIL 
[<b>03/10/2019 07:49:20 pm</b>] Fabiola FRANCOIS (medecin) de Hopital Espoir a recherché le client SUZETTE ANTOINE 1984-01-06
[<b>03/10/2019 07:49:31 pm</b>] Fabiola FRANCOIS (medecin) de Hopital Espoir est allé dans ACCUEIL 
