[<b>13/04/2019 09:06:56 am</b>] Junior BELFLEUR (medecin) de Centre Hospitalier Medimax  s'est connecté   
[<b>13/04/2019 09:06:57 am</b>] Junior BELFLEUR (medecin) de Centre Hospitalier Medimax est allé dans ACCUEIL 
[<b>13/04/2019 09:08:26 am</b>] Junior BELFLEUR (medecin) de Centre Hospitalier Medimax  a recherché   Patrick Pierre 1980-11-20 [MM/DD/YYYY]
[<b>13/04/2019 09:23:10 am</b>] Chrislin NOEL (medecin) de Clinique du Dr Grenson Jeune  s'est connecté   
[<b>13/04/2019 09:23:10 am</b>] Chrislin NOEL (medecin) de Clinique du Dr Grenson Jeune est allé dans ACCUEIL 
[<b>13/04/2019 09:24:40 am</b>] Chrislin NOEL (medecin) de Clinique du Dr Grenson Jeune a recherché le client FRANCELY MORENCY 1984-06-24
[<b>13/04/2019 09:30:30 am</b>] Chrislin NOEL (medecin) de Clinique du Dr Grenson Jeune  s'est connecté   
[<b>13/04/2019 09:30:30 am</b>] Chrislin NOEL (medecin) de Clinique du Dr Grenson Jeune est allé dans ACCUEIL 
[<b>13/04/2019 09:31:10 am</b>] Chrislin NOEL (medecin) de Clinique du Dr Grenson Jeune  a recherché   Bradley Gaethano MORENCY 2014-10-16 [MM/DD/YYYY]
[<b>13/04/2019 09:36:40 am</b>] Chrislin NOEL (medecin) de Clinique du Dr Grenson Jeune  s'est connecté   
[<b>13/04/2019 09:36:40 am</b>] Chrislin NOEL (medecin) de Clinique du Dr Grenson Jeune est allé dans ACCUEIL 
[<b>13/04/2019 09:37:45 am</b>] Chrislin NOEL (medecin) de Clinique du Dr Grenson Jeune  a recherché   Gahetano Bradley MORENCY 2014-10-16 [MM/DD/YYYY]
[<b>13/04/2019 10:02:47 am</b>] Chrislin NOEL (medecin) de Clinique du Dr Grenson Jeune  s'est connecté   
[<b>13/04/2019 10:02:48 am</b>] Chrislin NOEL (medecin) de Clinique du Dr Grenson Jeune est allé dans ACCUEIL 
[<b>13/04/2019 10:05:11 am</b>] Chrislin NOEL (medecin) de Clinique du Dr Grenson Jeune  a recherché   Gahetano Bradley MORENCY 2015-10-16 [MM/DD/YYYY]
[<b>13/04/2019 10:25:22 am</b>] Junior BELFLEUR (medecin) de Centre Hospitalier Medimax  s'est connecté   
[<b>13/04/2019 10:25:22 am</b>] Junior BELFLEUR (medecin) de Centre Hospitalier Medimax est allé dans ACCUEIL 
[<b>13/04/2019 10:26:05 am</b>] Junior BELFLEUR (medecin) de Centre Hospitalier Medimax  a recherché      [MM/DD/YYYY]
[<b>13/04/2019 01:32:40 pm</b>] Wilkendhie JOSEPH (medecin) de Hopital du Canape Vert  s'est connecté   
[<b>13/04/2019 01:32:40 pm</b>] Wilkendhie JOSEPH (medecin) de Hopital du Canape Vert est allé dans ACCUEIL 
[<b>13/04/2019 01:34:09 pm</b>] Wilkendhie JOSEPH (medecin) de Hopital du Canape Vert  a recherché   GUY EDOUARD LABBE 1979-03-04 [MM/DD/YYYY]
[<b>13/04/2019 01:34:58 pm</b>] Wilkendhie JOSEPH (medecin) de Hopital du Canape Vert  a recherché   GUY-EDOUARD LABBE 1979-03-04 [MM/DD/YYYY]
[<b>13/04/2019 01:35:02 pm</b>] Wilkendhie JOSEPH (medecin) de Hopital du Canape Vert  a recherché   GUY-EDOUARD LABBE 1979-03-04 [MM/DD/YYYY]
[<b>13/04/2019 01:36:17 pm</b>] Wilkendhie JOSEPH (medecin) de Hopital du Canape Vert  a recherché   GUY EDOUARD LABBE 1979-03-04 [MM/DD/YYYY]
[<b>13/04/2019 01:36:29 pm</b>] Wilkendhie JOSEPH (medecin) de Hopital du Canape Vert a recherché le client GUY EDOUARD LABBE 1979-04-04
[<b>13/04/2019 01:36:29 pm</b>] Wilkendhie JOSEPH (medecin) de Hopital du Canape Vert a recherché le client GUY EDOUARD LABBE 1979-04-04
[<b>13/04/2019 01:37:27 pm</b>] Wilkendhie JOSEPH (medecin) de Hopital du Canape Vert est allé dans ACCUEIL 
[<b>13/04/2019 02:18:15 pm</b>] Fabiola FRANCOIS (medecin) de Hopital Espoir  s'est connecté   
[<b>13/04/2019 02:18:15 pm</b>] Fabiola FRANCOIS (medecin) de Hopital Espoir est allé dans ACCUEIL 
[<b>13/04/2019 02:18:45 pm</b>] Fabiola FRANCOIS (medecin) de Hopital Espoir  s'est déconnecté  
