[<b>30/08/2019 01:20:59 am</b>] Wilkendhie JOSEPH (medecin) de Hopital du Canape Vert  s'est connecté   
[<b>30/08/2019 01:20:59 am</b>] Wilkendhie JOSEPH (medecin) de Hopital du Canape Vert est allé dans ACCUEIL 
[<b>30/08/2019 01:21:55 am</b>] Wilkendhie JOSEPH (medecin) de Hopital du Canape Vert  a recherché   JEAN HEBREU 1989-01-01 [MM/DD/YYYY]
[<b>30/08/2019 01:22:36 am</b>] Wilkendhie JOSEPH (medecin) de Hopital du Canape Vert  a recherché   HEBREU JEAN 1989-01-01 [MM/DD/YYYY]
[<b>30/08/2019 01:23:18 am</b>] Wilkendhie JOSEPH (medecin) de Hopital du Canape Vert  a recherché   JEAN HEBREU 1989-02-01 [MM/DD/YYYY]
[<b>30/08/2019 01:23:51 am</b>] Wilkendhie JOSEPH (medecin) de Hopital du Canape Vert a recherché le client HEBREU JEAN 1989-02-01
[<b>30/08/2019 01:23:51 am</b>] Wilkendhie JOSEPH (medecin) de Hopital du Canape Vert a recherché le client HEBREU JEAN 1989-02-01
[<b>30/08/2019 01:23:51 am</b>] Wilkendhie JOSEPH (medecin) de Hopital du Canape Vert a recherché le client HEBREU JEAN 1989-02-01
[<b>30/08/2019 01:23:51 am</b>] Wilkendhie JOSEPH (medecin) de Hopital du Canape Vert a recherché le client HEBREU JEAN 1989-02-01
[<b>30/08/2019 01:24:41 am</b>] Wilkendhie JOSEPH (medecin) de Hopital du Canape Vert est allé dans ACCUEIL 
[<b>30/08/2019 01:27:15 am</b>] Wilkendhie JOSEPH (medecin) de Hopital du Canape Vert a recherché le client HEBREU JEAN 1989-02-01
[<b>30/08/2019 01:27:15 am</b>] Wilkendhie JOSEPH (medecin) de Hopital du Canape Vert a recherché le client HEBREU JEAN 1989-02-01
[<b>30/08/2019 01:27:15 am</b>] Wilkendhie JOSEPH (medecin) de Hopital du Canape Vert a recherché le client HEBREU JEAN 1989-02-01
[<b>30/08/2019 01:27:15 am</b>] Wilkendhie JOSEPH (medecin) de Hopital du Canape Vert a recherché le client HEBREU JEAN 1989-02-01
[<b>30/08/2019 01:27:28 am</b>] Wilkendhie JOSEPH (medecin) de Hopital du Canape Vert est allé dans ACCUEIL 
[<b>30/08/2019 12:00:53 pm</b>] Wilkendhie JOSEPH (medecin) de Hopital du Canape Vert  s'est connecté   
[<b>30/08/2019 12:00:54 pm</b>] Wilkendhie JOSEPH (medecin) de Hopital du Canape Vert est allé dans ACCUEIL 
[<b>30/08/2019 12:03:27 pm</b>] Wilkendhie JOSEPH (medecin) de Hopital du Canape Vert a recherché le client STEPHANIE PHILISTIN 1989-04-15
[<b>30/08/2019 12:03:39 pm</b>] Wilkendhie JOSEPH (medecin) de Hopital du Canape Vert est allé dans ACCUEIL 
[<b>30/08/2019 11:29:42 pm</b>] Sherlie CALIXTE (medecin) de Hopital Espoir  s'est connecté   
[<b>30/08/2019 11:29:43 pm</b>] Sherlie CALIXTE (medecin) de Hopital Espoir  s'est connecté   
[<b>30/08/2019 11:29:44 pm</b>] Sherlie CALIXTE (medecin) de Hopital Espoir est allé dans ACCUEIL 
[<b>30/08/2019 11:31:08 pm</b>] Sherlie CALIXTE (medecin) de Hopital Espoir a recherché le client MARIE LOVE JOASSAINVIL 2004-02-04
[<b>30/08/2019 11:35:19 pm</b>] Sherlie CALIXTE (medecin) de Hopital Espoir est allé dans ACCUEIL 
[<b>30/08/2019 11:35:31 pm</b>] Sherlie CALIXTE (medecin) de Hopital Espoir est allé dans ACCUEIL 
