[<b>08/04/2019 09:09:03 am</b>] Junior BELFLEUR (medecin) de Centre Hospitalier Medimax  s'est connecté   
[<b>08/04/2019 09:09:03 am</b>] Junior BELFLEUR (medecin) de Centre Hospitalier Medimax est allé dans ACCUEIL 
[<b>08/04/2019 09:09:54 am</b>] Junior BELFLEUR (medecin) de Centre Hospitalier Medimax a recherché le client KICHENEL ELOI 1990-08-04
[<b>08/04/2019 09:09:54 am</b>] Junior BELFLEUR (medecin) de Centre Hospitalier Medimax a recherché le client KICHENEL ELOI 1990-08-04
[<b>08/04/2019 09:10:28 am</b>] Junior BELFLEUR (medecin) de Centre Hospitalier Medimax est allé dans ACCUEIL 
[<b>08/04/2019 09:13:14 am</b>] Junior BELFLEUR (medecin) de Centre Hospitalier Medimax  a recherché      [MM/DD/YYYY]
[<b>08/04/2019 09:13:20 am</b>] Junior BELFLEUR (medecin) de Centre Hospitalier Medimax est allé dans ACCUEIL 
[<b>08/04/2019 09:14:38 am</b>] Junior BELFLEUR (medecin) de Centre Hospitalier Medimax est allé dans ACCUEIL 
[<b>08/04/2019 10:07:57 am</b>] Junior BELFLEUR (medecin) de Centre Hospitalier Medimax  s'est connecté   
[<b>08/04/2019 10:07:57 am</b>] Junior BELFLEUR (medecin) de Centre Hospitalier Medimax est allé dans ACCUEIL 
[<b>08/04/2019 10:09:09 am</b>] Junior BELFLEUR (medecin) de Centre Hospitalier Medimax a recherché le client JEAN JEROME 1978-07-04
[<b>08/04/2019 10:11:09 am</b>] Junior BELFLEUR (medecin) de Centre Hospitalier Medimax  a recherché   Meshac Anel Jerome 2014-06-06 [MM/DD/YYYY]
[<b>08/04/2019 10:12:48 am</b>] Junior BELFLEUR (medecin) de Centre Hospitalier Medimax  a recherché   Meshac Anel Jerome 2014-06-06 [MM/DD/YYYY]
[<b>08/04/2019 10:13:29 am</b>] Junior BELFLEUR (medecin) de Centre Hospitalier Medimax a recherché le client JEAN JEROME 1978-07-04
[<b>08/04/2019 10:18:54 am</b>] Natalie SYLVESTRE (medecin) de Hopital Espoir  s'est connecté   
[<b>08/04/2019 10:18:55 am</b>] Natalie SYLVESTRE (medecin) de Hopital Espoir est allé dans ACCUEIL 
[<b>08/04/2019 10:23:07 am</b>] Marlie TONICO (medecin) de Hopital Espoir  s'est connecté   
[<b>08/04/2019 10:23:07 am</b>] Marlie TONICO (medecin) de Hopital Espoir est allé dans ACCUEIL 
[<b>08/04/2019 10:24:22 am</b>] Marlie TONICO (medecin) de Hopital Espoir  a recherché   nathalie jean 1994-07-29 [MM/DD/YYYY]
[<b>08/04/2019 10:25:25 am</b>] Marlie TONICO (medecin) de Hopital Espoir  a recherché   Severe Job 1987-03-28 [MM/DD/YYYY]
[<b>08/04/2019 10:25:56 am</b>] Marlie TONICO (medecin) de Hopital Espoir a recherché le client JOB SEVERE 1987-03-28
[<b>08/04/2019 10:28:04 am</b>] Marlie TONICO (medecin) de Hopital Espoir est allé dans ACCUEIL 
[<b>08/04/2019 10:28:43 am</b>] Marlie TONICO (medecin) de Hopital Espoir a recherché le client JOB SEVERE 1987-03-28
[<b>08/04/2019 10:55:06 am</b>] Guillaume WIDNA (medecin) de hopital Adventiste Diquini  s'est connecté   
[<b>08/04/2019 10:55:07 am</b>] Guillaume WIDNA (medecin) de hopital Adventiste Diquini est allé dans ACCUEIL 
[<b>08/04/2019 10:55:22 am</b>] Guillaume WIDNA (medecin) de hopital Adventiste Diquini est allé dans ACCUEIL 
[<b>08/04/2019 10:55:55 am</b>] Guillaume WIDNA (medecin) de hopital Adventiste Diquini est allé dans ACCUEIL 
[<b>08/04/2019 10:56:01 am</b>] Guillaume WIDNA (medecin) de hopital Adventiste Diquini est allé dans ACCUEIL 
[<b>08/04/2019 10:56:47 am</b>] Guillaume WIDNA (medecin) de hopital Adventiste Diquini  a changé son mot de passe  
[<b>08/04/2019 10:56:48 am</b>] Guillaume WIDNA (medecin) de hopital Adventiste Diquini est allé dans ACCUEIL 
[<b>08/04/2019 10:58:38 am</b>] Guillaume WIDNA (medecin) de hopital Adventiste Diquini  s'est déconnecté  
[<b>08/04/2019 10:58:38 am</b>]   () de  est allé dans ACCUEIL 
[<b>08/04/2019 05:14:40 pm</b>] Fabiola FRANCOIS (medecin) de Hopital Espoir  s'est connecté   
[<b>08/04/2019 05:14:40 pm</b>] Fabiola FRANCOIS (medecin) de Hopital Espoir est allé dans ACCUEIL 
[<b>08/04/2019 05:57:19 pm</b>] Fabiola FRANCOIS (medecin) de Hopital Espoir  s'est connecté   
[<b>08/04/2019 05:57:19 pm</b>] Fabiola FRANCOIS (medecin) de Hopital Espoir est allé dans ACCUEIL 
[<b>08/04/2019 05:58:00 pm</b>] Wilkendhie JOSEPH (medecin) de Hopital du Canape Vert  s'est connecté   
[<b>08/04/2019 05:58:01 pm</b>] Wilkendhie JOSEPH (medecin) de Hopital du Canape Vert est allé dans ACCUEIL 
[<b>08/04/2019 05:58:15 pm</b>] Fabiola FRANCOIS (medecin) de Hopital Espoir a recherché le client DANIEL FAUSTIN 1972-03-03
[<b>08/04/2019 05:58:32 pm</b>] Wilkendhie JOSEPH (medecin) de Hopital du Canape Vert  a recherché   kyara fabre Date de naissance [MM/DD/YYYY]
[<b>08/04/2019 05:59:24 pm</b>] Fabiola FRANCOIS (medecin) de Hopital Espoir  s'est connecté   
[<b>08/04/2019 05:59:25 pm</b>] Fabiola FRANCOIS (medecin) de Hopital Espoir est allé dans ACCUEIL 
[<b>08/04/2019 05:59:56 pm</b>] Fabiola FRANCOIS (medecin) de Hopital Espoir  a recherché   marie miseline armand Date de naissance [MM/DD/YYYY]
[<b>08/04/2019 06:00:16 pm</b>] Fabiola FRANCOIS (medecin) de Hopital Espoir  a recherché   marie miseline armand 1971-09-26 [MM/DD/YYYY]
