[<b>22/08/2019 07:14:21 am</b>] Wilkendhie JOSEPH (medecin) de Hopital du Canape Vert  s'est connecté   
[<b>22/08/2019 07:14:21 am</b>] Wilkendhie JOSEPH (medecin) de Hopital du Canape Vert est allé dans ACCUEIL 
[<b>22/08/2019 07:16:23 am</b>] Wilkendhie JOSEPH (medecin) de Hopital du Canape Vert a recherché le client DJENANE JEAN BAPTISTE 1965-03-09
[<b>22/08/2019 07:16:46 am</b>] Wilkendhie JOSEPH (medecin) de Hopital du Canape Vert est allé dans ACCUEIL 
[<b>22/08/2019 07:17:53 am</b>] Wilkendhie JOSEPH (medecin) de Hopital du Canape Vert a recherché le client PATRICK JEAN BAPTISTE 1966-06-10
[<b>22/08/2019 07:18:15 am</b>] Wilkendhie JOSEPH (medecin) de Hopital du Canape Vert est allé dans ACCUEIL 
[<b>22/08/2019 11:15:20 am</b>] Rood-Jerry GEFFRARD (medecin) de Hopital Adventiste Diquini  s'est connecté   
[<b>22/08/2019 11:15:21 am</b>] Rood-Jerry GEFFRARD (medecin) de Hopital Adventiste Diquini est allé dans ACCUEIL 
[<b>22/08/2019 11:16:25 am</b>] Rood-Jerry GEFFRARD (medecin) de Hopital Adventiste Diquini a recherché le client RUBENS STANLEY NORCIUS 2018-10-24
[<b>22/08/2019 12:29:48 pm</b>] Dominique AMBROISE (medecin) de NASSA  s'est connecté   
[<b>22/08/2019 12:29:49 pm</b>] Dominique AMBROISE (medecin) de NASSA est allé dans ACCUEIL 
[<b>22/08/2019 12:30:41 pm</b>] Dominique AMBROISE (medecin) de NASSA  est allé dans HISTORIQUE 
[<b>22/08/2019 12:32:26 pm</b>] Dominique AMBROISE (admin) de INASSA  s'est connecté   
[<b>22/08/2019 12:32:27 pm</b>] Dominique AMBROISE (admin) de INASSA est allé dans ACCUEIL 
[<b>22/08/2019 12:32:38 pm</b>] Dominique AMBROISE (admin) de INASSA  est allé dans HISTORIQUE 
[<b>22/08/2019 02:21:23 pm</b>] Dominique AMBROISE (medecin) de NASSA  s'est connecté   
[<b>22/08/2019 02:21:24 pm</b>] Dominique AMBROISE (medecin) de NASSA  s'est connecté   
[<b>22/08/2019 02:21:24 pm</b>] Dominique AMBROISE (medecin) de NASSA est allé dans ACCUEIL 
[<b>22/08/2019 02:22:21 pm</b>] Dominique AMBROISE (medecin) de NASSA  est allé dans HISTORIQUE 
[<b>22/08/2019 02:22:45 pm</b>] Dominique AMBROISE (medecin) de NASSA est allé dans ACCUEIL 
[<b>22/08/2019 02:22:47 pm</b>] Dominique AMBROISE (medecin) de NASSA est allé dans ACCUEIL 
[<b>22/08/2019 02:22:49 pm</b>] Dominique AMBROISE (medecin) de NASSA  est allé dans HISTORIQUE 
