[<b>14/01/2019 11:12:32 am</b>] Admin WYZDEV (admin) de INASSA  s'est connecté   
[<b>14/01/2019 11:12:34 am</b>] Admin WYZDEV (admin) de INASSA est allé dans ACCUEIL 
[<b>14/01/2019 11:49:58 am</b>] Admin WYZDEV (admin) de INASSA  s'est connecté   
[<b>14/01/2019 11:49:58 am</b>] Admin WYZDEV (admin) de INASSA est allé dans ACCUEIL 
[<b>14/01/2019 11:50:17 am</b>] Admin WYZDEV (admin) de INASSA a recherché le client STEPHANIA SERAPHIN 1985-07-29
[<b>14/01/2019 11:50:17 am</b>] Admin WYZDEV (admin) de INASSA a recherché le client STEPHANIA SERAPHIN 1985-07-29
[<b>14/01/2019 12:05:03 pm</b>] Admin WYZDEV (admin) de INASSA  s'est connecté   
[<b>14/01/2019 12:05:04 pm</b>] Admin WYZDEV (admin) de INASSA est allé dans ACCUEIL 
[<b>14/01/2019 12:05:49 pm</b>] Admin WYZDEV (admin) de INASSA a recherché le client STEPHANIA SERAPHIN 1985-07-29
[<b>14/01/2019 12:05:49 pm</b>] Admin WYZDEV (admin) de INASSA a recherché le client STEPHANIA SERAPHIN 1985-07-29
[<b>14/01/2019 12:09:24 pm</b>] Admin WYZDEV (admin) de INASSA a recherché le client STEPHANIA SERAPHIN 1985-07-29
[<b>14/01/2019 12:09:24 pm</b>] Admin WYZDEV (admin) de INASSA a recherché le client STEPHANIA SERAPHIN 1985-07-29
[<b>14/01/2019 12:28:25 pm</b>] Admin WYZDEV (admin) de INASSA  s'est connecté   
[<b>14/01/2019 12:28:59 pm</b>] Rood-Jerry GEFFRARD (medecin) de Hopital Adventiste Diquini  s'est connecté   
[<b>14/01/2019 12:28:59 pm</b>] Rood-Jerry GEFFRARD (medecin) de Hopital Adventiste Diquini est allé dans ACCUEIL 
[<b>14/01/2019 12:29:29 pm</b>] Admin WYZDEV (admin) de INASSA a recherché le client STEPHANIA SERAPHIN 1985-07-29
[<b>14/01/2019 12:29:29 pm</b>] Admin WYZDEV (admin) de INASSA a recherché le client STEPHANIA SERAPHIN 1985-07-29
[<b>14/01/2019 12:30:10 pm</b>] Admin WYZDEV (admin) de INASSA  a recherché   SERAP STEPHAN 07/29/1985 [MM/DD/YYYY]
[<b>14/01/2019 12:30:23 pm</b>] Admin WYZDEV (admin) de INASSA  a recherché   SERAP STEPHAN 07/29/1985 [MM/DD/YYYY]
[<b>14/01/2019 12:30:32 pm</b>] Rood-Jerry GEFFRARD (medecin) de Hopital Adventiste Diquini  a recherché   Eder Francois 2013-08-26 [MM/DD/YYYY]
[<b>14/01/2019 12:30:52 pm</b>] Admin WYZDEV (admin) de INASSA a recherché le client STEPHANIA SERAPHIN 1985-07-29
[<b>14/01/2019 12:30:52 pm</b>] Admin WYZDEV (admin) de INASSA a recherché le client STEPHANIA SERAPHIN 1985-07-29
[<b>14/01/2019 12:31:26 pm</b>] Admin WYZDEV (admin) de INASSA a recherché le client STEPHANIA SERAPHIN 1985-07-29
[<b>14/01/2019 12:31:26 pm</b>] Admin WYZDEV (admin) de INASSA a recherché le client STEPHANIA SERAPHIN 1985-07-29
[<b>14/01/2019 12:33:33 pm</b>] Admin WYZDEV (admin) de INASSA a recherché le client STEPHANIA SERAPHIN 1985-07-29
[<b>14/01/2019 12:33:33 pm</b>] Admin WYZDEV (admin) de INASSA a recherché le client STEPHANIA SERAPHIN 1985-07-29
[<b>14/01/2019 12:35:33 pm</b>] Admin WYZDEV (admin) de INASSA a recherché le client STEPHANIA SERAPHIN 1985-07-29
[<b>14/01/2019 12:35:33 pm</b>] Admin WYZDEV (admin) de INASSA a recherché le client STEPHANIA SERAPHIN 1985-07-29
[<b>14/01/2019 12:55:57 pm</b>] Admin WYZDEV (admin) de INASSA  s'est connecté   
[<b>14/01/2019 12:56:41 pm</b>] Admin WYZDEV (admin) de INASSA a recherché le client STEPHANIA SERAPHIN 1985-07-29
[<b>14/01/2019 12:56:41 pm</b>] Admin WYZDEV (admin) de INASSA a recherché le client STEPHANIA SERAPHIN 1985-07-29
[<b>14/01/2019 01:01:31 pm</b>] Admin WYZDEV (admin) de INASSA a recherché le client STEPHANIA SERAPHIN 1985-07-29
[<b>14/01/2019 01:01:31 pm</b>] Admin WYZDEV (admin) de INASSA a recherché le client STEPHANIA SERAPHIN 1985-07-29
[<b>14/01/2019 01:04:41 pm</b>] Admin WYZDEV (admin) de INASSA a recherché le client STEPHANIA SERAPHIN 1985-07-29
[<b>14/01/2019 01:04:41 pm</b>] Admin WYZDEV (admin) de INASSA a recherché le client STEPHANIA SERAPHIN 1985-07-29
[<b>14/01/2019 01:12:04 pm</b>] Admin WYZDEV (admin) de INASSA a recherché le client STEPHANIA SERAPHIN 1985-07-29
[<b>14/01/2019 01:12:04 pm</b>] Admin WYZDEV (admin) de INASSA a recherché le client STEPHANIA SERAPHIN 1985-07-29
[<b>14/01/2019 01:16:24 pm</b>] Admin WYZDEV (admin) de INASSA a recherché le client RENAUD SIDIKI SAINT-VICTOR 1983-01-26
[<b>14/01/2019 01:18:10 pm</b>] Admin WYZDEV (admin) de INASSA a recherché le client JOSEFA RAYMOND GAUTHIER 1958-08-09
[<b>14/01/2019 01:23:04 pm</b>] Rood-Jerry GEFFRARD (medecin) de Hopital Adventiste Diquini  s'est connecté   
[<b>14/01/2019 01:23:04 pm</b>] Rood-Jerry GEFFRARD (medecin) de Hopital Adventiste Diquini est allé dans ACCUEIL 
[<b>14/01/2019 01:23:31 pm</b>] Rood-Jerry GEFFRARD (medecin) de Hopital Adventiste Diquini  a recherché   Eder Mackenley Francois 2013-08-26 [MM/DD/YYYY]
[<b>14/01/2019 01:24:01 pm</b>] Rood-Jerry GEFFRARD (medecin) de Hopital Adventiste Diquini  a recherché     2013-08-26 [MM/DD/YYYY]
[<b>14/01/2019 01:36:38 pm</b>] Admin WYZDEV (admin) de INASSA  s'est connecté   
[<b>14/01/2019 01:37:17 pm</b>] Admin WYZDEV (admin) de INASSA a recherché le client JOSEFA RAYMOND GAUTHIER 1958-08-09
[<b>14/01/2019 01:37:59 pm</b>] Admin WYZDEV (admin) de INASSA a recherché le client WIDMAIER SANON 1978-07-01
[<b>14/01/2019 01:37:59 pm</b>] Admin WYZDEV (admin) de INASSA a recherché le client WIDMAIER SANON 1978-07-01
[<b>14/01/2019 01:40:31 pm</b>] Admin WYZDEV (admin) de INASSA  a recherché   WIDM SANON 08/09/1978 [MM/DD/YYYY]
[<b>14/01/2019 01:40:48 pm</b>] Admin WYZDEV (admin) de INASSA a recherché le client WIDMAIER SANON 1978-07-01
[<b>14/01/2019 01:40:48 pm</b>] Admin WYZDEV (admin) de INASSA a recherché le client WIDMAIER SANON 1978-07-01
[<b>14/01/2019 01:42:51 pm</b>] Admin WYZDEV (admin) de INASSA a recherché le client WIDMAIER SANON 1978-07-01
[<b>14/01/2019 01:42:51 pm</b>] Admin WYZDEV (admin) de INASSA a recherché le client WIDMAIER SANON 1978-07-01
[<b>14/01/2019 01:47:37 pm</b>] Admin WYZDEV (admin) de INASSA a recherché le client STEPHANIA SERAPHIN 1985-07-29
[<b>14/01/2019 01:47:37 pm</b>] Admin WYZDEV (admin) de INASSA a recherché le client STEPHANIA SERAPHIN 1985-07-29
[<b>14/01/2019 01:48:39 pm</b>] Admin WYZDEV (admin) de INASSA a recherché le client JOSEFA RAYMOND GAUTHIER 1958-08-09
[<b>14/01/2019 01:49:28 pm</b>] Admin WYZDEV (admin) de INASSA a recherché le client RENAUD SIDIKI SAINT-VICTOR 1983-01-26
[<b>14/01/2019 02:02:05 pm</b>] Rood-Jerry GEFFRARD (medecin) de Hopital Adventiste Diquini  s'est connecté   
[<b>14/01/2019 02:02:05 pm</b>] Rood-Jerry GEFFRARD (medecin) de Hopital Adventiste Diquini est allé dans ACCUEIL 
[<b>14/01/2019 02:02:53 pm</b>] Rood-Jerry GEFFRARD (medecin) de Hopital Adventiste Diquini  s'est déconnecté  
[<b>14/01/2019 02:02:53 pm</b>]   () de  est allé dans ACCUEIL 
[<b>14/01/2019 02:02:59 pm</b>] Rood-Jerry GEFFRARD (medecin) de Hopital Adventiste Diquini  s'est connecté   
[<b>14/01/2019 02:03:00 pm</b>] Rood-Jerry GEFFRARD (medecin) de Hopital Adventiste Diquini est allé dans ACCUEIL 
[<b>14/01/2019 02:03:24 pm</b>] Rood-Jerry GEFFRARD (medecin) de Hopital Adventiste Diquini  a recherché   Eder Mackenley Francois 2013-08-26 [MM/DD/YYYY]
[<b>14/01/2019 03:06:59 pm</b>] Admin WYZDEV (admin) de INASSA  s'est connecté   
[<b>14/01/2019 03:07:00 pm</b>] Admin WYZDEV (admin) de INASSA  s'est connecté   
[<b>14/01/2019 03:08:22 pm</b>] Admin WYZDEV (admin) de INASSA a recherché le client STEPHANIA SERAPHIN 1985-07-29
[<b>14/01/2019 03:08:22 pm</b>] Admin WYZDEV (admin) de INASSA a recherché le client STEPHANIA SERAPHIN 1985-07-29
