[<b>05/04/2019 07:33:06 am</b>] Sara SABIN (medecin) de Hopital Espoir  s'est connecté   
[<b>05/04/2019 07:33:07 am</b>] Sara SABIN (medecin) de Hopital Espoir  s'est connecté   
[<b>05/04/2019 07:33:07 am</b>] Sara SABIN (medecin) de Hopital Espoir est allé dans ACCUEIL 
[<b>05/04/2019 07:33:57 am</b>] Sara SABIN (medecin) de Hopital Espoir  a changé son mot de passe  
[<b>05/04/2019 07:33:57 am</b>] Sara SABIN (medecin) de Hopital Espoir est allé dans ACCUEIL 
[<b>05/04/2019 07:35:21 am</b>] Sara SABIN (medecin) de Hopital Espoir a recherché le client MIRLANDE DARBONNE 1977-08-21
[<b>05/04/2019 08:40:44 am</b>] Marc-Eric ALTIDOR (admin) de INASSA  s'est connecté   
[<b>05/04/2019 08:40:45 am</b>] Marc-Eric ALTIDOR (admin) de INASSA est allé dans ACCUEIL 
[<b>05/04/2019 08:41:00 am</b>] Marc-Eric ALTIDOR (admin) de INASSA a recherché le client MARC-ERIC ALTIDOR 1975-06-28
[<b>05/04/2019 11:01:57 am</b>] Sara SABIN (medecin) de Hopital Espoir  s'est connecté   
[<b>05/04/2019 11:01:58 am</b>] Sara SABIN (medecin) de Hopital Espoir  s'est connecté   
[<b>05/04/2019 11:01:59 am</b>] Sara SABIN (medecin) de Hopital Espoir est allé dans ACCUEIL 
[<b>05/04/2019 11:03:57 am</b>] Sara SABIN (medecin) de Hopital Espoir a recherché le client DAVID MASSENAT 1983-11-17
[<b>05/04/2019 11:03:57 am</b>] Sara SABIN (medecin) de Hopital Espoir a recherché le client DAVID MASSENAT 1983-11-17
[<b>05/04/2019 11:03:57 am</b>] Sara SABIN (medecin) de Hopital Espoir a recherché le client DAVID MASSENAT 1983-11-17
[<b>05/04/2019 11:03:57 am</b>] Sara SABIN (medecin) de Hopital Espoir a recherché le client DAVID MASSENAT 1983-11-17
[<b>05/04/2019 11:04:47 am</b>] Sara SABIN (medecin) de Hopital Espoir  a recherché     1983-11-17 [MM/DD/YYYY]
[<b>05/04/2019 11:05:15 am</b>] Sara SABIN (medecin) de Hopital Espoir a recherché le client DAVID MASSENAT 1983-11-17
[<b>05/04/2019 11:05:15 am</b>] Sara SABIN (medecin) de Hopital Espoir a recherché le client DAVID MASSENAT 1983-11-17
[<b>05/04/2019 11:05:15 am</b>] Sara SABIN (medecin) de Hopital Espoir a recherché le client DAVID MASSENAT 1983-11-17
[<b>05/04/2019 11:05:15 am</b>] Sara SABIN (medecin) de Hopital Espoir a recherché le client DAVID MASSENAT 1983-11-17
[<b>05/04/2019 11:05:51 am</b>] Sara SABIN (medecin) de Hopital Espoir est allé dans ACCUEIL 
[<b>05/04/2019 03:21:12 pm</b>] Wilkendhie JOSEPH (medecin) de Hopital du Canape Vert  s'est connecté   
[<b>05/04/2019 03:21:13 pm</b>] Wilkendhie JOSEPH (medecin) de Hopital du Canape Vert est allé dans ACCUEIL 
[<b>05/04/2019 03:22:29 pm</b>] Wilkendhie JOSEPH (medecin) de Hopital du Canape Vert  a recherché   vilmar pierre louis 1965-08-03 [MM/DD/YYYY]
[<b>05/04/2019 03:23:26 pm</b>] Wilkendhie JOSEPH (medecin) de Hopital du Canape Vert a recherché le client VILMAR PIERRE-LOUIS 1965-08-03
[<b>05/04/2019 03:23:46 pm</b>] Wilkendhie JOSEPH (medecin) de Hopital du Canape Vert est allé dans ACCUEIL 
[<b>05/04/2019 03:26:49 pm</b>] Wilkendhie JOSEPH (medecin) de Hopital du Canape Vert  a recherché   annouse pierre-louis 1998-08-03 [MM/DD/YYYY]
[<b>05/04/2019 03:27:02 pm</b>] Wilkendhie JOSEPH (medecin) de Hopital du Canape Vert  a recherché   anouse pierre-louis 1998-08-03 [MM/DD/YYYY]
[<b>05/04/2019 03:27:43 pm</b>] Wilkendhie JOSEPH (medecin) de Hopital du Canape Vert  a recherché   anouze pierre-louis 1998-08-03 [MM/DD/YYYY]
[<b>05/04/2019 03:27:51 pm</b>] Wilkendhie JOSEPH (medecin) de Hopital du Canape Vert  a recherché   anouze pierre-louis 1998-08-03 [MM/DD/YYYY]
[<b>05/04/2019 03:28:08 pm</b>] Wilkendhie JOSEPH (medecin) de Hopital du Canape Vert  a recherché   anouze pierre-louis 1998-09-03 [MM/DD/YYYY]
[<b>05/04/2019 03:29:42 pm</b>] Wilkendhie JOSEPH (medecin) de Hopital du Canape Vert  a recherché   anouze pierre-louis 1998-09-03 [MM/DD/YYYY]
[<b>05/04/2019 03:30:31 pm</b>] Wilkendhie JOSEPH (medecin) de Hopital du Canape Vert  a recherché   anouze pierre-louis 1998-09-03 [MM/DD/YYYY]
[<b>05/04/2019 03:30:50 pm</b>] Wilkendhie JOSEPH (medecin) de Hopital du Canape Vert  a recherché   anouze pierre 1998-09-03 [MM/DD/YYYY]
[<b>05/04/2019 03:30:58 pm</b>] Wilkendhie JOSEPH (medecin) de Hopital du Canape Vert  a recherché   anouze pierre louis 1998-09-03 [MM/DD/YYYY]
[<b>05/04/2019 03:31:16 pm</b>] Wilkendhie JOSEPH (medecin) de Hopital du Canape Vert  a recherché   annouze pierre louis 1998-09-03 [MM/DD/YYYY]
[<b>05/04/2019 03:31:32 pm</b>] Wilkendhie JOSEPH (medecin) de Hopital du Canape Vert  a recherché   annouse pierre louis 1998-09-03 [MM/DD/YYYY]
[<b>05/04/2019 03:31:51 pm</b>] Wilkendhie JOSEPH (medecin) de Hopital du Canape Vert  a recherché   anouse pierre louis 1998-09-03 [MM/DD/YYYY]
[<b>05/04/2019 03:32:08 pm</b>] Wilkendhie JOSEPH (medecin) de Hopital du Canape Vert  a recherché   annouse pierre louis 1998-09-03 [MM/DD/YYYY]
[<b>05/04/2019 04:36:42 pm</b>] Wilkendhie JOSEPH (medecin) de Hopital du Canape Vert  s'est connecté   
[<b>05/04/2019 04:36:42 pm</b>] Wilkendhie JOSEPH (medecin) de Hopital du Canape Vert est allé dans ACCUEIL 
