[<b>13/09/2019 01:37:00 am</b>] Fabiola FRANCOIS (medecin) de Hopital Espoir  s'est connecté   
[<b>13/09/2019 01:37:00 am</b>] Fabiola FRANCOIS (medecin) de Hopital Espoir est allé dans ACCUEIL 
[<b>13/09/2019 01:37:41 am</b>] Fabiola FRANCOIS (medecin) de Hopital Espoir  a recherché   tamara sejour 1981-11-15 [MM/DD/YYYY]
[<b>13/09/2019 01:38:14 am</b>] Fabiola FRANCOIS (medecin) de Hopital Espoir a recherché le client TAMARA SEJOUR MORIN 1981-11-15
[<b>13/09/2019 01:38:14 am</b>] Fabiola FRANCOIS (medecin) de Hopital Espoir a recherché le client TAMARA SEJOUR MORIN 1981-11-15
[<b>13/09/2019 01:39:06 am</b>] Fabiola FRANCOIS (medecin) de Hopital Espoir a recherché le client TAMARA SEJOUR MORIN 1981-11-15
[<b>13/09/2019 01:39:06 am</b>] Fabiola FRANCOIS (medecin) de Hopital Espoir a recherché le client TAMARA SEJOUR MORIN 1981-11-15
[<b>13/09/2019 01:39:30 am</b>] Fabiola FRANCOIS (medecin) de Hopital Espoir est allé dans ACCUEIL 
[<b>13/09/2019 01:42:28 am</b>] Fabiola FRANCOIS (medecin) de Hopital Espoir  a recherché   guemara alice morin 2017-08-06 [MM/DD/YYYY]
[<b>13/09/2019 01:42:45 am</b>] Fabiola FRANCOIS (medecin) de Hopital Espoir  a recherché   guemara alice morin 2017-08-06 [MM/DD/YYYY]
[<b>13/09/2019 07:56:45 am</b>] Wilkendhie JOSEPH (medecin) de Hopital du Canape Vert  s'est connecté   
[<b>13/09/2019 07:56:46 am</b>] Wilkendhie JOSEPH (medecin) de Hopital du Canape Vert est allé dans ACCUEIL 
[<b>13/09/2019 08:01:50 am</b>] Wilkendhie JOSEPH (medecin) de Hopital du Canape Vert  a recherché   JEAN ST LOUIS CAMILUS 1970-10-01 [MM/DD/YYYY]
[<b>13/09/2019 08:02:13 am</b>] Wilkendhie JOSEPH (medecin) de Hopital du Canape Vert  a recherché   JEAN ST- LOUIS CAMILUS 1971-10-01 [MM/DD/YYYY]
[<b>13/09/2019 08:02:40 am</b>] Wilkendhie JOSEPH (medecin) de Hopital du Canape Vert a recherché le client JEAN ST LOUIS CAMILUS 1971-10-01
[<b>13/09/2019 08:02:40 am</b>] Wilkendhie JOSEPH (medecin) de Hopital du Canape Vert a recherché le client JEAN ST LOUIS CAMILUS 1971-10-01
[<b>13/09/2019 08:02:46 am</b>] Wilkendhie JOSEPH (medecin) de Hopital du Canape Vert a recherché le client JEAN ST LOUIS CAMILUS 1971-10-01
[<b>13/09/2019 08:02:46 am</b>] Wilkendhie JOSEPH (medecin) de Hopital du Canape Vert a recherché le client JEAN ST LOUIS CAMILUS 1971-10-01
[<b>13/09/2019 08:03:35 am</b>] Wilkendhie JOSEPH (medecin) de Hopital du Canape Vert est allé dans ACCUEIL 
[<b>13/09/2019 08:04:02 am</b>] Wilkendhie JOSEPH (medecin) de Hopital du Canape Vert a recherché le client JEAN ST LOUIS CAMILUS 1971-10-01
[<b>13/09/2019 08:04:02 am</b>] Wilkendhie JOSEPH (medecin) de Hopital du Canape Vert a recherché le client JEAN ST LOUIS CAMILUS 1971-10-01
[<b>13/09/2019 08:04:57 am</b>] Wilkendhie JOSEPH (medecin) de Hopital du Canape Vert est allé dans ACCUEIL 
[<b>13/09/2019 08:05:28 am</b>] Wilkendhie JOSEPH (medecin) de Hopital du Canape Vert a recherché le client JEAN ST LOUIS CAMILUS 1971-10-01
[<b>13/09/2019 08:05:28 am</b>] Wilkendhie JOSEPH (medecin) de Hopital du Canape Vert a recherché le client JEAN ST LOUIS CAMILUS 1971-10-01
[<b>13/09/2019 08:06:45 am</b>] Wilkendhie JOSEPH (medecin) de Hopital du Canape Vert est allé dans ACCUEIL 
[<b>13/09/2019 09:27:26 am</b>] Maria Gabelita ASSAD (medecin) de Clinique Dr M. Gabellita Assad  s'est connecté   
[<b>13/09/2019 09:27:26 am</b>] Maria Gabelita ASSAD (medecin) de Clinique Dr M. Gabellita Assad est allé dans ACCUEIL 
[<b>13/09/2019 09:30:55 am</b>] Maria Gabelita ASSAD (medecin) de Clinique Dr M. Gabellita Assad  a recherché   Maria Delphie St Jean 1999-11-12 [MM/DD/YYYY]
[<b>13/09/2019 09:31:15 am</b>] Maria Gabelita ASSAD (medecin) de Clinique Dr M. Gabellita Assad  a recherché   Maria Delphie St Jean 1999-11-12 [MM/DD/YYYY]
[<b>13/09/2019 09:58:42 am</b>] Dominique AMBROISE (admin) de INASSA  s'est connecté   
[<b>13/09/2019 09:58:42 am</b>] Dominique AMBROISE (admin) de INASSA est allé dans ACCUEIL 
[<b>13/09/2019 09:59:57 am</b>] Dominique AMBROISE (admin) de INASSA  est allé dans HISTORIQUE 
[<b>13/09/2019 09:59:58 am</b>] Dominique AMBROISE (admin) de INASSA  est allé dans HISTORIQUE 
[<b>13/09/2019 09:59:58 am</b>] Dominique AMBROISE (admin) de INASSA  est allé dans HISTORIQUE 
[<b>13/09/2019 09:59:59 am</b>] Dominique AMBROISE (admin) de INASSA  est allé dans HISTORIQUE 
[<b>13/09/2019 01:18:52 pm</b>] Shana MONOPOL (medecin) de Hopital Espoir  s'est connecté   
[<b>13/09/2019 01:18:52 pm</b>] Shana MONOPOL (medecin) de Hopital Espoir est allé dans ACCUEIL 
[<b>13/09/2019 01:19:22 pm</b>] Shana MONOPOL (medecin) de Hopital Espoir a recherché le client MELISSA SANON 1989-09-23
[<b>13/09/2019 01:19:33 pm</b>] Shana MONOPOL (medecin) de Hopital Espoir est allé dans ACCUEIL 
[<b>13/09/2019 01:48:00 pm</b>] Shana MONOPOL (medecin) de Hopital Espoir  s'est connecté   
[<b>13/09/2019 01:48:00 pm</b>] Shana MONOPOL (medecin) de Hopital Espoir est allé dans ACCUEIL 
[<b>13/09/2019 01:49:29 pm</b>] Shana MONOPOL (medecin) de Hopital Espoir  a recherché   marie lourdes lahens 1946-04-05 [MM/DD/YYYY]
[<b>13/09/2019 01:49:55 pm</b>] Shana MONOPOL (medecin) de Hopital Espoir  a recherché   marie lourdes pierre 1946-04-05 [MM/DD/YYYY]
[<b>13/09/2019 01:50:13 pm</b>] Shana MONOPOL (medecin) de Hopital Espoir  a recherché   marie lourdes lahens pierre 1946-04-05 [MM/DD/YYYY]
[<b>13/09/2019 01:50:26 pm</b>] Shana MONOPOL (medecin) de Hopital Espoir  a recherché   marie lourdes louis pierre 1946-04-05 [MM/DD/YYYY]
