[<b>13/03/2019 09:01:55 am</b>] Emmanuel ALEXIS (medecin) de Clinique  Dr Emmanuel Alexis  s'est connecté   
[<b>13/03/2019 09:02:00 am</b>] Emmanuel ALEXIS (medecin) de Clinique  Dr Emmanuel Alexis est allé dans ACCUEIL 
[<b>13/03/2019 09:03:18 am</b>] Emmanuel ALEXIS (medecin) de Clinique  Dr Emmanuel Alexis  s'est déconnecté  
[<b>13/03/2019 09:03:18 am</b>]   () de  est allé dans ACCUEIL 
[<b>13/03/2019 09:03:59 am</b>] Emmanuel ALEXIS (medecin) de Clinique  Dr Emmanuel Alexis  s'est connecté   
[<b>13/03/2019 09:04:01 am</b>] Emmanuel ALEXIS (medecin) de Clinique  Dr Emmanuel Alexis  s'est connecté   
[<b>13/03/2019 09:04:01 am</b>] Emmanuel ALEXIS (medecin) de Clinique  Dr Emmanuel Alexis est allé dans ACCUEIL 
[<b>13/03/2019 09:05:04 am</b>] Emmanuel ALEXIS (medecin) de Clinique  Dr Emmanuel Alexis  s'est déconnecté  
[<b>13/03/2019 09:05:04 am</b>]   () de  est allé dans ACCUEIL 
[<b>13/03/2019 11:50:47 am</b>] Junior BELFLEUR (medecin) de Centre Hospitalier Medimax  s'est connecté   
[<b>13/03/2019 11:50:47 am</b>] Junior BELFLEUR (medecin) de Centre Hospitalier Medimax est allé dans ACCUEIL 
[<b>13/03/2019 11:51:51 am</b>] Junior BELFLEUR (medecin) de Centre Hospitalier Medimax est allé dans ACCUEIL 
[<b>13/03/2019 11:52:24 am</b>] Junior BELFLEUR (medecin) de Centre Hospitalier Medimax est allé dans ACCUEIL 
[<b>13/03/2019 11:53:41 am</b>] Junior BELFLEUR (medecin) de Centre Hospitalier Medimax est allé dans ACCUEIL 
[<b>13/03/2019 11:55:04 am</b>] Junior BELFLEUR (medecin) de Centre Hospitalier Medimax  a changé son mot de passe  
[<b>13/03/2019 11:55:04 am</b>] Junior BELFLEUR (medecin) de Centre Hospitalier Medimax est allé dans ACCUEIL 
[<b>13/03/2019 11:57:45 am</b>] Junior BELFLEUR (medecin) de Centre Hospitalier Medimax a recherché le client GUERSON FREDLY ALCINDOR 2018-01-23
[<b>13/03/2019 11:59:37 am</b>] Junior BELFLEUR (medecin) de Centre Hospitalier Medimax est allé dans ACCUEIL 
[<b>13/03/2019 12:00:53 pm</b>] Junior BELFLEUR (medecin) de Centre Hospitalier Medimax a recherché le client JEAN RONALD JUSTAL 1963-08-14
[<b>13/03/2019 12:51:25 pm</b>] Rood-Jerry GEFFRARD (medecin) de Hopital Adventiste Diquini  s'est connecté   
[<b>13/03/2019 12:51:26 pm</b>] Rood-Jerry GEFFRARD (medecin) de Hopital Adventiste Diquini  s'est connecté   
[<b>13/03/2019 12:51:27 pm</b>] Rood-Jerry GEFFRARD (medecin) de Hopital Adventiste Diquini est allé dans ACCUEIL 
[<b>13/03/2019 12:52:37 pm</b>] Rood-Jerry GEFFRARD (medecin) de Hopital Adventiste Diquini  a recherché   Stephanie Oriol 2000-10-25 [MM/DD/YYYY]
