[<b>13/05/2019 09:06:09 am</b>] Denold MILSOIT (medecin) de CLINIQULE Dr DENOLD MILSOIT  s'est connecté   
[<b>13/05/2019 09:06:11 am</b>] Denold MILSOIT (medecin) de CLINIQULE Dr DENOLD MILSOIT est allé dans ACCUEIL 
[<b>13/05/2019 09:09:45 am</b>] Denold MILSOIT (medecin) de CLINIQULE Dr DENOLD MILSOIT a recherché le client ERICKSON MIRBEL 1987-09-27
[<b>13/05/2019 09:09:45 am</b>] Denold MILSOIT (medecin) de CLINIQULE Dr DENOLD MILSOIT a recherché le client ERICKSON MIRBEL 1987-09-27
[<b>13/05/2019 11:01:28 am</b>] Wilkendhie JOSEPH (medecin) de Hopital du Canape Vert  s'est connecté   
[<b>13/05/2019 11:01:29 am</b>] Wilkendhie JOSEPH (medecin) de Hopital du Canape Vert est allé dans ACCUEIL 
[<b>13/05/2019 11:02:28 am</b>] Wilkendhie JOSEPH (medecin) de Hopital du Canape Vert  a recherché   ernso jean baptiste 1976-01-11 [MM/DD/YYYY]
[<b>13/05/2019 11:03:12 am</b>] Wilkendhie JOSEPH (medecin) de Hopital du Canape Vert  a recherché   ernso jean baptiste 1976-11-01 [MM/DD/YYYY]
[<b>13/05/2019 11:03:16 am</b>] Wilkendhie JOSEPH (medecin) de Hopital du Canape Vert  a recherché   ernso jean baptiste 1976-11-01 [MM/DD/YYYY]
[<b>13/05/2019 11:03:38 am</b>] Wilkendhie JOSEPH (medecin) de Hopital du Canape Vert  a recherché   ernsot jean baptiste 1976-11-01 [MM/DD/YYYY]
[<b>13/05/2019 11:03:56 am</b>] Wilkendhie JOSEPH (medecin) de Hopital du Canape Vert  a recherché   ernsot jean baptiste 1976-11-01 [MM/DD/YYYY]
[<b>13/05/2019 11:04:11 am</b>] Wilkendhie JOSEPH (medecin) de Hopital du Canape Vert  a recherché   ernso jean baptiste 1976-11-01 [MM/DD/YYYY]
[<b>13/05/2019 11:04:33 am</b>] Wilkendhie JOSEPH (medecin) de Hopital du Canape Vert  a recherché   ernso jn baptiste 1976-11-01 [MM/DD/YYYY]
[<b>13/05/2019 11:04:39 am</b>] Wilkendhie JOSEPH (medecin) de Hopital du Canape Vert  a recherché   ernso jn baptiste 1976-11-01 [MM/DD/YYYY]
[<b>13/05/2019 11:04:42 am</b>] Wilkendhie JOSEPH (medecin) de Hopital du Canape Vert  a recherché   ernso jn baptiste 1976-11-01 [MM/DD/YYYY]
[<b>13/05/2019 11:05:17 am</b>] Wilkendhie JOSEPH (medecin) de Hopital du Canape Vert  a recherché   jean baptiste ernso 1976-11-01 [MM/DD/YYYY]
[<b>13/05/2019 11:05:38 am</b>] Wilkendhie JOSEPH (medecin) de Hopital du Canape Vert  a recherché   jean baptiste ernso 1976-11-01 [MM/DD/YYYY]
[<b>13/05/2019 11:06:13 am</b>] Wilkendhie JOSEPH (medecin) de Hopital du Canape Vert  a recherché   ernso jean-baptiste 1976-11-01 [MM/DD/YYYY]
[<b>13/05/2019 11:06:40 am</b>] Wilkendhie JOSEPH (medecin) de Hopital du Canape Vert  a recherché   ernso jn baptiste 1976-11-01 [MM/DD/YYYY]
[<b>13/05/2019 11:07:37 am</b>] Wilkendhie JOSEPH (medecin) de Hopital du Canape Vert  a recherché   ernst jean baptiste 1976-11-01 [MM/DD/YYYY]
[<b>13/05/2019 11:08:00 am</b>] Wilkendhie JOSEPH (medecin) de Hopital du Canape Vert  a recherché   ernso jean baptiste 1976-11-01 [MM/DD/YYYY]
[<b>13/05/2019 11:08:21 am</b>] Wilkendhie JOSEPH (medecin) de Hopital du Canape Vert  a recherché   ernso jean baptiste 1976-11-01 [MM/DD/YYYY]
[<b>13/05/2019 11:08:56 am</b>] Wilkendhie JOSEPH (medecin) de Hopital du Canape Vert  a recherché   ernso jn baptiste 1976-11-01 [MM/DD/YYYY]
[<b>13/05/2019 11:09:02 am</b>] Wilkendhie JOSEPH (medecin) de Hopital du Canape Vert  a recherché   ernso jn baptiste 1976-11-01 [MM/DD/YYYY]
[<b>13/05/2019 11:09:07 am</b>] Wilkendhie JOSEPH (medecin) de Hopital du Canape Vert  a recherché   ernso jn baptiste 1976-11-01 [MM/DD/YYYY]
