[<b>23/12/2019 08:40:18 am</b>] Rood-Jerry GEFFRARD (medecin) de Hopital Adventiste Diquini  s'est connecté   
[<b>23/12/2019 08:40:19 am</b>] Rood-Jerry GEFFRARD (medecin) de Hopital Adventiste Diquini  s'est connecté   
[<b>23/12/2019 08:40:19 am</b>] Rood-Jerry GEFFRARD (medecin) de Hopital Adventiste Diquini est allé dans ACCUEIL 
[<b>23/12/2019 08:40:19 am</b>] Rood-Jerry GEFFRARD (medecin) de Hopital Adventiste Diquini est allé dans ACCUEIL 
[<b>23/12/2019 08:41:04 am</b>] Rood-Jerry GEFFRARD (medecin) de Hopital Adventiste Diquini  a recherché   Valiesse Chery 1993-02-23 [MM/DD/YYYY]
[<b>23/12/2019 08:41:17 am</b>] Rood-Jerry GEFFRARD (medecin) de Hopital Adventiste Diquini  a recherché   Valiesse Chery 1993-02-23 [MM/DD/YYYY]
[<b>23/12/2019 08:41:35 am</b>] Rood-Jerry GEFFRARD (medecin) de Hopital Adventiste Diquini  a recherché   Valiesse Chery 1993-02-23 [MM/DD/YYYY]
[<b>23/12/2019 08:41:58 am</b>] Rood-Jerry GEFFRARD (medecin) de Hopital Adventiste Diquini  a recherché   Chery Valiesse 1993-02-23 [MM/DD/YYYY]
[<b>23/12/2019 08:42:15 am</b>] Rood-Jerry GEFFRARD (medecin) de Hopital Adventiste Diquini  a recherché   Valiesse Chery 1993-02-23 [MM/DD/YYYY]
[<b>23/12/2019 08:42:58 am</b>] Rood-Jerry GEFFRARD (medecin) de Hopital Adventiste Diquini a recherché le client SANDLIE ABILHOMME 1994-03-15
[<b>23/12/2019 09:14:00 am</b>] Rood-Jerry GEFFRARD (medecin) de Hopital Adventiste Diquini  s'est connecté   
[<b>23/12/2019 09:14:01 am</b>] Rood-Jerry GEFFRARD (medecin) de Hopital Adventiste Diquini est allé dans ACCUEIL 
[<b>23/12/2019 09:14:42 am</b>] Rood-Jerry GEFFRARD (medecin) de Hopital Adventiste Diquini  a recherché   Germica Julia Jeanty 1993-04-20 [MM/DD/YYYY]
[<b>23/12/2019 09:15:20 am</b>] Rood-Jerry GEFFRARD (medecin) de Hopital Adventiste Diquini  a recherché   Jeanty Germica Julia 1993-04-20 [MM/DD/YYYY]
[<b>23/12/2019 10:58:22 am</b>] Rood-Jerry GEFFRARD (medecin) de Hopital Adventiste Diquini  s'est connecté   
[<b>23/12/2019 10:58:24 am</b>] Rood-Jerry GEFFRARD (medecin) de Hopital Adventiste Diquini est allé dans ACCUEIL 
[<b>23/12/2019 10:59:02 am</b>] Rood-Jerry GEFFRARD (medecin) de Hopital Adventiste Diquini a recherché le client WATSON ST FLEUR 1979-08-31
[<b>23/12/2019 12:20:15 pm</b>] Rood-Jerry GEFFRARD (medecin) de Hopital Adventiste Diquini  s'est connecté   
[<b>23/12/2019 12:20:16 pm</b>] Rood-Jerry GEFFRARD (medecin) de Hopital Adventiste Diquini est allé dans ACCUEIL 
[<b>23/12/2019 12:21:10 pm</b>] Rood-Jerry GEFFRARD (medecin) de Hopital Adventiste Diquini  a recherché   wil evodie dalmand 2019-09-09 [MM/DD/YYYY]
