[<b>20/11/2019 08:48:24 am</b>] Fabiola FRANCOIS (medecin) de Hopital Espoir  s'est connecté   
[<b>20/11/2019 08:48:24 am</b>] Fabiola FRANCOIS (medecin) de Hopital Espoir est allé dans ACCUEIL 
[<b>20/11/2019 08:49:00 am</b>] Fabiola FRANCOIS (medecin) de Hopital Espoir a recherché le client SAMUEL PIERROT 1982-09-02
[<b>20/11/2019 08:49:39 am</b>] Fabiola FRANCOIS (medecin) de Hopital Espoir est allé dans ACCUEIL 
[<b>20/11/2019 10:53:08 am</b>] Dominique AMBROISE (medecin) de NASSA  s'est connecté   
[<b>20/11/2019 10:53:10 am</b>] Dominique AMBROISE (medecin) de NASSA  s'est connecté   
[<b>20/11/2019 11:15:41 am</b>] Marc-Eric ALTIDOR (admin) de INASSA  s'est connecté   
[<b>20/11/2019 11:15:41 am</b>] Marc-Eric ALTIDOR (admin) de INASSA est allé dans ACCUEIL 
[<b>20/11/2019 11:16:28 am</b>] Marc-Eric ALTIDOR (admin) de INASSA  est allé dans PARAMETRES  
[<b>20/11/2019 11:17:03 am</b>] Marc-Eric ALTIDOR (admin) de INASSA  a réinitialisé le compte de l'utilisateur  Dominique AMBROISE
[<b>20/11/2019 11:18:06 am</b>] Dominique AMBROISE (medecin) de NASSA  s'est connecté   
[<b>20/11/2019 11:18:07 am</b>] Dominique AMBROISE (medecin) de NASSA est allé dans ACCUEIL 
[<b>20/11/2019 11:18:26 am</b>] Marc-Eric ALTIDOR (admin) de INASSA  s'est déconnecté  
[<b>20/11/2019 11:19:01 am</b>] Dominique AMBROISE (medecin) de NASSA  a changé son mot de passe  
[<b>20/11/2019 11:19:01 am</b>] Dominique AMBROISE (medecin) de NASSA est allé dans ACCUEIL 
[<b>20/11/2019 11:20:57 am</b>] Dominique AMBROISE (medecin) de NASSA est allé dans ACCUEIL 
[<b>20/11/2019 11:21:50 am</b>] Dominique AMBROISE (medecin) de NASSA  a recherché   Lov Sardou Villarson 1992-06-09 [MM/DD/YYYY]
[<b>20/11/2019 11:23:52 am</b>] Dominique AMBROISE (medecin) de NASSA est allé dans ACCUEIL 
[<b>20/11/2019 11:23:58 am</b>] Dominique AMBROISE (medecin) de NASSA  s'est déconnecté  
[<b>20/11/2019 11:24:23 am</b>] Dominique AMBROISE (medecin) de NASSA  s'est connecté   
[<b>20/11/2019 11:24:24 am</b>] Dominique AMBROISE (medecin) de NASSA  s'est connecté   
[<b>20/11/2019 11:24:25 am</b>] Dominique AMBROISE (medecin) de NASSA est allé dans ACCUEIL 
[<b>20/11/2019 11:30:26 am</b>] Dominique AMBROISE (medecin) de NASSA  s'est connecté   
[<b>20/11/2019 11:30:26 am</b>] Dominique AMBROISE (medecin) de NASSA est allé dans ACCUEIL 
[<b>20/11/2019 11:31:30 am</b>] Dominique AMBROISE (medecin) de NASSA  a recherché   Claudia germain 1990-09-17 [MM/DD/YYYY]
[<b>20/11/2019 11:32:06 am</b>] Dominique AMBROISE (medecin) de NASSA  a recherché   Claudia Germain 1990-09-17 [MM/DD/YYYY]
[<b>20/11/2019 11:34:45 am</b>] Dominique AMBROISE (medecin) de NASSA a recherché le client DOMINIQUE AMBROISE 1962-05-24
[<b>20/11/2019 11:34:45 am</b>] Dominique AMBROISE (medecin) de NASSA a recherché le client DOMINIQUE AMBROISE 1962-05-24
[<b>20/11/2019 11:37:35 am</b>] Dominique AMBROISE (medecin) de NASSA  est allé dans HISTORIQUE 
[<b>20/11/2019 11:37:37 am</b>] Anick DUPUY (admin) de INASSA  s'est connecté   
[<b>20/11/2019 11:37:37 am</b>] Anick DUPUY (admin) de INASSA est allé dans ACCUEIL 
[<b>20/11/2019 11:38:06 am</b>] Anick DUPUY (admin) de INASSA  a recherché   claudia germain 1990-09-17 [MM/DD/YYYY]
[<b>20/11/2019 11:39:58 am</b>] Dominique AMBROISE (medecin) de NASSA est allé dans ACCUEIL 
[<b>20/11/2019 11:40:05 am</b>] Dominique AMBROISE (medecin) de NASSA est allé dans ACCUEIL 
[<b>20/11/2019 11:40:25 am</b>] Fabiola FRANCOIS (medecin) de Hopital Espoir  s'est connecté   
[<b>20/11/2019 11:40:26 am</b>] Fabiola FRANCOIS (medecin) de Hopital Espoir est allé dans ACCUEIL 
[<b>20/11/2019 11:40:53 am</b>] Dominique AMBROISE (medecin) de NASSA  s'est déconnecté  
[<b>20/11/2019 11:43:28 am</b>] Fabiola FRANCOIS (medecin) de Hopital Espoir  s'est connecté   
[<b>20/11/2019 11:43:28 am</b>] Fabiola FRANCOIS (medecin) de Hopital Espoir est allé dans ACCUEIL 
[<b>20/11/2019 11:43:55 am</b>] Fabiola FRANCOIS (medecin) de Hopital Espoir  a recherché   indieulo dorsainvil 1988-10-15 [MM/DD/YYYY]
[<b>20/11/2019 11:45:18 am</b>] Fabiola FRANCOIS (medecin) de Hopital Espoir  a recherché   indieulo dorsainvil 1988-10-15 [MM/DD/YYYY]
[<b>20/11/2019 11:45:36 am</b>] Fabiola FRANCOIS (medecin) de Hopital Espoir a recherché le client INDIEULO DORSAINVIL 1988-10-16
[<b>20/11/2019 11:45:44 am</b>] Fabiola FRANCOIS (medecin) de Hopital Espoir est allé dans ACCUEIL 
[<b>20/11/2019 08:17:52 pm</b>] Wilkendhie JOSEPH (medecin) de Hopital du Canape Vert  s'est connecté   
[<b>20/11/2019 08:17:52 pm</b>] Wilkendhie JOSEPH (medecin) de Hopital du Canape Vert est allé dans ACCUEIL 
[<b>20/11/2019 08:19:24 pm</b>] Wilkendhie JOSEPH (medecin) de Hopital du Canape Vert  s'est déconnecté  
[<b>20/11/2019 08:19:24 pm</b>]   () de  est allé dans ACCUEIL 
[<b>20/11/2019 08:19:38 pm</b>] Wilkendhie JOSEPH (medecin) de Hopital du Canape Vert  s'est connecté   
[<b>20/11/2019 08:19:38 pm</b>] Wilkendhie JOSEPH (medecin) de Hopital du Canape Vert est allé dans ACCUEIL 
[<b>20/11/2019 08:20:39 pm</b>] Wilkendhie JOSEPH (medecin) de Hopital du Canape Vert  s'est déconnecté  
[<b>20/11/2019 08:20:39 pm</b>]   () de  est allé dans ACCUEIL 
[<b>20/11/2019 08:22:07 pm</b>] Wilkendhie JOSEPH (medecin) de Hopital du Canape Vert  s'est connecté   
[<b>20/11/2019 08:22:08 pm</b>] Wilkendhie JOSEPH (medecin) de Hopital du Canape Vert est allé dans ACCUEIL 
