[<b>04/06/2019 09:52:05 am</b>] Wilkendhie JOSEPH (medecin) de Hopital du Canape Vert  s'est connecté   
[<b>04/06/2019 09:52:06 am</b>] Wilkendhie JOSEPH (medecin) de Hopital du Canape Vert est allé dans ACCUEIL 
[<b>04/06/2019 10:00:23 am</b>]   () de   s'est déconnecté  
[<b>04/06/2019 10:02:48 am</b>] Wilkendhie JOSEPH (medecin) de Hopital du Canape Vert  s'est connecté   
[<b>04/06/2019 10:02:48 am</b>] Wilkendhie JOSEPH (medecin) de Hopital du Canape Vert est allé dans ACCUEIL 
[<b>04/06/2019 10:03:07 am</b>] Wilkendhie JOSEPH (medecin) de Hopital du Canape Vert est allé dans ACCUEIL 
[<b>04/06/2019 10:03:13 am</b>] Wilkendhie JOSEPH (medecin) de Hopital du Canape Vert est allé dans ACCUEIL 
[<b>04/06/2019 10:03:19 am</b>] Wilkendhie JOSEPH (medecin) de Hopital du Canape Vert est allé dans ACCUEIL 
[<b>04/06/2019 10:03:36 am</b>] Wilkendhie JOSEPH (medecin) de Hopital du Canape Vert  a recherché    LENS RODNEY JUNIOR  [MM/DD/YYYY]
[<b>04/06/2019 10:04:46 am</b>] Wilkendhie JOSEPH (medecin) de Hopital du Canape Vert  a recherché   PIERRE LENS RODNEY JUNIOR 2018-10-16 [MM/DD/YYYY]
[<b>04/06/2019 10:04:52 am</b>] Wilkendhie JOSEPH (medecin) de Hopital du Canape Vert  a recherché   PIERRE LENS RODNEY JUNIOR 2018-10-16 [MM/DD/YYYY]
[<b>04/06/2019 10:09:37 am</b>] Wilkendhie JOSEPH (medecin) de Hopital du Canape Vert a recherché le client DONALD BERTHIL 1966-11-16
[<b>04/06/2019 10:09:37 am</b>] Wilkendhie JOSEPH (medecin) de Hopital du Canape Vert a recherché le client DONALD BERTHIL 1966-11-16
[<b>04/06/2019 10:11:16 am</b>] Wilkendhie JOSEPH (medecin) de Hopital du Canape Vert est allé dans ACCUEIL 
[<b>04/06/2019 10:20:07 am</b>] Wilkendhie JOSEPH (medecin) de Hopital du Canape Vert  s'est connecté   
[<b>04/06/2019 10:20:07 am</b>] Wilkendhie JOSEPH (medecin) de Hopital du Canape Vert est allé dans ACCUEIL 
[<b>04/06/2019 10:22:31 am</b>] Wilkendhie JOSEPH (medecin) de Hopital du Canape Vert a recherché le client JACK-SENN THEODORE 2015-08-07
[<b>04/06/2019 10:23:13 am</b>] Wilkendhie JOSEPH (medecin) de Hopital du Canape Vert est allé dans ACCUEIL 
[<b>04/06/2019 10:31:43 am</b>] Natalie SYLVESTRE (medecin) de Hopital Espoir  s'est connecté   
[<b>04/06/2019 10:31:43 am</b>] Natalie SYLVESTRE (medecin) de Hopital Espoir est allé dans ACCUEIL 
[<b>04/06/2019 10:32:20 am</b>] Natalie SYLVESTRE (medecin) de Hopital Espoir a recherché le client CHLOE ISABELLE VIALA 2007-10-17
[<b>04/06/2019 10:33:34 am</b>] Natalie SYLVESTRE (medecin) de Hopital Espoir  s'est déconnecté  
[<b>04/06/2019 10:35:28 am</b>] Wilkendhie JOSEPH (medecin) de Hopital du Canape Vert  s'est connecté   
[<b>04/06/2019 10:35:29 am</b>] Wilkendhie JOSEPH (medecin) de Hopital du Canape Vert est allé dans ACCUEIL 
[<b>04/06/2019 10:36:53 am</b>] Wilkendhie JOSEPH (medecin) de Hopital du Canape Vert a recherché le client ANUSHKA RAYMOND JEAN 1975-02-07
[<b>04/06/2019 10:37:10 am</b>] Wilkendhie JOSEPH (medecin) de Hopital du Canape Vert est allé dans ACCUEIL 
[<b>04/06/2019 10:44:29 am</b>] Wilkendhie JOSEPH (medecin) de Hopital du Canape Vert  s'est connecté   
[<b>04/06/2019 10:44:30 am</b>] Wilkendhie JOSEPH (medecin) de Hopital du Canape Vert est allé dans ACCUEIL 
[<b>04/06/2019 10:47:03 am</b>] Wilkendhie JOSEPH (medecin) de Hopital du Canape Vert a recherché le client LENS PIERRE 2018-10-16
[<b>04/06/2019 10:47:35 am</b>] Wilkendhie JOSEPH (medecin) de Hopital du Canape Vert est allé dans ACCUEIL 
[<b>04/06/2019 11:50:18 am</b>] Wilkendhie JOSEPH (medecin) de Hopital du Canape Vert  s'est connecté   
[<b>04/06/2019 11:50:22 am</b>] Wilkendhie JOSEPH (medecin) de Hopital du Canape Vert est allé dans ACCUEIL 
[<b>04/06/2019 11:51:55 am</b>] Wilkendhie JOSEPH (medecin) de Hopital du Canape Vert a recherché le client PAUL FEDNER ZAMY 1971-01-27
[<b>04/06/2019 11:51:55 am</b>] Wilkendhie JOSEPH (medecin) de Hopital du Canape Vert a recherché le client PAUL FEDNER ZAMY 1971-01-27
[<b>04/06/2019 11:53:09 am</b>] Wilkendhie JOSEPH (medecin) de Hopital du Canape Vert est allé dans ACCUEIL 
[<b>04/06/2019 11:57:12 am</b>] Wilkendhie JOSEPH (medecin) de Hopital du Canape Vert  s'est connecté   
[<b>04/06/2019 11:57:14 am</b>] Wilkendhie JOSEPH (medecin) de Hopital du Canape Vert est allé dans ACCUEIL 
[<b>04/06/2019 11:59:16 am</b>] Wilkendhie JOSEPH (medecin) de Hopital du Canape Vert a recherché le client PAUL FEDNER ZAMY 1971-01-27
[<b>04/06/2019 11:59:17 am</b>] Wilkendhie JOSEPH (medecin) de Hopital du Canape Vert a recherché le client PAUL FEDNER ZAMY 1971-01-27
[<b>04/06/2019 12:01:33 pm</b>] Wilkendhie JOSEPH (medecin) de Hopital du Canape Vert est allé dans ACCUEIL 
[<b>04/06/2019 12:05:17 pm</b>] Wilkendhie JOSEPH (medecin) de Hopital du Canape Vert a recherché le client PAUL FEDNER ZAMY 1971-01-27
[<b>04/06/2019 12:05:17 pm</b>] Wilkendhie JOSEPH (medecin) de Hopital du Canape Vert a recherché le client PAUL FEDNER ZAMY 1971-01-27
[<b>04/06/2019 12:05:31 pm</b>] Wilkendhie JOSEPH (medecin) de Hopital du Canape Vert est allé dans ACCUEIL 
[<b>04/06/2019 12:05:42 pm</b>] Wilkendhie JOSEPH (medecin) de Hopital du Canape Vert est allé dans ACCUEIL 
