[<b>21/08/2019 04:11:25 am</b>] Wilkendhie JOSEPH (medecin) de Hopital du Canape Vert  s'est connecté   
[<b>21/08/2019 04:11:26 am</b>] Wilkendhie JOSEPH (medecin) de Hopital du Canape Vert est allé dans ACCUEIL 
[<b>21/08/2019 04:12:57 am</b>] Wilkendhie JOSEPH (medecin) de Hopital du Canape Vert a recherché le client DOLLY HERARD 2016-11-27
[<b>21/08/2019 04:12:57 am</b>] Wilkendhie JOSEPH (medecin) de Hopital du Canape Vert a recherché le client DOLLY HERARD 2016-11-27
[<b>21/08/2019 04:14:29 am</b>] Wilkendhie JOSEPH (medecin) de Hopital du Canape Vert est allé dans ACCUEIL 
[<b>21/08/2019 10:23:42 am</b>] Natalie SYLVESTRE (medecin) de Hopital Espoir  s'est connecté   
[<b>21/08/2019 10:23:42 am</b>] Natalie SYLVESTRE (medecin) de Hopital Espoir est allé dans ACCUEIL 
[<b>21/08/2019 11:20:12 am</b>] Jeanine JULES (medecin) de HOPITAL DE LA COMMUNAUTE HAITIENNE  s'est connecté   
[<b>21/08/2019 11:20:13 am</b>] Jeanine JULES (medecin) de HOPITAL DE LA COMMUNAUTE HAITIENNE est allé dans ACCUEIL 
[<b>21/08/2019 11:20:57 am</b>] Jeanine JULES (medecin) de HOPITAL DE LA COMMUNAUTE HAITIENNE  est allé dans HISTORIQUE 
[<b>21/08/2019 11:20:58 am</b>] Jeanine JULES (medecin) de HOPITAL DE LA COMMUNAUTE HAITIENNE  est allé dans HISTORIQUE 
[<b>21/08/2019 11:26:54 am</b>]   () de   s'est déconnecté  
[<b>21/08/2019 12:16:10 pm</b>] Marly Joelle HILAIRE (medecin) de Clinique Dr Hilaire  s'est connecté   
[<b>21/08/2019 12:16:17 pm</b>] Marly Joelle HILAIRE (medecin) de Clinique Dr Hilaire est allé dans ACCUEIL 
[<b>21/08/2019 12:17:09 pm</b>] Marly Joelle HILAIRE (medecin) de Clinique Dr Hilaire a recherché le client JONATHAN YVES VILFRANCHE 1988-07-25
[<b>21/08/2019 12:17:09 pm</b>] Marly Joelle HILAIRE (medecin) de Clinique Dr Hilaire a recherché le client JONATHAN YVES VILFRANCHE 1988-07-25
[<b>21/08/2019 12:17:37 pm</b>] Marly Joelle HILAIRE (medecin) de Clinique Dr Hilaire  est allé dans HISTORIQUE 
[<b>21/08/2019 01:23:11 pm</b>] Rose Christephane BANATTES (medecin) de Hopital Espoir  s'est connecté   
[<b>21/08/2019 01:23:12 pm</b>] Rose Christephane BANATTES (medecin) de Hopital Espoir  s'est connecté   
[<b>21/08/2019 01:23:13 pm</b>] Rose Christephane BANATTES (medecin) de Hopital Espoir est allé dans ACCUEIL 
[<b>21/08/2019 06:57:19 pm</b>] Marly Joelle HILAIRE (medecin) de Clinique Dr Hilaire  s'est connecté   
[<b>21/08/2019 06:57:19 pm</b>] Marly Joelle HILAIRE (medecin) de Clinique Dr Hilaire est allé dans ACCUEIL 
[<b>21/08/2019 06:58:02 pm</b>] Marly Joelle HILAIRE (medecin) de Clinique Dr Hilaire  a recherché   marie Josee hilaire 1956-03-17 [MM/DD/YYYY]
[<b>21/08/2019 06:58:12 pm</b>] Marly Joelle HILAIRE (medecin) de Clinique Dr Hilaire  a recherché   marie Josee hilaire 1956-03-18 [MM/DD/YYYY]
[<b>21/08/2019 06:58:27 pm</b>] Marly Joelle HILAIRE (medecin) de Clinique Dr Hilaire  a recherché   marie -Josee hilaire 1956-03-18 [MM/DD/YYYY]
[<b>21/08/2019 06:58:36 pm</b>] Marly Joelle HILAIRE (medecin) de Clinique Dr Hilaire  a recherché   marie -Jose hilaire 1956-03-18 [MM/DD/YYYY]
[<b>21/08/2019 06:58:50 pm</b>] Marly Joelle HILAIRE (medecin) de Clinique Dr Hilaire  a recherché   marie -Jose hilaire 1956-03-19 [MM/DD/YYYY]
[<b>21/08/2019 06:59:15 pm</b>] Marly Joelle HILAIRE (medecin) de Clinique Dr Hilaire  a recherché   dupre marie Josee hilaire 1956-03-17 [MM/DD/YYYY]
[<b>21/08/2019 06:59:24 pm</b>] Marly Joelle HILAIRE (medecin) de Clinique Dr Hilaire  est allé dans HISTORIQUE 
