[<b>15/07/2020 09:56:47 am</b>] Sanon WIDMAIER (admin) de INASSA  s'est connecté   
[<b>15/07/2020 09:56:47 am</b>] Sanon WIDMAIER (admin) de INASSA est allé dans ACCUEIL 
[<b>15/07/2020 09:57:05 am</b>] Sanon WIDMAIER (admin) de INASSA a recherché le client WIDMAIER SANON 1978-07-01
[<b>15/07/2020 09:57:05 am</b>] Sanon WIDMAIER (admin) de INASSA a recherché le client WIDMAIER SANON 1978-07-01
[<b>15/07/2020 09:58:54 am</b>] Sanon WIDMAIER (admin) de INASSA a recherché le client SASHA SANON 2016-07-27
[<b>15/07/2020 09:59:43 am</b>] Sanon WIDMAIER (admin) de INASSA a recherché le client SASHA SANON 2016-07-27
[<b>15/07/2020 10:11:15 am</b>] Wilkendhie JOSEPH (medecin) de Hopital du Canape Vert  s'est connecté   
[<b>15/07/2020 10:11:15 am</b>] Wilkendhie JOSEPH (medecin) de Hopital du Canape Vert est allé dans ACCUEIL 
[<b>15/07/2020 10:12:16 am</b>] Wilkendhie JOSEPH (medecin) de Hopital du Canape Vert a recherché le client SOPHIA MEZINE 1991-03-18
[<b>15/07/2020 10:12:16 am</b>] Wilkendhie JOSEPH (medecin) de Hopital du Canape Vert a recherché le client SOPHIA MEZINE 1991-03-18
[<b>15/07/2020 10:12:16 am</b>] Wilkendhie JOSEPH (medecin) de Hopital du Canape Vert a recherché le client SOPHIA MEZINE 1991-03-18
[<b>15/07/2020 10:12:16 am</b>] Wilkendhie JOSEPH (medecin) de Hopital du Canape Vert a recherché le client SOPHIA MEZINE 1991-03-18
[<b>15/07/2020 10:12:41 am</b>] Wilkendhie JOSEPH (medecin) de Hopital du Canape Vert est allé dans ACCUEIL 
[<b>15/07/2020 10:13:40 am</b>] Wilkendhie JOSEPH (medecin) de Hopital du Canape Vert  a recherché   ann'laickah vincent 1998-10-12 [MM/DD/YYYY]
[<b>15/07/2020 10:13:53 am</b>] Wilkendhie JOSEPH (medecin) de Hopital du Canape Vert  a recherché   ann'laickah vincent 1998-10-10 [MM/DD/YYYY]
[<b>15/07/2020 10:14:07 am</b>] Wilkendhie JOSEPH (medecin) de Hopital du Canape Vert  a recherché   ann laickah vincent 1998-10-10 [MM/DD/YYYY]
[<b>15/07/2020 12:58:00 pm</b>] Marc-Eric ALTIDOR (admin) de INASSA  s'est connecté   
[<b>15/07/2020 12:58:00 pm</b>] Marc-Eric ALTIDOR (admin) de INASSA est allé dans ACCUEIL 
[<b>15/07/2020 12:58:19 pm</b>] Marc-Eric ALTIDOR (admin) de INASSA  a recherché   Kelly altidor 2005-02-21 [MM/DD/YYYY]
[<b>15/07/2020 12:58:30 pm</b>] Marc-Eric ALTIDOR (admin) de INASSA a recherché le client MARC-KELLY ALTIDOR 2005-02-22
[<b>15/07/2020 12:58:31 pm</b>] Fabiola FRANCOIS (medecin) de Hopital Espoir  s'est connecté   
[<b>15/07/2020 12:58:32 pm</b>] Fabiola FRANCOIS (medecin) de Hopital Espoir est allé dans ACCUEIL 
[<b>15/07/2020 12:59:14 pm</b>] Fabiola FRANCOIS (medecin) de Hopital Espoir  a recherché   neisha gentil 2006-07-10 [MM/DD/YYYY]
[<b>15/07/2020 12:59:25 pm</b>] Fabiola FRANCOIS (medecin) de Hopital Espoir  a recherché   neisha gentille 2006-07-10 [MM/DD/YYYY]
[<b>15/07/2020 12:59:43 pm</b>] Marc-Eric ALTIDOR (admin) de INASSA a recherché le client MARC-ERIC ALTIDOR 1975-06-28
[<b>15/07/2020 12:59:47 pm</b>] Fabiola FRANCOIS (medecin) de Hopital Espoir  a recherché   neisha gentil 2005-07-10 [MM/DD/YYYY]
[<b>15/07/2020 01:00:56 pm</b>] Fabiola FRANCOIS (medecin) de Hopital Espoir a recherché le client NIRVA ALCINDOR 1972-04-03
