[<b>19/11/2020 12:21:48 am</b>] Wilkendhie JOSEPH (medecin) de Hopital du Canape Vert  s'est connecté   
[<b>19/11/2020 12:21:48 am</b>] Wilkendhie JOSEPH (medecin) de Hopital du Canape Vert est allé dans ACCUEIL 
[<b>19/11/2020 12:22:23 am</b>] Wilkendhie JOSEPH (medecin) de Hopital du Canape Vert a recherché le client CEBASTIEN PIERRE 1990-05-06
[<b>19/11/2020 12:22:39 am</b>] Wilkendhie JOSEPH (medecin) de Hopital du Canape Vert est allé dans ACCUEIL 
[<b>19/11/2020 11:15:01 am</b>] Maria Gabelita ASSAD (medecin) de Clinique Dr M. Gabellita Assad  s'est connecté   
[<b>19/11/2020 11:15:17 am</b>] Maria Gabelita ASSAD (medecin) de Clinique Dr M. Gabellita Assad  s'est connecté   
[<b>19/11/2020 11:15:21 am</b>] Maria Gabelita ASSAD (medecin) de Clinique Dr M. Gabellita Assad est allé dans ACCUEIL 
[<b>19/11/2020 11:15:31 am</b>] Maria Gabelita ASSAD (medecin) de Clinique Dr M. Gabellita Assad  s'est connecté   
[<b>19/11/2020 11:15:34 am</b>] Maria Gabelita ASSAD (medecin) de Clinique Dr M. Gabellita Assad est allé dans ACCUEIL 
[<b>19/11/2020 11:18:41 am</b>] Maria Gabelita ASSAD (medecin) de Clinique Dr M. Gabellita Assad  a recherché   Shervenly Dimamche Francois 1995-06-14 [MM/DD/YYYY]
[<b>19/11/2020 11:18:43 am</b>] Maria Gabelita ASSAD (medecin) de Clinique Dr M. Gabellita Assad est allé dans ACCUEIL 
[<b>19/11/2020 11:19:18 am</b>] Maria Gabelita ASSAD (medecin) de Clinique Dr M. Gabellita Assad  a recherché   Shervenly Dimamche Francois 1995-06-14 [MM/DD/YYYY]
[<b>19/11/2020 11:19:22 am</b>] Maria Gabelita ASSAD (medecin) de Clinique Dr M. Gabellita Assad  a recherché   Shervenly Dimamche Francois 1995-06-14 [MM/DD/YYYY]
[<b>19/11/2020 11:19:31 am</b>] Maria Gabelita ASSAD (medecin) de Clinique Dr M. Gabellita Assad  a recherché   Shervenly Dimamche Francois 1995-06-14 [MM/DD/YYYY]
[<b>19/11/2020 02:19:16 pm</b>] Wilkendhie JOSEPH (medecin) de Hopital du Canape Vert  s'est connecté   
[<b>19/11/2020 02:19:16 pm</b>] Wilkendhie JOSEPH (medecin) de Hopital du Canape Vert est allé dans ACCUEIL 
[<b>19/11/2020 02:19:45 pm</b>] Wilkendhie JOSEPH (medecin) de Hopital du Canape Vert a recherché le client VANESSA ETIENNE 1988-10-15
[<b>19/11/2020 02:20:19 pm</b>] Wilkendhie JOSEPH (medecin) de Hopital du Canape Vert est allé dans ACCUEIL 
[<b>19/11/2020 09:48:24 pm</b>] Wilkendhie JOSEPH (medecin) de Hopital du Canape Vert  s'est connecté   
[<b>19/11/2020 09:48:24 pm</b>] Wilkendhie JOSEPH (medecin) de Hopital du Canape Vert est allé dans ACCUEIL 
[<b>19/11/2020 09:49:19 pm</b>] Wilkendhie JOSEPH (medecin) de Hopital du Canape Vert a recherché le client ALESSANDRO JOSEPH 2017-06-30
[<b>19/11/2020 09:49:41 pm</b>] Wilkendhie JOSEPH (medecin) de Hopital du Canape Vert est allé dans ACCUEIL 
