[<b>14/09/2020 09:06:24 am</b>] Shana MONOPOL (medecin) de Hopital Espoir  s'est connecté   
[<b>14/09/2020 09:06:24 am</b>] Shana MONOPOL (medecin) de Hopital Espoir est allé dans ACCUEIL 
[<b>14/09/2020 09:08:24 am</b>] Shana MONOPOL (medecin) de Hopital Espoir a recherché le client GINETTE ANICE 1984-07-04
[<b>14/09/2020 09:08:24 am</b>] Shana MONOPOL (medecin) de Hopital Espoir a recherché le client GINETTE ANICE 1984-07-04
[<b>14/09/2020 09:08:24 am</b>] Shana MONOPOL (medecin) de Hopital Espoir a recherché le client GINETTE ANICE 1984-07-04
[<b>14/09/2020 09:08:24 am</b>] Shana MONOPOL (medecin) de Hopital Espoir a recherché le client GINETTE ANICE 1984-07-04
[<b>14/09/2020 09:09:05 am</b>] Shana MONOPOL (medecin) de Hopital Espoir est allé dans ACCUEIL 
[<b>14/09/2020 09:57:10 am</b>] Shana MONOPOL (medecin) de Hopital Espoir  s'est connecté   
[<b>14/09/2020 09:57:11 am</b>] Shana MONOPOL (medecin) de Hopital Espoir est allé dans ACCUEIL 
[<b>14/09/2020 09:57:42 am</b>] Shana MONOPOL (medecin) de Hopital Espoir a recherché le client PACITO SYLVAIN 1991-11-04
[<b>14/09/2020 09:57:56 am</b>] Shana MONOPOL (medecin) de Hopital Espoir est allé dans ACCUEIL 
[<b>14/09/2020 11:23:09 am</b>] Marc-Eric ALTIDOR (admin) de INASSA  s'est connecté   
[<b>14/09/2020 11:23:10 am</b>] Marc-Eric ALTIDOR (admin) de INASSA est allé dans ACCUEIL 
[<b>14/09/2020 11:23:18 am</b>] Marc-Eric ALTIDOR (admin) de INASSA  est allé dans PARAMETRES  
[<b>14/09/2020 11:33:22 am</b>] Johanne LAROCHE (medecin) de Clinique du Dr Decastro  s'est connecté   
[<b>14/09/2020 11:33:22 am</b>] Johanne LAROCHE (medecin) de Clinique du Dr Decastro est allé dans ACCUEIL 
[<b>14/09/2020 11:34:45 am</b>] Johanne LAROCHE (medecin) de Clinique du Dr Decastro est allé dans ACCUEIL 
[<b>14/09/2020 11:35:06 am</b>] Johanne LAROCHE (medecin) de Clinique du Dr Decastro est allé dans ACCUEIL 
[<b>14/09/2020 11:35:38 am</b>] Johanne LAROCHE (medecin) de Clinique du Dr Decastro est allé dans ACCUEIL 
[<b>14/09/2020 11:35:43 am</b>] Johanne LAROCHE (medecin) de Clinique du Dr Decastro est allé dans ACCUEIL 
[<b>14/09/2020 11:36:36 am</b>] Johanne LAROCHE (medecin) de Clinique du Dr Decastro est allé dans ACCUEIL 
[<b>14/09/2020 11:37:33 am</b>] Johanne LAROCHE (medecin) de Clinique du Dr Decastro est allé dans ACCUEIL 
[<b>14/09/2020 11:38:23 am</b>] Johanne LAROCHE (medecin) de Clinique du Dr Decastro est allé dans ACCUEIL 
[<b>14/09/2020 11:38:56 am</b>] Johanne LAROCHE (medecin) de Clinique du Dr Decastro est allé dans ACCUEIL 
[<b>14/09/2020 11:41:46 am</b>] Johanne LAROCHE (medecin) de Clinique du Dr Decastro est allé dans ACCUEIL 
[<b>14/09/2020 11:43:42 am</b>] Johanne LAROCHE (medecin) de Clinique du Dr Decastro  s'est connecté   
[<b>14/09/2020 11:43:42 am</b>] Johanne LAROCHE (medecin) de Clinique du Dr Decastro est allé dans ACCUEIL 
[<b>14/09/2020 11:44:02 am</b>] Johanne LAROCHE (medecin) de Clinique du Dr Decastro est allé dans ACCUEIL 
[<b>14/09/2020 11:44:07 am</b>] Johanne LAROCHE (medecin) de Clinique du Dr Decastro est allé dans ACCUEIL 
[<b>14/09/2020 11:45:00 am</b>] Johanne LAROCHE (medecin) de Clinique du Dr Decastro  s'est connecté   
[<b>14/09/2020 11:45:00 am</b>] Johanne LAROCHE (medecin) de Clinique du Dr Decastro est allé dans ACCUEIL 
[<b>14/09/2020 11:45:38 am</b>] Johanne LAROCHE (medecin) de Clinique du Dr Decastro est allé dans ACCUEIL 
[<b>14/09/2020 11:45:58 am</b>] Johanne LAROCHE (medecin) de Clinique du Dr Decastro est allé dans ACCUEIL 
[<b>14/09/2020 11:46:17 am</b>] Johanne LAROCHE (medecin) de Clinique du Dr Decastro est allé dans ACCUEIL 
[<b>14/09/2020 11:48:50 am</b>] Johanne LAROCHE (medecin) de Clinique du Dr Decastro est allé dans ACCUEIL 
[<b>14/09/2020 11:48:55 am</b>] Johanne LAROCHE (medecin) de Clinique du Dr Decastro est allé dans ACCUEIL 
[<b>14/09/2020 11:49:09 am</b>] Johanne LAROCHE (medecin) de Clinique du Dr Decastro est allé dans ACCUEIL 
[<b>14/09/2020 11:50:15 am</b>] Johanne LAROCHE (medecin) de Clinique du Dr Decastro  s'est connecté   
[<b>14/09/2020 11:50:16 am</b>] Johanne LAROCHE (medecin) de Clinique du Dr Decastro est allé dans ACCUEIL 
[<b>14/09/2020 11:52:18 am</b>] Marc-Eric ALTIDOR (admin) de INASSA  s'est connecté   
[<b>14/09/2020 11:52:20 am</b>] Johanne LAROCHE (medecin) de Clinique du Dr Decastro est allé dans ACCUEIL 
[<b>14/09/2020 11:52:28 am</b>] Marc-Eric ALTIDOR (admin) de INASSA  s'est connecté   
[<b>14/09/2020 11:52:46 am</b>] Marc-Eric ALTIDOR (admin) de INASSA  s'est connecté   
[<b>14/09/2020 11:53:07 am</b>] Marc-Eric ALTIDOR (admin) de INASSA  s'est connecté   
[<b>14/09/2020 12:14:05 pm</b>] Marc-Eric ALTIDOR (admin) de INASSA  s'est connecté   
[<b>14/09/2020 12:14:16 pm</b>] Marc-Eric ALTIDOR (admin) de INASSA  s'est connecté   
[<b>14/09/2020 12:17:32 pm</b>] Sanon WIDMAIER (admin) de INASSA  s'est connecté   
[<b>14/09/2020 12:17:32 pm</b>] Sanon WIDMAIER (admin) de INASSA est allé dans ACCUEIL 
[<b>14/09/2020 12:17:52 pm</b>] Sanon WIDMAIER (admin) de INASSA a recherché le client WIDMAIER SANON 1978-07-01
[<b>14/09/2020 12:17:52 pm</b>] Sanon WIDMAIER (admin) de INASSA a recherché le client WIDMAIER SANON 1978-07-01
[<b>14/09/2020 12:18:02 pm</b>] Marc-Eric ALTIDOR (admin) de INASSA  s'est connecté   
[<b>14/09/2020 12:18:15 pm</b>] Sanon WIDMAIER (admin) de INASSA est allé dans ACCUEIL 
[<b>14/09/2020 12:18:35 pm</b>] Marc-Eric ALTIDOR (admin) de INASSA  s'est connecté   
[<b>14/09/2020 12:18:35 pm</b>] Marc-Eric ALTIDOR (admin) de INASSA est allé dans ACCUEIL 
[<b>14/09/2020 12:19:03 pm</b>] Marc-Eric ALTIDOR (admin) de INASSA a recherché le client MARC-ERIC ALTIDOR 1975-06-28
[<b>14/09/2020 01:07:55 pm</b>] Shana MONOPOL (medecin) de Hopital Espoir  s'est connecté   
[<b>14/09/2020 01:07:57 pm</b>] Shana MONOPOL (medecin) de Hopital Espoir  s'est connecté   
[<b>14/09/2020 01:07:58 pm</b>] Shana MONOPOL (medecin) de Hopital Espoir  s'est connecté   
[<b>14/09/2020 01:07:59 pm</b>] Shana MONOPOL (medecin) de Hopital Espoir  s'est connecté   
[<b>14/09/2020 01:08:01 pm</b>] Shana MONOPOL (medecin) de Hopital Espoir  s'est connecté   
[<b>14/09/2020 01:09:21 pm</b>] Shana MONOPOL (medecin) de Hopital Espoir  s'est connecté   
[<b>14/09/2020 01:09:22 pm</b>] Shana MONOPOL (medecin) de Hopital Espoir est allé dans ACCUEIL 
[<b>14/09/2020 01:10:20 pm</b>] Shana MONOPOL (medecin) de Hopital Espoir a recherché le client THEOPHANE LABOSSIERE 2015-12-08
[<b>14/09/2020 01:10:42 pm</b>] Shana MONOPOL (medecin) de Hopital Espoir est allé dans ACCUEIL 
