[<b>03/03/2020 10:13:58 am</b>] Rood-Jerry GEFFRARD (medecin) de Hopital Adventiste Diquini  s'est connecté   
[<b>03/03/2020 10:13:59 am</b>] Rood-Jerry GEFFRARD (medecin) de Hopital Adventiste Diquini  s'est connecté   
[<b>03/03/2020 10:14:00 am</b>] Rood-Jerry GEFFRARD (medecin) de Hopital Adventiste Diquini  s'est connecté   
[<b>03/03/2020 10:14:01 am</b>] Rood-Jerry GEFFRARD (medecin) de Hopital Adventiste Diquini  s'est connecté   
[<b>03/03/2020 10:14:01 am</b>] Rood-Jerry GEFFRARD (medecin) de Hopital Adventiste Diquini est allé dans ACCUEIL 
[<b>03/03/2020 10:14:02 am</b>] Rood-Jerry GEFFRARD (medecin) de Hopital Adventiste Diquini  s'est connecté   
[<b>03/03/2020 10:14:03 am</b>] Rood-Jerry GEFFRARD (medecin) de Hopital Adventiste Diquini  s'est connecté   
[<b>03/03/2020 10:15:11 am</b>] Rood-Jerry GEFFRARD (medecin) de Hopital Adventiste Diquini  a recherché   Francesca Rosenka Raphael 1993-09-06 [MM/DD/YYYY]
[<b>03/03/2020 10:26:38 am</b>] Wilkendhie JOSEPH (medecin) de Hopital du Canape Vert  s'est connecté   
[<b>03/03/2020 10:26:38 am</b>] Wilkendhie JOSEPH (medecin) de Hopital du Canape Vert est allé dans ACCUEIL 
[<b>03/03/2020 10:28:32 am</b>] Wilkendhie JOSEPH (medecin) de Hopital du Canape Vert a recherché le client CATHALEA PREVALY 2016-04-19
[<b>03/03/2020 10:28:56 am</b>] Wilkendhie JOSEPH (medecin) de Hopital du Canape Vert est allé dans ACCUEIL 
[<b>03/03/2020 01:15:55 pm</b>] Wilkendhie JOSEPH (medecin) de Hopital du Canape Vert  s'est connecté   
[<b>03/03/2020 01:15:56 pm</b>] Wilkendhie JOSEPH (medecin) de Hopital du Canape Vert est allé dans ACCUEIL 
[<b>03/03/2020 01:16:51 pm</b>] Wilkendhie JOSEPH (medecin) de Hopital du Canape Vert a recherché le client GIANNIE JEAN BAPTISTE 1978-02-22
[<b>03/03/2020 01:17:08 pm</b>] Wilkendhie JOSEPH (medecin) de Hopital du Canape Vert est allé dans ACCUEIL 
[<b>03/03/2020 01:41:59 pm</b>] Wilkendhie JOSEPH (medecin) de Hopital du Canape Vert  s'est connecté   
[<b>03/03/2020 01:41:59 pm</b>] Wilkendhie JOSEPH (medecin) de Hopital du Canape Vert est allé dans ACCUEIL 
[<b>03/03/2020 01:42:30 pm</b>] Wilkendhie JOSEPH (medecin) de Hopital du Canape Vert a recherché le client GIANNIE JEAN BAPTISTE 1978-02-22
[<b>03/03/2020 01:42:40 pm</b>] Wilkendhie JOSEPH (medecin) de Hopital du Canape Vert est allé dans ACCUEIL 
