[<b>10/10/2020 11:39:20 am</b>] Maria Gabelita ASSAD (medecin) de Clinique Dr M. Gabellita Assad  s'est connecté   
[<b>10/10/2020 11:39:25 am</b>] Maria Gabelita ASSAD (medecin) de Clinique Dr M. Gabellita Assad  s'est connecté   
[<b>10/10/2020 11:39:25 am</b>] Maria Gabelita ASSAD (medecin) de Clinique Dr M. Gabellita Assad est allé dans ACCUEIL 
[<b>10/10/2020 11:41:46 am</b>] Rood-Jerry GEFFRARD (medecin) de Hopital Adventiste Diquini  s'est connecté   
[<b>10/10/2020 11:41:46 am</b>] Rood-Jerry GEFFRARD (medecin) de Hopital Adventiste Diquini est allé dans ACCUEIL 
[<b>10/10/2020 11:42:51 am</b>] Rood-Jerry GEFFRARD (medecin) de Hopital Adventiste Diquini a recherché le client SUZANNE JULES JEANTY 1974-06-17
[<b>10/10/2020 12:27:21 pm</b>] Maria Gabelita ASSAD (medecin) de Clinique Dr M. Gabellita Assad  s'est connecté   
[<b>10/10/2020 12:27:22 pm</b>] Maria Gabelita ASSAD (medecin) de Clinique Dr M. Gabellita Assad  s'est connecté   
[<b>10/10/2020 12:27:23 pm</b>] Maria Gabelita ASSAD (medecin) de Clinique Dr M. Gabellita Assad est allé dans ACCUEIL 
[<b>10/10/2020 12:28:13 pm</b>] Maria Gabelita ASSAD (medecin) de Clinique Dr M. Gabellita Assad  a recherché   Oudile Cazeau 1985-10-22 [MM/DD/YYYY]
[<b>10/10/2020 12:28:29 pm</b>] Maria Gabelita ASSAD (medecin) de Clinique Dr M. Gabellita Assad  a recherché   Oudlibe Cazeau 1985-10-22 [MM/DD/YYYY]
[<b>10/10/2020 12:28:42 pm</b>] Maria Gabelita ASSAD (medecin) de Clinique Dr M. Gabellita Assad a recherché le client OUDLINE CAZEAU 1985-10-22
[<b>10/10/2020 12:28:42 pm</b>] Maria Gabelita ASSAD (medecin) de Clinique Dr M. Gabellita Assad a recherché le client OUDLINE CAZEAU 1985-10-22
[<b>10/10/2020 12:28:46 pm</b>] Maria Gabelita ASSAD (medecin) de Clinique Dr M. Gabellita Assad a recherché le client OUDLINE CAZEAU 1985-10-22
[<b>10/10/2020 12:28:46 pm</b>] Maria Gabelita ASSAD (medecin) de Clinique Dr M. Gabellita Assad a recherché le client OUDLINE CAZEAU 1985-10-22
[<b>10/10/2020 12:28:51 pm</b>] Maria Gabelita ASSAD (medecin) de Clinique Dr M. Gabellita Assad a recherché le client OUDLINE CAZEAU 1985-10-22
[<b>10/10/2020 12:28:51 pm</b>] Maria Gabelita ASSAD (medecin) de Clinique Dr M. Gabellita Assad a recherché le client OUDLINE CAZEAU 1985-10-22
[<b>10/10/2020 09:56:26 pm</b>] Wilkendhie JOSEPH (medecin) de Hopital du Canape Vert  s'est connecté   
[<b>10/10/2020 09:56:26 pm</b>] Wilkendhie JOSEPH (medecin) de Hopital du Canape Vert est allé dans ACCUEIL 
[<b>10/10/2020 10:01:03 pm</b>] Wilkendhie JOSEPH (medecin) de Hopital du Canape Vert  a recherché   MYRIAME dorvilier 1989-06-03 [MM/DD/YYYY]
[<b>10/10/2020 10:01:25 pm</b>] Wilkendhie JOSEPH (medecin) de Hopital du Canape Vert a recherché le client MYRIAME DORVILIER LAVOILE 1989-07-03
[<b>10/10/2020 10:01:44 pm</b>] Wilkendhie JOSEPH (medecin) de Hopital du Canape Vert est allé dans ACCUEIL 
