[<b>10/07/2020 09:19:25 am</b>] Rood-Jerry GEFFRARD (medecin) de Hopital Adventiste Diquini  s'est connecté   
[<b>10/07/2020 09:19:27 am</b>] Rood-Jerry GEFFRARD (medecin) de Hopital Adventiste Diquini est allé dans ACCUEIL 
[<b>10/07/2020 09:21:45 am</b>] Rood-Jerry GEFFRARD (medecin) de Hopital Adventiste Diquini  a recherché   Wodensky Derilus 2019-11-17 [MM/DD/YYYY]
[<b>10/07/2020 09:26:10 am</b>] Rood-Jerry GEFFRARD (medecin) de Hopital Adventiste Diquini  a recherché   Wodensky Derilus 2019-11-17 [MM/DD/YYYY]
[<b>10/07/2020 09:26:29 am</b>] Rood-Jerry GEFFRARD (medecin) de Hopital Adventiste Diquini  a recherché   Woodensky Derilus 2019-11-17 [MM/DD/YYYY]
[<b>10/07/2020 04:12:11 pm</b>] Fabiola FRANCOIS (medecin) de Hopital Espoir  s'est connecté   
[<b>10/07/2020 04:12:16 pm</b>] Fabiola FRANCOIS (medecin) de Hopital Espoir est allé dans ACCUEIL 
[<b>10/07/2020 04:15:02 pm</b>] Fabiola FRANCOIS (medecin) de Hopital Espoir  s'est connecté   
[<b>10/07/2020 04:15:03 pm</b>] Fabiola FRANCOIS (medecin) de Hopital Espoir est allé dans ACCUEIL 
[<b>10/07/2020 04:15:59 pm</b>] Fabiola FRANCOIS (medecin) de Hopital Espoir a recherché le client FEDELINE AUGUSTIN 1990-01-22
[<b>10/07/2020 04:16:47 pm</b>] Fabiola FRANCOIS (medecin) de Hopital Espoir a recherché le client FEDELINE AUGUSTIN 1990-01-22
[<b>10/07/2020 10:29:27 pm</b>] Wilkendhie JOSEPH (medecin) de Hopital du Canape Vert  s'est connecté   
[<b>10/07/2020 10:29:28 pm</b>] Wilkendhie JOSEPH (medecin) de Hopital du Canape Vert est allé dans ACCUEIL 
[<b>10/07/2020 10:30:57 pm</b>] Wilkendhie JOSEPH (medecin) de Hopital du Canape Vert  a recherché   RENE LUCAS JULIEN 2018-08-18 [MM/DD/YYYY]
[<b>10/07/2020 10:31:12 pm</b>] Wilkendhie JOSEPH (medecin) de Hopital du Canape Vert  a recherché   LUCAS JULIEN 2018-08-18 [MM/DD/YYYY]
[<b>10/07/2020 10:31:59 pm</b>] Wilkendhie JOSEPH (medecin) de Hopital du Canape Vert  a recherché   LUCAS RENE JULIEN 2018-08-18 [MM/DD/YYYY]
[<b>10/07/2020 10:32:06 pm</b>] Wilkendhie JOSEPH (medecin) de Hopital du Canape Vert  a recherché   LUCAS RENEE JULIEN 2018-08-18 [MM/DD/YYYY]
[<b>10/07/2020 10:32:44 pm</b>] Wilkendhie JOSEPH (medecin) de Hopital du Canape Vert  a recherché   WILKENS DAVE JULIEN 1985-10-18 [MM/DD/YYYY]
[<b>10/07/2020 10:33:16 pm</b>] Wilkendhie JOSEPH (medecin) de Hopital du Canape Vert a recherché le client WILKENS DAVE JULIEN 1985-10-30
[<b>10/07/2020 10:33:16 pm</b>] Wilkendhie JOSEPH (medecin) de Hopital du Canape Vert a recherché le client WILKENS DAVE JULIEN 1985-10-30
[<b>10/07/2020 10:34:09 pm</b>] Wilkendhie JOSEPH (medecin) de Hopital du Canape Vert  a recherché   Lovely PIERRE 1987-09-15 [MM/DD/YYYY]
[<b>10/07/2020 10:38:22 pm</b>] Wilkendhie JOSEPH (medecin) de Hopital du Canape Vert est allé dans ACCUEIL 
[<b>10/07/2020 10:39:08 pm</b>] Wilkendhie JOSEPH (medecin) de Hopital du Canape Vert a recherché le client NADIA JULIEN 1986-12-05
[<b>10/07/2020 10:40:02 pm</b>] Wilkendhie JOSEPH (medecin) de Hopital du Canape Vert a recherché le client WILKENS DAVE JULIEN 1985-10-30
[<b>10/07/2020 10:40:02 pm</b>] Wilkendhie JOSEPH (medecin) de Hopital du Canape Vert a recherché le client WILKENS DAVE JULIEN 1985-10-30
[<b>10/07/2020 10:40:35 pm</b>] Wilkendhie JOSEPH (medecin) de Hopital du Canape Vert  a recherché   LUCAS RENE JULIEN 2018-08-18 [MM/DD/YYYY]
