[<b>18/09/2020 09:24:14 am</b>] Maria Gabelita ASSAD (medecin) de Clinique Dr M. Gabellita Assad  s'est connecté   
[<b>18/09/2020 09:24:15 am</b>] Maria Gabelita ASSAD (medecin) de Clinique Dr M. Gabellita Assad  s'est connecté   
[<b>18/09/2020 09:24:16 am</b>] Maria Gabelita ASSAD (medecin) de Clinique Dr M. Gabellita Assad est allé dans ACCUEIL 
[<b>18/09/2020 09:24:18 am</b>] Maria Gabelita ASSAD (medecin) de Clinique Dr M. Gabellita Assad  s'est connecté   
[<b>18/09/2020 09:24:18 am</b>] Maria Gabelita ASSAD (medecin) de Clinique Dr M. Gabellita Assad est allé dans ACCUEIL 
[<b>18/09/2020 09:25:52 am</b>] Maria Gabelita ASSAD (medecin) de Clinique Dr M. Gabellita Assad a recherché le client ROSE LEGOUTE 1968-05-12
[<b>18/09/2020 09:25:52 am</b>] Maria Gabelita ASSAD (medecin) de Clinique Dr M. Gabellita Assad a recherché le client ROSE LEGOUTE 1968-05-12
[<b>18/09/2020 09:25:52 am</b>] Maria Gabelita ASSAD (medecin) de Clinique Dr M. Gabellita Assad a recherché le client ROSE LEGOUTE 1968-05-12
[<b>18/09/2020 09:29:55 am</b>] Maria Gabelita ASSAD (medecin) de Clinique Dr M. Gabellita Assad a recherché le client JENNY FLORE TANIS 1992-01-16
[<b>18/09/2020 09:35:05 am</b>] Chrislin NOEL (medecin) de Clinique du Dr Grenson Jeune  s'est connecté   
[<b>18/09/2020 09:35:05 am</b>] Chrislin NOEL (medecin) de Clinique du Dr Grenson Jeune est allé dans ACCUEIL 
[<b>18/09/2020 09:36:13 am</b>] Chrislin NOEL (medecin) de Clinique du Dr Grenson Jeune a recherché le client STENLEY ALEXANDRE 1990-03-13
[<b>18/09/2020 09:37:49 am</b>] Chrislin NOEL (medecin) de Clinique du Dr Grenson Jeune a recherché le client JOHANNE DORTINMA 1992-04-14
[<b>18/09/2020 09:43:38 am</b>]   () de   s'est déconnecté  
[<b>18/09/2020 04:11:29 pm</b>] Rood-Jerry GEFFRARD (medecin) de Hopital Adventiste Diquini  s'est connecté   
[<b>18/09/2020 04:11:29 pm</b>] Rood-Jerry GEFFRARD (medecin) de Hopital Adventiste Diquini est allé dans ACCUEIL 
[<b>18/09/2020 04:12:23 pm</b>] Rood-Jerry GEFFRARD (medecin) de Hopital Adventiste Diquini  a recherché   Jaelle Rose Esther Charles-Fils 2020-08-10 [MM/DD/YYYY]
[<b>18/09/2020 04:13:26 pm</b>] Rood-Jerry GEFFRARD (medecin) de Hopital Adventiste Diquini  a recherché   Jackson Charles-Fils 1986-06-29 [MM/DD/YYYY]
[<b>18/09/2020 04:14:37 pm</b>] Rood-Jerry GEFFRARD (medecin) de Hopital Adventiste Diquini  a recherché   Roseline Augustin Charles-Fils 1986-01-30 [MM/DD/YYYY]
[<b>18/09/2020 04:15:11 pm</b>] Rood-Jerry GEFFRARD (medecin) de Hopital Adventiste Diquini  a recherché   Roseline Augustin 1986-01-30 [MM/DD/YYYY]
[<b>18/09/2020 04:16:28 pm</b>] Rood-Jerry GEFFRARD (medecin) de Hopital Adventiste Diquini est allé dans ACCUEIL 
[<b>18/09/2020 04:16:51 pm</b>] Rood-Jerry GEFFRARD (medecin) de Hopital Adventiste Diquini  a recherché   Jaelle Rose Esther Charles-Fils  [MM/DD/YYYY]
[<b>18/09/2020 04:16:57 pm</b>] Rood-Jerry GEFFRARD (medecin) de Hopital Adventiste Diquini est allé dans ACCUEIL 
[<b>18/09/2020 04:17:11 pm</b>] Rood-Jerry GEFFRARD (medecin) de Hopital Adventiste Diquini est allé dans ACCUEIL 
[<b>18/09/2020 04:18:05 pm</b>] Rood-Jerry GEFFRARD (medecin) de Hopital Adventiste Diquini  a recherché   Jackson Charles-Fils 1986-06-29 [MM/DD/YYYY]
[<b>18/09/2020 06:05:13 pm</b>] Wilkendhie JOSEPH (medecin) de Hopital du Canape Vert  s'est connecté   
[<b>18/09/2020 06:05:14 pm</b>] Wilkendhie JOSEPH (medecin) de Hopital du Canape Vert est allé dans ACCUEIL 
[<b>18/09/2020 06:06:28 pm</b>] Wilkendhie JOSEPH (medecin) de Hopital du Canape Vert a recherché le client ILFRAND BEAUBRUN 1981-08-27
[<b>18/09/2020 06:07:22 pm</b>] Wilkendhie JOSEPH (medecin) de Hopital du Canape Vert est allé dans ACCUEIL 
[<b>18/09/2020 06:08:05 pm</b>] Wilkendhie JOSEPH (medecin) de Hopital du Canape Vert a recherché le client ILFRAND BEAUBRUN 1981-08-27
[<b>18/09/2020 06:08:23 pm</b>] Wilkendhie JOSEPH (medecin) de Hopital du Canape Vert est allé dans ACCUEIL 
