[<b>18/02/2020 10:44:50 am</b>] Marc-Eric ALTIDOR (admin) de INASSA  s'est connecté   
[<b>18/02/2020 10:44:50 am</b>] Marc-Eric ALTIDOR (admin) de INASSA est allé dans ACCUEIL 
[<b>18/02/2020 10:45:02 am</b>] Marc-Eric ALTIDOR (admin) de INASSA  est allé dans PARAMETRES  
[<b>18/02/2020 10:46:00 am</b>] Marc-Eric ALTIDOR (admin) de INASSA  a réinitialisé le compte de l'utilisateur  Frantz CHARLEMAGNE
[<b>18/02/2020 10:52:47 am</b>] Wilkendhie JOSEPH (medecin) de Hopital du Canape Vert  s'est connecté   
[<b>18/02/2020 10:52:47 am</b>] Wilkendhie JOSEPH (medecin) de Hopital du Canape Vert est allé dans ACCUEIL 
[<b>18/02/2020 10:53:24 am</b>] Wilkendhie JOSEPH (medecin) de Hopital du Canape Vert a recherché le client WISLENE SAMAïR POPO 1992-06-15
[<b>18/02/2020 10:53:36 am</b>] Wilkendhie JOSEPH (medecin) de Hopital du Canape Vert est allé dans ACCUEIL 
[<b>18/02/2020 11:02:42 am</b>] Denold MILSOIT (medecin) de CLINIQULE Dr DENOLD MILSOIT  s'est connecté   
[<b>18/02/2020 11:02:48 am</b>] Denold MILSOIT (medecin) de CLINIQULE Dr DENOLD MILSOIT  s'est connecté   
[<b>18/02/2020 11:02:48 am</b>] Denold MILSOIT (medecin) de CLINIQULE Dr DENOLD MILSOIT est allé dans ACCUEIL 
[<b>18/02/2020 11:07:04 am</b>] Denold MILSOIT (medecin) de CLINIQULE Dr DENOLD MILSOIT  a recherché   Dicady Miguel Mirlande 1980-07-27 [MM/DD/YYYY]
[<b>18/02/2020 11:07:29 am</b>] Denold MILSOIT (medecin) de CLINIQULE Dr DENOLD MILSOIT  a recherché   Miguel Mirlande DICADY 1980-07-27 [MM/DD/YYYY]
[<b>18/02/2020 11:07:53 am</b>] Denold MILSOIT (medecin) de CLINIQULE Dr DENOLD MILSOIT  a recherché   Mirlande DICADY Miguel 1980-07-27 [MM/DD/YYYY]
[<b>18/02/2020 11:08:20 am</b>] Denold MILSOIT (medecin) de CLINIQULE Dr DENOLD MILSOIT  a recherché   Mirlande Miguel DICADY 1980-07-27 [MM/DD/YYYY]
[<b>18/02/2020 11:08:44 am</b>] Denold MILSOIT (medecin) de CLINIQULE Dr DENOLD MILSOIT  a recherché   Miguel DICADY MIRLANDE 1980-07-27 [MM/DD/YYYY]
[<b>18/02/2020 11:09:17 am</b>] Denold MILSOIT (medecin) de CLINIQULE Dr DENOLD MILSOIT  a recherché   DICADY MIRLANDE MIGUEL 1980-07-27 [MM/DD/YYYY]
[<b>18/02/2020 11:09:36 am</b>] Denold MILSOIT (medecin) de CLINIQULE Dr DENOLD MILSOIT a recherché le client MIRLANDE DICADY MIGUEL 1980-07-27
[<b>18/02/2020 11:25:14 am</b>] Frantz CHARLEMAGNE (medecin) de Clinique Sante Pour Tous  s'est connecté   
[<b>18/02/2020 11:25:14 am</b>] Frantz CHARLEMAGNE (medecin) de Clinique Sante Pour Tous  s'est connecté   
[<b>18/02/2020 11:25:15 am</b>] Frantz CHARLEMAGNE (medecin) de Clinique Sante Pour Tous est allé dans ACCUEIL 
[<b>18/02/2020 11:26:51 am</b>] Frantz CHARLEMAGNE (medecin) de Clinique Sante Pour Tous  a changé son mot de passe  
[<b>18/02/2020 11:26:51 am</b>] Frantz CHARLEMAGNE (medecin) de Clinique Sante Pour Tous est allé dans ACCUEIL 
[<b>18/02/2020 11:27:55 am</b>] Frantz CHARLEMAGNE (medecin) de Clinique Sante Pour Tous  a recherché   farah Chevalier  [MM/DD/YYYY]
[<b>18/02/2020 11:27:58 am</b>] Frantz CHARLEMAGNE (medecin) de Clinique Sante Pour Tous  a recherché   farah Chevalier  [MM/DD/YYYY]
[<b>18/02/2020 11:29:03 am</b>] Frantz CHARLEMAGNE (medecin) de Clinique Sante Pour Tous a recherché le client LOV VILLARSON 1994-06-11
[<b>18/02/2020 11:30:06 am</b>] Frantz CHARLEMAGNE (medecin) de Clinique Sante Pour Tous a recherché le client YSSANE ZAMOR 2018-10-18
[<b>18/02/2020 03:58:08 pm</b>] Rose Christephane BANATTES (medecin) de Hopital Espoir  s'est connecté   
[<b>18/02/2020 03:58:08 pm</b>] Rose Christephane BANATTES (medecin) de Hopital Espoir  s'est connecté   
[<b>18/02/2020 03:58:09 pm</b>] Rose Christephane BANATTES (medecin) de Hopital Espoir est allé dans ACCUEIL 
