[<b>03/08/2020 11:47:58 am</b>] Anick DUPUY (admin) de INASSA  s'est connecté   
[<b>03/08/2020 11:47:58 am</b>] Anick DUPUY (admin) de INASSA est allé dans ACCUEIL 
[<b>03/08/2020 11:48:11 am</b>] Anick DUPUY (admin) de INASSA  s'est déconnecté  
[<b>03/08/2020 12:57:40 pm</b>] Maria Gabelita ASSAD (medecin) de Clinique Dr M. Gabellita Assad  s'est connecté   
[<b>03/08/2020 12:57:41 pm</b>] Maria Gabelita ASSAD (medecin) de Clinique Dr M. Gabellita Assad  s'est connecté   
[<b>03/08/2020 12:57:41 pm</b>] Maria Gabelita ASSAD (medecin) de Clinique Dr M. Gabellita Assad est allé dans ACCUEIL 
[<b>03/08/2020 12:57:42 pm</b>] Maria Gabelita ASSAD (medecin) de Clinique Dr M. Gabellita Assad  s'est connecté   
[<b>03/08/2020 12:58:30 pm</b>] Maria Gabelita ASSAD (medecin) de Clinique Dr M. Gabellita Assad a recherché le client JEAN ULYSSE 1974-02-03
[<b>03/08/2020 12:58:34 pm</b>] Maria Gabelita ASSAD (medecin) de Clinique Dr M. Gabellita Assad a recherché le client JEAN ULYSSE 1974-02-03
[<b>03/08/2020 12:58:39 pm</b>] Maria Gabelita ASSAD (medecin) de Clinique Dr M. Gabellita Assad a recherché le client JEAN ULYSSE 1974-02-03
[<b>03/08/2020 12:58:43 pm</b>] Maria Gabelita ASSAD (medecin) de Clinique Dr M. Gabellita Assad a recherché le client JEAN ULYSSE 1974-02-03
[<b>03/08/2020 12:58:47 pm</b>] Maria Gabelita ASSAD (medecin) de Clinique Dr M. Gabellita Assad a recherché le client JEAN ULYSSE 1974-02-03
[<b>03/08/2020 12:58:51 pm</b>] Maria Gabelita ASSAD (medecin) de Clinique Dr M. Gabellita Assad a recherché le client JEAN ULYSSE 1974-02-03
[<b>03/08/2020 12:58:51 pm</b>] Maria Gabelita ASSAD (medecin) de Clinique Dr M. Gabellita Assad est allé dans ACCUEIL 
[<b>03/08/2020 12:58:55 pm</b>] Maria Gabelita ASSAD (medecin) de Clinique Dr M. Gabellita Assad a recherché le client JEAN ULYSSE 1974-02-03
[<b>03/08/2020 12:58:59 pm</b>] Maria Gabelita ASSAD (medecin) de Clinique Dr M. Gabellita Assad a recherché le client JEAN ULYSSE 1974-02-03
[<b>03/08/2020 12:58:59 pm</b>] Maria Gabelita ASSAD (medecin) de Clinique Dr M. Gabellita Assad est allé dans ACCUEIL 
[<b>03/08/2020 12:59:03 pm</b>] Maria Gabelita ASSAD (medecin) de Clinique Dr M. Gabellita Assad a recherché le client JEAN ULYSSE 1974-02-03
[<b>03/08/2020 12:59:07 pm</b>] Maria Gabelita ASSAD (medecin) de Clinique Dr M. Gabellita Assad a recherché le client JEAN ULYSSE 1974-02-03
[<b>03/08/2020 12:59:07 pm</b>] Maria Gabelita ASSAD (medecin) de Clinique Dr M. Gabellita Assad est allé dans ACCUEIL 
[<b>03/08/2020 12:59:37 pm</b>] Maria Gabelita ASSAD (medecin) de Clinique Dr M. Gabellita Assad a recherché le client JEAN ULYSSE 1974-02-03
[<b>03/08/2020 12:59:41 pm</b>] Maria Gabelita ASSAD (medecin) de Clinique Dr M. Gabellita Assad a recherché le client JEAN ULYSSE 1974-02-03
[<b>03/08/2020 12:59:46 pm</b>] Maria Gabelita ASSAD (medecin) de Clinique Dr M. Gabellita Assad a recherché le client JEAN ULYSSE 1974-02-03
[<b>03/08/2020 12:59:50 pm</b>] Maria Gabelita ASSAD (medecin) de Clinique Dr M. Gabellita Assad a recherché le client JEAN ULYSSE 1974-02-03
