[<b>19/12/2020 03:24:11 am</b>] Shana MONOPOL (medecin) de Hopital Espoir  s'est connecté   
[<b>19/12/2020 03:24:12 am</b>] Shana MONOPOL (medecin) de Hopital Espoir est allé dans ACCUEIL 
[<b>19/12/2020 03:25:13 am</b>] Shana MONOPOL (medecin) de Hopital Espoir a recherché le client INDIEULO DORSAINVIL 1988-10-16
[<b>19/12/2020 03:25:35 am</b>] Shana MONOPOL (medecin) de Hopital Espoir est allé dans ACCUEIL 
[<b>19/12/2020 08:19:48 am</b>] Johanne LAROCHE (medecin) de Clinique du Dr Decastro  s'est connecté   
[<b>19/12/2020 08:19:48 am</b>] Johanne LAROCHE (medecin) de Clinique du Dr Decastro est allé dans ACCUEIL 
[<b>19/12/2020 08:20:51 am</b>] Johanne LAROCHE (medecin) de Clinique du Dr Decastro  a recherché   roosvelt fortune 1970-01-26 [MM/DD/YYYY]
[<b>19/12/2020 08:21:21 am</b>] Johanne LAROCHE (medecin) de Clinique du Dr Decastro a recherché le client ROOSEVELT FORTUNé 1970-01-26
[<b>19/12/2020 08:21:21 am</b>] Johanne LAROCHE (medecin) de Clinique du Dr Decastro a recherché le client ROOSEVELT FORTUNé 1970-01-26
[<b>19/12/2020 08:21:21 am</b>] Johanne LAROCHE (medecin) de Clinique du Dr Decastro a recherché le client ROOSEVELT FORTUNé 1970-01-26
[<b>19/12/2020 08:22:13 am</b>] Johanne LAROCHE (medecin) de Clinique du Dr Decastro est allé dans ACCUEIL 
[<b>19/12/2020 08:41:24 am</b>] Johanne LAROCHE (medecin) de Clinique du Dr Decastro  s'est connecté   
[<b>19/12/2020 08:41:24 am</b>] Johanne LAROCHE (medecin) de Clinique du Dr Decastro est allé dans ACCUEIL 
[<b>19/12/2020 08:42:48 am</b>] Johanne LAROCHE (medecin) de Clinique du Dr Decastro a recherché le client JEAN-PAUL PETION 1965-12-18
[<b>19/12/2020 08:42:48 am</b>] Johanne LAROCHE (medecin) de Clinique du Dr Decastro a recherché le client JEAN-PAUL PETION 1965-12-18
[<b>19/12/2020 08:43:38 am</b>] Johanne LAROCHE (medecin) de Clinique du Dr Decastro est allé dans ACCUEIL 
[<b>19/12/2020 10:00:55 am</b>] Johanne LAROCHE (medecin) de Clinique du Dr Decastro  s'est connecté   
[<b>19/12/2020 10:00:56 am</b>] Johanne LAROCHE (medecin) de Clinique du Dr Decastro est allé dans ACCUEIL 
[<b>19/12/2020 10:02:00 am</b>] Johanne LAROCHE (medecin) de Clinique du Dr Decastro  a recherché   darius nicolas allien 1983-05-05 [MM/DD/YYYY]
[<b>19/12/2020 10:02:25 am</b>] Johanne LAROCHE (medecin) de Clinique du Dr Decastro  a recherché   nicolas darius allien 1983-05-05 [MM/DD/YYYY]
[<b>19/12/2020 10:02:32 am</b>] Johanne LAROCHE (medecin) de Clinique du Dr Decastro  a recherché   nicolas darius allien 1983-05-05 [MM/DD/YYYY]
[<b>19/12/2020 10:02:44 am</b>] Johanne LAROCHE (medecin) de Clinique du Dr Decastro  a recherché   nicolas darius allien 1983-05-05 [MM/DD/YYYY]
[<b>19/12/2020 10:03:19 am</b>] Johanne LAROCHE (medecin) de Clinique du Dr Decastro a recherché le client NICOLAS DARIUS ALLIEN 1983-05-09
[<b>19/12/2020 10:03:19 am</b>] Johanne LAROCHE (medecin) de Clinique du Dr Decastro a recherché le client NICOLAS DARIUS ALLIEN 1983-05-09
[<b>19/12/2020 10:04:16 am</b>] Johanne LAROCHE (medecin) de Clinique du Dr Decastro est allé dans ACCUEIL 
[<b>19/12/2020 11:08:18 am</b>] Wilkendhie JOSEPH (medecin) de Hopital du Canape Vert  s'est connecté   
[<b>19/12/2020 11:08:18 am</b>] Wilkendhie JOSEPH (medecin) de Hopital du Canape Vert est allé dans ACCUEIL 
[<b>19/12/2020 11:09:30 am</b>] Wilkendhie JOSEPH (medecin) de Hopital du Canape Vert  a recherché   MARIE ALTAGRACIA NATHALIE LOUISSAINT  [MM/DD/YYYY]
[<b>19/12/2020 11:10:10 am</b>] Wilkendhie JOSEPH (medecin) de Hopital du Canape Vert  a recherché   MARIE ALTAGRACIA NATHALIE LOUISSAINT 1980-01-02 [MM/DD/YYYY]
[<b>19/12/2020 11:10:17 am</b>] Wilkendhie JOSEPH (medecin) de Hopital du Canape Vert  a recherché   MARIE ALTAGRACIA NATHALIE LOUISSAINT 1980-01-02 [MM/DD/YYYY]
[<b>19/12/2020 11:13:30 am</b>] Wilkendhie JOSEPH (medecin) de Hopital du Canape Vert  a recherché   MARIE ALTAGRACIA NATHALIE LOUISSAINT 1980-01-20 [MM/DD/YYYY]
[<b>19/12/2020 11:13:32 am</b>] Wilkendhie JOSEPH (medecin) de Hopital du Canape Vert  a recherché   MARIE ALTAGRACIA NATHALIE LOUISSAINT 1980-01-20 [MM/DD/YYYY]
[<b>19/12/2020 11:14:12 am</b>] Wilkendhie JOSEPH (medecin) de Hopital du Canape Vert  a recherché   ALTAGRACIA NATHALIE LOUISSAINT MARIE 1980-01-20 [MM/DD/YYYY]
[<b>19/12/2020 11:14:49 am</b>] Wilkendhie JOSEPH (medecin) de Hopital du Canape Vert  a recherché     1980-01-20 [MM/DD/YYYY]
[<b>19/12/2020 11:15:00 am</b>] Wilkendhie JOSEPH (medecin) de Hopital du Canape Vert  a recherché   ALTAGRACIA NATHALIE LOUISSAINT MARIE 1980-01-20 [MM/DD/YYYY]
[<b>19/12/2020 11:15:04 am</b>] Wilkendhie JOSEPH (medecin) de Hopital du Canape Vert  a recherché   ALTAGRACIA NATHALIE LOUISSAINT MARIE 1980-01-20 [MM/DD/YYYY]
[<b>19/12/2020 11:15:07 am</b>] Wilkendhie JOSEPH (medecin) de Hopital du Canape Vert  a recherché   ALTAGRACIA NATHALIE LOUISSAINT MARIE 1980-01-20 [MM/DD/YYYY]
[<b>19/12/2020 11:16:09 am</b>] Wilkendhie JOSEPH (medecin) de Hopital du Canape Vert  a recherché   MARIE ALTAGRACIA NATHALIE LOUISSAINT 1980-01-20 [MM/DD/YYYY]
[<b>19/12/2020 11:27:45 am</b>] Wilkendhie JOSEPH (medecin) de Hopital du Canape Vert  s'est connecté   
[<b>19/12/2020 11:27:45 am</b>] Wilkendhie JOSEPH (medecin) de Hopital du Canape Vert est allé dans ACCUEIL 
[<b>19/12/2020 12:07:00 pm</b>] Wilkendhie JOSEPH (medecin) de Hopital du Canape Vert  s'est connecté   
[<b>19/12/2020 12:07:00 pm</b>] Wilkendhie JOSEPH (medecin) de Hopital du Canape Vert est allé dans ACCUEIL 
[<b>19/12/2020 12:21:06 pm</b>] Wilkendhie JOSEPH (medecin) de Hopital du Canape Vert  s'est connecté   
[<b>19/12/2020 12:21:08 pm</b>] Wilkendhie JOSEPH (medecin) de Hopital du Canape Vert  s'est connecté   
[<b>19/12/2020 12:21:08 pm</b>] Wilkendhie JOSEPH (medecin) de Hopital du Canape Vert est allé dans ACCUEIL 
[<b>19/12/2020 12:34:31 pm</b>] Wilkendhie JOSEPH (medecin) de Hopital du Canape Vert  s'est connecté   
[<b>19/12/2020 12:34:33 pm</b>] Wilkendhie JOSEPH (medecin) de Hopital du Canape Vert  s'est connecté   
[<b>19/12/2020 12:34:33 pm</b>] Wilkendhie JOSEPH (medecin) de Hopital du Canape Vert  s'est connecté   
[<b>19/12/2020 12:34:33 pm</b>] Wilkendhie JOSEPH (medecin) de Hopital du Canape Vert est allé dans ACCUEIL 
[<b>19/12/2020 12:36:05 pm</b>] Wilkendhie JOSEPH (medecin) de Hopital du Canape Vert  a recherché   MARIE ALTAGRACIA NATHALIE LOUISSAINT 1980-01-20 [MM/DD/YYYY]
[<b>19/12/2020 12:36:31 pm</b>] Wilkendhie JOSEPH (medecin) de Hopital du Canape Vert  a recherché   MARIE ALTAGRACIA NATHALIE DEPESTRE 1980-01-20 [MM/DD/YYYY]
[<b>19/12/2020 12:37:18 pm</b>] Wilkendhie JOSEPH (medecin) de Hopital du Canape Vert  a recherché   NATHALIE LOUISSAINT DEPESTRE 1980-01-20 [MM/DD/YYYY]
[<b>19/12/2020 12:38:10 pm</b>] Wilkendhie JOSEPH (medecin) de Hopital du Canape Vert  a recherché   NATHALIE M.A LOUISSAINT DEPESTRE 1980-01-20 [MM/DD/YYYY]
[<b>19/12/2020 12:46:48 pm</b>] Wilkendhie JOSEPH (medecin) de Hopital du Canape Vert  s'est connecté   
[<b>19/12/2020 12:46:48 pm</b>] Wilkendhie JOSEPH (medecin) de Hopital du Canape Vert est allé dans ACCUEIL 
[<b>19/12/2020 12:47:47 pm</b>] Wilkendhie JOSEPH (medecin) de Hopital du Canape Vert  a recherché   A. NATHALIE .D LOUISSAINT 1981-01-20 [MM/DD/YYYY]
[<b>19/12/2020 12:48:34 pm</b>] Wilkendhie JOSEPH (medecin) de Hopital du Canape Vert  a recherché   NATHALIE A.D DEPESTRE .L 1981-01-20 [MM/DD/YYYY]
[<b>19/12/2020 12:48:42 pm</b>] Wilkendhie JOSEPH (medecin) de Hopital du Canape Vert  a recherché   NATHALIE A.D DEPESTRE .L 1980-01-20 [MM/DD/YYYY]
[<b>19/12/2020 12:51:45 pm</b>] Wilkendhie JOSEPH (medecin) de Hopital du Canape Vert  a recherché   NATHALIE A.D DEPESTRE .L 1980-01-20 [MM/DD/YYYY]
[<b>19/12/2020 12:52:18 pm</b>] Wilkendhie JOSEPH (medecin) de Hopital du Canape Vert  a recherché   NATHALIE M.A LOUISSAINT .D 1980-01-20 [MM/DD/YYYY]
[<b>19/12/2020 05:24:50 pm</b>] Wilkendhie JOSEPH (medecin) de Hopital du Canape Vert  s'est connecté   
[<b>19/12/2020 05:24:50 pm</b>] Wilkendhie JOSEPH (medecin) de Hopital du Canape Vert est allé dans ACCUEIL 
[<b>19/12/2020 05:52:29 pm</b>] Wilkendhie JOSEPH (medecin) de Hopital du Canape Vert  s'est connecté   
[<b>19/12/2020 05:52:29 pm</b>] Wilkendhie JOSEPH (medecin) de Hopital du Canape Vert est allé dans ACCUEIL 
[<b>19/12/2020 05:53:26 pm</b>] Wilkendhie JOSEPH (medecin) de Hopital du Canape Vert  a recherché   MARIE ALTAGRACIA LOUISSAINT 1980-01-20 [MM/DD/YYYY]
[<b>19/12/2020 05:53:57 pm</b>] Wilkendhie JOSEPH (medecin) de Hopital du Canape Vert  a recherché   MARIE ALTAGRACIA LOUISSAINT 1980-01-20 [MM/DD/YYYY]
[<b>19/12/2020 05:55:04 pm</b>] Wilkendhie JOSEPH (medecin) de Hopital du Canape Vert  a recherché   marie altagracia louissaint 1980-01-20 [MM/DD/YYYY]
[<b>19/12/2020 05:55:55 pm</b>] Wilkendhie JOSEPH (medecin) de Hopital du Canape Vert  a recherché   MARIE ALTAGRACIA NATHALIE LOUISSAINT 1980-01-20 [MM/DD/YYYY]
[<b>19/12/2020 05:56:16 pm</b>] Wilkendhie JOSEPH (medecin) de Hopital du Canape Vert  a recherché   MARIE ALTAGRACIA NATHALIE LOUISSAINT 1980-01-20 [MM/DD/YYYY]
[<b>19/12/2020 09:33:02 pm</b>] Wilkendhie JOSEPH (medecin) de Hopital du Canape Vert  s'est connecté   
[<b>19/12/2020 09:33:03 pm</b>] Wilkendhie JOSEPH (medecin) de Hopital du Canape Vert est allé dans ACCUEIL 
[<b>19/12/2020 09:33:54 pm</b>] Wilkendhie JOSEPH (medecin) de Hopital du Canape Vert a recherché le client JEAN DANIEL NABOS 1985-06-14
[<b>19/12/2020 09:33:54 pm</b>] Wilkendhie JOSEPH (medecin) de Hopital du Canape Vert a recherché le client JEAN DANIEL NABOS 1985-06-14
[<b>19/12/2020 09:34:25 pm</b>] Wilkendhie JOSEPH (medecin) de Hopital du Canape Vert est allé dans ACCUEIL 
[<b>19/12/2020 09:38:05 pm</b>] Wilkendhie JOSEPH (medecin) de Hopital du Canape Vert  a recherché   MARIE ALTAGRACIA NATHALIE LOUISSAINT 1980-01-20 [MM/DD/YYYY]
[<b>19/12/2020 09:38:39 pm</b>] Wilkendhie JOSEPH (medecin) de Hopital du Canape Vert  a recherché   LOUISSAINT MARIE ALTAGRACIA NATHALIE 1980-01-20 [MM/DD/YYYY]
[<b>19/12/2020 09:39:00 pm</b>] Wilkendhie JOSEPH (medecin) de Hopital du Canape Vert  a recherché   NATHALIE M.A LOUISSAINT .D 1980-01-20 [MM/DD/YYYY]
[<b>19/12/2020 09:40:56 pm</b>] Wilkendhie JOSEPH (medecin) de Hopital du Canape Vert  a recherché   LOUISSAINT MARIE NATHALIE 1980-01-20 [MM/DD/YYYY]
[<b>19/12/2020 09:41:12 pm</b>] Wilkendhie JOSEPH (medecin) de Hopital du Canape Vert  a recherché   LOUISSAINT MARIE ALTAGRACIA NATHALIE 1980-01-20 [MM/DD/YYYY]
