[<b>04/05/2020 09:38:40 am</b>] Rose Christephane BANATTES (medecin) de Hopital Espoir  s'est connecté   
[<b>04/05/2020 09:38:42 am</b>] Rose Christephane BANATTES (medecin) de Hopital Espoir  s'est connecté   
[<b>04/05/2020 09:38:42 am</b>] Rose Christephane BANATTES (medecin) de Hopital Espoir est allé dans ACCUEIL 
[<b>04/05/2020 09:38:43 am</b>] Rose Christephane BANATTES (medecin) de Hopital Espoir  s'est connecté   
[<b>04/05/2020 09:39:28 am</b>] Rose Christephane BANATTES (medecin) de Hopital Espoir  a recherché   johnson baptisme 1983-09-01 [MM/DD/YYYY]
[<b>04/05/2020 09:39:48 am</b>] Rose Christephane BANATTES (medecin) de Hopital Espoir  a recherché   johnson baptisme 1983-09-01 [MM/DD/YYYY]
[<b>04/05/2020 09:40:29 am</b>] Rose Christephane BANATTES (medecin) de Hopital Espoir a recherché le client EDWIDGE ESPERANCE 1987-08-08
[<b>04/05/2020 09:40:29 am</b>] Rose Christephane BANATTES (medecin) de Hopital Espoir a recherché le client EDWIDGE ESPERANCE 1987-08-08
[<b>04/05/2020 09:40:34 am</b>] Rose Christephane BANATTES (medecin) de Hopital Espoir a recherché le client EDWIDGE ESPERANCE 1987-08-08
[<b>04/05/2020 09:40:34 am</b>] Rose Christephane BANATTES (medecin) de Hopital Espoir a recherché le client EDWIDGE ESPERANCE 1987-08-08
[<b>04/05/2020 09:41:40 am</b>] Rose Christephane BANATTES (medecin) de Hopital Espoir  a recherché   johnson baptisme 1983-09-01 [MM/DD/YYYY]
[<b>04/05/2020 09:47:39 am</b>] Rose Christephane BANATTES (medecin) de Hopital Espoir  s'est connecté   
[<b>04/05/2020 09:47:41 am</b>] Rose Christephane BANATTES (medecin) de Hopital Espoir  s'est connecté   
[<b>04/05/2020 09:47:42 am</b>] Rose Christephane BANATTES (medecin) de Hopital Espoir  s'est connecté   
[<b>04/05/2020 09:47:44 am</b>] Rose Christephane BANATTES (medecin) de Hopital Espoir  s'est connecté   
[<b>04/05/2020 09:47:44 am</b>] Rose Christephane BANATTES (medecin) de Hopital Espoir est allé dans ACCUEIL 
[<b>04/05/2020 09:48:09 am</b>] Rose Christephane BANATTES (medecin) de Hopital Espoir  s'est déconnecté  
[<b>04/05/2020 09:48:32 am</b>] Rose Christephane BANATTES (medecin) de Hopital Espoir  s'est connecté   
[<b>04/05/2020 09:48:32 am</b>] Rose Christephane BANATTES (medecin) de Hopital Espoir est allé dans ACCUEIL 
[<b>04/05/2020 09:48:58 am</b>] Rose Christephane BANATTES (medecin) de Hopital Espoir a recherché le client JOHNSON BATISMé 1983-09-01
[<b>04/05/2020 09:49:10 am</b>] Rose Christephane BANATTES (medecin) de Hopital Espoir est allé dans ACCUEIL 
[<b>04/05/2020 12:09:32 pm</b>] Shana MONOPOL (medecin) de Hopital Espoir  s'est connecté   
[<b>04/05/2020 12:09:32 pm</b>] Shana MONOPOL (medecin) de Hopital Espoir est allé dans ACCUEIL 
[<b>04/05/2020 12:10:22 pm</b>] Shana MONOPOL (medecin) de Hopital Espoir a recherché le client ROSEMONDE REMILUS 1985-01-04
[<b>04/05/2020 12:10:22 pm</b>] Shana MONOPOL (medecin) de Hopital Espoir a recherché le client ROSEMONDE REMILUS 1985-01-04
[<b>04/05/2020 12:10:41 pm</b>] Shana MONOPOL (medecin) de Hopital Espoir est allé dans ACCUEIL 
[<b>04/05/2020 04:51:11 pm</b>] Fabiola FRANCOIS (medecin) de Hopital Espoir  s'est connecté   
[<b>04/05/2020 04:51:11 pm</b>] Fabiola FRANCOIS (medecin) de Hopital Espoir est allé dans ACCUEIL 
[<b>04/05/2020 04:52:53 pm</b>] Fabiola FRANCOIS (medecin) de Hopital Espoir  a recherché   sheelove philippe janvier 1986-04-08 [MM/DD/YYYY]
[<b>04/05/2020 04:53:52 pm</b>] Fabiola FRANCOIS (medecin) de Hopital Espoir  a recherché   shelove philippe janvier 1986-04-08 [MM/DD/YYYY]
[<b>04/05/2020 06:30:18 pm</b>] Fabiola FRANCOIS (medecin) de Hopital Espoir  s'est connecté   
[<b>04/05/2020 06:30:18 pm</b>] Fabiola FRANCOIS (medecin) de Hopital Espoir est allé dans ACCUEIL 
[<b>04/05/2020 06:31:19 pm</b>] Fabiola FRANCOIS (medecin) de Hopital Espoir a recherché le client F. SHELOVE PHILIPPE 1986-04-08
[<b>04/05/2020 06:33:12 pm</b>] Fabiola FRANCOIS (medecin) de Hopital Espoir est allé dans ACCUEIL 
