[<b>13/01/2020 10:36:45 am</b>] Rood-Jerry GEFFRARD (medecin) de Hopital Adventiste Diquini  s'est connecté   
[<b>13/01/2020 10:36:47 am</b>] Rood-Jerry GEFFRARD (medecin) de Hopital Adventiste Diquini est allé dans ACCUEIL 
[<b>13/01/2020 10:37:35 am</b>] Rood-Jerry GEFFRARD (medecin) de Hopital Adventiste Diquini a recherché le client WINCHELLE SAINT JEAN 1994-02-08
[<b>13/01/2020 11:33:57 am</b>] Denold MILSOIT (medecin) de CLINIQULE Dr DENOLD MILSOIT  s'est connecté   
[<b>13/01/2020 11:33:58 am</b>] Denold MILSOIT (medecin) de CLINIQULE Dr DENOLD MILSOIT est allé dans ACCUEIL 
[<b>13/01/2020 11:35:05 am</b>] Denold MILSOIT (medecin) de CLINIQULE Dr DENOLD MILSOIT  a recherché   ST VICTOR LAPAIX 1986-01-05 [MM/DD/YYYY]
[<b>13/01/2020 11:36:01 am</b>] Denold MILSOIT (medecin) de CLINIQULE Dr DENOLD MILSOIT  a recherché   LAPAIX STVICTOR 1986-01-05 [MM/DD/YYYY]
[<b>13/01/2020 11:36:14 am</b>] Denold MILSOIT (medecin) de CLINIQULE Dr DENOLD MILSOIT  a recherché   LAPAIX ST VICTOR 1986-01-05 [MM/DD/YYYY]
[<b>13/01/2020 11:37:18 am</b>] Denold MILSOIT (medecin) de CLINIQULE Dr DENOLD MILSOIT  a recherché   ST VICTOR LAPAIX 1986-01-05 [MM/DD/YYYY]
[<b>13/01/2020 11:37:45 am</b>] Denold MILSOIT (medecin) de CLINIQULE Dr DENOLD MILSOIT  a recherché   STVICTOR LAPAIX 1986-01-05 [MM/DD/YYYY]
[<b>13/01/2020 02:46:42 pm</b>] Anick DUPUY (admin) de INASSA  s'est connecté   
[<b>13/01/2020 02:46:42 pm</b>] Anick DUPUY (admin) de INASSA est allé dans ACCUEIL 
[<b>13/01/2020 02:46:56 pm</b>] Anick DUPUY (admin) de INASSA  est allé dans HISTORIQUE 
[<b>13/01/2020 03:56:30 pm</b>] Wilkendhie JOSEPH (medecin) de Hopital du Canape Vert  s'est connecté   
[<b>13/01/2020 03:56:30 pm</b>] Wilkendhie JOSEPH (medecin) de Hopital du Canape Vert est allé dans ACCUEIL 
[<b>13/01/2020 03:57:43 pm</b>] Wilkendhie JOSEPH (medecin) de Hopital du Canape Vert a recherché le client MARVING LALANNE 2018-01-14
[<b>13/01/2020 03:58:54 pm</b>] Wilkendhie JOSEPH (medecin) de Hopital du Canape Vert  s'est connecté   
[<b>13/01/2020 03:58:54 pm</b>] Wilkendhie JOSEPH (medecin) de Hopital du Canape Vert est allé dans ACCUEIL 
[<b>13/01/2020 04:00:46 pm</b>] Wilkendhie JOSEPH (medecin) de Hopital du Canape Vert a recherché le client WIDLYN ELVEUS 1984-04-17
[<b>13/01/2020 04:00:51 pm</b>] Wilkendhie JOSEPH (medecin) de Hopital du Canape Vert est allé dans ACCUEIL 
