[<b>28/07/2020 08:57:06 am</b>] Fabiola FRANCOIS (medecin) de Hopital Espoir  s'est connecté   
[<b>28/07/2020 08:57:06 am</b>] Fabiola FRANCOIS (medecin) de Hopital Espoir est allé dans ACCUEIL 
[<b>28/07/2020 09:00:56 am</b>] Fabiola FRANCOIS (medecin) de Hopital Espoir a recherché le client MICHELET JOSEPH 1993-09-22
[<b>28/07/2020 09:02:39 am</b>] Fabiola FRANCOIS (medecin) de Hopital Espoir est allé dans ACCUEIL 
[<b>28/07/2020 09:09:45 am</b>] Wilkendhie JOSEPH (medecin) de Hopital du Canape Vert  s'est connecté   
[<b>28/07/2020 09:09:45 am</b>] Wilkendhie JOSEPH (medecin) de Hopital du Canape Vert est allé dans ACCUEIL 
[<b>28/07/2020 09:11:11 am</b>] Wilkendhie JOSEPH (medecin) de Hopital du Canape Vert a recherché le client WILLIANE DESTIN 1975-09-24
[<b>28/07/2020 09:11:20 am</b>] Wilkendhie JOSEPH (medecin) de Hopital du Canape Vert est allé dans ACCUEIL 
[<b>28/07/2020 09:41:11 am</b>] Fabiola FRANCOIS (medecin) de Hopital Espoir  s'est connecté   
[<b>28/07/2020 09:41:15 am</b>] Fabiola FRANCOIS (medecin) de Hopital Espoir est allé dans ACCUEIL 
[<b>28/07/2020 09:43:30 am</b>] Fabiola FRANCOIS (medecin) de Hopital Espoir  a recherché   myriame dorviler lavoile 1989-07-03 [MM/DD/YYYY]
[<b>28/07/2020 09:44:44 am</b>] Fabiola FRANCOIS (medecin) de Hopital Espoir  a recherché   myriame dorvilier 1989-07-03 [MM/DD/YYYY]
[<b>28/07/2020 09:45:58 am</b>] Fabiola FRANCOIS (medecin) de Hopital Espoir  a recherché   myriame dorvilier 1989-07-03 [MM/DD/YYYY]
[<b>28/07/2020 09:48:57 am</b>] Fabiola FRANCOIS (medecin) de Hopital Espoir  a recherché   myriame Dorvilier 1989-07-03 [MM/DD/YYYY]
[<b>28/07/2020 09:52:25 am</b>] Fabiola FRANCOIS (medecin) de Hopital Espoir  a recherché   dorvilier myriame 1989-07-03 [MM/DD/YYYY]
[<b>28/07/2020 10:05:33 pm</b>] Wilkendhie JOSEPH (medecin) de Hopital du Canape Vert  s'est connecté   
[<b>28/07/2020 10:05:33 pm</b>] Wilkendhie JOSEPH (medecin) de Hopital du Canape Vert est allé dans ACCUEIL 
[<b>28/07/2020 10:06:13 pm</b>] Wilkendhie JOSEPH (medecin) de Hopital du Canape Vert a recherché le client MARIE JEAN PEAN 1954-02-07
[<b>28/07/2020 10:06:13 pm</b>] Wilkendhie JOSEPH (medecin) de Hopital du Canape Vert a recherché le client MARIE JEAN PEAN 1954-02-07
[<b>28/07/2020 10:06:48 pm</b>] Wilkendhie JOSEPH (medecin) de Hopital du Canape Vert est allé dans ACCUEIL 
