[<b>08/06/2020 08:02:17 am</b>] Fabiola FRANCOIS (medecin) de Hopital Espoir  s'est connecté   
[<b>08/06/2020 08:02:18 am</b>] Fabiola FRANCOIS (medecin) de Hopital Espoir est allé dans ACCUEIL 
[<b>08/06/2020 08:03:09 am</b>] Fabiola FRANCOIS (medecin) de Hopital Espoir a recherché le client MYRIAME DORVILIER LAVOILE 1989-07-03
[<b>08/06/2020 08:03:28 am</b>] Fabiola FRANCOIS (medecin) de Hopital Espoir est allé dans ACCUEIL 
[<b>08/06/2020 10:41:00 am</b>] Rose Christephane BANATTES (medecin) de Hopital Espoir  s'est connecté   
[<b>08/06/2020 10:41:00 am</b>] Rose Christephane BANATTES (medecin) de Hopital Espoir est allé dans ACCUEIL 
[<b>08/06/2020 01:41:36 pm</b>] Wilkendhie JOSEPH (medecin) de Hopital du Canape Vert  s'est connecté   
[<b>08/06/2020 01:41:37 pm</b>] Wilkendhie JOSEPH (medecin) de Hopital du Canape Vert est allé dans ACCUEIL 
[<b>08/06/2020 01:42:22 pm</b>] Wilkendhie JOSEPH (medecin) de Hopital du Canape Vert  a recherché   FABIENNE MOISE 1985-10-03 [MM/DD/YYYY]
[<b>08/06/2020 01:45:00 pm</b>] Wilkendhie JOSEPH (medecin) de Hopital du Canape Vert  a recherché   FABIENNE MOISE 1985-10-03 [MM/DD/YYYY]
[<b>08/06/2020 01:50:38 pm</b>] Wilkendhie JOSEPH (medecin) de Hopital du Canape Vert  s'est connecté   
[<b>08/06/2020 01:50:39 pm</b>] Wilkendhie JOSEPH (medecin) de Hopital du Canape Vert est allé dans ACCUEIL 
[<b>08/06/2020 01:51:05 pm</b>] Wilkendhie JOSEPH (medecin) de Hopital du Canape Vert  a recherché   FABIENNE MOISE 1985-10-03 [MM/DD/YYYY]
[<b>08/06/2020 07:12:48 pm</b>] Fabiola FRANCOIS (medecin) de Hopital Espoir  s'est connecté   
[<b>08/06/2020 07:12:48 pm</b>] Fabiola FRANCOIS (medecin) de Hopital Espoir est allé dans ACCUEIL 
[<b>08/06/2020 07:14:47 pm</b>] Fabiola FRANCOIS (medecin) de Hopital Espoir est allé dans ACCUEIL 
[<b>08/06/2020 07:15:18 pm</b>] Fabiola FRANCOIS (medecin) de Hopital Espoir  a recherché   revette joseph 1964-01-30 [MM/DD/YYYY]
[<b>08/06/2020 07:21:36 pm</b>] Fabiola FRANCOIS (medecin) de Hopital Espoir  s'est connecté   
[<b>08/06/2020 07:21:36 pm</b>] Fabiola FRANCOIS (medecin) de Hopital Espoir est allé dans ACCUEIL 
[<b>08/06/2020 07:22:04 pm</b>] Fabiola FRANCOIS (medecin) de Hopital Espoir  a recherché   revette joseph 1967-01-30 [MM/DD/YYYY]
