[<b>23/10/2020 06:47:04 am</b>] Fabiola FRANCOIS (medecin) de Hopital Espoir  s'est connecté   
[<b>23/10/2020 06:47:05 am</b>] Fabiola FRANCOIS (medecin) de Hopital Espoir est allé dans ACCUEIL 
[<b>23/10/2020 06:48:00 am</b>] Fabiola FRANCOIS (medecin) de Hopital Espoir  a recherché   brayan michael vital 2018-12-31 [MM/DD/YYYY]
[<b>23/10/2020 06:48:47 am</b>] Fabiola FRANCOIS (medecin) de Hopital Espoir a recherché le client BRYAN VITAL 2018-12-31
[<b>23/10/2020 06:49:15 am</b>] Fabiola FRANCOIS (medecin) de Hopital Espoir est allé dans ACCUEIL 
[<b>23/10/2020 10:09:32 am</b>] Johanne LAROCHE (medecin) de Clinique du Dr Decastro  s'est connecté   
[<b>23/10/2020 10:09:33 am</b>] Johanne LAROCHE (medecin) de Clinique du Dr Decastro est allé dans ACCUEIL 
[<b>23/10/2020 10:10:40 am</b>] Johanne LAROCHE (medecin) de Clinique du Dr Decastro a recherché le client ROSE MARGUERITE A. CHANCY 1982-10-05
[<b>23/10/2020 10:11:30 am</b>] Johanne LAROCHE (medecin) de Clinique du Dr Decastro est allé dans ACCUEIL 
[<b>23/10/2020 10:55:35 am</b>] Shana MONOPOL (medecin) de Hopital Espoir  s'est connecté   
[<b>23/10/2020 10:55:36 am</b>] Shana MONOPOL (medecin) de Hopital Espoir  s'est connecté   
[<b>23/10/2020 10:55:37 am</b>] Shana MONOPOL (medecin) de Hopital Espoir est allé dans ACCUEIL 
[<b>23/10/2020 10:56:14 am</b>] Shana MONOPOL (medecin) de Hopital Espoir a recherché le client AMANDA AUGUSTE 1981-12-18
[<b>23/10/2020 10:56:14 am</b>] Shana MONOPOL (medecin) de Hopital Espoir a recherché le client AMANDA AUGUSTE 1981-12-18
[<b>23/10/2020 10:58:37 am</b>] Shana MONOPOL (medecin) de Hopital Espoir est allé dans ACCUEIL 
[<b>23/10/2020 11:09:38 am</b>] Reginald ARNOUX (medecin) de Clinique du Dr Arnoux  s'est connecté   
[<b>23/10/2020 11:09:40 am</b>] Reginald ARNOUX (medecin) de Clinique du Dr Arnoux  s'est connecté   
[<b>23/10/2020 11:09:40 am</b>] Reginald ARNOUX (medecin) de Clinique du Dr Arnoux est allé dans ACCUEIL 
[<b>23/10/2020 11:12:23 am</b>] Reginald ARNOUX (medecin) de Clinique du Dr Arnoux a recherché le client JEAN NISSAGE RENE 1940-12-29
[<b>23/10/2020 11:54:45 am</b>] Johanne LAROCHE (medecin) de Clinique du Dr Decastro  s'est connecté   
[<b>23/10/2020 11:54:45 am</b>] Johanne LAROCHE (medecin) de Clinique du Dr Decastro est allé dans ACCUEIL 
[<b>23/10/2020 11:56:18 am</b>] Johanne LAROCHE (medecin) de Clinique du Dr Decastro a recherché le client STEPHANIA MONUMA 1985-01-31
[<b>23/10/2020 11:56:18 am</b>] Johanne LAROCHE (medecin) de Clinique du Dr Decastro a recherché le client STEPHANIA MONUMA 1985-01-31
