[<b>06/06/2020 01:32:29 pm</b>] Marie Gardys PHOBEE JOVIN (medecin) de Clinique Dr Jovin  s'est connecté   
[<b>06/06/2020 01:32:30 pm</b>] Marie Gardys PHOBEE JOVIN (medecin) de Clinique Dr Jovin est allé dans ACCUEIL 
[<b>06/06/2020 01:33:19 pm</b>] Marie Gardys PHOBEE JOVIN (medecin) de Clinique Dr Jovin est allé dans ACCUEIL 
[<b>06/06/2020 01:33:48 pm</b>] Marie Gardys PHOBEE JOVIN (medecin) de Clinique Dr Jovin  a changé son mot de passe  
[<b>06/06/2020 01:33:48 pm</b>] Marie Gardys PHOBEE JOVIN (medecin) de Clinique Dr Jovin est allé dans ACCUEIL 
[<b>06/06/2020 01:34:50 pm</b>] Marie Gardys PHOBEE JOVIN (medecin) de Clinique Dr Jovin  a recherché   Huldad St Germain 1984-01-07 [MM/DD/YYYY]
[<b>06/06/2020 01:35:56 pm</b>] Marie Gardys PHOBEE JOVIN (medecin) de Clinique Dr Jovin  a recherché   Huldad N St Germain 1984-01-07 [MM/DD/YYYY]
[<b>06/06/2020 02:01:45 pm</b>] Marie Gardys PHOBEE JOVIN (medecin) de Clinique Dr Jovin  s'est connecté   
[<b>06/06/2020 02:01:46 pm</b>] Marie Gardys PHOBEE JOVIN (medecin) de Clinique Dr Jovin est allé dans ACCUEIL 
[<b>06/06/2020 02:02:35 pm</b>] Marie Gardys PHOBEE JOVIN (medecin) de Clinique Dr Jovin a recherché le client HULDAD NICOLE EUGENE SAINT GERMAIN 1984-01-07
[<b>06/06/2020 02:02:35 pm</b>] Marie Gardys PHOBEE JOVIN (medecin) de Clinique Dr Jovin a recherché le client HULDAD NICOLE EUGENE SAINT GERMAIN 1984-01-07
[<b>06/06/2020 02:02:35 pm</b>] Marie Gardys PHOBEE JOVIN (medecin) de Clinique Dr Jovin a recherché le client HULDAD NICOLE EUGENE SAINT GERMAIN 1984-01-07
[<b>06/06/2020 02:04:19 pm</b>] Marie Gardys PHOBEE JOVIN (medecin) de Clinique Dr Jovin est allé dans ACCUEIL 
[<b>06/06/2020 02:04:24 pm</b>] Marie Gardys PHOBEE JOVIN (medecin) de Clinique Dr Jovin est allé dans ACCUEIL 
[<b>06/06/2020 02:05:13 pm</b>] Marie Gardys PHOBEE JOVIN (medecin) de Clinique Dr Jovin a recherché le client HULDAD NICOLE EUGENE SAINT GERMAIN 1984-01-07
[<b>06/06/2020 02:05:13 pm</b>] Marie Gardys PHOBEE JOVIN (medecin) de Clinique Dr Jovin a recherché le client HULDAD NICOLE EUGENE SAINT GERMAIN 1984-01-07
[<b>06/06/2020 02:05:13 pm</b>] Marie Gardys PHOBEE JOVIN (medecin) de Clinique Dr Jovin a recherché le client HULDAD NICOLE EUGENE SAINT GERMAIN 1984-01-07
[<b>06/06/2020 02:06:08 pm</b>] Marie Gardys PHOBEE JOVIN (medecin) de Clinique Dr Jovin est allé dans ACCUEIL 
[<b>06/06/2020 09:21:55 pm</b>] Sherlie CALIXTE (medecin) de Hopital Espoir  s'est connecté   
[<b>06/06/2020 09:21:55 pm</b>] Sherlie CALIXTE (medecin) de Hopital Espoir est allé dans ACCUEIL 
[<b>06/06/2020 09:22:31 pm</b>] Sherlie CALIXTE (medecin) de Hopital Espoir  a recherché   djimy malval 1977-10-22 [MM/DD/YYYY]
[<b>06/06/2020 09:24:04 pm</b>] Sherlie CALIXTE (medecin) de Hopital Espoir  a recherché   d'jimy malval 1977-10-22 [MM/DD/YYYY]
[<b>06/06/2020 09:25:13 pm</b>] Sherlie CALIXTE (medecin) de Hopital Espoir  a recherché   d'jimy malval 1977-10-22 [MM/DD/YYYY]
[<b>06/06/2020 09:26:22 pm</b>] Sherlie CALIXTE (medecin) de Hopital Espoir  a recherché   djimy malval 1977-10-22 [MM/DD/YYYY]
