[<b>06/04/2020 09:33:52 am</b>] Rood-Jerry GEFFRARD (medecin) de Hopital Adventiste Diquini  s'est connecté   
[<b>06/04/2020 09:33:54 am</b>] Rood-Jerry GEFFRARD (medecin) de Hopital Adventiste Diquini  s'est connecté   
[<b>06/04/2020 09:33:55 am</b>] Rood-Jerry GEFFRARD (medecin) de Hopital Adventiste Diquini est allé dans ACCUEIL 
[<b>06/04/2020 09:34:38 am</b>] Rood-Jerry GEFFRARD (medecin) de Hopital Adventiste Diquini  a recherché   Arya Mattania Moreau  [MM/DD/YYYY]
[<b>06/04/2020 09:52:01 am</b>] Wilkendhie JOSEPH (medecin) de Hopital du Canape Vert  s'est connecté   
[<b>06/04/2020 09:52:01 am</b>] Wilkendhie JOSEPH (medecin) de Hopital du Canape Vert est allé dans ACCUEIL 
[<b>06/04/2020 09:53:32 am</b>] Wilkendhie JOSEPH (medecin) de Hopital du Canape Vert  a recherché   giannie jean-baptiste 1978-02-22 [MM/DD/YYYY]
[<b>06/04/2020 09:53:34 am</b>] Wilkendhie JOSEPH (medecin) de Hopital du Canape Vert  a recherché   giannie jean-baptiste 1978-02-22 [MM/DD/YYYY]
[<b>06/04/2020 09:54:48 am</b>] Wilkendhie JOSEPH (medecin) de Hopital du Canape Vert  a recherché   jean baptiste Giannie 1978-02-22 [MM/DD/YYYY]
[<b>06/04/2020 09:54:52 am</b>] Wilkendhie JOSEPH (medecin) de Hopital du Canape Vert  a recherché   jean baptiste Giannie 1978-02-22 [MM/DD/YYYY]
[<b>06/04/2020 09:55:14 am</b>] Wilkendhie JOSEPH (medecin) de Hopital du Canape Vert  a recherché   jean baptiste ghiannie 1978-02-22 [MM/DD/YYYY]
[<b>06/04/2020 09:56:36 am</b>] Wilkendhie JOSEPH (medecin) de Hopital du Canape Vert  a recherché   Giannie jean-baptiste 1978-02-22 [MM/DD/YYYY]
[<b>06/04/2020 09:56:49 am</b>] Wilkendhie JOSEPH (medecin) de Hopital du Canape Vert  a recherché   darlene jean-baptiste 1978-02-22 [MM/DD/YYYY]
[<b>06/04/2020 09:56:53 am</b>] Wilkendhie JOSEPH (medecin) de Hopital du Canape Vert  a recherché   darlene jean-baptiste 1978-02-22 [MM/DD/YYYY]
[<b>06/04/2020 09:57:11 am</b>] Wilkendhie JOSEPH (medecin) de Hopital du Canape Vert  a recherché   Ghiannie jean-baptiste 1978-02-22 [MM/DD/YYYY]
[<b>06/04/2020 09:58:24 am</b>] Wilkendhie JOSEPH (medecin) de Hopital du Canape Vert  a recherché   Jean -Baptiste Giannie 1978-02-22 [MM/DD/YYYY]
[<b>06/04/2020 12:34:55 pm</b>] Wilkendhie JOSEPH (medecin) de Hopital du Canape Vert  s'est connecté   
[<b>06/04/2020 12:34:55 pm</b>] Wilkendhie JOSEPH (medecin) de Hopital du Canape Vert est allé dans ACCUEIL 
[<b>06/04/2020 12:34:57 pm</b>] Wilkendhie JOSEPH (medecin) de Hopital du Canape Vert  s'est connecté   
[<b>06/04/2020 12:34:57 pm</b>] Wilkendhie JOSEPH (medecin) de Hopital du Canape Vert est allé dans ACCUEIL 
[<b>06/04/2020 12:35:37 pm</b>] Wilkendhie JOSEPH (medecin) de Hopital du Canape Vert  a recherché   REYBOLD COMPERE 1963-01-23 [MM/DD/YYYY]
[<b>06/04/2020 12:36:08 pm</b>] Wilkendhie JOSEPH (medecin) de Hopital du Canape Vert a recherché le client REYNOLD COMPERE 1963-01-23
[<b>06/04/2020 12:36:08 pm</b>] Wilkendhie JOSEPH (medecin) de Hopital du Canape Vert a recherché le client REYNOLD COMPERE 1963-01-23
[<b>06/04/2020 12:36:33 pm</b>] Wilkendhie JOSEPH (medecin) de Hopital du Canape Vert est allé dans ACCUEIL 
