[<b>10/06/2020 01:00:16 am</b>] Sherlie CALIXTE (medecin) de Hopital Espoir  s'est connecté   
[<b>10/06/2020 01:00:16 am</b>] Sherlie CALIXTE (medecin) de Hopital Espoir est allé dans ACCUEIL 
[<b>10/06/2020 01:01:07 am</b>] Sherlie CALIXTE (medecin) de Hopital Espoir a recherché le client GABRIEL CAZEAU 1964-08-14
[<b>10/06/2020 01:01:32 am</b>] Sherlie CALIXTE (medecin) de Hopital Espoir est allé dans ACCUEIL 
[<b>10/06/2020 01:02:09 am</b>] Sherlie CALIXTE (medecin) de Hopital Espoir est allé dans ACCUEIL 
[<b>10/06/2020 01:02:29 am</b>] Sherlie CALIXTE (medecin) de Hopital Espoir est allé dans ACCUEIL 
[<b>10/06/2020 09:00:29 am</b>] Rood-Jerry GEFFRARD (medecin) de Hopital Adventiste Diquini  s'est connecté   
[<b>10/06/2020 09:00:30 am</b>] Rood-Jerry GEFFRARD (medecin) de Hopital Adventiste Diquini est allé dans ACCUEIL 
[<b>10/06/2020 09:02:03 am</b>] Rood-Jerry GEFFRARD (medecin) de Hopital Adventiste Diquini  a recherché   Guillaume Ruchama Batichon 1978-12-04 [MM/DD/YYYY]
[<b>10/06/2020 01:06:13 pm</b>] Rose Christephane BANATTES (medecin) de Hopital Espoir  s'est connecté   
[<b>10/06/2020 01:06:14 pm</b>] Rose Christephane BANATTES (medecin) de Hopital Espoir  s'est connecté   
[<b>10/06/2020 01:06:14 pm</b>] Rose Christephane BANATTES (medecin) de Hopital Espoir est allé dans ACCUEIL 
[<b>10/06/2020 01:06:49 pm</b>] Rose Christephane BANATTES (medecin) de Hopital Espoir  a recherché   eva grace celhomme 2018-07-24 [MM/DD/YYYY]
[<b>10/06/2020 01:06:59 pm</b>] Rose Christephane BANATTES (medecin) de Hopital Espoir  a recherché   eva celhomme 2018-07-24 [MM/DD/YYYY]
[<b>10/06/2020 01:07:05 pm</b>] Rose Christephane BANATTES (medecin) de Hopital Espoir  a recherché   eva celhomme 2018-07-24 [MM/DD/YYYY]
[<b>10/06/2020 01:07:38 pm</b>] Rose Christephane BANATTES (medecin) de Hopital Espoir a recherché le client EVENS CELHOMME 1974-11-10
[<b>10/06/2020 01:07:38 pm</b>] Rose Christephane BANATTES (medecin) de Hopital Espoir a recherché le client EVENS CELHOMME 1974-11-10
[<b>10/06/2020 01:07:44 pm</b>] Rose Christephane BANATTES (medecin) de Hopital Espoir a recherché le client EVENS CELHOMME 1974-11-10
[<b>10/06/2020 01:07:44 pm</b>] Rose Christephane BANATTES (medecin) de Hopital Espoir a recherché le client EVENS CELHOMME 1974-11-10
[<b>10/06/2020 01:08:13 pm</b>] Rose Christephane BANATTES (medecin) de Hopital Espoir est allé dans ACCUEIL 
[<b>10/06/2020 01:08:33 pm</b>] Rose Christephane BANATTES (medecin) de Hopital Espoir  a recherché   EVA celhomme  [MM/DD/YYYY]
[<b>10/06/2020 01:08:36 pm</b>] Rose Christephane BANATTES (medecin) de Hopital Espoir  a recherché   EVA celhomme  [MM/DD/YYYY]
[<b>10/06/2020 01:09:15 pm</b>] Rose Christephane BANATTES (medecin) de Hopital Espoir  a recherché   EVA GRACE CELHOMME 2018-07-24 [MM/DD/YYYY]
[<b>10/06/2020 01:09:19 pm</b>] Rose Christephane BANATTES (medecin) de Hopital Espoir  a recherché   EVA GRACE CELHOMME 2018-07-24 [MM/DD/YYYY]
[<b>10/06/2020 04:56:22 pm</b>] Wilkendhie JOSEPH (medecin) de Hopital du Canape Vert  s'est connecté   
[<b>10/06/2020 04:56:22 pm</b>] Wilkendhie JOSEPH (medecin) de Hopital du Canape Vert est allé dans ACCUEIL 
[<b>10/06/2020 04:57:53 pm</b>] Wilkendhie JOSEPH (medecin) de Hopital du Canape Vert a recherché le client LOUIS-JOEL DESENCLOS 1934-02-27
[<b>10/06/2020 07:12:08 pm</b>] Wilkendhie JOSEPH (medecin) de Hopital du Canape Vert  s'est connecté   
[<b>10/06/2020 07:12:08 pm</b>] Wilkendhie JOSEPH (medecin) de Hopital du Canape Vert est allé dans ACCUEIL 
[<b>10/06/2020 07:12:45 pm</b>] Wilkendhie JOSEPH (medecin) de Hopital du Canape Vert a recherché le client LOUIS-JOEL DESENCLOS 1934-02-27
[<b>10/06/2020 07:15:11 pm</b>] Wilkendhie JOSEPH (medecin) de Hopital du Canape Vert est allé dans ACCUEIL 
