[<b>05/03/2020 06:18:58 am</b>] Wilkendhie JOSEPH (medecin) de Hopital du Canape Vert  s'est connecté   
[<b>05/03/2020 06:18:58 am</b>] Wilkendhie JOSEPH (medecin) de Hopital du Canape Vert est allé dans ACCUEIL 
[<b>05/03/2020 06:20:15 am</b>] Wilkendhie JOSEPH (medecin) de Hopital du Canape Vert a recherché le client MARIE LAURENCE BOYER 1960-11-09
[<b>05/03/2020 06:20:15 am</b>] Wilkendhie JOSEPH (medecin) de Hopital du Canape Vert a recherché le client MARIE LAURENCE BOYER 1960-11-09
[<b>05/03/2020 06:23:42 am</b>] Wilkendhie JOSEPH (medecin) de Hopital du Canape Vert est allé dans ACCUEIL 
[<b>05/03/2020 10:35:21 am</b>] Denold MILSOIT (medecin) de CLINIQULE Dr DENOLD MILSOIT  s'est connecté   
[<b>05/03/2020 10:35:21 am</b>] Denold MILSOIT (medecin) de CLINIQULE Dr DENOLD MILSOIT est allé dans ACCUEIL 
[<b>05/03/2020 10:36:12 am</b>] Denold MILSOIT (medecin) de CLINIQULE Dr DENOLD MILSOIT  a recherché   Mirlande DICADY Miguel 1980-07-27 [MM/DD/YYYY]
[<b>05/03/2020 10:36:36 am</b>] Denold MILSOIT (medecin) de CLINIQULE Dr DENOLD MILSOIT a recherché le client MIRLANDE DICADY MIGUEL 1980-07-27
[<b>05/03/2020 12:26:45 pm</b>] Wilkendhie JOSEPH (medecin) de Hopital du Canape Vert  s'est connecté   
[<b>05/03/2020 12:26:46 pm</b>] Wilkendhie JOSEPH (medecin) de Hopital du Canape Vert est allé dans ACCUEIL 
[<b>05/03/2020 12:27:15 pm</b>] Wilkendhie JOSEPH (medecin) de Hopital du Canape Vert  a recherché   frideline edouard 2003-06-03 [MM/DD/YYYY]
[<b>05/03/2020 12:27:29 pm</b>] Wilkendhie JOSEPH (medecin) de Hopital du Canape Vert  a recherché   fridline edouard 2003-06-03 [MM/DD/YYYY]
[<b>05/03/2020 12:28:03 pm</b>] Wilkendhie JOSEPH (medecin) de Hopital du Canape Vert  a recherché   edouard Frideline 2003-06-03 [MM/DD/YYYY]
[<b>05/03/2020 12:28:51 pm</b>] Wilkendhie JOSEPH (medecin) de Hopital du Canape Vert  a recherché   viergedonne elie 1981-07-03 [MM/DD/YYYY]
[<b>05/03/2020 12:28:56 pm</b>] Wilkendhie JOSEPH (medecin) de Hopital du Canape Vert  a recherché   viergedonne elie 1981-07-03 [MM/DD/YYYY]
[<b>05/03/2020 12:29:23 pm</b>] Wilkendhie JOSEPH (medecin) de Hopital du Canape Vert  a recherché   elie viergedonne 1981-07-03 [MM/DD/YYYY]
[<b>05/03/2020 12:29:34 pm</b>] Wilkendhie JOSEPH (medecin) de Hopital du Canape Vert  est allé dans HISTORIQUE 
[<b>05/03/2020 04:38:19 pm</b>] Rood-Jerry GEFFRARD (medecin) de Hopital Adventiste Diquini  s'est connecté   
[<b>05/03/2020 04:38:20 pm</b>] Rood-Jerry GEFFRARD (medecin) de Hopital Adventiste Diquini est allé dans ACCUEIL 
[<b>05/03/2020 04:39:26 pm</b>] Rood-Jerry GEFFRARD (medecin) de Hopital Adventiste Diquini a recherché le client ANNIE BONHOMME 2017-09-26
[<b>05/03/2020 06:00:38 pm</b>] Sara SABIN (medecin) de Hopital Espoir  s'est connecté   
[<b>05/03/2020 06:00:38 pm</b>] Sara SABIN (medecin) de Hopital Espoir est allé dans ACCUEIL 
[<b>05/03/2020 06:03:19 pm</b>] Sara SABIN (medecin) de Hopital Espoir  a recherché   RICARDO LAPORTE 1985-03-20 [MM/DD/YYYY]
[<b>05/03/2020 06:03:31 pm</b>] Sara SABIN (medecin) de Hopital Espoir  a recherché   RICARDO LAPORTE 1985-03-20 [MM/DD/YYYY]
[<b>05/03/2020 06:03:34 pm</b>] Sara SABIN (medecin) de Hopital Espoir  a recherché   RICARDO LAPORTE 1985-03-20 [MM/DD/YYYY]
[<b>05/03/2020 06:03:44 pm</b>] Sara SABIN (medecin) de Hopital Espoir  a recherché   RICARDO LAPORTE 1985-03-20 [MM/DD/YYYY]
[<b>05/03/2020 06:03:57 pm</b>] Sara SABIN (medecin) de Hopital Espoir a recherché le client RICCARDO LAPORTE 1985-03-20
[<b>05/03/2020 06:03:57 pm</b>] Sara SABIN (medecin) de Hopital Espoir a recherché le client RICCARDO LAPORTE 1985-03-20
[<b>05/03/2020 06:04:22 pm</b>] Sara SABIN (medecin) de Hopital Espoir est allé dans ACCUEIL 
[<b>05/03/2020 10:48:54 pm</b>] Wilkendhie JOSEPH (medecin) de Hopital du Canape Vert  s'est connecté   
[<b>05/03/2020 10:48:54 pm</b>] Wilkendhie JOSEPH (medecin) de Hopital du Canape Vert est allé dans ACCUEIL 
[<b>05/03/2020 10:50:54 pm</b>] Wilkendhie JOSEPH (medecin) de Hopital du Canape Vert a recherché le client GUERLINE MATHURIN 1983-02-14
[<b>05/03/2020 10:50:54 pm</b>] Wilkendhie JOSEPH (medecin) de Hopital du Canape Vert a recherché le client GUERLINE MATHURIN 1983-02-14
[<b>05/03/2020 10:51:12 pm</b>] Wilkendhie JOSEPH (medecin) de Hopital du Canape Vert est allé dans ACCUEIL 
