[<b>28/01/2020 10:55:22 am</b>] Denold MILSOIT (medecin) de CLINIQULE Dr DENOLD MILSOIT  s'est connecté   
[<b>28/01/2020 10:55:23 am</b>] Denold MILSOIT (medecin) de CLINIQULE Dr DENOLD MILSOIT est allé dans ACCUEIL 
[<b>28/01/2020 12:52:42 pm</b>] Denold MILSOIT (medecin) de CLINIQULE Dr DENOLD MILSOIT  s'est connecté   
[<b>28/01/2020 12:52:43 pm</b>] Denold MILSOIT (medecin) de CLINIQULE Dr DENOLD MILSOIT est allé dans ACCUEIL 
[<b>28/01/2020 12:56:38 pm</b>] Denold MILSOIT (medecin) de CLINIQULE Dr DENOLD MILSOIT  a recherché   ILOCENE JOSEPH 1974-05-01 [MM/DD/YYYY]
[<b>28/01/2020 12:57:02 pm</b>] Denold MILSOIT (medecin) de CLINIQULE Dr DENOLD MILSOIT  a recherché   JOSEPH ILOCENE 1974-05-01 [MM/DD/YYYY]
[<b>28/01/2020 12:57:46 pm</b>] Denold MILSOIT (medecin) de CLINIQULE Dr DENOLD MILSOIT a recherché le client ILOCENE JOSEPH 1974-04-01
[<b>28/01/2020 12:57:46 pm</b>] Denold MILSOIT (medecin) de CLINIQULE Dr DENOLD MILSOIT a recherché le client ILOCENE JOSEPH 1974-04-01
[<b>28/01/2020 12:57:46 pm</b>] Denold MILSOIT (medecin) de CLINIQULE Dr DENOLD MILSOIT a recherché le client ILOCENE JOSEPH 1974-04-01
[<b>28/01/2020 02:54:44 pm</b>] Denold MILSOIT (medecin) de CLINIQULE Dr DENOLD MILSOIT  s'est connecté   
[<b>28/01/2020 02:54:44 pm</b>] Denold MILSOIT (medecin) de CLINIQULE Dr DENOLD MILSOIT est allé dans ACCUEIL 
[<b>28/01/2020 02:55:37 pm</b>] Denold MILSOIT (medecin) de CLINIQULE Dr DENOLD MILSOIT  a recherché   ILOCENE JOSEPH 1974-05-01 [MM/DD/YYYY]
[<b>28/01/2020 02:55:53 pm</b>] Denold MILSOIT (medecin) de CLINIQULE Dr DENOLD MILSOIT a recherché le client ILOCENE JOSEPH 1974-04-01
[<b>28/01/2020 02:55:53 pm</b>] Denold MILSOIT (medecin) de CLINIQULE Dr DENOLD MILSOIT a recherché le client ILOCENE JOSEPH 1974-04-01
[<b>28/01/2020 02:55:53 pm</b>] Denold MILSOIT (medecin) de CLINIQULE Dr DENOLD MILSOIT a recherché le client ILOCENE JOSEPH 1974-04-01
[<b>28/01/2020 03:23:43 pm</b>] Dominique AMBROISE (admin) de INASSA  s'est connecté   
[<b>28/01/2020 03:23:43 pm</b>] Dominique AMBROISE (admin) de INASSA est allé dans ACCUEIL 
[<b>28/01/2020 03:24:11 pm</b>] Dominique AMBROISE (admin) de INASSA a recherché le client YSSANE ZAMOR 2018-10-18
[<b>28/01/2020 03:24:50 pm</b>] Dominique AMBROISE (admin) de INASSA  a recherché   Pierre Emmanuel Patrice Zamor 2018-10-18 [MM/DD/YYYY]
[<b>28/01/2020 03:25:49 pm</b>] Dominique AMBROISE (admin) de INASSA a recherché le client PIERRE ZAMOR 1995-02-02
