[<b>22/12/2020 09:29:31 am</b>] Wilkendhie JOSEPH (medecin) de Hopital du Canape Vert  s'est connecté   
[<b>22/12/2020 09:29:32 am</b>] Wilkendhie JOSEPH (medecin) de Hopital du Canape Vert est allé dans ACCUEIL 
[<b>22/12/2020 09:59:08 am</b>] Wilkendhie JOSEPH (medecin) de Hopital du Canape Vert  s'est connecté   
[<b>22/12/2020 09:59:09 am</b>] Wilkendhie JOSEPH (medecin) de Hopital du Canape Vert  s'est connecté   
[<b>22/12/2020 09:59:11 am</b>] Wilkendhie JOSEPH (medecin) de Hopital du Canape Vert  s'est connecté   
[<b>22/12/2020 09:59:11 am</b>] Wilkendhie JOSEPH (medecin) de Hopital du Canape Vert est allé dans ACCUEIL 
[<b>22/12/2020 09:59:57 am</b>] Wilkendhie JOSEPH (medecin) de Hopital du Canape Vert a recherché le client MIRLENE VERDIER 1991-08-08
[<b>22/12/2020 09:59:57 am</b>] Wilkendhie JOSEPH (medecin) de Hopital du Canape Vert a recherché le client MIRLENE VERDIER 1991-08-08
[<b>22/12/2020 10:00:01 am</b>] Wilkendhie JOSEPH (medecin) de Hopital du Canape Vert a recherché le client MIRLENE VERDIER 1991-08-08
[<b>22/12/2020 10:00:01 am</b>] Wilkendhie JOSEPH (medecin) de Hopital du Canape Vert a recherché le client MIRLENE VERDIER 1991-08-08
[<b>22/12/2020 10:00:06 am</b>] Wilkendhie JOSEPH (medecin) de Hopital du Canape Vert a recherché le client MIRLENE VERDIER 1991-08-08
[<b>22/12/2020 10:00:06 am</b>] Wilkendhie JOSEPH (medecin) de Hopital du Canape Vert a recherché le client MIRLENE VERDIER 1991-08-08
[<b>22/12/2020 10:00:11 am</b>] Wilkendhie JOSEPH (medecin) de Hopital du Canape Vert a recherché le client MIRLENE VERDIER 1991-08-08
[<b>22/12/2020 10:00:11 am</b>] Wilkendhie JOSEPH (medecin) de Hopital du Canape Vert a recherché le client MIRLENE VERDIER 1991-08-08
[<b>22/12/2020 10:00:41 am</b>] Wilkendhie JOSEPH (medecin) de Hopital du Canape Vert est allé dans ACCUEIL 
[<b>22/12/2020 11:19:58 am</b>] Johanne LAROCHE (medecin) de Clinique du Dr Decastro  s'est connecté   
[<b>22/12/2020 11:19:58 am</b>] Johanne LAROCHE (medecin) de Clinique du Dr Decastro est allé dans ACCUEIL 
[<b>22/12/2020 11:21:26 am</b>] Johanne LAROCHE (medecin) de Clinique du Dr Decastro  a recherché   chrichna garendia alexis 2007-12-19 [MM/DD/YYYY]
[<b>22/12/2020 11:34:15 am</b>] Johanne LAROCHE (medecin) de Clinique du Dr Decastro  s'est connecté   
[<b>22/12/2020 11:34:16 am</b>] Johanne LAROCHE (medecin) de Clinique du Dr Decastro est allé dans ACCUEIL 
[<b>22/12/2020 11:35:57 am</b>] Johanne LAROCHE (medecin) de Clinique du Dr Decastro a recherché le client AICHA ALEXIS 2004-10-09
[<b>22/12/2020 11:35:57 am</b>] Johanne LAROCHE (medecin) de Clinique du Dr Decastro a recherché le client AICHA ALEXIS 2004-10-09
[<b>22/12/2020 11:38:57 am</b>] Johanne LAROCHE (medecin) de Clinique du Dr Decastro est allé dans ACCUEIL 
[<b>22/12/2020 11:40:33 am</b>] Johanne LAROCHE (medecin) de Clinique du Dr Decastro  a recherché   chrichna garenshah alexis 2007-12-09 [MM/DD/YYYY]
[<b>22/12/2020 11:41:22 am</b>] Johanne LAROCHE (medecin) de Clinique du Dr Decastro a recherché le client CHRICHNA GARENSHAH ALEXIS 2007-12-19
[<b>22/12/2020 11:41:22 am</b>] Johanne LAROCHE (medecin) de Clinique du Dr Decastro a recherché le client CHRICHNA GARENSHAH ALEXIS 2007-12-19
[<b>22/12/2020 03:20:44 pm</b>] Shana MONOPOL (medecin) de Hopital Espoir  s'est connecté   
[<b>22/12/2020 03:20:44 pm</b>] Shana MONOPOL (medecin) de Hopital Espoir est allé dans ACCUEIL 
[<b>22/12/2020 03:21:36 pm</b>] Shana MONOPOL (medecin) de Hopital Espoir a recherché le client STANLEY MOZOUL 1995-01-13
[<b>22/12/2020 03:22:04 pm</b>] Shana MONOPOL (medecin) de Hopital Espoir est allé dans ACCUEIL 
[<b>22/12/2020 03:22:37 pm</b>] Shana MONOPOL (medecin) de Hopital Espoir a recherché le client MAINA MONOPOL 1995-12-23
[<b>22/12/2020 03:22:50 pm</b>] Shana MONOPOL (medecin) de Hopital Espoir est allé dans ACCUEIL 
[<b>22/12/2020 03:54:19 pm</b>] Wilkendhie JOSEPH (medecin) de Hopital du Canape Vert  s'est connecté   
[<b>22/12/2020 03:54:20 pm</b>] Wilkendhie JOSEPH (medecin) de Hopital du Canape Vert est allé dans ACCUEIL 
[<b>22/12/2020 03:55:21 pm</b>] Wilkendhie JOSEPH (medecin) de Hopital du Canape Vert a recherché le client DAVE LOUNET OSMANN 1995-06-18
[<b>22/12/2020 03:55:49 pm</b>] Wilkendhie JOSEPH (medecin) de Hopital du Canape Vert est allé dans ACCUEIL 
