[<b>05/12/2020 12:53:55 pm</b>] Wilkendhie JOSEPH (medecin) de Hopital du Canape Vert  s'est connecté   
[<b>05/12/2020 12:53:55 pm</b>] Wilkendhie JOSEPH (medecin) de Hopital du Canape Vert est allé dans ACCUEIL 
[<b>05/12/2020 12:55:07 pm</b>] Wilkendhie JOSEPH (medecin) de Hopital du Canape Vert  a recherché   ANYSTO JEAN LOUIS 2017-08-27 [MM/DD/YYYY]
[<b>05/12/2020 12:55:48 pm</b>] Wilkendhie JOSEPH (medecin) de Hopital du Canape Vert  a recherché   ANSYTO JEAN LOUIS 2017-08-27 [MM/DD/YYYY]
[<b>05/12/2020 12:56:13 pm</b>] Wilkendhie JOSEPH (medecin) de Hopital du Canape Vert  a recherché   ANSYTO JEAN LOUIS 2017-09-27 [MM/DD/YYYY]
[<b>05/12/2020 12:56:45 pm</b>] Wilkendhie JOSEPH (medecin) de Hopital du Canape Vert  a recherché   ANSYTO JN LOUIS 2017-09-27 [MM/DD/YYYY]
[<b>05/12/2020 12:57:06 pm</b>] Wilkendhie JOSEPH (medecin) de Hopital du Canape Vert  a recherché   ANCITO JN LOUIS 2017-09-27 [MM/DD/YYYY]
[<b>05/12/2020 12:57:24 pm</b>] Wilkendhie JOSEPH (medecin) de Hopital du Canape Vert  a recherché   ANCITO JN LOUIS 2017-08-27 [MM/DD/YYYY]
[<b>05/12/2020 12:57:38 pm</b>] Wilkendhie JOSEPH (medecin) de Hopital du Canape Vert  a recherché   ANCITO JN LOUIS 2017-08-27 [MM/DD/YYYY]
[<b>05/12/2020 01:01:31 pm</b>] Wilkendhie JOSEPH (medecin) de Hopital du Canape Vert  a recherché   ANCITO JN LOUIS 2017-08-27 [MM/DD/YYYY]
[<b>05/12/2020 01:01:47 pm</b>] Wilkendhie JOSEPH (medecin) de Hopital du Canape Vert  a recherché   ANCITO JN LOUIS 2017-08-27 [MM/DD/YYYY]
[<b>05/12/2020 01:02:08 pm</b>] Wilkendhie JOSEPH (medecin) de Hopital du Canape Vert  a recherché   ANSYTO JN LOUIS 2017-08-27 [MM/DD/YYYY]
[<b>05/12/2020 01:02:25 pm</b>] Wilkendhie JOSEPH (medecin) de Hopital du Canape Vert  a recherché   ANSYTO JN LOUIS 2017-09-27 [MM/DD/YYYY]
[<b>05/12/2020 02:09:22 pm</b>] Wilkendhie JOSEPH (medecin) de Hopital du Canape Vert  s'est connecté   
[<b>05/12/2020 02:09:23 pm</b>] Wilkendhie JOSEPH (medecin) de Hopital du Canape Vert est allé dans ACCUEIL 
[<b>05/12/2020 02:09:52 pm</b>] Wilkendhie JOSEPH (medecin) de Hopital du Canape Vert  a recherché   ANSITO JAN LOUIS 2017-09-27 [MM/DD/YYYY]
[<b>05/12/2020 02:10:06 pm</b>] Wilkendhie JOSEPH (medecin) de Hopital du Canape Vert  a recherché   ANSITO JN LOUIS 2017-09-27 [MM/DD/YYYY]
[<b>05/12/2020 02:10:47 pm</b>] Wilkendhie JOSEPH (medecin) de Hopital du Canape Vert  a recherché   ANSYTO JN LOUIS 2017-09-27 [MM/DD/YYYY]
[<b>05/12/2020 02:11:04 pm</b>] Wilkendhie JOSEPH (medecin) de Hopital du Canape Vert  a recherché   ANSYTO JN LOUIS 2017-09-27 [MM/DD/YYYY]
[<b>05/12/2020 02:11:25 pm</b>] Wilkendhie JOSEPH (medecin) de Hopital du Canape Vert  a recherché   ANSYTO JN LOUIS 2017-08-27 [MM/DD/YYYY]
[<b>05/12/2020 02:11:40 pm</b>] Wilkendhie JOSEPH (medecin) de Hopital du Canape Vert  a recherché   ANSYTO JN LOUIS 2017-09-27 [MM/DD/YYYY]
[<b>05/12/2020 02:17:45 pm</b>] Wilkendhie JOSEPH (medecin) de Hopital du Canape Vert  s'est connecté   
[<b>05/12/2020 02:17:45 pm</b>] Wilkendhie JOSEPH (medecin) de Hopital du Canape Vert est allé dans ACCUEIL 
[<b>05/12/2020 02:18:22 pm</b>] Wilkendhie JOSEPH (medecin) de Hopital du Canape Vert  a recherché   ANCITO JN LOUIS 2017-09-27 [MM/DD/YYYY]
[<b>05/12/2020 02:18:43 pm</b>] Wilkendhie JOSEPH (medecin) de Hopital du Canape Vert  a recherché   ANSYTO JN LOUIS 2017-09-27 [MM/DD/YYYY]
[<b>05/12/2020 02:18:53 pm</b>] Wilkendhie JOSEPH (medecin) de Hopital du Canape Vert  a recherché   ANSYTO JN LOUIS 2017-09-27 [MM/DD/YYYY]
[<b>05/12/2020 02:19:10 pm</b>] Wilkendhie JOSEPH (medecin) de Hopital du Canape Vert  a recherché   ANSYTO JAN LOUIS 2017-09-27 [MM/DD/YYYY]
[<b>05/12/2020 02:19:30 pm</b>] Wilkendhie JOSEPH (medecin) de Hopital du Canape Vert  a recherché   ANCITO JAN LOUIS 2017-09-27 [MM/DD/YYYY]
[<b>05/12/2020 02:19:41 pm</b>] Wilkendhie JOSEPH (medecin) de Hopital du Canape Vert  a recherché   ANCITO JAN LOUIS 2017-09-27 [MM/DD/YYYY]
[<b>05/12/2020 02:20:01 pm</b>] Wilkendhie JOSEPH (medecin) de Hopital du Canape Vert  a recherché   ANCITO JN LOUIS 2017-09-27 [MM/DD/YYYY]
[<b>05/12/2020 02:20:27 pm</b>] Wilkendhie JOSEPH (medecin) de Hopital du Canape Vert  a recherché   ANSITO JN LOUIS 2017-09-27 [MM/DD/YYYY]
[<b>05/12/2020 02:22:23 pm</b>] Wilkendhie JOSEPH (medecin) de Hopital du Canape Vert  s'est connecté   
[<b>05/12/2020 02:22:24 pm</b>] Wilkendhie JOSEPH (medecin) de Hopital du Canape Vert est allé dans ACCUEIL 
[<b>05/12/2020 02:23:03 pm</b>] Wilkendhie JOSEPH (medecin) de Hopital du Canape Vert  a recherché   ANSYTO JEAN LOUIS 2017-09-27 [MM/DD/YYYY]
[<b>05/12/2020 02:23:19 pm</b>] Wilkendhie JOSEPH (medecin) de Hopital du Canape Vert  a recherché   ANSYTO JEAN LOUIS 2017-09-27 [MM/DD/YYYY]
[<b>05/12/2020 02:23:27 pm</b>] Wilkendhie JOSEPH (medecin) de Hopital du Canape Vert  a recherché   ANSYTO JEAN LOUIS 2017-09-27 [MM/DD/YYYY]
[<b>05/12/2020 02:23:46 pm</b>] Wilkendhie JOSEPH (medecin) de Hopital du Canape Vert  a recherché   ANCITO JEAN LOUIS 2017-09-27 [MM/DD/YYYY]
[<b>05/12/2020 02:23:56 pm</b>] Wilkendhie JOSEPH (medecin) de Hopital du Canape Vert  a recherché   ANCITO JEAN LOUIS 2017-09-27 [MM/DD/YYYY]
[<b>05/12/2020 04:38:17 pm</b>] Fabiola FRANCOIS (medecin) de Hopital Espoir  s'est connecté   
[<b>05/12/2020 04:38:18 pm</b>] Fabiola FRANCOIS (medecin) de Hopital Espoir est allé dans ACCUEIL 
[<b>05/12/2020 04:39:01 pm</b>] Fabiola FRANCOIS (medecin) de Hopital Espoir a recherché le client JAMESON JOSEPH 1992-10-25
[<b>05/12/2020 04:39:33 pm</b>] Fabiola FRANCOIS (medecin) de Hopital Espoir est allé dans ACCUEIL 
