[<b>20/02/2020 07:05:41 am</b>] Wilkendhie JOSEPH (medecin) de Hopital du Canape Vert  s'est connecté   
[<b>20/02/2020 07:05:41 am</b>] Wilkendhie JOSEPH (medecin) de Hopital du Canape Vert est allé dans ACCUEIL 
[<b>20/02/2020 07:06:25 am</b>] Wilkendhie JOSEPH (medecin) de Hopital du Canape Vert a recherché le client VIERGELA ALTINE VERDINE 1985-02-22
[<b>20/02/2020 07:06:36 am</b>] Wilkendhie JOSEPH (medecin) de Hopital du Canape Vert est allé dans ACCUEIL 
[<b>20/02/2020 08:19:51 am</b>] Fabiola FRANCOIS (medecin) de Hopital Espoir  s'est connecté   
[<b>20/02/2020 08:19:51 am</b>] Fabiola FRANCOIS (medecin) de Hopital Espoir est allé dans ACCUEIL 
[<b>20/02/2020 08:20:26 am</b>] Fabiola FRANCOIS (medecin) de Hopital Espoir a recherché le client GILBERTE EDDIA NELSON 1992-08-26
[<b>20/02/2020 08:20:52 am</b>] Fabiola FRANCOIS (medecin) de Hopital Espoir est allé dans ACCUEIL 
[<b>20/02/2020 08:53:40 am</b>] Fabiola FRANCOIS (medecin) de Hopital Espoir  s'est connecté   
[<b>20/02/2020 08:53:41 am</b>] Fabiola FRANCOIS (medecin) de Hopital Espoir est allé dans ACCUEIL 
[<b>20/02/2020 09:09:30 am</b>] Fabiola FRANCOIS (medecin) de Hopital Espoir  s'est connecté   
[<b>20/02/2020 09:09:30 am</b>] Fabiola FRANCOIS (medecin) de Hopital Espoir est allé dans ACCUEIL 
[<b>20/02/2020 09:10:03 am</b>] Fabiola FRANCOIS (medecin) de Hopital Espoir  a recherché   remy richard 1959-07-12 [MM/DD/YYYY]
[<b>20/02/2020 09:11:03 am</b>] Fabiola FRANCOIS (medecin) de Hopital Espoir  a recherché   grade keren erolme 2017-11-30 [MM/DD/YYYY]
[<b>20/02/2020 09:11:13 am</b>] Fabiola FRANCOIS (medecin) de Hopital Espoir  a recherché   grade keren erolme 2017-11-30 [MM/DD/YYYY]
[<b>20/02/2020 09:12:02 am</b>] Fabiola FRANCOIS (medecin) de Hopital Espoir a recherché le client GUERSUZE THELISMA 1990-10-15
[<b>20/02/2020 09:12:02 am</b>] Fabiola FRANCOIS (medecin) de Hopital Espoir a recherché le client GUERSUZE THELISMA 1990-10-15
[<b>20/02/2020 09:12:02 am</b>] Fabiola FRANCOIS (medecin) de Hopital Espoir a recherché le client GUERSUZE THELISMA 1990-10-15
[<b>20/02/2020 09:14:00 am</b>] Rose Christephane BANATTES (medecin) de Hopital Espoir  s'est connecté   
[<b>20/02/2020 09:14:00 am</b>] Rose Christephane BANATTES (medecin) de Hopital Espoir est allé dans ACCUEIL 
[<b>20/02/2020 09:36:00 am</b>] Fabiola FRANCOIS (medecin) de Hopital Espoir  s'est connecté   
[<b>20/02/2020 09:36:32 am</b>] Fabiola FRANCOIS (medecin) de Hopital Espoir est allé dans ACCUEIL 
[<b>20/02/2020 10:00:06 am</b>] Denold MILSOIT (medecin) de CLINIQULE Dr DENOLD MILSOIT  s'est connecté   
[<b>20/02/2020 10:00:06 am</b>] Denold MILSOIT (medecin) de CLINIQULE Dr DENOLD MILSOIT est allé dans ACCUEIL 
[<b>20/02/2020 10:00:55 am</b>] Denold MILSOIT (medecin) de CLINIQULE Dr DENOLD MILSOIT a recherché le client ROLAND AUGUSTIN 1989-01-01
[<b>20/02/2020 10:00:55 am</b>] Denold MILSOIT (medecin) de CLINIQULE Dr DENOLD MILSOIT a recherché le client ROLAND AUGUSTIN 1989-01-01
[<b>20/02/2020 10:11:33 am</b>] Denold MILSOIT (medecin) de CLINIQULE Dr DENOLD MILSOIT  s'est connecté   
[<b>20/02/2020 10:11:33 am</b>] Denold MILSOIT (medecin) de CLINIQULE Dr DENOLD MILSOIT est allé dans ACCUEIL 
[<b>20/02/2020 01:59:44 pm</b>] Wilkendhie JOSEPH (medecin) de Hopital du Canape Vert  s'est connecté   
[<b>20/02/2020 01:59:45 pm</b>] Wilkendhie JOSEPH (medecin) de Hopital du Canape Vert  s'est connecté   
[<b>20/02/2020 01:59:45 pm</b>] Wilkendhie JOSEPH (medecin) de Hopital du Canape Vert est allé dans ACCUEIL 
[<b>20/02/2020 02:00:51 pm</b>] Wilkendhie JOSEPH (medecin) de Hopital du Canape Vert  a recherché   SCHMID DIETRICH 1949-01-05 [MM/DD/YYYY]
[<b>20/02/2020 02:01:16 pm</b>] Wilkendhie JOSEPH (medecin) de Hopital du Canape Vert a recherché le client DIETRICH SCHMID 1949-01-05
[<b>20/02/2020 02:01:23 pm</b>] Wilkendhie JOSEPH (medecin) de Hopital du Canape Vert est allé dans ACCUEIL 
[<b>20/02/2020 04:42:38 pm</b>] Wilkendhie JOSEPH (medecin) de Hopital du Canape Vert  s'est connecté   
[<b>20/02/2020 04:42:39 pm</b>] Wilkendhie JOSEPH (medecin) de Hopital du Canape Vert est allé dans ACCUEIL 
[<b>20/02/2020 04:43:39 pm</b>] Wilkendhie JOSEPH (medecin) de Hopital du Canape Vert a recherché le client JACQUELIN JEAN 1961-07-24
[<b>20/02/2020 04:44:40 pm</b>] Wilkendhie JOSEPH (medecin) de Hopital du Canape Vert  a recherché   JOSETTE JEANNOT 1963-06-03 [MM/DD/YYYY]
[<b>20/02/2020 04:44:54 pm</b>] Wilkendhie JOSEPH (medecin) de Hopital du Canape Vert  a recherché   MARIE JEANNOT 1963-06-03 [MM/DD/YYYY]
[<b>20/02/2020 04:44:57 pm</b>] Wilkendhie JOSEPH (medecin) de Hopital du Canape Vert  a recherché   MARIE JEANNOT 1963-06-03 [MM/DD/YYYY]
[<b>20/02/2020 04:45:02 pm</b>] Wilkendhie JOSEPH (medecin) de Hopital du Canape Vert  a recherché   MARIE JEANNOT 1963-06-03 [MM/DD/YYYY]
[<b>20/02/2020 04:45:08 pm</b>] Wilkendhie JOSEPH (medecin) de Hopital du Canape Vert  a recherché   MARIE JEANNOT 1963-06-03 [MM/DD/YYYY]
[<b>20/02/2020 04:46:40 pm</b>] Wilkendhie JOSEPH (medecin) de Hopital du Canape Vert  a recherché   MARIE JOSETTE JEANNOT 1963-06-03 [MM/DD/YYYY]
[<b>20/02/2020 04:47:17 pm</b>] Wilkendhie JOSEPH (medecin) de Hopital du Canape Vert  a recherché   MARIE JOSETTE JEANNOT 1963-06-03 [MM/DD/YYYY]
[<b>20/02/2020 04:47:28 pm</b>] Wilkendhie JOSEPH (medecin) de Hopital du Canape Vert  a recherché   MARIE JEANNOT 1963-06-03 [MM/DD/YYYY]
[<b>20/02/2020 04:47:42 pm</b>] Wilkendhie JOSEPH (medecin) de Hopital du Canape Vert  a recherché   MARIE JEAN 1963-06-03 [MM/DD/YYYY]
[<b>20/02/2020 04:47:53 pm</b>] Wilkendhie JOSEPH (medecin) de Hopital du Canape Vert  a recherché   JOSETTE JEAN 1963-06-03 [MM/DD/YYYY]
[<b>20/02/2020 04:47:56 pm</b>] Wilkendhie JOSEPH (medecin) de Hopital du Canape Vert  a recherché   JOSETTE JEAN 1963-06-03 [MM/DD/YYYY]
[<b>20/02/2020 04:48:15 pm</b>] Wilkendhie JOSEPH (medecin) de Hopital du Canape Vert  a recherché   JOSETTE JEAN JEANNOT 1963-06-03 [MM/DD/YYYY]
[<b>20/02/2020 04:51:49 pm</b>] Wilkendhie JOSEPH (medecin) de Hopital du Canape Vert  a recherché   JOSETTE JEANNOT 1962-06-03 [MM/DD/YYYY]
[<b>20/02/2020 04:52:02 pm</b>] Wilkendhie JOSEPH (medecin) de Hopital du Canape Vert  a recherché   MARIE JEANNOT 1962-06-03 [MM/DD/YYYY]
[<b>20/02/2020 04:52:19 pm</b>] Wilkendhie JOSEPH (medecin) de Hopital du Canape Vert  a recherché   MARIE JEANNOT 1963-06-02 [MM/DD/YYYY]
[<b>20/02/2020 04:52:34 pm</b>] Wilkendhie JOSEPH (medecin) de Hopital du Canape Vert  a recherché   MARIE JOSETTE JEANNOT 1963-06-02 [MM/DD/YYYY]
