[<b>24/06/2020 10:28:26 am</b>] Wilkendhie JOSEPH (medecin) de Hopital du Canape Vert  s'est connecté   
[<b>24/06/2020 10:28:28 am</b>] Wilkendhie JOSEPH (medecin) de Hopital du Canape Vert  s'est connecté   
[<b>24/06/2020 10:28:28 am</b>] Wilkendhie JOSEPH (medecin) de Hopital du Canape Vert est allé dans ACCUEIL 
[<b>24/06/2020 10:28:48 am</b>] Wilkendhie JOSEPH (medecin) de Hopital du Canape Vert  a recherché   DETAIL MARLIE  [MM/DD/YYYY]
[<b>24/06/2020 10:30:04 am</b>] Wilkendhie JOSEPH (medecin) de Hopital du Canape Vert  a recherché   DETAIL MARLIE 1981-02-24 [MM/DD/YYYY]
[<b>24/06/2020 10:30:11 am</b>] Wilkendhie JOSEPH (medecin) de Hopital du Canape Vert  a recherché   DETAIL MARLIE 1981-02-24 [MM/DD/YYYY]
[<b>24/06/2020 10:31:17 am</b>] Wilkendhie JOSEPH (medecin) de Hopital du Canape Vert  a recherché   LOMERA PATRICK 1969-07-01 [MM/DD/YYYY]
[<b>24/06/2020 10:31:31 am</b>] Wilkendhie JOSEPH (medecin) de Hopital du Canape Vert  a recherché   LOMERA PATRICK 1969-07-01 [MM/DD/YYYY]
[<b>24/06/2020 10:38:15 am</b>] Wilkendhie JOSEPH (medecin) de Hopital du Canape Vert  s'est connecté   
[<b>24/06/2020 10:38:15 am</b>] Wilkendhie JOSEPH (medecin) de Hopital du Canape Vert est allé dans ACCUEIL 
[<b>24/06/2020 10:39:53 am</b>] Wilkendhie JOSEPH (medecin) de Hopital du Canape Vert  a recherché   DETAIL MARLIE 1981-02-24 [MM/DD/YYYY]
[<b>24/06/2020 11:03:30 am</b>] Wilkendhie JOSEPH (medecin) de Hopital du Canape Vert  s'est connecté   
[<b>24/06/2020 11:03:31 am</b>] Wilkendhie JOSEPH (medecin) de Hopital du Canape Vert  s'est connecté   
[<b>24/06/2020 11:03:31 am</b>] Wilkendhie JOSEPH (medecin) de Hopital du Canape Vert est allé dans ACCUEIL 
[<b>24/06/2020 11:03:55 am</b>] Wilkendhie JOSEPH (medecin) de Hopital du Canape Vert  a recherché   DETAIL MARLIE 1981-02-24 [MM/DD/YYYY]
[<b>24/06/2020 11:25:00 am</b>] Reginald ARNOUX (medecin) de Clinique du Dr Arnoux  s'est connecté   
[<b>24/06/2020 11:25:00 am</b>] Reginald ARNOUX (medecin) de Clinique du Dr Arnoux est allé dans ACCUEIL 
[<b>24/06/2020 11:26:05 am</b>] Reginald ARNOUX (medecin) de Clinique du Dr Arnoux a recherché le client WILMINE PIERRE PROPHETE 1963-09-23
[<b>24/06/2020 11:27:16 am</b>] Reginald ARNOUX (medecin) de Clinique du Dr Arnoux est allé dans ACCUEIL 
[<b>24/06/2020 11:58:56 am</b>] Reginald ARNOUX (medecin) de Clinique du Dr Arnoux  s'est connecté   
[<b>24/06/2020 11:58:57 am</b>] Reginald ARNOUX (medecin) de Clinique du Dr Arnoux est allé dans ACCUEIL 
[<b>24/06/2020 11:59:35 am</b>] Reginald ARNOUX (medecin) de Clinique du Dr Arnoux a recherché le client JAELLE JEANTY 1991-09-03
[<b>24/06/2020 11:59:35 am</b>] Reginald ARNOUX (medecin) de Clinique du Dr Arnoux a recherché le client JAELLE JEANTY 1991-09-03
[<b>24/06/2020 12:00:15 pm</b>] Reginald ARNOUX (medecin) de Clinique du Dr Arnoux est allé dans ACCUEIL 
[<b>24/06/2020 12:20:07 pm</b>] Reginald ARNOUX (medecin) de Clinique du Dr Arnoux  s'est connecté   
[<b>24/06/2020 12:20:07 pm</b>] Reginald ARNOUX (medecin) de Clinique du Dr Arnoux est allé dans ACCUEIL 
[<b>24/06/2020 12:20:33 pm</b>] Reginald ARNOUX (medecin) de Clinique du Dr Arnoux a recherché le client JAELLE JEANTY 1991-09-03
[<b>24/06/2020 12:20:33 pm</b>] Reginald ARNOUX (medecin) de Clinique du Dr Arnoux a recherché le client JAELLE JEANTY 1991-09-03
[<b>24/06/2020 12:22:55 pm</b>] Reginald ARNOUX (medecin) de Clinique du Dr Arnoux est allé dans ACCUEIL 
[<b>24/06/2020 12:23:47 pm</b>] Reginald ARNOUX (medecin) de Clinique du Dr Arnoux a recherché le client JAELLE JEANTY 1991-09-03
[<b>24/06/2020 12:23:47 pm</b>] Reginald ARNOUX (medecin) de Clinique du Dr Arnoux a recherché le client JAELLE JEANTY 1991-09-03
[<b>24/06/2020 02:05:29 pm</b>] Rood-Jerry GEFFRARD (medecin) de Hopital Adventiste Diquini  s'est connecté   
[<b>24/06/2020 02:05:29 pm</b>] Rood-Jerry GEFFRARD (medecin) de Hopital Adventiste Diquini est allé dans ACCUEIL 
[<b>24/06/2020 02:06:19 pm</b>] Rood-Jerry GEFFRARD (medecin) de Hopital Adventiste Diquini a recherché le client RESIA PIERRE PIERRE 1980-11-30
[<b>24/06/2020 02:06:19 pm</b>] Rood-Jerry GEFFRARD (medecin) de Hopital Adventiste Diquini a recherché le client RESIA PIERRE PIERRE 1980-11-30
[<b>24/06/2020 02:07:43 pm</b>] Rood-Jerry GEFFRARD (medecin) de Hopital Adventiste Diquini a recherché le client RESIA PIERRE PIERRE 1980-11-30
[<b>24/06/2020 02:07:43 pm</b>] Rood-Jerry GEFFRARD (medecin) de Hopital Adventiste Diquini a recherché le client RESIA PIERRE PIERRE 1980-11-30
[<b>24/06/2020 03:05:26 pm</b>] Anick DUPUY (admin) de INASSA  s'est connecté   
[<b>24/06/2020 03:05:30 pm</b>] Anick DUPUY (admin) de INASSA  s'est connecté   
[<b>24/06/2020 03:05:31 pm</b>] Anick DUPUY (admin) de INASSA est allé dans ACCUEIL 
[<b>24/06/2020 03:05:36 pm</b>] Anick DUPUY (admin) de INASSA  est allé dans HISTORIQUE 
[<b>24/06/2020 03:06:20 pm</b>] Anick DUPUY (admin) de INASSA  s'est déconnecté  
