[<b>12/10/2020 02:07:55 pm</b>] Wilkendhie JOSEPH (medecin) de Hopital du Canape Vert  s'est connecté   
[<b>12/10/2020 02:07:57 pm</b>] Wilkendhie JOSEPH (medecin) de Hopital du Canape Vert  s'est connecté   
[<b>12/10/2020 02:07:58 pm</b>] Wilkendhie JOSEPH (medecin) de Hopital du Canape Vert  s'est connecté   
[<b>12/10/2020 02:07:58 pm</b>] Wilkendhie JOSEPH (medecin) de Hopital du Canape Vert  s'est connecté   
[<b>12/10/2020 02:08:00 pm</b>] Wilkendhie JOSEPH (medecin) de Hopital du Canape Vert  s'est connecté   
[<b>12/10/2020 02:08:01 pm</b>] Wilkendhie JOSEPH (medecin) de Hopital du Canape Vert  s'est connecté   
[<b>12/10/2020 02:08:01 pm</b>] Wilkendhie JOSEPH (medecin) de Hopital du Canape Vert est allé dans ACCUEIL 
[<b>12/10/2020 02:08:01 pm</b>] Wilkendhie JOSEPH (medecin) de Hopital du Canape Vert  s'est connecté   
[<b>12/10/2020 02:08:03 pm</b>] Wilkendhie JOSEPH (medecin) de Hopital du Canape Vert  s'est connecté   
[<b>12/10/2020 02:09:21 pm</b>] Wilkendhie JOSEPH (medecin) de Hopital du Canape Vert a recherché le client ISLANDE PETIT-FRERE MALEBRANCHE 1968-01-25
[<b>12/10/2020 02:09:21 pm</b>] Wilkendhie JOSEPH (medecin) de Hopital du Canape Vert a recherché le client ISLANDE PETIT-FRERE MALEBRANCHE 1968-01-25
[<b>12/10/2020 02:09:21 pm</b>] Wilkendhie JOSEPH (medecin) de Hopital du Canape Vert a recherché le client ISLANDE PETIT-FRERE MALEBRANCHE 1968-01-25
[<b>12/10/2020 02:09:21 pm</b>] Wilkendhie JOSEPH (medecin) de Hopital du Canape Vert a recherché le client ISLANDE PETIT-FRERE MALEBRANCHE 1968-01-25
[<b>12/10/2020 02:09:56 pm</b>] Wilkendhie JOSEPH (medecin) de Hopital du Canape Vert a recherché le client ISLANDE PETIT-FRERE MALEBRANCHE 1968-01-25
[<b>12/10/2020 02:09:56 pm</b>] Wilkendhie JOSEPH (medecin) de Hopital du Canape Vert a recherché le client ISLANDE PETIT-FRERE MALEBRANCHE 1968-01-25
[<b>12/10/2020 02:09:56 pm</b>] Wilkendhie JOSEPH (medecin) de Hopital du Canape Vert a recherché le client ISLANDE PETIT-FRERE MALEBRANCHE 1968-01-25
[<b>12/10/2020 02:09:56 pm</b>] Wilkendhie JOSEPH (medecin) de Hopital du Canape Vert a recherché le client ISLANDE PETIT-FRERE MALEBRANCHE 1968-01-25
[<b>12/10/2020 02:10:36 pm</b>] Wilkendhie JOSEPH (medecin) de Hopital du Canape Vert est allé dans ACCUEIL 
[<b>12/10/2020 02:38:34 pm</b>] Fabiola FRANCOIS (medecin) de Hopital Espoir  s'est connecté   
[<b>12/10/2020 02:38:35 pm</b>] Fabiola FRANCOIS (medecin) de Hopital Espoir est allé dans ACCUEIL 
[<b>12/10/2020 02:39:18 pm</b>] Fabiola FRANCOIS (medecin) de Hopital Espoir  a recherché   tabita compere elisca 1983-12-19 [MM/DD/YYYY]
[<b>12/10/2020 02:39:48 pm</b>] Fabiola FRANCOIS (medecin) de Hopital Espoir  a recherché   tabita compere 1983-12-19 [MM/DD/YYYY]
[<b>12/10/2020 02:40:10 pm</b>] Fabiola FRANCOIS (medecin) de Hopital Espoir  a recherché   compere elisca tabita 1983-12-19 [MM/DD/YYYY]
[<b>12/10/2020 02:41:02 pm</b>] Fabiola FRANCOIS (medecin) de Hopital Espoir a recherché le client EVENSON ELISCA 1982-08-17
[<b>12/10/2020 02:42:05 pm</b>] Fabiola FRANCOIS (medecin) de Hopital Espoir est allé dans ACCUEIL 
