[<b>02/09/2020 10:09:03 am</b>] Marc-Eric ALTIDOR (admin) de INASSA  s'est connecté   
[<b>02/09/2020 10:09:03 am</b>] Marc-Eric ALTIDOR (admin) de INASSA est allé dans ACCUEIL 
[<b>02/09/2020 10:09:10 am</b>] Marc-Eric ALTIDOR (admin) de INASSA  est allé dans PARAMETRES  
[<b>02/09/2020 10:09:42 am</b>] Wilkendhie JOSEPH (medecin) de Hopital du Canape Vert  s'est connecté   
[<b>02/09/2020 10:09:42 am</b>] Wilkendhie JOSEPH (medecin) de Hopital du Canape Vert est allé dans ACCUEIL 
[<b>02/09/2020 10:11:21 am</b>] Wilkendhie JOSEPH (medecin) de Hopital du Canape Vert  a recherché   MONCEVOIT BERTHEAU 1937-12-20 [MM/DD/YYYY]
[<b>02/09/2020 10:11:32 am</b>] Wilkendhie JOSEPH (medecin) de Hopital du Canape Vert  a recherché   MONCEVOIT BERTHEAU 1937-12-20 [MM/DD/YYYY]
[<b>02/09/2020 10:12:16 am</b>] Wilkendhie JOSEPH (medecin) de Hopital du Canape Vert  a recherché   MONCEVOIT BERTEAU 1937-12-20 [MM/DD/YYYY]
[<b>02/09/2020 10:12:41 am</b>] Wilkendhie JOSEPH (medecin) de Hopital du Canape Vert  a recherché   MONCEVOIR BERTEAU 1937-12-20 [MM/DD/YYYY]
[<b>02/09/2020 10:13:32 am</b>] Wilkendhie JOSEPH (medecin) de Hopital du Canape Vert  a recherché   BERTHEAU MONCEVOIT 1937-12-20 [MM/DD/YYYY]
[<b>02/09/2020 10:13:59 am</b>] Wilkendhie JOSEPH (medecin) de Hopital du Canape Vert  a recherché   MONCEVOIT BERTHEAU 1937-12-20 [MM/DD/YYYY]
[<b>02/09/2020 10:14:17 am</b>] Wilkendhie JOSEPH (medecin) de Hopital du Canape Vert  a recherché   MONCEVOIR BERTEAU 1937-12-20 [MM/DD/YYYY]
[<b>02/09/2020 10:23:02 am</b>] Wilkendhie JOSEPH (medecin) de Hopital du Canape Vert  s'est connecté   
[<b>02/09/2020 10:23:02 am</b>] Wilkendhie JOSEPH (medecin) de Hopital du Canape Vert est allé dans ACCUEIL 
[<b>02/09/2020 10:23:52 am</b>] Wilkendhie JOSEPH (medecin) de Hopital du Canape Vert a recherché le client LUCIEN CRIBB 1971-02-13
[<b>02/09/2020 10:23:52 am</b>] Wilkendhie JOSEPH (medecin) de Hopital du Canape Vert a recherché le client LUCIEN CRIBB 1971-02-13
[<b>02/09/2020 10:23:52 am</b>] Wilkendhie JOSEPH (medecin) de Hopital du Canape Vert a recherché le client LUCIEN CRIBB 1971-02-13
[<b>02/09/2020 10:24:13 am</b>] Wilkendhie JOSEPH (medecin) de Hopital du Canape Vert est allé dans ACCUEIL 
[<b>02/09/2020 01:51:43 pm</b>] Valerio VITAL-HERNE (medecin) de Clinique Dr Valerio Vital-Herne  s'est connecté   
[<b>02/09/2020 01:51:45 pm</b>] Valerio VITAL-HERNE (medecin) de Clinique Dr Valerio Vital-Herne  s'est connecté   
[<b>02/09/2020 01:51:45 pm</b>] Valerio VITAL-HERNE (medecin) de Clinique Dr Valerio Vital-Herne est allé dans ACCUEIL 
[<b>02/09/2020 01:52:33 pm</b>] Valerio VITAL-HERNE (medecin) de Clinique Dr Valerio Vital-Herne a recherché le client ANDREENNE AUBIN 1981-11-29
[<b>02/09/2020 01:53:17 pm</b>] Valerio VITAL-HERNE (medecin) de Clinique Dr Valerio Vital-Herne  s'est déconnecté  
[<b>02/09/2020 02:13:18 pm</b>] Wilkendhie JOSEPH (medecin) de Hopital du Canape Vert  s'est connecté   
[<b>02/09/2020 02:13:18 pm</b>] Wilkendhie JOSEPH (medecin) de Hopital du Canape Vert est allé dans ACCUEIL 
[<b>02/09/2020 02:14:28 pm</b>] Wilkendhie JOSEPH (medecin) de Hopital du Canape Vert a recherché le client PATRICK LORMERA 1969-07-01
[<b>02/09/2020 02:14:28 pm</b>] Wilkendhie JOSEPH (medecin) de Hopital du Canape Vert a recherché le client PATRICK LORMERA 1969-07-01
[<b>02/09/2020 02:18:45 pm</b>] Wilkendhie JOSEPH (medecin) de Hopital du Canape Vert est allé dans ACCUEIL 
