[<b>03/09/2020 11:26:06 am</b>] Wilkendhie JOSEPH (medecin) de Hopital du Canape Vert  s'est connecté   
[<b>03/09/2020 11:26:08 am</b>] Wilkendhie JOSEPH (medecin) de Hopital du Canape Vert  s'est connecté   
[<b>03/09/2020 11:26:08 am</b>] Wilkendhie JOSEPH (medecin) de Hopital du Canape Vert est allé dans ACCUEIL 
[<b>03/09/2020 11:35:11 am</b>] Wilkendhie JOSEPH (medecin) de Hopital du Canape Vert  s'est connecté   
[<b>03/09/2020 11:35:14 am</b>] Wilkendhie JOSEPH (medecin) de Hopital du Canape Vert  s'est connecté   
[<b>03/09/2020 11:35:14 am</b>] Wilkendhie JOSEPH (medecin) de Hopital du Canape Vert est allé dans ACCUEIL 
[<b>03/09/2020 11:36:02 am</b>] Wilkendhie JOSEPH (medecin) de Hopital du Canape Vert a recherché le client MAGDALA PETIT FRERE 1989-07-09
[<b>03/09/2020 11:36:06 am</b>] Wilkendhie JOSEPH (medecin) de Hopital du Canape Vert a recherché le client MAGDALA PETIT FRERE 1989-07-09
[<b>03/09/2020 11:36:57 am</b>] Wilkendhie JOSEPH (medecin) de Hopital du Canape Vert est allé dans ACCUEIL 
[<b>03/09/2020 11:47:43 am</b>] Wilkendhie JOSEPH (medecin) de Hopital du Canape Vert  s'est connecté   
[<b>03/09/2020 11:47:43 am</b>] Wilkendhie JOSEPH (medecin) de Hopital du Canape Vert est allé dans ACCUEIL 
[<b>03/09/2020 11:49:48 am</b>] Wilkendhie JOSEPH (medecin) de Hopital du Canape Vert  a recherché   EDELINE SAINTIL 1976-06-01 [MM/DD/YYYY]
[<b>03/09/2020 11:49:54 am</b>] Wilkendhie JOSEPH (medecin) de Hopital du Canape Vert  a recherché   EDELINE SAINTIL 1976-06-01 [MM/DD/YYYY]
[<b>03/09/2020 11:50:29 am</b>] Wilkendhie JOSEPH (medecin) de Hopital du Canape Vert  a recherché   EDELINE SAINTIL 1978-06-01 [MM/DD/YYYY]
[<b>03/09/2020 11:50:43 am</b>] Wilkendhie JOSEPH (medecin) de Hopital du Canape Vert  a recherché   EDELINE SAINTIL 1978-06-01 [MM/DD/YYYY]
[<b>03/09/2020 11:50:46 am</b>] Wilkendhie JOSEPH (medecin) de Hopital du Canape Vert  a recherché   EDELINE SAINTIL 1978-06-01 [MM/DD/YYYY]
[<b>03/09/2020 11:51:16 am</b>] Wilkendhie JOSEPH (medecin) de Hopital du Canape Vert  a recherché   EDELINE SAINTIL 1978-06-01 [MM/DD/YYYY]
[<b>03/09/2020 11:51:53 am</b>] Wilkendhie JOSEPH (medecin) de Hopital du Canape Vert  a recherché   EDELINE SAINTIL 1978-06-01 [MM/DD/YYYY]
[<b>03/09/2020 11:54:49 am</b>] Wilkendhie JOSEPH (medecin) de Hopital du Canape Vert  a recherché   SAINTIL EDELINE 1978-06-01 [MM/DD/YYYY]
[<b>03/09/2020 11:55:24 am</b>] Wilkendhie JOSEPH (medecin) de Hopital du Canape Vert  a recherché   SAINTIL EDELINE 1976-06-01 [MM/DD/YYYY]
[<b>03/09/2020 11:55:49 am</b>] Wilkendhie JOSEPH (medecin) de Hopital du Canape Vert  a recherché   SAINTIL EDELINE 1976-06-01 [MM/DD/YYYY]
[<b>03/09/2020 11:56:01 am</b>] Wilkendhie JOSEPH (medecin) de Hopital du Canape Vert  a recherché   SAINTIL EDELINE 1978-06-01 [MM/DD/YYYY]
[<b>03/09/2020 11:56:45 am</b>] Wilkendhie JOSEPH (medecin) de Hopital du Canape Vert  a recherché   EDELINE SAINTIL 1978-06-01 [MM/DD/YYYY]
[<b>03/09/2020 11:56:58 am</b>] Wilkendhie JOSEPH (medecin) de Hopital du Canape Vert  a recherché   EDELINE SAINTIL 1978-06-01 [MM/DD/YYYY]
[<b>03/09/2020 02:15:20 pm</b>] Shana MONOPOL (medecin) de Hopital Espoir  s'est connecté   
[<b>03/09/2020 02:15:20 pm</b>] Shana MONOPOL (medecin) de Hopital Espoir est allé dans ACCUEIL 
[<b>03/09/2020 02:16:11 pm</b>] Shana MONOPOL (medecin) de Hopital Espoir  a recherché   marie martine decembre 1958-12-07 [MM/DD/YYYY]
[<b>03/09/2020 02:16:28 pm</b>] Shana MONOPOL (medecin) de Hopital Espoir  a recherché   marie martine decembre 1958-07-12 [MM/DD/YYYY]
[<b>03/09/2020 02:16:58 pm</b>] Shana MONOPOL (medecin) de Hopital Espoir  a recherché   marie martine decembre 1958-09-12 [MM/DD/YYYY]
[<b>03/09/2020 02:17:24 pm</b>] Shana MONOPOL (medecin) de Hopital Espoir a recherché le client MARIE MARTINE DECEMBRE 1958-09-07
[<b>03/09/2020 02:17:24 pm</b>] Shana MONOPOL (medecin) de Hopital Espoir a recherché le client MARIE MARTINE DECEMBRE 1958-09-07
[<b>03/09/2020 02:17:52 pm</b>] Shana MONOPOL (medecin) de Hopital Espoir est allé dans ACCUEIL 
[<b>03/09/2020 10:35:31 pm</b>] Rood-Jerry GEFFRARD (medecin) de Hopital Adventiste Diquini  s'est connecté   
[<b>03/09/2020 10:35:32 pm</b>] Rood-Jerry GEFFRARD (medecin) de Hopital Adventiste Diquini est allé dans ACCUEIL 
[<b>03/09/2020 10:37:07 pm</b>] Rood-Jerry GEFFRARD (medecin) de Hopital Adventiste Diquini a recherché le client ROSSINIE MADGE GOTHIE MICHEL 1992-04-02
[<b>03/09/2020 10:37:07 pm</b>] Rood-Jerry GEFFRARD (medecin) de Hopital Adventiste Diquini a recherché le client ROSSINIE MADGE MICHEL 1992-04-02
[<b>03/09/2020 10:50:40 pm</b>] Rood-Jerry GEFFRARD (medecin) de Hopital Adventiste Diquini  s'est connecté   
[<b>03/09/2020 10:50:41 pm</b>] Rood-Jerry GEFFRARD (medecin) de Hopital Adventiste Diquini est allé dans ACCUEIL 
[<b>03/09/2020 10:51:02 pm</b>] Rood-Jerry GEFFRARD (medecin) de Hopital Adventiste Diquini  a recherché   Jaelle Rose Esther Charles-Fils 2020-08-10 [MM/DD/YYYY]
[<b>03/09/2020 10:51:19 pm</b>] Rood-Jerry GEFFRARD (medecin) de Hopital Adventiste Diquini  a recherché     2020-08-10 [MM/DD/YYYY]
