[<b>21/12/2020 01:41:49 pm</b>] Wilkendhie JOSEPH (medecin) de Hopital du Canape Vert  s'est connecté   
[<b>21/12/2020 01:41:49 pm</b>] Wilkendhie JOSEPH (medecin) de Hopital du Canape Vert est allé dans ACCUEIL 
[<b>21/12/2020 01:43:45 pm</b>] Wilkendhie JOSEPH (medecin) de Hopital du Canape Vert  a recherché   MARIE JULIANA MEDARD 1960-03-24 [MM/DD/YYYY]
[<b>21/12/2020 01:44:40 pm</b>] Wilkendhie JOSEPH (medecin) de Hopital du Canape Vert  a recherché   MEDARD MARIE JULIANA 1960-03-24 [MM/DD/YYYY]
[<b>21/12/2020 01:44:47 pm</b>] Wilkendhie JOSEPH (medecin) de Hopital du Canape Vert  a recherché   MEDARD MARIE JULIANA 1960-03-24 [MM/DD/YYYY]
[<b>21/12/2020 01:44:50 pm</b>] Wilkendhie JOSEPH (medecin) de Hopital du Canape Vert  a recherché   MEDARD MARIE JULIANA 1960-03-24 [MM/DD/YYYY]
[<b>21/12/2020 03:43:55 pm</b>] Wilkendhie JOSEPH (medecin) de Hopital du Canape Vert  s'est connecté   
[<b>21/12/2020 03:43:56 pm</b>] Wilkendhie JOSEPH (medecin) de Hopital du Canape Vert est allé dans ACCUEIL 
[<b>21/12/2020 03:45:16 pm</b>] Wilkendhie JOSEPH (medecin) de Hopital du Canape Vert  a recherché   MARIE JULIANA MEDARD 1960-03-24 [MM/DD/YYYY]
[<b>21/12/2020 03:46:12 pm</b>] Wilkendhie JOSEPH (medecin) de Hopital du Canape Vert  a recherché   MIE. JULIANA MEDARD 1960-03-24 [MM/DD/YYYY]
[<b>21/12/2020 03:46:31 pm</b>] Wilkendhie JOSEPH (medecin) de Hopital du Canape Vert  a recherché   MIE. JULIANA MEDARD 1960-03-24 [MM/DD/YYYY]
[<b>21/12/2020 03:46:54 pm</b>] Wilkendhie JOSEPH (medecin) de Hopital du Canape Vert  a recherché   MIE. JULIANA MEDARD 1960-03-24 [MM/DD/YYYY]
[<b>21/12/2020 03:46:57 pm</b>] Wilkendhie JOSEPH (medecin) de Hopital du Canape Vert  a recherché   MIE. JULIANA MEDARD 1960-03-24 [MM/DD/YYYY]
[<b>21/12/2020 03:47:00 pm</b>] Wilkendhie JOSEPH (medecin) de Hopital du Canape Vert  a recherché   MIE. JULIANA MEDARD 1960-03-24 [MM/DD/YYYY]
[<b>21/12/2020 03:47:03 pm</b>] Wilkendhie JOSEPH (medecin) de Hopital du Canape Vert  a recherché   MIE. JULIANA MEDARD 1960-03-24 [MM/DD/YYYY]
[<b>21/12/2020 03:47:05 pm</b>] Wilkendhie JOSEPH (medecin) de Hopital du Canape Vert  est allé dans HISTORIQUE 
[<b>21/12/2020 03:47:05 pm</b>] Wilkendhie JOSEPH (medecin) de Hopital du Canape Vert  est allé dans HISTORIQUE 
[<b>21/12/2020 03:47:05 pm</b>] Wilkendhie JOSEPH (medecin) de Hopital du Canape Vert  est allé dans HISTORIQUE 
[<b>21/12/2020 03:47:15 pm</b>] Wilkendhie JOSEPH (medecin) de Hopital du Canape Vert a vérifié l'historique du client  MEDARD
[<b>21/12/2020 03:48:19 pm</b>] Wilkendhie JOSEPH (medecin) de Hopital du Canape Vert a vérifié l'historique du client MIE. JULIANA MEDARD
[<b>21/12/2020 03:48:54 pm</b>] Wilkendhie JOSEPH (medecin) de Hopital du Canape Vert a vérifié l'historique du client MIE. JULIANA MEDARD
[<b>21/12/2020 03:49:20 pm</b>] Wilkendhie JOSEPH (medecin) de Hopital du Canape Vert a vérifié l'historique du client MARIE MEDARD
[<b>21/12/2020 04:15:30 pm</b>] Wilkendhie JOSEPH (medecin) de Hopital du Canape Vert  s'est connecté   
[<b>21/12/2020 04:15:30 pm</b>] Wilkendhie JOSEPH (medecin) de Hopital du Canape Vert est allé dans ACCUEIL 
[<b>21/12/2020 04:16:23 pm</b>] Wilkendhie JOSEPH (medecin) de Hopital du Canape Vert  a recherché   MIE.JULIANA MEDARD 1960-03-24 [MM/DD/YYYY]
[<b>21/12/2020 04:16:36 pm</b>] Wilkendhie JOSEPH (medecin) de Hopital du Canape Vert est allé dans ACCUEIL 
