[<b>09/09/2020 08:51:52 am</b>] Shana MONOPOL (medecin) de Hopital Espoir  s'est connecté   
[<b>09/09/2020 08:51:53 am</b>] Shana MONOPOL (medecin) de Hopital Espoir  s'est connecté   
[<b>09/09/2020 08:51:54 am</b>] Shana MONOPOL (medecin) de Hopital Espoir est allé dans ACCUEIL 
[<b>09/09/2020 08:53:45 am</b>] Shana MONOPOL (medecin) de Hopital Espoir  a recherché   jacquieline johane nicolas 1973-07-25 [MM/DD/YYYY]
[<b>09/09/2020 08:54:16 am</b>] Shana MONOPOL (medecin) de Hopital Espoir a recherché le client JACQUELINE JOHANE NICOLAS 1973-07-25
[<b>09/09/2020 08:54:35 am</b>] Shana MONOPOL (medecin) de Hopital Espoir est allé dans ACCUEIL 
[<b>09/09/2020 01:44:58 pm</b>] Marc-Eric ALTIDOR (admin) de INASSA  s'est connecté   
[<b>09/09/2020 01:44:59 pm</b>] Marc-Eric ALTIDOR (admin) de INASSA est allé dans ACCUEIL 
[<b>09/09/2020 01:45:17 pm</b>] Marc-Eric ALTIDOR (admin) de INASSA a recherché le client MARC-ERIC ALTIDOR 1975-06-28
[<b>09/09/2020 01:47:17 pm</b>] Marc-Eric ALTIDOR (admin) de INASSA  a recherché   MArc altidor 2005-02-21 [MM/DD/YYYY]
[<b>09/09/2020 01:47:42 pm</b>] Marc-Eric ALTIDOR (admin) de INASSA a recherché le client MARC-KELLY ALTIDOR 2005-02-22
[<b>09/09/2020 02:28:04 pm</b>] Marc-Eric ALTIDOR (admin) de INASSA  s'est connecté   
[<b>09/09/2020 02:28:04 pm</b>] Marc-Eric ALTIDOR (admin) de INASSA est allé dans ACCUEIL 
[<b>09/09/2020 02:29:00 pm</b>] Marc-Eric ALTIDOR (admin) de INASSA  s'est connecté   
[<b>09/09/2020 02:29:00 pm</b>] Marc-Eric ALTIDOR (admin) de INASSA est allé dans ACCUEIL 
[<b>09/09/2020 02:29:11 pm</b>] Marc-Eric ALTIDOR (admin) de INASSA  est allé dans PARAMETRES  
[<b>09/09/2020 02:33:32 pm</b>] Marc-Eric ALTIDOR (admin) de INASSA  s'est déconnecté  
[<b>09/09/2020 02:34:40 pm</b>] Marc-Eric ALTIDOR (admin) de INASSA  s'est connecté   
[<b>09/09/2020 02:34:40 pm</b>] Marc-Eric ALTIDOR (admin) de INASSA est allé dans ACCUEIL 
[<b>09/09/2020 02:35:09 pm</b>] Marc-Eric ALTIDOR (admin) de INASSA  s'est connecté   
[<b>09/09/2020 02:35:09 pm</b>] Marc-Eric ALTIDOR (admin) de INASSA est allé dans ACCUEIL 
[<b>09/09/2020 02:35:22 pm</b>] Marc-Eric ALTIDOR (admin) de INASSA est allé dans ACCUEIL 
[<b>09/09/2020 02:35:42 pm</b>] Marc-Eric ALTIDOR (admin) de INASSA  est allé dans HISTORIQUE 
[<b>09/09/2020 02:36:13 pm</b>] Marc-Eric ALTIDOR (admin) de INASSA est allé dans ACCUEIL 
[<b>09/09/2020 02:36:13 pm</b>] Marc-Eric ALTIDOR (admin) de INASSA est allé dans ACCUEIL 
[<b>09/09/2020 02:39:59 pm</b>] Marc-Eric ALTIDOR (admin) de INASSA est allé dans ACCUEIL 
[<b>09/09/2020 02:44:03 pm</b>] Marc-Eric ALTIDOR (admin) de INASSA a recherché le client MARC-ERIC ALTIDOR 1975-06-28
[<b>09/09/2020 02:50:26 pm</b>] Marc-Eric ALTIDOR (admin) de INASSA est allé dans ACCUEIL 
[<b>09/09/2020 02:51:18 pm</b>] Marc-Eric ALTIDOR (admin) de INASSA  a recherché   marc` altidor 1975-06-28 [MM/DD/YYYY]
[<b>09/09/2020 02:51:28 pm</b>] Marc-Eric ALTIDOR (admin) de INASSA a recherché le client MARC-ERIC ALTIDOR 1975-06-28
[<b>09/09/2020 02:51:43 pm</b>] Marc-Eric ALTIDOR (admin) de INASSA est allé dans ACCUEIL 
[<b>09/09/2020 02:52:08 pm</b>] Marc-Eric ALTIDOR (admin) de INASSA a recherché le client MARC-ERIC ALTIDOR 1975-06-28
[<b>09/09/2020 02:52:34 pm</b>] Marc-Eric ALTIDOR (admin) de INASSA a recherché le client MARC-ERIC ALTIDOR 1975-06-28
[<b>09/09/2020 02:52:57 pm</b>] Marc-Eric ALTIDOR (admin) de INASSA est allé dans ACCUEIL 
[<b>09/09/2020 02:55:44 pm</b>] Marc-Eric ALTIDOR (admin) de INASSA a recherché le client MARC-KELLY ALTIDOR 2005-02-22
[<b>09/09/2020 02:57:06 pm</b>] Marc-Eric ALTIDOR (admin) de INASSA est allé dans ACCUEIL 
[<b>09/09/2020 03:03:22 pm</b>] Marc-Eric ALTIDOR (admin) de INASSA  s'est déconnecté  
[<b>09/09/2020 03:38:27 pm</b>] Marc-Eric ALTIDOR (admin) de INASSA  s'est connecté   
