[<b>12/05/2020 09:58:10 am</b>] Wilkendhie JOSEPH (medecin) de Hopital du Canape Vert  s'est connecté   
[<b>12/05/2020 09:58:10 am</b>] Wilkendhie JOSEPH (medecin) de Hopital du Canape Vert est allé dans ACCUEIL 
[<b>12/05/2020 09:59:15 am</b>] Wilkendhie JOSEPH (medecin) de Hopital du Canape Vert  a recherché   GINA ALTIMEAU DELIJACQUES 1978-07-29 [MM/DD/YYYY]
[<b>12/05/2020 09:59:33 am</b>] Wilkendhie JOSEPH (medecin) de Hopital du Canape Vert a recherché le client GINA ALTIMEAU DELIJACQUES 1978-06-29
[<b>12/05/2020 09:59:46 am</b>] Wilkendhie JOSEPH (medecin) de Hopital du Canape Vert est allé dans ACCUEIL 
[<b>12/05/2020 10:12:27 am</b>] Fabiola FRANCOIS (medecin) de Hopital Espoir  s'est connecté   
[<b>12/05/2020 10:12:27 am</b>] Fabiola FRANCOIS (medecin) de Hopital Espoir est allé dans ACCUEIL 
[<b>12/05/2020 10:13:13 am</b>] Fabiola FRANCOIS (medecin) de Hopital Espoir a recherché le client EDELINE GAY SAINT JUSTE 1980-12-22
[<b>12/05/2020 10:13:13 am</b>] Fabiola FRANCOIS (medecin) de Hopital Espoir a recherché le client EDELINE GAY SAINT JUSTE 1980-12-22
[<b>12/05/2020 10:13:13 am</b>] Fabiola FRANCOIS (medecin) de Hopital Espoir a recherché le client EDELINE GAY SAINT JUSTE 1980-12-22
[<b>12/05/2020 10:13:13 am</b>] Fabiola FRANCOIS (medecin) de Hopital Espoir a recherché le client EDELINE GAY SAINT JUSTE 1980-12-22
[<b>12/05/2020 10:13:54 am</b>] Fabiola FRANCOIS (medecin) de Hopital Espoir est allé dans ACCUEIL 
[<b>12/05/2020 10:18:13 am</b>] Sanon WIDMAIER (admin) de INASSA  s'est connecté   
[<b>12/05/2020 10:18:14 am</b>] Sanon WIDMAIER (admin) de INASSA est allé dans ACCUEIL 
[<b>12/05/2020 10:18:37 am</b>] Sanon WIDMAIER (admin) de INASSA  est allé dans HISTORIQUE 
[<b>12/05/2020 01:21:59 pm</b>] Wilkendhie JOSEPH (medecin) de Hopital du Canape Vert  s'est connecté   
[<b>12/05/2020 01:21:59 pm</b>] Wilkendhie JOSEPH (medecin) de Hopital du Canape Vert est allé dans ACCUEIL 
[<b>12/05/2020 01:22:30 pm</b>] Wilkendhie JOSEPH (medecin) de Hopital du Canape Vert a recherché le client BIBIANE DELVA 1981-10-11
[<b>12/05/2020 01:22:38 pm</b>] Wilkendhie JOSEPH (medecin) de Hopital du Canape Vert est allé dans ACCUEIL 
[<b>12/05/2020 05:18:56 pm</b>] Sara SABIN (medecin) de Hopital Espoir  s'est connecté   
[<b>12/05/2020 05:18:56 pm</b>] Sara SABIN (medecin) de Hopital Espoir est allé dans ACCUEIL 
[<b>12/05/2020 05:19:53 pm</b>] Sara SABIN (medecin) de Hopital Espoir  a recherché   marc-cenat valcenat 1972-08-12 [MM/DD/YYYY]
[<b>12/05/2020 05:21:52 pm</b>] Sara SABIN (medecin) de Hopital Espoir  a recherché   marc-cenat valcenat 1972-08-12 [MM/DD/YYYY]
