[<b>17/02/2020 12:23:30 pm</b>] Wilkendhie JOSEPH (medecin) de Hopital du Canape Vert  s'est connecté   
[<b>17/02/2020 12:23:34 pm</b>] Wilkendhie JOSEPH (medecin) de Hopital du Canape Vert  s'est connecté   
[<b>17/02/2020 12:23:35 pm</b>] Wilkendhie JOSEPH (medecin) de Hopital du Canape Vert  s'est connecté   
[<b>17/02/2020 12:23:36 pm</b>] Wilkendhie JOSEPH (medecin) de Hopital du Canape Vert est allé dans ACCUEIL 
[<b>17/02/2020 12:24:34 pm</b>] Wilkendhie JOSEPH (medecin) de Hopital du Canape Vert  a recherché   lamour lee-yann edwine 2018-11-02 [MM/DD/YYYY]
[<b>17/02/2020 12:24:56 pm</b>] Wilkendhie JOSEPH (medecin) de Hopital du Canape Vert  a recherché   lamour lee-yann edwine 2018-11-02 [MM/DD/YYYY]
[<b>17/02/2020 12:25:10 pm</b>] Wilkendhie JOSEPH (medecin) de Hopital du Canape Vert  a recherché   lamour lee-yann 2018-11-02 [MM/DD/YYYY]
[<b>17/02/2020 12:25:44 pm</b>] Wilkendhie JOSEPH (medecin) de Hopital du Canape Vert  a recherché   lamour edwine 2018-11-02 [MM/DD/YYYY]
[<b>17/02/2020 12:25:55 pm</b>] Wilkendhie JOSEPH (medecin) de Hopital du Canape Vert  a recherché   lamour edwine lee yann 2018-11-02 [MM/DD/YYYY]
[<b>17/02/2020 12:26:19 pm</b>] Wilkendhie JOSEPH (medecin) de Hopital du Canape Vert  a recherché   lamour edwine lee- yann 2018-11-02 [MM/DD/YYYY]
[<b>17/02/2020 12:26:22 pm</b>] Wilkendhie JOSEPH (medecin) de Hopital du Canape Vert  a recherché   lamour edwine lee- yann 2018-11-02 [MM/DD/YYYY]
[<b>17/02/2020 12:27:57 pm</b>] Wilkendhie JOSEPH (medecin) de Hopital du Canape Vert a recherché le client LEE-YANN LAMOUR 2018-11-02
[<b>17/02/2020 12:28:12 pm</b>] Wilkendhie JOSEPH (medecin) de Hopital du Canape Vert est allé dans ACCUEIL 
[<b>17/02/2020 12:40:30 pm</b>] Cheron ALIX (medecin) de Clinique Dr Alix   s'est connecté   
[<b>17/02/2020 12:40:31 pm</b>] Cheron ALIX (medecin) de Clinique Dr Alix  est allé dans ACCUEIL 
[<b>17/02/2020 12:41:58 pm</b>] Cheron ALIX (medecin) de Clinique Dr Alix   a recherché   Marco Mirvil 1968-07-16 [MM/DD/YYYY]
[<b>17/02/2020 12:43:05 pm</b>] Cheron ALIX (medecin) de Clinique Dr Alix  a recherché le client MARCO MIRVIL SAJUSTE 1968-07-16
[<b>17/02/2020 12:43:05 pm</b>] Cheron ALIX (medecin) de Clinique Dr Alix  a recherché le client MARCO MIRVIL SAJUSTE 1968-07-16
[<b>17/02/2020 12:49:41 pm</b>] Cheron ALIX (medecin) de Clinique Dr Alix   s'est connecté   
[<b>17/02/2020 12:49:41 pm</b>] Cheron ALIX (medecin) de Clinique Dr Alix  est allé dans ACCUEIL 
[<b>17/02/2020 12:50:21 pm</b>] Cheron ALIX (medecin) de Clinique Dr Alix  a recherché le client REJANE ALTAGRACE BRUTUS 1984-11-12
[<b>17/02/2020 12:51:47 pm</b>] Cheron ALIX (medecin) de Clinique Dr Alix  est allé dans ACCUEIL 
[<b>17/02/2020 12:51:53 pm</b>] Cheron ALIX (medecin) de Clinique Dr Alix  est allé dans ACCUEIL 
