[<b>30/09/2020 09:03:05 am</b>] Denold MILSOIT (medecin) de CLINIQULE Dr DENOLD MILSOIT  s'est connecté   
[<b>30/09/2020 09:03:05 am</b>] Denold MILSOIT (medecin) de CLINIQULE Dr DENOLD MILSOIT est allé dans ACCUEIL 
[<b>30/09/2020 09:05:53 am</b>] Denold MILSOIT (medecin) de CLINIQULE Dr DENOLD MILSOIT  a recherché   DESSSOURCES PHILIPPE GIZELLE 1981-04-26 [MM/DD/YYYY]
[<b>30/09/2020 09:06:14 am</b>] Denold MILSOIT (medecin) de CLINIQULE Dr DENOLD MILSOIT  a recherché   GIZELLE DESSSOURCES PHILIPPE 1981-04-26 [MM/DD/YYYY]
[<b>30/09/2020 09:06:36 am</b>] Denold MILSOIT (medecin) de CLINIQULE Dr DENOLD MILSOIT  a recherché   DESSSOURCES PHILIPPE 1981-04-26 [MM/DD/YYYY]
[<b>30/09/2020 09:07:37 am</b>] Denold MILSOIT (medecin) de CLINIQULE Dr DENOLD MILSOIT  a recherché   GIZELLE PHILIPPE DESSSOURCES 1981-04-26 [MM/DD/YYYY]
[<b>30/09/2020 09:07:49 am</b>] Denold MILSOIT (medecin) de CLINIQULE Dr DENOLD MILSOIT  a recherché   GIZELLE DESSSOURCES 1981-04-26 [MM/DD/YYYY]
[<b>30/09/2020 09:09:02 am</b>] Denold MILSOIT (medecin) de CLINIQULE Dr DENOLD MILSOIT  a recherché   PHILIPPE DESSSOURCES  GIZELLE 1981-04-26 [MM/DD/YYYY]
[<b>30/09/2020 09:10:00 am</b>] Denold MILSOIT (medecin) de CLINIQULE Dr DENOLD MILSOIT  a recherché   PHILIPPE DESSSOURCES GIZELLE 1981-04-26 [MM/DD/YYYY]
[<b>30/09/2020 09:12:18 am</b>] Denold MILSOIT (medecin) de CLINIQULE Dr DENOLD MILSOIT  a recherché   GIZELLE DESSSOURCES PHILIPPE 1981-04-26 [MM/DD/YYYY]
[<b>30/09/2020 09:12:34 am</b>] Denold MILSOIT (medecin) de CLINIQULE Dr DENOLD MILSOIT  a recherché   GIZELLE DESSSOURCES PHILIPPE DESSSOURCES 1981-04-26 [MM/DD/YYYY]
[<b>30/09/2020 09:12:53 am</b>] Denold MILSOIT (medecin) de CLINIQULE Dr DENOLD MILSOIT  a recherché   GIZELLE DESSSOURCES PHILIPPE 1981-04-26 [MM/DD/YYYY]
[<b>30/09/2020 09:13:29 am</b>] Denold MILSOIT (medecin) de CLINIQULE Dr DENOLD MILSOIT  a recherché   DESSSOURCES PHILIPPE 1981-04-26 [MM/DD/YYYY]
[<b>30/09/2020 03:55:21 pm</b>] Johanne LAROCHE (medecin) de Clinique du Dr Decastro  s'est connecté   
[<b>30/09/2020 03:55:23 pm</b>] Johanne LAROCHE (medecin) de Clinique du Dr Decastro est allé dans ACCUEIL 
[<b>30/09/2020 03:55:50 pm</b>] Johanne LAROCHE (medecin) de Clinique du Dr Decastro est allé dans ACCUEIL 
[<b>30/09/2020 03:56:19 pm</b>] Johanne LAROCHE (medecin) de Clinique du Dr Decastro est allé dans ACCUEIL 
[<b>30/09/2020 03:56:32 pm</b>] Johanne LAROCHE (medecin) de Clinique du Dr Decastro est allé dans ACCUEIL 
[<b>30/09/2020 03:56:45 pm</b>] Johanne LAROCHE (medecin) de Clinique du Dr Decastro est allé dans ACCUEIL 
[<b>30/09/2020 03:56:59 pm</b>] Johanne LAROCHE (medecin) de Clinique du Dr Decastro est allé dans ACCUEIL 
