[<b>04/02/2020 10:16:58 am</b>] Rood-Jerry GEFFRARD (medecin) de Hopital Adventiste Diquini  s'est connecté   
[<b>04/02/2020 10:16:59 am</b>] Rood-Jerry GEFFRARD (medecin) de Hopital Adventiste Diquini  s'est connecté   
[<b>04/02/2020 10:16:59 am</b>] Rood-Jerry GEFFRARD (medecin) de Hopital Adventiste Diquini est allé dans ACCUEIL 
[<b>04/02/2020 10:17:50 am</b>] Rood-Jerry GEFFRARD (medecin) de Hopital Adventiste Diquini a recherché le client PAUL CEBIEN GEDEUS 1969-07-02
[<b>04/02/2020 10:22:25 am</b>] Wilkendhie JOSEPH (medecin) de Hopital du Canape Vert  s'est connecté   
[<b>04/02/2020 10:22:25 am</b>] Wilkendhie JOSEPH (medecin) de Hopital du Canape Vert est allé dans ACCUEIL 
[<b>04/02/2020 10:23:16 am</b>] Wilkendhie JOSEPH (medecin) de Hopital du Canape Vert a recherché le client DONAIRE FILIPPI 1988-07-12
[<b>04/02/2020 10:23:33 am</b>] Wilkendhie JOSEPH (medecin) de Hopital du Canape Vert est allé dans ACCUEIL 
[<b>04/02/2020 10:24:11 am</b>] Wilkendhie JOSEPH (medecin) de Hopital du Canape Vert  a recherché   LOVELY PREVILLE 1991-09-01 [MM/DD/YYYY]
[<b>04/02/2020 10:24:54 am</b>] Wilkendhie JOSEPH (medecin) de Hopital du Canape Vert  a recherché   LOVELIE PREVILLE 1991-09-01 [MM/DD/YYYY]
[<b>04/02/2020 10:25:08 am</b>] Wilkendhie JOSEPH (medecin) de Hopital du Canape Vert  a recherché   LOVELIE PREVILLE 1991-09-01 [MM/DD/YYYY]
[<b>04/02/2020 10:25:11 am</b>] Wilkendhie JOSEPH (medecin) de Hopital du Canape Vert  a recherché   LOVELIE PREVILLE 1991-09-01 [MM/DD/YYYY]
[<b>04/02/2020 10:25:49 am</b>] Wilkendhie JOSEPH (medecin) de Hopital du Canape Vert a recherché le client LOVELY PREVILLE 1991-07-01
[<b>04/02/2020 10:25:49 am</b>] Wilkendhie JOSEPH (medecin) de Hopital du Canape Vert a recherché le client LOVELY PREVILLE 1991-07-01
[<b>04/02/2020 10:25:49 am</b>] Wilkendhie JOSEPH (medecin) de Hopital du Canape Vert a recherché le client LOVELY PREVILLE 1991-07-01
[<b>04/02/2020 10:26:13 am</b>] Wilkendhie JOSEPH (medecin) de Hopital du Canape Vert est allé dans ACCUEIL 
[<b>04/02/2020 10:26:47 am</b>] Wilkendhie JOSEPH (medecin) de Hopital du Canape Vert  a recherché   CHRISTELLE JN PIERRE 1992-02-03 [MM/DD/YYYY]
[<b>04/02/2020 10:26:57 am</b>] Wilkendhie JOSEPH (medecin) de Hopital du Canape Vert  a recherché   CHRISTELLE JN PIERRE 1992-02-03 [MM/DD/YYYY]
[<b>04/02/2020 10:27:09 am</b>] Wilkendhie JOSEPH (medecin) de Hopital du Canape Vert  a recherché   CHRISTELLE JN PIERRE 1992-02-03 [MM/DD/YYYY]
[<b>04/02/2020 10:27:11 am</b>] Wilkendhie JOSEPH (medecin) de Hopital du Canape Vert  a recherché   CHRISTELLE JN PIERRE 1992-02-03 [MM/DD/YYYY]
[<b>04/02/2020 10:27:15 am</b>] Wilkendhie JOSEPH (medecin) de Hopital du Canape Vert  a recherché   CHRISTELLE JN PIERRE 1992-02-03 [MM/DD/YYYY]
[<b>04/02/2020 10:27:27 am</b>] Wilkendhie JOSEPH (medecin) de Hopital du Canape Vert  a recherché   CHRISTELLE JN PIERRE 1992-02-03 [MM/DD/YYYY]
[<b>04/02/2020 10:27:29 am</b>] Wilkendhie JOSEPH (medecin) de Hopital du Canape Vert  a recherché   CHRISTELLE JN PIERRE 1992-02-03 [MM/DD/YYYY]
[<b>04/02/2020 10:27:31 am</b>] Wilkendhie JOSEPH (medecin) de Hopital du Canape Vert  a recherché   CHRISTELLE JN PIERRE 1992-02-03 [MM/DD/YYYY]
[<b>04/02/2020 10:27:34 am</b>] Wilkendhie JOSEPH (medecin) de Hopital du Canape Vert  a recherché   CHRISTELLE JN PIERRE 1992-02-03 [MM/DD/YYYY]
[<b>04/02/2020 10:29:09 am</b>] Wilkendhie JOSEPH (medecin) de Hopital du Canape Vert  a recherché   CHRISTELLE JN PIERRE 1992-02-03 [MM/DD/YYYY]
[<b>04/02/2020 10:29:16 am</b>] Wilkendhie JOSEPH (medecin) de Hopital du Canape Vert  a recherché   CHRISTELLE JN PIERRE 1992-02-03 [MM/DD/YYYY]
[<b>04/02/2020 10:29:44 am</b>] Wilkendhie JOSEPH (medecin) de Hopital du Canape Vert  a recherché   CHRISTELLE JN PIERRE 1992-02-03 [MM/DD/YYYY]
[<b>04/02/2020 10:29:47 am</b>] Wilkendhie JOSEPH (medecin) de Hopital du Canape Vert  a recherché   CHRISTELLE JN PIERRE 1992-02-03 [MM/DD/YYYY]
[<b>04/02/2020 10:29:50 am</b>] Wilkendhie JOSEPH (medecin) de Hopital du Canape Vert  a recherché   CHRISTELLE JN PIERRE 1992-02-03 [MM/DD/YYYY]
[<b>04/02/2020 10:29:52 am</b>] Wilkendhie JOSEPH (medecin) de Hopital du Canape Vert  a recherché   CHRISTELLE JN PIERRE 1992-02-03 [MM/DD/YYYY]
[<b>04/02/2020 10:47:52 am</b>] Wilkendhie JOSEPH (medecin) de Hopital du Canape Vert  s'est connecté   
[<b>04/02/2020 10:47:52 am</b>] Wilkendhie JOSEPH (medecin) de Hopital du Canape Vert est allé dans ACCUEIL 
[<b>04/02/2020 10:48:32 am</b>] Wilkendhie JOSEPH (medecin) de Hopital du Canape Vert  a recherché   CHRISTELLE JN PIERRE 1992-02-03 [MM/DD/YYYY]
[<b>04/02/2020 01:11:19 pm</b>] Denold MILSOIT (medecin) de CLINIQULE Dr DENOLD MILSOIT  s'est connecté   
[<b>04/02/2020 01:11:20 pm</b>] Denold MILSOIT (medecin) de CLINIQULE Dr DENOLD MILSOIT est allé dans ACCUEIL 
[<b>04/02/2020 01:12:19 pm</b>] Denold MILSOIT (medecin) de CLINIQULE Dr DENOLD MILSOIT a recherché le client SANDERSON DUROSIER 1984-05-26
