[<b>11/12/2020 09:13:02 am</b>] Rood-Jerry GEFFRARD (medecin) de Hopital Adventiste Diquini  s'est connecté   
[<b>11/12/2020 09:13:03 am</b>] Rood-Jerry GEFFRARD (medecin) de Hopital Adventiste Diquini est allé dans ACCUEIL 
[<b>11/12/2020 11:17:17 am</b>] Marc-Eric ALTIDOR (admin) de INASSA  s'est connecté   
[<b>11/12/2020 11:17:17 am</b>] Marc-Eric ALTIDOR (admin) de INASSA est allé dans ACCUEIL 
[<b>11/12/2020 11:17:45 am</b>] Marc-Eric ALTIDOR (admin) de INASSA  est allé dans PARAMETRES  
[<b>11/12/2020 11:23:59 am</b>] Marc-Eric ALTIDOR (admin) de INASSA  s'est connecté   
[<b>11/12/2020 11:23:59 am</b>] Marc-Eric ALTIDOR (admin) de INASSA est allé dans ACCUEIL 
[<b>11/12/2020 11:24:06 am</b>] Marc-Eric ALTIDOR (admin) de INASSA  est allé dans HISTORIQUE 
[<b>11/12/2020 11:26:01 am</b>] Marc-Eric ALTIDOR (admin) de INASSA  est allé dans HISTORIQUE 
[<b>11/12/2020 11:30:51 am</b>] Marc-Eric ALTIDOR (admin) de INASSA  est allé dans PARAMETRES  
[<b>11/12/2020 11:49:04 am</b>] Marc-Eric ALTIDOR (admin) de INASSA  s'est connecté   
[<b>11/12/2020 11:49:04 am</b>] Marc-Eric ALTIDOR (admin) de INASSA est allé dans ACCUEIL 
[<b>11/12/2020 11:49:21 am</b>] Marc-Eric ALTIDOR (admin) de INASSA  est allé dans HISTORIQUE 
[<b>11/12/2020 12:09:04 pm</b>] Marc-Eric ALTIDOR (admin) de INASSA  s'est connecté   
[<b>11/12/2020 12:09:05 pm</b>] Marc-Eric ALTIDOR (admin) de INASSA est allé dans ACCUEIL 
[<b>11/12/2020 12:09:10 pm</b>] Marc-Eric ALTIDOR (admin) de INASSA  est allé dans PARAMETRES  
[<b>11/12/2020 12:09:32 pm</b>] Marc-Eric ALTIDOR (admin) de INASSA  a changé le status de l'utilisateur  Alexa BRIERRE
[<b>11/12/2020 12:09:44 pm</b>] Marc-Eric ALTIDOR (admin) de INASSA  a réinitialisé le compte de l'utilisateur  Fabiola LOUIS
[<b>11/12/2020 12:10:07 pm</b>] Marc-Eric ALTIDOR (admin) de INASSA  a réinitialisé le compte de l'utilisateur  Leonie EXUME
[<b>11/12/2020 12:10:20 pm</b>] Marc-Eric ALTIDOR (admin) de INASSA  a réinitialisé le compte de l'utilisateur  Saul FEROLUS
[<b>11/12/2020 12:10:34 pm</b>] Marc-Eric ALTIDOR (admin) de INASSA  a changé le status de l'utilisateur  Saul FEROLUS
[<b>11/12/2020 12:10:44 pm</b>] Marc-Eric ALTIDOR (admin) de INASSA  a changé le status de l'utilisateur  Saul FEROLUS
[<b>11/12/2020 12:10:54 pm</b>] Marc-Eric ALTIDOR (admin) de INASSA  a changé le status de l'utilisateur  Leonie EXUME
[<b>11/12/2020 12:11:04 pm</b>] Marc-Eric ALTIDOR (admin) de INASSA  a changé le status de l'utilisateur  Leonie EXUME
[<b>11/12/2020 12:11:22 pm</b>] Marc-Eric ALTIDOR (admin) de INASSA  a changé le status de l'utilisateur  Saul FEROLUS
[<b>11/12/2020 12:11:28 pm</b>] Marc-Eric ALTIDOR (admin) de INASSA  a changé le status de l'utilisateur  Cassandra CELESTIN
[<b>11/12/2020 12:11:36 pm</b>] Marc-Eric ALTIDOR (admin) de INASSA  a réinitialisé le compte de l'utilisateur  Eddysson NOEL
[<b>11/12/2020 12:12:50 pm</b>] Marc-Eric ALTIDOR (admin) de INASSA a enregistré l'utilisateur  Puzo CARLA / cpuzo / carlapuzo19@gmail.com / Médecin / Actif
[<b>11/12/2020 12:12:51 pm</b>] Marc-Eric ALTIDOR (admin) de INASSA  est allé dans PARAMETRES  
[<b>11/12/2020 09:27:51 pm</b>] Wilkendhie JOSEPH (medecin) de Hopital du Canape Vert  s'est connecté   
[<b>11/12/2020 09:27:51 pm</b>] Wilkendhie JOSEPH (medecin) de Hopital du Canape Vert est allé dans ACCUEIL 
[<b>11/12/2020 09:32:06 pm</b>] Wilkendhie JOSEPH (medecin) de Hopital du Canape Vert  a recherché   edourad blot 1957-10-13 [MM/DD/YYYY]
[<b>11/12/2020 09:35:10 pm</b>] Wilkendhie JOSEPH (medecin) de Hopital du Canape Vert  a recherché   edourad blot 1957-10-13 [MM/DD/YYYY]
[<b>11/12/2020 09:35:44 pm</b>] Wilkendhie JOSEPH (medecin) de Hopital du Canape Vert a recherché le client EDOUARD BLOT 1957-10-13
[<b>11/12/2020 09:35:44 pm</b>] Wilkendhie JOSEPH (medecin) de Hopital du Canape Vert a recherché le client EDOUARD BLOT 1957-10-13
[<b>11/12/2020 09:35:44 pm</b>] Wilkendhie JOSEPH (medecin) de Hopital du Canape Vert a recherché le client EDOUARD MARIE BLOT 1957-10-13
[<b>11/12/2020 09:36:37 pm</b>] Wilkendhie JOSEPH (medecin) de Hopital du Canape Vert a recherché le client EDOUARD BLOT 1957-10-13
[<b>11/12/2020 09:36:37 pm</b>] Wilkendhie JOSEPH (medecin) de Hopital du Canape Vert a recherché le client EDOUARD BLOT 1957-10-13
[<b>11/12/2020 09:36:37 pm</b>] Wilkendhie JOSEPH (medecin) de Hopital du Canape Vert a recherché le client EDOUARD MARIE BLOT 1957-10-13
[<b>11/12/2020 09:36:54 pm</b>] Wilkendhie JOSEPH (medecin) de Hopital du Canape Vert est allé dans ACCUEIL 
[<b>11/12/2020 10:19:03 pm</b>] Sara SABIN (medecin) de Hopital Espoir  s'est connecté   
[<b>11/12/2020 10:19:03 pm</b>] Sara SABIN (medecin) de Hopital Espoir est allé dans ACCUEIL 
[<b>11/12/2020 10:20:01 pm</b>] Sara SABIN (medecin) de Hopital Espoir a recherché le client PATRICK CAMILLE 1969-11-05
[<b>11/12/2020 10:20:01 pm</b>] Sara SABIN (medecin) de Hopital Espoir a recherché le client PATRICK CAMILLE 1969-11-05
[<b>11/12/2020 10:20:01 pm</b>] Sara SABIN (medecin) de Hopital Espoir a recherché le client PATRICK CAMILLE 1969-11-05
[<b>11/12/2020 10:20:20 pm</b>] Sara SABIN (medecin) de Hopital Espoir est allé dans ACCUEIL 
