[<b>10/11/2020 10:15:02 am</b>] Johanne LAROCHE (medecin) de Clinique du Dr Decastro  s'est connecté   
[<b>10/11/2020 10:15:02 am</b>] Johanne LAROCHE (medecin) de Clinique du Dr Decastro est allé dans ACCUEIL 
[<b>10/11/2020 10:16:08 am</b>] Johanne LAROCHE (medecin) de Clinique du Dr Decastro  a recherché   jn thony jn baptiste 1981-03-20 [MM/DD/YYYY]
[<b>10/11/2020 10:16:32 am</b>] Johanne LAROCHE (medecin) de Clinique du Dr Decastro a recherché le client JEAN THONY JEAN BAPTISTE 1981-03-20
[<b>10/11/2020 10:16:32 am</b>] Johanne LAROCHE (medecin) de Clinique du Dr Decastro a recherché le client JEAN THONY JEAN BAPTISTE 1981-03-20
[<b>10/11/2020 10:17:57 am</b>] Johanne LAROCHE (medecin) de Clinique du Dr Decastro a recherché le client JEAN THONY JEAN BAPTISTE 1981-03-20
[<b>10/11/2020 10:17:57 am</b>] Johanne LAROCHE (medecin) de Clinique du Dr Decastro a recherché le client JEAN THONY JEAN BAPTISTE 1981-03-20
[<b>10/11/2020 10:43:02 am</b>] Johanne LAROCHE (medecin) de Clinique du Dr Decastro  s'est connecté   
[<b>10/11/2020 10:43:02 am</b>] Johanne LAROCHE (medecin) de Clinique du Dr Decastro est allé dans ACCUEIL 
[<b>10/11/2020 12:04:56 pm</b>] Wilkendhie JOSEPH (medecin) de Hopital du Canape Vert  s'est connecté   
[<b>10/11/2020 12:04:57 pm</b>] Wilkendhie JOSEPH (medecin) de Hopital du Canape Vert est allé dans ACCUEIL 
[<b>10/11/2020 12:06:37 pm</b>] Wilkendhie JOSEPH (medecin) de Hopital du Canape Vert  s'est déconnecté  
[<b>10/11/2020 12:06:51 pm</b>] Wilkendhie JOSEPH (medecin) de Hopital du Canape Vert  s'est connecté   
[<b>10/11/2020 12:06:52 pm</b>] Wilkendhie JOSEPH (medecin) de Hopital du Canape Vert  s'est connecté   
[<b>10/11/2020 12:06:53 pm</b>] Wilkendhie JOSEPH (medecin) de Hopital du Canape Vert  s'est connecté   
[<b>10/11/2020 12:06:53 pm</b>] Wilkendhie JOSEPH (medecin) de Hopital du Canape Vert est allé dans ACCUEIL 
[<b>10/11/2020 12:07:59 pm</b>] Wilkendhie JOSEPH (medecin) de Hopital du Canape Vert  a recherché   Marjorie Denis Gustave 1984-02-05 [MM/DD/YYYY]
[<b>10/11/2020 12:10:02 pm</b>] Wilkendhie JOSEPH (medecin) de Hopital du Canape Vert a recherché le client REGINALD GUSTAVE 1980-04-28
[<b>10/11/2020 12:10:02 pm</b>] Wilkendhie JOSEPH (medecin) de Hopital du Canape Vert a recherché le client REGINALD GUSTAVE 1980-04-28
[<b>10/11/2020 12:10:02 pm</b>] Wilkendhie JOSEPH (medecin) de Hopital du Canape Vert a recherché le client REGINALD GUSTAVE 1980-04-28
[<b>10/11/2020 12:11:10 pm</b>] Wilkendhie JOSEPH (medecin) de Hopital du Canape Vert a recherché le client REGINALD GUSTAVE 1980-04-28
[<b>10/11/2020 12:11:10 pm</b>] Wilkendhie JOSEPH (medecin) de Hopital du Canape Vert a recherché le client REGINALD GUSTAVE 1980-04-28
[<b>10/11/2020 12:11:10 pm</b>] Wilkendhie JOSEPH (medecin) de Hopital du Canape Vert a recherché le client REGINALD GUSTAVE 1980-04-28
[<b>10/11/2020 12:12:03 pm</b>] Wilkendhie JOSEPH (medecin) de Hopital du Canape Vert est allé dans ACCUEIL 
[<b>10/11/2020 12:13:40 pm</b>] Wilkendhie JOSEPH (medecin) de Hopital du Canape Vert a recherché le client REGINALD GUSTAVE 1980-04-28
[<b>10/11/2020 12:13:40 pm</b>] Wilkendhie JOSEPH (medecin) de Hopital du Canape Vert a recherché le client REGINALD GUSTAVE 1980-04-28
[<b>10/11/2020 12:13:40 pm</b>] Wilkendhie JOSEPH (medecin) de Hopital du Canape Vert a recherché le client REGINALD GUSTAVE 1980-04-28
[<b>10/11/2020 12:14:49 pm</b>] Wilkendhie JOSEPH (medecin) de Hopital du Canape Vert est allé dans ACCUEIL 
[<b>10/11/2020 12:15:09 pm</b>] Wilkendhie JOSEPH (medecin) de Hopital du Canape Vert  a recherché   Marjorie Denis Gustave 1984-02-05 [MM/DD/YYYY]
[<b>10/11/2020 12:15:20 pm</b>] Wilkendhie JOSEPH (medecin) de Hopital du Canape Vert  a recherché   Marjorie Denis Gustave 1984-02-05 [MM/DD/YYYY]
[<b>10/11/2020 12:15:23 pm</b>] Wilkendhie JOSEPH (medecin) de Hopital du Canape Vert  a recherché   Marjorie Denis Gustave 1984-02-05 [MM/DD/YYYY]
[<b>10/11/2020 12:16:09 pm</b>] Wilkendhie JOSEPH (medecin) de Hopital du Canape Vert  a recherché   Marjorie Gustave Denis 1984-02-05 [MM/DD/YYYY]
[<b>10/11/2020 12:16:12 pm</b>] Wilkendhie JOSEPH (medecin) de Hopital du Canape Vert  a recherché   Marjorie Gustave Denis 1984-02-05 [MM/DD/YYYY]
[<b>10/11/2020 12:16:28 pm</b>] Wilkendhie JOSEPH (medecin) de Hopital du Canape Vert  a recherché   Marjorie Gustave Denis 1984-02-05 [MM/DD/YYYY]
[<b>10/11/2020 12:16:30 pm</b>] Wilkendhie JOSEPH (medecin) de Hopital du Canape Vert  a recherché   Marjorie Gustave Denis 1984-02-05 [MM/DD/YYYY]
[<b>10/11/2020 12:16:32 pm</b>] Wilkendhie JOSEPH (medecin) de Hopital du Canape Vert  a recherché   Marjorie Gustave Denis 1984-02-05 [MM/DD/YYYY]
[<b>10/11/2020 12:16:55 pm</b>] Wilkendhie JOSEPH (medecin) de Hopital du Canape Vert  a recherché     1984-02-05 [MM/DD/YYYY]
[<b>10/11/2020 12:19:26 pm</b>] Wilkendhie JOSEPH (medecin) de Hopital du Canape Vert  s'est connecté   
[<b>10/11/2020 12:19:26 pm</b>] Wilkendhie JOSEPH (medecin) de Hopital du Canape Vert est allé dans ACCUEIL 
[<b>10/11/2020 12:22:11 pm</b>] Wilkendhie JOSEPH (medecin) de Hopital du Canape Vert  a recherché   Marjorie Gustave Denis 1980-02-05 [MM/DD/YYYY]
[<b>10/11/2020 12:22:32 pm</b>] Wilkendhie JOSEPH (medecin) de Hopital du Canape Vert  a recherché   Marjorie Gustave 1980-02-05 [MM/DD/YYYY]
[<b>10/11/2020 12:22:52 pm</b>] Wilkendhie JOSEPH (medecin) de Hopital du Canape Vert  a recherché   Marjorie denis 1980-02-05 [MM/DD/YYYY]
[<b>10/11/2020 12:27:39 pm</b>] Wilkendhie JOSEPH (medecin) de Hopital du Canape Vert  a recherché   Marjorie Denis 1980-02-05 [MM/DD/YYYY]
[<b>10/11/2020 12:28:07 pm</b>] Wilkendhie JOSEPH (medecin) de Hopital du Canape Vert  a recherché   Denis Gustave 1980-02-05 [MM/DD/YYYY]
[<b>10/11/2020 05:32:10 pm</b>] Shana MONOPOL (medecin) de Hopital Espoir  s'est connecté   
[<b>10/11/2020 05:32:10 pm</b>] Shana MONOPOL (medecin) de Hopital Espoir est allé dans ACCUEIL 
[<b>10/11/2020 05:32:43 pm</b>] Shana MONOPOL (medecin) de Hopital Espoir  a recherché   dujour rony 1970-07-04 [MM/DD/YYYY]
[<b>10/11/2020 05:32:57 pm</b>] Shana MONOPOL (medecin) de Hopital Espoir  a recherché   dujour rony 1970-07-04 [MM/DD/YYYY]
[<b>10/11/2020 05:33:11 pm</b>] Shana MONOPOL (medecin) de Hopital Espoir  a recherché   dujour rony 1970-07-04 [MM/DD/YYYY]
[<b>10/11/2020 05:33:33 pm</b>] Shana MONOPOL (medecin) de Hopital Espoir a recherché le client RONY DUJOUR 1970-07-04
[<b>10/11/2020 05:33:34 pm</b>] Shana MONOPOL (medecin) de Hopital Espoir a recherché le client RONY DUJOUR 1970-07-04
[<b>10/11/2020 05:33:34 pm</b>] Shana MONOPOL (medecin) de Hopital Espoir a recherché le client RONY DUJOUR 1970-07-04
[<b>10/11/2020 05:33:34 pm</b>] Shana MONOPOL (medecin) de Hopital Espoir a recherché le client RONY DUJOUR 1970-07-04
[<b>10/11/2020 05:35:15 pm</b>] Shana MONOPOL (medecin) de Hopital Espoir est allé dans ACCUEIL 
