[<b>15/05/2020 09:11:50 am</b>] Sanon WIDMAIER (admin) de INASSA  s'est connecté   
[<b>15/05/2020 09:11:50 am</b>] Sanon WIDMAIER (admin) de INASSA est allé dans ACCUEIL 
[<b>15/05/2020 09:11:59 am</b>] Sanon WIDMAIER (admin) de INASSA  est allé dans PARAMETRES  
[<b>15/05/2020 09:13:02 am</b>] Sanon WIDMAIER (admin) de INASSA  a réinitialisé le compte de l'utilisateur  Marie Gardys PHOBEE JOVIN
[<b>15/05/2020 09:26:20 am</b>] Marie Gardys PHOBEE JOVIN (medecin) de Clinique Dr Jovin  s'est connecté   
[<b>15/05/2020 09:26:21 am</b>] Marie Gardys PHOBEE JOVIN (medecin) de Clinique Dr Jovin est allé dans ACCUEIL 
[<b>15/05/2020 09:27:16 am</b>] Marie Gardys PHOBEE JOVIN (medecin) de Clinique Dr Jovin  a changé son mot de passe  
[<b>15/05/2020 09:27:16 am</b>] Marie Gardys PHOBEE JOVIN (medecin) de Clinique Dr Jovin est allé dans ACCUEIL 
[<b>15/05/2020 09:30:35 am</b>] Marie Gardys PHOBEE JOVIN (medecin) de Clinique Dr Jovin est allé dans ACCUEIL 
[<b>15/05/2020 11:23:56 am</b>] Marie Gardys PHOBEE JOVIN (medecin) de Clinique Dr Jovin  s'est connecté   
[<b>15/05/2020 11:23:58 am</b>] Marie Gardys PHOBEE JOVIN (medecin) de Clinique Dr Jovin  s'est connecté   
[<b>15/05/2020 11:23:58 am</b>] Marie Gardys PHOBEE JOVIN (medecin) de Clinique Dr Jovin est allé dans ACCUEIL 
[<b>15/05/2020 11:24:36 am</b>] Marie Gardys PHOBEE JOVIN (medecin) de Clinique Dr Jovin  s'est déconnecté  
[<b>15/05/2020 02:17:44 pm</b>] Dominique AMBROISE (admin) de INASSA  s'est connecté   
[<b>15/05/2020 02:17:44 pm</b>] Dominique AMBROISE (admin) de INASSA est allé dans ACCUEIL 
[<b>15/05/2020 02:18:01 pm</b>] Dominique AMBROISE (admin) de INASSA  a changé son mot de passe  
[<b>15/05/2020 02:18:01 pm</b>] Dominique AMBROISE (admin) de INASSA est allé dans ACCUEIL 
[<b>15/05/2020 04:34:47 pm</b>] Fabiola FRANCOIS (medecin) de Hopital Espoir  s'est connecté   
[<b>15/05/2020 04:34:47 pm</b>] Fabiola FRANCOIS (medecin) de Hopital Espoir est allé dans ACCUEIL 
[<b>15/05/2020 05:29:51 pm</b>] Fabiola FRANCOIS (medecin) de Hopital Espoir  s'est connecté   
[<b>15/05/2020 05:29:51 pm</b>] Fabiola FRANCOIS (medecin) de Hopital Espoir est allé dans ACCUEIL 
[<b>15/05/2020 05:30:18 pm</b>] Fabiola FRANCOIS (medecin) de Hopital Espoir a recherché le client BRAD'LEY GUERRIER 2016-03-03
[<b>15/05/2020 05:30:51 pm</b>] Fabiola FRANCOIS (medecin) de Hopital Espoir est allé dans ACCUEIL 
[<b>15/05/2020 06:18:40 pm</b>] Wilkendhie JOSEPH (medecin) de Hopital du Canape Vert  s'est connecté   
[<b>15/05/2020 06:18:41 pm</b>] Wilkendhie JOSEPH (medecin) de Hopital du Canape Vert est allé dans ACCUEIL 
[<b>15/05/2020 06:21:09 pm</b>] Wilkendhie JOSEPH (medecin) de Hopital du Canape Vert a recherché le client VANESSA JEAN 1991-01-01
[<b>15/05/2020 06:21:20 pm</b>] Wilkendhie JOSEPH (medecin) de Hopital du Canape Vert est allé dans ACCUEIL 
[<b>15/05/2020 06:46:22 pm</b>] Rood-Jerry GEFFRARD (medecin) de Hopital Adventiste Diquini  s'est connecté   
[<b>15/05/2020 06:46:22 pm</b>] Rood-Jerry GEFFRARD (medecin) de Hopital Adventiste Diquini est allé dans ACCUEIL 
[<b>15/05/2020 06:47:14 pm</b>] Rood-Jerry GEFFRARD (medecin) de Hopital Adventiste Diquini a recherché le client WOODSHAINA DERILUS 2016-03-23
