[<b>15/02/2020 10:35:13 am</b>] Reginald ARNOUX (medecin) de Clinique du Dr Arnoux  s'est connecté   
[<b>15/02/2020 10:35:14 am</b>] Reginald ARNOUX (medecin) de Clinique du Dr Arnoux est allé dans ACCUEIL 
[<b>15/02/2020 10:35:56 am</b>] Reginald ARNOUX (medecin) de Clinique du Dr Arnoux a recherché le client GINETTE MONEXILE MESIDOR 1973-09-01
[<b>15/02/2020 11:27:01 am</b>] Maria Gabelita ASSAD (medecin) de Clinique Dr M. Gabellita Assad  s'est connecté   
[<b>15/02/2020 11:27:03 am</b>] Maria Gabelita ASSAD (medecin) de Clinique Dr M. Gabellita Assad  s'est connecté   
[<b>15/02/2020 11:27:05 am</b>] Maria Gabelita ASSAD (medecin) de Clinique Dr M. Gabellita Assad  s'est connecté   
[<b>15/02/2020 11:27:06 am</b>] Maria Gabelita ASSAD (medecin) de Clinique Dr M. Gabellita Assad  s'est connecté   
[<b>15/02/2020 11:27:09 am</b>] Maria Gabelita ASSAD (medecin) de Clinique Dr M. Gabellita Assad est allé dans ACCUEIL 
[<b>15/02/2020 11:27:44 am</b>] Maria Gabelita ASSAD (medecin) de Clinique Dr M. Gabellita Assad est allé dans ACCUEIL 
[<b>15/02/2020 11:28:13 am</b>] Maria Gabelita ASSAD (medecin) de Clinique Dr M. Gabellita Assad  a changé son mot de passe  
[<b>15/02/2020 11:28:14 am</b>] Maria Gabelita ASSAD (medecin) de Clinique Dr M. Gabellita Assad est allé dans ACCUEIL 
[<b>15/02/2020 11:28:37 am</b>] Maria Gabelita ASSAD (medecin) de Clinique Dr M. Gabellita Assad  a recherché   Lysemar Bien Aime  [MM/DD/YYYY]
[<b>15/02/2020 11:29:20 am</b>] Maria Gabelita ASSAD (medecin) de Clinique Dr M. Gabellita Assad  a recherché   Lysemar Bien Aime 1977-01-15 [MM/DD/YYYY]
[<b>15/02/2020 11:29:56 am</b>] Maria Gabelita ASSAD (medecin) de Clinique Dr M. Gabellita Assad  a recherché   Lysemar Bien Aime 1977-01-15 [MM/DD/YYYY]
[<b>15/02/2020 11:30:35 am</b>] Maria Gabelita ASSAD (medecin) de Clinique Dr M. Gabellita Assad  a recherché   Lysemar Bien Aime 1977-01-15 [MM/DD/YYYY]
[<b>15/02/2020 11:30:41 am</b>] Maria Gabelita ASSAD (medecin) de Clinique Dr M. Gabellita Assad  a recherché   Lysemar Bien Aime 1977-01-15 [MM/DD/YYYY]
[<b>15/02/2020 11:31:17 am</b>] Maria Gabelita ASSAD (medecin) de Clinique Dr M. Gabellita Assad  a recherché   Lysemar Bien Aime 1977-01-15 [MM/DD/YYYY]
[<b>15/02/2020 11:31:20 am</b>] Maria Gabelita ASSAD (medecin) de Clinique Dr M. Gabellita Assad  a recherché   Lysemar Bien Aime 1977-01-15 [MM/DD/YYYY]
[<b>15/02/2020 11:31:22 am</b>] Maria Gabelita ASSAD (medecin) de Clinique Dr M. Gabellita Assad  a recherché   Lysemar Bien Aime 1977-01-15 [MM/DD/YYYY]
[<b>15/02/2020 11:31:26 am</b>] Maria Gabelita ASSAD (medecin) de Clinique Dr M. Gabellita Assad  a recherché   Lysemar Bien Aime 1977-01-15 [MM/DD/YYYY]
[<b>15/02/2020 11:31:28 am</b>] Maria Gabelita ASSAD (medecin) de Clinique Dr M. Gabellita Assad  a recherché   Lysemar Bien Aime 1977-01-15 [MM/DD/YYYY]
[<b>15/02/2020 11:31:44 am</b>] Maria Gabelita ASSAD (medecin) de Clinique Dr M. Gabellita Assad  a recherché   Lysemar Bien Aime 1977-01-15 [MM/DD/YYYY]
[<b>15/02/2020 11:32:01 am</b>] Maria Gabelita ASSAD (medecin) de Clinique Dr M. Gabellita Assad  a recherché   Lysemar Bienaime 1977-01-15 [MM/DD/YYYY]
[<b>15/02/2020 11:32:05 am</b>] Maria Gabelita ASSAD (medecin) de Clinique Dr M. Gabellita Assad  a recherché   Lysemar Bienaime 1977-01-15 [MM/DD/YYYY]
[<b>15/02/2020 11:32:15 am</b>] Maria Gabelita ASSAD (medecin) de Clinique Dr M. Gabellita Assad  a recherché   Lysemar Bienaime 1977-01-15 [MM/DD/YYYY]
[<b>15/02/2020 11:32:20 am</b>] Maria Gabelita ASSAD (medecin) de Clinique Dr M. Gabellita Assad  a recherché   Lysemar Bienaime 1977-01-15 [MM/DD/YYYY]
[<b>15/02/2020 11:33:35 am</b>] Maria Gabelita ASSAD (medecin) de Clinique Dr M. Gabellita Assad a recherché le client ROSE FLORE ARATUS 1981-08-14
[<b>15/02/2020 11:33:35 am</b>] Maria Gabelita ASSAD (medecin) de Clinique Dr M. Gabellita Assad a recherché le client ROSE FLORE ARATUS 1981-08-14
[<b>15/02/2020 11:33:43 am</b>] Maria Gabelita ASSAD (medecin) de Clinique Dr M. Gabellita Assad a recherché le client ROSE FLORE ARATUS 1981-08-14
[<b>15/02/2020 11:33:43 am</b>] Maria Gabelita ASSAD (medecin) de Clinique Dr M. Gabellita Assad a recherché le client ROSE FLORE ARATUS 1981-08-14
[<b>15/02/2020 11:33:50 am</b>] Maria Gabelita ASSAD (medecin) de Clinique Dr M. Gabellita Assad a recherché le client ROSE FLORE ARATUS 1981-08-14
[<b>15/02/2020 11:33:50 am</b>] Maria Gabelita ASSAD (medecin) de Clinique Dr M. Gabellita Assad a recherché le client ROSE FLORE ARATUS 1981-08-14
[<b>15/02/2020 11:33:56 am</b>] Maria Gabelita ASSAD (medecin) de Clinique Dr M. Gabellita Assad a recherché le client ROSE FLORE ARATUS 1981-08-14
[<b>15/02/2020 11:33:56 am</b>] Maria Gabelita ASSAD (medecin) de Clinique Dr M. Gabellita Assad a recherché le client ROSE FLORE ARATUS 1981-08-14
[<b>15/02/2020 11:33:58 am</b>] Maria Gabelita ASSAD (medecin) de Clinique Dr M. Gabellita Assad  a recherché   Lysemar Bienaime 1977-01-15 [MM/DD/YYYY]
[<b>15/02/2020 11:34:04 am</b>] Maria Gabelita ASSAD (medecin) de Clinique Dr M. Gabellita Assad a recherché le client ROSE FLORE ARATUS 1981-08-14
[<b>15/02/2020 11:34:04 am</b>] Maria Gabelita ASSAD (medecin) de Clinique Dr M. Gabellita Assad a recherché le client ROSE FLORE ARATUS 1981-08-14
[<b>15/02/2020 11:35:07 am</b>] Maria Gabelita ASSAD (medecin) de Clinique Dr M. Gabellita Assad  a recherché   Lysemar Bien Aime 1977-01-15 [MM/DD/YYYY]
[<b>15/02/2020 11:35:41 am</b>] Maria Gabelita ASSAD (medecin) de Clinique Dr M. Gabellita Assad  a recherché   Lysemar Bien Aime 1977-01-15 [MM/DD/YYYY]
[<b>15/02/2020 11:35:44 am</b>] Maria Gabelita ASSAD (medecin) de Clinique Dr M. Gabellita Assad  a recherché   Lysemar Bien Aime 1977-01-15 [MM/DD/YYYY]
[<b>15/02/2020 11:38:27 am</b>] Maria Gabelita ASSAD (medecin) de Clinique Dr M. Gabellita Assad est allé dans ACCUEIL 
[<b>15/02/2020 11:38:50 am</b>] Maria Gabelita ASSAD (medecin) de Clinique Dr M. Gabellita Assad  a recherché   Lysemar Edouard Bien Aime  [MM/DD/YYYY]
[<b>15/02/2020 11:38:52 am</b>] Maria Gabelita ASSAD (medecin) de Clinique Dr M. Gabellita Assad  a recherché   Lysemar Edouard Bien Aime  [MM/DD/YYYY]
[<b>15/02/2020 11:40:58 am</b>] Maria Gabelita ASSAD (medecin) de Clinique Dr M. Gabellita Assad  a recherché   Lysemar Bien Aime 1977-01-15 [MM/DD/YYYY]
[<b>15/02/2020 02:52:07 pm</b>] Wilkendhie JOSEPH (medecin) de Hopital du Canape Vert  s'est connecté   
[<b>15/02/2020 02:52:07 pm</b>] Wilkendhie JOSEPH (medecin) de Hopital du Canape Vert est allé dans ACCUEIL 
[<b>15/02/2020 02:52:10 pm</b>] Wilkendhie JOSEPH (medecin) de Hopital du Canape Vert  s'est connecté   
[<b>15/02/2020 02:52:48 pm</b>] Wilkendhie JOSEPH (medecin) de Hopital du Canape Vert  a recherché    Mondestin  [MM/DD/YYYY]
[<b>15/02/2020 02:52:50 pm</b>] Wilkendhie JOSEPH (medecin) de Hopital du Canape Vert  a recherché    Mondestin  [MM/DD/YYYY]
[<b>15/02/2020 02:53:16 pm</b>] Wilkendhie JOSEPH (medecin) de Hopital du Canape Vert  a recherché   joseph wisley daniel Mondestin  [MM/DD/YYYY]
[<b>15/02/2020 02:53:44 pm</b>] Wilkendhie JOSEPH (medecin) de Hopital du Canape Vert  a recherché   joseph wisley daniel Mondestin 2011-11-11 [MM/DD/YYYY]
[<b>15/02/2020 02:54:00 pm</b>] Wilkendhie JOSEPH (medecin) de Hopital du Canape Vert  a recherché   joseph wisley daniel Mondestin 2011-11-11 [MM/DD/YYYY]
[<b>15/02/2020 02:54:27 pm</b>] Wilkendhie JOSEPH (medecin) de Hopital du Canape Vert  s'est connecté   
[<b>15/02/2020 02:54:27 pm</b>] Wilkendhie JOSEPH (medecin) de Hopital du Canape Vert est allé dans ACCUEIL 
[<b>15/02/2020 02:55:00 pm</b>] Wilkendhie JOSEPH (medecin) de Hopital du Canape Vert  a recherché   joseph wisley daniel mondestin 2011-11-11 [MM/DD/YYYY]
[<b>15/02/2020 02:55:28 pm</b>] Wilkendhie JOSEPH (medecin) de Hopital du Canape Vert  a recherché   wiley daniel mondestin 2011-11-11 [MM/DD/YYYY]
[<b>15/02/2020 02:55:32 pm</b>] Wilkendhie JOSEPH (medecin) de Hopital du Canape Vert  a recherché   wiley daniel mondestin 2011-11-11 [MM/DD/YYYY]
[<b>15/02/2020 02:56:48 pm</b>] Wilkendhie JOSEPH (medecin) de Hopital du Canape Vert  a recherché   wisley daniel mondestin joseph 2011-11-11 [MM/DD/YYYY]
[<b>15/02/2020 02:57:46 pm</b>] Wilkendhie JOSEPH (medecin) de Hopital du Canape Vert  a recherché   wisley daniel mondestin 2011-11-11 [MM/DD/YYYY]
[<b>15/02/2020 02:58:46 pm</b>] Wilkendhie JOSEPH (medecin) de Hopital du Canape Vert a recherché le client JEAN MONDESTIN 1973-11-06
[<b>15/02/2020 02:58:46 pm</b>] Wilkendhie JOSEPH (medecin) de Hopital du Canape Vert a recherché le client JEAN MONDESTIN 1973-11-06
[<b>15/02/2020 02:58:46 pm</b>] Wilkendhie JOSEPH (medecin) de Hopital du Canape Vert a recherché le client JEAN MONDESTIN 1973-11-06
[<b>15/02/2020 02:59:21 pm</b>] Wilkendhie JOSEPH (medecin) de Hopital du Canape Vert est allé dans ACCUEIL 
[<b>15/02/2020 02:59:56 pm</b>] Wilkendhie JOSEPH (medecin) de Hopital du Canape Vert a recherché le client JEAN MONDESTIN 1973-11-06
[<b>15/02/2020 02:59:56 pm</b>] Wilkendhie JOSEPH (medecin) de Hopital du Canape Vert a recherché le client JEAN MONDESTIN 1973-11-06
[<b>15/02/2020 02:59:56 pm</b>] Wilkendhie JOSEPH (medecin) de Hopital du Canape Vert a recherché le client JEAN MONDESTIN 1973-11-06
[<b>15/02/2020 03:00:42 pm</b>] Wilkendhie JOSEPH (medecin) de Hopital du Canape Vert est allé dans ACCUEIL 
[<b>15/02/2020 03:01:26 pm</b>] Wilkendhie JOSEPH (medecin) de Hopital du Canape Vert  a recherché   jean wisley mondestin 2011-11-11 [MM/DD/YYYY]
[<b>15/02/2020 03:02:21 pm</b>] Wilkendhie JOSEPH (medecin) de Hopital du Canape Vert  a recherché   wisley mondestin joseph 2011-11-11 [MM/DD/YYYY]
[<b>15/02/2020 03:02:55 pm</b>] Wilkendhie JOSEPH (medecin) de Hopital du Canape Vert  a recherché   wisley joseph mondestin joseph 2011-11-11 [MM/DD/YYYY]
[<b>15/02/2020 03:03:21 pm</b>] Wilkendhie JOSEPH (medecin) de Hopital du Canape Vert  a recherché   wirley joseph 2011-11-11 [MM/DD/YYYY]
[<b>15/02/2020 03:04:13 pm</b>] Wilkendhie JOSEPH (medecin) de Hopital du Canape Vert  a recherché   joseph wisley daniel mondestin 2011-11-11 [MM/DD/YYYY]
[<b>15/02/2020 03:30:10 pm</b>] Wilkendhie JOSEPH (medecin) de Hopital du Canape Vert  s'est connecté   
[<b>15/02/2020 03:30:10 pm</b>] Wilkendhie JOSEPH (medecin) de Hopital du Canape Vert est allé dans ACCUEIL 
[<b>15/02/2020 03:31:04 pm</b>] Wilkendhie JOSEPH (medecin) de Hopital du Canape Vert  s'est connecté   
[<b>15/02/2020 03:31:05 pm</b>] Wilkendhie JOSEPH (medecin) de Hopital du Canape Vert est allé dans ACCUEIL 
[<b>15/02/2020 03:31:56 pm</b>] Wilkendhie JOSEPH (medecin) de Hopital du Canape Vert  a recherché   wisley daniel mondestin 2011-11-11 [MM/DD/YYYY]
[<b>15/02/2020 03:33:39 pm</b>] Wilkendhie JOSEPH (medecin) de Hopital du Canape Vert  a recherché   joseph wisley daniel mondestin 2011-11-11 [MM/DD/YYYY]
[<b>15/02/2020 03:33:42 pm</b>] Wilkendhie JOSEPH (medecin) de Hopital du Canape Vert  a recherché   joseph wisley daniel mondestin 2011-11-11 [MM/DD/YYYY]
[<b>15/02/2020 03:33:45 pm</b>] Wilkendhie JOSEPH (medecin) de Hopital du Canape Vert  a recherché   joseph wisley daniel mondestin 2011-11-11 [MM/DD/YYYY]
[<b>15/02/2020 03:34:04 pm</b>] Wilkendhie JOSEPH (medecin) de Hopital du Canape Vert  a recherché   joseph wisley daniel mondestin 2011-11-11 [MM/DD/YYYY]
[<b>15/02/2020 03:34:41 pm</b>] Wilkendhie JOSEPH (medecin) de Hopital du Canape Vert  a recherché   wisley daniel mondestin 2011-11-11 [MM/DD/YYYY]
[<b>15/02/2020 03:34:44 pm</b>] Wilkendhie JOSEPH (medecin) de Hopital du Canape Vert  a recherché   wisley daniel mondestin 2011-11-11 [MM/DD/YYYY]
[<b>15/02/2020 03:34:50 pm</b>] Wilkendhie JOSEPH (medecin) de Hopital du Canape Vert  a recherché   wisley daniel mondestin 2011-11-11 [MM/DD/YYYY]
[<b>15/02/2020 03:35:12 pm</b>] Wilkendhie JOSEPH (medecin) de Hopital du Canape Vert  a recherché   joseph wisley daniel mondestin 2011-11-11 [MM/DD/YYYY]
[<b>15/02/2020 03:37:20 pm</b>] Wilkendhie JOSEPH (medecin) de Hopital du Canape Vert a recherché le client JEAN MONDESTIN 1973-11-06
[<b>15/02/2020 03:37:20 pm</b>] Wilkendhie JOSEPH (medecin) de Hopital du Canape Vert a recherché le client JEAN MONDESTIN 1973-11-06
[<b>15/02/2020 03:37:20 pm</b>] Wilkendhie JOSEPH (medecin) de Hopital du Canape Vert a recherché le client JEAN MONDESTIN 1973-11-06
[<b>15/02/2020 03:38:21 pm</b>] Wilkendhie JOSEPH (medecin) de Hopital du Canape Vert est allé dans ACCUEIL 
[<b>15/02/2020 03:39:06 pm</b>] Wilkendhie JOSEPH (medecin) de Hopital du Canape Vert a recherché le client JEAN MONDESTIN 1973-11-06
[<b>15/02/2020 03:39:06 pm</b>] Wilkendhie JOSEPH (medecin) de Hopital du Canape Vert a recherché le client JEAN MONDESTIN 1973-11-06
[<b>15/02/2020 03:39:06 pm</b>] Wilkendhie JOSEPH (medecin) de Hopital du Canape Vert a recherché le client JEAN MONDESTIN 1973-11-06
[<b>15/02/2020 03:39:43 pm</b>] Wilkendhie JOSEPH (medecin) de Hopital du Canape Vert est allé dans ACCUEIL 
[<b>15/02/2020 03:40:20 pm</b>] Wilkendhie JOSEPH (medecin) de Hopital du Canape Vert  a recherché   joseph wisley daniel mondestin 2011-11-11 [MM/DD/YYYY]
[<b>15/02/2020 04:19:18 pm</b>] Wilkendhie JOSEPH (medecin) de Hopital du Canape Vert  s'est connecté   
[<b>15/02/2020 04:19:20 pm</b>] Wilkendhie JOSEPH (medecin) de Hopital du Canape Vert  s'est connecté   
[<b>15/02/2020 04:19:21 pm</b>] Wilkendhie JOSEPH (medecin) de Hopital du Canape Vert est allé dans ACCUEIL 
[<b>15/02/2020 04:19:45 pm</b>] Wilkendhie JOSEPH (medecin) de Hopital du Canape Vert a recherché le client JOSEPH WISLEY MONDESTIN 2011-09-11
[<b>15/02/2020 04:19:45 pm</b>] Wilkendhie JOSEPH (medecin) de Hopital du Canape Vert a recherché le client JOSEPH WISLEY MONDESTIN 2011-09-11
[<b>15/02/2020 04:22:34 pm</b>] Wilkendhie JOSEPH (medecin) de Hopital du Canape Vert est allé dans ACCUEIL 
