[<b>16/11/2020 08:39:18 am</b>] Johanne LAROCHE (medecin) de Clinique du Dr Decastro  s'est connecté   
[<b>16/11/2020 08:39:18 am</b>] Johanne LAROCHE (medecin) de Clinique du Dr Decastro est allé dans ACCUEIL 
[<b>16/11/2020 08:40:18 am</b>] Johanne LAROCHE (medecin) de Clinique du Dr Decastro a recherché le client LINDA MORIL 1977-03-26
[<b>16/11/2020 08:40:18 am</b>] Johanne LAROCHE (medecin) de Clinique du Dr Decastro a recherché le client LINDA MORIL 1977-03-26
[<b>16/11/2020 08:40:18 am</b>] Johanne LAROCHE (medecin) de Clinique du Dr Decastro a recherché le client LINDA MORIL 1977-03-26
[<b>16/11/2020 08:56:54 am</b>] Wilkendhie JOSEPH (medecin) de Hopital du Canape Vert  s'est connecté   
[<b>16/11/2020 08:56:55 am</b>] Wilkendhie JOSEPH (medecin) de Hopital du Canape Vert est allé dans ACCUEIL 
[<b>16/11/2020 08:57:54 am</b>] Wilkendhie JOSEPH (medecin) de Hopital du Canape Vert a recherché le client ALEX ANELUS 1988-12-24
[<b>16/11/2020 09:36:06 am</b>] Shana MONOPOL (medecin) de Hopital Espoir  s'est connecté   
[<b>16/11/2020 09:36:08 am</b>] Shana MONOPOL (medecin) de Hopital Espoir  s'est connecté   
[<b>16/11/2020 09:36:08 am</b>] Shana MONOPOL (medecin) de Hopital Espoir est allé dans ACCUEIL 
[<b>16/11/2020 09:36:50 am</b>] Shana MONOPOL (medecin) de Hopital Espoir  a recherché   marc-emmanuel christophe 1984-12-02 [MM/DD/YYYY]
[<b>16/11/2020 09:36:56 am</b>] Shana MONOPOL (medecin) de Hopital Espoir  a recherché   marc-emmanuel christophe 1984-12-02 [MM/DD/YYYY]
[<b>16/11/2020 09:36:59 am</b>] Shana MONOPOL (medecin) de Hopital Espoir  a recherché   marc-emmanuel christophe 1984-12-02 [MM/DD/YYYY]
[<b>16/11/2020 09:37:01 am</b>] Shana MONOPOL (medecin) de Hopital Espoir  a recherché   marc-emmanuel christophe 1984-12-02 [MM/DD/YYYY]
[<b>16/11/2020 09:37:04 am</b>] Shana MONOPOL (medecin) de Hopital Espoir  a recherché   marc-emmanuel christophe 1984-12-02 [MM/DD/YYYY]
[<b>16/11/2020 09:37:08 am</b>] Shana MONOPOL (medecin) de Hopital Espoir  a recherché   marc-emmanuel christophe 1984-12-02 [MM/DD/YYYY]
[<b>16/11/2020 09:37:10 am</b>] Shana MONOPOL (medecin) de Hopital Espoir  a recherché   marc-emmanuel christophe 1984-12-02 [MM/DD/YYYY]
[<b>16/11/2020 09:37:20 am</b>] Shana MONOPOL (medecin) de Hopital Espoir a recherché le client MARC EMMANUEL CHRISTOPHE 1984-12-02
[<b>16/11/2020 09:37:20 am</b>] Shana MONOPOL (medecin) de Hopital Espoir a recherché le client MARC EMMANUEL CHRISTOPHE 1984-12-02
[<b>16/11/2020 09:38:06 am</b>] Shana MONOPOL (medecin) de Hopital Espoir est allé dans ACCUEIL 
[<b>16/11/2020 10:14:28 am</b>] Wilkendhie JOSEPH (medecin) de Hopital du Canape Vert  s'est connecté   
[<b>16/11/2020 10:14:29 am</b>] Wilkendhie JOSEPH (medecin) de Hopital du Canape Vert est allé dans ACCUEIL 
[<b>16/11/2020 10:16:08 am</b>] Wilkendhie JOSEPH (medecin) de Hopital du Canape Vert a recherché le client ALEX ANELUS 1988-12-24
[<b>16/11/2020 10:16:52 am</b>] Wilkendhie JOSEPH (medecin) de Hopital du Canape Vert est allé dans ACCUEIL 
