[<b>21/11/2020 08:55:56 am</b>] Shana MONOPOL (medecin) de Hopital Espoir  s'est connecté   
[<b>21/11/2020 08:55:58 am</b>] Shana MONOPOL (medecin) de Hopital Espoir  s'est connecté   
[<b>21/11/2020 08:55:58 am</b>] Shana MONOPOL (medecin) de Hopital Espoir est allé dans ACCUEIL 
[<b>21/11/2020 08:56:50 am</b>] Shana MONOPOL (medecin) de Hopital Espoir a recherché le client CHARLES CHACHOUTE 1979-07-31
[<b>21/11/2020 08:57:01 am</b>] Shana MONOPOL (medecin) de Hopital Espoir est allé dans ACCUEIL 
[<b>21/11/2020 09:16:56 am</b>] Wilkendhie JOSEPH (medecin) de Hopital du Canape Vert  s'est connecté   
[<b>21/11/2020 09:16:56 am</b>] Wilkendhie JOSEPH (medecin) de Hopital du Canape Vert est allé dans ACCUEIL 
[<b>21/11/2020 09:22:16 am</b>] Johanne LAROCHE (medecin) de Clinique du Dr Decastro  s'est connecté   
[<b>21/11/2020 09:22:17 am</b>] Johanne LAROCHE (medecin) de Clinique du Dr Decastro est allé dans ACCUEIL 
[<b>21/11/2020 09:24:12 am</b>] Johanne LAROCHE (medecin) de Clinique du Dr Decastro a recherché le client SANDRA LECTOR THEGUI 1977-04-14
[<b>21/11/2020 09:24:47 am</b>] Johanne LAROCHE (medecin) de Clinique du Dr Decastro est allé dans ACCUEIL 
[<b>21/11/2020 09:36:04 am</b>] Wilkendhie JOSEPH (medecin) de Hopital du Canape Vert  s'est connecté   
[<b>21/11/2020 09:36:06 am</b>] Wilkendhie JOSEPH (medecin) de Hopital du Canape Vert  s'est connecté   
[<b>21/11/2020 09:36:06 am</b>] Wilkendhie JOSEPH (medecin) de Hopital du Canape Vert est allé dans ACCUEIL 
[<b>21/11/2020 09:37:14 am</b>] Wilkendhie JOSEPH (medecin) de Hopital du Canape Vert  a recherché   LOUISA MARTHURIN 1980-02-23 [MM/DD/YYYY]
[<b>21/11/2020 09:37:36 am</b>] Wilkendhie JOSEPH (medecin) de Hopital du Canape Vert  a recherché   LOUISA MARTHURIN 1980-02-23 [MM/DD/YYYY]
[<b>21/11/2020 09:38:18 am</b>] Wilkendhie JOSEPH (medecin) de Hopital du Canape Vert  a recherché   LOUISA MARTHURIN 1980-02-23 [MM/DD/YYYY]
[<b>21/11/2020 09:38:21 am</b>] Wilkendhie JOSEPH (medecin) de Hopital du Canape Vert  a recherché   LOUISA MARTHURIN 1980-02-23 [MM/DD/YYYY]
[<b>21/11/2020 09:38:24 am</b>] Wilkendhie JOSEPH (medecin) de Hopital du Canape Vert  a recherché   LOUISA MARTHURIN 1980-02-23 [MM/DD/YYYY]
[<b>21/11/2020 09:40:00 am</b>] Wilkendhie JOSEPH (medecin) de Hopital du Canape Vert a recherché le client LOUISIA MATHURIN 1980-02-23
[<b>21/11/2020 09:40:04 am</b>] Wilkendhie JOSEPH (medecin) de Hopital du Canape Vert a recherché le client LOUISIA MATHURIN 1980-02-23
[<b>21/11/2020 09:40:08 am</b>] Wilkendhie JOSEPH (medecin) de Hopital du Canape Vert a recherché le client LOUISIA MATHURIN 1980-02-23
[<b>21/11/2020 09:40:13 am</b>] Wilkendhie JOSEPH (medecin) de Hopital du Canape Vert a recherché le client LOUISIA MATHURIN 1980-02-23
[<b>21/11/2020 09:40:17 am</b>] Wilkendhie JOSEPH (medecin) de Hopital du Canape Vert a recherché le client LOUISIA MATHURIN 1980-02-23
[<b>21/11/2020 09:40:21 am</b>] Wilkendhie JOSEPH (medecin) de Hopital du Canape Vert a recherché le client LOUISIA MATHURIN 1980-02-23
[<b>21/11/2020 09:40:26 am</b>] Wilkendhie JOSEPH (medecin) de Hopital du Canape Vert a recherché le client LOUISIA MATHURIN 1980-02-23
[<b>21/11/2020 09:40:29 am</b>] Wilkendhie JOSEPH (medecin) de Hopital du Canape Vert a recherché le client LOUISIA MATHURIN 1980-02-23
[<b>21/11/2020 09:40:33 am</b>] Wilkendhie JOSEPH (medecin) de Hopital du Canape Vert a recherché le client LOUISIA MATHURIN 1980-02-23
[<b>21/11/2020 09:40:37 am</b>] Wilkendhie JOSEPH (medecin) de Hopital du Canape Vert a recherché le client LOUISIA MATHURIN 1980-02-23
[<b>21/11/2020 09:40:41 am</b>] Wilkendhie JOSEPH (medecin) de Hopital du Canape Vert a recherché le client LOUISIA MATHURIN 1980-02-23
[<b>21/11/2020 09:40:45 am</b>] Wilkendhie JOSEPH (medecin) de Hopital du Canape Vert a recherché le client LOUISIA MATHURIN 1980-02-23
[<b>21/11/2020 09:40:49 am</b>] Wilkendhie JOSEPH (medecin) de Hopital du Canape Vert a recherché le client LOUISIA MATHURIN 1980-02-23
[<b>21/11/2020 09:40:53 am</b>] Wilkendhie JOSEPH (medecin) de Hopital du Canape Vert est allé dans ACCUEIL 
