[<b>21/01/2020 09:43:46 am</b>] Sanon WIDMAIER (admin) de INASSA  s'est connecté   
[<b>21/01/2020 09:43:47 am</b>] Sanon WIDMAIER (admin) de INASSA est allé dans ACCUEIL 
[<b>21/01/2020 09:43:56 am</b>] Sanon WIDMAIER (admin) de INASSA  est allé dans PARAMETRES  
[<b>21/01/2020 11:09:06 am</b>] Sanon WIDMAIER (admin) de INASSA  s'est connecté   
[<b>21/01/2020 11:09:06 am</b>] Sanon WIDMAIER (admin) de INASSA est allé dans ACCUEIL 
[<b>21/01/2020 11:09:09 am</b>] Sanon WIDMAIER (admin) de INASSA  s'est connecté   
[<b>21/01/2020 11:10:08 am</b>] Sanon WIDMAIER (admin) de INASSA  est allé dans PARAMETRES  
[<b>21/01/2020 02:35:21 pm</b>] Wilkendhie JOSEPH (medecin) de Hopital du Canape Vert  s'est connecté   
[<b>21/01/2020 02:35:22 pm</b>] Wilkendhie JOSEPH (medecin) de Hopital du Canape Vert  s'est connecté   
[<b>21/01/2020 02:35:22 pm</b>] Wilkendhie JOSEPH (medecin) de Hopital du Canape Vert est allé dans ACCUEIL 
[<b>21/01/2020 02:36:17 pm</b>] Wilkendhie JOSEPH (medecin) de Hopital du Canape Vert a recherché le client CAMILLE CHERVIL 1984-06-14
[<b>21/01/2020 02:36:38 pm</b>] Wilkendhie JOSEPH (medecin) de Hopital du Canape Vert est allé dans ACCUEIL 
[<b>21/01/2020 09:45:24 pm</b>] Cheron ALIX (medecin) de Clinique Dr Alix   s'est connecté   
[<b>21/01/2020 09:45:24 pm</b>] Cheron ALIX (medecin) de Clinique Dr Alix  est allé dans ACCUEIL 
[<b>21/01/2020 09:46:15 pm</b>] Cheron ALIX (medecin) de Clinique Dr Alix   a changé son mot de passe  
[<b>21/01/2020 09:46:16 pm</b>] Cheron ALIX (medecin) de Clinique Dr Alix  est allé dans ACCUEIL 
[<b>21/01/2020 09:46:54 pm</b>] Wilkendhie JOSEPH (medecin) de Hopital du Canape Vert  s'est connecté   
[<b>21/01/2020 09:46:54 pm</b>] Wilkendhie JOSEPH (medecin) de Hopital du Canape Vert est allé dans ACCUEIL 
[<b>21/01/2020 09:47:13 pm</b>] Cheron ALIX (medecin) de Clinique Dr Alix  a recherché le client ALIX CHERON 1974-02-09
[<b>21/01/2020 09:48:00 pm</b>] Wilkendhie JOSEPH (medecin) de Hopital du Canape Vert a recherché le client JEAN MEMNON 1969-04-07
[<b>21/01/2020 09:48:44 pm</b>] Wilkendhie JOSEPH (medecin) de Hopital du Canape Vert est allé dans ACCUEIL 
[<b>21/01/2020 09:49:50 pm</b>] Cheron ALIX (medecin) de Clinique Dr Alix  est allé dans ACCUEIL 
[<b>21/01/2020 09:51:19 pm</b>] Cheron ALIX (medecin) de Clinique Dr Alix  est allé dans ACCUEIL 
[<b>21/01/2020 10:05:05 pm</b>] Wilkendhie JOSEPH (medecin) de Hopital du Canape Vert  s'est connecté   
[<b>21/01/2020 10:05:06 pm</b>] Wilkendhie JOSEPH (medecin) de Hopital du Canape Vert  s'est connecté   
[<b>21/01/2020 10:05:06 pm</b>] Wilkendhie JOSEPH (medecin) de Hopital du Canape Vert est allé dans ACCUEIL 
[<b>21/01/2020 10:06:00 pm</b>] Wilkendhie JOSEPH (medecin) de Hopital du Canape Vert a recherché le client MAUVIETTE MEUS SIMON 1969-09-20
[<b>21/01/2020 10:06:09 pm</b>] Wilkendhie JOSEPH (medecin) de Hopital du Canape Vert est allé dans ACCUEIL 
[<b>21/01/2020 10:07:35 pm</b>] Wilkendhie JOSEPH (medecin) de Hopital du Canape Vert a recherché le client GESNEL VITAL 1988-05-10
[<b>21/01/2020 10:07:53 pm</b>] Wilkendhie JOSEPH (medecin) de Hopital du Canape Vert  s'est connecté   
[<b>21/01/2020 10:07:53 pm</b>] Wilkendhie JOSEPH (medecin) de Hopital du Canape Vert est allé dans ACCUEIL 
[<b>21/01/2020 10:08:21 pm</b>] Wilkendhie JOSEPH (medecin) de Hopital du Canape Vert a recherché le client YOHANN VITAL 2019-07-24
