[<b>08/07/2020 08:43:21 am</b>] Rood-Jerry GEFFRARD (medecin) de Hopital Adventiste Diquini  s'est connecté   
[<b>08/07/2020 08:43:22 am</b>] Rood-Jerry GEFFRARD (medecin) de Hopital Adventiste Diquini est allé dans ACCUEIL 
[<b>08/07/2020 08:44:47 am</b>] Rood-Jerry GEFFRARD (medecin) de Hopital Adventiste Diquini  a recherché   Marie Carmelle Richard 1984-12-11 [MM/DD/YYYY]
[<b>08/07/2020 08:45:10 am</b>] Rood-Jerry GEFFRARD (medecin) de Hopital Adventiste Diquini a recherché le client MARIE CARMELLE RICHARD MANUEL 1984-12-11
[<b>08/07/2020 08:45:10 am</b>] Rood-Jerry GEFFRARD (medecin) de Hopital Adventiste Diquini a recherché le client MARIE CARMELLE RICHARD MANUEL 1984-12-11
[<b>08/07/2020 08:45:54 am</b>] Rood-Jerry GEFFRARD (medecin) de Hopital Adventiste Diquini est allé dans ACCUEIL 
[<b>08/07/2020 08:46:25 am</b>] Rood-Jerry GEFFRARD (medecin) de Hopital Adventiste Diquini  a recherché   Sony Sainfils 1989-12-15 [MM/DD/YYYY]
[<b>08/07/2020 09:27:18 am</b>] Wilkendhie JOSEPH (medecin) de Hopital du Canape Vert  s'est connecté   
[<b>08/07/2020 09:27:19 am</b>] Wilkendhie JOSEPH (medecin) de Hopital du Canape Vert est allé dans ACCUEIL 
[<b>08/07/2020 09:28:06 am</b>] Wilkendhie JOSEPH (medecin) de Hopital du Canape Vert  a recherché   BELOTTE BERLYNDA 1985-07-07 [MM/DD/YYYY]
[<b>08/07/2020 09:28:30 am</b>] Wilkendhie JOSEPH (medecin) de Hopital du Canape Vert  a recherché   BERLYNDA BELOTTE 1985-07-07 [MM/DD/YYYY]
[<b>08/07/2020 09:28:56 am</b>] Wilkendhie JOSEPH (medecin) de Hopital du Canape Vert  a recherché   ALEXANDRE SILUS 1985-07-07 [MM/DD/YYYY]
[<b>08/07/2020 09:29:41 am</b>] Wilkendhie JOSEPH (medecin) de Hopital du Canape Vert  a recherché   ALEXANDRE SILUS 1975-07-10 [MM/DD/YYYY]
[<b>08/07/2020 09:33:38 am</b>] Wilkendhie JOSEPH (medecin) de Hopital du Canape Vert  a recherché   ALEXANDRE SILUS 1975-07-10 [MM/DD/YYYY]
[<b>08/07/2020 09:34:48 am</b>] Wilkendhie JOSEPH (medecin) de Hopital du Canape Vert est allé dans ACCUEIL 
[<b>08/07/2020 09:35:33 am</b>] Wilkendhie JOSEPH (medecin) de Hopital du Canape Vert  a recherché   BELOTTE BERLYNDA 1985-08-07 [MM/DD/YYYY]
[<b>08/07/2020 10:15:48 am</b>] Wilkendhie JOSEPH (medecin) de Hopital du Canape Vert  s'est connecté   
[<b>08/07/2020 10:15:48 am</b>] Wilkendhie JOSEPH (medecin) de Hopital du Canape Vert est allé dans ACCUEIL 
[<b>08/07/2020 10:19:11 am</b>] Wilkendhie JOSEPH (medecin) de Hopital du Canape Vert  a recherché   Berlynda Belotte  [MM/DD/YYYY]
[<b>08/07/2020 10:20:50 am</b>] Wilkendhie JOSEPH (medecin) de Hopital du Canape Vert  a recherché   Berlynda Belotte 1985-08-07 [MM/DD/YYYY]
[<b>08/07/2020 10:24:28 am</b>] Rood-Jerry GEFFRARD (medecin) de Hopital Adventiste Diquini  s'est connecté   
[<b>08/07/2020 10:24:29 am</b>] Rood-Jerry GEFFRARD (medecin) de Hopital Adventiste Diquini est allé dans ACCUEIL 
[<b>08/07/2020 10:25:00 am</b>] Rood-Jerry GEFFRARD (medecin) de Hopital Adventiste Diquini  a recherché   Wanikah Paul 2015-03-09 [MM/DD/YYYY]
[<b>08/07/2020 10:27:15 am</b>] Rood-Jerry GEFFRARD (medecin) de Hopital Adventiste Diquini a recherché le client NANIKAH PAUL 2015-03-09
[<b>08/07/2020 10:27:15 am</b>] Rood-Jerry GEFFRARD (medecin) de Hopital Adventiste Diquini a recherché le client NANIKAH PAUL 2015-03-09
[<b>08/07/2020 10:30:24 am</b>] Wilkendhie JOSEPH (medecin) de Hopital du Canape Vert  s'est connecté   
[<b>08/07/2020 10:30:24 am</b>] Wilkendhie JOSEPH (medecin) de Hopital du Canape Vert est allé dans ACCUEIL 
[<b>08/07/2020 10:31:10 am</b>] Wilkendhie JOSEPH (medecin) de Hopital du Canape Vert  a recherché   ALEXANDRE SILUS 1985-08-07 [MM/DD/YYYY]
[<b>08/07/2020 10:34:46 am</b>] Wilkendhie JOSEPH (medecin) de Hopital du Canape Vert  a recherché   ALEXANDRE SILUS 1975-06-10 [MM/DD/YYYY]
[<b>08/07/2020 02:52:10 pm</b>] Marc-Eric ALTIDOR (admin) de INASSA  s'est connecté   
[<b>08/07/2020 02:52:10 pm</b>] Marc-Eric ALTIDOR (admin) de INASSA est allé dans ACCUEIL 
[<b>08/07/2020 02:52:23 pm</b>] Marc-Eric ALTIDOR (admin) de INASSA  est allé dans PARAMETRES  
[<b>08/07/2020 02:56:44 pm</b>] Marc-Eric ALTIDOR (admin) de INASSA  s'est déconnecté  
[<b>08/07/2020 07:50:05 pm</b>] Wilkendhie JOSEPH (medecin) de Hopital du Canape Vert  s'est connecté   
[<b>08/07/2020 07:50:05 pm</b>] Wilkendhie JOSEPH (medecin) de Hopital du Canape Vert est allé dans ACCUEIL 
[<b>08/07/2020 07:55:43 pm</b>] Wilkendhie JOSEPH (medecin) de Hopital du Canape Vert  s'est connecté   
[<b>08/07/2020 07:55:44 pm</b>] Wilkendhie JOSEPH (medecin) de Hopital du Canape Vert est allé dans ACCUEIL 
[<b>08/07/2020 07:56:21 pm</b>] Wilkendhie JOSEPH (medecin) de Hopital du Canape Vert  a recherché   Mike Sender PAUL 2001-06-25 [MM/DD/YYYY]
[<b>08/07/2020 07:56:56 pm</b>] Wilkendhie JOSEPH (medecin) de Hopital du Canape Vert a recherché le client MICK PAUL 2001-06-25
[<b>08/07/2020 07:57:28 pm</b>] Wilkendhie JOSEPH (medecin) de Hopital du Canape Vert est allé dans ACCUEIL 
[<b>08/07/2020 08:03:49 pm</b>] Wilkendhie JOSEPH (medecin) de Hopital du Canape Vert  s'est connecté   
[<b>08/07/2020 08:03:51 pm</b>] Wilkendhie JOSEPH (medecin) de Hopital du Canape Vert est allé dans ACCUEIL 
[<b>08/07/2020 08:04:14 pm</b>] Wilkendhie JOSEPH (medecin) de Hopital du Canape Vert a recherché le client JEAN EDDY LISSAINT 1991-03-10
[<b>08/07/2020 08:05:06 pm</b>] Wilkendhie JOSEPH (medecin) de Hopital du Canape Vert est allé dans ACCUEIL 
