[<b>06/08/2020 10:27:00 pm</b>] Wilkendhie JOSEPH (medecin) de Hopital du Canape Vert  s'est connecté   
[<b>06/08/2020 10:27:02 pm</b>] Wilkendhie JOSEPH (medecin) de Hopital du Canape Vert est allé dans ACCUEIL 
[<b>06/08/2020 10:28:31 pm</b>] Wilkendhie JOSEPH (medecin) de Hopital du Canape Vert  a recherché   Guyrlene Mercidie 1977-11-07 [MM/DD/YYYY]
[<b>06/08/2020 10:28:53 pm</b>] Wilkendhie JOSEPH (medecin) de Hopital du Canape Vert  a recherché   Gurlene Mercidie 1977-11-07 [MM/DD/YYYY]
[<b>06/08/2020 10:29:06 pm</b>] Wilkendhie JOSEPH (medecin) de Hopital du Canape Vert  a recherché   Gurlaine Mercidie 1977-11-07 [MM/DD/YYYY]
[<b>06/08/2020 10:30:13 pm</b>] Wilkendhie JOSEPH (medecin) de Hopital du Canape Vert  a recherché   Guyrlaine Mercidie 1977-11-07 [MM/DD/YYYY]
[<b>06/08/2020 10:30:52 pm</b>] Wilkendhie JOSEPH (medecin) de Hopital du Canape Vert  a recherché   Guyrlene Mercidie 1977-11-07 [MM/DD/YYYY]
[<b>06/08/2020 10:31:31 pm</b>] Wilkendhie JOSEPH (medecin) de Hopital du Canape Vert a recherché le client DANNY MAZILE 1976-10-29
[<b>06/08/2020 10:32:41 pm</b>] Wilkendhie JOSEPH (medecin) de Hopital du Canape Vert  a recherché   Guyrlene MERCIDIEU 1977-11-07 [MM/DD/YYYY]
[<b>06/08/2020 10:33:24 pm</b>] Wilkendhie JOSEPH (medecin) de Hopital du Canape Vert  a recherché   Guyrlaine MERCIDIEU 1977-11-07 [MM/DD/YYYY]
[<b>06/08/2020 10:34:30 pm</b>] Wilkendhie JOSEPH (medecin) de Hopital du Canape Vert  a recherché   Guyrlene Mercidie 1977-11-07 [MM/DD/YYYY]
[<b>06/08/2020 10:34:54 pm</b>] Wilkendhie JOSEPH (medecin) de Hopital du Canape Vert  a recherché   Guyrlaine Mercidie 1977-11-07 [MM/DD/YYYY]
[<b>06/08/2020 10:35:57 pm</b>] Wilkendhie JOSEPH (medecin) de Hopital du Canape Vert  a recherché   Guirlaine Mercidie 1977-11-07 [MM/DD/YYYY]
[<b>06/08/2020 10:36:28 pm</b>] Wilkendhie JOSEPH (medecin) de Hopital du Canape Vert a recherché le client GUIRLENE MERCIDIEU 1977-11-07
[<b>06/08/2020 10:36:45 pm</b>] Wilkendhie JOSEPH (medecin) de Hopital du Canape Vert est allé dans ACCUEIL 
[<b>06/08/2020 11:23:39 pm</b>] Wilkendhie JOSEPH (medecin) de Hopital du Canape Vert  s'est connecté   
[<b>06/08/2020 11:23:40 pm</b>] Wilkendhie JOSEPH (medecin) de Hopital du Canape Vert est allé dans ACCUEIL 
[<b>06/08/2020 11:24:13 pm</b>] Wilkendhie JOSEPH (medecin) de Hopital du Canape Vert a recherché le client NETHAN THIERRY PRESSOIR 2010-07-02
[<b>06/08/2020 11:24:50 pm</b>] Wilkendhie JOSEPH (medecin) de Hopital du Canape Vert est allé dans ACCUEIL 
[<b>06/08/2020 11:38:55 pm</b>] Wilkendhie JOSEPH (medecin) de Hopital du Canape Vert  s'est connecté   
[<b>06/08/2020 11:38:55 pm</b>] Wilkendhie JOSEPH (medecin) de Hopital du Canape Vert est allé dans ACCUEIL 
[<b>06/08/2020 11:39:23 pm</b>] Wilkendhie JOSEPH (medecin) de Hopital du Canape Vert a recherché le client NETHAN THIERRY PRESSOIR 2010-07-02
[<b>06/08/2020 11:39:44 pm</b>] Wilkendhie JOSEPH (medecin) de Hopital du Canape Vert a recherché le client NETHAN THIERRY PRESSOIR 2010-07-02
[<b>06/08/2020 11:44:06 pm</b>] Wilkendhie JOSEPH (medecin) de Hopital du Canape Vert  a recherché   MEGANE THIERRY PRESSOIR 2008-05-28 [MM/DD/YYYY]
[<b>06/08/2020 11:44:25 pm</b>] Wilkendhie JOSEPH (medecin) de Hopital du Canape Vert a recherché le client MEGANE PRESSOIR 2008-05-28
[<b>06/08/2020 11:44:53 pm</b>] Wilkendhie JOSEPH (medecin) de Hopital du Canape Vert est allé dans ACCUEIL 
[<b>06/08/2020 11:45:28 pm</b>] Wilkendhie JOSEPH (medecin) de Hopital du Canape Vert a recherché le client MEGANE PRESSOIR 2008-05-28
