[<b>18/03/2020 09:58:36 am</b>] Rachel DAVILMAR (medecin) de Hopital Espoir  s'est connecté   
[<b>18/03/2020 09:58:37 am</b>] Rachel DAVILMAR (medecin) de Hopital Espoir est allé dans ACCUEIL 
[<b>18/03/2020 09:59:12 am</b>] Rachel DAVILMAR (medecin) de Hopital Espoir est allé dans ACCUEIL 
[<b>18/03/2020 09:59:29 am</b>] Rachel DAVILMAR (medecin) de Hopital Espoir est allé dans ACCUEIL 
[<b>18/03/2020 10:00:45 am</b>] Rachel DAVILMAR (medecin) de Hopital Espoir  a changé son mot de passe  
[<b>18/03/2020 10:00:45 am</b>] Rachel DAVILMAR (medecin) de Hopital Espoir est allé dans ACCUEIL 
[<b>18/03/2020 10:01:53 am</b>] Rachel DAVILMAR (medecin) de Hopital Espoir a recherché le client GAELLE CELICOURT 1987-06-12
[<b>18/03/2020 10:01:53 am</b>] Rachel DAVILMAR (medecin) de Hopital Espoir a recherché le client GAELLE CELICOURT 1987-06-12
[<b>18/03/2020 10:05:27 am</b>] Rachel DAVILMAR (medecin) de Hopital Espoir  s'est déconnecté  
[<b>18/03/2020 10:05:27 am</b>]   () de  est allé dans ACCUEIL 
[<b>18/03/2020 10:13:05 am</b>] Wilkendhie JOSEPH (medecin) de Hopital du Canape Vert  s'est connecté   
[<b>18/03/2020 10:13:06 am</b>] Wilkendhie JOSEPH (medecin) de Hopital du Canape Vert est allé dans ACCUEIL 
[<b>18/03/2020 10:13:54 am</b>] Wilkendhie JOSEPH (medecin) de Hopital du Canape Vert  a recherché   vertilia saint louis 1963-05-27 [MM/DD/YYYY]
[<b>18/03/2020 10:14:00 am</b>] Wilkendhie JOSEPH (medecin) de Hopital du Canape Vert  a recherché   vertilia saint louis 1963-05-27 [MM/DD/YYYY]
[<b>18/03/2020 10:14:41 am</b>] Wilkendhie JOSEPH (medecin) de Hopital du Canape Vert  a recherché   vertilia saint louis 1963-05-27 [MM/DD/YYYY]
[<b>18/03/2020 10:33:11 am</b>] Wilkendhie JOSEPH (medecin) de Hopital du Canape Vert  s'est connecté   
[<b>18/03/2020 10:33:11 am</b>] Wilkendhie JOSEPH (medecin) de Hopital du Canape Vert est allé dans ACCUEIL 
[<b>18/03/2020 10:33:47 am</b>] Wilkendhie JOSEPH (medecin) de Hopital du Canape Vert  a recherché   vertilia saint louis  [MM/DD/YYYY]
[<b>18/03/2020 10:34:00 am</b>] Wilkendhie JOSEPH (medecin) de Hopital du Canape Vert  a recherché   vertilia saint louis  [MM/DD/YYYY]
[<b>18/03/2020 10:34:10 am</b>] Wilkendhie JOSEPH (medecin) de Hopital du Canape Vert  a recherché   vertilia saint louis  [MM/DD/YYYY]
[<b>18/03/2020 10:34:44 am</b>] Wilkendhie JOSEPH (medecin) de Hopital du Canape Vert  a recherché   vertilia saint louis 1963-05-27 [MM/DD/YYYY]
[<b>18/03/2020 10:38:24 am</b>] Wilkendhie JOSEPH (medecin) de Hopital du Canape Vert  a recherché   vertilia saint louis 1963-05-27 [MM/DD/YYYY]
[<b>18/03/2020 10:50:01 am</b>] Wilkendhie JOSEPH (medecin) de Hopital du Canape Vert  s'est connecté   
[<b>18/03/2020 10:50:01 am</b>] Wilkendhie JOSEPH (medecin) de Hopital du Canape Vert est allé dans ACCUEIL 
[<b>18/03/2020 10:51:13 am</b>] Wilkendhie JOSEPH (medecin) de Hopital du Canape Vert  a recherché   VERTILIA SAINT LOUIS 1968-05-27 [MM/DD/YYYY]
[<b>18/03/2020 10:51:32 am</b>] Wilkendhie JOSEPH (medecin) de Hopital du Canape Vert  a recherché   VERTILIA SAINT LOUIS 1968-05-27 [MM/DD/YYYY]
