[<b>28/02/2020 09:26:32 am</b>] Reginald ARNOUX (medecin) de Clinique du Dr Arnoux  s'est connecté   
[<b>28/02/2020 09:27:27 am</b>] Reginald ARNOUX (medecin) de Clinique du Dr Arnoux est allé dans ACCUEIL 
[<b>28/02/2020 09:27:50 am</b>] Reginald ARNOUX (medecin) de Clinique du Dr Arnoux  a changé son mot de passe  
[<b>28/02/2020 09:27:51 am</b>] Reginald ARNOUX (medecin) de Clinique du Dr Arnoux est allé dans ACCUEIL 
[<b>28/02/2020 09:28:53 am</b>] Reginald ARNOUX (medecin) de Clinique du Dr Arnoux  a recherché   diana cadet 1979-09-13 [MM/DD/YYYY]
[<b>28/02/2020 09:29:10 am</b>] Reginald ARNOUX (medecin) de Clinique du Dr Arnoux  a recherché   diana cadet gustave 1979-09-13 [MM/DD/YYYY]
[<b>28/02/2020 09:29:26 am</b>] Reginald ARNOUX (medecin) de Clinique du Dr Arnoux  a recherché   diana gustave cadet 1979-09-13 [MM/DD/YYYY]
[<b>28/02/2020 09:29:54 am</b>] Reginald ARNOUX (medecin) de Clinique du Dr Arnoux  a recherché   dianna gustave cadet 1979-09-13 [MM/DD/YYYY]
[<b>28/02/2020 09:30:29 am</b>] Reginald ARNOUX (medecin) de Clinique du Dr Arnoux a recherché le client DIANNA GUSTAVE CADET 1979-09-13
[<b>28/02/2020 09:30:29 am</b>] Reginald ARNOUX (medecin) de Clinique du Dr Arnoux a recherché le client DIANNA GUSTAVE CADET 1979-09-13
[<b>28/02/2020 09:30:29 am</b>] Reginald ARNOUX (medecin) de Clinique du Dr Arnoux a recherché le client DIANNA GUSTAVE CADET 1979-09-13
[<b>28/02/2020 09:32:50 am</b>] Reginald ARNOUX (medecin) de Clinique du Dr Arnoux a recherché le client DIANNA GUSTAVE CADET 1979-09-13
[<b>28/02/2020 09:32:50 am</b>] Reginald ARNOUX (medecin) de Clinique du Dr Arnoux a recherché le client DIANNA GUSTAVE CADET 1979-09-13
[<b>28/02/2020 09:32:50 am</b>] Reginald ARNOUX (medecin) de Clinique du Dr Arnoux a recherché le client DIANNA GUSTAVE CADET 1979-09-13
[<b>28/02/2020 11:28:28 am</b>] Frantz CHARLEMAGNE (medecin) de Clinique Sante Pour Tous  s'est connecté   
[<b>28/02/2020 11:28:29 am</b>] Frantz CHARLEMAGNE (medecin) de Clinique Sante Pour Tous est allé dans ACCUEIL 
[<b>28/02/2020 11:30:56 am</b>] Frantz CHARLEMAGNE (medecin) de Clinique Sante Pour Tous  a recherché   aniel lucien 1975-05-12 [MM/DD/YYYY]
[<b>28/02/2020 11:31:08 am</b>] Frantz CHARLEMAGNE (medecin) de Clinique Sante Pour Tous  a recherché   aniel lucien 1975-05-12 [MM/DD/YYYY]
[<b>28/02/2020 11:31:11 am</b>] Frantz CHARLEMAGNE (medecin) de Clinique Sante Pour Tous  a recherché   aniel lucien 1975-05-12 [MM/DD/YYYY]
[<b>28/02/2020 11:31:13 am</b>] Frantz CHARLEMAGNE (medecin) de Clinique Sante Pour Tous  a recherché   aniel lucien 1975-05-12 [MM/DD/YYYY]
[<b>28/02/2020 11:31:19 am</b>] Frantz CHARLEMAGNE (medecin) de Clinique Sante Pour Tous  a recherché   aniel lucien 1975-05-12 [MM/DD/YYYY]
[<b>28/02/2020 11:31:38 am</b>] Frantz CHARLEMAGNE (medecin) de Clinique Sante Pour Tous  a recherché   aniel lucien 1975-05-12 [MM/DD/YYYY]
[<b>28/02/2020 11:31:41 am</b>] Frantz CHARLEMAGNE (medecin) de Clinique Sante Pour Tous  a recherché   aniel lucien 1975-05-12 [MM/DD/YYYY]
[<b>28/02/2020 11:32:22 am</b>] Frantz CHARLEMAGNE (medecin) de Clinique Sante Pour Tous  a recherché   Aniel lucien 1975-05-12 [MM/DD/YYYY]
[<b>28/02/2020 11:32:25 am</b>] Frantz CHARLEMAGNE (medecin) de Clinique Sante Pour Tous  a recherché   Aniel lucien 1975-05-12 [MM/DD/YYYY]
[<b>28/02/2020 11:32:28 am</b>] Frantz CHARLEMAGNE (medecin) de Clinique Sante Pour Tous  a recherché   Aniel lucien 1975-05-12 [MM/DD/YYYY]
[<b>28/02/2020 11:48:03 am</b>] Frantz CHARLEMAGNE (medecin) de Clinique Sante Pour Tous  s'est connecté   
[<b>28/02/2020 11:48:03 am</b>] Frantz CHARLEMAGNE (medecin) de Clinique Sante Pour Tous est allé dans ACCUEIL 
[<b>28/02/2020 11:49:05 am</b>] Frantz CHARLEMAGNE (medecin) de Clinique Sante Pour Tous  a recherché   aniel lucien 1975-05-12 [MM/DD/YYYY]
[<b>28/02/2020 11:49:08 am</b>] Frantz CHARLEMAGNE (medecin) de Clinique Sante Pour Tous  a recherché   aniel lucien 1975-05-12 [MM/DD/YYYY]
[<b>28/02/2020 11:49:11 am</b>] Frantz CHARLEMAGNE (medecin) de Clinique Sante Pour Tous  a recherché   aniel lucien 1975-05-12 [MM/DD/YYYY]
[<b>28/02/2020 11:49:15 am</b>] Frantz CHARLEMAGNE (medecin) de Clinique Sante Pour Tous  a recherché   aniel lucien 1975-05-12 [MM/DD/YYYY]
[<b>28/02/2020 11:49:18 am</b>] Frantz CHARLEMAGNE (medecin) de Clinique Sante Pour Tous  a recherché   aniel lucien 1975-05-12 [MM/DD/YYYY]
[<b>28/02/2020 11:49:22 am</b>] Frantz CHARLEMAGNE (medecin) de Clinique Sante Pour Tous  a recherché   aniel lucien 1975-05-12 [MM/DD/YYYY]
[<b>28/02/2020 11:49:25 am</b>] Frantz CHARLEMAGNE (medecin) de Clinique Sante Pour Tous  a recherché   aniel lucien 1975-05-12 [MM/DD/YYYY]
[<b>28/02/2020 11:49:27 am</b>] Frantz CHARLEMAGNE (medecin) de Clinique Sante Pour Tous  a recherché   aniel lucien 1975-05-12 [MM/DD/YYYY]
[<b>28/02/2020 11:49:31 am</b>] Frantz CHARLEMAGNE (medecin) de Clinique Sante Pour Tous  a recherché   aniel lucien 1975-05-12 [MM/DD/YYYY]
[<b>28/02/2020 11:49:34 am</b>] Frantz CHARLEMAGNE (medecin) de Clinique Sante Pour Tous  a recherché   aniel lucien 1975-05-12 [MM/DD/YYYY]
[<b>28/02/2020 11:49:36 am</b>] Frantz CHARLEMAGNE (medecin) de Clinique Sante Pour Tous  a recherché   aniel lucien 1975-05-12 [MM/DD/YYYY]
[<b>28/02/2020 11:49:39 am</b>] Frantz CHARLEMAGNE (medecin) de Clinique Sante Pour Tous  a recherché   aniel lucien 1975-05-12 [MM/DD/YYYY]
[<b>28/02/2020 11:49:42 am</b>] Frantz CHARLEMAGNE (medecin) de Clinique Sante Pour Tous  a recherché   aniel lucien 1975-05-12 [MM/DD/YYYY]
[<b>28/02/2020 11:49:44 am</b>] Frantz CHARLEMAGNE (medecin) de Clinique Sante Pour Tous  a recherché   aniel lucien 1975-05-12 [MM/DD/YYYY]
[<b>28/02/2020 11:49:48 am</b>] Frantz CHARLEMAGNE (medecin) de Clinique Sante Pour Tous  a recherché   aniel lucien 1975-05-12 [MM/DD/YYYY]
[<b>28/02/2020 11:49:54 am</b>] Frantz CHARLEMAGNE (medecin) de Clinique Sante Pour Tous  a recherché   aniel lucien 1975-05-12 [MM/DD/YYYY]
[<b>28/02/2020 11:49:56 am</b>] Frantz CHARLEMAGNE (medecin) de Clinique Sante Pour Tous  a recherché   aniel lucien 1975-05-12 [MM/DD/YYYY]
[<b>28/02/2020 11:49:58 am</b>] Frantz CHARLEMAGNE (medecin) de Clinique Sante Pour Tous  a recherché   aniel lucien 1975-05-12 [MM/DD/YYYY]
[<b>28/02/2020 11:50:01 am</b>] Frantz CHARLEMAGNE (medecin) de Clinique Sante Pour Tous  a recherché   aniel lucien 1975-05-12 [MM/DD/YYYY]
[<b>28/02/2020 11:50:03 am</b>] Frantz CHARLEMAGNE (medecin) de Clinique Sante Pour Tous  a recherché   aniel lucien 1975-05-12 [MM/DD/YYYY]
[<b>28/02/2020 11:50:07 am</b>] Frantz CHARLEMAGNE (medecin) de Clinique Sante Pour Tous  a recherché   aniel lucien 1975-05-12 [MM/DD/YYYY]
[<b>28/02/2020 11:50:10 am</b>] Frantz CHARLEMAGNE (medecin) de Clinique Sante Pour Tous  a recherché   aniel lucien 1975-05-12 [MM/DD/YYYY]
[<b>28/02/2020 11:50:13 am</b>] Frantz CHARLEMAGNE (medecin) de Clinique Sante Pour Tous  a recherché   aniel lucien 1975-05-12 [MM/DD/YYYY]
[<b>28/02/2020 11:50:16 am</b>] Frantz CHARLEMAGNE (medecin) de Clinique Sante Pour Tous  a recherché   aniel lucien 1975-05-12 [MM/DD/YYYY]
[<b>28/02/2020 11:50:18 am</b>] Frantz CHARLEMAGNE (medecin) de Clinique Sante Pour Tous  a recherché   aniel lucien 1975-05-12 [MM/DD/YYYY]
[<b>28/02/2020 11:50:21 am</b>] Frantz CHARLEMAGNE (medecin) de Clinique Sante Pour Tous  a recherché     1975-05-12 [MM/DD/YYYY]
[<b>28/02/2020 11:50:24 am</b>] Frantz CHARLEMAGNE (medecin) de Clinique Sante Pour Tous  a recherché   aniel lucien 1975-05-12 [MM/DD/YYYY]
[<b>28/02/2020 11:50:30 am</b>] Frantz CHARLEMAGNE (medecin) de Clinique Sante Pour Tous  a recherché     1975-05-12 [MM/DD/YYYY]
[<b>28/02/2020 11:50:40 am</b>] Frantz CHARLEMAGNE (medecin) de Clinique Sante Pour Tous  a recherché     1975-05-12 [MM/DD/YYYY]
[<b>28/02/2020 12:03:13 pm</b>] Rood-Jerry GEFFRARD (medecin) de Hopital Adventiste Diquini  s'est connecté   
[<b>28/02/2020 12:03:14 pm</b>] Rood-Jerry GEFFRARD (medecin) de Hopital Adventiste Diquini est allé dans ACCUEIL 
[<b>28/02/2020 12:06:16 pm</b>] Rood-Jerry GEFFRARD (medecin) de Hopital Adventiste Diquini a recherché le client BIANDINE BOSSOUS 2008-08-25
