[<b>26/10/2020 09:12:12 am</b>] Maria Gabelita ASSAD (medecin) de Clinique Dr M. Gabellita Assad  s'est connecté   
[<b>26/10/2020 09:12:12 am</b>] Maria Gabelita ASSAD (medecin) de Clinique Dr M. Gabellita Assad  s'est déconnecté  
[<b>26/10/2020 09:12:12 am</b>]   () de  est allé dans ACCUEIL 
[<b>26/10/2020 09:12:45 am</b>] Maria Gabelita ASSAD (medecin) de Clinique Dr M. Gabellita Assad  s'est connecté   
[<b>26/10/2020 09:12:45 am</b>] Maria Gabelita ASSAD (medecin) de Clinique Dr M. Gabellita Assad est allé dans ACCUEIL 
[<b>26/10/2020 09:14:05 am</b>] Maria Gabelita ASSAD (medecin) de Clinique Dr M. Gabellita Assad a recherché le client WISCA DUVERGER 1979-12-15
[<b>26/10/2020 02:42:56 pm</b>] Wilkendhie JOSEPH (medecin) de Hopital du Canape Vert  s'est connecté   
[<b>26/10/2020 02:42:56 pm</b>] Wilkendhie JOSEPH (medecin) de Hopital du Canape Vert est allé dans ACCUEIL 
[<b>26/10/2020 02:42:59 pm</b>] Wilkendhie JOSEPH (medecin) de Hopital du Canape Vert  s'est connecté   
[<b>26/10/2020 02:44:27 pm</b>] Wilkendhie JOSEPH (medecin) de Hopital du Canape Vert  s'est déconnecté  
[<b>26/10/2020 02:45:11 pm</b>] Wilkendhie JOSEPH (medecin) de Hopital du Canape Vert  s'est connecté   
[<b>26/10/2020 02:45:12 pm</b>] Wilkendhie JOSEPH (medecin) de Hopital du Canape Vert est allé dans ACCUEIL 
[<b>26/10/2020 02:45:40 pm</b>] Wilkendhie JOSEPH (medecin) de Hopital du Canape Vert  a recherché    loiseau 1983-12-13 [MM/DD/YYYY]
[<b>26/10/2020 02:46:15 pm</b>] Wilkendhie JOSEPH (medecin) de Hopital du Canape Vert  a recherché   catia loiseau  louis 1983-12-13 [MM/DD/YYYY]
[<b>26/10/2020 03:16:13 pm</b>] Wilkendhie JOSEPH (medecin) de Hopital du Canape Vert  s'est connecté   
[<b>26/10/2020 03:16:13 pm</b>] Wilkendhie JOSEPH (medecin) de Hopital du Canape Vert est allé dans ACCUEIL 
[<b>26/10/2020 03:16:55 pm</b>] Wilkendhie JOSEPH (medecin) de Hopital du Canape Vert  a recherché   CATIA LOISEAU 1983-12-13 [MM/DD/YYYY]
[<b>26/10/2020 03:17:00 pm</b>] Wilkendhie JOSEPH (medecin) de Hopital du Canape Vert  a recherché   CATIA LOISEAU 1983-12-13 [MM/DD/YYYY]
[<b>26/10/2020 03:17:26 pm</b>] Wilkendhie JOSEPH (medecin) de Hopital du Canape Vert  a recherché   LOISEAU CATIA 1983-12-13 [MM/DD/YYYY]
[<b>26/10/2020 03:17:59 pm</b>] Wilkendhie JOSEPH (medecin) de Hopital du Canape Vert  a recherché   LOISEAU CATIA LOUIS 1983-12-13 [MM/DD/YYYY]
[<b>26/10/2020 03:18:19 pm</b>] Wilkendhie JOSEPH (medecin) de Hopital du Canape Vert  a recherché   CATIA LOUIS 1983-12-13 [MM/DD/YYYY]
[<b>26/10/2020 03:18:43 pm</b>] Wilkendhie JOSEPH (medecin) de Hopital du Canape Vert  a recherché   LOISEAU CATIA LOUIS 1983-12-13 [MM/DD/YYYY]
[<b>26/10/2020 03:19:05 pm</b>] Wilkendhie JOSEPH (medecin) de Hopital du Canape Vert  a recherché   CATIA LOUIS LOISEAU 1983-12-13 [MM/DD/YYYY]
[<b>26/10/2020 03:19:40 pm</b>] Wilkendhie JOSEPH (medecin) de Hopital du Canape Vert  a recherché   CATIA LOUIS LOISEAU 1983-12-13 [MM/DD/YYYY]
[<b>26/10/2020 05:23:09 pm</b>] Wilkendhie JOSEPH (medecin) de Hopital du Canape Vert  s'est connecté   
[<b>26/10/2020 05:23:09 pm</b>] Wilkendhie JOSEPH (medecin) de Hopital du Canape Vert est allé dans ACCUEIL 
[<b>26/10/2020 05:31:36 pm</b>] Wilkendhie JOSEPH (medecin) de Hopital du Canape Vert  s'est connecté   
[<b>26/10/2020 05:31:36 pm</b>] Wilkendhie JOSEPH (medecin) de Hopital du Canape Vert est allé dans ACCUEIL 
[<b>26/10/2020 05:32:05 pm</b>] Wilkendhie JOSEPH (medecin) de Hopital du Canape Vert  a recherché   CATIA LOISEAU 1983-12-13 [MM/DD/YYYY]
[<b>26/10/2020 05:32:47 pm</b>] Wilkendhie JOSEPH (medecin) de Hopital du Canape Vert  a recherché   louis LOISEAU 1983-12-13 [MM/DD/YYYY]
[<b>26/10/2020 05:33:29 pm</b>] Wilkendhie JOSEPH (medecin) de Hopital du Canape Vert  a recherché   catia loiseau 1983-12-13 [MM/DD/YYYY]
[<b>26/10/2020 05:34:49 pm</b>] Wilkendhie JOSEPH (medecin) de Hopital du Canape Vert  a recherché   catia loiseau 1983-12-13 [MM/DD/YYYY]
[<b>26/10/2020 05:38:47 pm</b>] Wilkendhie JOSEPH (medecin) de Hopital du Canape Vert  a recherché   louis loiseau 1983-12-13 [MM/DD/YYYY]
[<b>26/10/2020 10:37:58 pm</b>] Fabiola FRANCOIS (medecin) de Hopital Espoir  s'est connecté   
[<b>26/10/2020 10:37:59 pm</b>] Fabiola FRANCOIS (medecin) de Hopital Espoir  s'est connecté   
[<b>26/10/2020 10:38:00 pm</b>] Fabiola FRANCOIS (medecin) de Hopital Espoir est allé dans ACCUEIL 
[<b>26/10/2020 11:05:25 pm</b>] Fabiola FRANCOIS (medecin) de Hopital Espoir  s'est connecté   
[<b>26/10/2020 11:05:26 pm</b>] Fabiola FRANCOIS (medecin) de Hopital Espoir est allé dans ACCUEIL 
[<b>26/10/2020 11:05:55 pm</b>] Fabiola FRANCOIS (medecin) de Hopital Espoir a recherché le client YVES MARIE AGENIR CATIN 1972-02-18
[<b>26/10/2020 11:05:55 pm</b>] Fabiola FRANCOIS (medecin) de Hopital Espoir a recherché le client YVES MARIE AGENIR CATIN 1972-02-18
[<b>26/10/2020 11:05:55 pm</b>] Fabiola FRANCOIS (medecin) de Hopital Espoir a recherché le client YVES MARIE AGENIR CATIN 1972-02-18
[<b>26/10/2020 11:06:18 pm</b>] Fabiola FRANCOIS (medecin) de Hopital Espoir est allé dans ACCUEIL 
