[<b>17/03/2020 11:47:28 am</b>] Sanon WIDMAIER (admin) de INASSA  s'est connecté   
[<b>17/03/2020 11:47:28 am</b>] Sanon WIDMAIER (admin) de INASSA est allé dans ACCUEIL 
[<b>17/03/2020 11:47:34 am</b>] Sanon WIDMAIER (admin) de INASSA  est allé dans PARAMETRES  
[<b>17/03/2020 11:47:49 am</b>] Sanon WIDMAIER (admin) de INASSA  a réinitialisé le compte de l'utilisateur  Rachel DAVILMAR
[<b>17/03/2020 11:47:57 am</b>] Sanon WIDMAIER (admin) de INASSA est allé dans ACCUEIL 
[<b>17/03/2020 11:48:32 am</b>] Sanon WIDMAIER (admin) de INASSA est allé dans ACCUEIL 
[<b>17/03/2020 11:49:18 am</b>] Sanon WIDMAIER (admin) de INASSA est allé dans ACCUEIL 
[<b>17/03/2020 11:50:04 am</b>] Sanon WIDMAIER (admin) de INASSA est allé dans ACCUEIL 
[<b>17/03/2020 11:50:29 am</b>] Sanon WIDMAIER (admin) de INASSA est allé dans ACCUEIL 
[<b>17/03/2020 11:51:19 am</b>] Sanon WIDMAIER (admin) de INASSA est allé dans ACCUEIL 
[<b>17/03/2020 11:51:46 am</b>] Sanon WIDMAIER (admin) de INASSA  est allé dans HISTORIQUE 
[<b>17/03/2020 11:51:46 am</b>] Sanon WIDMAIER (admin) de INASSA  est allé dans HISTORIQUE 
[<b>17/03/2020 11:52:50 am</b>] Sanon WIDMAIER (admin) de INASSA est allé dans ACCUEIL 
[<b>17/03/2020 11:56:17 am</b>] Sanon WIDMAIER (admin) de INASSA est allé dans ACCUEIL 
[<b>17/03/2020 11:58:58 am</b>] Sanon WIDMAIER (admin) de INASSA est allé dans ACCUEIL 
[<b>17/03/2020 11:59:02 am</b>] Sanon WIDMAIER (admin) de INASSA  s'est déconnecté  
[<b>17/03/2020 11:59:29 am</b>] Sanon WIDMAIER (admin) de INASSA  s'est connecté   
[<b>17/03/2020 11:59:29 am</b>] Sanon WIDMAIER (admin) de INASSA est allé dans ACCUEIL 
[<b>17/03/2020 12:05:02 pm</b>] Sanon WIDMAIER (admin) de INASSA  s'est connecté   
[<b>17/03/2020 12:05:02 pm</b>] Sanon WIDMAIER (admin) de INASSA est allé dans ACCUEIL 
[<b>17/03/2020 01:26:34 pm</b>] Wilkendhie JOSEPH (medecin) de Hopital du Canape Vert  s'est connecté   
[<b>17/03/2020 01:26:35 pm</b>] Wilkendhie JOSEPH (medecin) de Hopital du Canape Vert est allé dans ACCUEIL 
[<b>17/03/2020 01:27:21 pm</b>] Wilkendhie JOSEPH (medecin) de Hopital du Canape Vert  a recherché   BERLYNDA BELOTTE 1985-08-07 [MM/DD/YYYY]
[<b>17/03/2020 01:27:31 pm</b>] Wilkendhie JOSEPH (medecin) de Hopital du Canape Vert  a recherché   BERLYNDA BELOTTE 1985-08-07 [MM/DD/YYYY]
[<b>17/03/2020 01:28:18 pm</b>] Wilkendhie JOSEPH (medecin) de Hopital du Canape Vert  a recherché   ALEXANDRE SILUS 1975-07-10 [MM/DD/YYYY]
[<b>17/03/2020 03:07:18 pm</b>] Rood-Jerry GEFFRARD (medecin) de Hopital Adventiste Diquini  s'est connecté   
[<b>17/03/2020 03:07:21 pm</b>] Rood-Jerry GEFFRARD (medecin) de Hopital Adventiste Diquini est allé dans ACCUEIL 
[<b>17/03/2020 03:08:54 pm</b>] Rood-Jerry GEFFRARD (medecin) de Hopital Adventiste Diquini a recherché le client BRAYAN KERVENSLY DUFAULT 2018-01-14
[<b>17/03/2020 07:01:03 pm</b>] Wilkendhie JOSEPH (medecin) de Hopital du Canape Vert  s'est connecté   
[<b>17/03/2020 07:01:04 pm</b>] Wilkendhie JOSEPH (medecin) de Hopital du Canape Vert est allé dans ACCUEIL 
[<b>17/03/2020 07:03:32 pm</b>] Wilkendhie JOSEPH (medecin) de Hopital du Canape Vert  s'est déconnecté  
[<b>17/03/2020 07:03:32 pm</b>]   () de  est allé dans ACCUEIL 
