[<b>13/06/2020 01:00:36 pm</b>] Joel DUCASSE (medecin) de Hopital Ste Marie  s'est connecté   
[<b>13/06/2020 01:00:36 pm</b>] Joel DUCASSE (medecin) de Hopital Ste Marie est allé dans ACCUEIL 
[<b>13/06/2020 01:01:20 pm</b>] Joel DUCASSE (medecin) de Hopital Ste Marie  a recherché   Sophia Bertrand Hilaire 1978-04-15 [MM/DD/YYYY]
[<b>13/06/2020 01:01:37 pm</b>] Joel DUCASSE (medecin) de Hopital Ste Marie  a recherché   Sophia Hilaire 1978-04-15 [MM/DD/YYYY]
[<b>13/06/2020 01:01:54 pm</b>] Joel DUCASSE (medecin) de Hopital Ste Marie  a recherché   Sophia Bertrand 1978-04-15 [MM/DD/YYYY]
[<b>13/06/2020 01:02:13 pm</b>] Joel DUCASSE (medecin) de Hopital Ste Marie  a recherché   Johny Hilaire 1978-04-15 [MM/DD/YYYY]
[<b>13/06/2020 01:02:54 pm</b>] Joel DUCASSE (medecin) de Hopital Ste Marie a recherché le client JOHNY HILAIRE 1982-12-08
[<b>13/06/2020 01:26:58 pm</b>] Marie Gardys PHOBEE JOVIN (medecin) de Clinique Dr Jovin  s'est connecté   
[<b>13/06/2020 01:27:00 pm</b>] Marie Gardys PHOBEE JOVIN (medecin) de Clinique Dr Jovin est allé dans ACCUEIL 
[<b>13/06/2020 01:28:16 pm</b>] Marie Gardys PHOBEE JOVIN (medecin) de Clinique Dr Jovin est allé dans ACCUEIL 
[<b>13/06/2020 01:28:35 pm</b>] Marie Gardys PHOBEE JOVIN (medecin) de Clinique Dr Jovin  a changé son mot de passe  
[<b>13/06/2020 01:28:35 pm</b>] Marie Gardys PHOBEE JOVIN (medecin) de Clinique Dr Jovin est allé dans ACCUEIL 
[<b>13/06/2020 01:30:46 pm</b>] Marie Gardys PHOBEE JOVIN (medecin) de Clinique Dr Jovin a recherché le client RACHELLE ABDON 1987-03-12
[<b>13/06/2020 03:48:07 pm</b>] Wilkendhie JOSEPH (medecin) de Hopital du Canape Vert  s'est connecté   
[<b>13/06/2020 03:48:07 pm</b>] Wilkendhie JOSEPH (medecin) de Hopital du Canape Vert est allé dans ACCUEIL 
[<b>13/06/2020 03:48:57 pm</b>] Wilkendhie JOSEPH (medecin) de Hopital du Canape Vert  s'est connecté   
[<b>13/06/2020 03:48:58 pm</b>] Wilkendhie JOSEPH (medecin) de Hopital du Canape Vert est allé dans ACCUEIL 
[<b>13/06/2020 03:49:24 pm</b>] Wilkendhie JOSEPH (medecin) de Hopital du Canape Vert a recherché le client ERIC CASSEUS 1957-12-10
[<b>13/06/2020 03:49:24 pm</b>] Wilkendhie JOSEPH (medecin) de Hopital du Canape Vert a recherché le client ERIC CASSEUS 1957-12-10
[<b>13/06/2020 03:49:44 pm</b>] Wilkendhie JOSEPH (medecin) de Hopital du Canape Vert est allé dans ACCUEIL 
