[<b>14/07/2020 10:08:31 am</b>] Marly Joelle HILAIRE (medecin) de Clinique Dr Hilaire  s'est connecté   
[<b>14/07/2020 10:08:33 am</b>] Marly Joelle HILAIRE (medecin) de Clinique Dr Hilaire  s'est connecté   
[<b>14/07/2020 10:08:33 am</b>] Marly Joelle HILAIRE (medecin) de Clinique Dr Hilaire est allé dans ACCUEIL 
[<b>14/07/2020 10:09:40 am</b>] Marly Joelle HILAIRE (medecin) de Clinique Dr Hilaire  a recherché   fabiola jean philippe saint louis mystal 1984-06-10 [MM/DD/YYYY]
[<b>14/07/2020 10:09:56 am</b>] Marly Joelle HILAIRE (medecin) de Clinique Dr Hilaire a recherché le client FABIOLA J.P. SAINT-LOUIS MYSTAL 1984-06-10
[<b>14/07/2020 10:10:00 am</b>] Marly Joelle HILAIRE (medecin) de Clinique Dr Hilaire a recherché le client FABIOLA J.P. SAINT-LOUIS MYSTAL 1984-06-10
[<b>14/07/2020 10:11:44 am</b>] Marly Joelle HILAIRE (medecin) de Clinique Dr Hilaire  a recherché   faola Biramia mystal 2007-11-27 [MM/DD/YYYY]
[<b>14/07/2020 10:12:09 am</b>] Marly Joelle HILAIRE (medecin) de Clinique Dr Hilaire  a recherché   faola Biramia Cassandre mystal 2007-11-27 [MM/DD/YYYY]
[<b>14/07/2020 12:24:34 pm</b>] Anick DUPUY (admin) de INASSA  s'est connecté   
[<b>14/07/2020 12:24:35 pm</b>] Anick DUPUY (admin) de INASSA  s'est connecté   
[<b>14/07/2020 12:24:36 pm</b>] Anick DUPUY (admin) de INASSA est allé dans ACCUEIL 
[<b>14/07/2020 12:24:46 pm</b>] Anick DUPUY (admin) de INASSA  est allé dans HISTORIQUE 
[<b>14/07/2020 12:28:33 pm</b>] Anick DUPUY (admin) de INASSA est allé dans ACCUEIL 
[<b>14/07/2020 12:29:07 pm</b>] Anick DUPUY (admin) de INASSA a recherché le client GISCARD DUPUY 1970-10-15
[<b>14/07/2020 12:29:07 pm</b>] Anick DUPUY (admin) de INASSA a recherché le client GISCARD DUPUY 1970-10-15
[<b>14/07/2020 12:29:31 pm</b>] Anick DUPUY (admin) de INASSA est allé dans ACCUEIL 
[<b>14/07/2020 12:29:36 pm</b>] Anick DUPUY (admin) de INASSA  a recherché   giscard dupuy  [MM/DD/YYYY]
[<b>14/07/2020 12:29:58 pm</b>] Anick DUPUY (admin) de INASSA a recherché le client GISCARD DUPUY 1970-10-15
[<b>14/07/2020 12:29:58 pm</b>] Anick DUPUY (admin) de INASSA a recherché le client GISCARD DUPUY 1970-10-15
[<b>14/07/2020 02:43:53 pm</b>] Sanon WIDMAIER (admin) de INASSA  s'est connecté   
[<b>14/07/2020 02:43:56 pm</b>] Sanon WIDMAIER (admin) de INASSA  s'est connecté   
[<b>14/07/2020 02:43:56 pm</b>] Sanon WIDMAIER (admin) de INASSA est allé dans ACCUEIL 
[<b>14/07/2020 02:44:19 pm</b>] Marc-Eric ALTIDOR (admin) de INASSA  s'est connecté   
[<b>14/07/2020 02:44:20 pm</b>] Marc-Eric ALTIDOR (admin) de INASSA est allé dans ACCUEIL 
[<b>14/07/2020 02:44:34 pm</b>] Sanon WIDMAIER (admin) de INASSA a recherché le client WIDMAIER SANON 1978-07-01
[<b>14/07/2020 02:44:34 pm</b>] Sanon WIDMAIER (admin) de INASSA a recherché le client WIDMAIER SANON 1978-07-01
[<b>14/07/2020 02:45:07 pm</b>] Marc-Eric ALTIDOR (admin) de INASSA a recherché le client GISCARD DUPUY 1970-10-15
[<b>14/07/2020 02:45:07 pm</b>] Marc-Eric ALTIDOR (admin) de INASSA a recherché le client GISCARD DUPUY 1970-10-15
[<b>14/07/2020 02:45:46 pm</b>] Sanon WIDMAIER (admin) de INASSA  s'est connecté   
[<b>14/07/2020 02:45:47 pm</b>] Sanon WIDMAIER (admin) de INASSA est allé dans ACCUEIL 
[<b>14/07/2020 02:46:01 pm</b>] Sanon WIDMAIER (admin) de INASSA  a recherché   widmaier sanon  [MM/DD/YYYY]
[<b>14/07/2020 02:46:07 pm</b>] Sanon WIDMAIER (admin) de INASSA  a recherché   widmaier sanon  [MM/DD/YYYY]
[<b>14/07/2020 02:46:55 pm</b>] Sanon WIDMAIER (admin) de INASSA a recherché le client WIDMAIER SANON 1978-07-01
[<b>14/07/2020 02:46:55 pm</b>] Sanon WIDMAIER (admin) de INASSA a recherché le client WIDMAIER SANON 1978-07-01
[<b>14/07/2020 02:54:33 pm</b>] Sanon WIDMAIER (admin) de INASSA  s'est connecté   
[<b>14/07/2020 02:54:34 pm</b>] Sanon WIDMAIER (admin) de INASSA est allé dans ACCUEIL 
[<b>14/07/2020 02:54:45 pm</b>] Sanon WIDMAIER (admin) de INASSA  a recherché   widmaier sanon  [MM/DD/YYYY]
[<b>14/07/2020 02:55:03 pm</b>] Sanon WIDMAIER (admin) de INASSA a recherché le client WIDMAIER SANON 1978-07-01
[<b>14/07/2020 02:55:03 pm</b>] Sanon WIDMAIER (admin) de INASSA a recherché le client WIDMAIER SANON 1978-07-01
[<b>14/07/2020 02:55:11 pm</b>] Marc-Eric ALTIDOR (admin) de INASSA  s'est connecté   
[<b>14/07/2020 02:55:11 pm</b>] Marc-Eric ALTIDOR (admin) de INASSA est allé dans ACCUEIL 
[<b>14/07/2020 02:55:15 pm</b>] Sanon WIDMAIER (admin) de INASSA est allé dans ACCUEIL 
[<b>14/07/2020 02:56:01 pm</b>] Marc-Eric ALTIDOR (admin) de INASSA a recherché le client MATEO DUPUY 2005-01-05
[<b>14/07/2020 02:56:01 pm</b>] Marc-Eric ALTIDOR (admin) de INASSA a recherché le client MATEO DUPUY 2005-01-05
[<b>14/07/2020 02:56:01 pm</b>] Marc-Eric ALTIDOR (admin) de INASSA a recherché le client MATEO DUPUY 2005-01-05
[<b>14/07/2020 02:57:45 pm</b>] Marc-Eric ALTIDOR (admin) de INASSA a recherché le client GISCARD DUPUY 1970-10-15
[<b>14/07/2020 02:57:45 pm</b>] Marc-Eric ALTIDOR (admin) de INASSA a recherché le client GISCARD DUPUY 1970-10-15
[<b>14/07/2020 03:00:36 pm</b>] Marc-Eric ALTIDOR (admin) de INASSA a recherché le client MARC-KELLY ALTIDOR 2005-02-22
[<b>14/07/2020 03:07:35 pm</b>] Sanon WIDMAIER (admin) de INASSA  s'est connecté   
[<b>14/07/2020 03:07:35 pm</b>] Sanon WIDMAIER (admin) de INASSA est allé dans ACCUEIL 
[<b>14/07/2020 03:07:38 pm</b>] Sanon WIDMAIER (admin) de INASSA  est allé dans HISTORIQUE 
[<b>14/07/2020 03:07:50 pm</b>] Sanon WIDMAIER (admin) de INASSA  est allé dans HISTORIQUE 
[<b>14/07/2020 03:08:01 pm</b>] Sanon WIDMAIER (admin) de INASSA a vérifié l'historique du client  
[<b>14/07/2020 03:08:02 pm</b>] Sanon WIDMAIER (admin) de INASSA  est allé dans HISTORIQUE 
[<b>14/07/2020 03:08:19 pm</b>] Sanon WIDMAIER (admin) de INASSA a vérifié l'historique du client WIDMAIER SANON
[<b>14/07/2020 03:08:25 pm</b>] Sanon WIDMAIER (admin) de INASSA a vérifié l'historique du client  SANON
[<b>14/07/2020 03:08:28 pm</b>] Sanon WIDMAIER (admin) de INASSA  est allé dans HISTORIQUE 
[<b>14/07/2020 03:08:58 pm</b>] Sanon WIDMAIER (admin) de INASSA a vérifié l'historique du client  SANON
[<b>14/07/2020 03:09:01 pm</b>] Sanon WIDMAIER (admin) de INASSA  est allé dans HISTORIQUE 
[<b>14/07/2020 03:17:14 pm</b>] Sanon WIDMAIER (admin) de INASSA  s'est connecté   
[<b>14/07/2020 03:17:15 pm</b>] Sanon WIDMAIER (admin) de INASSA est allé dans ACCUEIL 
[<b>14/07/2020 03:17:49 pm</b>] Sanon WIDMAIER (admin) de INASSA a recherché le client WIDMAIER SANON 2013-08-29
[<b>14/07/2020 03:17:49 pm</b>] Sanon WIDMAIER (admin) de INASSA a recherché le client WIDMAIER SANON 2013-08-29
[<b>14/07/2020 03:17:49 pm</b>] Sanon WIDMAIER (admin) de INASSA a recherché le client WIDMAI SANON 2013-08-29
[<b>14/07/2020 03:17:49 pm</b>] Sanon WIDMAIER (admin) de INASSA a recherché le client WIDMAI SANON 2013-08-29
[<b>14/07/2020 03:18:44 pm</b>] Sanon WIDMAIER (admin) de INASSA  a recherché   widma sanon 1978-08-01 [MM/DD/YYYY]
[<b>14/07/2020 03:18:55 pm</b>] Sanon WIDMAIER (admin) de INASSA a recherché le client WIDMAIER SANON 1978-07-01
[<b>14/07/2020 03:18:55 pm</b>] Sanon WIDMAIER (admin) de INASSA a recherché le client WIDMAIER SANON 1978-07-01
[<b>14/07/2020 07:43:35 pm</b>] Wilkendhie JOSEPH (medecin) de Hopital du Canape Vert  s'est connecté   
[<b>14/07/2020 07:43:36 pm</b>] Wilkendhie JOSEPH (medecin) de Hopital du Canape Vert est allé dans ACCUEIL 
[<b>14/07/2020 07:44:00 pm</b>] Wilkendhie JOSEPH (medecin) de Hopital du Canape Vert  a recherché   LUCAS RENE JUIEN 2018-08-18 [MM/DD/YYYY]
[<b>14/07/2020 07:44:13 pm</b>] Wilkendhie JOSEPH (medecin) de Hopital du Canape Vert a recherché le client LUCAS RENE JULIEN 2018-08-18
