[<b>29/02/2020 10:53:43 am</b>] Wilkendhie JOSEPH (medecin) de Hopital du Canape Vert  s'est connecté   
[<b>29/02/2020 10:53:44 am</b>] Wilkendhie JOSEPH (medecin) de Hopital du Canape Vert est allé dans ACCUEIL 
[<b>29/02/2020 10:54:37 am</b>] Wilkendhie JOSEPH (medecin) de Hopital du Canape Vert  a recherché   frideline edouard 2003-06-03 [MM/DD/YYYY]
[<b>29/02/2020 10:55:04 am</b>] Wilkendhie JOSEPH (medecin) de Hopital du Canape Vert  a recherché   frideline edouard 2003-06-03 [MM/DD/YYYY]
[<b>29/02/2020 10:55:33 am</b>] Wilkendhie JOSEPH (medecin) de Hopital du Canape Vert  a recherché   frideline edouard 2003-06-03 [MM/DD/YYYY]
[<b>29/02/2020 10:55:36 am</b>] Wilkendhie JOSEPH (medecin) de Hopital du Canape Vert  a recherché   frideline edouard 2003-06-03 [MM/DD/YYYY]
[<b>29/02/2020 10:55:38 am</b>] Wilkendhie JOSEPH (medecin) de Hopital du Canape Vert  a recherché   frideline edouard 2003-06-03 [MM/DD/YYYY]
[<b>29/02/2020 10:55:41 am</b>] Wilkendhie JOSEPH (medecin) de Hopital du Canape Vert  a recherché   frideline edouard 2003-06-03 [MM/DD/YYYY]
[<b>29/02/2020 10:55:45 am</b>] Wilkendhie JOSEPH (medecin) de Hopital du Canape Vert  a recherché   frideline edouard 2003-06-03 [MM/DD/YYYY]
[<b>29/02/2020 10:55:47 am</b>] Wilkendhie JOSEPH (medecin) de Hopital du Canape Vert  a recherché   frideline edouard 2003-06-03 [MM/DD/YYYY]
[<b>29/02/2020 10:55:50 am</b>] Wilkendhie JOSEPH (medecin) de Hopital du Canape Vert  a recherché   frideline edouard 2003-06-03 [MM/DD/YYYY]
[<b>29/02/2020 10:55:52 am</b>] Wilkendhie JOSEPH (medecin) de Hopital du Canape Vert  a recherché   frideline edouard 2003-06-03 [MM/DD/YYYY]
[<b>29/02/2020 10:55:55 am</b>] Wilkendhie JOSEPH (medecin) de Hopital du Canape Vert  a recherché   frideline edouard 2003-06-03 [MM/DD/YYYY]
[<b>29/02/2020 10:55:57 am</b>] Wilkendhie JOSEPH (medecin) de Hopital du Canape Vert  a recherché   frideline edouard 2003-06-03 [MM/DD/YYYY]
[<b>29/02/2020 10:56:00 am</b>] Wilkendhie JOSEPH (medecin) de Hopital du Canape Vert  a recherché   frideline edouard 2003-06-03 [MM/DD/YYYY]
[<b>29/02/2020 10:56:03 am</b>] Wilkendhie JOSEPH (medecin) de Hopital du Canape Vert  a recherché   frideline edouard 2003-06-03 [MM/DD/YYYY]
[<b>29/02/2020 10:56:06 am</b>] Wilkendhie JOSEPH (medecin) de Hopital du Canape Vert  a recherché   frideline edouard 2003-06-03 [MM/DD/YYYY]
[<b>29/02/2020 10:56:08 am</b>] Wilkendhie JOSEPH (medecin) de Hopital du Canape Vert  a recherché   frideline edouard 2003-06-03 [MM/DD/YYYY]
[<b>29/02/2020 10:56:11 am</b>] Wilkendhie JOSEPH (medecin) de Hopital du Canape Vert  a recherché   frideline edouard 2003-06-03 [MM/DD/YYYY]
[<b>29/02/2020 10:56:14 am</b>] Wilkendhie JOSEPH (medecin) de Hopital du Canape Vert  a recherché   frideline edouard 2003-06-03 [MM/DD/YYYY]
[<b>29/02/2020 10:56:16 am</b>] Wilkendhie JOSEPH (medecin) de Hopital du Canape Vert  a recherché   frideline edouard 2003-06-03 [MM/DD/YYYY]
[<b>29/02/2020 10:56:18 am</b>] Wilkendhie JOSEPH (medecin) de Hopital du Canape Vert  a recherché   frideline edouard 2003-06-03 [MM/DD/YYYY]
[<b>29/02/2020 12:04:37 pm</b>] Reginald ARNOUX (medecin) de Clinique du Dr Arnoux  s'est connecté   
[<b>29/02/2020 12:04:40 pm</b>] Reginald ARNOUX (medecin) de Clinique du Dr Arnoux est allé dans ACCUEIL 
[<b>29/02/2020 12:06:42 pm</b>] Reginald ARNOUX (medecin) de Clinique du Dr Arnoux a recherché le client FRANCK DONATIN 1967-05-06
[<b>29/02/2020 04:13:41 pm</b>] Sherlie CALIXTE (medecin) de Hopital Espoir  s'est connecté   
[<b>29/02/2020 04:13:41 pm</b>] Sherlie CALIXTE (medecin) de Hopital Espoir est allé dans ACCUEIL 
[<b>29/02/2020 04:16:01 pm</b>] Sherlie CALIXTE (medecin) de Hopital Espoir  a recherché   STEEVENS ARGANT 1986-11-28 [MM/DD/YYYY]
[<b>29/02/2020 04:16:36 pm</b>] Sherlie CALIXTE (medecin) de Hopital Espoir  a recherché     1986-11-28 [MM/DD/YYYY]
[<b>29/02/2020 04:16:49 pm</b>] Sherlie CALIXTE (medecin) de Hopital Espoir  a recherché     1986-11-28 [MM/DD/YYYY]
[<b>29/02/2020 04:19:29 pm</b>] Sherlie CALIXTE (medecin) de Hopital Espoir  a recherché   STEEVENS ARGANT 1986-11-28 [MM/DD/YYYY]
[<b>29/02/2020 04:43:53 pm</b>] Sherlie CALIXTE (medecin) de Hopital Espoir  s'est connecté   
[<b>29/02/2020 04:43:53 pm</b>] Sherlie CALIXTE (medecin) de Hopital Espoir est allé dans ACCUEIL 
[<b>29/02/2020 09:02:19 pm</b>] Sherlie CALIXTE (medecin) de Hopital Espoir  s'est connecté   
[<b>29/02/2020 09:02:19 pm</b>] Sherlie CALIXTE (medecin) de Hopital Espoir est allé dans ACCUEIL 
[<b>29/02/2020 09:04:50 pm</b>] Sherlie CALIXTE (medecin) de Hopital Espoir  a recherché   GERALD JEAN JACQUES 1962-11-04 [MM/DD/YYYY]
[<b>29/02/2020 09:05:20 pm</b>] Sherlie CALIXTE (medecin) de Hopital Espoir  a recherché   GERALD JEAN JACQUES 1962-11-04 [MM/DD/YYYY]
