[<b>14/12/2020 03:00:22 pm</b>] Johanne LAROCHE (medecin) de Clinique du Dr Decastro  s'est connecté   
[<b>14/12/2020 03:00:23 pm</b>] Johanne LAROCHE (medecin) de Clinique du Dr Decastro est allé dans ACCUEIL 
[<b>14/12/2020 03:01:47 pm</b>] Johanne LAROCHE (medecin) de Clinique du Dr Decastro  a recherché   mie carmelle bienvenue 1953-05-01 [MM/DD/YYYY]
[<b>14/12/2020 03:02:06 pm</b>] Johanne LAROCHE (medecin) de Clinique du Dr Decastro  a recherché   mie carmel bienvenue 1953-05-01 [MM/DD/YYYY]
[<b>14/12/2020 03:02:23 pm</b>] Johanne LAROCHE (medecin) de Clinique du Dr Decastro  a recherché   mie carmel bienvenue 1953-05-01 [MM/DD/YYYY]
[<b>14/12/2020 03:03:45 pm</b>] Johanne LAROCHE (medecin) de Clinique du Dr Decastro  a recherché   marie carmel bienvenue 1953-05-01 [MM/DD/YYYY]
[<b>14/12/2020 03:04:08 pm</b>] Johanne LAROCHE (medecin) de Clinique du Dr Decastro  a recherché   marie carmel bienvenue 1953-05-01 [MM/DD/YYYY]
[<b>14/12/2020 03:04:19 pm</b>] Johanne LAROCHE (medecin) de Clinique du Dr Decastro  a recherché   marie carmelle bienvenue 1953-05-01 [MM/DD/YYYY]
[<b>14/12/2020 03:04:56 pm</b>] Johanne LAROCHE (medecin) de Clinique du Dr Decastro  a recherché   marie carmelle bienvenue 1953-01-05 [MM/DD/YYYY]
[<b>14/12/2020 03:05:31 pm</b>] Johanne LAROCHE (medecin) de Clinique du Dr Decastro a recherché le client MARIE CARMEL BIENVENU 1953-05-01
[<b>14/12/2020 03:05:31 pm</b>] Johanne LAROCHE (medecin) de Clinique du Dr Decastro a recherché le client MARIE CARMEL BIENVENU 1953-05-01
[<b>14/12/2020 03:05:31 pm</b>] Johanne LAROCHE (medecin) de Clinique du Dr Decastro a recherché le client MARIE CARMEL BIENVENU 1953-05-01
[<b>14/12/2020 03:08:05 pm</b>] Johanne LAROCHE (medecin) de Clinique du Dr Decastro  s'est connecté   
[<b>14/12/2020 03:08:05 pm</b>] Johanne LAROCHE (medecin) de Clinique du Dr Decastro est allé dans ACCUEIL 
[<b>14/12/2020 03:08:42 pm</b>] Johanne LAROCHE (medecin) de Clinique du Dr Decastro a recherché le client MARIE CARMEL BIENVENU 1953-05-01
[<b>14/12/2020 03:08:42 pm</b>] Johanne LAROCHE (medecin) de Clinique du Dr Decastro a recherché le client MARIE CARMEL BIENVENU 1953-05-01
[<b>14/12/2020 03:08:42 pm</b>] Johanne LAROCHE (medecin) de Clinique du Dr Decastro a recherché le client MARIE CARMEL BIENVENU 1953-05-01
[<b>14/12/2020 03:42:03 pm</b>] Wilkendhie JOSEPH (medecin) de Hopital du Canape Vert  s'est connecté   
[<b>14/12/2020 03:42:03 pm</b>] Wilkendhie JOSEPH (medecin) de Hopital du Canape Vert est allé dans ACCUEIL 
[<b>14/12/2020 03:42:44 pm</b>] Wilkendhie JOSEPH (medecin) de Hopital du Canape Vert a recherché le client ALISSA ATIS 2013-12-25
[<b>14/12/2020 03:42:59 pm</b>] Wilkendhie JOSEPH (medecin) de Hopital du Canape Vert est allé dans ACCUEIL 
[<b>14/12/2020 04:51:24 pm</b>] Shana MONOPOL (medecin) de Hopital Espoir  s'est connecté   
[<b>14/12/2020 04:51:24 pm</b>] Shana MONOPOL (medecin) de Hopital Espoir est allé dans ACCUEIL 
[<b>14/12/2020 04:53:21 pm</b>] Shana MONOPOL (medecin) de Hopital Espoir a recherché le client MEGAN SYLVESTRE 2017-03-24
[<b>14/12/2020 04:53:41 pm</b>] Shana MONOPOL (medecin) de Hopital Espoir est allé dans ACCUEIL 
