[<b>31/10/2020 09:38:10 am</b>] Fabiola FRANCOIS (medecin) de Hopital Espoir  s'est connecté   
[<b>31/10/2020 09:38:10 am</b>] Fabiola FRANCOIS (medecin) de Hopital Espoir est allé dans ACCUEIL 
[<b>31/10/2020 09:39:09 am</b>] Fabiola FRANCOIS (medecin) de Hopital Espoir a recherché le client EMMELYNE POISSON 1984-01-18
[<b>31/10/2020 09:39:09 am</b>] Fabiola FRANCOIS (medecin) de Hopital Espoir a recherché le client EMMELYNE POISSON 1984-01-18
[<b>31/10/2020 09:39:52 am</b>] Fabiola FRANCOIS (medecin) de Hopital Espoir est allé dans ACCUEIL 
[<b>31/10/2020 10:04:58 am</b>] Maria Gabelita ASSAD (medecin) de Clinique Dr M. Gabellita Assad  s'est connecté   
[<b>31/10/2020 10:04:59 am</b>] Maria Gabelita ASSAD (medecin) de Clinique Dr M. Gabellita Assad est allé dans ACCUEIL 
[<b>31/10/2020 10:05:59 am</b>] Maria Gabelita ASSAD (medecin) de Clinique Dr M. Gabellita Assad a recherché le client NATHALIE DOR 1985-03-11
[<b>31/10/2020 10:05:59 am</b>] Maria Gabelita ASSAD (medecin) de Clinique Dr M. Gabellita Assad a recherché le client NATHALIE DOR 1985-03-11
[<b>31/10/2020 10:06:00 am</b>] Maria Gabelita ASSAD (medecin) de Clinique Dr M. Gabellita Assad est allé dans ACCUEIL 
[<b>31/10/2020 10:28:56 am</b>] Reginald ARNOUX (medecin) de Clinique du Dr Arnoux  s'est connecté   
[<b>31/10/2020 10:28:59 am</b>] Reginald ARNOUX (medecin) de Clinique du Dr Arnoux est allé dans ACCUEIL 
[<b>31/10/2020 10:30:36 am</b>] Reginald ARNOUX (medecin) de Clinique du Dr Arnoux a recherché le client NATHALIE DOR 1985-03-11
[<b>31/10/2020 10:30:36 am</b>] Reginald ARNOUX (medecin) de Clinique du Dr Arnoux a recherché le client NATHALIE DOR 1985-03-11
[<b>31/10/2020 10:31:14 am</b>] Reginald ARNOUX (medecin) de Clinique du Dr Arnoux est allé dans ACCUEIL 
[<b>31/10/2020 10:34:57 am</b>] Reginald ARNOUX (medecin) de Clinique du Dr Arnoux est allé dans ACCUEIL 
[<b>31/10/2020 10:35:26 am</b>] Reginald ARNOUX (medecin) de Clinique du Dr Arnoux a recherché le client NATHALIE DOR 1985-03-11
[<b>31/10/2020 10:35:26 am</b>] Reginald ARNOUX (medecin) de Clinique du Dr Arnoux a recherché le client NATHALIE DOR 1985-03-11
[<b>31/10/2020 02:04:56 pm</b>] Wilkendhie JOSEPH (medecin) de Hopital du Canape Vert  s'est connecté   
[<b>31/10/2020 02:04:57 pm</b>] Wilkendhie JOSEPH (medecin) de Hopital du Canape Vert  s'est déconnecté  
[<b>31/10/2020 02:04:57 pm</b>]   () de  est allé dans ACCUEIL 
