[<b>20/11/2020 09:25:13 am</b>] Johanne LAROCHE (medecin) de Clinique du Dr Decastro  s'est connecté   
[<b>20/11/2020 09:25:13 am</b>] Johanne LAROCHE (medecin) de Clinique du Dr Decastro est allé dans ACCUEIL 
[<b>20/11/2020 09:26:20 am</b>] Johanne LAROCHE (medecin) de Clinique du Dr Decastro a recherché le client JEAN FRANTZ EDOUARD FREMONT 1971-02-14
[<b>20/11/2020 09:26:20 am</b>] Johanne LAROCHE (medecin) de Clinique du Dr Decastro a recherché le client JEAN FRANTZ EDOUARD FREMONT 1971-02-14
[<b>20/11/2020 09:27:07 am</b>] Johanne LAROCHE (medecin) de Clinique du Dr Decastro est allé dans ACCUEIL 
[<b>20/11/2020 12:00:15 pm</b>] Johanne LAROCHE (medecin) de Clinique du Dr Decastro  s'est connecté   
[<b>20/11/2020 12:00:15 pm</b>] Johanne LAROCHE (medecin) de Clinique du Dr Decastro est allé dans ACCUEIL 
[<b>20/11/2020 12:01:56 pm</b>] Johanne LAROCHE (medecin) de Clinique du Dr Decastro a recherché le client WISLANDE ANACCE DEROSIER 1971-05-09
[<b>20/11/2020 12:01:56 pm</b>] Johanne LAROCHE (medecin) de Clinique du Dr Decastro a recherché le client WISLANDE ANACCE DEROSIER 1971-05-09
[<b>20/11/2020 12:01:56 pm</b>] Johanne LAROCHE (medecin) de Clinique du Dr Decastro a recherché le client WISLANDE ANACCE DEROSIER 1971-05-09
[<b>20/11/2020 12:02:35 pm</b>] Johanne LAROCHE (medecin) de Clinique du Dr Decastro est allé dans ACCUEIL 
[<b>20/11/2020 12:15:14 pm</b>] Wilkendhie JOSEPH (medecin) de Hopital du Canape Vert  s'est connecté   
[<b>20/11/2020 12:15:15 pm</b>] Wilkendhie JOSEPH (medecin) de Hopital du Canape Vert est allé dans ACCUEIL 
[<b>20/11/2020 12:18:41 pm</b>] Wilkendhie JOSEPH (medecin) de Hopital du Canape Vert a recherché le client CARLOS MIGUEL URASMA JARA 1970-02-20
[<b>20/11/2020 12:18:45 pm</b>] Wilkendhie JOSEPH (medecin) de Hopital du Canape Vert a recherché le client CARLOS MIGUEL URASMA JARA 1970-02-20
[<b>20/11/2020 12:19:54 pm</b>] Wilkendhie JOSEPH (medecin) de Hopital du Canape Vert est allé dans ACCUEIL 
[<b>20/11/2020 12:23:29 pm</b>] Johanne LAROCHE (medecin) de Clinique du Dr Decastro  s'est connecté   
[<b>20/11/2020 12:23:30 pm</b>] Johanne LAROCHE (medecin) de Clinique du Dr Decastro est allé dans ACCUEIL 
[<b>20/11/2020 12:24:24 pm</b>] Johanne LAROCHE (medecin) de Clinique du Dr Decastro  a recherché   joseph marie jeanile 1971-04-24 [MM/DD/YYYY]
[<b>20/11/2020 12:24:45 pm</b>] Johanne LAROCHE (medecin) de Clinique du Dr Decastro  a recherché   joseph mie jeanile 1971-04-24 [MM/DD/YYYY]
[<b>20/11/2020 12:24:51 pm</b>] Johanne LAROCHE (medecin) de Clinique du Dr Decastro  a recherché   joseph mie jeanile 1971-04-24 [MM/DD/YYYY]
[<b>20/11/2020 12:28:39 pm</b>] Johanne LAROCHE (medecin) de Clinique du Dr Decastro  a recherché   joseph mie jeanile 1971-04-24 [MM/DD/YYYY]
[<b>20/11/2020 12:29:25 pm</b>] Johanne LAROCHE (medecin) de Clinique du Dr Decastro  a recherché   joseph marie jeanile 1971-04-24 [MM/DD/YYYY]
[<b>20/11/2020 02:33:10 pm</b>] Johanne LAROCHE (medecin) de Clinique du Dr Decastro  s'est connecté   
[<b>20/11/2020 02:33:11 pm</b>] Johanne LAROCHE (medecin) de Clinique du Dr Decastro est allé dans ACCUEIL 
[<b>20/11/2020 02:33:55 pm</b>] Johanne LAROCHE (medecin) de Clinique du Dr Decastro a recherché le client PRIMA DULCIUS 1958-11-06
[<b>20/11/2020 02:34:35 pm</b>] Johanne LAROCHE (medecin) de Clinique du Dr Decastro est allé dans ACCUEIL 
[<b>20/11/2020 02:36:18 pm</b>] Johanne LAROCHE (medecin) de Clinique du Dr Decastro  a recherché   dulcius rose orsicar 1969-04-22 [MM/DD/YYYY]
[<b>20/11/2020 02:37:27 pm</b>] Johanne LAROCHE (medecin) de Clinique du Dr Decastro  a recherché   dulcius rose oriscar 1969-04-22 [MM/DD/YYYY]
[<b>20/11/2020 02:38:33 pm</b>] Johanne LAROCHE (medecin) de Clinique du Dr Decastro a recherché le client ROSE ORISCAR DULCIUS 1969-04-22
[<b>20/11/2020 02:39:35 pm</b>] Johanne LAROCHE (medecin) de Clinique du Dr Decastro est allé dans ACCUEIL 
[<b>20/11/2020 03:45:13 pm</b>] Wilkendhie JOSEPH (medecin) de Hopital du Canape Vert  s'est connecté   
[<b>20/11/2020 03:45:13 pm</b>] Wilkendhie JOSEPH (medecin) de Hopital du Canape Vert est allé dans ACCUEIL 
[<b>20/11/2020 03:45:47 pm</b>] Wilkendhie JOSEPH (medecin) de Hopital du Canape Vert a recherché le client JEAN EDDY BELONY 1988-02-06
[<b>20/11/2020 03:46:08 pm</b>] Wilkendhie JOSEPH (medecin) de Hopital du Canape Vert est allé dans ACCUEIL 
