[<b>07/10/2020 08:35:23 am</b>] Fabiola FRANCOIS (medecin) de Hopital Espoir  s'est connecté   
[<b>07/10/2020 08:35:24 am</b>] Fabiola FRANCOIS (medecin) de Hopital Espoir est allé dans ACCUEIL 
[<b>07/10/2020 08:37:26 am</b>] Fabiola FRANCOIS (medecin) de Hopital Espoir  a recherché   MARC RIHARD SAINT-ELIEN 1981-09-18 [MM/DD/YYYY]
[<b>07/10/2020 08:38:53 am</b>] Fabiola FRANCOIS (medecin) de Hopital Espoir  a recherché   MASHA DANIELLE SAINT-ELIEN 2007-03-07 [MM/DD/YYYY]
[<b>07/10/2020 09:50:41 am</b>] Rood-Jerry GEFFRARD (medecin) de Hopital Adventiste Diquini  s'est connecté   
[<b>07/10/2020 09:50:41 am</b>] Rood-Jerry GEFFRARD (medecin) de Hopital Adventiste Diquini est allé dans ACCUEIL 
[<b>07/10/2020 09:52:00 am</b>] Rood-Jerry GEFFRARD (medecin) de Hopital Adventiste Diquini  a recherché   Hadassa Fierfe 2019-08-01 [MM/DD/YYYY]
[<b>07/10/2020 01:29:02 pm</b>] Chrislin NOEL (medecin) de Clinique du Dr Grenson Jeune  s'est connecté   
[<b>07/10/2020 01:31:43 pm</b>] Chrislin NOEL (medecin) de Clinique du Dr Grenson Jeune  s'est connecté   
[<b>07/10/2020 01:31:44 pm</b>] Chrislin NOEL (medecin) de Clinique du Dr Grenson Jeune est allé dans ACCUEIL 
[<b>07/10/2020 01:35:40 pm</b>] Chrislin NOEL (medecin) de Clinique du Dr Grenson Jeune  a recherché   Antonina Fenelus 1982-10-25 [MM/DD/YYYY]
[<b>07/10/2020 01:36:15 pm</b>] Chrislin NOEL (medecin) de Clinique du Dr Grenson Jeune  a recherché   Antonina Fenelus 1982-10-25 [MM/DD/YYYY]
[<b>07/10/2020 01:37:27 pm</b>] Chrislin NOEL (medecin) de Clinique du Dr Grenson Jeune  a recherché   Antonina Fenelus 1982-10-25 [MM/DD/YYYY]
[<b>07/10/2020 06:32:28 pm</b>] Wilkendhie JOSEPH (medecin) de Hopital du Canape Vert  s'est connecté   
[<b>07/10/2020 06:32:28 pm</b>] Wilkendhie JOSEPH (medecin) de Hopital du Canape Vert est allé dans ACCUEIL 
[<b>07/10/2020 06:33:20 pm</b>] Wilkendhie JOSEPH (medecin) de Hopital du Canape Vert  a recherché   SERGE PHILIPPE DORMERCANT 2006-12-08 [MM/DD/YYYY]
[<b>07/10/2020 06:33:39 pm</b>] Wilkendhie JOSEPH (medecin) de Hopital du Canape Vert  a recherché   SERGE DORMERCANT 2006-12-08 [MM/DD/YYYY]
[<b>07/10/2020 06:33:53 pm</b>] Wilkendhie JOSEPH (medecin) de Hopital du Canape Vert  a recherché   SERGE PHILIPPE DORMERCANT 2006-12-08 [MM/DD/YYYY]
[<b>07/10/2020 06:34:06 pm</b>] Wilkendhie JOSEPH (medecin) de Hopital du Canape Vert a recherché le client SERGE DOMERçANT 2006-12-08
[<b>07/10/2020 06:34:26 pm</b>] Wilkendhie JOSEPH (medecin) de Hopital du Canape Vert est allé dans ACCUEIL 
[<b>07/10/2020 09:47:04 pm</b>] Wilkendhie JOSEPH (medecin) de Hopital du Canape Vert  s'est connecté   
[<b>07/10/2020 09:47:04 pm</b>] Wilkendhie JOSEPH (medecin) de Hopital du Canape Vert est allé dans ACCUEIL 
[<b>07/10/2020 09:47:50 pm</b>] Wilkendhie JOSEPH (medecin) de Hopital du Canape Vert a recherché le client JEAN-BERNARD BIENVENUE 1982-04-10
[<b>07/10/2020 09:47:50 pm</b>] Wilkendhie JOSEPH (medecin) de Hopital du Canape Vert a recherché le client JEAN-BERNARD BIENVENUE 1982-04-10
[<b>07/10/2020 09:47:50 pm</b>] Wilkendhie JOSEPH (medecin) de Hopital du Canape Vert a recherché le client JEAN-BERNARD BIENVENUE 1982-04-10
[<b>07/10/2020 09:48:10 pm</b>] Wilkendhie JOSEPH (medecin) de Hopital du Canape Vert est allé dans ACCUEIL 
