[<b>16/12/2020 01:06:36 am</b>] Fabiola FRANCOIS (medecin) de Hopital Espoir  s'est connecté   
[<b>16/12/2020 01:06:37 am</b>] Fabiola FRANCOIS (medecin) de Hopital Espoir est allé dans ACCUEIL 
[<b>16/12/2020 01:07:23 am</b>] Fabiola FRANCOIS (medecin) de Hopital Espoir a recherché le client CHELOVE ARCHANGE 1985-05-08
[<b>16/12/2020 01:07:41 am</b>] Fabiola FRANCOIS (medecin) de Hopital Espoir est allé dans ACCUEIL 
[<b>16/12/2020 08:58:59 am</b>] Wilkendhie JOSEPH (medecin) de Hopital du Canape Vert  s'est connecté   
[<b>16/12/2020 08:59:00 am</b>] Wilkendhie JOSEPH (medecin) de Hopital du Canape Vert est allé dans ACCUEIL 
[<b>16/12/2020 09:02:37 am</b>] Wilkendhie JOSEPH (medecin) de Hopital du Canape Vert est allé dans ACCUEIL 
[<b>16/12/2020 09:04:08 am</b>] Wilkendhie JOSEPH (medecin) de Hopital du Canape Vert  s'est déconnecté  
[<b>16/12/2020 09:04:31 am</b>] Wilkendhie JOSEPH (medecin) de Hopital du Canape Vert  s'est connecté   
[<b>16/12/2020 09:04:32 am</b>] Wilkendhie JOSEPH (medecin) de Hopital du Canape Vert est allé dans ACCUEIL 
[<b>16/12/2020 09:05:07 am</b>] Wilkendhie JOSEPH (medecin) de Hopital du Canape Vert  a recherché   miryame dorvilier lavoile 1989-07-03 [MM/DD/YYYY]
[<b>16/12/2020 09:15:02 am</b>] Denold MILSOIT (medecin) de CLINIQULE Dr DENOLD MILSOIT  s'est connecté   
[<b>16/12/2020 09:15:03 am</b>] Denold MILSOIT (medecin) de CLINIQULE Dr DENOLD MILSOIT est allé dans ACCUEIL 
[<b>16/12/2020 09:15:04 am</b>] Denold MILSOIT (medecin) de CLINIQULE Dr DENOLD MILSOIT  s'est connecté   
[<b>16/12/2020 09:15:04 am</b>] Denold MILSOIT (medecin) de CLINIQULE Dr DENOLD MILSOIT est allé dans ACCUEIL 
[<b>16/12/2020 09:16:10 am</b>] Denold MILSOIT (medecin) de CLINIQULE Dr DENOLD MILSOIT a recherché le client CINEUS DESARMES 1980-11-02
[<b>16/12/2020 09:16:10 am</b>] Denold MILSOIT (medecin) de CLINIQULE Dr DENOLD MILSOIT a recherché le client CINEUS DESARMES 1980-11-02
[<b>16/12/2020 09:16:10 am</b>] Denold MILSOIT (medecin) de CLINIQULE Dr DENOLD MILSOIT a recherché le client CINEUS DESARMES 1980-11-02
[<b>16/12/2020 09:16:22 am</b>] Wilkendhie JOSEPH (medecin) de Hopital du Canape Vert  s'est connecté   
[<b>16/12/2020 09:16:22 am</b>] Wilkendhie JOSEPH (medecin) de Hopital du Canape Vert est allé dans ACCUEIL 
[<b>16/12/2020 09:16:57 am</b>] Wilkendhie JOSEPH (medecin) de Hopital du Canape Vert  a recherché   myriame dorvilier lavoile 1989-09-03 [MM/DD/YYYY]
[<b>16/12/2020 09:17:29 am</b>] Wilkendhie JOSEPH (medecin) de Hopital du Canape Vert  a recherché   myriame dorvilier lavoile 1989-09-03 [MM/DD/YYYY]
[<b>16/12/2020 09:18:39 am</b>] Wilkendhie JOSEPH (medecin) de Hopital du Canape Vert a recherché le client MYRIAME DORVILIER LAVOILE 1989-07-03
[<b>16/12/2020 09:19:01 am</b>] Wilkendhie JOSEPH (medecin) de Hopital du Canape Vert est allé dans ACCUEIL 
