[<b>26/04/2020 09:44:19 am</b>] Fabiola FRANCOIS (medecin) de Hopital Espoir  s'est connecté   
[<b>26/04/2020 09:44:19 am</b>] Fabiola FRANCOIS (medecin) de Hopital Espoir est allé dans ACCUEIL 
[<b>26/04/2020 09:46:11 am</b>] Fabiola FRANCOIS (medecin) de Hopital Espoir a recherché le client MARIE KENITE PETION 1971-02-22
[<b>26/04/2020 09:50:00 am</b>] Fabiola FRANCOIS (medecin) de Hopital Espoir est allé dans ACCUEIL 
[<b>26/04/2020 10:00:47 am</b>] Fabiola FRANCOIS (medecin) de Hopital Espoir  s'est connecté   
[<b>26/04/2020 10:00:47 am</b>] Fabiola FRANCOIS (medecin) de Hopital Espoir est allé dans ACCUEIL 
[<b>26/04/2020 10:01:36 am</b>] Fabiola FRANCOIS (medecin) de Hopital Espoir a recherché le client MARIO DELUS 1986-08-02
[<b>26/04/2020 10:03:12 am</b>] Fabiola FRANCOIS (medecin) de Hopital Espoir est allé dans ACCUEIL 
[<b>26/04/2020 10:04:13 am</b>] Fabiola FRANCOIS (medecin) de Hopital Espoir a recherché le client GUERLY CONTENT 1980-01-09
[<b>26/04/2020 10:04:13 am</b>] Fabiola FRANCOIS (medecin) de Hopital Espoir a recherché le client GUERLY CONTENT 1980-01-09
[<b>26/04/2020 10:05:52 am</b>] Fabiola FRANCOIS (medecin) de Hopital Espoir est allé dans ACCUEIL 
[<b>26/04/2020 10:06:49 am</b>] Fabiola FRANCOIS (medecin) de Hopital Espoir a recherché le client STEPHANE CHERY 1986-12-30
[<b>26/04/2020 10:06:49 am</b>] Fabiola FRANCOIS (medecin) de Hopital Espoir a recherché le client STEPHANE CHERY 1986-12-30
[<b>26/04/2020 10:08:24 am</b>] Fabiola FRANCOIS (medecin) de Hopital Espoir est allé dans ACCUEIL 
[<b>26/04/2020 10:09:23 am</b>] Fabiola FRANCOIS (medecin) de Hopital Espoir  a recherché   marie grecie narcisse 1995-10-23 [MM/DD/YYYY]
[<b>26/04/2020 10:10:51 am</b>] Fabiola FRANCOIS (medecin) de Hopital Espoir a recherché le client JEMPS MEZARD 1989-12-09
[<b>26/04/2020 10:12:29 am</b>] Fabiola FRANCOIS (medecin) de Hopital Espoir est allé dans ACCUEIL 
[<b>26/04/2020 10:13:35 am</b>] Fabiola FRANCOIS (medecin) de Hopital Espoir a recherché le client NATACHA CHERY 1979-05-22
[<b>26/04/2020 10:15:14 am</b>] Fabiola FRANCOIS (medecin) de Hopital Espoir est allé dans ACCUEIL 
[<b>26/04/2020 10:17:02 am</b>] Fabiola FRANCOIS (medecin) de Hopital Espoir  a recherché   immanuel fernando clervil 2019-09-23 [MM/DD/YYYY]
[<b>26/04/2020 10:18:17 am</b>] Fabiola FRANCOIS (medecin) de Hopital Espoir  a recherché   emmanuel fernando clervil 2019-09-23 [MM/DD/YYYY]
[<b>26/04/2020 10:19:30 am</b>] Fabiola FRANCOIS (medecin) de Hopital Espoir  a recherché   mathurin clervil 1991-11-18 [MM/DD/YYYY]
[<b>26/04/2020 10:20:34 am</b>] Fabiola FRANCOIS (medecin) de Hopital Espoir  a recherché   mathurin clervil 1991-11-18 [MM/DD/YYYY]
[<b>26/04/2020 10:21:26 am</b>] Fabiola FRANCOIS (medecin) de Hopital Espoir  a recherché   mathurin clervil 1991-11-18 [MM/DD/YYYY]
[<b>26/04/2020 10:23:45 am</b>] Fabiola FRANCOIS (medecin) de Hopital Espoir a recherché le client RONALD JEREMIE 1978-08-26
[<b>26/04/2020 10:25:20 am</b>] Fabiola FRANCOIS (medecin) de Hopital Espoir est allé dans ACCUEIL 
[<b>26/04/2020 10:27:51 am</b>] Fabiola FRANCOIS (medecin) de Hopital Espoir a recherché le client ENEL CLERGé 1982-02-12
[<b>26/04/2020 10:27:51 am</b>] Fabiola FRANCOIS (medecin) de Hopital Espoir a recherché le client ENEL CLERGé 1982-02-12
[<b>26/04/2020 10:29:30 am</b>] Fabiola FRANCOIS (medecin) de Hopital Espoir est allé dans ACCUEIL 
[<b>26/04/2020 10:32:02 am</b>] Fabiola FRANCOIS (medecin) de Hopital Espoir  a recherché   clervil mathurin 1991-11-18 [MM/DD/YYYY]
[<b>26/04/2020 10:33:06 am</b>] Fabiola FRANCOIS (medecin) de Hopital Espoir  a recherché   mathurin clervil 1991-11-18 [MM/DD/YYYY]
[<b>26/04/2020 10:34:17 am</b>] Fabiola FRANCOIS (medecin) de Hopital Espoir a recherché le client MARTIN LOPE 1983-05-23
[<b>26/04/2020 10:35:59 am</b>] Fabiola FRANCOIS (medecin) de Hopital Espoir est allé dans ACCUEIL 
[<b>26/04/2020 10:36:53 am</b>] Fabiola FRANCOIS (medecin) de Hopital Espoir  a recherché   makendy laguerre 1979-06-01 [MM/DD/YYYY]
[<b>26/04/2020 10:38:40 am</b>] Fabiola FRANCOIS (medecin) de Hopital Espoir  a recherché   makendy laguerre 1976-06-01 [MM/DD/YYYY]
