[<b>09/12/2020 10:21:39 am</b>] Fabiola FRANCOIS (medecin) de Hopital Espoir  s'est connecté   
[<b>09/12/2020 10:21:39 am</b>] Fabiola FRANCOIS (medecin) de Hopital Espoir est allé dans ACCUEIL 
[<b>09/12/2020 10:22:16 am</b>] Fabiola FRANCOIS (medecin) de Hopital Espoir  a recherché   guersuze thelisma 1990-10-15 [MM/DD/YYYY]
[<b>09/12/2020 10:22:21 am</b>] Fabiola FRANCOIS (medecin) de Hopital Espoir  a recherché   guersuze thelisma 1990-10-15 [MM/DD/YYYY]
[<b>09/12/2020 10:23:06 am</b>] Fabiola FRANCOIS (medecin) de Hopital Espoir  a recherché   guersuze thelisma 1990-10-15 [MM/DD/YYYY]
[<b>09/12/2020 12:35:39 pm</b>] Wilkendhie JOSEPH (medecin) de Hopital du Canape Vert  s'est connecté   
[<b>09/12/2020 12:35:39 pm</b>] Wilkendhie JOSEPH (medecin) de Hopital du Canape Vert est allé dans ACCUEIL 
[<b>09/12/2020 12:36:47 pm</b>] Wilkendhie JOSEPH (medecin) de Hopital du Canape Vert  a recherché   jerinese julma 1984-08-08 [MM/DD/YYYY]
[<b>09/12/2020 12:38:28 pm</b>] Wilkendhie JOSEPH (medecin) de Hopital du Canape Vert a recherché le client JERINESE JULMA PHILISTIN 1984-08-08
[<b>09/12/2020 12:38:54 pm</b>] Wilkendhie JOSEPH (medecin) de Hopital du Canape Vert est allé dans ACCUEIL 
[<b>09/12/2020 02:10:18 pm</b>] Rood-Jerry GEFFRARD (medecin) de Hopital Adventiste Diquini  s'est connecté   
[<b>09/12/2020 02:10:18 pm</b>] Rood-Jerry GEFFRARD (medecin) de Hopital Adventiste Diquini est allé dans ACCUEIL 
[<b>09/12/2020 02:11:40 pm</b>] Rood-Jerry GEFFRARD (medecin) de Hopital Adventiste Diquini a recherché le client ROOD-JERRY GEFFRARD 1993-01-07
[<b>09/12/2020 04:17:42 pm</b>] Wilkendhie JOSEPH (medecin) de Hopital du Canape Vert  s'est connecté   
[<b>09/12/2020 04:17:42 pm</b>] Wilkendhie JOSEPH (medecin) de Hopital du Canape Vert est allé dans ACCUEIL 
[<b>09/12/2020 04:18:41 pm</b>] Wilkendhie JOSEPH (medecin) de Hopital du Canape Vert a recherché le client HUGO PETIT-HOMME 2019-04-13
[<b>09/12/2020 09:39:35 pm</b>] Fabiola FRANCOIS (medecin) de Hopital Espoir  s'est connecté   
[<b>09/12/2020 09:39:36 pm</b>] Fabiola FRANCOIS (medecin) de Hopital Espoir est allé dans ACCUEIL 
[<b>09/12/2020 09:40:15 pm</b>] Fabiola FRANCOIS (medecin) de Hopital Espoir a recherché le client PATRICK CAMILLE 1969-11-05
[<b>09/12/2020 09:40:15 pm</b>] Fabiola FRANCOIS (medecin) de Hopital Espoir a recherché le client PATRICK CAMILLE 1969-11-05
[<b>09/12/2020 09:40:15 pm</b>] Fabiola FRANCOIS (medecin) de Hopital Espoir a recherché le client PATRICK CAMILLE 1969-11-05
[<b>09/12/2020 09:40:49 pm</b>] Fabiola FRANCOIS (medecin) de Hopital Espoir est allé dans ACCUEIL 
