[<b>16/03/2020 08:58:42 am</b>] Frantz CHARLEMAGNE (medecin) de Clinique Sante Pour Tous  s'est connecté   
[<b>16/03/2020 08:58:42 am</b>] Frantz CHARLEMAGNE (medecin) de Clinique Sante Pour Tous est allé dans ACCUEIL 
[<b>16/03/2020 08:59:55 am</b>] Frantz CHARLEMAGNE (medecin) de Clinique Sante Pour Tous  a recherché   wiguens israel 1985-03-29 [MM/DD/YYYY]
[<b>16/03/2020 09:00:01 am</b>] Frantz CHARLEMAGNE (medecin) de Clinique Sante Pour Tous  a recherché   wiguens israel 1985-03-29 [MM/DD/YYYY]
[<b>16/03/2020 09:00:22 am</b>] Frantz CHARLEMAGNE (medecin) de Clinique Sante Pour Tous a recherché le client WILGUENS ISRAEL 1985-03-29
[<b>16/03/2020 02:39:34 pm</b>] Rose Christephane BANATTES (medecin) de Hopital Espoir  s'est connecté   
[<b>16/03/2020 02:39:36 pm</b>] Rose Christephane BANATTES (medecin) de Hopital Espoir  s'est connecté   
[<b>16/03/2020 02:39:36 pm</b>] Rose Christephane BANATTES (medecin) de Hopital Espoir est allé dans ACCUEIL 
[<b>16/03/2020 02:40:26 pm</b>] Rose Christephane BANATTES (medecin) de Hopital Espoir  a recherché   arthuro flavio sergo maitre 2016-10-16 [MM/DD/YYYY]
[<b>16/03/2020 02:40:40 pm</b>] Rose Christephane BANATTES (medecin) de Hopital Espoir a recherché le client FLAVIS ARTHURO SERGO MAITRE 2016-10-16
[<b>16/03/2020 02:40:45 pm</b>] Rose Christephane BANATTES (medecin) de Hopital Espoir a recherché le client FLAVIS ARTHURO SERGO MAITRE 2016-10-16
[<b>16/03/2020 02:40:48 pm</b>] Rose Christephane BANATTES (medecin) de Hopital Espoir a recherché le client FLAVIS ARTHURO SERGO MAITRE 2016-10-16
[<b>16/03/2020 02:41:10 pm</b>] Rose Christephane BANATTES (medecin) de Hopital Espoir est allé dans ACCUEIL 
[<b>16/03/2020 04:32:46 pm</b>] Wilkendhie JOSEPH (medecin) de Hopital du Canape Vert  s'est connecté   
[<b>16/03/2020 04:32:46 pm</b>] Wilkendhie JOSEPH (medecin) de Hopital du Canape Vert est allé dans ACCUEIL 
[<b>16/03/2020 04:33:25 pm</b>] Wilkendhie JOSEPH (medecin) de Hopital du Canape Vert  a recherché   felix darlyne 1957-10-01 [MM/DD/YYYY]
[<b>16/03/2020 04:33:35 pm</b>] Wilkendhie JOSEPH (medecin) de Hopital du Canape Vert  a recherché   felix darlyne 1957-10-01 [MM/DD/YYYY]
[<b>16/03/2020 04:34:01 pm</b>] Wilkendhie JOSEPH (medecin) de Hopital du Canape Vert a recherché le client DARLYNE FELIX 1957-10-01
[<b>16/03/2020 04:34:01 pm</b>] Wilkendhie JOSEPH (medecin) de Hopital du Canape Vert a recherché le client DARLYNE FELIX 1957-10-01
[<b>16/03/2020 04:34:13 pm</b>] Wilkendhie JOSEPH (medecin) de Hopital du Canape Vert est allé dans ACCUEIL 
