[<b>19/07/2020 12:57:55 pm</b>] Valerie DEVERSON (medecin) de Hopital Ste Marie  s'est connecté   
[<b>19/07/2020 12:57:56 pm</b>] Valerie DEVERSON (medecin) de Hopital Ste Marie est allé dans ACCUEIL 
[<b>19/07/2020 12:58:11 pm</b>] Valerie DEVERSON (medecin) de Hopital Ste Marie  a changé son mot de passe  
[<b>19/07/2020 12:58:12 pm</b>] Valerie DEVERSON (medecin) de Hopital Ste Marie est allé dans ACCUEIL 
[<b>19/07/2020 12:59:00 pm</b>] Valerie DEVERSON (medecin) de Hopital Ste Marie  a recherché   stephania cubic 1982-08-09 [MM/DD/YYYY]
[<b>19/07/2020 12:59:19 pm</b>] Valerie DEVERSON (medecin) de Hopital Ste Marie a recherché le client STEPHANIA DUBIC 1982-08-09
[<b>19/07/2020 12:59:19 pm</b>] Valerie DEVERSON (medecin) de Hopital Ste Marie a recherché le client STEPHANIA DUBIC 1982-08-09
[<b>19/07/2020 12:59:19 pm</b>] Valerie DEVERSON (medecin) de Hopital Ste Marie a recherché le client STEPHANIA DUBIC 1982-08-09
[<b>19/07/2020 12:59:19 pm</b>] Valerie DEVERSON (medecin) de Hopital Ste Marie a recherché le client STEPHANIA DUBIC 1982-08-09
[<b>19/07/2020 12:59:19 pm</b>] Valerie DEVERSON (medecin) de Hopital Ste Marie a recherché le client STEPHANIA DUBIC 1982-08-09
[<b>19/07/2020 12:59:19 pm</b>] Valerie DEVERSON (medecin) de Hopital Ste Marie a recherché le client STEPHANIA DUBIC 1982-08-09
[<b>19/07/2020 12:59:19 pm</b>] Valerie DEVERSON (medecin) de Hopital Ste Marie a recherché le client STEPHANIA DUBIC 1982-08-09
[<b>19/07/2020 09:35:08 pm</b>] Fabiola FRANCOIS (medecin) de Hopital Espoir  s'est connecté   
[<b>19/07/2020 09:35:08 pm</b>] Fabiola FRANCOIS (medecin) de Hopital Espoir est allé dans ACCUEIL 
[<b>19/07/2020 09:36:04 pm</b>] Fabiola FRANCOIS (medecin) de Hopital Espoir  a recherché   adelein nourissant 1974-10-15 [MM/DD/YYYY]
[<b>19/07/2020 09:36:24 pm</b>] Fabiola FRANCOIS (medecin) de Hopital Espoir a recherché le client ADELEIN NOURRISSANT 1974-10-15
[<b>19/07/2020 09:38:32 pm</b>] Fabiola FRANCOIS (medecin) de Hopital Espoir est allé dans ACCUEIL 
[<b>19/07/2020 09:49:17 pm</b>] Fabiola FRANCOIS (medecin) de Hopital Espoir  s'est connecté   
[<b>19/07/2020 09:49:18 pm</b>] Fabiola FRANCOIS (medecin) de Hopital Espoir est allé dans ACCUEIL 
[<b>19/07/2020 09:49:44 pm</b>] Fabiola FRANCOIS (medecin) de Hopital Espoir a recherché le client ADELEIN NOURRISSANT 1974-10-15
