[<b>22/01/2020 09:06:00 am</b>] Rood-Jerry GEFFRARD (medecin) de Hopital Adventiste Diquini  s'est connecté   
[<b>22/01/2020 09:06:01 am</b>] Rood-Jerry GEFFRARD (medecin) de Hopital Adventiste Diquini est allé dans ACCUEIL 
[<b>22/01/2020 09:07:09 am</b>] Rood-Jerry GEFFRARD (medecin) de Hopital Adventiste Diquini a recherché le client FRANCOISE JEAN 1985-01-10
[<b>22/01/2020 09:07:09 am</b>] Rood-Jerry GEFFRARD (medecin) de Hopital Adventiste Diquini a recherché le client FRANCOISE JEAN 1985-01-10
[<b>22/01/2020 09:08:24 am</b>] Wilkendhie JOSEPH (medecin) de Hopital du Canape Vert  s'est connecté   
[<b>22/01/2020 09:08:24 am</b>] Wilkendhie JOSEPH (medecin) de Hopital du Canape Vert est allé dans ACCUEIL 
[<b>22/01/2020 09:09:25 am</b>] Wilkendhie JOSEPH (medecin) de Hopital du Canape Vert a recherché le client MELISSA PIERRE 1986-04-06
[<b>22/01/2020 09:09:25 am</b>] Wilkendhie JOSEPH (medecin) de Hopital du Canape Vert a recherché le client MELISSA PIERRE 1986-04-06
[<b>22/01/2020 09:09:25 am</b>] Wilkendhie JOSEPH (medecin) de Hopital du Canape Vert a recherché le client MELISSA PIERRE 1986-04-06
[<b>22/01/2020 09:09:32 am</b>] Wilkendhie JOSEPH (medecin) de Hopital du Canape Vert a recherché le client MELISSA PIERRE 1986-04-06
[<b>22/01/2020 09:09:32 am</b>] Wilkendhie JOSEPH (medecin) de Hopital du Canape Vert a recherché le client MELISSA PIERRE 1986-04-06
[<b>22/01/2020 09:09:32 am</b>] Wilkendhie JOSEPH (medecin) de Hopital du Canape Vert a recherché le client MELISSA PIERRE 1986-04-06
[<b>22/01/2020 09:09:59 am</b>] Wilkendhie JOSEPH (medecin) de Hopital du Canape Vert est allé dans ACCUEIL 
[<b>22/01/2020 11:31:38 am</b>] Sanon WIDMAIER (admin) de INASSA  s'est connecté   
[<b>22/01/2020 11:31:39 am</b>] Sanon WIDMAIER (admin) de INASSA est allé dans ACCUEIL 
[<b>22/01/2020 11:31:44 am</b>] Sanon WIDMAIER (admin) de INASSA  est allé dans PARAMETRES  
[<b>22/01/2020 11:32:58 am</b>] Sanon WIDMAIER (admin) de INASSA a enregistré l'utilisateur  Jean Clervain DORSAINVIL / jcdorsainvil / cemefco@gmail.com / Médecin / Actif
[<b>22/01/2020 11:32:58 am</b>] Sanon WIDMAIER (admin) de INASSA  est allé dans PARAMETRES  
[<b>22/01/2020 11:33:48 am</b>] Sanon WIDMAIER (admin) de INASSA a enregistré l'utilisateur  Fetilia PASCAL / fpascal / pascalfetilia@gmail.com / Médecin / Actif
[<b>22/01/2020 11:33:49 am</b>] Sanon WIDMAIER (admin) de INASSA  est allé dans PARAMETRES  
[<b>22/01/2020 11:34:29 am</b>] Sanon WIDMAIER (admin) de INASSA a enregistré l'utilisateur  Islande CLENADOR / icledanor / cledanorislande069@gmail.com / Médecin / Actif
[<b>22/01/2020 11:34:29 am</b>] Sanon WIDMAIER (admin) de INASSA  est allé dans PARAMETRES  
[<b>22/01/2020 11:34:42 am</b>] Sanon WIDMAIER (admin) de INASSA  s'est déconnecté  
[<b>22/01/2020 02:45:39 pm</b>] Denold MILSOIT (medecin) de CLINIQULE Dr DENOLD MILSOIT  s'est connecté   
[<b>22/01/2020 02:45:40 pm</b>] Denold MILSOIT (medecin) de CLINIQULE Dr DENOLD MILSOIT est allé dans ACCUEIL 
[<b>22/01/2020 02:46:24 pm</b>] Denold MILSOIT (medecin) de CLINIQULE Dr DENOLD MILSOIT a recherché le client FLAURINE REMILIEN 1989-01-12
[<b>22/01/2020 02:49:50 pm</b>] Wilkendhie JOSEPH (medecin) de Hopital du Canape Vert  s'est connecté   
[<b>22/01/2020 02:49:51 pm</b>] Wilkendhie JOSEPH (medecin) de Hopital du Canape Vert est allé dans ACCUEIL 
[<b>22/01/2020 02:50:41 pm</b>] Wilkendhie JOSEPH (medecin) de Hopital du Canape Vert a recherché le client FRANCOIS DERISIER 1949-03-02
[<b>22/01/2020 02:50:41 pm</b>] Wilkendhie JOSEPH (medecin) de Hopital du Canape Vert a recherché le client FRANCOIS DERISIER 1949-03-02
[<b>22/01/2020 02:51:01 pm</b>] Denold MILSOIT (medecin) de CLINIQULE Dr DENOLD MILSOIT est allé dans ACCUEIL 
[<b>22/01/2020 02:51:03 pm</b>] Wilkendhie JOSEPH (medecin) de Hopital du Canape Vert est allé dans ACCUEIL 
[<b>22/01/2020 02:51:27 pm</b>] Wilkendhie JOSEPH (medecin) de Hopital du Canape Vert a recherché le client FRANCOIS DERISIER 1949-03-02
[<b>22/01/2020 02:51:27 pm</b>] Wilkendhie JOSEPH (medecin) de Hopital du Canape Vert a recherché le client FRANCOIS DERISIER 1949-03-02
[<b>22/01/2020 02:51:38 pm</b>] Wilkendhie JOSEPH (medecin) de Hopital du Canape Vert est allé dans ACCUEIL 
[<b>22/01/2020 05:10:56 pm</b>] Wilkendhie JOSEPH (medecin) de Hopital du Canape Vert  s'est connecté   
[<b>22/01/2020 05:10:56 pm</b>] Wilkendhie JOSEPH (medecin) de Hopital du Canape Vert est allé dans ACCUEIL 
[<b>22/01/2020 05:11:40 pm</b>] Wilkendhie JOSEPH (medecin) de Hopital du Canape Vert a recherché le client FRANCOIS DERISIER 1949-03-02
[<b>22/01/2020 05:11:40 pm</b>] Wilkendhie JOSEPH (medecin) de Hopital du Canape Vert a recherché le client FRANCOIS DERISIER 1949-03-02
[<b>22/01/2020 05:15:56 pm</b>] Wilkendhie JOSEPH (medecin) de Hopital du Canape Vert est allé dans ACCUEIL 
[<b>22/01/2020 08:30:15 pm</b>] Wilkendhie JOSEPH (medecin) de Hopital du Canape Vert  s'est connecté   
[<b>22/01/2020 08:30:16 pm</b>] Wilkendhie JOSEPH (medecin) de Hopital du Canape Vert est allé dans ACCUEIL 
[<b>22/01/2020 08:31:59 pm</b>] Wilkendhie JOSEPH (medecin) de Hopital du Canape Vert  a recherché   OWEN LALANNE 2012-01-14 [MM/DD/YYYY]
[<b>22/01/2020 08:32:12 pm</b>] Wilkendhie JOSEPH (medecin) de Hopital du Canape Vert  a recherché   OWEN LALANNE 2002-01-14 [MM/DD/YYYY]
[<b>22/01/2020 08:32:35 pm</b>] Wilkendhie JOSEPH (medecin) de Hopital du Canape Vert  a recherché   MARVING LALANNE 2002-01-14 [MM/DD/YYYY]
[<b>22/01/2020 08:34:51 pm</b>] Wilkendhie JOSEPH (medecin) de Hopital du Canape Vert a recherché le client MARVING LALANNE 2018-01-14
