[<b>14/11/2020 03:58:11 pm</b>] Fabiola FRANCOIS (medecin) de Hopital Espoir  s'est connecté   
[<b>14/11/2020 03:58:11 pm</b>] Fabiola FRANCOIS (medecin) de Hopital Espoir est allé dans ACCUEIL 
[<b>14/11/2020 03:59:11 pm</b>] Fabiola FRANCOIS (medecin) de Hopital Espoir  a recherché   monique antoine 1977-04-17 [MM/DD/YYYY]
[<b>14/11/2020 03:59:18 pm</b>] Fabiola FRANCOIS (medecin) de Hopital Espoir  a recherché   monique antoine 1977-04-17 [MM/DD/YYYY]
[<b>14/11/2020 04:00:04 pm</b>] Fabiola FRANCOIS (medecin) de Hopital Espoir  a recherché   jerome dieubon 1975-03-23 [MM/DD/YYYY]
[<b>14/11/2020 04:00:15 pm</b>] Fabiola FRANCOIS (medecin) de Hopital Espoir  a recherché   jerome dieubon 1975-03-23 [MM/DD/YYYY]
[<b>14/11/2020 04:00:34 pm</b>] Fabiola FRANCOIS (medecin) de Hopital Espoir  a recherché   jerome dieubon 1975-03-23 [MM/DD/YYYY]
[<b>14/11/2020 05:16:50 pm</b>] Wilkendhie JOSEPH (medecin) de Hopital du Canape Vert  s'est connecté   
[<b>14/11/2020 05:16:50 pm</b>] Wilkendhie JOSEPH (medecin) de Hopital du Canape Vert est allé dans ACCUEIL 
[<b>14/11/2020 05:17:36 pm</b>] Wilkendhie JOSEPH (medecin) de Hopital du Canape Vert  a recherché   liahm jean baptiste 2012-01-14 [MM/DD/YYYY]
[<b>14/11/2020 05:18:26 pm</b>] Wilkendhie JOSEPH (medecin) de Hopital du Canape Vert  a recherché   liahm moses jean baptiste 2012-01-14 [MM/DD/YYYY]
[<b>14/11/2020 05:18:41 pm</b>] Wilkendhie JOSEPH (medecin) de Hopital du Canape Vert  s'est connecté   
[<b>14/11/2020 05:18:42 pm</b>] Wilkendhie JOSEPH (medecin) de Hopital du Canape Vert est allé dans ACCUEIL 
[<b>14/11/2020 05:19:14 pm</b>] Wilkendhie JOSEPH (medecin) de Hopital du Canape Vert  a recherché   liahm moses jean baptiste 2012-01-14 [MM/DD/YYYY]
[<b>14/11/2020 05:20:11 pm</b>] Wilkendhie JOSEPH (medecin) de Hopital du Canape Vert  a recherché   liham moses jean baptiste 2012-01-14 [MM/DD/YYYY]
[<b>14/11/2020 05:20:20 pm</b>] Wilkendhie JOSEPH (medecin) de Hopital du Canape Vert  a recherché   liham moses jean-baptiste 2012-01-14 [MM/DD/YYYY]
[<b>14/11/2020 05:20:31 pm</b>] Wilkendhie JOSEPH (medecin) de Hopital du Canape Vert  s'est connecté   
[<b>14/11/2020 05:20:32 pm</b>] Wilkendhie JOSEPH (medecin) de Hopital du Canape Vert est allé dans ACCUEIL 
[<b>14/11/2020 05:20:58 pm</b>] Wilkendhie JOSEPH (medecin) de Hopital du Canape Vert  a recherché   liham moses jean baptiste 2012-01-14 [MM/DD/YYYY]
[<b>14/11/2020 05:21:11 pm</b>] Wilkendhie JOSEPH (medecin) de Hopital du Canape Vert  a recherché   liham moses jean baptiste 2012-01-08 [MM/DD/YYYY]
[<b>14/11/2020 05:21:21 pm</b>] Wilkendhie JOSEPH (medecin) de Hopital du Canape Vert  a recherché   lihahm moses jean baptiste 2012-01-08 [MM/DD/YYYY]
[<b>14/11/2020 05:23:39 pm</b>] Wilkendhie JOSEPH (medecin) de Hopital du Canape Vert  s'est connecté   
[<b>14/11/2020 05:23:39 pm</b>] Wilkendhie JOSEPH (medecin) de Hopital du Canape Vert est allé dans ACCUEIL 
[<b>14/11/2020 05:24:08 pm</b>] Wilkendhie JOSEPH (medecin) de Hopital du Canape Vert  a recherché   moses jean baptiste 2012-01-14 [MM/DD/YYYY]
