[<b>15/01/2020 09:39:36 am</b>] Fabiola FRANCOIS (medecin) de Hopital Espoir  s'est connecté   
[<b>15/01/2020 09:39:37 am</b>] Fabiola FRANCOIS (medecin) de Hopital Espoir est allé dans ACCUEIL 
[<b>15/01/2020 09:43:19 am</b>] Fabiola FRANCOIS (medecin) de Hopital Espoir a recherché le client PIERRE YVON LYNCEE 1953-07-18
[<b>15/01/2020 09:43:19 am</b>] Fabiola FRANCOIS (medecin) de Hopital Espoir a recherché le client PIERRE YVON LYNCEE 1953-07-18
[<b>15/01/2020 09:43:19 am</b>] Fabiola FRANCOIS (medecin) de Hopital Espoir a recherché le client PIERRE YVON LYNCEE 1953-07-18
[<b>15/01/2020 09:46:10 am</b>] Fabiola FRANCOIS (medecin) de Hopital Espoir  s'est connecté   
[<b>15/01/2020 09:46:10 am</b>] Fabiola FRANCOIS (medecin) de Hopital Espoir est allé dans ACCUEIL 
[<b>15/01/2020 09:46:54 am</b>] Fabiola FRANCOIS (medecin) de Hopital Espoir a recherché le client LOSTIN DELFONSE 1977-03-06
[<b>15/01/2020 09:46:54 am</b>] Fabiola FRANCOIS (medecin) de Hopital Espoir a recherché le client LOSTIN DELFONSE 1977-03-06
[<b>15/01/2020 09:46:54 am</b>] Fabiola FRANCOIS (medecin) de Hopital Espoir a recherché le client LOSTIN DELFONSE 1977-03-06
[<b>15/01/2020 09:57:56 am</b>] Fabiola FRANCOIS (medecin) de Hopital Espoir  s'est connecté   
[<b>15/01/2020 09:57:58 am</b>] Fabiola FRANCOIS (medecin) de Hopital Espoir  s'est connecté   
[<b>15/01/2020 09:58:00 am</b>] Fabiola FRANCOIS (medecin) de Hopital Espoir  s'est connecté   
[<b>15/01/2020 09:58:00 am</b>] Fabiola FRANCOIS (medecin) de Hopital Espoir est allé dans ACCUEIL 
[<b>15/01/2020 09:58:55 am</b>] Fabiola FRANCOIS (medecin) de Hopital Espoir a recherché le client LOSTIN DELFONSE 1977-03-06
[<b>15/01/2020 09:58:55 am</b>] Fabiola FRANCOIS (medecin) de Hopital Espoir a recherché le client LOSTIN DELFONSE 1977-03-06
[<b>15/01/2020 09:58:55 am</b>] Fabiola FRANCOIS (medecin) de Hopital Espoir a recherché le client LOSTIN DELFONSE 1977-03-06
[<b>15/01/2020 09:59:07 am</b>] Fabiola FRANCOIS (medecin) de Hopital Espoir a recherché le client LOSTIN DELFONSE 1977-03-06
[<b>15/01/2020 09:59:07 am</b>] Fabiola FRANCOIS (medecin) de Hopital Espoir a recherché le client LOSTIN DELFONSE 1977-03-06
[<b>15/01/2020 09:59:07 am</b>] Fabiola FRANCOIS (medecin) de Hopital Espoir a recherché le client LOSTIN DELFONSE 1977-03-06
[<b>15/01/2020 09:59:14 am</b>] Fabiola FRANCOIS (medecin) de Hopital Espoir a recherché le client LOSTIN DELFONSE 1977-03-06
[<b>15/01/2020 09:59:14 am</b>] Fabiola FRANCOIS (medecin) de Hopital Espoir a recherché le client LOSTIN DELFONSE 1977-03-06
[<b>15/01/2020 09:59:14 am</b>] Fabiola FRANCOIS (medecin) de Hopital Espoir a recherché le client LOSTIN DELFONSE 1977-03-06
[<b>15/01/2020 09:59:55 am</b>] Fabiola FRANCOIS (medecin) de Hopital Espoir est allé dans ACCUEIL 
[<b>15/01/2020 10:26:39 am</b>] Denold MILSOIT (medecin) de CLINIQULE Dr DENOLD MILSOIT  s'est connecté   
[<b>15/01/2020 10:27:05 am</b>] Denold MILSOIT (medecin) de CLINIQULE Dr DENOLD MILSOIT  s'est connecté   
[<b>15/01/2020 10:27:06 am</b>] Denold MILSOIT (medecin) de CLINIQULE Dr DENOLD MILSOIT est allé dans ACCUEIL 
[<b>15/01/2020 10:28:27 am</b>] Denold MILSOIT (medecin) de CLINIQULE Dr DENOLD MILSOIT  a recherché   kenny montreuil  [MM/DD/YYYY]
[<b>15/01/2020 10:28:30 am</b>] Denold MILSOIT (medecin) de CLINIQULE Dr DENOLD MILSOIT  a recherché   kenny montreuil  [MM/DD/YYYY]
[<b>15/01/2020 12:37:15 pm</b>] Denold MILSOIT (medecin) de CLINIQULE Dr DENOLD MILSOIT  s'est connecté   
[<b>15/01/2020 12:37:15 pm</b>] Denold MILSOIT (medecin) de CLINIQULE Dr DENOLD MILSOIT est allé dans ACCUEIL 
[<b>15/01/2020 12:37:50 pm</b>] Denold MILSOIT (medecin) de CLINIQULE Dr DENOLD MILSOIT  a recherché   FLAURINE REMILIEN 1986-01-12 [MM/DD/YYYY]
[<b>15/01/2020 12:38:17 pm</b>] Denold MILSOIT (medecin) de CLINIQULE Dr DENOLD MILSOIT  a recherché   REMILIEN FLAURINE 1986-01-12 [MM/DD/YYYY]
[<b>15/01/2020 12:39:52 pm</b>] Denold MILSOIT (medecin) de CLINIQULE Dr DENOLD MILSOIT  a recherché   REMILIEN FLAURINE 1986-01-12 [MM/DD/YYYY]
[<b>15/01/2020 12:43:14 pm</b>] Denold MILSOIT (medecin) de CLINIQULE Dr DENOLD MILSOIT  a recherché   REMILIEN FLORINE 1986-01-12 [MM/DD/YYYY]
[<b>15/01/2020 12:43:16 pm</b>] Denold MILSOIT (medecin) de CLINIQULE Dr DENOLD MILSOIT  a recherché   REMILIEN FLORINE 1986-01-12 [MM/DD/YYYY]
[<b>15/01/2020 12:49:42 pm</b>] Denold MILSOIT (medecin) de CLINIQULE Dr DENOLD MILSOIT  s'est connecté   
[<b>15/01/2020 12:49:42 pm</b>] Denold MILSOIT (medecin) de CLINIQULE Dr DENOLD MILSOIT est allé dans ACCUEIL 
[<b>15/01/2020 12:50:07 pm</b>] Denold MILSOIT (medecin) de CLINIQULE Dr DENOLD MILSOIT  a recherché   FLAURINE BEAUCEJOUR REMILIEN  [MM/DD/YYYY]
[<b>15/01/2020 12:50:44 pm</b>] Denold MILSOIT (medecin) de CLINIQULE Dr DENOLD MILSOIT  a recherché   REMILIEN FLAURINE BEAUCEJOUR  [MM/DD/YYYY]
[<b>15/01/2020 12:51:07 pm</b>] Denold MILSOIT (medecin) de CLINIQULE Dr DENOLD MILSOIT  a recherché   FLAURINE BEAUCEJOUR BEAUCEJOUR  [MM/DD/YYYY]
[<b>15/01/2020 12:52:54 pm</b>] Denold MILSOIT (medecin) de CLINIQULE Dr DENOLD MILSOIT  a recherché   FLAURINE BEAUCEJOUR BEAUCEJOUR  [MM/DD/YYYY]
[<b>15/01/2020 01:30:40 pm</b>] Denold MILSOIT (medecin) de CLINIQULE Dr DENOLD MILSOIT  s'est connecté   
[<b>15/01/2020 01:30:41 pm</b>] Denold MILSOIT (medecin) de CLINIQULE Dr DENOLD MILSOIT est allé dans ACCUEIL 
[<b>15/01/2020 01:31:35 pm</b>] Denold MILSOIT (medecin) de CLINIQULE Dr DENOLD MILSOIT a recherché le client MAUDELAIRE AMAZAN 1983-09-03
