[<b>16/10/2020 12:19:46 am</b>] Wilkendhie JOSEPH (medecin) de Hopital du Canape Vert  s'est connecté   
[<b>16/10/2020 12:19:46 am</b>] Wilkendhie JOSEPH (medecin) de Hopital du Canape Vert est allé dans ACCUEIL 
[<b>16/10/2020 12:20:04 am</b>] Wilkendhie JOSEPH (medecin) de Hopital du Canape Vert  a recherché   donny daublass  [MM/DD/YYYY]
[<b>16/10/2020 12:20:40 am</b>] Wilkendhie JOSEPH (medecin) de Hopital du Canape Vert a recherché le client DONNY DAUBLASS 1978-04-15
[<b>16/10/2020 12:20:55 am</b>] Wilkendhie JOSEPH (medecin) de Hopital du Canape Vert est allé dans ACCUEIL 
[<b>16/10/2020 01:53:41 pm</b>] Marc-Eric ALTIDOR (admin) de INASSA  s'est connecté   
[<b>16/10/2020 01:53:41 pm</b>] Marc-Eric ALTIDOR (admin) de INASSA est allé dans ACCUEIL 
[<b>16/10/2020 01:55:15 pm</b>] Wilkendhie JOSEPH (medecin) de Hopital du Canape Vert  s'est connecté   
[<b>16/10/2020 01:55:16 pm</b>] Wilkendhie JOSEPH (medecin) de Hopital du Canape Vert est allé dans ACCUEIL 
[<b>16/10/2020 01:56:19 pm</b>] Wilkendhie JOSEPH (medecin) de Hopital du Canape Vert a recherché le client JONEL JEUDINE 1977-06-05
[<b>16/10/2020 01:56:19 pm</b>] Wilkendhie JOSEPH (medecin) de Hopital du Canape Vert a recherché le client JONEL JEUDINE 1977-06-05
[<b>16/10/2020 01:56:39 pm</b>] Wilkendhie JOSEPH (medecin) de Hopital du Canape Vert a recherché le client JONEL JEUDINE 1977-06-05
[<b>16/10/2020 01:56:39 pm</b>] Wilkendhie JOSEPH (medecin) de Hopital du Canape Vert a recherché le client JONEL JEUDINE 1977-06-05
[<b>16/10/2020 01:57:53 pm</b>] Marc-Eric ALTIDOR (admin) de INASSA est allé dans ACCUEIL 
[<b>16/10/2020 01:58:58 pm</b>] Marc-Eric ALTIDOR (admin) de INASSA est allé dans ACCUEIL 
[<b>16/10/2020 02:18:18 pm</b>] Johanne LAROCHE (medecin) de Clinique du Dr Decastro  s'est connecté   
[<b>16/10/2020 02:18:19 pm</b>] Johanne LAROCHE (medecin) de Clinique du Dr Decastro est allé dans ACCUEIL 
[<b>16/10/2020 02:19:01 pm</b>] Johanne LAROCHE (medecin) de Clinique du Dr Decastro est allé dans ACCUEIL 
[<b>16/10/2020 02:19:08 pm</b>] Johanne LAROCHE (medecin) de Clinique du Dr Decastro est allé dans ACCUEIL 
[<b>16/10/2020 02:19:19 pm</b>] Johanne LAROCHE (medecin) de Clinique du Dr Decastro est allé dans ACCUEIL 
[<b>16/10/2020 02:19:49 pm</b>] Johanne LAROCHE (medecin) de Clinique du Dr Decastro est allé dans ACCUEIL 
[<b>16/10/2020 02:21:31 pm</b>] Johanne LAROCHE (medecin) de Clinique du Dr Decastro  s'est connecté   
[<b>16/10/2020 02:21:31 pm</b>] Johanne LAROCHE (medecin) de Clinique du Dr Decastro est allé dans ACCUEIL 
[<b>16/10/2020 02:22:00 pm</b>] Johanne LAROCHE (medecin) de Clinique du Dr Decastro  a changé son mot de passe  
[<b>16/10/2020 02:22:01 pm</b>] Johanne LAROCHE (medecin) de Clinique du Dr Decastro est allé dans ACCUEIL 
[<b>16/10/2020 02:24:44 pm</b>] Johanne LAROCHE (medecin) de Clinique du Dr Decastro a recherché le client MARC-ERIC ALTIDOR 1975-06-28
[<b>16/10/2020 02:25:43 pm</b>] Johanne LAROCHE (medecin) de Clinique du Dr Decastro est allé dans ACCUEIL 
[<b>16/10/2020 02:26:50 pm</b>] Marc-Eric ALTIDOR (admin) de INASSA  s'est connecté   
[<b>16/10/2020 02:26:52 pm</b>] Marc-Eric ALTIDOR (admin) de INASSA est allé dans ACCUEIL 
