[<b>31/01/2020 09:05:23 am</b>] Rood-Jerry GEFFRARD (medecin) de Hopital Adventiste Diquini  s'est connecté   
[<b>31/01/2020 09:05:24 am</b>] Rood-Jerry GEFFRARD (medecin) de Hopital Adventiste Diquini  s'est connecté   
[<b>31/01/2020 09:05:25 am</b>] Rood-Jerry GEFFRARD (medecin) de Hopital Adventiste Diquini est allé dans ACCUEIL 
[<b>31/01/2020 09:06:56 am</b>] Rood-Jerry GEFFRARD (medecin) de Hopital Adventiste Diquini  a recherché   Jude Sardou B Judeley Superbe Desrosiers 2019-11-08 [MM/DD/YYYY]
[<b>31/01/2020 09:09:08 am</b>] Rood-Jerry GEFFRARD (medecin) de Hopital Adventiste Diquini  s'est déconnecté  
[<b>31/01/2020 09:09:08 am</b>] Rood-Jerry GEFFRARD (medecin) de Hopital Adventiste Diquini  s'est déconnecté  
[<b>31/01/2020 09:09:08 am</b>] Rood-Jerry GEFFRARD (medecin) de Hopital Adventiste Diquini  s'est déconnecté  
[<b>31/01/2020 09:09:08 am</b>] Rood-Jerry GEFFRARD (medecin) de Hopital Adventiste Diquini  s'est déconnecté  
[<b>31/01/2020 09:09:08 am</b>] Rood-Jerry GEFFRARD (medecin) de Hopital Adventiste Diquini  s'est déconnecté  
[<b>31/01/2020 09:09:08 am</b>] Rood-Jerry GEFFRARD (medecin) de Hopital Adventiste Diquini  s'est déconnecté  
[<b>31/01/2020 09:09:08 am</b>] Rood-Jerry GEFFRARD (medecin) de Hopital Adventiste Diquini  s'est déconnecté  
[<b>31/01/2020 09:09:08 am</b>] Rood-Jerry GEFFRARD (medecin) de Hopital Adventiste Diquini  s'est déconnecté  
[<b>31/01/2020 09:10:34 am</b>] Rood-Jerry GEFFRARD (medecin) de Hopital Adventiste Diquini  s'est connecté   
[<b>31/01/2020 09:10:35 am</b>] Rood-Jerry GEFFRARD (medecin) de Hopital Adventiste Diquini  s'est connecté   
[<b>31/01/2020 09:10:36 am</b>] Rood-Jerry GEFFRARD (medecin) de Hopital Adventiste Diquini  s'est connecté   
[<b>31/01/2020 09:10:36 am</b>] Rood-Jerry GEFFRARD (medecin) de Hopital Adventiste Diquini est allé dans ACCUEIL 
[<b>31/01/2020 09:11:27 am</b>] Rood-Jerry GEFFRARD (medecin) de Hopital Adventiste Diquini  s'est déconnecté  
[<b>31/01/2020 11:30:57 am</b>] Denold MILSOIT (medecin) de CLINIQULE Dr DENOLD MILSOIT  s'est connecté   
[<b>31/01/2020 11:30:59 am</b>] Denold MILSOIT (medecin) de CLINIQULE Dr DENOLD MILSOIT  s'est connecté   
[<b>31/01/2020 11:30:59 am</b>] Denold MILSOIT (medecin) de CLINIQULE Dr DENOLD MILSOIT est allé dans ACCUEIL 
[<b>31/01/2020 11:32:18 am</b>] Denold MILSOIT (medecin) de CLINIQULE Dr DENOLD MILSOIT a recherché le client EDLER VERNET 1968-12-23
[<b>31/01/2020 11:32:18 am</b>] Denold MILSOIT (medecin) de CLINIQULE Dr DENOLD MILSOIT a recherché le client EDLER VERNET 1968-12-23
[<b>31/01/2020 11:32:18 am</b>] Denold MILSOIT (medecin) de CLINIQULE Dr DENOLD MILSOIT a recherché le client EDLER VERNET 1968-12-23
