[<b>22/05/2020 10:44:47 am</b>] Cheron ALIX (medecin) de Clinique Dr Alix   s'est connecté   
[<b>22/05/2020 10:44:48 am</b>] Cheron ALIX (medecin) de Clinique Dr Alix  est allé dans ACCUEIL 
[<b>22/05/2020 10:45:56 am</b>] Cheron ALIX (medecin) de Clinique Dr Alix  a recherché le client AMONSON LEGER 1987-12-25
[<b>22/05/2020 12:06:54 pm</b>] Wilkendhie JOSEPH (medecin) de Hopital du Canape Vert  s'est connecté   
[<b>22/05/2020 12:06:54 pm</b>] Wilkendhie JOSEPH (medecin) de Hopital du Canape Vert est allé dans ACCUEIL 
[<b>22/05/2020 12:06:56 pm</b>] Wilkendhie JOSEPH (medecin) de Hopital du Canape Vert  s'est connecté   
[<b>22/05/2020 12:06:56 pm</b>] Wilkendhie JOSEPH (medecin) de Hopital du Canape Vert est allé dans ACCUEIL 
[<b>22/05/2020 12:06:57 pm</b>] Wilkendhie JOSEPH (medecin) de Hopital du Canape Vert  s'est connecté   
[<b>22/05/2020 12:08:09 pm</b>] Wilkendhie JOSEPH (medecin) de Hopital du Canape Vert  a recherché   st louis joane 1983-01-29 [MM/DD/YYYY]
[<b>22/05/2020 12:08:24 pm</b>] Wilkendhie JOSEPH (medecin) de Hopital du Canape Vert  a recherché   st louis joane 1983-06-29 [MM/DD/YYYY]
[<b>22/05/2020 12:08:42 pm</b>] Wilkendhie JOSEPH (medecin) de Hopital du Canape Vert  a recherché   SAINT LOUIS JOANE 1983-06-29 [MM/DD/YYYY]
[<b>22/05/2020 12:09:01 pm</b>] Wilkendhie JOSEPH (medecin) de Hopital du Canape Vert  a recherché   JOANE SAINT LOUIS 1983-06-29 [MM/DD/YYYY]
[<b>22/05/2020 12:09:11 pm</b>] Wilkendhie JOSEPH (medecin) de Hopital du Canape Vert a recherché le client JOANE SAINT LOUIS 1983-01-29
[<b>22/05/2020 12:09:14 pm</b>] Wilkendhie JOSEPH (medecin) de Hopital du Canape Vert a recherché le client JOANE SAINT LOUIS 1983-01-29
[<b>22/05/2020 12:09:26 pm</b>] Wilkendhie JOSEPH (medecin) de Hopital du Canape Vert est allé dans ACCUEIL 
[<b>22/05/2020 04:52:57 pm</b>] Maria Gabelita ASSAD (medecin) de Clinique Dr M. Gabellita Assad  s'est connecté   
[<b>22/05/2020 04:52:58 pm</b>] Maria Gabelita ASSAD (medecin) de Clinique Dr M. Gabellita Assad est allé dans ACCUEIL 
[<b>22/05/2020 04:53:40 pm</b>] Maria Gabelita ASSAD (medecin) de Clinique Dr M. Gabellita Assad  s'est déconnecté  
[<b>22/05/2020 04:55:56 pm</b>] Maria Gabelita ASSAD (medecin) de Clinique Dr M. Gabellita Assad  s'est connecté   
[<b>22/05/2020 04:55:57 pm</b>] Maria Gabelita ASSAD (medecin) de Clinique Dr M. Gabellita Assad est allé dans ACCUEIL 
[<b>22/05/2020 04:56:35 pm</b>] Maria Gabelita ASSAD (medecin) de Clinique Dr M. Gabellita Assad  a recherché   Martine Delva 1977-03-07 [MM/DD/YYYY]
[<b>22/05/2020 04:56:38 pm</b>] Maria Gabelita ASSAD (medecin) de Clinique Dr M. Gabellita Assad  a recherché   Martine Delva 1977-03-07 [MM/DD/YYYY]
[<b>22/05/2020 04:57:21 pm</b>] Maria Gabelita ASSAD (medecin) de Clinique Dr M. Gabellita Assad  a recherché   Martine Fabius 1977-03-07 [MM/DD/YYYY]
[<b>22/05/2020 04:58:01 pm</b>] Maria Gabelita ASSAD (medecin) de Clinique Dr M. Gabellita Assad a recherché le client MARTINE FABIUS DELVA 1977-03-05
[<b>22/05/2020 04:58:01 pm</b>] Maria Gabelita ASSAD (medecin) de Clinique Dr M. Gabellita Assad a recherché le client MARTINE FABIUS DELVA 1977-03-05
[<b>22/05/2020 04:58:01 pm</b>] Maria Gabelita ASSAD (medecin) de Clinique Dr M. Gabellita Assad a recherché le client MARTINE FABIUS DELVA 1977-03-05
[<b>22/05/2020 04:58:01 pm</b>] Maria Gabelita ASSAD (medecin) de Clinique Dr M. Gabellita Assad a recherché le client MARTINE FABIUS DELVA 1977-03-05
[<b>22/05/2020 04:58:01 pm</b>] Maria Gabelita ASSAD (medecin) de Clinique Dr M. Gabellita Assad a recherché le client MARTINE FABIUS DELVA 1977-03-05
[<b>22/05/2020 04:58:11 pm</b>] Maria Gabelita ASSAD (medecin) de Clinique Dr M. Gabellita Assad a recherché le client MARTINE FABIUS DELVA 1977-03-05
[<b>22/05/2020 04:58:11 pm</b>] Maria Gabelita ASSAD (medecin) de Clinique Dr M. Gabellita Assad a recherché le client MARTINE FABIUS DELVA 1977-03-05
[<b>22/05/2020 04:58:11 pm</b>] Maria Gabelita ASSAD (medecin) de Clinique Dr M. Gabellita Assad a recherché le client MARTINE FABIUS DELVA 1977-03-05
[<b>22/05/2020 04:58:11 pm</b>] Maria Gabelita ASSAD (medecin) de Clinique Dr M. Gabellita Assad a recherché le client MARTINE FABIUS DELVA 1977-03-05
[<b>22/05/2020 04:58:11 pm</b>] Maria Gabelita ASSAD (medecin) de Clinique Dr M. Gabellita Assad a recherché le client MARTINE FABIUS DELVA 1977-03-05
[<b>22/05/2020 04:58:20 pm</b>] Maria Gabelita ASSAD (medecin) de Clinique Dr M. Gabellita Assad a recherché le client MARTINE FABIUS DELVA 1977-03-05
[<b>22/05/2020 04:58:20 pm</b>] Maria Gabelita ASSAD (medecin) de Clinique Dr M. Gabellita Assad a recherché le client MARTINE FABIUS DELVA 1977-03-05
[<b>22/05/2020 04:58:20 pm</b>] Maria Gabelita ASSAD (medecin) de Clinique Dr M. Gabellita Assad a recherché le client MARTINE FABIUS DELVA 1977-03-05
[<b>22/05/2020 04:58:20 pm</b>] Maria Gabelita ASSAD (medecin) de Clinique Dr M. Gabellita Assad a recherché le client MARTINE FABIUS DELVA 1977-03-05
[<b>22/05/2020 04:58:20 pm</b>] Maria Gabelita ASSAD (medecin) de Clinique Dr M. Gabellita Assad a recherché le client MARTINE FABIUS DELVA 1977-03-05
