[<b>14/04/2020 07:49:49 am</b>] Fabiola FRANCOIS (medecin) de Hopital Espoir  s'est connecté   
[<b>14/04/2020 07:49:49 am</b>] Fabiola FRANCOIS (medecin) de Hopital Espoir est allé dans ACCUEIL 
[<b>14/04/2020 07:50:56 am</b>] Fabiola FRANCOIS (medecin) de Hopital Espoir  a recherché   jouvens gaspard 2012-08-13 [MM/DD/YYYY]
[<b>14/04/2020 07:52:12 am</b>] Fabiola FRANCOIS (medecin) de Hopital Espoir  a recherché   joubert gaspard 1984-07-27 [MM/DD/YYYY]
[<b>14/04/2020 07:53:07 am</b>] Fabiola FRANCOIS (medecin) de Hopital Espoir a recherché le client JOUBERT GASPARD 1983-07-27
[<b>14/04/2020 07:55:37 am</b>] Fabiola FRANCOIS (medecin) de Hopital Espoir est allé dans ACCUEIL 
[<b>14/04/2020 08:11:15 am</b>] Fabiola FRANCOIS (medecin) de Hopital Espoir  s'est connecté   
[<b>14/04/2020 08:11:15 am</b>] Fabiola FRANCOIS (medecin) de Hopital Espoir est allé dans ACCUEIL 
[<b>14/04/2020 08:12:04 am</b>] Fabiola FRANCOIS (medecin) de Hopital Espoir a recherché le client ELECTA RAYMOND 1994-01-16
[<b>14/04/2020 08:13:49 am</b>] Fabiola FRANCOIS (medecin) de Hopital Espoir est allé dans ACCUEIL 
[<b>14/04/2020 10:05:23 am</b>] Wilkendhie JOSEPH (medecin) de Hopital du Canape Vert  s'est connecté   
[<b>14/04/2020 10:05:23 am</b>] Wilkendhie JOSEPH (medecin) de Hopital du Canape Vert est allé dans ACCUEIL 
[<b>14/04/2020 10:06:02 am</b>] Wilkendhie JOSEPH (medecin) de Hopital du Canape Vert  a recherché   DORVILIER LAVOILE  MYRIAME 1989-07-03 [MM/DD/YYYY]
[<b>14/04/2020 10:06:09 am</b>] Wilkendhie JOSEPH (medecin) de Hopital du Canape Vert  a recherché   DORVILIER LAVOILE  MYRIAME 1989-07-03 [MM/DD/YYYY]
[<b>14/04/2020 10:06:39 am</b>] Wilkendhie JOSEPH (medecin) de Hopital du Canape Vert  a recherché   DORVILIER LAVOILE MYRIAME 1989-07-03 [MM/DD/YYYY]
[<b>14/04/2020 10:06:49 am</b>] Wilkendhie JOSEPH (medecin) de Hopital du Canape Vert  a recherché   DORVILIER MYRIAME 1989-07-03 [MM/DD/YYYY]
[<b>14/04/2020 10:07:06 am</b>] Wilkendhie JOSEPH (medecin) de Hopital du Canape Vert  a recherché   DORVILIER LAVOILE MYRIAME 1989-07-03 [MM/DD/YYYY]
[<b>14/04/2020 10:07:13 am</b>] Wilkendhie JOSEPH (medecin) de Hopital du Canape Vert  a recherché   DORVILIER LAVOILE MYRIAME 1989-07-03 [MM/DD/YYYY]
[<b>14/04/2020 10:07:23 am</b>] Wilkendhie JOSEPH (medecin) de Hopital du Canape Vert  a recherché   DORVILIER LAVOILE MYRIAME 1989-07-03 [MM/DD/YYYY]
[<b>14/04/2020 10:13:45 am</b>] Wilkendhie JOSEPH (medecin) de Hopital du Canape Vert  s'est connecté   
[<b>14/04/2020 10:13:45 am</b>] Wilkendhie JOSEPH (medecin) de Hopital du Canape Vert est allé dans ACCUEIL 
[<b>14/04/2020 10:14:40 am</b>] Wilkendhie JOSEPH (medecin) de Hopital du Canape Vert a recherché le client LECONTE VIXAMA 1968-12-07
[<b>14/04/2020 10:14:40 am</b>] Wilkendhie JOSEPH (medecin) de Hopital du Canape Vert a recherché le client LECONTE VIXAMA 1968-12-07
[<b>14/04/2020 10:14:58 am</b>] Wilkendhie JOSEPH (medecin) de Hopital du Canape Vert est allé dans ACCUEIL 
[<b>14/04/2020 10:16:55 am</b>] Wilkendhie JOSEPH (medecin) de Hopital du Canape Vert  a recherché   MYRIAME DORVILIER 1989-07-03 [MM/DD/YYYY]
[<b>14/04/2020 10:17:09 am</b>] Wilkendhie JOSEPH (medecin) de Hopital du Canape Vert  a recherché   MYRIAME DORVILIER LAVOILE 1989-07-03 [MM/DD/YYYY]
[<b>14/04/2020 10:17:22 am</b>] Wilkendhie JOSEPH (medecin) de Hopital du Canape Vert  a recherché   MYRIAME LAVOILE DORVILIER 1989-07-03 [MM/DD/YYYY]
[<b>14/04/2020 02:00:44 pm</b>] Fabiola FRANCOIS (medecin) de Hopital Espoir  s'est connecté   
[<b>14/04/2020 02:06:53 pm</b>] Fabiola FRANCOIS (medecin) de Hopital Espoir  s'est connecté   
[<b>14/04/2020 02:06:53 pm</b>] Fabiola FRANCOIS (medecin) de Hopital Espoir est allé dans ACCUEIL 
[<b>14/04/2020 02:09:29 pm</b>] Fabiola FRANCOIS (medecin) de Hopital Espoir  a recherché   agnece maximin jacques 1980-01-10 [MM/DD/YYYY]
[<b>14/04/2020 02:10:43 pm</b>] Fabiola FRANCOIS (medecin) de Hopital Espoir  a recherché   maximin jacques agnece 1980-01-10 [MM/DD/YYYY]
[<b>14/04/2020 02:12:15 pm</b>] Fabiola FRANCOIS (medecin) de Hopital Espoir  a recherché   fedro jacques 1994-11-05 [MM/DD/YYYY]
[<b>14/04/2020 02:13:48 pm</b>] Fabiola FRANCOIS (medecin) de Hopital Espoir a recherché le client FEDRO JACQUES 1976-11-01
