[<b>19/08/2020 05:46:41 pm</b>] Wilkendhie JOSEPH (medecin) de Hopital du Canape Vert  s'est connecté   
[<b>19/08/2020 05:46:41 pm</b>] Wilkendhie JOSEPH (medecin) de Hopital du Canape Vert est allé dans ACCUEIL 
[<b>19/08/2020 05:47:22 pm</b>] Wilkendhie JOSEPH (medecin) de Hopital du Canape Vert  a recherché   edeline saintil 1978-06-01 [MM/DD/YYYY]
[<b>19/08/2020 05:58:56 pm</b>] Wilkendhie JOSEPH (medecin) de Hopital du Canape Vert  s'est connecté   
[<b>19/08/2020 05:58:56 pm</b>] Wilkendhie JOSEPH (medecin) de Hopital du Canape Vert est allé dans ACCUEIL 
[<b>19/08/2020 06:00:49 pm</b>] Wilkendhie JOSEPH (medecin) de Hopital du Canape Vert  a recherché   Edeline Saintil 1976-06-01 [MM/DD/YYYY]
[<b>19/08/2020 06:01:25 pm</b>] Wilkendhie JOSEPH (medecin) de Hopital du Canape Vert  a recherché   Edeline Saintil 1978-06-01 [MM/DD/YYYY]
[<b>19/08/2020 06:01:52 pm</b>] Wilkendhie JOSEPH (medecin) de Hopital du Canape Vert  a recherché   Edline Saintil 1978-06-01 [MM/DD/YYYY]
[<b>19/08/2020 06:06:25 pm</b>] Wilkendhie JOSEPH (medecin) de Hopital du Canape Vert  a recherché   EDELINE SAINTIL 1976-06-01 [MM/DD/YYYY]
[<b>19/08/2020 06:06:36 pm</b>] Wilkendhie JOSEPH (medecin) de Hopital du Canape Vert  a recherché   EDELINE SAINTIL 1978-06-01 [MM/DD/YYYY]
[<b>19/08/2020 06:07:22 pm</b>] Wilkendhie JOSEPH (medecin) de Hopital du Canape Vert  a recherché   EDELYNE SAINTIL 1978-06-01 [MM/DD/YYYY]
[<b>19/08/2020 06:07:32 pm</b>] Wilkendhie JOSEPH (medecin) de Hopital du Canape Vert  a recherché   EDLYNE SAINTIL 1978-06-01 [MM/DD/YYYY]
[<b>19/08/2020 06:07:47 pm</b>] Wilkendhie JOSEPH (medecin) de Hopital du Canape Vert  a recherché   EDELINE SAINTILE 1978-06-01 [MM/DD/YYYY]
[<b>19/08/2020 06:08:01 pm</b>] Wilkendhie JOSEPH (medecin) de Hopital du Canape Vert  a recherché   EDELINE SAINTILE 1976-06-01 [MM/DD/YYYY]
[<b>19/08/2020 06:08:21 pm</b>] Wilkendhie JOSEPH (medecin) de Hopital du Canape Vert  a recherché   EDELINE SAINTIL 1976-06-01 [MM/DD/YYYY]
[<b>19/08/2020 06:08:28 pm</b>] Wilkendhie JOSEPH (medecin) de Hopital du Canape Vert  a recherché   EDELINE SAINTIL 1978-06-01 [MM/DD/YYYY]
[<b>19/08/2020 06:40:40 pm</b>] Wilkendhie JOSEPH (medecin) de Hopital du Canape Vert  s'est connecté   
[<b>19/08/2020 06:40:40 pm</b>] Wilkendhie JOSEPH (medecin) de Hopital du Canape Vert est allé dans ACCUEIL 
[<b>19/08/2020 06:41:14 pm</b>] Wilkendhie JOSEPH (medecin) de Hopital du Canape Vert  a recherché   EDELINE SAINTIL 1978-06-01 [MM/DD/YYYY]
[<b>19/08/2020 06:41:26 pm</b>] Wilkendhie JOSEPH (medecin) de Hopital du Canape Vert  a recherché   EDELINE SAINTIL 1976-06-01 [MM/DD/YYYY]
