[<b>04/12/2020 08:21:44 am</b>] Fabiola FRANCOIS (medecin) de Hopital Espoir  s'est connecté   
[<b>04/12/2020 08:21:44 am</b>] Fabiola FRANCOIS (medecin) de Hopital Espoir est allé dans ACCUEIL 
[<b>04/12/2020 08:22:51 am</b>] Fabiola FRANCOIS (medecin) de Hopital Espoir  a recherché   hebert delfond 1983-09-28 [MM/DD/YYYY]
[<b>04/12/2020 08:23:47 am</b>] Fabiola FRANCOIS (medecin) de Hopital Espoir  a recherché   heberlie delfond 2010-11-08 [MM/DD/YYYY]
[<b>04/12/2020 08:24:34 am</b>] Fabiola FRANCOIS (medecin) de Hopital Espoir  a recherché   Delfond Hebert 1983-09-28 [MM/DD/YYYY]
[<b>04/12/2020 08:25:15 am</b>] Fabiola FRANCOIS (medecin) de Hopital Espoir  a recherché   Hedert Delfond 1983-09-28 [MM/DD/YYYY]
[<b>04/12/2020 08:25:33 am</b>] Fabiola FRANCOIS (medecin) de Hopital Espoir  a recherché   Hedert Delfond 1983-09-28 [MM/DD/YYYY]
[<b>04/12/2020 09:17:43 am</b>] Rood-Jerry GEFFRARD (medecin) de Hopital Adventiste Diquini  s'est connecté   
[<b>04/12/2020 09:17:43 am</b>] Rood-Jerry GEFFRARD (medecin) de Hopital Adventiste Diquini est allé dans ACCUEIL 
[<b>04/12/2020 09:18:22 am</b>] Rood-Jerry GEFFRARD (medecin) de Hopital Adventiste Diquini a recherché le client JAMIE MACOME 2020-09-12
[<b>04/12/2020 10:44:51 am</b>] Wilkendhie JOSEPH (medecin) de Hopital du Canape Vert  s'est connecté   
[<b>04/12/2020 10:44:51 am</b>] Wilkendhie JOSEPH (medecin) de Hopital du Canape Vert est allé dans ACCUEIL 
[<b>04/12/2020 10:45:49 am</b>] Wilkendhie JOSEPH (medecin) de Hopital du Canape Vert  a recherché   jean louis hubert 1959-08-05 [MM/DD/YYYY]
[<b>04/12/2020 10:46:18 am</b>] Wilkendhie JOSEPH (medecin) de Hopital du Canape Vert  a recherché   HUBERT JEAN LOUIS 1959-08-05 [MM/DD/YYYY]
[<b>04/12/2020 10:46:48 am</b>] Wilkendhie JOSEPH (medecin) de Hopital du Canape Vert  a recherché   JN LOUIS HUBERT 1959-08-05 [MM/DD/YYYY]
[<b>04/12/2020 10:47:05 am</b>] Wilkendhie JOSEPH (medecin) de Hopital du Canape Vert  a recherché   JN LOUIS HUBERT 1959-08-05 [MM/DD/YYYY]
[<b>04/12/2020 10:47:16 am</b>] Wilkendhie JOSEPH (medecin) de Hopital du Canape Vert  a recherché   JN LOUIS HUBERT 1959-08-05 [MM/DD/YYYY]
[<b>04/12/2020 10:47:44 am</b>] Wilkendhie JOSEPH (medecin) de Hopital du Canape Vert a recherché le client JN-LOUIS HIBERT 1959-08-05
[<b>04/12/2020 10:47:58 am</b>] Wilkendhie JOSEPH (medecin) de Hopital du Canape Vert est allé dans ACCUEIL 
[<b>04/12/2020 05:50:01 pm</b>] Rood-Jerry GEFFRARD (medecin) de Hopital Adventiste Diquini  s'est connecté   
[<b>04/12/2020 05:50:02 pm</b>] Rood-Jerry GEFFRARD (medecin) de Hopital Adventiste Diquini est allé dans ACCUEIL 
[<b>04/12/2020 05:50:53 pm</b>] Rood-Jerry GEFFRARD (medecin) de Hopital Adventiste Diquini a recherché le client DAWSON ST FLEUR 2017-10-01
[<b>04/12/2020 07:52:35 pm</b>] Shana MONOPOL (medecin) de Hopital Espoir  s'est connecté   
[<b>04/12/2020 07:52:35 pm</b>] Shana MONOPOL (medecin) de Hopital Espoir est allé dans ACCUEIL 
[<b>04/12/2020 07:53:27 pm</b>] Shana MONOPOL (medecin) de Hopital Espoir a recherché le client MARSHALL AUGUSTIN 2009-07-07
[<b>04/12/2020 07:53:45 pm</b>] Shana MONOPOL (medecin) de Hopital Espoir est allé dans ACCUEIL 
