[<b>03/04/2020 10:28:47 am</b>] Wilkendhie JOSEPH (medecin) de Hopital du Canape Vert  s'est connecté   
[<b>03/04/2020 10:28:48 am</b>] Wilkendhie JOSEPH (medecin) de Hopital du Canape Vert  s'est connecté   
[<b>03/04/2020 10:28:49 am</b>] Wilkendhie JOSEPH (medecin) de Hopital du Canape Vert  s'est connecté   
[<b>03/04/2020 10:28:49 am</b>] Wilkendhie JOSEPH (medecin) de Hopital du Canape Vert  s'est connecté   
[<b>03/04/2020 10:28:49 am</b>] Wilkendhie JOSEPH (medecin) de Hopital du Canape Vert est allé dans ACCUEIL 
[<b>03/04/2020 10:29:22 am</b>] Wilkendhie JOSEPH (medecin) de Hopital du Canape Vert  a recherché   remy joseph pierre 1967-01-26 [MM/DD/YYYY]
[<b>03/04/2020 10:29:41 am</b>] Wilkendhie JOSEPH (medecin) de Hopital du Canape Vert  a recherché   remy joseph pierre 1967-01-26 [MM/DD/YYYY]
[<b>03/04/2020 10:30:22 am</b>] Wilkendhie JOSEPH (medecin) de Hopital du Canape Vert  a recherché   JOSEPH PIERRE REMY 1967-01-26 [MM/DD/YYYY]
[<b>03/04/2020 10:30:44 am</b>] Wilkendhie JOSEPH (medecin) de Hopital du Canape Vert  a recherché   JOSEPH PIERRE REMY 1967-01-26 [MM/DD/YYYY]
[<b>03/04/2020 10:39:04 am</b>] Wilkendhie JOSEPH (medecin) de Hopital du Canape Vert  s'est connecté   
[<b>03/04/2020 10:39:04 am</b>] Wilkendhie JOSEPH (medecin) de Hopital du Canape Vert est allé dans ACCUEIL 
[<b>03/04/2020 10:40:25 am</b>] Wilkendhie JOSEPH (medecin) de Hopital du Canape Vert a recherché le client PIERRE REMY JOSEPH 1967-01-26
[<b>03/04/2020 10:40:25 am</b>] Wilkendhie JOSEPH (medecin) de Hopital du Canape Vert a recherché le client PIERRE REMY JOSEPH 1967-01-26
[<b>03/04/2020 10:40:25 am</b>] Wilkendhie JOSEPH (medecin) de Hopital du Canape Vert a recherché le client PIERRE REMY JOSEPH 1967-01-26
[<b>03/04/2020 10:40:37 am</b>] Wilkendhie JOSEPH (medecin) de Hopital du Canape Vert est allé dans ACCUEIL 
[<b>03/04/2020 10:46:39 am</b>] Marc-Eric ALTIDOR (admin) de INASSA  s'est connecté   
[<b>03/04/2020 10:46:40 am</b>] Marc-Eric ALTIDOR (admin) de INASSA est allé dans ACCUEIL 
[<b>03/04/2020 10:47:03 am</b>] Marc-Eric ALTIDOR (admin) de INASSA a recherché le client WIDMAIER SANON 1978-07-01
[<b>03/04/2020 10:47:03 am</b>] Marc-Eric ALTIDOR (admin) de INASSA a recherché le client WIDMAIER SANON 1978-07-01
[<b>03/04/2020 03:05:06 pm</b>] Marc-Eric ALTIDOR (admin) de INASSA  s'est connecté   
[<b>03/04/2020 03:05:06 pm</b>] Marc-Eric ALTIDOR (admin) de INASSA est allé dans ACCUEIL 
[<b>03/04/2020 03:05:15 pm</b>] Marc-Eric ALTIDOR (admin) de INASSA  est allé dans PARAMETRES  
[<b>03/04/2020 03:07:56 pm</b>] Marc-Eric ALTIDOR (admin) de INASSA  est allé dans PARAMETRES  
[<b>03/04/2020 03:10:16 pm</b>] Marc-Eric ALTIDOR (admin) de INASSA  s'est déconnecté  
