[<b>19/05/2020 10:53:14 am</b>] Wilkendhie JOSEPH (medecin) de Hopital du Canape Vert  s'est connecté   
[<b>19/05/2020 10:53:16 am</b>] Wilkendhie JOSEPH (medecin) de Hopital du Canape Vert  s'est connecté   
[<b>19/05/2020 10:53:17 am</b>] Wilkendhie JOSEPH (medecin) de Hopital du Canape Vert est allé dans ACCUEIL 
[<b>19/05/2020 10:54:10 am</b>] Wilkendhie JOSEPH (medecin) de Hopital du Canape Vert  a recherché   GARRY ALABRE 1962-09-26 [MM/DD/YYYY]
[<b>19/05/2020 10:54:15 am</b>] Wilkendhie JOSEPH (medecin) de Hopital du Canape Vert  a recherché   GARRY ALABRE 1962-09-26 [MM/DD/YYYY]
[<b>19/05/2020 10:54:57 am</b>] Wilkendhie JOSEPH (medecin) de Hopital du Canape Vert  a recherché   GARRY ALABRE 1962-09-26 [MM/DD/YYYY]
[<b>19/05/2020 10:55:02 am</b>] Wilkendhie JOSEPH (medecin) de Hopital du Canape Vert  a recherché   GARRY ALABRE 1962-09-26 [MM/DD/YYYY]
[<b>19/05/2020 10:55:39 am</b>] Wilkendhie JOSEPH (medecin) de Hopital du Canape Vert  a recherché   ALABRE GARRY 1962-09-26 [MM/DD/YYYY]
[<b>19/05/2020 10:55:41 am</b>] Wilkendhie JOSEPH (medecin) de Hopital du Canape Vert  a recherché   ALABRE GARRY 1962-09-26 [MM/DD/YYYY]
[<b>19/05/2020 10:56:51 am</b>] Wilkendhie JOSEPH (medecin) de Hopital du Canape Vert  a recherché   GARRY ALABRE 1962-09-26 [MM/DD/YYYY]
[<b>19/05/2020 10:56:54 am</b>] Wilkendhie JOSEPH (medecin) de Hopital du Canape Vert  a recherché   GARRY ALABRE 1962-09-26 [MM/DD/YYYY]
[<b>19/05/2020 10:56:58 am</b>] Wilkendhie JOSEPH (medecin) de Hopital du Canape Vert  a recherché   GARRY ALABRE 1962-09-26 [MM/DD/YYYY]
[<b>19/05/2020 10:57:47 am</b>] Wilkendhie JOSEPH (medecin) de Hopital du Canape Vert a recherché le client RALPH PIERRE 1975-04-02
[<b>19/05/2020 10:57:47 am</b>] Wilkendhie JOSEPH (medecin) de Hopital du Canape Vert a recherché le client RALPH PIERRE 1975-04-02
[<b>19/05/2020 10:57:54 am</b>] Wilkendhie JOSEPH (medecin) de Hopital du Canape Vert a recherché le client RALPH PIERRE 1975-04-02
[<b>19/05/2020 10:57:54 am</b>] Wilkendhie JOSEPH (medecin) de Hopital du Canape Vert a recherché le client RALPH PIERRE 1975-04-02
[<b>19/05/2020 10:58:00 am</b>] Wilkendhie JOSEPH (medecin) de Hopital du Canape Vert a recherché le client RALPH PIERRE 1975-04-02
[<b>19/05/2020 10:58:00 am</b>] Wilkendhie JOSEPH (medecin) de Hopital du Canape Vert a recherché le client RALPH PIERRE 1975-04-02
[<b>19/05/2020 10:58:06 am</b>] Wilkendhie JOSEPH (medecin) de Hopital du Canape Vert a recherché le client RALPH PIERRE 1975-04-02
[<b>19/05/2020 10:58:06 am</b>] Wilkendhie JOSEPH (medecin) de Hopital du Canape Vert a recherché le client RALPH PIERRE 1975-04-02
[<b>19/05/2020 10:58:12 am</b>] Wilkendhie JOSEPH (medecin) de Hopital du Canape Vert a recherché le client RALPH PIERRE 1975-04-02
[<b>19/05/2020 10:58:12 am</b>] Wilkendhie JOSEPH (medecin) de Hopital du Canape Vert a recherché le client RALPH PIERRE 1975-04-02
[<b>19/05/2020 10:58:17 am</b>] Wilkendhie JOSEPH (medecin) de Hopital du Canape Vert a recherché le client RALPH PIERRE 1975-04-02
[<b>19/05/2020 10:58:17 am</b>] Wilkendhie JOSEPH (medecin) de Hopital du Canape Vert a recherché le client RALPH PIERRE 1975-04-02
[<b>19/05/2020 10:58:23 am</b>] Wilkendhie JOSEPH (medecin) de Hopital du Canape Vert a recherché le client RALPH PIERRE 1975-04-02
[<b>19/05/2020 10:58:23 am</b>] Wilkendhie JOSEPH (medecin) de Hopital du Canape Vert a recherché le client RALPH PIERRE 1975-04-02
[<b>19/05/2020 10:59:01 am</b>] Wilkendhie JOSEPH (medecin) de Hopital du Canape Vert est allé dans ACCUEIL 
[<b>19/05/2020 11:00:10 am</b>] Wilkendhie JOSEPH (medecin) de Hopital du Canape Vert  a recherché   GARRY ALABRE 1962-09-26 [MM/DD/YYYY]
[<b>19/05/2020 11:00:33 am</b>] Wilkendhie JOSEPH (medecin) de Hopital du Canape Vert  a recherché   GARRY ALABRE 1962-09-26 [MM/DD/YYYY]
[<b>19/05/2020 11:00:54 am</b>] Wilkendhie JOSEPH (medecin) de Hopital du Canape Vert  a recherché     1962-09-26 [MM/DD/YYYY]
[<b>19/05/2020 11:03:37 am</b>] Wilkendhie JOSEPH (medecin) de Hopital du Canape Vert  a recherché   GARRY ALABRE 1962-09-26 [MM/DD/YYYY]
[<b>19/05/2020 11:04:37 am</b>] Wilkendhie JOSEPH (medecin) de Hopital du Canape Vert  a recherché   GARRY ALABRE 1962-09-26 [MM/DD/YYYY]
[<b>19/05/2020 11:04:40 am</b>] Wilkendhie JOSEPH (medecin) de Hopital du Canape Vert  a recherché   GARRY ALABRE 1962-09-26 [MM/DD/YYYY]
[<b>19/05/2020 11:04:52 am</b>] Wilkendhie JOSEPH (medecin) de Hopital du Canape Vert  a recherché     1962-09-26 [MM/DD/YYYY]
[<b>19/05/2020 11:13:13 am</b>] Wilkendhie JOSEPH (medecin) de Hopital du Canape Vert  s'est connecté   
[<b>19/05/2020 11:13:13 am</b>] Wilkendhie JOSEPH (medecin) de Hopital du Canape Vert est allé dans ACCUEIL 
[<b>19/05/2020 11:13:50 am</b>] Wilkendhie JOSEPH (medecin) de Hopital du Canape Vert  a recherché   GARRY ALABRE 1962-09-26 [MM/DD/YYYY]
[<b>19/05/2020 11:48:58 am</b>] Marie Gardys PHOBEE JOVIN (medecin) de Clinique Dr Jovin  s'est connecté   
[<b>19/05/2020 11:48:58 am</b>] Marie Gardys PHOBEE JOVIN (medecin) de Clinique Dr Jovin est allé dans ACCUEIL 
[<b>19/05/2020 11:49:41 am</b>] Marie Gardys PHOBEE JOVIN (medecin) de Clinique Dr Jovin  a changé son mot de passe  
[<b>19/05/2020 11:49:41 am</b>] Marie Gardys PHOBEE JOVIN (medecin) de Clinique Dr Jovin est allé dans ACCUEIL 
[<b>19/05/2020 11:50:32 am</b>] Marie Gardys PHOBEE JOVIN (medecin) de Clinique Dr Jovin a recherché le client FEDRO LINDOR 1978-07-28
[<b>19/05/2020 11:50:32 am</b>] Marie Gardys PHOBEE JOVIN (medecin) de Clinique Dr Jovin a recherché le client FEDRO LINDOR 1978-07-28
[<b>19/05/2020 12:26:11 pm</b>] Marie Gardys PHOBEE JOVIN (medecin) de Clinique Dr Jovin  s'est connecté   
[<b>19/05/2020 12:26:12 pm</b>] Marie Gardys PHOBEE JOVIN (medecin) de Clinique Dr Jovin est allé dans ACCUEIL 
