[<b>11/09/2020 05:55:58 am</b>] Fabiola FRANCOIS (medecin) de Hopital Espoir  s'est connecté   
[<b>11/09/2020 05:55:58 am</b>] Fabiola FRANCOIS (medecin) de Hopital Espoir est allé dans ACCUEIL 
[<b>11/09/2020 05:57:20 am</b>] Fabiola FRANCOIS (medecin) de Hopital Espoir  s'est déconnecté  
[<b>11/09/2020 05:57:51 am</b>] Fabiola FRANCOIS (medecin) de Hopital Espoir  s'est connecté   
[<b>11/09/2020 05:57:52 am</b>] Fabiola FRANCOIS (medecin) de Hopital Espoir est allé dans ACCUEIL 
[<b>11/09/2020 05:58:33 am</b>] Fabiola FRANCOIS (medecin) de Hopital Espoir  a recherché   emmanuel cadet 2018-07-21 [MM/DD/YYYY]
[<b>11/09/2020 05:59:45 am</b>] Fabiola FRANCOIS (medecin) de Hopital Espoir  a recherché   jerry camyck cadet emmanuel 2018-07-21 [MM/DD/YYYY]
[<b>11/09/2020 06:00:18 am</b>] Fabiola FRANCOIS (medecin) de Hopital Espoir  a recherché   jerry emmanuel 2018-07-21 [MM/DD/YYYY]
[<b>11/09/2020 06:00:32 am</b>] Fabiola FRANCOIS (medecin) de Hopital Espoir  a recherché   jerry cadet 2018-07-21 [MM/DD/YYYY]
[<b>11/09/2020 06:00:47 am</b>] Fabiola FRANCOIS (medecin) de Hopital Espoir  a recherché   jerry emmanuel cadet 2018-07-21 [MM/DD/YYYY]
[<b>11/09/2020 06:07:13 am</b>] Fabiola FRANCOIS (medecin) de Hopital Espoir  s'est connecté   
[<b>11/09/2020 06:07:13 am</b>] Fabiola FRANCOIS (medecin) de Hopital Espoir est allé dans ACCUEIL 
[<b>11/09/2020 06:07:51 am</b>] Fabiola FRANCOIS (medecin) de Hopital Espoir  a recherché   JERR CAMYCK CADET EMMANUEL  [MM/DD/YYYY]
[<b>11/09/2020 06:15:54 am</b>] Fabiola FRANCOIS (medecin) de Hopital Espoir  s'est connecté   
[<b>11/09/2020 06:15:54 am</b>] Fabiola FRANCOIS (medecin) de Hopital Espoir est allé dans ACCUEIL 
[<b>11/09/2020 06:16:29 am</b>] Fabiola FRANCOIS (medecin) de Hopital Espoir a recherché le client TISSAINE CADET 1986-06-12
[<b>11/09/2020 06:16:29 am</b>] Fabiola FRANCOIS (medecin) de Hopital Espoir a recherché le client TISSAINE CADET 1986-06-12
[<b>11/09/2020 06:16:29 am</b>] Fabiola FRANCOIS (medecin) de Hopital Espoir a recherché le client TISSAINE CADET 1986-06-12
[<b>11/09/2020 06:17:34 am</b>] Fabiola FRANCOIS (medecin) de Hopital Espoir est allé dans ACCUEIL 
[<b>11/09/2020 07:12:28 am</b>] Fabiola FRANCOIS (medecin) de Hopital Espoir  s'est connecté   
[<b>11/09/2020 07:12:29 am</b>] Fabiola FRANCOIS (medecin) de Hopital Espoir est allé dans ACCUEIL 
[<b>11/09/2020 07:13:51 am</b>] Fabiola FRANCOIS (medecin) de Hopital Espoir  a recherché   chaili myrphaella sanon 2018-06-24 [MM/DD/YYYY]
[<b>11/09/2020 07:14:35 am</b>] Fabiola FRANCOIS (medecin) de Hopital Espoir  a recherché   chaili myrphaella sanon 2018-06-24 [MM/DD/YYYY]
[<b>11/09/2020 07:14:51 am</b>] Fabiola FRANCOIS (medecin) de Hopital Espoir a recherché le client CHAILA MYRPHAELLA SANON 2018-06-24
[<b>11/09/2020 07:15:23 am</b>] Fabiola FRANCOIS (medecin) de Hopital Espoir est allé dans ACCUEIL 
[<b>11/09/2020 12:18:50 pm</b>] Wilkendhie JOSEPH (medecin) de Hopital du Canape Vert  s'est connecté   
[<b>11/09/2020 12:18:50 pm</b>] Wilkendhie JOSEPH (medecin) de Hopital du Canape Vert est allé dans ACCUEIL 
[<b>11/09/2020 12:20:02 pm</b>] Wilkendhie JOSEPH (medecin) de Hopital du Canape Vert  a recherché   JEAN PHILIPPE NEILAN 1982-09-22 [MM/DD/YYYY]
[<b>11/09/2020 12:20:15 pm</b>] Wilkendhie JOSEPH (medecin) de Hopital du Canape Vert a recherché le client JEAN PHILIPPE NEILAN 1988-09-22
[<b>11/09/2020 12:20:32 pm</b>] Wilkendhie JOSEPH (medecin) de Hopital du Canape Vert est allé dans ACCUEIL 
[<b>11/09/2020 03:06:21 pm</b>] Marc-Eric ALTIDOR (admin) de INASSA  s'est connecté   
[<b>11/09/2020 03:06:21 pm</b>] Marc-Eric ALTIDOR (admin) de INASSA  s'est connecté   
[<b>11/09/2020 03:06:22 pm</b>] Marc-Eric ALTIDOR (admin) de INASSA est allé dans ACCUEIL 
[<b>11/09/2020 03:06:55 pm</b>] Marc-Eric ALTIDOR (admin) de INASSA  est allé dans PARAMETRES  
[<b>11/09/2020 03:08:22 pm</b>] Marc-Eric ALTIDOR (admin) de INASSA a enregistré l'utilisateur  Francois MArie GEORGES / francoismarie.georges / francoismarie.georges.f@gmail.com / Médecin / Actif
[<b>11/09/2020 03:08:23 pm</b>] Marc-Eric ALTIDOR (admin) de INASSA  est allé dans PARAMETRES  
[<b>11/09/2020 03:10:55 pm</b>] Marc-Eric ALTIDOR (admin) de INASSA a enregistré l'utilisateur  Johanne LAROCHE / Jlaroche / ophtalmologiespecialisee@gmail.com / Médecin / Actif
[<b>11/09/2020 03:10:56 pm</b>] Marc-Eric ALTIDOR (admin) de INASSA  est allé dans PARAMETRES  
[<b>11/09/2020 03:11:53 pm</b>] Marc-Eric ALTIDOR (admin) de INASSA  a changé le status de l'utilisateur  Johanne LAROCHE
[<b>11/09/2020 04:04:55 pm</b>] Fabiola FRANCOIS (medecin) de Hopital Espoir  s'est connecté   
[<b>11/09/2020 04:04:55 pm</b>] Fabiola FRANCOIS (medecin) de Hopital Espoir est allé dans ACCUEIL 
[<b>11/09/2020 04:06:23 pm</b>] Fabiola FRANCOIS (medecin) de Hopital Espoir a recherché le client NAOMIE FANORD 1981-01-05
[<b>11/09/2020 04:07:21 pm</b>] Fabiola FRANCOIS (medecin) de Hopital Espoir est allé dans ACCUEIL 
[<b>11/09/2020 05:44:53 pm</b>] Wilkendhie JOSEPH (medecin) de Hopital du Canape Vert  s'est connecté   
[<b>11/09/2020 05:44:54 pm</b>] Wilkendhie JOSEPH (medecin) de Hopital du Canape Vert est allé dans ACCUEIL 
[<b>11/09/2020 05:47:16 pm</b>] Wilkendhie JOSEPH (medecin) de Hopital du Canape Vert a recherché le client MICHERONNE JEAN 1973-12-15
[<b>11/09/2020 05:47:16 pm</b>] Wilkendhie JOSEPH (medecin) de Hopital du Canape Vert a recherché le client MICHERONNE JEAN 1973-12-15
[<b>11/09/2020 09:47:03 pm</b>] Wilkendhie JOSEPH (medecin) de Hopital du Canape Vert  s'est connecté   
[<b>11/09/2020 09:47:04 pm</b>] Wilkendhie JOSEPH (medecin) de Hopital du Canape Vert est allé dans ACCUEIL 
[<b>11/09/2020 09:47:40 pm</b>] Wilkendhie JOSEPH (medecin) de Hopital du Canape Vert  a recherché   JEAN JUNIOR BIEN AIME MONBRUN 1984-04-19 [MM/DD/YYYY]
[<b>11/09/2020 09:48:19 pm</b>] Wilkendhie JOSEPH (medecin) de Hopital du Canape Vert  a recherché   JEAN JUNIOR BIEN-AI MONBRUN 1984-04-19 [MM/DD/YYYY]
[<b>11/09/2020 09:48:36 pm</b>] Wilkendhie JOSEPH (medecin) de Hopital du Canape Vert a recherché le client JEAN JUNIOR MOMBRUN 1984-04-19
[<b>11/09/2020 09:48:36 pm</b>] Wilkendhie JOSEPH (medecin) de Hopital du Canape Vert a recherché le client JEAN JUNIOR MOMBRUN 1984-04-19
