[<b>23/09/2021 09:24:26 am</b>] Félix ORLENS CARL (admin) de INASSA  s'est connecté   
[<b>23/09/2021 09:24:27 am</b>] Félix ORLENS CARL (admin) de INASSA est allé dans ACCUEIL 
[<b>23/09/2021 09:25:42 am</b>] Félix ORLENS CARL (admin) de INASSA a recherché le client CARL FELIX 1996-07-06
[<b>23/09/2021 09:25:42 am</b>] Félix ORLENS CARL (admin) de INASSA a recherché le client CARL FELIX 1996-07-06
[<b>23/09/2021 09:28:32 am</b>] Félix ORLENS CARL (admin) de INASSA est allé dans ACCUEIL 
[<b>23/09/2021 09:29:12 am</b>] Félix ORLENS CARL (admin) de INASSA  est allé dans HISTORIQUE 
[<b>23/09/2021 09:30:25 am</b>] Félix ORLENS CARL (admin) de INASSA a vérifié l'historique du client JONY ST LOUIS	
[<b>23/09/2021 09:30:32 am</b>] Félix ORLENS CARL (admin) de INASSA  est allé dans HISTORIQUE 
[<b>23/09/2021 09:31:17 am</b>] Félix ORLENS CARL (admin) de INASSA a vérifié l'historique du client JONY  SAINT LOUIS 
[<b>23/09/2021 09:31:24 am</b>] Félix ORLENS CARL (admin) de INASSA  est allé dans HISTORIQUE 
[<b>23/09/2021 09:32:10 am</b>] Félix ORLENS CARL (admin) de INASSA a vérifié l'historique du client KETTY  JEAN CHARLES
[<b>23/09/2021 09:32:23 am</b>] Félix ORLENS CARL (admin) de INASSA  est allé dans HISTORIQUE 
[<b>23/09/2021 09:32:30 am</b>] Félix ORLENS CARL (admin) de INASSA est allé dans ACCUEIL 
[<b>23/09/2021 09:33:16 am</b>] Félix ORLENS CARL (admin) de INASSA a recherché le client KETTY JEAN CHARLES 1995-08-20
[<b>23/09/2021 09:42:20 am</b>] Félix ORLENS CARL (admin) de INASSA  s'est connecté   
[<b>23/09/2021 09:42:21 am</b>] Félix ORLENS CARL (admin) de INASSA est allé dans ACCUEIL 
[<b>23/09/2021 09:43:11 am</b>] Félix ORLENS CARL (admin) de INASSA a recherché le client KETTY JEAN CHARLES 1995-08-20
[<b>23/09/2021 09:43:41 am</b>] Félix ORLENS CARL (admin) de INASSA  est allé dans HISTORIQUE 
[<b>23/09/2021 10:57:19 am</b>] Johanne LAROCHE (medecin) de Clinique du Dr Decastro  s'est connecté   
[<b>23/09/2021 10:57:20 am</b>] Johanne LAROCHE (medecin) de Clinique du Dr Decastro est allé dans ACCUEIL 
[<b>23/09/2021 10:59:20 am</b>] Johanne LAROCHE (medecin) de Clinique du Dr Decastro a recherché le client VANESSA JULES ST FORT 1992-02-14
[<b>23/09/2021 10:59:20 am</b>] Johanne LAROCHE (medecin) de Clinique du Dr Decastro a recherché le client VANESSA JULES ST FORT 1992-02-14
[<b>23/09/2021 10:59:20 am</b>] Johanne LAROCHE (medecin) de Clinique du Dr Decastro a recherché le client VANESSA JULES ST FORT 1992-02-14
[<b>23/09/2021 10:59:46 am</b>] Johanne LAROCHE (medecin) de Clinique du Dr Decastro est allé dans ACCUEIL 
[<b>23/09/2021 11:42:09 am</b>] Jean Guyberson LAUTURE (medecin) de HOP SAINT FRANCOIS DE SALES  s'est connecté   
[<b>23/09/2021 11:42:29 am</b>] Jean Guyberson LAUTURE (medecin) de HOP SAINT FRANCOIS DE SALES  s'est connecté   
[<b>23/09/2021 11:42:30 am</b>] Jean Guyberson LAUTURE (medecin) de HOP SAINT FRANCOIS DE SALES est allé dans ACCUEIL 
[<b>23/09/2021 11:42:39 am</b>] Jean Theodule DOMOND (medecin) de HOP SAINT FRANCOIS DE SALES  s'est connecté   
[<b>23/09/2021 11:42:39 am</b>] Jean Theodule DOMOND (medecin) de HOP SAINT FRANCOIS DE SALES est allé dans ACCUEIL 
[<b>23/09/2021 11:42:52 am</b>] Jean Guyberson LAUTURE (medecin) de HOP SAINT FRANCOIS DE SALES  a changé son mot de passe  
[<b>23/09/2021 11:42:53 am</b>] Jean Guyberson LAUTURE (medecin) de HOP SAINT FRANCOIS DE SALES est allé dans ACCUEIL 
[<b>23/09/2021 11:44:06 am</b>] Jean Theodule DOMOND (medecin) de HOP SAINT FRANCOIS DE SALES  a changé son mot de passe  
[<b>23/09/2021 11:44:06 am</b>] Jean Theodule DOMOND (medecin) de HOP SAINT FRANCOIS DE SALES est allé dans ACCUEIL 
[<b>23/09/2021 11:44:12 am</b>] Jean Guyberson LAUTURE (medecin) de HOP SAINT FRANCOIS DE SALES a recherché le client JEAN GUYBERSON LAUTURE 1996-10-09
[<b>23/09/2021 11:45:47 am</b>] Jean Guyberson LAUTURE (medecin) de HOP SAINT FRANCOIS DE SALES a recherché le client JEAN GUYBERSON LAUTURE 1996-10-09
[<b>23/09/2021 11:46:09 am</b>] Jean Guyberson LAUTURE (medecin) de HOP SAINT FRANCOIS DE SALES a recherché le client JEAN GUYBERSON LAUTURE 1996-10-09
[<b>23/09/2021 11:46:53 am</b>] Jean Guyberson LAUTURE (medecin) de HOP SAINT FRANCOIS DE SALES a recherché le client JEAN GUYBERSON LAUTURE 1996-10-09
[<b>23/09/2021 11:47:23 am</b>] Jean Theodule DOMOND (medecin) de HOP SAINT FRANCOIS DE SALES a recherché le client JEAN THEODULE DOMOND 1959-07-08
[<b>23/09/2021 12:06:32 pm</b>]   () de   s'est déconnecté  
[<b>23/09/2021 12:06:44 pm</b>] Félix ORLENS CARL (admin) de INASSA  s'est connecté   
[<b>23/09/2021 12:06:44 pm</b>] Félix ORLENS CARL (admin) de INASSA est allé dans ACCUEIL 
[<b>23/09/2021 12:06:49 pm</b>] Félix ORLENS CARL (admin) de INASSA  est allé dans PARAMETRES  
[<b>23/09/2021 12:07:39 pm</b>] Félix ORLENS CARL (admin) de INASSA  a réinitialisé le compte de l'utilisateur  Josephine FRANCK
[<b>23/09/2021 12:08:21 pm</b>] Félix ORLENS CARL (admin) de INASSA  a réinitialisé le compte de l'utilisateur  Fara SEVERE
[<b>23/09/2021 12:09:18 pm</b>] Félix ORLENS CARL (admin) de INASSA  a réinitialisé le compte de l'utilisateur  Judlie RENE
[<b>23/09/2021 12:12:10 pm</b>] Judlie RENE (medecin) de HOP SAINT FRANCOIS DE SALES  s'est connecté   
[<b>23/09/2021 12:12:11 pm</b>] Judlie RENE (medecin) de HOP SAINT FRANCOIS DE SALES est allé dans ACCUEIL 
[<b>23/09/2021 12:12:39 pm</b>] Félix ORLENS CARL (admin) de INASSA  s'est déconnecté  
[<b>23/09/2021 12:12:42 pm</b>] Judlie RENE (medecin) de HOP SAINT FRANCOIS DE SALES  a changé son mot de passe  
[<b>23/09/2021 12:12:43 pm</b>] Judlie RENE (medecin) de HOP SAINT FRANCOIS DE SALES est allé dans ACCUEIL 
[<b>23/09/2021 12:14:43 pm</b>] Judlie RENE (medecin) de HOP SAINT FRANCOIS DE SALES a recherché le client JUDLIE RENE 1995-04-19
[<b>23/09/2021 12:14:43 pm</b>] Judlie RENE (medecin) de HOP SAINT FRANCOIS DE SALES est allé dans ACCUEIL 
[<b>23/09/2021 12:18:06 pm</b>] Judlie RENE (medecin) de HOP SAINT FRANCOIS DE SALES est allé dans ACCUEIL 
[<b>23/09/2021 12:23:53 pm</b>] Maberge B REMARAIS (medecin) de HOP SAINT FRANCOIS DE SALES  s'est connecté   
[<b>23/09/2021 12:23:54 pm</b>] Maberge B REMARAIS (medecin) de HOP SAINT FRANCOIS DE SALES est allé dans ACCUEIL 
[<b>23/09/2021 12:24:15 pm</b>] Maberge B REMARAIS (medecin) de HOP SAINT FRANCOIS DE SALES  a changé son mot de passe  
[<b>23/09/2021 12:24:16 pm</b>] Maberge B REMARAIS (medecin) de HOP SAINT FRANCOIS DE SALES est allé dans ACCUEIL 
[<b>23/09/2021 12:38:32 pm</b>] Jean Theodule DOMOND (medecin) de HOP SAINT FRANCOIS DE SALES  s'est connecté   
[<b>23/09/2021 12:38:32 pm</b>] Jean Theodule DOMOND (medecin) de HOP SAINT FRANCOIS DE SALES est allé dans ACCUEIL 
[<b>23/09/2021 12:39:26 pm</b>] Jean Theodule DOMOND (medecin) de HOP SAINT FRANCOIS DE SALES  a changé son mot de passe  
[<b>23/09/2021 12:39:27 pm</b>] Jean Theodule DOMOND (medecin) de HOP SAINT FRANCOIS DE SALES est allé dans ACCUEIL 
[<b>23/09/2021 12:42:21 pm</b>] Jean Theodule DOMOND (medecin) de HOP SAINT FRANCOIS DE SALES a recherché le client JEAN THEODULE DOMOND 1959-07-08
[<b>23/09/2021 12:42:43 pm</b>] Jean Theodule DOMOND (medecin) de HOP SAINT FRANCOIS DE SALES a recherché le client JEAN THEODULE DOMOND 1959-07-08
[<b>23/09/2021 12:43:05 pm</b>] Jean Theodule DOMOND (medecin) de HOP SAINT FRANCOIS DE SALES a recherché le client JEAN THEODULE DOMOND 1959-07-08
[<b>23/09/2021 12:43:26 pm</b>] Jean Theodule DOMOND (medecin) de HOP SAINT FRANCOIS DE SALES a recherché le client JEAN THEODULE DOMOND 1959-07-08
[<b>23/09/2021 12:44:28 pm</b>] Jean Theodule DOMOND (medecin) de HOP SAINT FRANCOIS DE SALES est allé dans ACCUEIL 
[<b>23/09/2021 02:16:57 pm</b>] Admin WYZDEV (admin) de INASSA  s'est connecté   
[<b>23/09/2021 02:16:58 pm</b>] Admin WYZDEV (admin) de INASSA est allé dans ACCUEIL 
[<b>23/09/2021 02:17:11 pm</b>] Admin WYZDEV (admin) de INASSA  est allé dans PARAMETRES  
[<b>23/09/2021 02:23:08 pm</b>]   () de   s'est déconnecté  
[<b>23/09/2021 02:35:15 pm</b>] Félix ORLENS CARL (admin) de INASSA  s'est connecté   
[<b>23/09/2021 02:35:16 pm</b>] Félix ORLENS CARL (admin) de INASSA est allé dans ACCUEIL 
[<b>23/09/2021 02:35:18 pm</b>] Félix ORLENS CARL (admin) de INASSA  est allé dans HISTORIQUE 
[<b>23/09/2021 02:35:49 pm</b>] Félix ORLENS CARL (admin) de INASSA  est allé dans PARAMETRES  
[<b>23/09/2021 02:36:12 pm</b>] Félix ORLENS CARL (admin) de INASSA  a réinitialisé le compte de l'utilisateur  Robens Dominique VILSON
[<b>23/09/2021 02:36:50 pm</b>] Félix ORLENS CARL (admin) de INASSA  a changé le status de l'utilisateur  Marie Laure Nestan LARAQUE
[<b>23/09/2021 02:38:51 pm</b>] Félix ORLENS CARL (admin) de INASSA a enregistré l'utilisateur  Marie Laure Nestan LARAQUE / mlnlaraque  / mlaraque32@gmail.com / Médecin / Actif
[<b>23/09/2021 02:38:52 pm</b>] Félix ORLENS CARL (admin) de INASSA  est allé dans PARAMETRES  
[<b>23/09/2021 02:41:58 pm</b>] Félix ORLENS CARL (admin) de INASSA  a réinitialisé le compte de l'utilisateur  Marie Sophia MERISIER
[<b>23/09/2021 02:44:00 pm</b>] Félix ORLENS CARL (admin) de INASSA  a changé le status de l'utilisateur  Robens Dominique VILSON
[<b>23/09/2021 02:44:22 pm</b>] Félix ORLENS CARL (admin) de INASSA a enregistré l'utilisateur  Robens Dominique VILSON / rdvilson / princevilson99@gmail.com / Médecin / Actif
[<b>23/09/2021 02:44:22 pm</b>] Félix ORLENS CARL (admin) de INASSA  est allé dans PARAMETRES  
[<b>23/09/2021 02:49:49 pm</b>] Robens Dominique VILSON (medecin) de HOP SAINT FRANCOIS DE SALES  s'est connecté   
[<b>23/09/2021 02:49:49 pm</b>] Robens Dominique VILSON (medecin) de HOP SAINT FRANCOIS DE SALES est allé dans ACCUEIL 
[<b>23/09/2021 02:50:16 pm</b>] Robens Dominique VILSON (medecin) de HOP SAINT FRANCOIS DE SALES  a changé son mot de passe  
[<b>23/09/2021 02:50:17 pm</b>] Robens Dominique VILSON (medecin) de HOP SAINT FRANCOIS DE SALES est allé dans ACCUEIL 
[<b>23/09/2021 03:04:36 pm</b>] Félix ORLENS CARL (admin) de INASSA  s'est connecté   
[<b>23/09/2021 03:04:36 pm</b>] Félix ORLENS CARL (admin) de INASSA est allé dans ACCUEIL 
[<b>23/09/2021 03:04:43 pm</b>] Félix ORLENS CARL (admin) de INASSA  est allé dans PARAMETRES  
[<b>23/09/2021 03:04:58 pm</b>] Félix ORLENS CARL (admin) de INASSA  a réinitialisé le compte de l'utilisateur  Marie Mirlande BEAUVAIS
[<b>23/09/2021 03:55:04 pm</b>] Félix ORLENS CARL (admin) de INASSA  s'est connecté   
[<b>23/09/2021 03:55:04 pm</b>] Félix ORLENS CARL (admin) de INASSA est allé dans ACCUEIL 
[<b>23/09/2021 03:55:07 pm</b>] Félix ORLENS CARL (admin) de INASSA  est allé dans HISTORIQUE 
