[<b>08/04/2021 06:34:59 am</b>] Marc-Eric ALTIDOR (admin) de INASSA  s'est connecté   
[<b>08/04/2021 06:35:00 am</b>] Marc-Eric ALTIDOR (admin) de INASSA est allé dans ACCUEIL 
[<b>08/04/2021 08:25:18 am</b>] Marc-Eric ALTIDOR (admin) de INASSA  s'est connecté   
[<b>08/04/2021 08:25:18 am</b>] Marc-Eric ALTIDOR (admin) de INASSA est allé dans ACCUEIL 
[<b>08/04/2021 08:32:13 am</b>] Sanon WIDMAIER (admin) de INASSA  s'est connecté   
[<b>08/04/2021 08:32:13 am</b>] Sanon WIDMAIER (admin) de INASSA est allé dans ACCUEIL 
[<b>08/04/2021 08:32:50 am</b>] Sanon WIDMAIER (admin) de INASSA est allé dans ACCUEIL 
[<b>08/04/2021 08:32:53 am</b>] Sanon WIDMAIER (admin) de INASSA  est allé dans HISTORIQUE 
[<b>08/04/2021 08:33:10 am</b>] Sanon WIDMAIER (admin) de INASSA  est allé dans HISTORIQUE 
[<b>08/04/2021 08:34:13 am</b>] Sanon WIDMAIER (admin) de INASSA  est allé dans HISTORIQUE 
[<b>08/04/2021 08:34:17 am</b>] Sanon WIDMAIER (admin) de INASSA a vérifié l'historique du client  
[<b>08/04/2021 08:34:20 am</b>] Sanon WIDMAIER (admin) de INASSA a vérifié l'historique du client  
[<b>08/04/2021 08:34:26 am</b>] Sanon WIDMAIER (admin) de INASSA est allé dans ACCUEIL 
[<b>08/04/2021 08:34:34 am</b>] Sanon WIDMAIER (admin) de INASSA est allé dans ACCUEIL 
[<b>08/04/2021 08:34:43 am</b>] Sanon WIDMAIER (admin) de INASSA est allé dans ACCUEIL 
[<b>08/04/2021 08:34:55 am</b>] Sanon WIDMAIER (admin) de INASSA est allé dans ACCUEIL 
[<b>08/04/2021 08:35:01 am</b>] Sanon WIDMAIER (admin) de INASSA est allé dans ACCUEIL 
[<b>08/04/2021 08:35:05 am</b>] Sanon WIDMAIER (admin) de INASSA est allé dans ACCUEIL 
[<b>08/04/2021 08:35:09 am</b>] Sanon WIDMAIER (admin) de INASSA est allé dans ACCUEIL 
[<b>08/04/2021 08:35:15 am</b>] Sanon WIDMAIER (admin) de INASSA est allé dans ACCUEIL 
[<b>08/04/2021 08:35:32 am</b>] Sanon WIDMAIER (admin) de INASSA est allé dans ACCUEIL 
[<b>08/04/2021 08:35:36 am</b>] Sanon WIDMAIER (admin) de INASSA est allé dans ACCUEIL 
[<b>08/04/2021 08:48:32 am</b>] Sanon WIDMAIER (admin) de INASSA  s'est connecté   
[<b>08/04/2021 08:48:32 am</b>] Sanon WIDMAIER (admin) de INASSA est allé dans ACCUEIL 
[<b>08/04/2021 08:50:45 am</b>] Sanon WIDMAIER (admin) de INASSA est allé dans ACCUEIL 
[<b>08/04/2021 09:15:40 am</b>] Anick DUPUY (admin) de INASSA  s'est connecté   
[<b>08/04/2021 09:15:40 am</b>] Anick DUPUY (admin) de INASSA est allé dans ACCUEIL 
[<b>08/04/2021 09:15:49 am</b>] Anick DUPUY (admin) de INASSA  s'est déconnecté  
[<b>08/04/2021 09:55:00 am</b>] Marc-Eric ALTIDOR (admin) de INASSA  s'est connecté   
[<b>08/04/2021 09:55:01 am</b>] Marc-Eric ALTIDOR (admin) de INASSA est allé dans ACCUEIL 
[<b>08/04/2021 10:23:53 am</b>] Sanon WIDMAIER (admin) de INASSA  s'est connecté   
[<b>08/04/2021 10:23:54 am</b>] Sanon WIDMAIER (admin) de INASSA est allé dans ACCUEIL 
[<b>08/04/2021 10:48:54 am</b>] Sanon WIDMAIER (admin) de INASSA  s'est connecté   
[<b>08/04/2021 10:48:55 am</b>] Sanon WIDMAIER (admin) de INASSA est allé dans ACCUEIL 
[<b>08/04/2021 10:50:23 am</b>] Sanon WIDMAIER (admin) de INASSA est allé dans ACCUEIL 
[<b>08/04/2021 10:53:44 am</b>] Sanon WIDMAIER (admin) de INASSA est allé dans ACCUEIL 
[<b>08/04/2021 11:00:10 am</b>] Sanon WIDMAIER (admin) de INASSA  s'est connecté   
[<b>08/04/2021 11:00:10 am</b>] Sanon WIDMAIER (admin) de INASSA est allé dans ACCUEIL 
[<b>08/04/2021 11:50:55 am</b>] Sanon WIDMAIER (admin) de INASSA  s'est connecté   
[<b>08/04/2021 11:50:55 am</b>] Sanon WIDMAIER (admin) de INASSA est allé dans ACCUEIL 
[<b>08/04/2021 12:06:11 pm</b>] Sanon WIDMAIER (admin) de INASSA  s'est connecté   
[<b>08/04/2021 12:06:12 pm</b>] Sanon WIDMAIER (admin) de INASSA est allé dans ACCUEIL 
[<b>08/04/2021 12:28:21 pm</b>] Marc-Eric ALTIDOR (admin) de INASSA  s'est connecté   
[<b>08/04/2021 12:28:21 pm</b>] Marc-Eric ALTIDOR (admin) de INASSA est allé dans ACCUEIL 
[<b>08/04/2021 01:23:33 pm</b>] Marc-Eric ALTIDOR (admin) de INASSA  s'est connecté   
[<b>08/04/2021 01:23:33 pm</b>] Marc-Eric ALTIDOR (admin) de INASSA est allé dans ACCUEIL 
[<b>08/04/2021 01:33:10 pm</b>] Sanon WIDMAIER (admin) de INASSA  s'est connecté   
[<b>08/04/2021 01:33:10 pm</b>] Sanon WIDMAIER (admin) de INASSA est allé dans ACCUEIL 
[<b>08/04/2021 01:40:49 pm</b>] Marc-Eric ALTIDOR (admin) de INASSA  s'est connecté   
[<b>08/04/2021 01:40:49 pm</b>] Marc-Eric ALTIDOR (admin) de INASSA est allé dans ACCUEIL 
[<b>08/04/2021 02:31:06 pm</b>] Marc-Eric ALTIDOR (admin) de INASSA  s'est connecté   
[<b>08/04/2021 02:31:06 pm</b>] Marc-Eric ALTIDOR (admin) de INASSA est allé dans ACCUEIL 
[<b>08/04/2021 03:05:12 pm</b>] Sanon WIDMAIER (admin) de INASSA  s'est connecté   
[<b>08/04/2021 03:05:13 pm</b>] Sanon WIDMAIER (admin) de INASSA est allé dans ACCUEIL 
