[<b>10/08/2021 09:48:36 am</b>] Admin WYZDEV (admin) de INASSA  s'est connecté   
[<b>10/08/2021 09:48:37 am</b>] Admin WYZDEV (admin) de INASSA est allé dans ACCUEIL 
[<b>10/08/2021 09:50:45 am</b>] Admin WYZDEV (admin) de INASSA est allé dans ACCUEIL 
[<b>10/08/2021 09:51:22 am</b>] Admin WYZDEV (admin) de INASSA est allé dans ACCUEIL 
[<b>10/08/2021 09:51:26 am</b>] Admin WYZDEV (admin) de INASSA  est allé dans HISTORIQUE 
[<b>10/08/2021 09:55:01 am</b>] Admin WYZDEV (admin) de INASSA est allé dans ACCUEIL 
[<b>10/08/2021 09:55:52 am</b>] Admin WYZDEV (admin) de INASSA est allé dans ACCUEIL 
[<b>10/08/2021 09:59:04 am</b>] Admin WYZDEV (admin) de INASSA  s'est connecté   
[<b>10/08/2021 09:59:05 am</b>] Admin WYZDEV (admin) de INASSA est allé dans ACCUEIL 
[<b>10/08/2021 10:00:33 am</b>] Admin WYZDEV (admin) de INASSA est allé dans ACCUEIL 
[<b>10/08/2021 10:03:31 am</b>] Admin WYZDEV (admin) de INASSA est allé dans ACCUEIL 
[<b>10/08/2021 10:06:45 am</b>] Admin WYZDEV (admin) de INASSA est allé dans ACCUEIL 
[<b>10/08/2021 10:07:31 am</b>] Admin WYZDEV (admin) de INASSA est allé dans ACCUEIL 
[<b>10/08/2021 10:09:01 am</b>] Admin WYZDEV (admin) de INASSA est allé dans ACCUEIL 
[<b>10/08/2021 10:10:45 am</b>] Admin WYZDEV (admin) de INASSA est allé dans ACCUEIL 
[<b>10/08/2021 10:11:54 am</b>] Admin WYZDEV (admin) de INASSA est allé dans ACCUEIL 
[<b>10/08/2021 10:12:49 am</b>] Admin WYZDEV (admin) de INASSA est allé dans ACCUEIL 
[<b>10/08/2021 10:14:22 am</b>] Admin WYZDEV (admin) de INASSA est allé dans ACCUEIL 
[<b>10/08/2021 10:15:44 am</b>] Admin WYZDEV (admin) de INASSA est allé dans ACCUEIL 
[<b>10/08/2021 10:17:30 am</b>] Admin WYZDEV (admin) de INASSA a recherché le client WILBERT BASTIEN 1941-01-15
[<b>10/08/2021 10:17:30 am</b>] Admin WYZDEV (admin) de INASSA a recherché le client WILBERT BASTIEN 1941-01-15
[<b>10/08/2021 10:17:41 am</b>] Admin WYZDEV (admin) de INASSA est allé dans ACCUEIL 
[<b>10/08/2021 10:17:44 am</b>] Admin WYZDEV (admin) de INASSA  est allé dans HISTORIQUE 
[<b>10/08/2021 10:17:53 am</b>] Admin WYZDEV (admin) de INASSA est allé dans ACCUEIL 
[<b>10/08/2021 10:19:05 am</b>] Admin WYZDEV (admin) de INASSA a recherché le client MAGALIE FRANCOIS 1984-05-01
[<b>10/08/2021 10:19:39 am</b>] Admin WYZDEV (admin) de INASSA est allé dans ACCUEIL 
[<b>10/08/2021 10:24:52 am</b>] Admin WYZDEV (admin) de INASSA  s'est connecté   
[<b>10/08/2021 10:24:52 am</b>] Admin WYZDEV (admin) de INASSA est allé dans ACCUEIL 
[<b>10/08/2021 10:25:10 am</b>] Admin WYZDEV (admin) de INASSA  est allé dans HISTORIQUE 
[<b>10/08/2021 10:25:26 am</b>] Admin WYZDEV (admin) de INASSA est allé dans ACCUEIL 
[<b>10/08/2021 10:26:15 am</b>] Admin WYZDEV (admin) de INASSA a recherché le client MAGALIE FRANCOIS 1984-05-01
[<b>10/08/2021 10:26:50 am</b>] Admin WYZDEV (admin) de INASSA est allé dans ACCUEIL 
[<b>10/08/2021 10:26:55 am</b>] Admin WYZDEV (admin) de INASSA  est allé dans HISTORIQUE 
[<b>10/08/2021 10:27:25 am</b>] Admin WYZDEV (admin) de INASSA  est allé dans PARAMETRES  
[<b>10/08/2021 10:27:52 am</b>] Admin WYZDEV (admin) de INASSA  s'est déconnecté  
[<b>10/08/2021 10:31:55 am</b>] Admin WYZDEV (admin) de INASSA  s'est connecté   
[<b>10/08/2021 10:31:55 am</b>] Admin WYZDEV (admin) de INASSA est allé dans ACCUEIL 
[<b>10/08/2021 10:32:39 am</b>] Admin WYZDEV (admin) de INASSA  s'est déconnecté  
[<b>10/08/2021 10:32:42 am</b>] Admin WYZDEV (admin) de INASSA  s'est connecté   
[<b>10/08/2021 10:32:43 am</b>] Admin WYZDEV (admin) de INASSA est allé dans ACCUEIL 
[<b>10/08/2021 10:33:25 am</b>] Admin WYZDEV (admin) de INASSA  s'est connecté   
[<b>10/08/2021 10:33:26 am</b>] Admin WYZDEV (admin) de INASSA est allé dans ACCUEIL 
[<b>10/08/2021 10:33:45 am</b>] Admin WYZDEV (admin) de INASSA a recherché le client WILBERT BASTIEN 1941-01-15
[<b>10/08/2021 10:33:45 am</b>] Admin WYZDEV (admin) de INASSA a recherché le client WILBERT BASTIEN 1941-01-15
[<b>10/08/2021 10:48:06 am</b>] Marc-Eric ALTIDOR (admin) de INASSA  s'est connecté   
[<b>10/08/2021 10:48:07 am</b>] Marc-Eric ALTIDOR (admin) de INASSA est allé dans ACCUEIL 
[<b>10/08/2021 10:48:24 am</b>] Sanon WIDMAIER (admin) de INASSA  s'est connecté   
[<b>10/08/2021 10:48:24 am</b>] Sanon WIDMAIER (admin) de INASSA est allé dans ACCUEIL 
[<b>10/08/2021 10:49:12 am</b>] Marc-Eric ALTIDOR (admin) de INASSA a recherché le client MARC-ERIC ALTIDOR 1975-06-28
[<b>10/08/2021 10:49:18 am</b>] Sanon WIDMAIER (admin) de INASSA a recherché le client WIDMAIER SANON 1978-07-01
[<b>10/08/2021 10:49:18 am</b>] Sanon WIDMAIER (admin) de INASSA a recherché le client WIDMAIER SANON 1978-07-01
[<b>10/08/2021 10:50:34 am</b>] Sanon WIDMAIER (admin) de INASSA est allé dans ACCUEIL 
[<b>10/08/2021 10:50:41 am</b>] Sanon WIDMAIER (admin) de INASSA  est allé dans HISTORIQUE 
[<b>10/08/2021 10:50:41 am</b>] Sanon WIDMAIER (admin) de INASSA  est allé dans HISTORIQUE 
[<b>10/08/2021 10:52:19 am</b>] Sanon WIDMAIER (admin) de INASSA a vérifié l'historique du client WIDMAIER SANON
[<b>10/08/2021 10:52:30 am</b>] Sanon WIDMAIER (admin) de INASSA est allé dans ACCUEIL 
[<b>10/08/2021 10:53:15 am</b>] Sanon WIDMAIER (admin) de INASSA a recherché le client WIDMAIER SANON 1978-07-01
[<b>10/08/2021 10:53:15 am</b>] Sanon WIDMAIER (admin) de INASSA a recherché le client WIDMAIER SANON 1978-07-01
[<b>10/08/2021 10:54:38 am</b>] Admin WYZDEV (admin) de INASSA  s'est connecté   
[<b>10/08/2021 10:54:39 am</b>] Admin WYZDEV (admin) de INASSA est allé dans ACCUEIL 
[<b>10/08/2021 10:54:42 am</b>] Admin WYZDEV (admin) de INASSA  est allé dans HISTORIQUE 
[<b>10/08/2021 10:55:30 am</b>] Admin WYZDEV (admin) de INASSA est allé dans ACCUEIL 
[<b>10/08/2021 10:56:09 am</b>] Admin WYZDEV (admin) de INASSA  est allé dans HISTORIQUE 
[<b>10/08/2021 10:56:12 am</b>] Admin WYZDEV (admin) de INASSA est allé dans ACCUEIL 
[<b>10/08/2021 10:56:26 am</b>] Sanon WIDMAIER (admin) de INASSA  est allé dans HISTORIQUE 
[<b>10/08/2021 10:56:40 am</b>] Sanon WIDMAIER (admin) de INASSA est allé dans ACCUEIL 
[<b>10/08/2021 11:36:34 am</b>] Admin WYZDEV (admin) de INASSA  s'est connecté   
[<b>10/08/2021 11:36:34 am</b>] Admin WYZDEV (admin) de INASSA est allé dans ACCUEIL 
[<b>10/08/2021 11:43:32 am</b>] Admin WYZDEV (admin) de INASSA  s'est connecté   
[<b>10/08/2021 11:43:32 am</b>] Admin WYZDEV (admin) de INASSA est allé dans ACCUEIL 
[<b>10/08/2021 11:43:34 am</b>] Admin WYZDEV (admin) de INASSA  est allé dans HISTORIQUE 
[<b>10/08/2021 12:17:18 pm</b>] Admin WYZDEV (admin) de INASSA  s'est connecté   
[<b>10/08/2021 12:17:19 pm</b>] Admin WYZDEV (admin) de INASSA est allé dans ACCUEIL 
[<b>10/08/2021 12:17:22 pm</b>] Admin WYZDEV (admin) de INASSA  est allé dans HISTORIQUE 
[<b>10/08/2021 12:17:35 pm</b>] Admin WYZDEV (admin) de INASSA  est allé dans HISTORIQUE 
[<b>10/08/2021 01:01:09 pm</b>] Admin WYZDEV (admin) de INASSA  s'est connecté   
[<b>10/08/2021 01:01:10 pm</b>] Admin WYZDEV (admin) de INASSA est allé dans ACCUEIL 
[<b>10/08/2021 09:22:24 pm</b>] Shana MONOPOL (medecin) de Hopital Espoir  s'est connecté   
[<b>10/08/2021 09:22:24 pm</b>] Shana MONOPOL (medecin) de Hopital Espoir est allé dans ACCUEIL 
[<b>10/08/2021 09:24:00 pm</b>] Shana MONOPOL (medecin) de Hopital Espoir  a recherché   richard hany bibas 1975-04-13 [MM/DD/YYYY]
[<b>10/08/2021 09:24:19 pm</b>] Shana MONOPOL (medecin) de Hopital Espoir  a recherché   bibas hany richard 1975-04-13 [MM/DD/YYYY]
[<b>10/08/2021 09:24:47 pm</b>] Shana MONOPOL (medecin) de Hopital Espoir  a recherché   hany richard bibas 1975-04-13 [MM/DD/YYYY]
[<b>10/08/2021 09:25:04 pm</b>] Shana MONOPOL (medecin) de Hopital Espoir  a recherché   richard hany bibas 1975-04-13 [MM/DD/YYYY]
[<b>10/08/2021 11:03:55 pm</b>] Shana MONOPOL (medecin) de Hopital Espoir  s'est connecté   
[<b>10/08/2021 11:03:55 pm</b>] Shana MONOPOL (medecin) de Hopital Espoir est allé dans ACCUEIL 
[<b>10/08/2021 11:05:10 pm</b>] Shana MONOPOL (medecin) de Hopital Espoir a recherché le client RUTHCHINA ETHEART 1997-09-09
[<b>10/08/2021 11:05:22 pm</b>] Shana MONOPOL (medecin) de Hopital Espoir est allé dans ACCUEIL 
