[<b>22/09/2021 09:21:48 am</b>] Johanne LAROCHE (medecin) de Clinique du Dr Decastro  s'est connecté   
[<b>22/09/2021 09:21:49 am</b>] Johanne LAROCHE (medecin) de Clinique du Dr Decastro est allé dans ACCUEIL 
[<b>22/09/2021 09:23:20 am</b>] Johanne LAROCHE (medecin) de Clinique du Dr Decastro a recherché le client LOURDY JEAN 1990-04-07
[<b>22/09/2021 09:23:20 am</b>] Johanne LAROCHE (medecin) de Clinique du Dr Decastro a recherché le client LOURDY JEAN 1990-04-07
[<b>22/09/2021 09:23:34 am</b>] Johanne LAROCHE (medecin) de Clinique du Dr Decastro est allé dans ACCUEIL 
[<b>22/09/2021 09:25:31 am</b>] Johanne LAROCHE (medecin) de Clinique du Dr Decastro a recherché le client JONY ST LOUIS 1975-05-23
[<b>22/09/2021 09:25:31 am</b>] Johanne LAROCHE (medecin) de Clinique du Dr Decastro a recherché le client JONY ST LOUIS 1975-05-23
[<b>22/09/2021 09:25:31 am</b>] Johanne LAROCHE (medecin) de Clinique du Dr Decastro a recherché le client JONY ST LOUIS 1975-05-23
[<b>22/09/2021 09:25:31 am</b>] Johanne LAROCHE (medecin) de Clinique du Dr Decastro a recherché le client JONY ST LOUIS 1975-05-23
[<b>22/09/2021 09:26:32 am</b>] Johanne LAROCHE (medecin) de Clinique du Dr Decastro est allé dans ACCUEIL 
[<b>22/09/2021 09:38:58 am</b>] Félix ORLENS CARL (admin) de INASSA  s'est connecté   
[<b>22/09/2021 09:38:58 am</b>] Félix ORLENS CARL (admin) de INASSA est allé dans ACCUEIL 
[<b>22/09/2021 09:45:05 am</b>] Félix ORLENS CARL (admin) de INASSA  s'est connecté   
[<b>22/09/2021 09:45:05 am</b>] Félix ORLENS CARL (admin) de INASSA est allé dans ACCUEIL 
[<b>22/09/2021 09:45:21 am</b>] Félix ORLENS CARL (admin) de INASSA  est allé dans HISTORIQUE 
[<b>22/09/2021 09:55:01 am</b>] Félix ORLENS CARL (admin) de INASSA  s'est connecté   
[<b>22/09/2021 09:55:02 am</b>] Félix ORLENS CARL (admin) de INASSA est allé dans ACCUEIL 
[<b>22/09/2021 09:55:09 am</b>] Félix ORLENS CARL (admin) de INASSA  est allé dans HISTORIQUE 
[<b>22/09/2021 09:55:52 am</b>] Félix ORLENS CARL (admin) de INASSA  est allé dans PARAMETRES  
[<b>22/09/2021 02:41:40 pm</b>] Félix ORLENS CARL (admin) de INASSA  s'est connecté   
[<b>22/09/2021 02:41:40 pm</b>] Félix ORLENS CARL (admin) de INASSA est allé dans ACCUEIL 
[<b>22/09/2021 02:41:44 pm</b>] Félix ORLENS CARL (admin) de INASSA  est allé dans HISTORIQUE 
[<b>22/09/2021 02:41:58 pm</b>] Félix ORLENS CARL (admin) de INASSA  est allé dans PARAMETRES  
[<b>22/09/2021 02:54:09 pm</b>] Marc-Eric ALTIDOR (admin) de INASSA  s'est connecté   
[<b>22/09/2021 02:54:09 pm</b>] Marc-Eric ALTIDOR (admin) de INASSA est allé dans ACCUEIL 
[<b>22/09/2021 02:54:17 pm</b>] Marc-Eric ALTIDOR (admin) de INASSA  est allé dans PARAMETRES  
[<b>22/09/2021 02:55:16 pm</b>] Marc-Eric ALTIDOR (admin) de INASSA  a changé le status de l'utilisateur  Bertrane RODNEY
[<b>22/09/2021 02:55:25 pm</b>] Marc-Eric ALTIDOR (admin) de INASSA  a changé le status de l'utilisateur  Marie Wilza COMPERE
[<b>22/09/2021 02:55:33 pm</b>] Marc-Eric ALTIDOR (admin) de INASSA  a changé le status de l'utilisateur  Withnyse Caridad FRANCOIS
[<b>22/09/2021 02:59:09 pm</b>] Marc-Eric ALTIDOR (admin) de INASSA a enregistré l'utilisateur  Valery CERELUS / vcerelus / valery.cerelus@chu-sfs.med.ht / Médecin / Actif
[<b>22/09/2021 02:59:09 pm</b>] Marc-Eric ALTIDOR (admin) de INASSA  est allé dans PARAMETRES  
[<b>22/09/2021 03:00:26 pm</b>] Marc-Eric ALTIDOR (admin) de INASSA  s'est déconnecté  
[<b>22/09/2021 03:02:23 pm</b>] Félix ORLENS CARL (admin) de INASSA  s'est connecté   
[<b>22/09/2021 03:02:24 pm</b>] Félix ORLENS CARL (admin) de INASSA est allé dans ACCUEIL 
[<b>22/09/2021 03:02:46 pm</b>] Félix ORLENS CARL (admin) de INASSA  est allé dans HISTORIQUE 
[<b>22/09/2021 03:02:57 pm</b>] Félix ORLENS CARL (admin) de INASSA  est allé dans PARAMETRES  
[<b>22/09/2021 03:13:49 pm</b>] Félix ORLENS CARL (admin) de INASSA  s'est connecté   
[<b>22/09/2021 03:13:49 pm</b>] Félix ORLENS CARL (admin) de INASSA est allé dans ACCUEIL 
[<b>22/09/2021 03:13:53 pm</b>] Félix ORLENS CARL (admin) de INASSA  est allé dans PARAMETRES  
[<b>22/09/2021 03:15:33 pm</b>] Félix ORLENS CARL (admin) de INASSA a enregistré l'utilisateur  Maberge B REMARAIS / mremarais  / maberge.remarais@chu-sfs.med.ht / Médecin / Actif
[<b>22/09/2021 03:15:34 pm</b>] Félix ORLENS CARL (admin) de INASSA  est allé dans PARAMETRES  
[<b>22/09/2021 03:16:50 pm</b>] Félix ORLENS CARL (admin) de INASSA a enregistré l'utilisateur  Robens Dominique VILSON / drvilson / informations@chu-sfs.med.ht / Médecin / Actif
[<b>22/09/2021 03:16:50 pm</b>] Félix ORLENS CARL (admin) de INASSA  est allé dans PARAMETRES  
[<b>22/09/2021 03:18:15 pm</b>] Félix ORLENS CARL (admin) de INASSA a enregistré l'utilisateur  Jean Theodule DOMOND / jtdomond / jeantheodule.domond@chu-sfs.med.ht / Médecin / Actif
[<b>22/09/2021 03:18:16 pm</b>] Félix ORLENS CARL (admin) de INASSA  est allé dans PARAMETRES  
[<b>22/09/2021 03:19:07 pm</b>] Félix ORLENS CARL (admin) de INASSA a enregistré l'utilisateur  Beatrice CHERY / bchery  / beatricechery572@gmail.com / Médecin / Actif
[<b>22/09/2021 03:19:07 pm</b>] Félix ORLENS CARL (admin) de INASSA  est allé dans PARAMETRES  
[<b>22/09/2021 03:20:09 pm</b>] Félix ORLENS CARL (admin) de INASSA a enregistré l'utilisateur  Vanessa Lafayette MICHEL / vlmichel / vanessalafayettemichel509@gmail.com / Médecin / Actif
[<b>22/09/2021 03:20:10 pm</b>] Félix ORLENS CARL (admin) de INASSA  est allé dans PARAMETRES  
[<b>22/09/2021 03:21:38 pm</b>] Félix ORLENS CARL (admin) de INASSA a enregistré l'utilisateur  Jocelyne Samedy ULYSSE / jsulysse / jocelyne.samedy@chu-sfs.med.ht / Médecin / Actif
[<b>22/09/2021 03:21:39 pm</b>] Félix ORLENS CARL (admin) de INASSA  est allé dans PARAMETRES  
[<b>22/09/2021 03:22:24 pm</b>] Félix ORLENS CARL (admin) de INASSA a enregistré l'utilisateur  Fara SEVERE / fsevere  / fasevere@gmail.com / Médecin / Actif
[<b>22/09/2021 03:22:25 pm</b>] Félix ORLENS CARL (admin) de INASSA  est allé dans PARAMETRES  
[<b>22/09/2021 03:23:22 pm</b>] Félix ORLENS CARL (admin) de INASSA a enregistré l'utilisateur  Judlie RENE / jrene  / Judlierene1234@gmail.com / Médecin / Actif
[<b>22/09/2021 03:23:23 pm</b>] Félix ORLENS CARL (admin) de INASSA  est allé dans PARAMETRES  
[<b>22/09/2021 03:24:28 pm</b>] Félix ORLENS CARL (admin) de INASSA a enregistré l'utilisateur  Martine BELIZAIRE / mbelizaire / martinebelizaire88@gmail.com / Médecin / Actif
[<b>22/09/2021 03:24:28 pm</b>] Félix ORLENS CARL (admin) de INASSA  est allé dans PARAMETRES  
[<b>22/09/2021 03:26:28 pm</b>] Félix ORLENS CARL (admin) de INASSA a enregistré l'utilisateur  Jean Guyberson LAUTURE / jglauture / jeanguyberson.lauture@chu-sfs.med.ht / Médecin / Actif
[<b>22/09/2021 03:26:28 pm</b>] Félix ORLENS CARL (admin) de INASSA  est allé dans PARAMETRES  
