[<b>06/01/2021 06:03:22 am</b>] Wilkendhie JOSEPH (medecin) de Hopital du Canape Vert  s'est connecté   
[<b>06/01/2021 06:03:23 am</b>] Wilkendhie JOSEPH (medecin) de Hopital du Canape Vert est allé dans ACCUEIL 
[<b>06/01/2021 06:04:26 am</b>] Wilkendhie JOSEPH (medecin) de Hopital du Canape Vert  a recherché   MARIE LAIRENCE BOYER 1960-11-09 [MM/DD/YYYY]
[<b>06/01/2021 06:04:42 am</b>] Wilkendhie JOSEPH (medecin) de Hopital du Canape Vert a recherché le client MARIE LAURENCE BOYER 1960-11-09
[<b>06/01/2021 06:04:42 am</b>] Wilkendhie JOSEPH (medecin) de Hopital du Canape Vert a recherché le client MARIE LAURENCE BOYER 1960-11-09
[<b>06/01/2021 06:05:13 am</b>] Wilkendhie JOSEPH (medecin) de Hopital du Canape Vert est allé dans ACCUEIL 
[<b>06/01/2021 09:42:16 am</b>] Valerio VITAL-HERNE (medecin) de Clinique Dr Valerio Vital-Herne  s'est connecté   
[<b>06/01/2021 09:42:17 am</b>] Valerio VITAL-HERNE (medecin) de Clinique Dr Valerio Vital-Herne est allé dans ACCUEIL 
[<b>06/01/2021 09:43:29 am</b>] Valerio VITAL-HERNE (medecin) de Clinique Dr Valerio Vital-Herne  a recherché   Junia Armand 1986-09-09 [MM/DD/YYYY]
[<b>06/01/2021 09:44:41 am</b>] Valerio VITAL-HERNE (medecin) de Clinique Dr Valerio Vital-Herne a recherché le client JUNIA ARNAUD 1986-09-09
[<b>06/01/2021 11:09:07 am</b>] Rood-Jerry GEFFRARD (medecin) de Hopital Adventiste Diquini  s'est connecté   
[<b>06/01/2021 11:09:07 am</b>] Rood-Jerry GEFFRARD (medecin) de Hopital Adventiste Diquini est allé dans ACCUEIL 
[<b>06/01/2021 11:10:36 am</b>] Rood-Jerry GEFFRARD (medecin) de Hopital Adventiste Diquini a recherché le client WILBERT BASTIEN 1941-01-15
[<b>06/01/2021 11:10:36 am</b>] Rood-Jerry GEFFRARD (medecin) de Hopital Adventiste Diquini a recherché le client WILBERT BASTIEN 1941-01-15
[<b>06/01/2021 12:58:52 pm</b>] Wilkendhie JOSEPH (medecin) de Hopital du Canape Vert  s'est connecté   
[<b>06/01/2021 12:58:52 pm</b>] Wilkendhie JOSEPH (medecin) de Hopital du Canape Vert est allé dans ACCUEIL 
[<b>06/01/2021 12:59:52 pm</b>] Wilkendhie JOSEPH (medecin) de Hopital du Canape Vert a recherché le client LYDMY RIMPEL 1974-04-26
[<b>06/01/2021 01:00:23 pm</b>] Wilkendhie JOSEPH (medecin) de Hopital du Canape Vert est allé dans ACCUEIL 
[<b>06/01/2021 02:09:23 pm</b>] Johanne LAROCHE (medecin) de Clinique du Dr Decastro  s'est connecté   
[<b>06/01/2021 02:09:23 pm</b>] Johanne LAROCHE (medecin) de Clinique du Dr Decastro est allé dans ACCUEIL 
[<b>06/01/2021 02:10:43 pm</b>] Johanne LAROCHE (medecin) de Clinique du Dr Decastro a recherché le client ANNE-SOPHIE MOISE 1994-08-25
[<b>06/01/2021 02:11:18 pm</b>] Johanne LAROCHE (medecin) de Clinique du Dr Decastro est allé dans ACCUEIL 
[<b>06/01/2021 02:12:18 pm</b>] Johanne LAROCHE (medecin) de Clinique du Dr Decastro  a recherché   etephen henri felix 1989-09-16 [MM/DD/YYYY]
[<b>06/01/2021 02:12:37 pm</b>] Johanne LAROCHE (medecin) de Clinique du Dr Decastro a recherché le client HENRI STEPHEN FELIX 1989-09-16
[<b>06/01/2021 02:14:41 pm</b>] Johanne LAROCHE (medecin) de Clinique du Dr Decastro est allé dans ACCUEIL 
[<b>06/01/2021 10:56:57 pm</b>] Wilkendhie JOSEPH (medecin) de Hopital du Canape Vert  s'est connecté   
[<b>06/01/2021 10:56:57 pm</b>] Wilkendhie JOSEPH (medecin) de Hopital du Canape Vert est allé dans ACCUEIL 
[<b>06/01/2021 10:57:54 pm</b>] Wilkendhie JOSEPH (medecin) de Hopital du Canape Vert a recherché le client MAGALIE FRANCOIS 1984-05-01
[<b>06/01/2021 10:58:09 pm</b>] Wilkendhie JOSEPH (medecin) de Hopital du Canape Vert est allé dans ACCUEIL 
