[<b>09/07/2021 12:07:48 pm</b>] Marc-Eric ALTIDOR (admin) de INASSA  s'est connecté   
[<b>09/07/2021 12:07:49 pm</b>] Marc-Eric ALTIDOR (admin) de INASSA est allé dans ACCUEIL 
[<b>09/07/2021 12:08:41 pm</b>] Marc-Eric ALTIDOR (admin) de INASSA a recherché le client MARC ALTIDOR
[<b>09/07/2021 01:03:12 pm</b>] Sanon WIDMAIER (admin) de INASSA  s'est connecté   
[<b>09/07/2021 01:03:13 pm</b>] Sanon WIDMAIER (admin) de INASSA est allé dans ACCUEIL 
[<b>09/07/2021 01:03:43 pm</b>] Sanon WIDMAIER (admin) de INASSA a recherché le client WIDMAIER SANON
[<b>09/07/2021 01:04:04 pm</b>] Sanon WIDMAIER (admin) de INASSA est allé dans ACCUEIL 
[<b>09/07/2021 01:04:08 pm</b>] Sanon WIDMAIER (admin) de INASSA  s'est déconnecté  
[<b>09/07/2021 01:05:14 pm</b>] Sanon WIDMAIER (admin) de INASSA  s'est connecté   
[<b>09/07/2021 01:05:15 pm</b>] Sanon WIDMAIER (admin) de INASSA est allé dans ACCUEIL 
[<b>09/07/2021 01:05:34 pm</b>] Sanon WIDMAIER (admin) de INASSA a recherché le client WIDMAIER SANON
[<b>09/07/2021 01:05:53 pm</b>] Sanon WIDMAIER (admin) de INASSA est allé dans ACCUEIL 
[<b>09/07/2021 01:06:01 pm</b>] Sanon WIDMAIER (admin) de INASSA a recherché le client WIDMAIER SANON
[<b>09/07/2021 01:06:21 pm</b>] Sanon WIDMAIER (admin) de INASSA est allé dans ACCUEIL 
[<b>09/07/2021 01:06:56 pm</b>] Sanon WIDMAIER (admin) de INASSA a recherché le client WIDMAIER SANON
[<b>09/07/2021 01:10:26 pm</b>] Sanon WIDMAIER (admin) de INASSA est allé dans ACCUEIL 
[<b>09/07/2021 01:10:31 pm</b>] Sanon WIDMAIER (admin) de INASSA  s'est déconnecté  
[<b>09/07/2021 01:10:58 pm</b>] Sanon WIDMAIER (admin) de INASSA  s'est connecté   
[<b>09/07/2021 01:10:58 pm</b>] Sanon WIDMAIER (admin) de INASSA est allé dans ACCUEIL 
[<b>09/07/2021 01:11:27 pm</b>] Sanon WIDMAIER (admin) de INASSA a recherché le client WIDMAIER SANON
[<b>09/07/2021 01:12:07 pm</b>] Sanon WIDMAIER (admin) de INASSA est allé dans ACCUEIL 
[<b>09/07/2021 01:12:14 pm</b>] Sanon WIDMAIER (admin) de INASSA  est allé dans HISTORIQUE 
[<b>09/07/2021 01:12:55 pm</b>] Sanon WIDMAIER (admin) de INASSA a vérifié l'historique du client WIDMAIER SANON
[<b>09/07/2021 01:13:09 pm</b>] Sanon WIDMAIER (admin) de INASSA est allé dans ACCUEIL 
[<b>09/07/2021 01:13:16 pm</b>] Sanon WIDMAIER (admin) de INASSA a recherché le client WIDMAIER SANON
[<b>09/07/2021 01:24:27 pm</b>] Sanon WIDMAIER (admin) de INASSA  s'est connecté   
[<b>09/07/2021 01:24:28 pm</b>] Sanon WIDMAIER (admin) de INASSA est allé dans ACCUEIL 
[<b>09/07/2021 01:24:32 pm</b>] Sanon WIDMAIER (admin) de INASSA  est allé dans HISTORIQUE 
[<b>09/07/2021 01:24:47 pm</b>] Sanon WIDMAIER (admin) de INASSA a vérifié l'historique du client WIDMAIER SANON
