[<b>31/08/2021 10:02:54 am</b>] Félix ORLENS CARL (admin) de INASSA  s'est connecté   
[<b>31/08/2021 10:02:54 am</b>] Félix ORLENS CARL (admin) de INASSA est allé dans ACCUEIL 
[<b>31/08/2021 10:03:01 am</b>] Félix ORLENS CARL (admin) de INASSA  est allé dans HISTORIQUE 
[<b>31/08/2021 01:33:25 pm</b>] Lovensky DESROCHES (medecin) de HOP BERNARD MEVS  s'est connecté   
[<b>31/08/2021 01:33:25 pm</b>] Lovensky DESROCHES (medecin) de HOP BERNARD MEVS  s'est connecté   
[<b>31/08/2021 01:33:26 pm</b>] Lovensky DESROCHES (medecin) de HOP BERNARD MEVS est allé dans ACCUEIL 
[<b>31/08/2021 01:34:22 pm</b>] Lovensky DESROCHES (medecin) de HOP BERNARD MEVS  a recherché   Marcelin Jean Jacques 1978-06-10 [MM/DD/YYYY]
[<b>31/08/2021 01:34:40 pm</b>] Lovensky DESROCHES (medecin) de HOP BERNARD MEVS  a recherché   Jean Jacques Marcelin 1978-06-10 [MM/DD/YYYY]
[<b>31/08/2021 01:34:59 pm</b>] Lovensky DESROCHES (medecin) de HOP BERNARD MEVS  a recherché   Jean Jacques Marcelin 1978-06-10 [MM/DD/YYYY]
[<b>31/08/2021 01:35:04 pm</b>] Lovensky DESROCHES (medecin) de HOP BERNARD MEVS  a recherché   Jean Jacques Marcelin 1978-06-10 [MM/DD/YYYY]
[<b>31/08/2021 01:35:09 pm</b>] Lovensky DESROCHES (medecin) de HOP BERNARD MEVS  a recherché   Jean Jacques Marcelin 1978-06-10 [MM/DD/YYYY]
[<b>31/08/2021 01:35:12 pm</b>] Lovensky DESROCHES (medecin) de HOP BERNARD MEVS  s'est déconnecté  
[<b>31/08/2021 02:50:16 pm</b>] Anick DUPUY (admin) de INASSA  s'est connecté   
[<b>31/08/2021 02:50:16 pm</b>] Anick DUPUY (admin) de INASSA est allé dans ACCUEIL 
[<b>31/08/2021 02:51:38 pm</b>] Anick DUPUY (admin) de INASSA a recherché le client ANICK SUPPLICE DUPUY 1976-05-18
[<b>31/08/2021 02:51:38 pm</b>] Anick DUPUY (admin) de INASSA a recherché le client ANICK SUPPLICE DUPUY 1976-05-18
[<b>31/08/2021 02:52:20 pm</b>] Anick DUPUY (admin) de INASSA a recherché le client ANICK SUPPLICE DUPUY 1976-05-18
[<b>31/08/2021 02:52:20 pm</b>] Anick DUPUY (admin) de INASSA a recherché le client ANICK SUPPLICE DUPUY 1976-05-18
[<b>31/08/2021 02:54:12 pm</b>] Anick DUPUY (admin) de INASSA est allé dans ACCUEIL 
[<b>31/08/2021 02:58:29 pm</b>] Anick DUPUY (admin) de INASSA  est allé dans HISTORIQUE 
[<b>31/08/2021 02:58:33 pm</b>] Anick DUPUY (admin) de INASSA  est allé dans HISTORIQUE 
[<b>31/08/2021 03:00:04 pm</b>] Sanon WIDMAIER (admin) de INASSA  s'est connecté   
[<b>31/08/2021 03:00:05 pm</b>] Sanon WIDMAIER (admin) de INASSA est allé dans ACCUEIL 
[<b>31/08/2021 03:00:13 pm</b>] Sanon WIDMAIER (admin) de INASSA  a changé son mot de passe  
[<b>31/08/2021 03:00:13 pm</b>] Sanon WIDMAIER (admin) de INASSA est allé dans ACCUEIL 
[<b>31/08/2021 03:00:46 pm</b>] Anick DUPUY (admin) de INASSA  s'est déconnecté  
[<b>31/08/2021 03:01:11 pm</b>] Sanon WIDMAIER (admin) de INASSA a recherché le client WIDMAIER SANON 1978-07-01
[<b>31/08/2021 03:01:11 pm</b>] Sanon WIDMAIER (admin) de INASSA a recherché le client WIDMAIER SANON 1978-07-01
[<b>31/08/2021 03:01:49 pm</b>] Sanon WIDMAIER (admin) de INASSA est allé dans ACCUEIL 
[<b>31/08/2021 03:02:06 pm</b>] Sanon WIDMAIER (admin) de INASSA  est allé dans HISTORIQUE 
[<b>31/08/2021 03:03:26 pm</b>] Anick DUPUY (admin) de INASSA  s'est connecté   
[<b>31/08/2021 03:03:26 pm</b>] Anick DUPUY (admin) de INASSA est allé dans ACCUEIL 
[<b>31/08/2021 03:03:29 pm</b>] Anick DUPUY (admin) de INASSA  est allé dans HISTORIQUE 
[<b>31/08/2021 03:06:36 pm</b>] Anick DUPUY (admin) de INASSA est allé dans ACCUEIL 
[<b>31/08/2021 03:07:55 pm</b>] Anick DUPUY (admin) de INASSA a recherché le client MATEO DUPUY 2005-01-05
[<b>31/08/2021 03:07:55 pm</b>] Anick DUPUY (admin) de INASSA a recherché le client MATEO DUPUY 2005-01-05
[<b>31/08/2021 03:07:55 pm</b>] Anick DUPUY (admin) de INASSA a recherché le client MATEO DUPUY 2005-01-05
[<b>31/08/2021 03:08:07 pm</b>] Anick DUPUY (admin) de INASSA  est allé dans HISTORIQUE 
[<b>31/08/2021 03:09:23 pm</b>] Anick DUPUY (admin) de INASSA est allé dans ACCUEIL 
[<b>31/08/2021 03:10:02 pm</b>] Sanon WIDMAIER (admin) de INASSA  s'est connecté   
[<b>31/08/2021 03:10:02 pm</b>] Sanon WIDMAIER (admin) de INASSA est allé dans ACCUEIL 
[<b>31/08/2021 03:10:21 pm</b>] Anick DUPUY (admin) de INASSA a recherché le client ANICK SUPPLICE DUPUY 1976-05-18
[<b>31/08/2021 03:10:21 pm</b>] Anick DUPUY (admin) de INASSA a recherché le client ANICK SUPPLICE DUPUY 1976-05-18
[<b>31/08/2021 03:10:25 pm</b>] Anick DUPUY (admin) de INASSA  est allé dans HISTORIQUE 
[<b>31/08/2021 03:11:14 pm</b>] Anick DUPUY (admin) de INASSA est allé dans ACCUEIL 
[<b>31/08/2021 03:11:18 pm</b>] Anick DUPUY (admin) de INASSA  s'est déconnecté  
