[<b>10/09/2021 08:30:08 am</b>] Rood-Jerry GEFFRARD (medecin) de Hopital Adventiste Diquini  s'est connecté   
[<b>10/09/2021 08:30:08 am</b>] Rood-Jerry GEFFRARD (medecin) de Hopital Adventiste Diquini est allé dans ACCUEIL 
[<b>10/09/2021 08:32:30 am</b>] Rood-Jerry GEFFRARD (medecin) de Hopital Adventiste Diquini a recherché le client BIBIANNE B. BONNET 1963-05-26
[<b>10/09/2021 10:00:33 am</b>] Johanne LAROCHE (medecin) de Clinique du Dr Decastro  s'est connecté   
[<b>10/09/2021 10:00:34 am</b>] Johanne LAROCHE (medecin) de Clinique du Dr Decastro est allé dans ACCUEIL 
[<b>10/09/2021 10:02:19 am</b>] Johanne LAROCHE (medecin) de Clinique du Dr Decastro a recherché le client MARIE-CARMEL FRANCK 1972-09-19
[<b>10/09/2021 10:02:19 am</b>] Johanne LAROCHE (medecin) de Clinique du Dr Decastro a recherché le client MARIE-CARMEL FRANCK 1972-09-19
[<b>10/09/2021 10:02:34 am</b>] Johanne LAROCHE (medecin) de Clinique du Dr Decastro est allé dans ACCUEIL 
[<b>10/09/2021 12:03:06 pm</b>] Maria Gabelita ASSAD (medecin) de Clinique Dr M. Gabellita Assad  s'est connecté   
[<b>10/09/2021 12:03:09 pm</b>] Maria Gabelita ASSAD (medecin) de Clinique Dr M. Gabellita Assad est allé dans ACCUEIL 
[<b>10/09/2021 12:05:56 pm</b>] Reginald ARNOUX (medecin) de Clinique du Dr Arnoux  s'est connecté   
[<b>10/09/2021 12:05:57 pm</b>] Reginald ARNOUX (medecin) de Clinique du Dr Arnoux est allé dans ACCUEIL 
[<b>10/09/2021 12:08:25 pm</b>] Reginald ARNOUX (medecin) de Clinique du Dr Arnoux  a recherché   Gino Pierre 1975-09-09 [MM/DD/YYYY]
[<b>10/09/2021 12:10:18 pm</b>] Reginald ARNOUX (medecin) de Clinique du Dr Arnoux a recherché le client GINO PIERRE 1975-11-09
[<b>10/09/2021 12:10:18 pm</b>] Reginald ARNOUX (medecin) de Clinique du Dr Arnoux a recherché le client GINO PIERRE 1975-11-09
[<b>10/09/2021 12:16:17 pm</b>] Reginald ARNOUX (medecin) de Clinique du Dr Arnoux  s'est connecté   
[<b>10/09/2021 12:16:18 pm</b>] Reginald ARNOUX (medecin) de Clinique du Dr Arnoux est allé dans ACCUEIL 
[<b>10/09/2021 12:16:32 pm</b>] Reginald ARNOUX (medecin) de Clinique du Dr Arnoux  a recherché   Gino Pierre 1975-09-09 [MM/DD/YYYY]
[<b>10/09/2021 12:17:15 pm</b>] Reginald ARNOUX (medecin) de Clinique du Dr Arnoux a recherché le client GINO PIERRE 1975-11-09
[<b>10/09/2021 12:17:15 pm</b>] Reginald ARNOUX (medecin) de Clinique du Dr Arnoux a recherché le client GINO PIERRE 1975-11-09
[<b>10/09/2021 12:19:29 pm</b>] Reginald ARNOUX (medecin) de Clinique du Dr Arnoux est allé dans ACCUEIL 
[<b>10/09/2021 03:48:04 pm</b>]   () de   s'est déconnecté  
