[<b>01/09/2021 11:37:03 am</b>] Félix ORLENS CARL (admin) de INASSA  s'est connecté   
[<b>01/09/2021 11:37:04 am</b>] Félix ORLENS CARL (admin) de INASSA est allé dans ACCUEIL 
[<b>01/09/2021 11:37:09 am</b>] Félix ORLENS CARL (admin) de INASSA  est allé dans HISTORIQUE 
[<b>01/09/2021 11:39:35 am</b>] Félix ORLENS CARL (admin) de INASSA a vérifié l'historique du client CARL ORLENS FELIX 
[<b>01/09/2021 11:39:58 am</b>] Félix ORLENS CARL (admin) de INASSA a vérifié l'historique du client CARL ORLENS FELIX 
[<b>01/09/2021 11:40:54 am</b>] Félix ORLENS CARL (admin) de INASSA a vérifié l'historique du client RAFAELLE  RICHARD 
[<b>01/09/2021 11:41:15 am</b>] Félix ORLENS CARL (admin) de INASSA a vérifié l'historique du client RAFAELLE  MITCHELL
[<b>01/09/2021 11:42:04 am</b>] Félix ORLENS CARL (admin) de INASSA a vérifié l'historique du client RAFAELLE  MITCHELL
[<b>01/09/2021 11:42:34 am</b>] Félix ORLENS CARL (admin) de INASSA a vérifié l'historique du client RAFAELLE  MITCHELL
[<b>01/09/2021 11:43:18 am</b>] Félix ORLENS CARL (admin) de INASSA a vérifié l'historique du client RAFAELLE  RICHARD
[<b>01/09/2021 11:44:01 am</b>] Félix ORLENS CARL (admin) de INASSA a vérifié l'historique du client MARCELLE  GEORGES 
[<b>01/09/2021 11:44:09 am</b>] Félix ORLENS CARL (admin) de INASSA est allé dans ACCUEIL 
[<b>01/09/2021 11:45:06 am</b>] Félix ORLENS CARL (admin) de INASSA est allé dans ACCUEIL 
[<b>01/09/2021 11:46:13 am</b>] Félix ORLENS CARL (admin) de INASSA a recherché le client MARCELLE M. GEORGES 1961-08-11
[<b>01/09/2021 11:50:29 am</b>] Félix ORLENS CARL (admin) de INASSA  est allé dans HISTORIQUE 
[<b>01/09/2021 12:07:48 pm</b>] Anick DUPUY (admin) de INASSA  s'est connecté   
[<b>01/09/2021 12:07:48 pm</b>] Anick DUPUY (admin) de INASSA est allé dans ACCUEIL 
[<b>01/09/2021 12:08:05 pm</b>] Anick DUPUY (admin) de INASSA  est allé dans HISTORIQUE 
[<b>01/09/2021 12:09:14 pm</b>] Anick DUPUY (admin) de INASSA est allé dans ACCUEIL 
[<b>01/09/2021 12:10:35 pm</b>] Anick DUPUY (admin) de INASSA a recherché le client JéSULA DANIEL 1983-09-23
[<b>01/09/2021 12:10:36 pm</b>] Anick DUPUY (admin) de INASSA a recherché le client JéSULA DANIEL 1983-09-23
[<b>01/09/2021 12:12:34 pm</b>] Anick DUPUY (admin) de INASSA a recherché le client DIMMY LOUIS 1973-09-12
[<b>01/09/2021 12:13:28 pm</b>] Anick DUPUY (admin) de INASSA a recherché le client JEAN RENE 1961-02-06
[<b>01/09/2021 12:14:32 pm</b>] Anick DUPUY (admin) de INASSA a recherché le client SMITH DIEUDONNE 1974-10-19
[<b>01/09/2021 12:14:32 pm</b>] Anick DUPUY (admin) de INASSA a recherché le client SMITH DIEUDONNE 1974-10-19
[<b>01/09/2021 12:14:46 pm</b>] Anick DUPUY (admin) de INASSA  est allé dans HISTORIQUE 
[<b>01/09/2021 12:17:19 pm</b>] Anick DUPUY (admin) de INASSA est allé dans ACCUEIL 
[<b>01/09/2021 12:17:54 pm</b>] Anick DUPUY (admin) de INASSA  a recherché   rose eloy 1975-07-26 [MM/DD/YYYY]
[<b>01/09/2021 12:18:09 pm</b>] Anick DUPUY (admin) de INASSA  a recherché   rose murielle eloy 1975-07-26 [MM/DD/YYYY]
[<b>01/09/2021 12:18:30 pm</b>] Anick DUPUY (admin) de INASSA  a recherché   eloy rose murielle aristide 1975-07-26 [MM/DD/YYYY]
[<b>01/09/2021 12:19:50 pm</b>] Anick DUPUY (admin) de INASSA a recherché le client ELOY ROSE MURIELLE ARISTIDE 1975-07-26
[<b>01/09/2021 12:20:11 pm</b>] Anick DUPUY (admin) de INASSA a recherché le client ELOY ROSE MURIELLE ARISTIDE 1975-07-26
[<b>01/09/2021 12:29:31 pm</b>]   () de   s'est déconnecté  
[<b>01/09/2021 12:50:32 pm</b>] Félix ORLENS CARL (admin) de INASSA  s'est connecté   
[<b>01/09/2021 12:50:33 pm</b>] Félix ORLENS CARL (admin) de INASSA est allé dans ACCUEIL 
