[<b>02/01/2021 06:01:44 pm</b>] Fabiola FRANCOIS (medecin) de Hopital Espoir  s'est connecté   
[<b>02/01/2021 06:01:45 pm</b>] Fabiola FRANCOIS (medecin) de Hopital Espoir est allé dans ACCUEIL 
[<b>02/01/2021 06:03:33 pm</b>] Fabiola FRANCOIS (medecin) de Hopital Espoir a recherché le client STEPHANIE MERAND 1986-12-04
[<b>02/01/2021 06:03:52 pm</b>] Fabiola FRANCOIS (medecin) de Hopital Espoir est allé dans ACCUEIL 
[<b>02/01/2021 08:42:36 pm</b>] Wilkendhie JOSEPH (medecin) de Hopital du Canape Vert  s'est connecté   
[<b>02/01/2021 08:42:38 pm</b>] Wilkendhie JOSEPH (medecin) de Hopital du Canape Vert est allé dans ACCUEIL 
[<b>02/01/2021 08:44:59 pm</b>] Wilkendhie JOSEPH (medecin) de Hopital du Canape Vert  a recherché   gabriel frederic 1961-05-20 [MM/DD/YYYY]
[<b>02/01/2021 08:45:37 pm</b>] Wilkendhie JOSEPH (medecin) de Hopital du Canape Vert  a recherché   gabriel frederic 1961-05-20 [MM/DD/YYYY]
[<b>02/01/2021 08:46:16 pm</b>] Wilkendhie JOSEPH (medecin) de Hopital du Canape Vert  a recherché   patrick poulard 1962-05-26 [MM/DD/YYYY]
[<b>02/01/2021 08:46:39 pm</b>] Wilkendhie JOSEPH (medecin) de Hopital du Canape Vert  a recherché   patrick poulard 1962-05-26 [MM/DD/YYYY]
[<b>02/01/2021 08:47:04 pm</b>] Wilkendhie JOSEPH (medecin) de Hopital du Canape Vert  a recherché   poulard patrick 1962-05-26 [MM/DD/YYYY]
[<b>02/01/2021 08:47:28 pm</b>] Wilkendhie JOSEPH (medecin) de Hopital du Canape Vert  a recherché   poulard patrick 1962-05-26 [MM/DD/YYYY]
[<b>02/01/2021 08:48:24 pm</b>] Wilkendhie JOSEPH (medecin) de Hopital du Canape Vert  a recherché   frederic gabriel 1961-05-20 [MM/DD/YYYY]
[<b>02/01/2021 08:48:38 pm</b>] Wilkendhie JOSEPH (medecin) de Hopital du Canape Vert  est allé dans HISTORIQUE 
[<b>02/01/2021 08:49:24 pm</b>] Wilkendhie JOSEPH (medecin) de Hopital du Canape Vert est allé dans ACCUEIL 
[<b>02/01/2021 08:50:20 pm</b>] Wilkendhie JOSEPH (medecin) de Hopital du Canape Vert  a recherché   PATRICK POULARD 1962-05-20 [MM/DD/YYYY]
[<b>02/01/2021 08:50:31 pm</b>] Wilkendhie JOSEPH (medecin) de Hopital du Canape Vert  a recherché   PATRICK POULARD 1962-03-20 [MM/DD/YYYY]
[<b>02/01/2021 08:51:41 pm</b>] Wilkendhie JOSEPH (medecin) de Hopital du Canape Vert  a recherché   FRDERIC GABRIEL 1961-05-20 [MM/DD/YYYY]
[<b>02/01/2021 08:51:53 pm</b>] Wilkendhie JOSEPH (medecin) de Hopital du Canape Vert  a recherché   FRDERIC GABRIEL 1961-05-20 [MM/DD/YYYY]
[<b>02/01/2021 08:52:58 pm</b>] Wilkendhie JOSEPH (medecin) de Hopital du Canape Vert  a recherché   FREDERIC GABRIEL 1961-05-20 [MM/DD/YYYY]
[<b>02/01/2021 08:54:13 pm</b>] Wilkendhie JOSEPH (medecin) de Hopital du Canape Vert  a recherché   PATRICK POULARD 1962-05-26 [MM/DD/YYYY]
[<b>02/01/2021 10:45:50 pm</b>] Fabiola FRANCOIS (medecin) de Hopital Espoir  s'est connecté   
[<b>02/01/2021 10:45:50 pm</b>] Fabiola FRANCOIS (medecin) de Hopital Espoir est allé dans ACCUEIL 
[<b>02/01/2021 10:46:35 pm</b>] Fabiola FRANCOIS (medecin) de Hopital Espoir a recherché le client JOSEPH ALTIDOR 1955-02-11
[<b>02/01/2021 10:47:02 pm</b>] Fabiola FRANCOIS (medecin) de Hopital Espoir est allé dans ACCUEIL 
