[<b>18/08/2021 10:07:30 am</b>] Sanon WIDMAIER (admin) de INASSA  s'est connecté   
[<b>18/08/2021 10:07:49 am</b>] Sanon WIDMAIER (admin) de INASSA  s'est connecté   
[<b>18/08/2021 10:07:56 am</b>] Sanon WIDMAIER (admin) de INASSA  s'est connecté   
[<b>18/08/2021 10:09:34 am</b>] Sanon WIDMAIER (admin) de INASSA  s'est connecté   
[<b>18/08/2021 10:10:34 am</b>] Sanon WIDMAIER (admin) de INASSA  s'est connecté   
[<b>18/08/2021 10:10:45 am</b>] Sanon WIDMAIER (admin) de INASSA  s'est connecté   
[<b>18/08/2021 11:16:04 am</b>] Admin WYZDEV (admin) de INASSA  s'est connecté   
[<b>18/08/2021 11:16:05 am</b>] Admin WYZDEV (admin) de INASSA est allé dans ACCUEIL 
[<b>18/08/2021 11:16:14 am</b>] Admin WYZDEV (admin) de INASSA  est allé dans PARAMETRES  
[<b>18/08/2021 11:17:57 am</b>] Admin WYZDEV (admin) de INASSA est allé dans ACCUEIL 
[<b>18/08/2021 11:18:03 am</b>] Admin WYZDEV (admin) de INASSA  est allé dans PARAMETRES  
[<b>18/08/2021 11:18:31 am</b>] Admin WYZDEV (admin) de INASSA  s'est déconnecté  
[<b>18/08/2021 11:18:38 am</b>] Sanon WIDMAIER (admin) de INASSA  s'est connecté   
[<b>18/08/2021 11:18:38 am</b>] Sanon WIDMAIER (admin) de INASSA est allé dans ACCUEIL 
[<b>18/08/2021 11:31:04 am</b>] Sanon WIDMAIER (admin) de INASSA  s'est connecté   
[<b>18/08/2021 11:31:49 am</b>] Sanon WIDMAIER (admin) de INASSA  s'est connecté   
[<b>18/08/2021 11:31:55 am</b>] Sanon WIDMAIER (admin) de INASSA  s'est connecté   
[<b>18/08/2021 11:32:14 am</b>] Sanon WIDMAIER (admin) de INASSA  s'est connecté   
[<b>18/08/2021 11:36:08 am</b>] Sanon WIDMAIER (admin) de INASSA  s'est connecté   
[<b>18/08/2021 03:53:45 pm</b>] Sanon WIDMAIER (admin) de INASSA  s'est connecté   
[<b>18/08/2021 03:53:46 pm</b>] Sanon WIDMAIER (admin) de INASSA est allé dans ACCUEIL 
[<b>18/08/2021 03:54:02 pm</b>] Sanon WIDMAIER (admin) de INASSA  a changé son mot de passe  
[<b>18/08/2021 03:54:03 pm</b>] Sanon WIDMAIER (admin) de INASSA est allé dans ACCUEIL 
[<b>18/08/2021 03:54:34 pm</b>] Sanon WIDMAIER (admin) de INASSA est allé dans ACCUEIL 
[<b>18/08/2021 03:55:44 pm</b>] Sanon WIDMAIER (admin) de INASSA  a recherché      [MM/DD/YYYY]
[<b>18/08/2021 03:55:52 pm</b>] Sanon WIDMAIER (admin) de INASSA  a recherché      [MM/DD/YYYY]
[<b>18/08/2021 03:56:41 pm</b>] Sanon WIDMAIER (admin) de INASSA a recherché le client WIDMAIER SANON 1978-07-01
[<b>18/08/2021 03:56:41 pm</b>] Sanon WIDMAIER (admin) de INASSA a recherché le client WIDMAIER SANON 1978-07-01
[<b>18/08/2021 03:57:23 pm</b>] Sanon WIDMAIER (admin) de INASSA a recherché le client WIDMAIER SANON 1978-07-01
[<b>18/08/2021 03:57:23 pm</b>] Sanon WIDMAIER (admin) de INASSA a recherché le client WIDMAIER SANON 1978-07-01
[<b>18/08/2021 03:57:23 pm</b>] Sanon WIDMAIER (admin) de INASSA est allé dans ACCUEIL 
[<b>18/08/2021 03:57:23 pm</b>] Sanon WIDMAIER (admin) de INASSA est allé dans ACCUEIL 
[<b>18/08/2021 03:57:44 pm</b>] Sanon WIDMAIER (admin) de INASSA  s'est déconnecté  
[<b>18/08/2021 03:57:51 pm</b>] Sanon WIDMAIER (admin) de INASSA  s'est connecté   
[<b>18/08/2021 03:57:51 pm</b>] Sanon WIDMAIER (admin) de INASSA est allé dans ACCUEIL 
[<b>18/08/2021 03:58:40 pm</b>] Sanon WIDMAIER (admin) de INASSA a recherché le client WIDMAIER SANON 1978-07-01
[<b>18/08/2021 03:58:40 pm</b>] Sanon WIDMAIER (admin) de INASSA a recherché le client WIDMAIER SANON 1978-07-01
