[<b>17/09/2021 08:48:15 am</b>] Johanne LAROCHE (medecin) de Clinique du Dr Decastro  s'est connecté   
[<b>17/09/2021 08:48:15 am</b>] Johanne LAROCHE (medecin) de Clinique du Dr Decastro est allé dans ACCUEIL 
[<b>17/09/2021 08:50:11 am</b>] Johanne LAROCHE (medecin) de Clinique du Dr Decastro a recherché le client DINA DERVIL 1989-11-25
[<b>17/09/2021 08:50:11 am</b>] Johanne LAROCHE (medecin) de Clinique du Dr Decastro a recherché le client DINA DERVIL 1989-11-25
[<b>17/09/2021 08:50:11 am</b>] Johanne LAROCHE (medecin) de Clinique du Dr Decastro a recherché le client DINA DERVIL 1989-11-25
[<b>17/09/2021 08:50:59 am</b>] Johanne LAROCHE (medecin) de Clinique du Dr Decastro est allé dans ACCUEIL 
[<b>17/09/2021 10:46:28 am</b>] Johanne LAROCHE (medecin) de Clinique du Dr Decastro  s'est connecté   
[<b>17/09/2021 10:46:29 am</b>] Johanne LAROCHE (medecin) de Clinique du Dr Decastro est allé dans ACCUEIL 
[<b>17/09/2021 10:47:29 am</b>] Johanne LAROCHE (medecin) de Clinique du Dr Decastro a recherché le client KETTY JEAN CHARLES 1995-08-20
[<b>17/09/2021 10:47:51 am</b>] Johanne LAROCHE (medecin) de Clinique du Dr Decastro a recherché le client KETTY JEAN CHARLES 1995-08-20
[<b>17/09/2021 10:49:40 am</b>] Johanne LAROCHE (medecin) de Clinique du Dr Decastro est allé dans ACCUEIL 
[<b>17/09/2021 10:50:35 am</b>] Johanne LAROCHE (medecin) de Clinique du Dr Decastro a recherché le client KETTY JEAN-CHARLES 1995-08-20
[<b>17/09/2021 10:50:52 am</b>] Johanne LAROCHE (medecin) de Clinique du Dr Decastro est allé dans ACCUEIL 
[<b>17/09/2021 05:19:21 pm</b>] Sanon WIDMAIER (admin) de INASSA  s'est connecté   
[<b>17/09/2021 05:19:22 pm</b>] Sanon WIDMAIER (admin) de INASSA est allé dans ACCUEIL 
[<b>17/09/2021 05:20:08 pm</b>] Sanon WIDMAIER (admin) de INASSA est allé dans ACCUEIL 
[<b>17/09/2021 05:20:08 pm</b>] Sanon WIDMAIER (admin) de INASSA est allé dans ACCUEIL 
[<b>17/09/2021 05:21:21 pm</b>] Sanon WIDMAIER (admin) de INASSA a recherché le client WIDMAIER SANON 1978-07-01
[<b>17/09/2021 05:21:21 pm</b>] Sanon WIDMAIER (admin) de INASSA a recherché le client WIDMAIER SANON 1978-07-01
[<b>17/09/2021 05:23:59 pm</b>] Sanon WIDMAIER (admin) de INASSA est allé dans ACCUEIL 
