[<b>15/09/2021 10:01:26 am</b>] Johanne LAROCHE (medecin) de Clinique du Dr Decastro  s'est connecté   
[<b>15/09/2021 10:01:27 am</b>] Johanne LAROCHE (medecin) de Clinique du Dr Decastro est allé dans ACCUEIL 
[<b>15/09/2021 10:02:57 am</b>] Johanne LAROCHE (medecin) de Clinique du Dr Decastro a recherché le client DIEUNETTE DESPEINES 1964-04-19
[<b>15/09/2021 10:03:21 am</b>] Johanne LAROCHE (medecin) de Clinique du Dr Decastro est allé dans ACCUEIL 
[<b>15/09/2021 11:47:28 am</b>] Fabiola LOUIS (medecin) de HOP BERNARD MEVS  s'est connecté   
[<b>15/09/2021 11:47:29 am</b>] Fabiola LOUIS (medecin) de HOP BERNARD MEVS est allé dans ACCUEIL 
[<b>15/09/2021 12:14:35 pm</b>] Félix ORLENS CARL (admin) de INASSA  s'est connecté   
[<b>15/09/2021 12:14:36 pm</b>] Félix ORLENS CARL (admin) de INASSA est allé dans ACCUEIL 
[<b>15/09/2021 12:14:50 pm</b>] Félix ORLENS CARL (admin) de INASSA  est allé dans HISTORIQUE 
[<b>15/09/2021 12:15:30 pm</b>] Félix ORLENS CARL (admin) de INASSA est allé dans ACCUEIL 
[<b>15/09/2021 12:15:38 pm</b>] Félix ORLENS CARL (admin) de INASSA  est allé dans HISTORIQUE 
[<b>15/09/2021 12:15:59 pm</b>] Félix ORLENS CARL (admin) de INASSA est allé dans ACCUEIL 
[<b>15/09/2021 12:16:06 pm</b>] Félix ORLENS CARL (admin) de INASSA  est allé dans HISTORIQUE 
[<b>15/09/2021 12:16:16 pm</b>] Félix ORLENS CARL (admin) de INASSA  est allé dans HISTORIQUE 
[<b>15/09/2021 12:16:31 pm</b>] Johanne LAROCHE (medecin) de Clinique du Dr Decastro  s'est connecté   
[<b>15/09/2021 12:16:32 pm</b>] Johanne LAROCHE (medecin) de Clinique du Dr Decastro est allé dans ACCUEIL 
[<b>15/09/2021 12:18:15 pm</b>] Johanne LAROCHE (medecin) de Clinique du Dr Decastro a recherché le client JAELLE JEANTY 1991-09-03
[<b>15/09/2021 12:18:15 pm</b>] Johanne LAROCHE (medecin) de Clinique du Dr Decastro a recherché le client JAELLE JEANTY 1991-09-03
[<b>15/09/2021 12:18:15 pm</b>] Johanne LAROCHE (medecin) de Clinique du Dr Decastro a recherché le client JAELLE JEANTY 1991-09-03
[<b>15/09/2021 12:18:41 pm</b>] Johanne LAROCHE (medecin) de Clinique du Dr Decastro est allé dans ACCUEIL 
[<b>15/09/2021 03:39:40 pm</b>]   () de   s'est déconnecté  
