[<b>30/08/2021 07:48:57 am</b>] Lovensky DESROCHES (medecin) de HOP BERNARD MEVS  s'est connecté   
[<b>30/08/2021 07:48:58 am</b>] Lovensky DESROCHES (medecin) de HOP BERNARD MEVS est allé dans ACCUEIL 
[<b>30/08/2021 07:51:00 am</b>] Lovensky DESROCHES (medecin) de HOP BERNARD MEVS  a recherché   jean colbert joseph 1982-05-03 [MM/DD/YYYY]
[<b>30/08/2021 07:52:26 am</b>] Lovensky DESROCHES (medecin) de HOP BERNARD MEVS  s'est déconnecté  
[<b>30/08/2021 08:02:04 am</b>] Lovensky DESROCHES (medecin) de HOP BERNARD MEVS  s'est connecté   
[<b>30/08/2021 08:02:05 am</b>] Lovensky DESROCHES (medecin) de HOP BERNARD MEVS est allé dans ACCUEIL 
[<b>30/08/2021 08:03:40 am</b>] Lovensky DESROCHES (medecin) de HOP BERNARD MEVS a recherché le client JéSULA DANIEL 1983-09-23
[<b>30/08/2021 08:03:40 am</b>] Lovensky DESROCHES (medecin) de HOP BERNARD MEVS a recherché le client JéSULA DANIEL 1983-09-23
[<b>30/08/2021 08:04:15 am</b>] Lovensky DESROCHES (medecin) de HOP BERNARD MEVS est allé dans ACCUEIL 
[<b>30/08/2021 08:04:19 am</b>] Lovensky DESROCHES (medecin) de HOP BERNARD MEVS  s'est déconnecté  
[<b>30/08/2021 08:55:59 am</b>] Félix ORLENS CARL (admin) de INASSA  s'est connecté   
[<b>30/08/2021 08:55:59 am</b>] Félix ORLENS CARL (admin) de INASSA est allé dans ACCUEIL 
[<b>30/08/2021 08:56:59 am</b>] Félix ORLENS CARL (admin) de INASSA est allé dans ACCUEIL 
[<b>30/08/2021 08:58:49 am</b>] Félix ORLENS CARL (admin) de INASSA est allé dans ACCUEIL 
[<b>30/08/2021 10:54:32 am</b>] Lovensky DESROCHES (medecin) de HOP BERNARD MEVS  s'est connecté   
[<b>30/08/2021 10:54:32 am</b>] Lovensky DESROCHES (medecin) de HOP BERNARD MEVS est allé dans ACCUEIL 
[<b>30/08/2021 10:55:36 am</b>] Lovensky DESROCHES (medecin) de HOP BERNARD MEVS  s'est déconnecté  
[<b>30/08/2021 10:55:53 am</b>] Lovensky DESROCHES (medecin) de HOP BERNARD MEVS  s'est connecté   
[<b>30/08/2021 10:55:53 am</b>] Lovensky DESROCHES (medecin) de HOP BERNARD MEVS est allé dans ACCUEIL 
[<b>30/08/2021 10:56:18 am</b>] Lovensky DESROCHES (medecin) de HOP BERNARD MEVS  a recherché   rose mureille aristide eloy 1975-07-26 [MM/DD/YYYY]
[<b>30/08/2021 10:56:41 am</b>] Lovensky DESROCHES (medecin) de HOP BERNARD MEVS  a recherché   eloy rose mureille aristide 1975-07-26 [MM/DD/YYYY]
[<b>30/08/2021 10:56:49 am</b>] Lovensky DESROCHES (medecin) de HOP BERNARD MEVS  s'est déconnecté  
