[<b>08/07/2021 01:49:43 pm</b>] Admin WYZDEV (admin) de INASSA  s'est connecté   
[<b>08/07/2021 01:49:43 pm</b>] Admin WYZDEV (admin) de INASSA est allé dans ACCUEIL 
[<b>08/07/2021 01:49:56 pm</b>] Admin WYZDEV (admin) de INASSA est allé dans ACCUEIL 
[<b>08/07/2021 02:19:39 pm</b>] Admin WYZDEV (admin) de INASSA  s'est connecté   
[<b>08/07/2021 02:19:49 pm</b>] Admin WYZDEV (admin) de INASSA est allé dans ACCUEIL 
[<b>08/07/2021 02:47:56 pm</b>] Admin WYZDEV (admin) de INASSA  s'est connecté   
[<b>08/07/2021 02:47:58 pm</b>] Admin WYZDEV (admin) de INASSA est allé dans ACCUEIL 
[<b>08/07/2021 03:13:15 pm</b>] Admin WYZDEV (admin) de INASSA  s'est connecté   
[<b>08/07/2021 03:13:34 pm</b>] Admin WYZDEV (admin) de INASSA est allé dans ACCUEIL 
[<b>08/07/2021 03:15:08 pm</b>] Admin WYZDEV (admin) de INASSA  est allé dans HISTORIQUE 
[<b>08/07/2021 03:18:44 pm</b>] Admin WYZDEV (admin) de INASSA est allé dans ACCUEIL 
[<b>08/07/2021 03:36:16 pm</b>] Admin WYZDEV (admin) de INASSA  s'est connecté   
[<b>08/07/2021 03:36:16 pm</b>] Admin WYZDEV (admin) de INASSA est allé dans ACCUEIL 
[<b>08/07/2021 03:41:46 pm</b>] Admin WYZDEV (admin) de INASSA a recherché le client WILBERT BASTIEN
[<b>08/07/2021 03:42:28 pm</b>] Admin WYZDEV (admin) de INASSA a recherché le client JUNIA ARNAUD
[<b>08/07/2021 03:43:33 pm</b>] Admin WYZDEV (admin) de INASSA a recherché le client HENRI FELIX
[<b>08/07/2021 05:20:47 pm</b>] Marc-Eric ALTIDOR (admin) de INASSA  s'est connecté   
[<b>08/07/2021 05:20:47 pm</b>] Marc-Eric ALTIDOR (admin) de INASSA  s'est connecté   
[<b>08/07/2021 05:20:48 pm</b>] Marc-Eric ALTIDOR (admin) de INASSA est allé dans ACCUEIL 
[<b>08/07/2021 05:22:02 pm</b>] Marc-Eric ALTIDOR (admin) de INASSA est allé dans ACCUEIL 
[<b>08/07/2021 05:22:51 pm</b>] Marc-Eric ALTIDOR (admin) de INASSA a recherché le client MARC ALTIDOR
[<b>08/07/2021 05:23:36 pm</b>] Marc-Eric ALTIDOR (admin) de INASSA a recherché le client MARC ALTIDOR
