[<b>05/01/2021 08:06:54 am</b>] Johanne LAROCHE (medecin) de Clinique du Dr Decastro  s'est connecté   
[<b>05/01/2021 08:06:55 am</b>] Johanne LAROCHE (medecin) de Clinique du Dr Decastro est allé dans ACCUEIL 
[<b>05/01/2021 08:08:06 am</b>] Johanne LAROCHE (medecin) de Clinique du Dr Decastro a recherché le client LUCE-TEVA DANIEL 1990-02-20
[<b>05/01/2021 08:08:06 am</b>] Johanne LAROCHE (medecin) de Clinique du Dr Decastro a recherché le client LUCE-TEVA DANIEL 1990-02-20
[<b>05/01/2021 08:08:50 am</b>] Johanne LAROCHE (medecin) de Clinique du Dr Decastro est allé dans ACCUEIL 
[<b>05/01/2021 08:25:41 am</b>] Johanne LAROCHE (medecin) de Clinique du Dr Decastro  s'est connecté   
[<b>05/01/2021 08:25:42 am</b>] Johanne LAROCHE (medecin) de Clinique du Dr Decastro est allé dans ACCUEIL 
[<b>05/01/2021 08:26:40 am</b>] Johanne LAROCHE (medecin) de Clinique du Dr Decastro a recherché le client KARINE GEORGES 1978-01-02
[<b>05/01/2021 08:28:53 am</b>] Johanne LAROCHE (medecin) de Clinique du Dr Decastro a recherché le client KARINE GEORGES 1978-01-02
[<b>05/01/2021 08:29:16 am</b>] Johanne LAROCHE (medecin) de Clinique du Dr Decastro  a recherché     1978-01-02 [MM/DD/YYYY]
[<b>05/01/2021 08:29:40 am</b>] Johanne LAROCHE (medecin) de Clinique du Dr Decastro a recherché le client KARINE GEORGES 1978-01-02
[<b>05/01/2021 08:29:50 am</b>] Johanne LAROCHE (medecin) de Clinique du Dr Decastro  a recherché     1978-01-02 [MM/DD/YYYY]
[<b>05/01/2021 08:29:54 am</b>] Johanne LAROCHE (medecin) de Clinique du Dr Decastro  a recherché     1978-01-02 [MM/DD/YYYY]
[<b>05/01/2021 08:30:08 am</b>] Johanne LAROCHE (medecin) de Clinique du Dr Decastro a recherché le client KARINE GEORGES 1978-01-02
[<b>05/01/2021 08:30:43 am</b>] Johanne LAROCHE (medecin) de Clinique du Dr Decastro est allé dans ACCUEIL 
[<b>05/01/2021 12:25:52 pm</b>] Maria Gabelita ASSAD (medecin) de Clinique Dr M. Gabellita Assad  s'est connecté   
[<b>05/01/2021 12:25:52 pm</b>] Maria Gabelita ASSAD (medecin) de Clinique Dr M. Gabellita Assad est allé dans ACCUEIL 
[<b>05/01/2021 12:25:53 pm</b>] Maria Gabelita ASSAD (medecin) de Clinique Dr M. Gabellita Assad est allé dans ACCUEIL 
[<b>05/01/2021 12:26:56 pm</b>] Maria Gabelita ASSAD (medecin) de Clinique Dr M. Gabellita Assad a recherché le client STéPHANIE MARIE RAOUL ALEXANDRE 1995-07-07
[<b>05/01/2021 12:26:57 pm</b>] Maria Gabelita ASSAD (medecin) de Clinique Dr M. Gabellita Assad est allé dans ACCUEIL 
[<b>05/01/2021 04:33:39 pm</b>] Rood-Jerry GEFFRARD (medecin) de Hopital Adventiste Diquini  s'est connecté   
[<b>05/01/2021 04:33:39 pm</b>] Rood-Jerry GEFFRARD (medecin) de Hopital Adventiste Diquini est allé dans ACCUEIL 
[<b>05/01/2021 04:34:18 pm</b>] Rood-Jerry GEFFRARD (medecin) de Hopital Adventiste Diquini a recherché le client OLIVER RODNEY CHARLES 2007-10-05
