[<b>19/03/2021 10:15:58 am</b>] Anick DUPUY (admin) de INASSA  s'est connecté   
[<b>19/03/2021 10:15:58 am</b>] Anick DUPUY (admin) de INASSA est allé dans ACCUEIL 
[<b>19/03/2021 10:16:11 am</b>] Anick DUPUY (admin) de INASSA  s'est déconnecté  
[<b>19/03/2021 10:54:50 am</b>] Marc-Eric ALTIDOR (admin) de INASSA  s'est connecté   
[<b>19/03/2021 10:54:50 am</b>] Marc-Eric ALTIDOR (admin) de INASSA est allé dans ACCUEIL 
[<b>19/03/2021 11:05:06 am</b>] Marc-Eric ALTIDOR (admin) de INASSA  s'est connecté   
[<b>19/03/2021 11:05:06 am</b>] Marc-Eric ALTIDOR (admin) de INASSA est allé dans ACCUEIL 
[<b>19/03/2021 11:05:20 am</b>] Marc-Eric ALTIDOR (admin) de INASSA est allé dans ACCUEIL 
[<b>19/03/2021 11:05:26 am</b>] Marc-Eric ALTIDOR (admin) de INASSA  s'est déconnecté  
[<b>19/03/2021 11:05:30 am</b>] Marc-Eric ALTIDOR (admin) de INASSA  s'est connecté   
[<b>19/03/2021 11:05:31 am</b>] Marc-Eric ALTIDOR (admin) de INASSA est allé dans ACCUEIL 
[<b>19/03/2021 11:06:58 am</b>] Marc-Eric ALTIDOR (admin) de INASSA est allé dans ACCUEIL 
[<b>19/03/2021 11:07:21 am</b>] Marc-Eric ALTIDOR (admin) de INASSA est allé dans ACCUEIL 
[<b>19/03/2021 11:16:20 am</b>] Marc-Eric ALTIDOR (admin) de INASSA  s'est connecté   
[<b>19/03/2021 11:16:21 am</b>] Marc-Eric ALTIDOR (admin) de INASSA est allé dans ACCUEIL 
[<b>19/03/2021 01:10:15 pm</b>] Sanon WIDMAIER (admin) de INASSA  s'est connecté   
[<b>19/03/2021 01:10:16 pm</b>] Sanon WIDMAIER (admin) de INASSA est allé dans ACCUEIL 
[<b>19/03/2021 01:10:26 pm</b>] Sanon WIDMAIER (admin) de INASSA est allé dans ACCUEIL 
[<b>19/03/2021 03:02:01 pm</b>] Marc-Eric ALTIDOR (admin) de INASSA  s'est connecté   
[<b>19/03/2021 03:02:07 pm</b>] Marc-Eric ALTIDOR (admin) de INASSA  s'est connecté   
[<b>19/03/2021 03:02:18 pm</b>] Marc-Eric ALTIDOR (admin) de INASSA  s'est connecté   
[<b>19/03/2021 03:02:39 pm</b>] Marc-Eric ALTIDOR (admin) de INASSA  s'est connecté   
[<b>19/03/2021 03:02:46 pm</b>] Anick DUPUY (admin) de INASSA  s'est connecté   
[<b>19/03/2021 03:02:46 pm</b>] Anick DUPUY (admin) de INASSA est allé dans ACCUEIL 
[<b>19/03/2021 03:02:47 pm</b>] Marc-Eric ALTIDOR (admin) de INASSA  s'est connecté   
[<b>19/03/2021 03:03:03 pm</b>] Anick DUPUY (admin) de INASSA  s'est déconnecté  
[<b>19/03/2021 03:03:55 pm</b>] Marc-Eric ALTIDOR (admin) de INASSA  s'est connecté   
[<b>19/03/2021 03:04:41 pm</b>] Marc-Eric ALTIDOR (admin) de INASSA  s'est connecté   
[<b>19/03/2021 03:15:32 pm</b>] Admin WYZDEV (admin) de INASSA  s'est connecté   
[<b>19/03/2021 03:15:32 pm</b>] Admin WYZDEV (admin) de INASSA est allé dans ACCUEIL 
[<b>19/03/2021 03:15:49 pm</b>] Admin WYZDEV (admin) de INASSA  s'est connecté   
[<b>19/03/2021 03:19:55 pm</b>] Sanon WIDMAIER (admin) de INASSA  s'est connecté   
[<b>19/03/2021 03:19:55 pm</b>] Sanon WIDMAIER (admin) de INASSA est allé dans ACCUEIL 
[<b>19/03/2021 03:20:17 pm</b>] Admin WYZDEV (admin) de INASSA  s'est déconnecté   
[<b>19/03/2021 03:22:17 pm</b>] Anick DUPUY (admin) de INASSA  s'est connecté   
[<b>19/03/2021 03:22:17 pm</b>] Anick DUPUY (admin) de INASSA est allé dans ACCUEIL 
[<b>19/03/2021 03:22:20 pm</b>] Anick DUPUY (admin) de INASSA  s'est déconnecté  
[<b>19/03/2021 03:26:01 pm</b>] Admin WYZDEV (admin) de INASSA  s'est connecté   
[<b>19/03/2021 03:29:33 pm</b>] Admin WYZDEV (admin) de INASSA  s'est connecté   
[<b>19/03/2021 03:29:33 pm</b>] Admin WYZDEV (admin) de INASSA est allé dans ACCUEIL 
[<b>19/03/2021 03:30:08 pm</b>] Admin WYZDEV (admin) de INASSA est allé dans ACCUEIL 
[<b>19/03/2021 03:31:47 pm</b>] Admin WYZDEV (admin) de INASSA est allé dans ACCUEIL 
[<b>19/03/2021 03:51:52 pm</b>] Admin WYZDEV (admin) de INASSA  s'est connecté   
[<b>19/03/2021 03:56:37 pm</b>] Admin WYZDEV (admin) de INASSA  s'est déconnecté   
[<b>19/03/2021 03:56:57 pm</b>] Admin WYZDEV (admin) de INASSA  s'est connecté   
[<b>19/03/2021 08:33:15 pm</b>] Admin WYZDEV (admin) de INASSA  s'est connecté   
