[<b>27/09/2021 02:04:51 pm</b>] Admin WYZDEV (admin) de INASSA  s'est connecté   
[<b>27/09/2021 02:05:02 pm</b>] Admin WYZDEV (admin) de INASSA  s'est connecté   
[<b>27/09/2021 02:05:19 pm</b>] Admin WYZDEV (admin) de INASSA  s'est connecté   
[<b>27/09/2021 02:05:44 pm</b>] Admin WYZDEV (admin) de INASSA est allé dans ACCUEIL 
[<b>27/09/2021 02:06:37 pm</b>] WYZDEV START SEARCH (2021-09-27 14:06:37) de INASSA  TEST   Lydmy Rimpel 1974-04-26 [MM/DD/YYYY]
[<b>27/09/2021 02:06:37 pm</b>] WYZDEV QUERY 1 START (2021-09-27 14:06:37.000000) de   TEST   
[<b>27/09/2021 02:06:56 pm</b>] WYZDEV QUERY 1 END (2021-09-27 14:06:56.000000) de   TEST   
[<b>27/09/2021 02:06:56 pm</b>] WYZDEV QUERY 2 START (2021-09-27 14:06:56) de   TEST   
[<b>27/09/2021 02:06:56 pm</b>] WYZDEV QUERY 2 END (2021-09-27 14:06:56) de   TEST   
[<b>27/09/2021 02:06:59 pm</b>] WYZDEV API RESPONSE (2021-09-27 14:06:59) de INASSA  TEST   Lydmy Rimpel 1974-04-26 [MM/DD/YYYY]
[<b>27/09/2021 02:07:19 pm</b>] Admin WYZDEV (admin) de INASSA a recherché le client LYDMY RIMPEL 1974-04-26
[<b>27/09/2021 02:09:32 pm</b>] WYZDEV START SEARCH (2021-09-27 14:09:32) de INASSA  TEST   Lydmy Rimpel 1974-04-26 [MM/DD/YYYY]
[<b>27/09/2021 02:09:32 pm</b>] WYZDEV QUERY 1 START (2021-09-27 14:09:32.000000) de   TEST   
[<b>27/09/2021 02:09:33 pm</b>] WYZDEV QUERY 1 END (2021-09-27 14:09:33.000000) de   TEST   
[<b>27/09/2021 02:09:33 pm</b>] WYZDEV QUERY 2 START (2021-09-27 14:09:33) de   TEST   
[<b>27/09/2021 02:09:33 pm</b>] WYZDEV QUERY 2 END (2021-09-27 14:09:33) de   TEST   
[<b>27/09/2021 02:09:34 pm</b>] WYZDEV API RESPONSE (2021-09-27 14:09:34) de INASSA  TEST   Lydmy Rimpel 1974-04-26 [MM/DD/YYYY]
[<b>27/09/2021 02:09:54 pm</b>] Admin WYZDEV (admin) de INASSA a recherché le client LYDMY RIMPEL 1974-04-26
[<b>27/09/2021 02:11:07 pm</b>] WYZDEV START SEARCH (2021-09-27 14:11:07) de INASSA  TEST   Lydmy Rimpel 1974-04-26 [MM/DD/YYYY]
[<b>27/09/2021 02:11:07 pm</b>] WYZDEV QUERY 1 START (2021-09-27 14:11:07.000000) de   TEST   
[<b>27/09/2021 02:11:07 pm</b>] WYZDEV QUERY 1 END (2021-09-27 14:11:07.000000) de   TEST   
[<b>27/09/2021 02:11:07 pm</b>] WYZDEV QUERY 2 START (2021-09-27 14:11:07) de   TEST   
[<b>27/09/2021 02:11:07 pm</b>] WYZDEV QUERY 2 END (2021-09-27 14:11:07) de   TEST   
[<b>27/09/2021 02:11:08 pm</b>] WYZDEV API RESPONSE (2021-09-27 14:11:08) de INASSA  TEST   Lydmy Rimpel 1974-04-26 [MM/DD/YYYY]
[<b>27/09/2021 02:11:29 pm</b>] Admin WYZDEV (admin) de INASSA a recherché le client LYDMY RIMPEL 1974-04-26
[<b>27/09/2021 02:12:47 pm</b>] WYZDEV START SEARCH (2021-09-27 14:12:47) de INASSA  TEST   Lydmy Rimpel 1974-04-26 [MM/DD/YYYY]
[<b>27/09/2021 02:12:47 pm</b>] WYZDEV QUERY 1 START (2021-09-27 14:12:47.000000) de   TEST   
[<b>27/09/2021 02:12:47 pm</b>] WYZDEV QUERY 1 END (2021-09-27 14:12:47.000000) de   TEST   
[<b>27/09/2021 02:12:47 pm</b>] WYZDEV QUERY 2 START (2021-09-27 14:12:47) de   TEST   
[<b>27/09/2021 02:12:47 pm</b>] WYZDEV QUERY 2 END (2021-09-27 14:12:47) de   TEST   
[<b>27/09/2021 02:12:48 pm</b>] WYZDEV API RESPONSE (2021-09-27 14:12:48) de INASSA  TEST   Lydmy Rimpel 1974-04-26 [MM/DD/YYYY]
[<b>27/09/2021 02:13:08 pm</b>] Admin WYZDEV (admin) de INASSA a recherché le client LYDMY RIMPEL 1974-04-26
[<b>27/09/2021 02:42:58 pm</b>] Admin WYZDEV (admin) de INASSA  s'est connecté   
[<b>27/09/2021 02:44:08 pm</b>] WYZDEV QUERY 1 START (2021-09-27 14:44:08.000000) de   TEST   
[<b>27/09/2021 02:44:14 pm</b>] WYZDEV QUERY 1 END (2021-09-27 14:44:14.000000) de   TEST   
[<b>27/09/2021 02:44:14 pm</b>] WYZDEV QUERY 2 START (2021-09-27 14:44:14) de   TEST   
[<b>27/09/2021 02:44:14 pm</b>] WYZDEV QUERY 2 END (2021-09-27 14:44:14) de   TEST   
[<b>27/09/2021 02:44:35 pm</b>] Admin WYZDEV (admin) de INASSA a recherché le client LYDMY RIMPEL 1974-04-26
