[<b>07/04/2021 10:31:42 am</b>]   () de   s'est déconnecté  
[<b>07/04/2021 11:02:43 am</b>] Admin WYZDEV (admin) de INASSA  s'est connecté   
[<b>07/04/2021 11:02:44 am</b>] Admin WYZDEV (admin) de INASSA est allé dans ACCUEIL 
[<b>07/04/2021 11:12:10 am</b>] Admin WYZDEV (admin) de INASSA  s'est connecté   
[<b>07/04/2021 11:12:11 am</b>] Admin WYZDEV (admin) de INASSA est allé dans ACCUEIL 
[<b>07/04/2021 11:29:32 am</b>] Admin WYZDEV (admin) de INASSA est allé dans ACCUEIL 
[<b>07/04/2021 11:29:55 am</b>] Admin WYZDEV (admin) de INASSA est allé dans ACCUEIL 
[<b>07/04/2021 11:31:19 am</b>] Admin WYZDEV (admin) de INASSA est allé dans ACCUEIL 
[<b>07/04/2021 11:33:45 am</b>] Admin WYZDEV (admin) de INASSA est allé dans ACCUEIL 
[<b>07/04/2021 11:34:30 am</b>] Admin WYZDEV (admin) de INASSA est allé dans ACCUEIL 
[<b>07/04/2021 11:44:14 am</b>] Admin WYZDEV (admin) de INASSA  s'est connecté   
[<b>07/04/2021 11:44:14 am</b>] Admin WYZDEV (admin) de INASSA est allé dans ACCUEIL 
[<b>07/04/2021 11:44:35 am</b>] Admin WYZDEV (admin) de INASSA est allé dans ACCUEIL 
[<b>07/04/2021 11:55:42 am</b>] Admin WYZDEV (admin) de INASSA  s'est connecté   
[<b>07/04/2021 11:55:43 am</b>] Admin WYZDEV (admin) de INASSA est allé dans ACCUEIL 
[<b>07/04/2021 12:04:50 pm</b>] Admin WYZDEV (admin) de INASSA  s'est connecté   
[<b>07/04/2021 12:04:51 pm</b>] Admin WYZDEV (admin) de INASSA est allé dans ACCUEIL 
[<b>07/04/2021 12:30:34 pm</b>] Admin WYZDEV (admin) de INASSA  s'est connecté   
[<b>07/04/2021 12:30:35 pm</b>] Admin WYZDEV (admin) de INASSA est allé dans ACCUEIL 
[<b>07/04/2021 12:32:07 pm</b>] Marc-Eric ALTIDOR (admin) de INASSA  s'est connecté   
[<b>07/04/2021 12:32:07 pm</b>] Marc-Eric ALTIDOR (admin) de INASSA est allé dans ACCUEIL 
[<b>07/04/2021 12:36:41 pm</b>] Admin WYZDEV (admin) de INASSA  s'est connecté   
[<b>07/04/2021 12:36:41 pm</b>] Admin WYZDEV (admin) de INASSA est allé dans ACCUEIL 
[<b>07/04/2021 12:36:44 pm</b>] Admin WYZDEV (admin) de INASSA est allé dans ACCUEIL 
[<b>07/04/2021 12:56:38 pm</b>] Admin WYZDEV (admin) de INASSA  s'est connecté   
[<b>07/04/2021 12:56:38 pm</b>] Admin WYZDEV (admin) de INASSA est allé dans ACCUEIL 
[<b>07/04/2021 05:23:53 pm</b>] Marc-Eric ALTIDOR (admin) de INASSA  s'est connecté   
[<b>07/04/2021 05:23:54 pm</b>] Marc-Eric ALTIDOR (admin) de INASSA est allé dans ACCUEIL 
[<b>07/04/2021 05:23:59 pm</b>] Marc-Eric ALTIDOR (admin) de INASSA est allé dans ACCUEIL 
[<b>07/04/2021 05:24:02 pm</b>] Marc-Eric ALTIDOR (admin) de INASSA est allé dans ACCUEIL 
[<b>07/04/2021 05:24:26 pm</b>] Marc-Eric ALTIDOR (admin) de INASSA est allé dans ACCUEIL 
[<b>07/04/2021 05:24:32 pm</b>] Marc-Eric ALTIDOR (admin) de INASSA est allé dans ACCUEIL 
[<b>07/04/2021 05:24:37 pm</b>] Marc-Eric ALTIDOR (admin) de INASSA est allé dans ACCUEIL 
[<b>07/04/2021 05:24:40 pm</b>] Marc-Eric ALTIDOR (admin) de INASSA est allé dans ACCUEIL 
[<b>07/04/2021 05:24:51 pm</b>] Marc-Eric ALTIDOR (admin) de INASSA est allé dans ACCUEIL 
[<b>07/04/2021 05:25:48 pm</b>] Marc-Eric ALTIDOR (admin) de INASSA est allé dans ACCUEIL 
[<b>07/04/2021 05:26:08 pm</b>] Marc-Eric ALTIDOR (admin) de INASSA est allé dans ACCUEIL 
[<b>07/04/2021 05:36:13 pm</b>] Marc-Eric ALTIDOR (admin) de INASSA  s'est connecté   
[<b>07/04/2021 05:36:14 pm</b>] Marc-Eric ALTIDOR (admin) de INASSA est allé dans ACCUEIL 
[<b>07/04/2021 05:36:34 pm</b>] Marc-Eric ALTIDOR (admin) de INASSA est allé dans ACCUEIL 
[<b>07/04/2021 05:36:38 pm</b>] Marc-Eric ALTIDOR (admin) de INASSA est allé dans ACCUEIL 
[<b>07/04/2021 05:39:45 pm</b>] Marc-Eric ALTIDOR (admin) de INASSA est allé dans ACCUEIL 
[<b>07/04/2021 05:59:33 pm</b>] Sanon WIDMAIER (admin) de INASSA  s'est connecté   
[<b>07/04/2021 05:59:34 pm</b>] Sanon WIDMAIER (admin) de INASSA est allé dans ACCUEIL 
[<b>07/04/2021 06:02:14 pm</b>] Sanon WIDMAIER (admin) de INASSA est allé dans ACCUEIL 
[<b>07/04/2021 06:05:43 pm</b>] Sanon WIDMAIER (admin) de INASSA est allé dans ACCUEIL 
[<b>07/04/2021 06:11:02 pm</b>] Sanon WIDMAIER (admin) de INASSA est allé dans ACCUEIL 
[<b>07/04/2021 06:11:11 pm</b>] Sanon WIDMAIER (admin) de INASSA est allé dans ACCUEIL 
[<b>07/04/2021 06:13:18 pm</b>] Sanon WIDMAIER (admin) de INASSA est allé dans ACCUEIL 
[<b>07/04/2021 06:17:05 pm</b>] Sanon WIDMAIER (admin) de INASSA est allé dans ACCUEIL 
[<b>07/04/2021 06:17:20 pm</b>] Sanon WIDMAIER (admin) de INASSA est allé dans ACCUEIL 
[<b>07/04/2021 06:17:30 pm</b>] Sanon WIDMAIER (admin) de INASSA est allé dans ACCUEIL 
[<b>07/04/2021 06:18:41 pm</b>] Sanon WIDMAIER (admin) de INASSA  est allé dans PARAMETRES  
[<b>07/04/2021 06:19:38 pm</b>] Sanon WIDMAIER (admin) de INASSA est allé dans ACCUEIL 
[<b>07/04/2021 06:20:33 pm</b>] Sanon WIDMAIER (admin) de INASSA est allé dans ACCUEIL 
[<b>07/04/2021 06:20:51 pm</b>] Sanon WIDMAIER (admin) de INASSA est allé dans ACCUEIL 
[<b>07/04/2021 06:22:24 pm</b>] Sanon WIDMAIER (admin) de INASSA est allé dans ACCUEIL 
[<b>07/04/2021 06:23:29 pm</b>] Sanon WIDMAIER (admin) de INASSA est allé dans ACCUEIL 
[<b>07/04/2021 06:25:10 pm</b>] Sanon WIDMAIER (admin) de INASSA est allé dans ACCUEIL 
[<b>07/04/2021 06:26:34 pm</b>] Sanon WIDMAIER (admin) de INASSA est allé dans ACCUEIL 
[<b>07/04/2021 06:26:53 pm</b>] Sanon WIDMAIER (admin) de INASSA est allé dans ACCUEIL 
[<b>07/04/2021 06:27:31 pm</b>] Sanon WIDMAIER (admin) de INASSA est allé dans ACCUEIL 
[<b>07/04/2021 06:28:20 pm</b>] Sanon WIDMAIER (admin) de INASSA est allé dans ACCUEIL 
[<b>07/04/2021 06:30:14 pm</b>] Sanon WIDMAIER (admin) de INASSA est allé dans ACCUEIL 
[<b>07/04/2021 06:30:21 pm</b>] Sanon WIDMAIER (admin) de INASSA  est allé dans HISTORIQUE 
[<b>07/04/2021 06:34:58 pm</b>] Sanon WIDMAIER (admin) de INASSA est allé dans ACCUEIL 
[<b>07/04/2021 06:36:08 pm</b>] Sanon WIDMAIER (admin) de INASSA est allé dans ACCUEIL 
[<b>07/04/2021 06:36:26 pm</b>] Sanon WIDMAIER (admin) de INASSA est allé dans ACCUEIL 
[<b>07/04/2021 06:45:10 pm</b>] Sanon WIDMAIER (admin) de INASSA  s'est connecté   
[<b>07/04/2021 06:45:10 pm</b>] Sanon WIDMAIER (admin) de INASSA est allé dans ACCUEIL 
[<b>07/04/2021 06:47:21 pm</b>] Sanon WIDMAIER (admin) de INASSA est allé dans ACCUEIL 
[<b>07/04/2021 06:52:59 pm</b>] Sanon WIDMAIER (admin) de INASSA est allé dans ACCUEIL 
[<b>07/04/2021 07:14:38 pm</b>] Marc-Eric ALTIDOR (admin) de INASSA  s'est connecté   
[<b>07/04/2021 07:14:39 pm</b>] Marc-Eric ALTIDOR (admin) de INASSA est allé dans ACCUEIL 
[<b>07/04/2021 07:18:19 pm</b>] Marc-Eric ALTIDOR (admin) de INASSA  s'est connecté   
[<b>07/04/2021 07:18:19 pm</b>] Marc-Eric ALTIDOR (admin) de INASSA est allé dans ACCUEIL 
[<b>07/04/2021 08:31:28 pm</b>] Marc-Eric ALTIDOR (admin) de INASSA  s'est connecté   
[<b>07/04/2021 08:31:29 pm</b>] Marc-Eric ALTIDOR (admin) de INASSA est allé dans ACCUEIL 
