[<b>25/08/2021 08:20:07 am</b>] Félix ORLENS CARL (admin) de INASSA  s'est connecté   
[<b>25/08/2021 08:20:08 am</b>] Félix ORLENS CARL (admin) de INASSA est allé dans ACCUEIL 
[<b>25/08/2021 08:20:14 am</b>] Félix ORLENS CARL (admin) de INASSA  est allé dans PARAMETRES  
[<b>25/08/2021 08:35:40 am</b>] Félix ORLENS CARL (admin) de INASSA  s'est connecté   
[<b>25/08/2021 08:35:41 am</b>] Félix ORLENS CARL (admin) de INASSA est allé dans ACCUEIL 
[<b>25/08/2021 08:35:52 am</b>] Félix ORLENS CARL (admin) de INASSA  est allé dans PARAMETRES  
[<b>25/08/2021 08:36:13 am</b>] Félix ORLENS CARL (admin) de INASSA a enregistré l'utilisateur  Lovensky DESROCHES / dlovensky / desirjul55@gmail.com / Médecin / Actif
[<b>25/08/2021 08:36:14 am</b>] Félix ORLENS CARL (admin) de INASSA  est allé dans PARAMETRES  
[<b>25/08/2021 09:29:13 am</b>] Félix ORLENS CARL (admin) de INASSA  s'est connecté   
[<b>25/08/2021 09:29:14 am</b>] Félix ORLENS CARL (admin) de INASSA est allé dans ACCUEIL 
[<b>25/08/2021 09:30:25 am</b>] Félix ORLENS CARL (admin) de INASSA est allé dans ACCUEIL 
[<b>25/08/2021 09:31:54 am</b>] Félix ORLENS CARL (admin) de INASSA a recherché le client WIDMAIER SANON 1978-07-01
[<b>25/08/2021 09:31:54 am</b>] Félix ORLENS CARL (admin) de INASSA a recherché le client WIDMAIER SANON 1978-07-01
[<b>25/08/2021 10:25:00 am</b>] Félix ORLENS CARL (admin) de INASSA  s'est connecté   
[<b>25/08/2021 10:25:01 am</b>] Félix ORLENS CARL (admin) de INASSA est allé dans ACCUEIL 
[<b>25/08/2021 10:26:49 am</b>] Félix ORLENS CARL (admin) de INASSA  a recherché   Devil Anne Dieulie 1957-09-29 [MM/DD/YYYY]
[<b>25/08/2021 10:27:30 am</b>] Félix ORLENS CARL (admin) de INASSA  a recherché   Devil Anne Dieulie 1957-09-29 [MM/DD/YYYY]
[<b>25/08/2021 10:28:45 am</b>] Félix ORLENS CARL (admin) de INASSA a recherché le client WIDMAIER SANON 1978-07-01
[<b>25/08/2021 10:28:45 am</b>] Félix ORLENS CARL (admin) de INASSA a recherché le client WIDMAIER SANON 1978-07-01
[<b>25/08/2021 10:34:50 am</b>] Félix ORLENS CARL (admin) de INASSA  s'est connecté   
[<b>25/08/2021 10:34:51 am</b>] Félix ORLENS CARL (admin) de INASSA est allé dans ACCUEIL 
[<b>25/08/2021 10:34:56 am</b>] Félix ORLENS CARL (admin) de INASSA  est allé dans PARAMETRES  
[<b>25/08/2021 10:35:13 am</b>] Lovensky DESROCHES (medecin) de HOP BERNARD MEVS  s'est connecté   
[<b>25/08/2021 10:35:13 am</b>] Lovensky DESROCHES (medecin) de HOP BERNARD MEVS est allé dans ACCUEIL 
[<b>25/08/2021 10:35:17 am</b>] Félix ORLENS CARL (admin) de INASSA  a réinitialisé le compte de l'utilisateur  Fabiola LOUIS
[<b>25/08/2021 10:35:34 am</b>] Lovensky DESROCHES (medecin) de HOP BERNARD MEVS  a changé son mot de passe  
[<b>25/08/2021 10:35:35 am</b>] Lovensky DESROCHES (medecin) de HOP BERNARD MEVS est allé dans ACCUEIL 
[<b>25/08/2021 10:38:00 am</b>] Lovensky DESROCHES (medecin) de HOP BERNARD MEVS a recherché le client ELDA DEUS 1965-09-10
[<b>25/08/2021 10:40:22 am</b>]   () de   s'est déconnecté  
[<b>25/08/2021 10:40:22 am</b>] Lovensky DESROCHES (medecin) de HOP BERNARD MEVS  est allé dans HISTORIQUE 
[<b>25/08/2021 10:40:34 am</b>] Lovensky DESROCHES (medecin) de HOP BERNARD MEVS est allé dans ACCUEIL 
[<b>25/08/2021 10:41:27 am</b>] Félix ORLENS CARL (admin) de INASSA  s'est connecté   
[<b>25/08/2021 10:41:27 am</b>] Félix ORLENS CARL (admin) de INASSA est allé dans ACCUEIL 
[<b>25/08/2021 10:41:36 am</b>] Félix ORLENS CARL (admin) de INASSA  est allé dans PARAMETRES  
[<b>25/08/2021 10:41:44 am</b>] Lovensky DESROCHES (medecin) de HOP BERNARD MEVS a recherché le client ELDA DEUS 1965-09-10
[<b>25/08/2021 10:41:55 am</b>] Félix ORLENS CARL (admin) de INASSA  a réinitialisé le compte de l'utilisateur  Puzo CARLA
[<b>25/08/2021 10:42:32 am</b>] Lovensky DESROCHES (medecin) de HOP BERNARD MEVS  s'est déconnecté  
[<b>25/08/2021 10:44:30 am</b>] Puzo CARLA (medecin) de HOP BERNARD MEVS  s'est connecté   
[<b>25/08/2021 10:44:30 am</b>] Puzo CARLA (medecin) de HOP BERNARD MEVS est allé dans ACCUEIL 
[<b>25/08/2021 10:45:05 am</b>] Puzo CARLA (medecin) de HOP BERNARD MEVS  a changé son mot de passe  
[<b>25/08/2021 10:45:06 am</b>] Puzo CARLA (medecin) de HOP BERNARD MEVS est allé dans ACCUEIL 
[<b>25/08/2021 10:52:48 am</b>] Fabiola LOUIS (medecin) de HOP BERNARD MEVS  s'est connecté   
[<b>25/08/2021 10:52:48 am</b>] Fabiola LOUIS (medecin) de HOP BERNARD MEVS est allé dans ACCUEIL 
[<b>25/08/2021 10:53:13 am</b>] Fabiola LOUIS (medecin) de HOP BERNARD MEVS est allé dans ACCUEIL 
[<b>25/08/2021 10:53:31 am</b>] Fabiola LOUIS (medecin) de HOP BERNARD MEVS est allé dans ACCUEIL 
[<b>25/08/2021 10:54:04 am</b>] Fabiola LOUIS (medecin) de HOP BERNARD MEVS est allé dans ACCUEIL 
[<b>25/08/2021 10:55:09 am</b>] Fabiola LOUIS (medecin) de HOP BERNARD MEVS  a changé son mot de passe  
[<b>25/08/2021 10:55:10 am</b>] Fabiola LOUIS (medecin) de HOP BERNARD MEVS est allé dans ACCUEIL 
[<b>25/08/2021 10:56:42 am</b>] Fabiola LOUIS (medecin) de HOP BERNARD MEVS a recherché le client EDNER MICHEL 1969-11-08
[<b>25/08/2021 10:56:42 am</b>] Fabiola LOUIS (medecin) de HOP BERNARD MEVS a recherché le client EDNER MICHEL 1969-11-08
[<b>25/08/2021 10:57:36 am</b>] Félix ORLENS CARL (admin) de INASSA  s'est connecté   
[<b>25/08/2021 10:57:37 am</b>] Félix ORLENS CARL (admin) de INASSA est allé dans ACCUEIL 
[<b>25/08/2021 10:59:09 am</b>] Félix ORLENS CARL (admin) de INASSA a recherché le client EDNER MICHEL 1969-11-08
[<b>25/08/2021 10:59:09 am</b>] Félix ORLENS CARL (admin) de INASSA a recherché le client EDNER MICHEL 1969-11-08
[<b>25/08/2021 11:03:28 am</b>] Lovensky DESROCHES (medecin) de HOP BERNARD MEVS  s'est connecté   
[<b>25/08/2021 11:03:28 am</b>] Lovensky DESROCHES (medecin) de HOP BERNARD MEVS est allé dans ACCUEIL 
[<b>25/08/2021 11:03:45 am</b>] Lovensky DESROCHES (medecin) de HOP BERNARD MEVS est allé dans ACCUEIL 
[<b>25/08/2021 11:03:51 am</b>] Lovensky DESROCHES (medecin) de HOP BERNARD MEVS  s'est déconnecté  
[<b>25/08/2021 11:06:18 am</b>] Fabiola LOUIS (medecin) de HOP BERNARD MEVS  s'est connecté   
[<b>25/08/2021 11:06:18 am</b>] Fabiola LOUIS (medecin) de HOP BERNARD MEVS est allé dans ACCUEIL 
[<b>25/08/2021 11:07:28 am</b>] Fabiola LOUIS (medecin) de HOP BERNARD MEVS a recherché le client EDNER MICHEL 1969-11-08
[<b>25/08/2021 11:07:28 am</b>] Fabiola LOUIS (medecin) de HOP BERNARD MEVS a recherché le client EDNER MICHEL 1969-11-08
[<b>25/08/2021 11:08:11 am</b>] Fabiola LOUIS (medecin) de HOP BERNARD MEVS a recherché le client EDNER MICHEL 1969-11-08
[<b>25/08/2021 11:08:11 am</b>] Fabiola LOUIS (medecin) de HOP BERNARD MEVS a recherché le client EDNER MICHEL 1969-11-08
[<b>25/08/2021 11:08:52 am</b>] Fabiola LOUIS (medecin) de HOP BERNARD MEVS a recherché le client EDNER MICHEL 1969-11-08
[<b>25/08/2021 11:08:52 am</b>] Fabiola LOUIS (medecin) de HOP BERNARD MEVS a recherché le client EDNER MICHEL 1969-11-08
[<b>25/08/2021 11:09:34 am</b>] Fabiola LOUIS (medecin) de HOP BERNARD MEVS a recherché le client EDNER MICHEL 1969-11-08
[<b>25/08/2021 11:09:34 am</b>] Fabiola LOUIS (medecin) de HOP BERNARD MEVS a recherché le client EDNER MICHEL 1969-11-08
[<b>25/08/2021 11:10:16 am</b>] Fabiola LOUIS (medecin) de HOP BERNARD MEVS a recherché le client EDNER MICHEL 1969-11-08
[<b>25/08/2021 11:10:16 am</b>] Fabiola LOUIS (medecin) de HOP BERNARD MEVS a recherché le client EDNER MICHEL 1969-11-08
[<b>25/08/2021 11:10:58 am</b>] Fabiola LOUIS (medecin) de HOP BERNARD MEVS a recherché le client EDNER MICHEL 1969-11-08
[<b>25/08/2021 11:10:58 am</b>] Fabiola LOUIS (medecin) de HOP BERNARD MEVS a recherché le client EDNER MICHEL 1969-11-08
[<b>25/08/2021 11:10:58 am</b>] Fabiola LOUIS (medecin) de HOP BERNARD MEVS est allé dans ACCUEIL 
[<b>25/08/2021 11:11:40 am</b>] Fabiola LOUIS (medecin) de HOP BERNARD MEVS a recherché le client EDNER MICHEL 1969-11-08
[<b>25/08/2021 11:11:40 am</b>] Fabiola LOUIS (medecin) de HOP BERNARD MEVS a recherché le client EDNER MICHEL 1969-11-08
[<b>25/08/2021 02:59:03 pm</b>] Félix ORLENS CARL (admin) de INASSA  s'est connecté   
[<b>25/08/2021 02:59:04 pm</b>] Félix ORLENS CARL (admin) de INASSA est allé dans ACCUEIL 
