[<b>24/09/2021 05:03:04 am</b>] Félix ORLENS CARL (admin) de INASSA  s'est connecté   
[<b>24/09/2021 05:03:07 am</b>] Félix ORLENS CARL (admin) de INASSA est allé dans ACCUEIL 
[<b>24/09/2021 05:03:17 am</b>] Félix ORLENS CARL (admin) de INASSA  est allé dans PARAMETRES  
[<b>24/09/2021 05:03:50 am</b>] Félix ORLENS CARL (admin) de INASSA  a réinitialisé le compte de l'utilisateur  Valery CERELUS
[<b>24/09/2021 06:54:22 am</b>] Félix ORLENS CARL (admin) de INASSA  s'est connecté   
[<b>24/09/2021 06:54:22 am</b>] Félix ORLENS CARL (admin) de INASSA est allé dans ACCUEIL 
[<b>24/09/2021 06:54:23 am</b>] Félix ORLENS CARL (admin) de INASSA  s'est connecté   
[<b>24/09/2021 06:54:23 am</b>] Félix ORLENS CARL (admin) de INASSA est allé dans ACCUEIL 
[<b>24/09/2021 06:54:30 am</b>] Félix ORLENS CARL (admin) de INASSA est allé dans ACCUEIL 
[<b>24/09/2021 06:54:59 am</b>] Félix ORLENS CARL (admin) de INASSA  est allé dans PARAMETRES  
[<b>24/09/2021 09:24:59 am</b>] Reginald ARNOUX (medecin) de Clinique du Dr Arnoux  s'est connecté   
[<b>24/09/2021 09:25:00 am</b>] Reginald ARNOUX (medecin) de Clinique du Dr Arnoux est allé dans ACCUEIL 
[<b>24/09/2021 09:26:49 am</b>] Reginald ARNOUX (medecin) de Clinique du Dr Arnoux a recherché le client JOAB SANON 1988-11-10
[<b>24/09/2021 09:40:58 am</b>] Beatrice CHERY (medecin) de HOP SAINT FRANCOIS DE SALES  s'est connecté   
[<b>24/09/2021 09:40:59 am</b>] Beatrice CHERY (medecin) de HOP SAINT FRANCOIS DE SALES est allé dans ACCUEIL 
[<b>24/09/2021 09:41:59 am</b>] Beatrice CHERY (medecin) de HOP SAINT FRANCOIS DE SALES  a changé son mot de passe  
[<b>24/09/2021 09:41:59 am</b>] Beatrice CHERY (medecin) de HOP SAINT FRANCOIS DE SALES est allé dans ACCUEIL 
[<b>24/09/2021 09:43:00 am</b>] Beatrice CHERY (medecin) de HOP SAINT FRANCOIS DE SALES a recherché le client BEATRICE CHERY 1996-02-12
[<b>24/09/2021 09:43:22 am</b>] Beatrice CHERY (medecin) de HOP SAINT FRANCOIS DE SALES a recherché le client BEATRICE CHERY 1996-02-12
[<b>24/09/2021 09:43:43 am</b>] Beatrice CHERY (medecin) de HOP SAINT FRANCOIS DE SALES a recherché le client BEATRICE CHERY 1996-02-12
[<b>24/09/2021 09:43:44 am</b>] Beatrice CHERY (medecin) de HOP SAINT FRANCOIS DE SALES est allé dans ACCUEIL 
[<b>24/09/2021 09:43:44 am</b>] Beatrice CHERY (medecin) de HOP SAINT FRANCOIS DE SALES est allé dans ACCUEIL 
[<b>24/09/2021 09:56:31 am</b>] Félix ORLENS CARL (admin) de INASSA  s'est connecté   
[<b>24/09/2021 09:56:31 am</b>] Félix ORLENS CARL (admin) de INASSA est allé dans ACCUEIL 
[<b>24/09/2021 09:57:07 am</b>] Félix ORLENS CARL (admin) de INASSA  est allé dans PARAMETRES  
[<b>24/09/2021 09:58:28 am</b>] Félix ORLENS CARL (admin) de INASSA  a réinitialisé le compte de l'utilisateur  Vanessa Lafayette MICHEL
[<b>24/09/2021 10:00:09 am</b>] Félix ORLENS CARL (admin) de INASSA  a changé le status de l'utilisateur  Marie Sophia MERISIER
[<b>24/09/2021 10:01:39 am</b>] Félix ORLENS CARL (admin) de INASSA a enregistré l'utilisateur  Marie Sophia MERISIER / smerisier  / sophiamrisier@yahoo.fr / Médecin / Actif
[<b>24/09/2021 10:01:39 am</b>] Félix ORLENS CARL (admin) de INASSA  est allé dans PARAMETRES  
[<b>24/09/2021 10:03:23 am</b>] Admin WYZDEV (admin) de INASSA  s'est connecté   
[<b>24/09/2021 10:03:23 am</b>] Admin WYZDEV (admin) de INASSA est allé dans ACCUEIL 
[<b>24/09/2021 10:12:54 am</b>] Admin WYZDEV (admin) de INASSA  s'est connecté   
[<b>24/09/2021 10:12:55 am</b>] Admin WYZDEV (admin) de INASSA est allé dans ACCUEIL 
[<b>24/09/2021 10:22:37 am</b>] Vanessa Lafayette MICHEL (medecin) de HOP SAINT FRANCOIS DE SALES  s'est connecté   
[<b>24/09/2021 10:22:38 am</b>] Vanessa Lafayette MICHEL (medecin) de HOP SAINT FRANCOIS DE SALES est allé dans ACCUEIL 
[<b>24/09/2021 10:23:27 am</b>] Vanessa Lafayette MICHEL (medecin) de HOP SAINT FRANCOIS DE SALES  a changé son mot de passe  
[<b>24/09/2021 10:23:27 am</b>] Vanessa Lafayette MICHEL (medecin) de HOP SAINT FRANCOIS DE SALES est allé dans ACCUEIL 
[<b>24/09/2021 10:23:54 am</b>] Vanessa Lafayette MICHEL (medecin) de HOP SAINT FRANCOIS DE SALES  a recherché   vanessa Michel  [MM/DD/YYYY]
[<b>24/09/2021 10:24:18 am</b>] Vanessa Lafayette MICHEL (medecin) de HOP SAINT FRANCOIS DE SALES est allé dans ACCUEIL 
[<b>24/09/2021 10:24:19 am</b>] Vanessa Lafayette MICHEL (medecin) de HOP SAINT FRANCOIS DE SALES  est allé dans HISTORIQUE 
[<b>24/09/2021 10:25:07 am</b>] Vanessa Lafayette MICHEL (medecin) de HOP SAINT FRANCOIS DE SALES a vérifié l'historique du client BEATRICE CHERY 
[<b>24/09/2021 10:26:09 am</b>] Vanessa Lafayette MICHEL (medecin) de HOP SAINT FRANCOIS DE SALES est allé dans ACCUEIL 
[<b>24/09/2021 10:28:16 am</b>] Vanessa Lafayette MICHEL (medecin) de HOP SAINT FRANCOIS DE SALES a recherché le client JUDLIE RENE 1995-04-19
[<b>24/09/2021 10:29:10 am</b>] Vanessa Lafayette MICHEL (medecin) de HOP SAINT FRANCOIS DE SALES est allé dans ACCUEIL 
[<b>24/09/2021 10:29:50 am</b>] Vanessa Lafayette MICHEL (medecin) de HOP SAINT FRANCOIS DE SALES  a recherché   vanessa Michel  [MM/DD/YYYY]
[<b>24/09/2021 10:30:12 am</b>] Vanessa Lafayette MICHEL (medecin) de HOP SAINT FRANCOIS DE SALES  a recherché   vanessa lafayette Michel  [MM/DD/YYYY]
[<b>24/09/2021 10:30:58 am</b>] Vanessa Lafayette MICHEL (medecin) de HOP SAINT FRANCOIS DE SALES a recherché le client VANESSA LAFAYETTE MICHEL 1994-08-01
[<b>24/09/2021 10:31:19 am</b>] Vanessa Lafayette MICHEL (medecin) de HOP SAINT FRANCOIS DE SALES a recherché le client VANESSA LAFAYETTE MICHEL 1994-08-01
[<b>24/09/2021 10:31:20 am</b>] Vanessa Lafayette MICHEL (medecin) de HOP SAINT FRANCOIS DE SALES  a recherché     1994-08-01 [MM/DD/YYYY]
[<b>24/09/2021 10:31:20 am</b>] Vanessa Lafayette MICHEL (medecin) de HOP SAINT FRANCOIS DE SALES est allé dans ACCUEIL 
[<b>24/09/2021 10:38:54 am</b>] Vanessa Lafayette MICHEL (medecin) de HOP SAINT FRANCOIS DE SALES  s'est connecté   
[<b>24/09/2021 10:38:54 am</b>] Vanessa Lafayette MICHEL (medecin) de HOP SAINT FRANCOIS DE SALES est allé dans ACCUEIL 
[<b>24/09/2021 10:40:03 am</b>] Vanessa Lafayette MICHEL (medecin) de HOP SAINT FRANCOIS DE SALES a recherché le client MAKATY PIERRE 1990-04-28
[<b>24/09/2021 10:40:57 am</b>] Vanessa Lafayette MICHEL (medecin) de HOP SAINT FRANCOIS DE SALES  est allé dans HISTORIQUE 
[<b>24/09/2021 10:53:53 am</b>] Rood-Jerry GEFFRARD (medecin) de Hopital Adventiste Diquini  s'est connecté   
[<b>24/09/2021 10:53:54 am</b>] Rood-Jerry GEFFRARD (medecin) de Hopital Adventiste Diquini est allé dans ACCUEIL 
[<b>24/09/2021 10:54:34 am</b>] Marie Sophia MERISIER (medecin) de HOP SAINT FRANCOIS DE SALES  s'est connecté   
[<b>24/09/2021 10:54:35 am</b>] Marie Sophia MERISIER (medecin) de HOP SAINT FRANCOIS DE SALES est allé dans ACCUEIL 
[<b>24/09/2021 10:54:58 am</b>] Rood-Jerry GEFFRARD (medecin) de Hopital Adventiste Diquini a recherché le client EDEN BENSLEY BENJAMIN 2021-04-29
[<b>24/09/2021 10:55:19 am</b>] Marie Sophia MERISIER (medecin) de HOP SAINT FRANCOIS DE SALES  a changé son mot de passe  
[<b>24/09/2021 10:55:19 am</b>] Marie Sophia MERISIER (medecin) de HOP SAINT FRANCOIS DE SALES est allé dans ACCUEIL 
[<b>24/09/2021 10:57:19 am</b>] Marie Sophia MERISIER (medecin) de HOP SAINT FRANCOIS DE SALES a recherché le client ANONCE ELISCAR 1989-09-06
[<b>24/09/2021 11:05:12 am</b>] Reginald ARNOUX (medecin) de Clinique du Dr Arnoux  s'est connecté   
[<b>24/09/2021 11:05:12 am</b>] Reginald ARNOUX (medecin) de Clinique du Dr Arnoux est allé dans ACCUEIL 
[<b>24/09/2021 11:05:59 am</b>] Reginald ARNOUX (medecin) de Clinique du Dr Arnoux a recherché le client JOAB SANON 1988-11-10
[<b>24/09/2021 11:06:17 am</b>] Reginald ARNOUX (medecin) de Clinique du Dr Arnoux est allé dans ACCUEIL 
[<b>24/09/2021 11:10:13 am</b>] Reginald ARNOUX (medecin) de Clinique du Dr Arnoux  a recherché   Joab Sanon 1988-10-10 [MM/DD/YYYY]
[<b>24/09/2021 11:11:34 am</b>] Reginald ARNOUX (medecin) de Clinique du Dr Arnoux a recherché le client JOAB SANON 1988-11-10
[<b>24/09/2021 11:28:48 am</b>] Martine BELIZAIRE (medecin) de HOP SAINT FRANCOIS DE SALES  s'est connecté   
[<b>24/09/2021 11:28:49 am</b>] Martine BELIZAIRE (medecin) de HOP SAINT FRANCOIS DE SALES est allé dans ACCUEIL 
[<b>24/09/2021 11:45:21 am</b>] Martine BELIZAIRE (medecin) de HOP SAINT FRANCOIS DE SALES  s'est connecté   
[<b>24/09/2021 11:45:22 am</b>] Martine BELIZAIRE (medecin) de HOP SAINT FRANCOIS DE SALES est allé dans ACCUEIL 
[<b>24/09/2021 11:46:20 am</b>] Martine BELIZAIRE (medecin) de HOP SAINT FRANCOIS DE SALES  a changé son mot de passe  
[<b>24/09/2021 11:46:20 am</b>] Martine BELIZAIRE (medecin) de HOP SAINT FRANCOIS DE SALES est allé dans ACCUEIL 
[<b>24/09/2021 11:47:23 am</b>] Martine BELIZAIRE (medecin) de HOP SAINT FRANCOIS DE SALES est allé dans ACCUEIL 
[<b>24/09/2021 12:09:51 pm</b>] Marie Laure Nestan LARAQUE (medecin) de HOP SAINT FRANCOIS DE SALES  s'est connecté   
[<b>24/09/2021 12:09:52 pm</b>] Marie Laure Nestan LARAQUE (medecin) de HOP SAINT FRANCOIS DE SALES est allé dans ACCUEIL 
[<b>24/09/2021 12:10:45 pm</b>] Marie Laure Nestan LARAQUE (medecin) de HOP SAINT FRANCOIS DE SALES est allé dans ACCUEIL 
[<b>24/09/2021 12:11:33 pm</b>] Marie Laure Nestan LARAQUE (medecin) de HOP SAINT FRANCOIS DE SALES  a changé son mot de passe  
[<b>24/09/2021 12:11:34 pm</b>] Marie Laure Nestan LARAQUE (medecin) de HOP SAINT FRANCOIS DE SALES est allé dans ACCUEIL 
[<b>24/09/2021 12:15:15 pm</b>] Marie Laure Nestan LARAQUE (medecin) de HOP SAINT FRANCOIS DE SALES est allé dans ACCUEIL 
[<b>24/09/2021 12:45:37 pm</b>] Marie Laure Nestan LARAQUE (medecin) de HOP SAINT FRANCOIS DE SALES  s'est connecté   
[<b>24/09/2021 12:45:37 pm</b>] Marie Laure Nestan LARAQUE (medecin) de HOP SAINT FRANCOIS DE SALES est allé dans ACCUEIL 
[<b>24/09/2021 12:47:54 pm</b>] Marie Laure Nestan LARAQUE (medecin) de HOP SAINT FRANCOIS DE SALES a recherché le client THOMAS AUGUSTIN 1973-11-09
[<b>24/09/2021 12:47:54 pm</b>] Marie Laure Nestan LARAQUE (medecin) de HOP SAINT FRANCOIS DE SALES a recherché le client THOMAS AUGUSTIN 1973-11-09
[<b>24/09/2021 12:47:54 pm</b>] Marie Laure Nestan LARAQUE (medecin) de HOP SAINT FRANCOIS DE SALES a recherché le client THOMAS AUGUSTIN 1973-11-09
[<b>24/09/2021 01:09:04 pm</b>] Admin WYZDEV (admin) de INASSA  s'est connecté   
[<b>24/09/2021 01:09:04 pm</b>] Admin WYZDEV (admin) de INASSA est allé dans ACCUEIL 
[<b>24/09/2021 01:09:12 pm</b>] Admin WYZDEV (admin) de INASSA  s'est déconnecté  
[<b>24/09/2021 01:46:31 pm</b>] Admin WYZDEV (admin) de INASSA  s'est connecté   
[<b>24/09/2021 01:46:32 pm</b>] Admin WYZDEV (admin) de INASSA est allé dans ACCUEIL 
[<b>24/09/2021 01:47:56 pm</b>] Admin WYZDEV (admin) de INASSA a recherché le client LYDMY RIMPEL 1974-04-26
[<b>24/09/2021 02:06:06 pm</b>] Admin WYZDEV (admin) de INASSA  s'est connecté   
[<b>24/09/2021 02:06:07 pm</b>] Admin WYZDEV (admin) de INASSA est allé dans ACCUEIL 
[<b>24/09/2021 02:17:00 pm</b>] Admin WYZDEV (admin) de INASSA  s'est connecté   
[<b>24/09/2021 02:17:00 pm</b>] Admin WYZDEV (admin) de INASSA est allé dans ACCUEIL 
[<b>24/09/2021 02:17:44 pm</b>] Admin WYZDEV (admin) de INASSA  a recherché   Rimpel Lydmy 1974-04-26 [MM/DD/YYYY]
[<b>24/09/2021 02:18:24 pm</b>] Admin WYZDEV (admin) de INASSA a recherché le client LYDMY RIMPEL 1974-04-26
[<b>24/09/2021 02:26:44 pm</b>] Admin WYZDEV (admin) de INASSA  s'est connecté   
[<b>24/09/2021 02:26:44 pm</b>] Admin WYZDEV (admin) de INASSA est allé dans ACCUEIL 
[<b>24/09/2021 02:27:28 pm</b>] Admin WYZDEV (admin) de INASSA a recherché le client LYDMY RIMPEL 1974-04-26
